[I 2026-05-31 01:39:15,649] Trial 20 finished with value: 2.0559976814217094 and parameters: {'bb_period': 25, 'bb_std': 2.5, 'width_period': 10, 'squeeze_pct': 15.0, 'momentum_period': 15, 'hold_bars': 36, 'sl_atr_mult': 2.5, 'atr_period': 18}. Best is trial 11 with value: 3.194730149930727.
[I 2026-05-31 01:39:15,713] Trial 19 finished with value: 3.0216443621717213 and parameters: {'bb_period': 25, 'bb_std': 2.5, 'width_period': 10, 'squeeze_pct': 20.0, 'momentum_period': 10, 'hold_bars': 36, 'sl_atr_mult': 2.5, 'atr_period': 18}. Best is trial 11 with value: 3.194730149930727.
[I 2026-05-31 01:39:16,120] Trial 24 finished with value: 3.0999487761709608 and parameters: {'bb_period': 10, 'bb_std': 1.5, 'width_period': 20, 'squeeze_pct': 25.0, 'momentum_period': 10, 'hold_bars': 36, 'sl_atr_mult': 2.0, 'atr_period': 10}. Best is trial 11 with value: 3.194730149930727.
C:\Users\הלל\Desktop\algo projects\trading-research-factory\walk forward engine\.venv\lib\site-packages\optuna\samplers\_tpe\sampler.py:319: ExperimentalWarning: ``multivariate`` option is an experimental feature. The interface can change in the future.
  warnings.warn(
[I 2026-05-31 01:39:16,873] A new study created in memory with name: no-name-4723f31e-eea8-4477-8ebd-de3585391d54
C:\Users\הלל\Desktop\algo projects\trading-research-factory\walk forward engine\.venv\lib\site-packages\optuna\distributions.py:700: UserWarning: The distribution is specified by [10, 20] and step=4, but the range is not divisible by `step`. It will be replaced by [10, 18].
  warnings.warn(
C:\Users\הלל\Desktop\algo projects\trading-research-factory\walk forward engine\.venv\lib\site-packages\optuna\distributions.py:700: UserWarning: The distribution is specified by [10, 20] and step=4, but the range is not divisible by `step`. It will be replaced by [10, 18].
  warnings.warn(
C:\Users\הלל\Desktop\algo projects\trading-research-factory\walk forward engine\.venv\lib\site-packages\optuna\distributions.py:700: UserWarning: The distribution is specified by [10, 20] and step=4, but the range is not divisible by `step`. It will be replaced by [10, 18].
  warnings.warn(
C:\Users\הלל\Desktop\algo projects\trading-research-factory\walk forward engine\.venv\lib\site-packages\optuna\distributions.py:700: UserWarning: The distribution is specified by [10, 20] and step=4, but the range is not divisible by `step`. It will be replaced by [10, 18].
  warnings.warn(
C:\Users\הלל\Desktop\algo projects\trading-research-factory\walk forward engine\.venv\lib\site-packages\optuna\distributions.py:700: UserWarning: The distribution is specified by [10, 20] and step=4, but the range is not divisible by `step`. It will be replaced by [10, 18].
  warnings.warn(
[I 2026-05-31 01:39:22,915] Trial 1 finished with value: 3.3962192057389458 and parameters: {'bb_period': 20, 'bb_std': 2.0, 'width_period': 10, 'squeeze_pct': 15.0, 'momentum_period': 30, 'hold_bars': 36, 'sl_atr_mult': 2.0, 'atr_period': 18}. Best is trial 1 with value: 3.3962192057389458.
C:\Users\הלל\Desktop\algo projects\trading-research-factory\walk forward engine\.venv\lib\site-packages\optuna\distributions.py:700: UserWarning: The distribution is specified by [10, 20] and step=4, but the range is not divisible by `step`. It will be replaced by [10, 18].
  warnings.warn(
[I 2026-05-31 01:39:23,019] Trial 7 finished with value: 3.2837981289348432 and parameters: {'bb_period': 10, 'bb_std': 2.0, 'width_period': 30, 'squeeze_pct': 25.0, 'momentum_period': 25, 'hold_bars': 48, 'sl_atr_mult': 3.0, 'atr_period': 10}. Best is trial 1 with value: 3.3962192057389458.
C:\Users\הלל\Desktop\algo projects\trading-research-factory\walk forward engine\.venv\lib\site-packages\optuna\distributions.py:700: UserWarning: The distribution is specified by [10, 20] and step=4, but the range is not divisible by `step`. It will be replaced by [10, 18].
  warnings.warn(
[I 2026-05-31 01:39:23,183] Trial 3 finished with value: 4.174289602532166 and parameters: {'bb_period': 15, 'bb_std': 2.0, 'width_period': 10, 'squeeze_pct': 15.0, 'momentum_period': 20, 'hold_bars': 48, 'sl_atr_mult': 2.5, 'atr_period': 14}. Best is trial 3 with value: 4.174289602532166.
C:\Users\הלל\Desktop\algo projects\trading-research-factory\walk forward engine\.venv\lib\site-packages\optuna\distributions.py:700: UserWarning: The distribution is specified by [10, 20] and step=4, but the range is not divisible by `step`. It will be replaced by [10, 18].
  warnings.warn(
[I 2026-05-31 01:39:23,329] Trial 5 finished with value: 4.649480507163885 and parameters: {'bb_period': 15, 'bb_std': 1.5, 'width_period': 10, 'squeeze_pct': 20.0, 'momentum_period': 30, 'hold_bars': 48, 'sl_atr_mult': 2.5, 'atr_period': 14}. Best is trial 5 with value: 4.649480507163885.
C:\Users\הלל\Desktop\algo projects\trading-research-factory\walk forward engine\.venv\lib\site-packages\optuna\distributions.py:700: UserWarning: The distribution is specified by [10, 20] and step=4, but the range is not divisible by `step`. It will be replaced by [10, 18].
  warnings.warn(
[I 2026-05-31 01:39:23,598] Trial 0 finished with value: 2.182427134049029 and parameters: {'bb_period': 15, 'bb_std': 2.0, 'width_period': 10, 'squeeze_pct': 10.0, 'momentum_period': 25, 'hold_bars': 36, 'sl_atr_mult': 3.0, 'atr_period': 10}. Best is trial 5 with value: 4.649480507163885.
C:\Users\הלל\Desktop\algo projects\trading-research-factory\walk forward engine\.venv\lib\site-packages\optuna\distributions.py:700: UserWarning: The distribution is specified by [10, 20] and step=4, but the range is not divisible by `step`. It will be replaced by [10, 18].
  warnings.warn(
[I 2026-05-31 01:39:23,693] Trial 6 finished with value: 0.6504006228569351 and parameters: {'bb_period': 20, 'bb_std': 2.0, 'width_period': 10, 'squeeze_pct': 25.0, 'momentum_period': 10, 'hold_bars': 24, 'sl_atr_mult': 1.5, 'atr_period': 10}. Best is trial 5 with value: 4.649480507163885.
C:\Users\הלל\Desktop\algo projects\trading-research-factory\walk forward engine\.venv\lib\site-packages\optuna\distributions.py:700: UserWarning: The distribution is specified by [10, 20] and step=4, but the range is not divisible by `step`. It will be replaced by [10, 18].
  warnings.warn(
[I 2026-05-31 01:39:23,745] Trial 4 finished with value: 3.1599396046677737 and parameters: {'bb_period': 10, 'bb_std': 1.5, 'width_period': 30, 'squeeze_pct': 20.0, 'momentum_period': 30, 'hold_bars': 12, 'sl_atr_mult': 3.0, 'atr_period': 10}. Best is trial 5 with value: 4.649480507163885.
C:\Users\הלל\Desktop\algo projects\trading-research-factory\walk forward engine\.venv\lib\site-packages\optuna\distributions.py:700: UserWarning: The distribution is specified by [10, 20] and step=4, but the range is not divisible by `step`. It will be replaced by [10, 18].
  warnings.warn(
[I 2026-05-31 01:39:23,807] Trial 2 finished with value: 4.730268444748202 and parameters: {'bb_period': 10, 'bb_std': 2.5, 'width_period': 10, 'squeeze_pct': 25.0, 'momentum_period': 30, 'hold_bars': 12, 'sl_atr_mult': 3.0, 'atr_period': 14}. Best is trial 2 with value: 4.730268444748202.
C:\Users\הלל\Desktop\algo projects\trading-research-factory\walk forward engine\.venv\lib\site-packages\optuna\distributions.py:700: UserWarning: The distribution is specified by [10, 20] and step=4, but the range is not divisible by `step`. It will be replaced by [10, 18].
  warnings.warn(
[I 2026-05-31 01:39:30,012] Trial 10 finished with value: 2.5034396373868364 and parameters: {'bb_period': 20, 'bb_std': 2.0, 'width_period': 30, 'squeeze_pct': 25.0, 'momentum_period': 20, 'hold_bars': 12, 'sl_atr_mult': 1.5, 'atr_period': 18}. Best is trial 2 with value: 4.730268444748202.
C:\Users\הלל\Desktop\algo projects\trading-research-factory\walk forward engine\.venv\lib\site-packages\optuna\distributions.py:700: UserWarning: The distribution is specified by [10, 20] and step=4, but the range is not divisible by `step`. It will be replaced by [10, 18].
  warnings.warn(
[I 2026-05-31 01:39:30,228] Trial 9 finished with value: 3.6323982836952546 and parameters: {'bb_period': 15, 'bb_std': 1.5, 'width_period': 30, 'squeeze_pct': 15.0, 'momentum_period': 15, 'hold_bars': 48, 'sl_atr_mult': 2.0, 'atr_period': 14}. Best is trial 2 with value: 4.730268444748202.
C:\Users\הלל\Desktop\algo projects\trading-research-factory\walk forward engine\.venv\lib\site-packages\optuna\distributions.py:700: UserWarning: The distribution is specified by [10, 20] and step=4, but the range is not divisible by `step`. It will be replaced by [10, 18].
  warnings.warn(
[I 2026-05-31 01:39:30,514] Trial 8 finished with value: 2.506207594105368 and parameters: {'bb_period': 25, 'bb_std': 2.5, 'width_period': 10, 'squeeze_pct': 25.0, 'momentum_period': 10, 'hold_bars': 48, 'sl_atr_mult': 2.5, 'atr_period': 14}. Best is trial 2 with value: 4.730268444748202.
[I 2026-05-31 01:39:30,731] Trial 11 finished with value: 4.788157383482763 and parameters: {'bb_period': 20, 'bb_std': 2.0, 'width_period': 10, 'squeeze_pct': 15.0, 'momentum_period': 30, 'hold_bars': 48, 'sl_atr_mult': 2.0, 'atr_period': 14}. Best is trial 11 with value: 4.788157383482763.
[I 2026-05-31 01:39:30,807] Trial 12 finished with value: 1.689891609648407 and parameters: {'bb_period': 25, 'bb_std': 2.5, 'width_period': 20, 'squeeze_pct': 10.0, 'momentum_period': 10, 'hold_bars': 12, 'sl_atr_mult': 3.0, 'atr_period': 14}. Best is trial 11 with value: 4.788157383482763.
C:\Users\הלל\Desktop\algo projects\trading-research-factory\walk forward engine\.venv\lib\site-packages\optuna\distributions.py:700: UserWarning: The distribution is specified by [10, 20] and step=4, but the range is not divisible by `step`. It will be replaced by [10, 18].
  warnings.warn(
[I 2026-05-31 01:39:30,912] Trial 15 finished with value: 1.6807613432996582 and parameters: {'bb_period': 20, 'bb_std': 2.0, 'width_period': 20, 'squeeze_pct': 25.0, 'momentum_period': 25, 'hold_bars': 12, 'sl_atr_mult': 2.5, 'atr_period': 18}. Best is trial 11 with value: 4.788157383482763.
C:\Users\הלל\Desktop\algo projects\trading-research-factory\walk forward engine\.venv\lib\site-packages\optuna\distributions.py:700: UserWarning: The distribution is specified by [10, 20] and step=4, but the range is not divisible by `step`. It will be replaced by [10, 18].
  warnings.warn(
C:\Users\הלל\Desktop\algo projects\trading-research-factory\walk forward engine\.venv\lib\site-packages\optuna\distributions.py:700: UserWarning: The distribution is specified by [10, 20] and step=4, but the range is not divisible by `step`. It will be replaced by [10, 18].
  warnings.warn(
[I 2026-05-31 01:39:31,246] Trial 13 finished with value: 2.4451482234721253 and parameters: {'bb_period': 20, 'bb_std': 1.5, 'width_period': 20, 'squeeze_pct': 25.0, 'momentum_period': 30, 'hold_bars': 36, 'sl_atr_mult': 2.0, 'atr_period': 14}. Best is trial 11 with value: 4.788157383482763.
C:\Users\הלל\Desktop\algo projects\trading-research-factory\walk forward engine\.venv\lib\site-packages\optuna\distributions.py:700: UserWarning: The distribution is specified by [10, 20] and step=4, but the range is not divisible by `step`. It will be replaced by [10, 18].
  warnings.warn(
[I 2026-05-31 01:39:31,409] Trial 14 finished with value: 1.521428333279094 and parameters: {'bb_period': 25, 'bb_std': 1.5, 'width_period': 10, 'squeeze_pct': 25.0, 'momentum_period': 20, 'hold_bars': 12, 'sl_atr_mult': 2.5, 'atr_period': 10}. Best is trial 11 with value: 4.788157383482763.
C:\Users\הלל\Desktop\algo projects\trading-research-factory\walk forward engine\.venv\lib\site-packages\optuna\distributions.py:700: UserWarning: The distribution is specified by [10, 20] and step=4, but the range is not divisible by `step`. It will be replaced by [10, 18].
  warnings.warn(
C:\Users\הלל\Desktop\algo projects\trading-research-factory\walk forward engine\.venv\lib\site-packages\optuna\distributions.py:700: UserWarning: The distribution is specified by [10, 20] and step=4, but the range is not divisible by `step`. It will be replaced by [10, 18].
  warnings.warn(
[I 2026-05-31 01:39:37,259] Trial 16 finished with value: 3.149170900896397 and parameters: {'bb_period': 10, 'bb_std': 2.5, 'width_period': 10, 'squeeze_pct': 10.0, 'momentum_period': 25, 'hold_bars': 12, 'sl_atr_mult': 2.5, 'atr_period': 10}. Best is trial 11 with value: 4.788157383482763.
C:\Users\הלל\Desktop\algo projects\trading-research-factory\walk forward engine\.venv\lib\site-packages\optuna\distributions.py:700: UserWarning: The distribution is specified by [10, 20] and step=4, but the range is not divisible by `step`. It will be replaced by [10, 18].
  warnings.warn(
[I 2026-05-31 01:39:37,581] Trial 17 finished with value: 3.8677559277112636 and parameters: {'bb_period': 10, 'bb_std': 2.5, 'width_period': 10, 'squeeze_pct': 25.0, 'momentum_period': 25, 'hold_bars': 12, 'sl_atr_mult': 3.0, 'atr_period': 18}. Best is trial 11 with value: 4.788157383482763.
[I 2026-05-31 01:39:37,835] Trial 19 finished with value: 2.137318288967343 and parameters: {'bb_period': 15, 'bb_std': 2.5, 'width_period': 10, 'squeeze_pct': 25.0, 'momentum_period': 30, 'hold_bars': 24, 'sl_atr_mult': 2.5, 'atr_period': 10}. Best is trial 11 with value: 4.788157383482763.
[I 2026-05-31 01:39:37,879] Trial 18 finished with value: 4.730268444748202 and parameters: {'bb_period': 10, 'bb_std': 2.5, 'width_period': 10, 'squeeze_pct': 25.0, 'momentum_period': 30, 'hold_bars': 12, 'sl_atr_mult': 3.0, 'atr_period': 14}. Best is trial 11 with value: 4.788157383482763.
[I 2026-05-31 01:39:38,065] Trial 20 finished with value: 1.4909007949845898 and parameters: {'bb_period': 15, 'bb_std': 2.5, 'width_period': 10, 'squeeze_pct': 25.0, 'momentum_period': 30, 'hold_bars': 12, 'sl_atr_mult': 3.0, 'atr_period': 14}. Best is trial 11 with value: 4.788157383482763.
[I 2026-05-31 01:39:38,083] Trial 21 finished with value: 3.300297018353816 and parameters: {'bb_period': 10, 'bb_std': 2.5, 'width_period': 10, 'squeeze_pct': 25.0, 'momentum_period': 30, 'hold_bars': 24, 'sl_atr_mult': 2.0, 'atr_period': 14}. Best is trial 11 with value: 4.788157383482763.
[I 2026-05-31 01:39:38,241] Trial 22 finished with value: 3.2037810570383534 and parameters: {'bb_period': 10, 'bb_std': 2.5, 'width_period': 10, 'squeeze_pct': 20.0, 'momentum_period': 30, 'hold_bars': 24, 'sl_atr_mult': 3.0, 'atr_period': 14}. Best is trial 11 with value: 4.788157383482763.
[I 2026-05-31 01:39:38,241] Trial 23 finished with value: 2.743301857922607 and parameters: {'bb_period': 10, 'bb_std': 2.5, 'width_period': 20, 'squeeze_pct': 25.0, 'momentum_period': 25, 'hold_bars': 12, 'sl_atr_mult': 3.0, 'atr_period': 14}. Best is trial 11 with value: 4.788157383482763.
[I 2026-05-31 01:39:38,625] Trial 24 finished with value: 4.596406883317109 and parameters: {'bb_period': 10, 'bb_std': 2.5, 'width_period': 10, 'squeeze_pct': 25.0, 'momentum_period': 30, 'hold_bars': 12, 'sl_atr_mult': 3.0, 'atr_period': 10}. Best is trial 11 with value: 4.788157383482763.
C:\Users\הלל\Desktop\algo projects\trading-research-factory\walk forward engine\.venv\lib\site-packages\optuna\samplers\_tpe\sampler.py:319: ExperimentalWarning: ``multivariate`` option is an experimental feature. The interface can change in the future.
  warnings.warn(
[I 2026-05-31 01:39:39,153] A new study created in memory with name: no-name-aaeed38c-9491-4e6f-850a-cbe6a35bbfa1
C:\Users\הלל\Desktop\algo projects\trading-research-factory\walk forward engine\.venv\lib\site-packages\optuna\distributions.py:700: UserWarning: The distribution is specified by [10, 20] and step=4, but the range is not divisible by `step`. It will be replaced by [10, 18].
  warnings.warn(
C:\Users\הלל\Desktop\algo projects\trading-research-factory\walk forward engine\.venv\lib\site-packages\optuna\distributions.py:700: UserWarning: The distribution is specified by [10, 20] and step=4, but the range is not divisible by `step`. It will be replaced by [10, 18].
  warnings.warn(
C:\Users\הלל\Desktop\algo projects\trading-research-factory\walk forward engine\.venv\lib\site-packages\optuna\distributions.py:700: UserWarning: The distribution is specified by [10, 20] and step=4, but the range is not divisible by `step`. It will be replaced by [10, 18].
  warnings.warn(
C:\Users\הלל\Desktop\algo projects\trading-research-factory\walk forward engine\.venv\lib\site-packages\optuna\distributions.py:700: UserWarning: The distribution is specified by [10, 20] and step=4, but the range is not divisible by `step`. It will be replaced by [10, 18].
  warnings.warn(
C:\Users\הלל\Desktop\algo projects\trading-research-factory\walk forward engine\.venv\lib\site-packages\optuna\distributions.py:700: UserWarning: The distribution is specified by [10, 20] and step=4, but the range is not divisible by `step`. It will be replaced by [10, 18].
  warnings.warn(
C:\Users\הלל\Desktop\algo projects\trading-research-factory\walk forward engine\.venv\lib\site-packages\optuna\distributions.py:700: UserWarning: The distribution is specified by [10, 20] and step=4, but the range is not divisible by `step`. It will be replaced by [10, 18].
  warnings.warn(
[I 2026-05-31 01:39:45,784] Trial 3 finished with value: 1.4085614116292506 and parameters: {'bb_period': 20, 'bb_std': 1.5, 'width_period': 30, 'squeeze_pct': 20.0, 'momentum_period': 15, 'hold_bars': 48, 'sl_atr_mult': 3.0, 'atr_period': 14}. Best is trial 3 with value: 1.4085614116292506.
[I 2026-05-31 01:39:45,804] Trial 0 finished with value: 0.49971492502008646 and parameters: {'bb_period': 15, 'bb_std': 2.0, 'width_period': 10, 'squeeze_pct': 10.0, 'momentum_period': 25, 'hold_bars': 12, 'sl_atr_mult': 3.0, 'atr_period': 14}. Best is trial 3 with value: 1.4085614116292506.
C:\Users\הלל\Desktop\algo projects\trading-research-factory\walk forward engine\.venv\lib\site-packages\optuna\distributions.py:700: UserWarning: The distribution is specified by [10, 20] and step=4, but the range is not divisible by `step`. It will be replaced by [10, 18].
  warnings.warn(
[I 2026-05-31 01:39:45,880] Trial 2 finished with value: 1.6927586257158536 and parameters: {'bb_period': 10, 'bb_std': 1.5, 'width_period': 30, 'squeeze_pct': 15.0, 'momentum_period': 10, 'hold_bars': 24, 'sl_atr_mult': 2.0, 'atr_period': 10}. Best is trial 2 with value: 1.6927586257158536.
C:\Users\הלל\Desktop\algo projects\trading-research-factory\walk forward engine\.venv\lib\site-packages\optuna\distributions.py:700: UserWarning: The distribution is specified by [10, 20] and step=4, but the range is not divisible by `step`. It will be replaced by [10, 18].
  warnings.warn(
[I 2026-05-31 01:39:46,059] Trial 5 finished with value: 1.3650404483896004 and parameters: {'bb_period': 10, 'bb_std': 1.5, 'width_period': 30, 'squeeze_pct': 15.0, 'momentum_period': 15, 'hold_bars': 24, 'sl_atr_mult': 2.5, 'atr_period': 10}. Best is trial 2 with value: 1.6927586257158536.
C:\Users\הלל\Desktop\algo projects\trading-research-factory\walk forward engine\.venv\lib\site-packages\optuna\distributions.py:700: UserWarning: The distribution is specified by [10, 20] and step=4, but the range is not divisible by `step`. It will be replaced by [10, 18].
  warnings.warn(
[I 2026-05-31 01:39:46,237] Trial 1 finished with value: 2.6226422939901677 and parameters: {'bb_period': 25, 'bb_std': 1.5, 'width_period': 20, 'squeeze_pct': 15.0, 'momentum_period': 20, 'hold_bars': 36, 'sl_atr_mult': 2.5, 'atr_period': 14}. Best is trial 1 with value: 2.6226422939901677.
C:\Users\הלל\Desktop\algo projects\trading-research-factory\walk forward engine\.venv\lib\site-packages\optuna\distributions.py:700: UserWarning: The distribution is specified by [10, 20] and step=4, but the range is not divisible by `step`. It will be replaced by [10, 18].
  warnings.warn(
[I 2026-05-31 01:39:46,364] Trial 4 finished with value: 0.008126438204597216 and parameters: {'bb_period': 20, 'bb_std': 2.0, 'width_period': 10, 'squeeze_pct': 10.0, 'momentum_period': 10, 'hold_bars': 24, 'sl_atr_mult': 2.0, 'atr_period': 14}. Best is trial 1 with value: 2.6226422939901677.
[I 2026-05-31 01:39:46,389] Trial 7 finished with value: 2.2566535954435945 and parameters: {'bb_period': 10, 'bb_std': 2.0, 'width_period': 30, 'squeeze_pct': 25.0, 'momentum_period': 20, 'hold_bars': 12, 'sl_atr_mult': 3.0, 'atr_period': 14}. Best is trial 1 with value: 2.6226422939901677.
C:\Users\הלל\Desktop\algo projects\trading-research-factory\walk forward engine\.venv\lib\site-packages\optuna\distributions.py:700: UserWarning: The distribution is specified by [10, 20] and step=4, but the range is not divisible by `step`. It will be replaced by [10, 18].
  warnings.warn(
C:\Users\הלל\Desktop\algo projects\trading-research-factory\walk forward engine\.venv\lib\site-packages\optuna\distributions.py:700: UserWarning: The distribution is specified by [10, 20] and step=4, but the range is not divisible by `step`. It will be replaced by [10, 18].
  warnings.warn(
[I 2026-05-31 01:39:46,554] Trial 6 finished with value: 3.065812495609205 and parameters: {'bb_period': 25, 'bb_std': 2.5, 'width_period': 20, 'squeeze_pct': 20.0, 'momentum_period': 25, 'hold_bars': 36, 'sl_atr_mult': 3.0, 'atr_period': 18}. Best is trial 6 with value: 3.065812495609205.
C:\Users\הלל\Desktop\algo projects\trading-research-factory\walk forward engine\.venv\lib\site-packages\optuna\distributions.py:700: UserWarning: The distribution is specified by [10, 20] and step=4, but the range is not divisible by `step`. It will be replaced by [10, 18].
  warnings.warn(
