[I 2026-05-31 01:46:22,192] Trial 24 finished with value: 1.8827361580869126 and parameters: {'bb_period': 15, 'bb_std': 1.5, 'width_period': 20, 'squeeze_pct': 15.0, 'momentum_period': 10, 'hold_bars': 48, 'sl_atr_mult': 2.5, 'atr_period': 18}. Best is trial 4 with value: 2.170838196495177.
C:\Users\הלל\Desktop\algo projects\trading-research-factory\walk forward engine\.venv\lib\site-packages\optuna\samplers\_tpe\sampler.py:319: ExperimentalWarning: ``multivariate`` option is an experimental feature. The interface can change in the future.
  warnings.warn(
[I 2026-05-31 01:46:22,738] A new study created in memory with name: no-name-5b8a1782-bdd8-4bad-91a7-abeb13c843be
C:\Users\הלל\Desktop\algo projects\trading-research-factory\walk forward engine\.venv\lib\site-packages\optuna\distributions.py:700: UserWarning: The distribution is specified by [10, 20] and step=4, but the range is not divisible by `step`. It will be replaced by [10, 18].
  warnings.warn(
C:\Users\הלל\Desktop\algo projects\trading-research-factory\walk forward engine\.venv\lib\site-packages\optuna\distributions.py:700: UserWarning: The distribution is specified by [10, 20] and step=4, but the range is not divisible by `step`. It will be replaced by [10, 18].
  warnings.warn(
C:\Users\הלל\Desktop\algo projects\trading-research-factory\walk forward engine\.venv\lib\site-packages\optuna\distributions.py:700: UserWarning: The distribution is specified by [10, 20] and step=4, but the range is not divisible by `step`. It will be replaced by [10, 18].
  warnings.warn(
C:\Users\הלל\Desktop\algo projects\trading-research-factory\walk forward engine\.venv\lib\site-packages\optuna\distributions.py:700: UserWarning: The distribution is specified by [10, 20] and step=4, but the range is not divisible by `step`. It will be replaced by [10, 18].
  warnings.warn(
C:\Users\הלל\Desktop\algo projects\trading-research-factory\walk forward engine\.venv\lib\site-packages\optuna\distributions.py:700: UserWarning: The distribution is specified by [10, 20] and step=4, but the range is not divisible by `step`. It will be replaced by [10, 18].
  warnings.warn(
C:\Users\הלל\Desktop\algo projects\trading-research-factory\walk forward engine\.venv\lib\site-packages\optuna\distributions.py:700: UserWarning: The distribution is specified by [10, 20] and step=4, but the range is not divisible by `step`. It will be replaced by [10, 18].
  warnings.warn(
C:\Users\הלל\Desktop\algo projects\trading-research-factory\walk forward engine\.venv\lib\site-packages\optuna\distributions.py:700: UserWarning: The distribution is specified by [10, 20] and step=4, but the range is not divisible by `step`. It will be replaced by [10, 18].
  warnings.warn(
[I 2026-05-31 01:46:29,099] Trial 5 finished with value: 0.9071744784397278 and parameters: {'bb_period': 25, 'bb_std': 2.5, 'width_period': 30, 'squeeze_pct': 25.0, 'momentum_period': 20, 'hold_bars': 24, 'sl_atr_mult': 2.5, 'atr_period': 14}. Best is trial 5 with value: 0.9071744784397278.
C:\Users\הלל\Desktop\algo projects\trading-research-factory\walk forward engine\.venv\lib\site-packages\optuna\distributions.py:700: UserWarning: The distribution is specified by [10, 20] and step=4, but the range is not divisible by `step`. It will be replaced by [10, 18].
  warnings.warn(
[I 2026-05-31 01:46:29,178] Trial 0 finished with value: 2.204858336653463 and parameters: {'bb_period': 25, 'bb_std': 2.0, 'width_period': 20, 'squeeze_pct': 15.0, 'momentum_period': 10, 'hold_bars': 36, 'sl_atr_mult': 1.5, 'atr_period': 10}. Best is trial 0 with value: 2.204858336653463.
C:\Users\הלל\Desktop\algo projects\trading-research-factory\walk forward engine\.venv\lib\site-packages\optuna\distributions.py:700: UserWarning: The distribution is specified by [10, 20] and step=4, but the range is not divisible by `step`. It will be replaced by [10, 18].
  warnings.warn(
[I 2026-05-31 01:46:29,441] Trial 3 finished with value: 2.368388994908754 and parameters: {'bb_period': 10, 'bb_std': 1.5, 'width_period': 30, 'squeeze_pct': 15.0, 'momentum_period': 15, 'hold_bars': 12, 'sl_atr_mult': 2.0, 'atr_period': 18}. Best is trial 3 with value: 2.368388994908754.
C:\Users\הלל\Desktop\algo projects\trading-research-factory\walk forward engine\.venv\lib\site-packages\optuna\distributions.py:700: UserWarning: The distribution is specified by [10, 20] and step=4, but the range is not divisible by `step`. It will be replaced by [10, 18].
  warnings.warn(
[I 2026-05-31 01:46:29,501] Trial 6 finished with value: 1.7036181338503582 and parameters: {'bb_period': 10, 'bb_std': 1.5, 'width_period': 30, 'squeeze_pct': 15.0, 'momentum_period': 30, 'hold_bars': 12, 'sl_atr_mult': 3.0, 'atr_period': 10}. Best is trial 3 with value: 2.368388994908754.
C:\Users\הלל\Desktop\algo projects\trading-research-factory\walk forward engine\.venv\lib\site-packages\optuna\distributions.py:700: UserWarning: The distribution is specified by [10, 20] and step=4, but the range is not divisible by `step`. It will be replaced by [10, 18].
  warnings.warn(
[I 2026-05-31 01:46:29,545] Trial 1 finished with value: 1.2152443644727509 and parameters: {'bb_period': 15, 'bb_std': 2.5, 'width_period': 10, 'squeeze_pct': 15.0, 'momentum_period': 15, 'hold_bars': 12, 'sl_atr_mult': 2.0, 'atr_period': 18}. Best is trial 3 with value: 2.368388994908754.
C:\Users\הלל\Desktop\algo projects\trading-research-factory\walk forward engine\.venv\lib\site-packages\optuna\distributions.py:700: UserWarning: The distribution is specified by [10, 20] and step=4, but the range is not divisible by `step`. It will be replaced by [10, 18].
  warnings.warn(
[I 2026-05-31 01:46:29,630] Trial 4 finished with value: 2.9225119885678854 and parameters: {'bb_period': 15, 'bb_std': 2.5, 'width_period': 10, 'squeeze_pct': 25.0, 'momentum_period': 15, 'hold_bars': 36, 'sl_atr_mult': 2.0, 'atr_period': 10}. Best is trial 4 with value: 2.9225119885678854.
C:\Users\הלל\Desktop\algo projects\trading-research-factory\walk forward engine\.venv\lib\site-packages\optuna\distributions.py:700: UserWarning: The distribution is specified by [10, 20] and step=4, but the range is not divisible by `step`. It will be replaced by [10, 18].
  warnings.warn(
[I 2026-05-31 01:46:29,784] Trial 2 finished with value: -1.0788993912810065 and parameters: {'bb_period': 20, 'bb_std': 1.5, 'width_period': 10, 'squeeze_pct': 15.0, 'momentum_period': 25, 'hold_bars': 36, 'sl_atr_mult': 1.5, 'atr_period': 14}. Best is trial 4 with value: 2.9225119885678854.
C:\Users\הלל\Desktop\algo projects\trading-research-factory\walk forward engine\.venv\lib\site-packages\optuna\distributions.py:700: UserWarning: The distribution is specified by [10, 20] and step=4, but the range is not divisible by `step`. It will be replaced by [10, 18].
  warnings.warn(
[I 2026-05-31 01:46:29,937] Trial 7 finished with value: 0.44688307967497837 and parameters: {'bb_period': 20, 'bb_std': 2.0, 'width_period': 20, 'squeeze_pct': 10.0, 'momentum_period': 25, 'hold_bars': 36, 'sl_atr_mult': 3.0, 'atr_period': 18}. Best is trial 4 with value: 2.9225119885678854.
C:\Users\הלל\Desktop\algo projects\trading-research-factory\walk forward engine\.venv\lib\site-packages\optuna\distributions.py:700: UserWarning: The distribution is specified by [10, 20] and step=4, but the range is not divisible by `step`. It will be replaced by [10, 18].
  warnings.warn(
[I 2026-05-31 01:46:36,498] Trial 9 finished with value: 2.742485927731144 and parameters: {'bb_period': 15, 'bb_std': 2.5, 'width_period': 30, 'squeeze_pct': 25.0, 'momentum_period': 30, 'hold_bars': 36, 'sl_atr_mult': 1.5, 'atr_period': 18}. Best is trial 4 with value: 2.9225119885678854.
[I 2026-05-31 01:46:36,514] Trial 11 finished with value: 0.5025007536396695 and parameters: {'bb_period': 10, 'bb_std': 2.5, 'width_period': 10, 'squeeze_pct': 20.0, 'momentum_period': 10, 'hold_bars': 36, 'sl_atr_mult': 3.0, 'atr_period': 14}. Best is trial 4 with value: 2.9225119885678854.
C:\Users\הלל\Desktop\algo projects\trading-research-factory\walk forward engine\.venv\lib\site-packages\optuna\distributions.py:700: UserWarning: The distribution is specified by [10, 20] and step=4, but the range is not divisible by `step`. It will be replaced by [10, 18].
  warnings.warn(
[I 2026-05-31 01:46:36,618] Trial 8 finished with value: 1.2906363514317525 and parameters: {'bb_period': 15, 'bb_std': 2.5, 'width_period': 10, 'squeeze_pct': 25.0, 'momentum_period': 10, 'hold_bars': 24, 'sl_atr_mult': 3.0, 'atr_period': 14}. Best is trial 4 with value: 2.9225119885678854.
C:\Users\הלל\Desktop\algo projects\trading-research-factory\walk forward engine\.venv\lib\site-packages\optuna\distributions.py:700: UserWarning: The distribution is specified by [10, 20] and step=4, but the range is not divisible by `step`. It will be replaced by [10, 18].
  warnings.warn(
C:\Users\הלל\Desktop\algo projects\trading-research-factory\walk forward engine\.venv\lib\site-packages\optuna\distributions.py:700: UserWarning: The distribution is specified by [10, 20] and step=4, but the range is not divisible by `step`. It will be replaced by [10, 18].
  warnings.warn(
[I 2026-05-31 01:46:36,873] Trial 10 finished with value: 2.121895654628849 and parameters: {'bb_period': 25, 'bb_std': 2.5, 'width_period': 30, 'squeeze_pct': 10.0, 'momentum_period': 30, 'hold_bars': 48, 'sl_atr_mult': 1.5, 'atr_period': 18}. Best is trial 4 with value: 2.9225119885678854.
[I 2026-05-31 01:46:36,937] Trial 14 finished with value: 1.0171957264256402 and parameters: {'bb_period': 10, 'bb_std': 1.5, 'width_period': 30, 'squeeze_pct': 20.0, 'momentum_period': 15, 'hold_bars': 36, 'sl_atr_mult': 2.0, 'atr_period': 10}. Best is trial 4 with value: 2.9225119885678854.
C:\Users\הלל\Desktop\algo projects\trading-research-factory\walk forward engine\.venv\lib\site-packages\optuna\distributions.py:700: UserWarning: The distribution is specified by [10, 20] and step=4, but the range is not divisible by `step`. It will be replaced by [10, 18].
  warnings.warn(
C:\Users\הלל\Desktop\algo projects\trading-research-factory\walk forward engine\.venv\lib\site-packages\optuna\distributions.py:700: UserWarning: The distribution is specified by [10, 20] and step=4, but the range is not divisible by `step`. It will be replaced by [10, 18].
  warnings.warn(
[I 2026-05-31 01:46:37,328] Trial 12 finished with value: -0.9203130549254861 and parameters: {'bb_period': 15, 'bb_std': 1.5, 'width_period': 10, 'squeeze_pct': 10.0, 'momentum_period': 25, 'hold_bars': 24, 'sl_atr_mult': 1.5, 'atr_period': 10}. Best is trial 4 with value: 2.9225119885678854.
[I 2026-05-31 01:46:37,366] Trial 15 finished with value: -0.10012440417150668 and parameters: {'bb_period': 15, 'bb_std': 2.0, 'width_period': 20, 'squeeze_pct': 20.0, 'momentum_period': 20, 'hold_bars': 24, 'sl_atr_mult': 1.5, 'atr_period': 10}. Best is trial 4 with value: 2.9225119885678854.
C:\Users\הלל\Desktop\algo projects\trading-research-factory\walk forward engine\.venv\lib\site-packages\optuna\distributions.py:700: UserWarning: The distribution is specified by [10, 20] and step=4, but the range is not divisible by `step`. It will be replaced by [10, 18].
  warnings.warn(
C:\Users\הלל\Desktop\algo projects\trading-research-factory\walk forward engine\.venv\lib\site-packages\optuna\distributions.py:700: UserWarning: The distribution is specified by [10, 20] and step=4, but the range is not divisible by `step`. It will be replaced by [10, 18].
  warnings.warn(
[I 2026-05-31 01:46:37,745] Trial 13 finished with value: 0.6504928450994129 and parameters: {'bb_period': 10, 'bb_std': 2.0, 'width_period': 30, 'squeeze_pct': 25.0, 'momentum_period': 15, 'hold_bars': 48, 'sl_atr_mult': 1.5, 'atr_period': 14}. Best is trial 4 with value: 2.9225119885678854.
C:\Users\הלל\Desktop\algo projects\trading-research-factory\walk forward engine\.venv\lib\site-packages\optuna\distributions.py:700: UserWarning: The distribution is specified by [10, 20] and step=4, but the range is not divisible by `step`. It will be replaced by [10, 18].
  warnings.warn(
[I 2026-05-31 01:46:44,299] Trial 19 finished with value: 2.320436691844568 and parameters: {'bb_period': 15, 'bb_std': 2.5, 'width_period': 30, 'squeeze_pct': 25.0, 'momentum_period': 30, 'hold_bars': 48, 'sl_atr_mult': 1.5, 'atr_period': 18}. Best is trial 4 with value: 2.9225119885678854.
C:\Users\הלל\Desktop\algo projects\trading-research-factory\walk forward engine\.venv\lib\site-packages\optuna\distributions.py:700: UserWarning: The distribution is specified by [10, 20] and step=4, but the range is not divisible by `step`. It will be replaced by [10, 18].
  warnings.warn(
[I 2026-05-31 01:46:44,592] Trial 17 finished with value: 1.5608768871946836 and parameters: {'bb_period': 10, 'bb_std': 2.5, 'width_period': 10, 'squeeze_pct': 25.0, 'momentum_period': 10, 'hold_bars': 36, 'sl_atr_mult': 1.5, 'atr_period': 10}. Best is trial 4 with value: 2.9225119885678854.
[I 2026-05-31 01:46:44,640] Trial 16 finished with value: 1.289899969340971 and parameters: {'bb_period': 25, 'bb_std': 1.5, 'width_period': 30, 'squeeze_pct': 25.0, 'momentum_period': 15, 'hold_bars': 36, 'sl_atr_mult': 2.0, 'atr_period': 14}. Best is trial 4 with value: 2.9225119885678854.
[I 2026-05-31 01:46:44,884] Trial 18 finished with value: 1.8452891421074569 and parameters: {'bb_period': 10, 'bb_std': 2.5, 'width_period': 30, 'squeeze_pct': 25.0, 'momentum_period': 25, 'hold_bars': 36, 'sl_atr_mult': 1.5, 'atr_period': 18}. Best is trial 4 with value: 2.9225119885678854.
[I 2026-05-31 01:46:44,925] Trial 22 finished with value: 3.0226448896932814 and parameters: {'bb_period': 15, 'bb_std': 2.0, 'width_period': 30, 'squeeze_pct': 20.0, 'momentum_period': 30, 'hold_bars': 36, 'sl_atr_mult': 2.0, 'atr_period': 18}. Best is trial 22 with value: 3.0226448896932814.
[I 2026-05-31 01:46:45,027] Trial 20 finished with value: 1.7117226923447912 and parameters: {'bb_period': 10, 'bb_std': 2.0, 'width_period': 30, 'squeeze_pct': 25.0, 'momentum_period': 30, 'hold_bars': 36, 'sl_atr_mult': 1.5, 'atr_period': 18}. Best is trial 22 with value: 3.0226448896932814.
[I 2026-05-31 01:46:45,075] Trial 21 finished with value: 0.9004296523131269 and parameters: {'bb_period': 15, 'bb_std': 2.5, 'width_period': 30, 'squeeze_pct': 25.0, 'momentum_period': 20, 'hold_bars': 36, 'sl_atr_mult': 1.5, 'atr_period': 18}. Best is trial 22 with value: 3.0226448896932814.
[I 2026-05-31 01:46:45,186] Trial 23 finished with value: 1.8625551727140468 and parameters: {'bb_period': 15, 'bb_std': 2.5, 'width_period': 20, 'squeeze_pct': 20.0, 'momentum_period': 30, 'hold_bars': 48, 'sl_atr_mult': 2.0, 'atr_period': 18}. Best is trial 22 with value: 3.0226448896932814.
[I 2026-05-31 01:46:45,560] Trial 24 finished with value: 0.5220082209692122 and parameters: {'bb_period': 20, 'bb_std': 2.0, 'width_period': 30, 'squeeze_pct': 20.0, 'momentum_period': 25, 'hold_bars': 24, 'sl_atr_mult': 1.5, 'atr_period': 18}. Best is trial 22 with value: 3.0226448896932814.
C:\Users\הלל\Desktop\algo projects\trading-research-factory\walk forward engine\.venv\lib\site-packages\optuna\samplers\_tpe\sampler.py:319: ExperimentalWarning: ``multivariate`` option is an experimental feature. The interface can change in the future.
  warnings.warn(
[I 2026-05-31 01:46:46,142] A new study created in memory with name: no-name-0db17a65-b4f8-4297-bb31-07d5650ba27f
C:\Users\הלל\Desktop\algo projects\trading-research-factory\walk forward engine\.venv\lib\site-packages\optuna\distributions.py:700: UserWarning: The distribution is specified by [10, 20] and step=4, but the range is not divisible by `step`. It will be replaced by [10, 18].
  warnings.warn(
C:\Users\הלל\Desktop\algo projects\trading-research-factory\walk forward engine\.venv\lib\site-packages\optuna\distributions.py:700: UserWarning: The distribution is specified by [10, 20] and step=4, but the range is not divisible by `step`. It will be replaced by [10, 18].
  warnings.warn(
C:\Users\הלל\Desktop\algo projects\trading-research-factory\walk forward engine\.venv\lib\site-packages\optuna\distributions.py:700: UserWarning: The distribution is specified by [10, 20] and step=4, but the range is not divisible by `step`. It will be replaced by [10, 18].
  warnings.warn(
C:\Users\הלל\Desktop\algo projects\trading-research-factory\walk forward engine\.venv\lib\site-packages\optuna\distributions.py:700: UserWarning: The distribution is specified by [10, 20] and step=4, but the range is not divisible by `step`. It will be replaced by [10, 18].
  warnings.warn(
C:\Users\הלל\Desktop\algo projects\trading-research-factory\walk forward engine\.venv\lib\site-packages\optuna\distributions.py:700: UserWarning: The distribution is specified by [10, 20] and step=4, but the range is not divisible by `step`. It will be replaced by [10, 18].
  warnings.warn(
C:\Users\הלל\Desktop\algo projects\trading-research-factory\walk forward engine\.venv\lib\site-packages\optuna\distributions.py:700: UserWarning: The distribution is specified by [10, 20] and step=4, but the range is not divisible by `step`. It will be replaced by [10, 18].
  warnings.warn(
[I 2026-05-31 01:46:52,586] Trial 0 finished with value: 1.3102019090094685 and parameters: {'bb_period': 20, 'bb_std': 2.5, 'width_period': 30, 'squeeze_pct': 20.0, 'momentum_period': 15, 'hold_bars': 36, 'sl_atr_mult': 3.0, 'atr_period': 14}. Best is trial 0 with value: 1.3102019090094685.
C:\Users\הלל\Desktop\algo projects\trading-research-factory\walk forward engine\.venv\lib\site-packages\optuna\distributions.py:700: UserWarning: The distribution is specified by [10, 20] and step=4, but the range is not divisible by `step`. It will be replaced by [10, 18].
  warnings.warn(
[I 2026-05-31 01:46:52,906] Trial 4 finished with value: 2.602546169846027 and parameters: {'bb_period': 10, 'bb_std': 2.5, 'width_period': 20, 'squeeze_pct': 25.0, 'momentum_period': 25, 'hold_bars': 12, 'sl_atr_mult': 2.5, 'atr_period': 18}. Best is trial 4 with value: 2.602546169846027.
[I 2026-05-31 01:46:52,944] Trial 1 finished with value: -0.5576862366680326 and parameters: {'bb_period': 15, 'bb_std': 1.5, 'width_period': 30, 'squeeze_pct': 15.0, 'momentum_period': 20, 'hold_bars': 12, 'sl_atr_mult': 2.5, 'atr_period': 10}. Best is trial 4 with value: 2.602546169846027.
[I 2026-05-31 01:46:52,963] Trial 5 finished with value: 2.155738249302781 and parameters: {'bb_period': 10, 'bb_std': 2.5, 'width_period': 20, 'squeeze_pct': 25.0, 'momentum_period': 15, 'hold_bars': 48, 'sl_atr_mult': 3.0, 'atr_period': 10}. Best is trial 4 with value: 2.602546169846027.
C:\Users\הלל\Desktop\algo projects\trading-research-factory\walk forward engine\.venv\lib\site-packages\optuna\distributions.py:700: UserWarning: The distribution is specified by [10, 20] and step=4, but the range is not divisible by `step`. It will be replaced by [10, 18].
  warnings.warn(
C:\Users\הלל\Desktop\algo projects\trading-research-factory\walk forward engine\.venv\lib\site-packages\optuna\distributions.py:700: UserWarning: The distribution is specified by [10, 20] and step=4, but the range is not divisible by `step`. It will be replaced by [10, 18].
  warnings.warn(
C:\Users\הלל\Desktop\algo projects\trading-research-factory\walk forward engine\.venv\lib\site-packages\optuna\distributions.py:700: UserWarning: The distribution is specified by [10, 20] and step=4, but the range is not divisible by `step`. It will be replaced by [10, 18].
  warnings.warn(
[I 2026-05-31 01:46:53,150] Trial 3 finished with value: -0.48532576092905666 and parameters: {'bb_period': 20, 'bb_std': 2.0, 'width_period': 20, 'squeeze_pct': 10.0, 'momentum_period': 25, 'hold_bars': 36, 'sl_atr_mult': 2.5, 'atr_period': 10}. Best is trial 4 with value: 2.602546169846027.
C:\Users\הלל\Desktop\algo projects\trading-research-factory\walk forward engine\.venv\lib\site-packages\optuna\distributions.py:700: UserWarning: The distribution is specified by [10, 20] and step=4, but the range is not divisible by `step`. It will be replaced by [10, 18].
  warnings.warn(
[I 2026-05-31 01:46:53,335] Trial 2 finished with value: -0.670878154114973 and parameters: {'bb_period': 20, 'bb_std': 1.5, 'width_period': 10, 'squeeze_pct': 20.0, 'momentum_period': 10, 'hold_bars': 12, 'sl_atr_mult': 3.0, 'atr_period': 18}. Best is trial 4 with value: 2.602546169846027.
C:\Users\הלל\Desktop\algo projects\trading-research-factory\walk forward engine\.venv\lib\site-packages\optuna\distributions.py:700: UserWarning: The distribution is specified by [10, 20] and step=4, but the range is not divisible by `step`. It will be replaced by [10, 18].
  warnings.warn(
[I 2026-05-31 01:46:53,550] Trial 6 finished with value: -0.28272000600158553 and parameters: {'bb_period': 20, 'bb_std': 2.5, 'width_period': 20, 'squeeze_pct': 25.0, 'momentum_period': 10, 'hold_bars': 24, 'sl_atr_mult': 1.5, 'atr_period': 10}. Best is trial 4 with value: 2.602546169846027.
C:\Users\הלל\Desktop\algo projects\trading-research-factory\walk forward engine\.venv\lib\site-packages\optuna\distributions.py:700: UserWarning: The distribution is specified by [10, 20] and step=4, but the range is not divisible by `step`. It will be replaced by [10, 18].
  warnings.warn(
[I 2026-05-31 01:46:53,590] Trial 7 finished with value: -1.154802738885001 and parameters: {'bb_period': 25, 'bb_std': 1.5, 'width_period': 10, 'squeeze_pct': 25.0, 'momentum_period': 30, 'hold_bars': 12, 'sl_atr_mult': 2.5, 'atr_period': 18}. Best is trial 4 with value: 2.602546169846027.
C:\Users\הלל\Desktop\algo projects\trading-research-factory\walk forward engine\.venv\lib\site-packages\optuna\distributions.py:700: UserWarning: The distribution is specified by [10, 20] and step=4, but the range is not divisible by `step`. It will be replaced by [10, 18].
  warnings.warn(
