[I 2026-05-31 01:31:40,440] Trial 8 finished with value: -1.7115795533715814 and parameters: {'bb_period': 10, 'bb_std': 2.5, 'width_period': 10, 'squeeze_pct': 20.0, 'momentum_period': 25, 'hold_bars': 36, 'sl_atr_mult': 1.5, 'atr_period': 10}. Best is trial 4 with value: 1.0870942783669402.
C:\Users\הלל\Desktop\algo projects\trading-research-factory\walk forward engine\.venv\lib\site-packages\optuna\distributions.py:700: UserWarning: The distribution is specified by [10, 20] and step=4, but the range is not divisible by `step`. It will be replaced by [10, 18].
  warnings.warn(
[I 2026-05-31 01:31:40,704] Trial 12 finished with value: -3.1509426215682454 and parameters: {'bb_period': 15, 'bb_std': 2.0, 'width_period': 20, 'squeeze_pct': 10.0, 'momentum_period': 20, 'hold_bars': 12, 'sl_atr_mult': 3.0, 'atr_period': 18}. Best is trial 4 with value: 1.0870942783669402.
[I 2026-05-31 01:31:40,785] Trial 10 finished with value: -0.43149420916699405 and parameters: {'bb_period': 25, 'bb_std': 2.0, 'width_period': 20, 'squeeze_pct': 25.0, 'momentum_period': 30, 'hold_bars': 24, 'sl_atr_mult': 2.5, 'atr_period': 10}. Best is trial 4 with value: 1.0870942783669402.
C:\Users\הלל\Desktop\algo projects\trading-research-factory\walk forward engine\.venv\lib\site-packages\optuna\distributions.py:700: UserWarning: The distribution is specified by [10, 20] and step=4, but the range is not divisible by `step`. It will be replaced by [10, 18].
  warnings.warn(
C:\Users\הלל\Desktop\algo projects\trading-research-factory\walk forward engine\.venv\lib\site-packages\optuna\distributions.py:700: UserWarning: The distribution is specified by [10, 20] and step=4, but the range is not divisible by `step`. It will be replaced by [10, 18].
  warnings.warn(
[I 2026-05-31 01:31:41,129] Trial 9 finished with value: -1.4705371569861703 and parameters: {'bb_period': 20, 'bb_std': 2.5, 'width_period': 10, 'squeeze_pct': 25.0, 'momentum_period': 30, 'hold_bars': 36, 'sl_atr_mult': 3.0, 'atr_period': 14}. Best is trial 4 with value: 1.0870942783669402.
[I 2026-05-31 01:31:41,183] Trial 11 finished with value: 0.5949755011725257 and parameters: {'bb_period': 15, 'bb_std': 2.5, 'width_period': 10, 'squeeze_pct': 20.0, 'momentum_period': 30, 'hold_bars': 48, 'sl_atr_mult': 2.0, 'atr_period': 10}. Best is trial 4 with value: 1.0870942783669402.
C:\Users\הלל\Desktop\algo projects\trading-research-factory\walk forward engine\.venv\lib\site-packages\optuna\distributions.py:700: UserWarning: The distribution is specified by [10, 20] and step=4, but the range is not divisible by `step`. It will be replaced by [10, 18].
  warnings.warn(
C:\Users\הלל\Desktop\algo projects\trading-research-factory\walk forward engine\.venv\lib\site-packages\optuna\distributions.py:700: UserWarning: The distribution is specified by [10, 20] and step=4, but the range is not divisible by `step`. It will be replaced by [10, 18].
  warnings.warn(
[I 2026-05-31 01:31:41,537] Trial 13 finished with value: 0.7674276764197286 and parameters: {'bb_period': 10, 'bb_std': 1.5, 'width_period': 10, 'squeeze_pct': 15.0, 'momentum_period': 20, 'hold_bars': 48, 'sl_atr_mult': 1.5, 'atr_period': 18}. Best is trial 4 with value: 1.0870942783669402.
C:\Users\הלל\Desktop\algo projects\trading-research-factory\walk forward engine\.venv\lib\site-packages\optuna\distributions.py:700: UserWarning: The distribution is specified by [10, 20] and step=4, but the range is not divisible by `step`. It will be replaced by [10, 18].
  warnings.warn(
[I 2026-05-31 01:31:41,817] Trial 15 finished with value: 1.3188327700577298 and parameters: {'bb_period': 25, 'bb_std': 2.0, 'width_period': 30, 'squeeze_pct': 10.0, 'momentum_period': 30, 'hold_bars': 12, 'sl_atr_mult': 1.5, 'atr_period': 10}. Best is trial 15 with value: 1.3188327700577298.
C:\Users\הלל\Desktop\algo projects\trading-research-factory\walk forward engine\.venv\lib\site-packages\optuna\distributions.py:700: UserWarning: The distribution is specified by [10, 20] and step=4, but the range is not divisible by `step`. It will be replaced by [10, 18].
  warnings.warn(
[I 2026-05-31 01:31:42,103] Trial 14 finished with value: 0.7001876198298712 and parameters: {'bb_period': 25, 'bb_std': 2.0, 'width_period': 20, 'squeeze_pct': 25.0, 'momentum_period': 30, 'hold_bars': 24, 'sl_atr_mult': 1.5, 'atr_period': 14}. Best is trial 15 with value: 1.3188327700577298.
C:\Users\הלל\Desktop\algo projects\trading-research-factory\walk forward engine\.venv\lib\site-packages\optuna\distributions.py:700: UserWarning: The distribution is specified by [10, 20] and step=4, but the range is not divisible by `step`. It will be replaced by [10, 18].
  warnings.warn(
[I 2026-05-31 01:31:48,135] Trial 16 finished with value: -1.0924036859971689 and parameters: {'bb_period': 15, 'bb_std': 1.5, 'width_period': 10, 'squeeze_pct': 20.0, 'momentum_period': 15, 'hold_bars': 24, 'sl_atr_mult': 1.5, 'atr_period': 18}. Best is trial 15 with value: 1.3188327700577298.
[I 2026-05-31 01:31:48,186] Trial 17 finished with value: -1.1810668555388835 and parameters: {'bb_period': 15, 'bb_std': 1.5, 'width_period': 30, 'squeeze_pct': 15.0, 'momentum_period': 25, 'hold_bars': 12, 'sl_atr_mult': 1.5, 'atr_period': 10}. Best is trial 15 with value: 1.3188327700577298.
C:\Users\הלל\Desktop\algo projects\trading-research-factory\walk forward engine\.venv\lib\site-packages\optuna\distributions.py:700: UserWarning: The distribution is specified by [10, 20] and step=4, but the range is not divisible by `step`. It will be replaced by [10, 18].
  warnings.warn(
[I 2026-05-31 01:31:48,687] Trial 20 finished with value: 0.9913202522461514 and parameters: {'bb_period': 15, 'bb_std': 1.5, 'width_period': 30, 'squeeze_pct': 20.0, 'momentum_period': 10, 'hold_bars': 12, 'sl_atr_mult': 2.0, 'atr_period': 10}. Best is trial 15 with value: 1.3188327700577298.
[I 2026-05-31 01:31:48,727] Trial 19 finished with value: -1.695800331433788 and parameters: {'bb_period': 10, 'bb_std': 2.0, 'width_period': 20, 'squeeze_pct': 15.0, 'momentum_period': 10, 'hold_bars': 24, 'sl_atr_mult': 3.0, 'atr_period': 10}. Best is trial 15 with value: 1.3188327700577298.
[I 2026-05-31 01:31:48,731] Trial 18 finished with value: 1.1803294143446963 and parameters: {'bb_period': 10, 'bb_std': 2.0, 'width_period': 10, 'squeeze_pct': 15.0, 'momentum_period': 10, 'hold_bars': 12, 'sl_atr_mult': 2.5, 'atr_period': 14}. Best is trial 15 with value: 1.3188327700577298.
[I 2026-05-31 01:31:48,890] Trial 22 finished with value: 1.7935965217894763 and parameters: {'bb_period': 25, 'bb_std': 2.5, 'width_period': 30, 'squeeze_pct': 15.0, 'momentum_period': 30, 'hold_bars': 12, 'sl_atr_mult': 1.5, 'atr_period': 10}. Best is trial 22 with value: 1.7935965217894763.
[I 2026-05-31 01:31:49,002] Trial 21 finished with value: -1.1697613852743736 and parameters: {'bb_period': 10, 'bb_std': 1.5, 'width_period': 10, 'squeeze_pct': 15.0, 'momentum_period': 15, 'hold_bars': 48, 'sl_atr_mult': 1.5, 'atr_period': 18}. Best is trial 22 with value: 1.7935965217894763.
[I 2026-05-31 01:31:49,140] Trial 23 finished with value: 1.7935965217894763 and parameters: {'bb_period': 25, 'bb_std': 2.0, 'width_period': 30, 'squeeze_pct': 15.0, 'momentum_period': 30, 'hold_bars': 12, 'sl_atr_mult': 1.5, 'atr_period': 10}. Best is trial 22 with value: 1.7935965217894763.
[I 2026-05-31 01:31:49,472] Trial 24 finished with value: -0.370604359507627 and parameters: {'bb_period': 25, 'bb_std': 2.0, 'width_period': 30, 'squeeze_pct': 10.0, 'momentum_period': 20, 'hold_bars': 12, 'sl_atr_mult': 1.5, 'atr_period': 10}. Best is trial 22 with value: 1.7935965217894763.
C:\Users\הלל\Desktop\algo projects\trading-research-factory\walk forward engine\.venv\lib\site-packages\optuna\samplers\_tpe\sampler.py:319: ExperimentalWarning: ``multivariate`` option is an experimental feature. The interface can change in the future.
  warnings.warn(
[I 2026-05-31 01:31:50,053] A new study created in memory with name: no-name-e814c60c-5d44-4d27-b900-ae8d18b7ece6
C:\Users\הלל\Desktop\algo projects\trading-research-factory\walk forward engine\.venv\lib\site-packages\optuna\distributions.py:700: UserWarning: The distribution is specified by [10, 20] and step=4, but the range is not divisible by `step`. It will be replaced by [10, 18].
  warnings.warn(
C:\Users\הלל\Desktop\algo projects\trading-research-factory\walk forward engine\.venv\lib\site-packages\optuna\distributions.py:700: UserWarning: The distribution is specified by [10, 20] and step=4, but the range is not divisible by `step`. It will be replaced by [10, 18].
  warnings.warn(
C:\Users\הלל\Desktop\algo projects\trading-research-factory\walk forward engine\.venv\lib\site-packages\optuna\distributions.py:700: UserWarning: The distribution is specified by [10, 20] and step=4, but the range is not divisible by `step`. It will be replaced by [10, 18].
  warnings.warn(
C:\Users\הלל\Desktop\algo projects\trading-research-factory\walk forward engine\.venv\lib\site-packages\optuna\distributions.py:700: UserWarning: The distribution is specified by [10, 20] and step=4, but the range is not divisible by `step`. It will be replaced by [10, 18].
  warnings.warn(
C:\Users\הלל\Desktop\algo projects\trading-research-factory\walk forward engine\.venv\lib\site-packages\optuna\distributions.py:700: UserWarning: The distribution is specified by [10, 20] and step=4, but the range is not divisible by `step`. It will be replaced by [10, 18].
  warnings.warn(
C:\Users\הלל\Desktop\algo projects\trading-research-factory\walk forward engine\.venv\lib\site-packages\optuna\distributions.py:700: UserWarning: The distribution is specified by [10, 20] and step=4, but the range is not divisible by `step`. It will be replaced by [10, 18].
  warnings.warn(
[I 2026-05-31 01:31:56,506] Trial 0 finished with value: -1.7285446075993902 and parameters: {'bb_period': 20, 'bb_std': 2.0, 'width_period': 30, 'squeeze_pct': 25.0, 'momentum_period': 20, 'hold_bars': 24, 'sl_atr_mult': 2.5, 'atr_period': 18}. Best is trial 0 with value: -1.7285446075993902.
C:\Users\הלל\Desktop\algo projects\trading-research-factory\walk forward engine\.venv\lib\site-packages\optuna\distributions.py:700: UserWarning: The distribution is specified by [10, 20] and step=4, but the range is not divisible by `step`. It will be replaced by [10, 18].
  warnings.warn(
[I 2026-05-31 01:31:56,697] Trial 3 finished with value: 1.2552169163802263 and parameters: {'bb_period': 20, 'bb_std': 2.5, 'width_period': 30, 'squeeze_pct': 10.0, 'momentum_period': 20, 'hold_bars': 36, 'sl_atr_mult': 2.5, 'atr_period': 14}. Best is trial 3 with value: 1.2552169163802263.
C:\Users\הלל\Desktop\algo projects\trading-research-factory\walk forward engine\.venv\lib\site-packages\optuna\distributions.py:700: UserWarning: The distribution is specified by [10, 20] and step=4, but the range is not divisible by `step`. It will be replaced by [10, 18].
  warnings.warn(
[I 2026-05-31 01:31:56,903] Trial 4 finished with value: -0.49494409578688786 and parameters: {'bb_period': 15, 'bb_std': 1.5, 'width_period': 10, 'squeeze_pct': 25.0, 'momentum_period': 15, 'hold_bars': 24, 'sl_atr_mult': 1.5, 'atr_period': 10}. Best is trial 3 with value: 1.2552169163802263.
C:\Users\הלל\Desktop\algo projects\trading-research-factory\walk forward engine\.venv\lib\site-packages\optuna\distributions.py:700: UserWarning: The distribution is specified by [10, 20] and step=4, but the range is not divisible by `step`. It will be replaced by [10, 18].
  warnings.warn(
[I 2026-05-31 01:31:56,953] Trial 1 finished with value: -1.6077090605171729 and parameters: {'bb_period': 25, 'bb_std': 2.5, 'width_period': 30, 'squeeze_pct': 20.0, 'momentum_period': 25, 'hold_bars': 24, 'sl_atr_mult': 3.0, 'atr_period': 14}. Best is trial 3 with value: 1.2552169163802263.
C:\Users\הלל\Desktop\algo projects\trading-research-factory\walk forward engine\.venv\lib\site-packages\optuna\distributions.py:700: UserWarning: The distribution is specified by [10, 20] and step=4, but the range is not divisible by `step`. It will be replaced by [10, 18].
  warnings.warn(
[I 2026-05-31 01:31:57,181] Trial 5 finished with value: 1.9129919364163326 and parameters: {'bb_period': 10, 'bb_std': 2.5, 'width_period': 20, 'squeeze_pct': 20.0, 'momentum_period': 30, 'hold_bars': 36, 'sl_atr_mult': 3.0, 'atr_period': 18}. Best is trial 5 with value: 1.9129919364163326.
[I 2026-05-31 01:31:57,181] Trial 7 finished with value: 0.7729815416498489 and parameters: {'bb_period': 15, 'bb_std': 1.5, 'width_period': 10, 'squeeze_pct': 15.0, 'momentum_period': 20, 'hold_bars': 36, 'sl_atr_mult': 1.5, 'atr_period': 18}. Best is trial 5 with value: 1.9129919364163326.
C:\Users\הלל\Desktop\algo projects\trading-research-factory\walk forward engine\.venv\lib\site-packages\optuna\distributions.py:700: UserWarning: The distribution is specified by [10, 20] and step=4, but the range is not divisible by `step`. It will be replaced by [10, 18].
  warnings.warn(
[I 2026-05-31 01:31:57,350] Trial 6 finished with value: 0.23168057962707247 and parameters: {'bb_period': 15, 'bb_std': 2.5, 'width_period': 10, 'squeeze_pct': 20.0, 'momentum_period': 10, 'hold_bars': 36, 'sl_atr_mult': 2.5, 'atr_period': 18}. Best is trial 5 with value: 1.9129919364163326.
C:\Users\הלל\Desktop\algo projects\trading-research-factory\walk forward engine\.venv\lib\site-packages\optuna\distributions.py:700: UserWarning: The distribution is specified by [10, 20] and step=4, but the range is not divisible by `step`. It will be replaced by [10, 18].
  warnings.warn(
[I 2026-05-31 01:31:57,552] Trial 2 finished with value: 1.2412476463611868 and parameters: {'bb_period': 15, 'bb_std': 1.5, 'width_period': 10, 'squeeze_pct': 25.0, 'momentum_period': 15, 'hold_bars': 36, 'sl_atr_mult': 1.5, 'atr_period': 10}. Best is trial 5 with value: 1.9129919364163326.
C:\Users\הלל\Desktop\algo projects\trading-research-factory\walk forward engine\.venv\lib\site-packages\optuna\distributions.py:700: UserWarning: The distribution is specified by [10, 20] and step=4, but the range is not divisible by `step`. It will be replaced by [10, 18].
  warnings.warn(
[I 2026-05-31 01:32:04,172] Trial 8 finished with value: 1.4343436083254146 and parameters: {'bb_period': 15, 'bb_std': 2.5, 'width_period': 10, 'squeeze_pct': 25.0, 'momentum_period': 25, 'hold_bars': 36, 'sl_atr_mult': 3.0, 'atr_period': 10}. Best is trial 5 with value: 1.9129919364163326.
C:\Users\הלל\Desktop\algo projects\trading-research-factory\walk forward engine\.venv\lib\site-packages\optuna\distributions.py:700: UserWarning: The distribution is specified by [10, 20] and step=4, but the range is not divisible by `step`. It will be replaced by [10, 18].
  warnings.warn(
[I 2026-05-31 01:32:04,503] Trial 9 finished with value: -0.7552517164564824 and parameters: {'bb_period': 20, 'bb_std': 1.5, 'width_period': 20, 'squeeze_pct': 25.0, 'momentum_period': 10, 'hold_bars': 24, 'sl_atr_mult': 2.0, 'atr_period': 10}. Best is trial 5 with value: 1.9129919364163326.
[I 2026-05-31 01:32:04,571] Trial 13 finished with value: -0.6437526840493055 and parameters: {'bb_period': 25, 'bb_std': 2.5, 'width_period': 20, 'squeeze_pct': 20.0, 'momentum_period': 20, 'hold_bars': 48, 'sl_atr_mult': 2.5, 'atr_period': 18}. Best is trial 5 with value: 1.9129919364163326.
[I 2026-05-31 01:32:04,571] Trial 10 finished with value: -0.3500629771458703 and parameters: {'bb_period': 15, 'bb_std': 2.5, 'width_period': 20, 'squeeze_pct': 10.0, 'momentum_period': 25, 'hold_bars': 12, 'sl_atr_mult': 1.5, 'atr_period': 10}. Best is trial 5 with value: 1.9129919364163326.
[I 2026-05-31 01:32:04,702] Trial 12 finished with value: -0.45271540182691533 and parameters: {'bb_period': 15, 'bb_std': 2.5, 'width_period': 30, 'squeeze_pct': 15.0, 'momentum_period': 25, 'hold_bars': 48, 'sl_atr_mult': 3.0, 'atr_period': 14}. Best is trial 5 with value: 1.9129919364163326.
C:\Users\הלל\Desktop\algo projects\trading-research-factory\walk forward engine\.venv\lib\site-packages\optuna\distributions.py:700: UserWarning: The distribution is specified by [10, 20] and step=4, but the range is not divisible by `step`. It will be replaced by [10, 18].
  warnings.warn(
C:\Users\הלל\Desktop\algo projects\trading-research-factory\walk forward engine\.venv\lib\site-packages\optuna\distributions.py:700: UserWarning: The distribution is specified by [10, 20] and step=4, but the range is not divisible by `step`. It will be replaced by [10, 18].
  warnings.warn(
C:\Users\הלל\Desktop\algo projects\trading-research-factory\walk forward engine\.venv\lib\site-packages\optuna\distributions.py:700: UserWarning: The distribution is specified by [10, 20] and step=4, but the range is not divisible by `step`. It will be replaced by [10, 18].
  warnings.warn(
[I 2026-05-31 01:32:05,210] Trial 15 finished with value: -1.0365559248234064 and parameters: {'bb_period': 20, 'bb_std': 2.5, 'width_period': 30, 'squeeze_pct': 10.0, 'momentum_period': 20, 'hold_bars': 48, 'sl_atr_mult': 2.5, 'atr_period': 10}. Best is trial 5 with value: 1.9129919364163326.
[I 2026-05-31 01:32:05,242] Trial 11 finished with value: -0.6375072175237358 and parameters: {'bb_period': 15, 'bb_std': 2.5, 'width_period': 10, 'squeeze_pct': 15.0, 'momentum_period': 20, 'hold_bars': 48, 'sl_atr_mult': 1.5, 'atr_period': 18}. Best is trial 5 with value: 1.9129919364163326.
C:\Users\הלל\Desktop\algo projects\trading-research-factory\walk forward engine\.venv\lib\site-packages\optuna\distributions.py:700: UserWarning: The distribution is specified by [10, 20] and step=4, but the range is not divisible by `step`. It will be replaced by [10, 18].
  warnings.warn(
C:\Users\הלל\Desktop\algo projects\trading-research-factory\walk forward engine\.venv\lib\site-packages\optuna\distributions.py:700: UserWarning: The distribution is specified by [10, 20] and step=4, but the range is not divisible by `step`. It will be replaced by [10, 18].
  warnings.warn(
[I 2026-05-31 01:32:05,506] Trial 14 finished with value: 0.7478291363256206 and parameters: {'bb_period': 10, 'bb_std': 2.0, 'width_period': 10, 'squeeze_pct': 20.0, 'momentum_period': 10, 'hold_bars': 24, 'sl_atr_mult': 1.5, 'atr_period': 10}. Best is trial 5 with value: 1.9129919364163326.
C:\Users\הלל\Desktop\algo projects\trading-research-factory\walk forward engine\.venv\lib\site-packages\optuna\distributions.py:700: UserWarning: The distribution is specified by [10, 20] and step=4, but the range is not divisible by `step`. It will be replaced by [10, 18].
  warnings.warn(
[I 2026-05-31 01:32:14,480] Trial 17 finished with value: 2.5183234421009133 and parameters: {'bb_period': 10, 'bb_std': 2.0, 'width_period': 10, 'squeeze_pct': 20.0, 'momentum_period': 25, 'hold_bars': 36, 'sl_atr_mult': 3.0, 'atr_period': 18}. Best is trial 17 with value: 2.5183234421009133.
C:\Users\הלל\Desktop\algo projects\trading-research-factory\walk forward engine\.venv\lib\site-packages\optuna\distributions.py:700: UserWarning: The distribution is specified by [10, 20] and step=4, but the range is not divisible by `step`. It will be replaced by [10, 18].
  warnings.warn(
[I 2026-05-31 01:32:14,801] Trial 18 finished with value: 0.7953510358884798 and parameters: {'bb_period': 20, 'bb_std': 2.5, 'width_period': 10, 'squeeze_pct': 25.0, 'momentum_period': 25, 'hold_bars': 36, 'sl_atr_mult': 3.0, 'atr_period': 10}. Best is trial 17 with value: 2.5183234421009133.
[I 2026-05-31 01:32:15,085] Trial 19 finished with value: 1.6128236838103398 and parameters: {'bb_period': 10, 'bb_std': 2.0, 'width_period': 20, 'squeeze_pct': 20.0, 'momentum_period': 25, 'hold_bars': 36, 'sl_atr_mult': 3.0, 'atr_period': 18}. Best is trial 17 with value: 2.5183234421009133.
[I 2026-05-31 01:32:15,133] Trial 20 finished with value: -1.2378750791313216 and parameters: {'bb_period': 15, 'bb_std': 2.5, 'width_period': 10, 'squeeze_pct': 20.0, 'momentum_period': 25, 'hold_bars': 24, 'sl_atr_mult': 2.5, 'atr_period': 10}. Best is trial 17 with value: 2.5183234421009133.
[I 2026-05-31 01:32:15,374] Trial 21 finished with value: 0.6957051174966029 and parameters: {'bb_period': 10, 'bb_std': 2.5, 'width_period': 20, 'squeeze_pct': 25.0, 'momentum_period': 30, 'hold_bars': 36, 'sl_atr_mult': 2.5, 'atr_period': 18}. Best is trial 17 with value: 2.5183234421009133.
[I 2026-05-31 01:32:15,435] Trial 16 finished with value: -1.0906782209364012 and parameters: {'bb_period': 25, 'bb_std': 1.5, 'width_period': 20, 'squeeze_pct': 20.0, 'momentum_period': 25, 'hold_bars': 24, 'sl_atr_mult': 2.0, 'atr_period': 18}. Best is trial 17 with value: 2.5183234421009133.
[I 2026-05-31 01:32:15,639] Trial 23 finished with value: -0.5932186536221021 and parameters: {'bb_period': 15, 'bb_std': 2.5, 'width_period': 10, 'squeeze_pct': 25.0, 'momentum_period': 25, 'hold_bars': 24, 'sl_atr_mult': 3.0, 'atr_period': 10}. Best is trial 17 with value: 2.5183234421009133.
[I 2026-05-31 01:32:15,674] Trial 22 finished with value: 2.411200792835025 and parameters: {'bb_period': 10, 'bb_std': 2.5, 'width_period': 10, 'squeeze_pct': 20.0, 'momentum_period': 20, 'hold_bars': 36, 'sl_atr_mult': 3.0, 'atr_period': 10}. Best is trial 17 with value: 2.5183234421009133.
