[I 2026-05-31 01:36:56,110] Trial 24 finished with value: 2.161869319558748 and parameters: {'bb_period': 15, 'bb_std': 2.5, 'width_period': 30, 'squeeze_pct': 25.0, 'momentum_period': 20, 'hold_bars': 24, 'sl_atr_mult': 3.0, 'atr_period': 10}. Best is trial 10 with value: 2.601337319264965.
C:\Users\הלל\Desktop\algo projects\trading-research-factory\walk forward engine\.venv\lib\site-packages\optuna\samplers\_tpe\sampler.py:319: ExperimentalWarning: ``multivariate`` option is an experimental feature. The interface can change in the future.
  warnings.warn(
[I 2026-05-31 01:36:56,611] A new study created in memory with name: no-name-5b1e030a-af3a-4f4b-8700-8c5be15175b8
C:\Users\הלל\Desktop\algo projects\trading-research-factory\walk forward engine\.venv\lib\site-packages\optuna\distributions.py:700: UserWarning: The distribution is specified by [10, 20] and step=4, but the range is not divisible by `step`. It will be replaced by [10, 18].
  warnings.warn(
C:\Users\הלל\Desktop\algo projects\trading-research-factory\walk forward engine\.venv\lib\site-packages\optuna\distributions.py:700: UserWarning: The distribution is specified by [10, 20] and step=4, but the range is not divisible by `step`. It will be replaced by [10, 18].
  warnings.warn(
C:\Users\הלל\Desktop\algo projects\trading-research-factory\walk forward engine\.venv\lib\site-packages\optuna\distributions.py:700: UserWarning: The distribution is specified by [10, 20] and step=4, but the range is not divisible by `step`. It will be replaced by [10, 18].
  warnings.warn(
C:\Users\הלל\Desktop\algo projects\trading-research-factory\walk forward engine\.venv\lib\site-packages\optuna\distributions.py:700: UserWarning: The distribution is specified by [10, 20] and step=4, but the range is not divisible by `step`. It will be replaced by [10, 18].
  warnings.warn(
C:\Users\הלל\Desktop\algo projects\trading-research-factory\walk forward engine\.venv\lib\site-packages\optuna\distributions.py:700: UserWarning: The distribution is specified by [10, 20] and step=4, but the range is not divisible by `step`. It will be replaced by [10, 18].
  warnings.warn(
[I 2026-05-31 01:37:03,108] Trial 0 finished with value: -0.9355216371750106 and parameters: {'bb_period': 10, 'bb_std': 2.5, 'width_period': 20, 'squeeze_pct': 20.0, 'momentum_period': 15, 'hold_bars': 36, 'sl_atr_mult': 2.5, 'atr_period': 10}. Best is trial 0 with value: -0.9355216371750106.
C:\Users\הלל\Desktop\algo projects\trading-research-factory\walk forward engine\.venv\lib\site-packages\optuna\distributions.py:700: UserWarning: The distribution is specified by [10, 20] and step=4, but the range is not divisible by `step`. It will be replaced by [10, 18].
  warnings.warn(
[I 2026-05-31 01:37:03,293] Trial 5 finished with value: 1.060044192648757 and parameters: {'bb_period': 25, 'bb_std': 2.5, 'width_period': 30, 'squeeze_pct': 10.0, 'momentum_period': 25, 'hold_bars': 12, 'sl_atr_mult': 2.0, 'atr_period': 10}. Best is trial 5 with value: 1.060044192648757.
C:\Users\הלל\Desktop\algo projects\trading-research-factory\walk forward engine\.venv\lib\site-packages\optuna\distributions.py:700: UserWarning: The distribution is specified by [10, 20] and step=4, but the range is not divisible by `step`. It will be replaced by [10, 18].
  warnings.warn(
[I 2026-05-31 01:37:03,609] Trial 2 finished with value: -1.1409703385223064 and parameters: {'bb_period': 15, 'bb_std': 2.0, 'width_period': 30, 'squeeze_pct': 10.0, 'momentum_period': 25, 'hold_bars': 12, 'sl_atr_mult': 3.0, 'atr_period': 10}. Best is trial 5 with value: 1.060044192648757.
C:\Users\הלל\Desktop\algo projects\trading-research-factory\walk forward engine\.venv\lib\site-packages\optuna\distributions.py:700: UserWarning: The distribution is specified by [10, 20] and step=4, but the range is not divisible by `step`. It will be replaced by [10, 18].
  warnings.warn(
[I 2026-05-31 01:37:03,786] Trial 1 finished with value: -0.3938048077524015 and parameters: {'bb_period': 10, 'bb_std': 2.5, 'width_period': 10, 'squeeze_pct': 15.0, 'momentum_period': 30, 'hold_bars': 12, 'sl_atr_mult': 2.0, 'atr_period': 18}. Best is trial 5 with value: 1.060044192648757.
C:\Users\הלל\Desktop\algo projects\trading-research-factory\walk forward engine\.venv\lib\site-packages\optuna\distributions.py:700: UserWarning: The distribution is specified by [10, 20] and step=4, but the range is not divisible by `step`. It will be replaced by [10, 18].
  warnings.warn(
[I 2026-05-31 01:37:03,828] Trial 4 finished with value: -3.1585541944555806 and parameters: {'bb_period': 10, 'bb_std': 1.5, 'width_period': 30, 'squeeze_pct': 15.0, 'momentum_period': 30, 'hold_bars': 12, 'sl_atr_mult': 3.0, 'atr_period': 14}. Best is trial 5 with value: 1.060044192648757.
C:\Users\הלל\Desktop\algo projects\trading-research-factory\walk forward engine\.venv\lib\site-packages\optuna\distributions.py:700: UserWarning: The distribution is specified by [10, 20] and step=4, but the range is not divisible by `step`. It will be replaced by [10, 18].
  warnings.warn(
[I 2026-05-31 01:37:04,028] Trial 3 finished with value: -1.4665272413711297 and parameters: {'bb_period': 15, 'bb_std': 1.5, 'width_period': 20, 'squeeze_pct': 15.0, 'momentum_period': 20, 'hold_bars': 24, 'sl_atr_mult': 2.0, 'atr_period': 10}. Best is trial 5 with value: 1.060044192648757.
C:\Users\הלל\Desktop\algo projects\trading-research-factory\walk forward engine\.venv\lib\site-packages\optuna\distributions.py:700: UserWarning: The distribution is specified by [10, 20] and step=4, but the range is not divisible by `step`. It will be replaced by [10, 18].
  warnings.warn(
[I 2026-05-31 01:37:04,184] Trial 7 finished with value: -0.3117590822668952 and parameters: {'bb_period': 20, 'bb_std': 2.0, 'width_period': 10, 'squeeze_pct': 15.0, 'momentum_period': 15, 'hold_bars': 48, 'sl_atr_mult': 3.0, 'atr_period': 14}. Best is trial 5 with value: 1.060044192648757.
C:\Users\הלל\Desktop\algo projects\trading-research-factory\walk forward engine\.venv\lib\site-packages\optuna\distributions.py:700: UserWarning: The distribution is specified by [10, 20] and step=4, but the range is not divisible by `step`. It will be replaced by [10, 18].
  warnings.warn(
[I 2026-05-31 01:37:04,239] Trial 6 finished with value: 1.192429726439867 and parameters: {'bb_period': 15, 'bb_std': 2.0, 'width_period': 20, 'squeeze_pct': 10.0, 'momentum_period': 30, 'hold_bars': 48, 'sl_atr_mult': 3.0, 'atr_period': 10}. Best is trial 6 with value: 1.192429726439867.
C:\Users\הלל\Desktop\algo projects\trading-research-factory\walk forward engine\.venv\lib\site-packages\optuna\distributions.py:700: UserWarning: The distribution is specified by [10, 20] and step=4, but the range is not divisible by `step`. It will be replaced by [10, 18].
  warnings.warn(
[I 2026-05-31 01:37:10,678] Trial 8 finished with value: 0.35531988456649166 and parameters: {'bb_period': 10, 'bb_std': 1.5, 'width_period': 20, 'squeeze_pct': 20.0, 'momentum_period': 10, 'hold_bars': 24, 'sl_atr_mult': 1.5, 'atr_period': 14}. Best is trial 6 with value: 1.192429726439867.
C:\Users\הלל\Desktop\algo projects\trading-research-factory\walk forward engine\.venv\lib\site-packages\optuna\distributions.py:700: UserWarning: The distribution is specified by [10, 20] and step=4, but the range is not divisible by `step`. It will be replaced by [10, 18].
  warnings.warn(
[I 2026-05-31 01:37:11,008] Trial 9 finished with value: -0.12081056012904764 and parameters: {'bb_period': 10, 'bb_std': 2.0, 'width_period': 20, 'squeeze_pct': 25.0, 'momentum_period': 20, 'hold_bars': 24, 'sl_atr_mult': 1.5, 'atr_period': 10}. Best is trial 6 with value: 1.192429726439867.
C:\Users\הלל\Desktop\algo projects\trading-research-factory\walk forward engine\.venv\lib\site-packages\optuna\distributions.py:700: UserWarning: The distribution is specified by [10, 20] and step=4, but the range is not divisible by `step`. It will be replaced by [10, 18].
  warnings.warn(
[I 2026-05-31 01:37:11,276] Trial 10 finished with value: -0.016013967187551013 and parameters: {'bb_period': 20, 'bb_std': 1.5, 'width_period': 30, 'squeeze_pct': 15.0, 'momentum_period': 15, 'hold_bars': 12, 'sl_atr_mult': 1.5, 'atr_period': 14}. Best is trial 6 with value: 1.192429726439867.
[I 2026-05-31 01:37:11,459] Trial 11 finished with value: 0.7431323328640623 and parameters: {'bb_period': 25, 'bb_std': 2.5, 'width_period': 30, 'squeeze_pct': 10.0, 'momentum_period': 10, 'hold_bars': 24, 'sl_atr_mult': 2.5, 'atr_period': 14}. Best is trial 6 with value: 1.192429726439867.
C:\Users\הלל\Desktop\algo projects\trading-research-factory\walk forward engine\.venv\lib\site-packages\optuna\distributions.py:700: UserWarning: The distribution is specified by [10, 20] and step=4, but the range is not divisible by `step`. It will be replaced by [10, 18].
  warnings.warn(
[I 2026-05-31 01:37:11,554] Trial 13 finished with value: 2.01184926329023 and parameters: {'bb_period': 25, 'bb_std': 2.5, 'width_period': 30, 'squeeze_pct': 20.0, 'momentum_period': 30, 'hold_bars': 48, 'sl_atr_mult': 1.5, 'atr_period': 10}. Best is trial 13 with value: 2.01184926329023.
C:\Users\הלל\Desktop\algo projects\trading-research-factory\walk forward engine\.venv\lib\site-packages\optuna\distributions.py:700: UserWarning: The distribution is specified by [10, 20] and step=4, but the range is not divisible by `step`. It will be replaced by [10, 18].
  warnings.warn(
C:\Users\הלל\Desktop\algo projects\trading-research-factory\walk forward engine\.venv\lib\site-packages\optuna\distributions.py:700: UserWarning: The distribution is specified by [10, 20] and step=4, but the range is not divisible by `step`. It will be replaced by [10, 18].
  warnings.warn(
[I 2026-05-31 01:37:11,969] Trial 14 finished with value: -0.3448752546371411 and parameters: {'bb_period': 20, 'bb_std': 2.5, 'width_period': 10, 'squeeze_pct': 15.0, 'momentum_period': 30, 'hold_bars': 36, 'sl_atr_mult': 1.5, 'atr_period': 18}. Best is trial 13 with value: 2.01184926329023.
[I 2026-05-31 01:37:12,007] Trial 12 finished with value: -1.0018500912484132 and parameters: {'bb_period': 10, 'bb_std': 1.5, 'width_period': 10, 'squeeze_pct': 10.0, 'momentum_period': 10, 'hold_bars': 24, 'sl_atr_mult': 3.0, 'atr_period': 14}. Best is trial 13 with value: 2.01184926329023.
C:\Users\הלל\Desktop\algo projects\trading-research-factory\walk forward engine\.venv\lib\site-packages\optuna\distributions.py:700: UserWarning: The distribution is specified by [10, 20] and step=4, but the range is not divisible by `step`. It will be replaced by [10, 18].
  warnings.warn(
C:\Users\הלל\Desktop\algo projects\trading-research-factory\walk forward engine\.venv\lib\site-packages\optuna\distributions.py:700: UserWarning: The distribution is specified by [10, 20] and step=4, but the range is not divisible by `step`. It will be replaced by [10, 18].
  warnings.warn(
[I 2026-05-31 01:37:12,430] Trial 15 finished with value: -0.4086577799401369 and parameters: {'bb_period': 10, 'bb_std': 2.0, 'width_period': 10, 'squeeze_pct': 25.0, 'momentum_period': 25, 'hold_bars': 24, 'sl_atr_mult': 3.0, 'atr_period': 14}. Best is trial 13 with value: 2.01184926329023.
C:\Users\הלל\Desktop\algo projects\trading-research-factory\walk forward engine\.venv\lib\site-packages\optuna\distributions.py:700: UserWarning: The distribution is specified by [10, 20] and step=4, but the range is not divisible by `step`. It will be replaced by [10, 18].
  warnings.warn(
[I 2026-05-31 01:37:18,324] Trial 16 finished with value: -2.526055301812356 and parameters: {'bb_period': 15, 'bb_std': 1.5, 'width_period': 10, 'squeeze_pct': 20.0, 'momentum_period': 25, 'hold_bars': 12, 'sl_atr_mult': 2.0, 'atr_period': 18}. Best is trial 13 with value: 2.01184926329023.
C:\Users\הלל\Desktop\algo projects\trading-research-factory\walk forward engine\.venv\lib\site-packages\optuna\distributions.py:700: UserWarning: The distribution is specified by [10, 20] and step=4, but the range is not divisible by `step`. It will be replaced by [10, 18].
  warnings.warn(
[I 2026-05-31 01:37:18,659] Trial 17 finished with value: -0.24349629276756352 and parameters: {'bb_period': 10, 'bb_std': 1.5, 'width_period': 20, 'squeeze_pct': 10.0, 'momentum_period': 25, 'hold_bars': 48, 'sl_atr_mult': 3.0, 'atr_period': 14}. Best is trial 13 with value: 2.01184926329023.
[I 2026-05-31 01:37:18,961] Trial 19 finished with value: 2.2712767753755063 and parameters: {'bb_period': 25, 'bb_std': 2.5, 'width_period': 30, 'squeeze_pct': 15.0, 'momentum_period': 25, 'hold_bars': 12, 'sl_atr_mult': 1.5, 'atr_period': 10}. Best is trial 19 with value: 2.2712767753755063.
[I 2026-05-31 01:37:18,969] Trial 18 finished with value: -0.19596052960682867 and parameters: {'bb_period': 25, 'bb_std': 2.0, 'width_period': 20, 'squeeze_pct': 10.0, 'momentum_period': 30, 'hold_bars': 12, 'sl_atr_mult': 2.0, 'atr_period': 10}. Best is trial 19 with value: 2.2712767753755063.
[I 2026-05-31 01:37:19,017] Trial 20 finished with value: 1.8650177178021687 and parameters: {'bb_period': 25, 'bb_std': 2.5, 'width_period': 30, 'squeeze_pct': 20.0, 'momentum_period': 30, 'hold_bars': 48, 'sl_atr_mult': 2.0, 'atr_period': 10}. Best is trial 19 with value: 2.2712767753755063.
[I 2026-05-31 01:37:19,249] Trial 21 finished with value: 0.298427589950412 and parameters: {'bb_period': 20, 'bb_std': 2.5, 'width_period': 30, 'squeeze_pct': 20.0, 'momentum_period': 30, 'hold_bars': 48, 'sl_atr_mult': 1.5, 'atr_period': 10}. Best is trial 19 with value: 2.2712767753755063.
[I 2026-05-31 01:37:19,296] Trial 22 finished with value: 1.5425191846842123 and parameters: {'bb_period': 25, 'bb_std': 2.5, 'width_period': 30, 'squeeze_pct': 15.0, 'momentum_period': 30, 'hold_bars': 48, 'sl_atr_mult': 1.5, 'atr_period': 10}. Best is trial 19 with value: 2.2712767753755063.
[I 2026-05-31 01:37:19,423] Trial 23 finished with value: 1.3924642648005081 and parameters: {'bb_period': 20, 'bb_std': 2.5, 'width_period': 30, 'squeeze_pct': 25.0, 'momentum_period': 30, 'hold_bars': 48, 'sl_atr_mult': 1.5, 'atr_period': 10}. Best is trial 19 with value: 2.2712767753755063.
[I 2026-05-31 01:37:19,753] Trial 24 finished with value: 2.2788742650013156 and parameters: {'bb_period': 25, 'bb_std': 2.5, 'width_period': 30, 'squeeze_pct': 20.0, 'momentum_period': 30, 'hold_bars': 48, 'sl_atr_mult': 1.5, 'atr_period': 14}. Best is trial 24 with value: 2.2788742650013156.
C:\Users\הלל\Desktop\algo projects\trading-research-factory\walk forward engine\.venv\lib\site-packages\optuna\samplers\_tpe\sampler.py:319: ExperimentalWarning: ``multivariate`` option is an experimental feature. The interface can change in the future.
  warnings.warn(
[I 2026-05-31 01:37:20,261] A new study created in memory with name: no-name-fc154eaa-f952-4a83-a693-b720d9a0014a
C:\Users\הלל\Desktop\algo projects\trading-research-factory\walk forward engine\.venv\lib\site-packages\optuna\distributions.py:700: UserWarning: The distribution is specified by [10, 20] and step=4, but the range is not divisible by `step`. It will be replaced by [10, 18].
  warnings.warn(
C:\Users\הלל\Desktop\algo projects\trading-research-factory\walk forward engine\.venv\lib\site-packages\optuna\distributions.py:700: UserWarning: The distribution is specified by [10, 20] and step=4, but the range is not divisible by `step`. It will be replaced by [10, 18].
  warnings.warn(
C:\Users\הלל\Desktop\algo projects\trading-research-factory\walk forward engine\.venv\lib\site-packages\optuna\distributions.py:700: UserWarning: The distribution is specified by [10, 20] and step=4, but the range is not divisible by `step`. It will be replaced by [10, 18].
  warnings.warn(
C:\Users\הלל\Desktop\algo projects\trading-research-factory\walk forward engine\.venv\lib\site-packages\optuna\distributions.py:700: UserWarning: The distribution is specified by [10, 20] and step=4, but the range is not divisible by `step`. It will be replaced by [10, 18].
  warnings.warn(
C:\Users\הלל\Desktop\algo projects\trading-research-factory\walk forward engine\.venv\lib\site-packages\optuna\distributions.py:700: UserWarning: The distribution is specified by [10, 20] and step=4, but the range is not divisible by `step`. It will be replaced by [10, 18].
  warnings.warn(
[I 2026-05-31 01:37:26,823] Trial 7 finished with value: -0.3334633704720912 and parameters: {'bb_period': 10, 'bb_std': 2.0, 'width_period': 30, 'squeeze_pct': 25.0, 'momentum_period': 20, 'hold_bars': 48, 'sl_atr_mult': 1.5, 'atr_period': 18}. Best is trial 7 with value: -0.3334633704720912.
C:\Users\הלל\Desktop\algo projects\trading-research-factory\walk forward engine\.venv\lib\site-packages\optuna\distributions.py:700: UserWarning: The distribution is specified by [10, 20] and step=4, but the range is not divisible by `step`. It will be replaced by [10, 18].
  warnings.warn(
[I 2026-05-31 01:37:26,908] Trial 0 finished with value: 0.20586852218776644 and parameters: {'bb_period': 20, 'bb_std': 2.5, 'width_period': 20, 'squeeze_pct': 25.0, 'momentum_period': 15, 'hold_bars': 48, 'sl_atr_mult': 2.0, 'atr_period': 18}. Best is trial 0 with value: 0.20586852218776644.
C:\Users\הלל\Desktop\algo projects\trading-research-factory\walk forward engine\.venv\lib\site-packages\optuna\distributions.py:700: UserWarning: The distribution is specified by [10, 20] and step=4, but the range is not divisible by `step`. It will be replaced by [10, 18].
  warnings.warn(
[I 2026-05-31 01:37:27,077] Trial 6 finished with value: -0.758362299923737 and parameters: {'bb_period': 20, 'bb_std': 1.5, 'width_period': 30, 'squeeze_pct': 20.0, 'momentum_period': 15, 'hold_bars': 24, 'sl_atr_mult': 1.5, 'atr_period': 14}. Best is trial 0 with value: 0.20586852218776644.
C:\Users\הלל\Desktop\algo projects\trading-research-factory\walk forward engine\.venv\lib\site-packages\optuna\distributions.py:700: UserWarning: The distribution is specified by [10, 20] and step=4, but the range is not divisible by `step`. It will be replaced by [10, 18].
  warnings.warn(
[I 2026-05-31 01:37:27,213] Trial 2 finished with value: -0.46974400290855556 and parameters: {'bb_period': 10, 'bb_std': 2.5, 'width_period': 30, 'squeeze_pct': 25.0, 'momentum_period': 25, 'hold_bars': 36, 'sl_atr_mult': 2.5, 'atr_period': 10}. Best is trial 0 with value: 0.20586852218776644.
C:\Users\הלל\Desktop\algo projects\trading-research-factory\walk forward engine\.venv\lib\site-packages\optuna\distributions.py:700: UserWarning: The distribution is specified by [10, 20] and step=4, but the range is not divisible by `step`. It will be replaced by [10, 18].
  warnings.warn(
[I 2026-05-31 01:37:27,563] Trial 1 finished with value: -2.9909820062501975 and parameters: {'bb_period': 15, 'bb_std': 1.5, 'width_period': 30, 'squeeze_pct': 15.0, 'momentum_period': 15, 'hold_bars': 36, 'sl_atr_mult': 3.0, 'atr_period': 10}. Best is trial 0 with value: 0.20586852218776644.
C:\Users\הלל\Desktop\algo projects\trading-research-factory\walk forward engine\.venv\lib\site-packages\optuna\distributions.py:700: UserWarning: The distribution is specified by [10, 20] and step=4, but the range is not divisible by `step`. It will be replaced by [10, 18].
  warnings.warn(
[I 2026-05-31 01:37:27,778] Trial 4 finished with value: -0.327194852856821 and parameters: {'bb_period': 20, 'bb_std': 2.5, 'width_period': 10, 'squeeze_pct': 20.0, 'momentum_period': 10, 'hold_bars': 48, 'sl_atr_mult': 1.5, 'atr_period': 14}. Best is trial 0 with value: 0.20586852218776644.
C:\Users\הלל\Desktop\algo projects\trading-research-factory\walk forward engine\.venv\lib\site-packages\optuna\distributions.py:700: UserWarning: The distribution is specified by [10, 20] and step=4, but the range is not divisible by `step`. It will be replaced by [10, 18].
  warnings.warn(
[I 2026-05-31 01:37:27,937] Trial 5 finished with value: -1.1366675430701 and parameters: {'bb_period': 20, 'bb_std': 2.0, 'width_period': 10, 'squeeze_pct': 15.0, 'momentum_period': 25, 'hold_bars': 12, 'sl_atr_mult': 3.0, 'atr_period': 18}. Best is trial 0 with value: 0.20586852218776644.
C:\Users\הלל\Desktop\algo projects\trading-research-factory\walk forward engine\.venv\lib\site-packages\optuna\distributions.py:700: UserWarning: The distribution is specified by [10, 20] and step=4, but the range is not divisible by `step`. It will be replaced by [10, 18].
  warnings.warn(
[I 2026-05-31 01:37:28,080] Trial 3 finished with value: 0.08072971406588696 and parameters: {'bb_period': 15, 'bb_std': 1.5, 'width_period': 10, 'squeeze_pct': 20.0, 'momentum_period': 30, 'hold_bars': 24, 'sl_atr_mult': 2.5, 'atr_period': 10}. Best is trial 0 with value: 0.20586852218776644.
C:\Users\הלל\Desktop\algo projects\trading-research-factory\walk forward engine\.venv\lib\site-packages\optuna\distributions.py:700: UserWarning: The distribution is specified by [10, 20] and step=4, but the range is not divisible by `step`. It will be replaced by [10, 18].
  warnings.warn(
[I 2026-05-31 01:37:33,959] Trial 9 finished with value: -4.589433360108482 and parameters: {'bb_period': 10, 'bb_std': 1.5, 'width_period': 30, 'squeeze_pct': 20.0, 'momentum_period': 30, 'hold_bars': 48, 'sl_atr_mult': 1.5, 'atr_period': 18}. Best is trial 0 with value: 0.20586852218776644.
C:\Users\הלל\Desktop\algo projects\trading-research-factory\walk forward engine\.venv\lib\site-packages\optuna\distributions.py:700: UserWarning: The distribution is specified by [10, 20] and step=4, but the range is not divisible by `step`. It will be replaced by [10, 18].
  warnings.warn(
