[I 2026-05-31 01:51:43,797] Trial 11 finished with value: 2.630267323632665 and parameters: {'bb_period': 15, 'bb_std': 2.0, 'width_period': 20, 'squeeze_pct': 10.0, 'momentum_period': 25, 'hold_bars': 36, 'sl_atr_mult': 3.0, 'atr_period': 18}. Best is trial 11 with value: 2.630267323632665.
C:\Users\הלל\Desktop\algo projects\trading-research-factory\walk forward engine\.venv\lib\site-packages\optuna\distributions.py:700: UserWarning: The distribution is specified by [10, 20] and step=4, but the range is not divisible by `step`. It will be replaced by [10, 18].
  warnings.warn(
[I 2026-05-31 01:51:44,049] Trial 8 finished with value: 1.0195820202572232 and parameters: {'bb_period': 15, 'bb_std': 1.5, 'width_period': 10, 'squeeze_pct': 20.0, 'momentum_period': 20, 'hold_bars': 12, 'sl_atr_mult': 3.0, 'atr_period': 14}. Best is trial 11 with value: 2.630267323632665.
C:\Users\הלל\Desktop\algo projects\trading-research-factory\walk forward engine\.venv\lib\site-packages\optuna\distributions.py:700: UserWarning: The distribution is specified by [10, 20] and step=4, but the range is not divisible by `step`. It will be replaced by [10, 18].
  warnings.warn(
[I 2026-05-31 01:51:44,379] Trial 14 finished with value: 0.4915096776241749 and parameters: {'bb_period': 25, 'bb_std': 1.5, 'width_period': 20, 'squeeze_pct': 10.0, 'momentum_period': 30, 'hold_bars': 36, 'sl_atr_mult': 1.5, 'atr_period': 14}. Best is trial 11 with value: 2.630267323632665.
[I 2026-05-31 01:51:44,538] Trial 10 finished with value: -0.8001518348437328 and parameters: {'bb_period': 10, 'bb_std': 2.5, 'width_period': 10, 'squeeze_pct': 20.0, 'momentum_period': 25, 'hold_bars': 36, 'sl_atr_mult': 2.5, 'atr_period': 10}. Best is trial 11 with value: 2.630267323632665.
C:\Users\הלל\Desktop\algo projects\trading-research-factory\walk forward engine\.venv\lib\site-packages\optuna\distributions.py:700: UserWarning: The distribution is specified by [10, 20] and step=4, but the range is not divisible by `step`. It will be replaced by [10, 18].
  warnings.warn(
[I 2026-05-31 01:51:44,617] Trial 13 finished with value: 1.9303467613918255 and parameters: {'bb_period': 10, 'bb_std': 2.0, 'width_period': 30, 'squeeze_pct': 15.0, 'momentum_period': 20, 'hold_bars': 48, 'sl_atr_mult': 2.0, 'atr_period': 14}. Best is trial 11 with value: 2.630267323632665.
C:\Users\הלל\Desktop\algo projects\trading-research-factory\walk forward engine\.venv\lib\site-packages\optuna\distributions.py:700: UserWarning: The distribution is specified by [10, 20] and step=4, but the range is not divisible by `step`. It will be replaced by [10, 18].
  warnings.warn(
C:\Users\הלל\Desktop\algo projects\trading-research-factory\walk forward engine\.venv\lib\site-packages\optuna\distributions.py:700: UserWarning: The distribution is specified by [10, 20] and step=4, but the range is not divisible by `step`. It will be replaced by [10, 18].
  warnings.warn(
[I 2026-05-31 01:51:45,022] Trial 12 finished with value: 0.9863020035151254 and parameters: {'bb_period': 10, 'bb_std': 2.0, 'width_period': 20, 'squeeze_pct': 20.0, 'momentum_period': 20, 'hold_bars': 36, 'sl_atr_mult': 2.0, 'atr_period': 10}. Best is trial 11 with value: 2.630267323632665.
[I 2026-05-31 01:51:45,053] Trial 15 finished with value: 2.7713770696030657 and parameters: {'bb_period': 20, 'bb_std': 2.0, 'width_period': 30, 'squeeze_pct': 20.0, 'momentum_period': 30, 'hold_bars': 24, 'sl_atr_mult': 3.0, 'atr_period': 10}. Best is trial 15 with value: 2.7713770696030657.
C:\Users\הלל\Desktop\algo projects\trading-research-factory\walk forward engine\.venv\lib\site-packages\optuna\distributions.py:700: UserWarning: The distribution is specified by [10, 20] and step=4, but the range is not divisible by `step`. It will be replaced by [10, 18].
  warnings.warn(
C:\Users\הלל\Desktop\algo projects\trading-research-factory\walk forward engine\.venv\lib\site-packages\optuna\distributions.py:700: UserWarning: The distribution is specified by [10, 20] and step=4, but the range is not divisible by `step`. It will be replaced by [10, 18].
  warnings.warn(
[I 2026-05-31 01:51:51,646] Trial 16 finished with value: -1.4990415650797007 and parameters: {'bb_period': 10, 'bb_std': 2.0, 'width_period': 20, 'squeeze_pct': 10.0, 'momentum_period': 15, 'hold_bars': 12, 'sl_atr_mult': 1.5, 'atr_period': 10}. Best is trial 15 with value: 2.7713770696030657.
C:\Users\הלל\Desktop\algo projects\trading-research-factory\walk forward engine\.venv\lib\site-packages\optuna\distributions.py:700: UserWarning: The distribution is specified by [10, 20] and step=4, but the range is not divisible by `step`. It will be replaced by [10, 18].
  warnings.warn(
[I 2026-05-31 01:51:51,939] Trial 17 finished with value: 0.9115928384018817 and parameters: {'bb_period': 15, 'bb_std': 2.0, 'width_period': 30, 'squeeze_pct': 10.0, 'momentum_period': 30, 'hold_bars': 36, 'sl_atr_mult': 3.0, 'atr_period': 18}. Best is trial 15 with value: 2.7713770696030657.
[I 2026-05-31 01:51:52,114] Trial 18 finished with value: 0.5024177559689674 and parameters: {'bb_period': 15, 'bb_std': 2.5, 'width_period': 10, 'squeeze_pct': 10.0, 'momentum_period': 25, 'hold_bars': 48, 'sl_atr_mult': 2.5, 'atr_period': 18}. Best is trial 15 with value: 2.7713770696030657.
[I 2026-05-31 01:51:52,340] Trial 20 finished with value: 2.6448929281478137 and parameters: {'bb_period': 15, 'bb_std': 2.0, 'width_period': 20, 'squeeze_pct': 10.0, 'momentum_period': 20, 'hold_bars': 36, 'sl_atr_mult': 3.0, 'atr_period': 18}. Best is trial 15 with value: 2.7713770696030657.
[I 2026-05-31 01:51:52,356] Trial 21 finished with value: 1.7571102538089745 and parameters: {'bb_period': 10, 'bb_std': 2.0, 'width_period': 30, 'squeeze_pct': 15.0, 'momentum_period': 20, 'hold_bars': 48, 'sl_atr_mult': 2.0, 'atr_period': 18}. Best is trial 15 with value: 2.7713770696030657.
[I 2026-05-31 01:51:52,535] Trial 19 finished with value: 2.109471491901693 and parameters: {'bb_period': 15, 'bb_std': 2.0, 'width_period': 20, 'squeeze_pct': 10.0, 'momentum_period': 25, 'hold_bars': 48, 'sl_atr_mult': 2.5, 'atr_period': 18}. Best is trial 15 with value: 2.7713770696030657.
[I 2026-05-31 01:51:52,562] Trial 22 finished with value: 2.146745723095904 and parameters: {'bb_period': 10, 'bb_std': 1.5, 'width_period': 30, 'squeeze_pct': 15.0, 'momentum_period': 30, 'hold_bars': 48, 'sl_atr_mult': 1.5, 'atr_period': 18}. Best is trial 15 with value: 2.7713770696030657.
[I 2026-05-31 01:51:52,677] Trial 23 finished with value: 2.8095293166934874 and parameters: {'bb_period': 20, 'bb_std': 2.0, 'width_period': 30, 'squeeze_pct': 20.0, 'momentum_period': 30, 'hold_bars': 24, 'sl_atr_mult': 3.0, 'atr_period': 14}. Best is trial 23 with value: 2.8095293166934874.
[I 2026-05-31 01:51:53,048] Trial 24 finished with value: 2.6448929281478137 and parameters: {'bb_period': 15, 'bb_std': 2.0, 'width_period': 20, 'squeeze_pct': 10.0, 'momentum_period': 20, 'hold_bars': 36, 'sl_atr_mult': 3.0, 'atr_period': 18}. Best is trial 23 with value: 2.8095293166934874.
C:\Users\הלל\Desktop\algo projects\trading-research-factory\walk forward engine\.venv\lib\site-packages\optuna\samplers\_tpe\sampler.py:319: ExperimentalWarning: ``multivariate`` option is an experimental feature. The interface can change in the future.
  warnings.warn(
[I 2026-05-31 01:51:53,691] A new study created in memory with name: no-name-fda660e3-9e21-490e-aa3d-a95aabbfc6be
C:\Users\הלל\Desktop\algo projects\trading-research-factory\walk forward engine\.venv\lib\site-packages\optuna\distributions.py:700: UserWarning: The distribution is specified by [10, 20] and step=4, but the range is not divisible by `step`. It will be replaced by [10, 18].
  warnings.warn(
C:\Users\הלל\Desktop\algo projects\trading-research-factory\walk forward engine\.venv\lib\site-packages\optuna\distributions.py:700: UserWarning: The distribution is specified by [10, 20] and step=4, but the range is not divisible by `step`. It will be replaced by [10, 18].
  warnings.warn(
C:\Users\הלל\Desktop\algo projects\trading-research-factory\walk forward engine\.venv\lib\site-packages\optuna\distributions.py:700: UserWarning: The distribution is specified by [10, 20] and step=4, but the range is not divisible by `step`. It will be replaced by [10, 18].
  warnings.warn(
C:\Users\הלל\Desktop\algo projects\trading-research-factory\walk forward engine\.venv\lib\site-packages\optuna\distributions.py:700: UserWarning: The distribution is specified by [10, 20] and step=4, but the range is not divisible by `step`. It will be replaced by [10, 18].
  warnings.warn(
C:\Users\הלל\Desktop\algo projects\trading-research-factory\walk forward engine\.venv\lib\site-packages\optuna\distributions.py:700: UserWarning: The distribution is specified by [10, 20] and step=4, but the range is not divisible by `step`. It will be replaced by [10, 18].
  warnings.warn(
[I 2026-05-31 01:52:00,106] Trial 0 finished with value: 1.7839075186702051 and parameters: {'bb_period': 20, 'bb_std': 2.5, 'width_period': 30, 'squeeze_pct': 10.0, 'momentum_period': 25, 'hold_bars': 36, 'sl_atr_mult': 3.0, 'atr_period': 18}. Best is trial 0 with value: 1.7839075186702051.
C:\Users\הלל\Desktop\algo projects\trading-research-factory\walk forward engine\.venv\lib\site-packages\optuna\distributions.py:700: UserWarning: The distribution is specified by [10, 20] and step=4, but the range is not divisible by `step`. It will be replaced by [10, 18].
  warnings.warn(
[I 2026-05-31 01:52:00,205] Trial 3 finished with value: 2.734887648485344 and parameters: {'bb_period': 25, 'bb_std': 1.5, 'width_period': 30, 'squeeze_pct': 20.0, 'momentum_period': 15, 'hold_bars': 36, 'sl_atr_mult': 2.5, 'atr_period': 14}. Best is trial 3 with value: 2.734887648485344.
C:\Users\הלל\Desktop\algo projects\trading-research-factory\walk forward engine\.venv\lib\site-packages\optuna\distributions.py:700: UserWarning: The distribution is specified by [10, 20] and step=4, but the range is not divisible by `step`. It will be replaced by [10, 18].
  warnings.warn(
[I 2026-05-31 01:52:00,563] Trial 1 finished with value: 0.8856538732518537 and parameters: {'bb_period': 20, 'bb_std': 2.0, 'width_period': 20, 'squeeze_pct': 15.0, 'momentum_period': 25, 'hold_bars': 24, 'sl_atr_mult': 3.0, 'atr_period': 10}. Best is trial 3 with value: 2.734887648485344.
C:\Users\הלל\Desktop\algo projects\trading-research-factory\walk forward engine\.venv\lib\site-packages\optuna\distributions.py:700: UserWarning: The distribution is specified by [10, 20] and step=4, but the range is not divisible by `step`. It will be replaced by [10, 18].
  warnings.warn(
[I 2026-05-31 01:52:00,649] Trial 6 finished with value: 1.9112719287142865 and parameters: {'bb_period': 15, 'bb_std': 1.5, 'width_period': 30, 'squeeze_pct': 10.0, 'momentum_period': 25, 'hold_bars': 48, 'sl_atr_mult': 1.5, 'atr_period': 14}. Best is trial 3 with value: 2.734887648485344.
[I 2026-05-31 01:52:00,667] Trial 7 finished with value: -0.2070432155833016 and parameters: {'bb_period': 25, 'bb_std': 2.5, 'width_period': 10, 'squeeze_pct': 15.0, 'momentum_period': 25, 'hold_bars': 24, 'sl_atr_mult': 2.5, 'atr_period': 14}. Best is trial 3 with value: 2.734887648485344.
C:\Users\הלל\Desktop\algo projects\trading-research-factory\walk forward engine\.venv\lib\site-packages\optuna\distributions.py:700: UserWarning: The distribution is specified by [10, 20] and step=4, but the range is not divisible by `step`. It will be replaced by [10, 18].
  warnings.warn(
C:\Users\הלל\Desktop\algo projects\trading-research-factory\walk forward engine\.venv\lib\site-packages\optuna\distributions.py:700: UserWarning: The distribution is specified by [10, 20] and step=4, but the range is not divisible by `step`. It will be replaced by [10, 18].
  warnings.warn(
[I 2026-05-31 01:52:00,744] Trial 4 finished with value: 1.15566963905112 and parameters: {'bb_period': 10, 'bb_std': 1.5, 'width_period': 10, 'squeeze_pct': 25.0, 'momentum_period': 30, 'hold_bars': 24, 'sl_atr_mult': 3.0, 'atr_period': 14}. Best is trial 3 with value: 2.734887648485344.
C:\Users\הלל\Desktop\algo projects\trading-research-factory\walk forward engine\.venv\lib\site-packages\optuna\distributions.py:700: UserWarning: The distribution is specified by [10, 20] and step=4, but the range is not divisible by `step`. It will be replaced by [10, 18].
  warnings.warn(
[I 2026-05-31 01:52:00,760] Trial 5 finished with value: 0.3280926791878636 and parameters: {'bb_period': 25, 'bb_std': 2.5, 'width_period': 20, 'squeeze_pct': 25.0, 'momentum_period': 25, 'hold_bars': 48, 'sl_atr_mult': 3.0, 'atr_period': 10}. Best is trial 3 with value: 2.734887648485344.
C:\Users\הלל\Desktop\algo projects\trading-research-factory\walk forward engine\.venv\lib\site-packages\optuna\distributions.py:700: UserWarning: The distribution is specified by [10, 20] and step=4, but the range is not divisible by `step`. It will be replaced by [10, 18].
  warnings.warn(
[I 2026-05-31 01:52:01,111] Trial 2 finished with value: 1.6580329788233468 and parameters: {'bb_period': 10, 'bb_std': 2.5, 'width_period': 10, 'squeeze_pct': 10.0, 'momentum_period': 25, 'hold_bars': 24, 'sl_atr_mult': 2.0, 'atr_period': 18}. Best is trial 3 with value: 2.734887648485344.
C:\Users\הלל\Desktop\algo projects\trading-research-factory\walk forward engine\.venv\lib\site-packages\optuna\distributions.py:700: UserWarning: The distribution is specified by [10, 20] and step=4, but the range is not divisible by `step`. It will be replaced by [10, 18].
  warnings.warn(
[I 2026-05-31 01:52:07,524] Trial 15 finished with value: 1.3092696656797076 and parameters: {'bb_period': 15, 'bb_std': 2.0, 'width_period': 30, 'squeeze_pct': 25.0, 'momentum_period': 25, 'hold_bars': 12, 'sl_atr_mult': 1.5, 'atr_period': 14}. Best is trial 3 with value: 2.734887648485344.
C:\Users\הלל\Desktop\algo projects\trading-research-factory\walk forward engine\.venv\lib\site-packages\optuna\distributions.py:700: UserWarning: The distribution is specified by [10, 20] and step=4, but the range is not divisible by `step`. It will be replaced by [10, 18].
  warnings.warn(
[I 2026-05-31 01:52:07,624] Trial 8 finished with value: -0.5331133324123535 and parameters: {'bb_period': 20, 'bb_std': 2.0, 'width_period': 30, 'squeeze_pct': 25.0, 'momentum_period': 10, 'hold_bars': 12, 'sl_atr_mult': 3.0, 'atr_period': 18}. Best is trial 3 with value: 2.734887648485344.
[I 2026-05-31 01:52:07,755] Trial 9 finished with value: 1.7345450648668341 and parameters: {'bb_period': 10, 'bb_std': 1.5, 'width_period': 20, 'squeeze_pct': 25.0, 'momentum_period': 25, 'hold_bars': 12, 'sl_atr_mult': 1.5, 'atr_period': 18}. Best is trial 3 with value: 2.734887648485344.
C:\Users\הלל\Desktop\algo projects\trading-research-factory\walk forward engine\.venv\lib\site-packages\optuna\distributions.py:700: UserWarning: The distribution is specified by [10, 20] and step=4, but the range is not divisible by `step`. It will be replaced by [10, 18].
  warnings.warn(
C:\Users\הלל\Desktop\algo projects\trading-research-factory\walk forward engine\.venv\lib\site-packages\optuna\distributions.py:700: UserWarning: The distribution is specified by [10, 20] and step=4, but the range is not divisible by `step`. It will be replaced by [10, 18].
  warnings.warn(
[I 2026-05-31 01:52:07,983] Trial 14 finished with value: -0.7676390441072141 and parameters: {'bb_period': 20, 'bb_std': 1.5, 'width_period': 10, 'squeeze_pct': 15.0, 'momentum_period': 10, 'hold_bars': 36, 'sl_atr_mult': 2.5, 'atr_period': 14}. Best is trial 3 with value: 2.734887648485344.
C:\Users\הלל\Desktop\algo projects\trading-research-factory\walk forward engine\.venv\lib\site-packages\optuna\distributions.py:700: UserWarning: The distribution is specified by [10, 20] and step=4, but the range is not divisible by `step`. It will be replaced by [10, 18].
  warnings.warn(
[I 2026-05-31 01:52:08,175] Trial 11 finished with value: 2.3585463266380775 and parameters: {'bb_period': 10, 'bb_std': 2.0, 'width_period': 20, 'squeeze_pct': 10.0, 'momentum_period': 25, 'hold_bars': 36, 'sl_atr_mult': 2.0, 'atr_period': 14}. Best is trial 3 with value: 2.734887648485344.
[I 2026-05-31 01:52:08,272] Trial 13 finished with value: 1.173565012636716 and parameters: {'bb_period': 10, 'bb_std': 1.5, 'width_period': 10, 'squeeze_pct': 25.0, 'momentum_period': 30, 'hold_bars': 24, 'sl_atr_mult': 3.0, 'atr_period': 10}. Best is trial 3 with value: 2.734887648485344.
C:\Users\הלל\Desktop\algo projects\trading-research-factory\walk forward engine\.venv\lib\site-packages\optuna\distributions.py:700: UserWarning: The distribution is specified by [10, 20] and step=4, but the range is not divisible by `step`. It will be replaced by [10, 18].
  warnings.warn(
C:\Users\הלל\Desktop\algo projects\trading-research-factory\walk forward engine\.venv\lib\site-packages\optuna\distributions.py:700: UserWarning: The distribution is specified by [10, 20] and step=4, but the range is not divisible by `step`. It will be replaced by [10, 18].
  warnings.warn(
[I 2026-05-31 01:52:08,557] Trial 12 finished with value: 1.7340144008158542 and parameters: {'bb_period': 15, 'bb_std': 2.5, 'width_period': 10, 'squeeze_pct': 20.0, 'momentum_period': 10, 'hold_bars': 36, 'sl_atr_mult': 2.0, 'atr_period': 18}. Best is trial 3 with value: 2.734887648485344.
C:\Users\הלל\Desktop\algo projects\trading-research-factory\walk forward engine\.venv\lib\site-packages\optuna\distributions.py:700: UserWarning: The distribution is specified by [10, 20] and step=4, but the range is not divisible by `step`. It will be replaced by [10, 18].
  warnings.warn(
[I 2026-05-31 01:52:08,803] Trial 10 finished with value: -1.0090309613168624 and parameters: {'bb_period': 10, 'bb_std': 2.0, 'width_period': 10, 'squeeze_pct': 20.0, 'momentum_period': 10, 'hold_bars': 36, 'sl_atr_mult': 3.0, 'atr_period': 14}. Best is trial 3 with value: 2.734887648485344.
C:\Users\הלל\Desktop\algo projects\trading-research-factory\walk forward engine\.venv\lib\site-packages\optuna\distributions.py:700: UserWarning: The distribution is specified by [10, 20] and step=4, but the range is not divisible by `step`. It will be replaced by [10, 18].
  warnings.warn(
[I 2026-05-31 01:52:16,801] Trial 16 finished with value: 1.7345450648668341 and parameters: {'bb_period': 10, 'bb_std': 2.0, 'width_period': 20, 'squeeze_pct': 25.0, 'momentum_period': 25, 'hold_bars': 12, 'sl_atr_mult': 1.5, 'atr_period': 18}. Best is trial 3 with value: 2.734887648485344.
C:\Users\הלל\Desktop\algo projects\trading-research-factory\walk forward engine\.venv\lib\site-packages\optuna\distributions.py:700: UserWarning: The distribution is specified by [10, 20] and step=4, but the range is not divisible by `step`. It will be replaced by [10, 18].
  warnings.warn(
[I 2026-05-31 01:52:17,214] Trial 19 finished with value: 1.9196697539017045 and parameters: {'bb_period': 10, 'bb_std': 1.5, 'width_period': 30, 'squeeze_pct': 10.0, 'momentum_period': 25, 'hold_bars': 36, 'sl_atr_mult': 2.0, 'atr_period': 18}. Best is trial 3 with value: 2.734887648485344.
[I 2026-05-31 01:52:17,416] Trial 17 finished with value: 3.603354799019694 and parameters: {'bb_period': 25, 'bb_std': 1.5, 'width_period': 30, 'squeeze_pct': 25.0, 'momentum_period': 15, 'hold_bars': 36, 'sl_atr_mult': 2.5, 'atr_period': 14}. Best is trial 17 with value: 3.603354799019694.
[I 2026-05-31 01:52:17,469] Trial 18 finished with value: 2.984737883606557 and parameters: {'bb_period': 20, 'bb_std': 1.5, 'width_period': 30, 'squeeze_pct': 15.0, 'momentum_period': 30, 'hold_bars': 48, 'sl_atr_mult': 1.5, 'atr_period': 14}. Best is trial 17 with value: 3.603354799019694.
[I 2026-05-31 01:52:17,677] Trial 20 finished with value: 2.7180410800810813 and parameters: {'bb_period': 25, 'bb_std': 1.5, 'width_period': 30, 'squeeze_pct': 20.0, 'momentum_period': 10, 'hold_bars': 36, 'sl_atr_mult': 2.5, 'atr_period': 14}. Best is trial 17 with value: 3.603354799019694.
[I 2026-05-31 01:52:17,775] Trial 21 finished with value: 2.4112392169529357 and parameters: {'bb_period': 20, 'bb_std': 1.5, 'width_period': 30, 'squeeze_pct': 20.0, 'momentum_period': 15, 'hold_bars': 36, 'sl_atr_mult': 2.5, 'atr_period': 14}. Best is trial 17 with value: 3.603354799019694.
[I 2026-05-31 01:52:17,915] Trial 22 finished with value: 1.9054616631678367 and parameters: {'bb_period': 20, 'bb_std': 1.5, 'width_period': 30, 'squeeze_pct': 15.0, 'momentum_period': 15, 'hold_bars': 48, 'sl_atr_mult': 2.5, 'atr_period': 14}. Best is trial 17 with value: 3.603354799019694.
[I 2026-05-31 01:52:18,074] Trial 23 finished with value: 2.2573404462652373 and parameters: {'bb_period': 20, 'bb_std': 1.5, 'width_period': 30, 'squeeze_pct': 25.0, 'momentum_period': 10, 'hold_bars': 48, 'sl_atr_mult': 2.5, 'atr_period': 14}. Best is trial 17 with value: 3.603354799019694.
