[I 2026-05-28 23:15:53,541] Trial 2 finished with value: -0.2189559025839549 and parameters: {'buffer_pips': 2, 'risk_reward_ratio': 2.0, 'max_range_pips': 30, 'min_range_pips': 15, 'asia_start_hour': 0, 'asia_end_hour': 7, 'trade_start_minute': 5, 'trade_end_hour': 10, 'hard_exit_hour': 16, 'one_trade_per_day': True}. Best is trial 2 with value: -0.2189559025839549.
[I 2026-05-28 23:15:53,628] Trial 6 finished with value: -9.7 and parameters: {'buffer_pips': 7, 'risk_reward_ratio': 2.5, 'max_range_pips': 20, 'min_range_pips': 10, 'asia_start_hour': 0, 'asia_end_hour': 7, 'trade_start_minute': 5, 'trade_end_hour': 10, 'hard_exit_hour': 16, 'one_trade_per_day': True}. Best is trial 2 with value: -0.2189559025839549.
[I 2026-05-28 23:15:53,710] Trial 3 finished with value: -9.7 and parameters: {'buffer_pips': 3, 'risk_reward_ratio': 3.0, 'max_range_pips': 20, 'min_range_pips': 10, 'asia_start_hour': 0, 'asia_end_hour': 7, 'trade_start_minute': 5, 'trade_end_hour': 10, 'hard_exit_hour': 16, 'one_trade_per_day': True}. Best is trial 2 with value: -0.2189559025839549.
[I 2026-05-28 23:15:53,826] Trial 5 finished with value: -9.9 and parameters: {'buffer_pips': 6, 'risk_reward_ratio': 2.5, 'max_range_pips': 20, 'min_range_pips': 15, 'asia_start_hour': 0, 'asia_end_hour': 7, 'trade_start_minute': 5, 'trade_end_hour': 10, 'hard_exit_hour': 16, 'one_trade_per_day': True}. Best is trial 2 with value: -0.2189559025839549.
[I 2026-05-28 23:15:53,886] Trial 4 finished with value: -9.7 and parameters: {'buffer_pips': 8, 'risk_reward_ratio': 1.5, 'max_range_pips': 20, 'min_range_pips': 5, 'asia_start_hour': 0, 'asia_end_hour': 7, 'trade_start_minute': 5, 'trade_end_hour': 10, 'hard_exit_hour': 16, 'one_trade_per_day': True}. Best is trial 2 with value: -0.2189559025839549.
[I 2026-05-28 23:15:53,935] Trial 7 finished with value: -0.6112771019227115 and parameters: {'buffer_pips': 8, 'risk_reward_ratio': 2.5, 'max_range_pips': 50, 'min_range_pips': 15, 'asia_start_hour': 0, 'asia_end_hour': 7, 'trade_start_minute': 5, 'trade_end_hour': 10, 'hard_exit_hour': 16, 'one_trade_per_day': True}. Best is trial 2 with value: -0.2189559025839549.
[I 2026-05-28 23:15:54,173] Trial 8 finished with value: -1.364621731817889 and parameters: {'buffer_pips': 7, 'risk_reward_ratio': 2.5, 'max_range_pips': 40, 'min_range_pips': 5, 'asia_start_hour': 0, 'asia_end_hour': 7, 'trade_start_minute': 5, 'trade_end_hour': 10, 'hard_exit_hour': 16, 'one_trade_per_day': True}. Best is trial 2 with value: -0.2189559025839549.
[I 2026-05-28 23:15:54,262] Trial 9 finished with value: -0.6112771019227115 and parameters: {'buffer_pips': 8, 'risk_reward_ratio': 3.0, 'max_range_pips': 40, 'min_range_pips': 15, 'asia_start_hour': 0, 'asia_end_hour': 7, 'trade_start_minute': 5, 'trade_end_hour': 10, 'hard_exit_hour': 16, 'one_trade_per_day': True}. Best is trial 2 with value: -0.2189559025839549.
C:\Users\הלל\Desktop\algo projects\trading-research-factory\walk forward engine\.venv\lib\site-packages\optuna\samplers\_tpe\sampler.py:319: ExperimentalWarning: ``multivariate`` option is an experimental feature. The interface can change in the future.
  warnings.warn(
[I 2026-05-28 23:15:54,821] A new study created in memory with name: no-name-8c6dd5e0-64b9-4033-9f2a-511358b36894
[I 2026-05-28 23:15:56,608] Trial 0 finished with value: -1.1303631775998209 and parameters: {'buffer_pips': 6, 'risk_reward_ratio': 1.5, 'max_range_pips': 40, 'min_range_pips': 5, 'asia_start_hour': 0, 'asia_end_hour': 7, 'trade_start_minute': 5, 'trade_end_hour': 10, 'hard_exit_hour': 16, 'one_trade_per_day': True}. Best is trial 0 with value: -1.1303631775998209.
[I 2026-05-28 23:15:56,774] Trial 4 finished with value: -2.528453302038238 and parameters: {'buffer_pips': 2, 'risk_reward_ratio': 2.5, 'max_range_pips': 30, 'min_range_pips': 10, 'asia_start_hour': 0, 'asia_end_hour': 7, 'trade_start_minute': 5, 'trade_end_hour': 10, 'hard_exit_hour': 16, 'one_trade_per_day': True}. Best is trial 0 with value: -1.1303631775998209.
[I 2026-05-28 23:15:56,781] Trial 1 finished with value: -2.1622820782760646 and parameters: {'buffer_pips': 3, 'risk_reward_ratio': 2.0, 'max_range_pips': 40, 'min_range_pips': 5, 'asia_start_hour': 0, 'asia_end_hour': 7, 'trade_start_minute': 5, 'trade_end_hour': 10, 'hard_exit_hour': 16, 'one_trade_per_day': True}. Best is trial 0 with value: -1.1303631775998209.
[I 2026-05-28 23:15:56,864] Trial 5 finished with value: -2.1622820782760646 and parameters: {'buffer_pips': 3, 'risk_reward_ratio': 3.0, 'max_range_pips': 40, 'min_range_pips': 10, 'asia_start_hour': 0, 'asia_end_hour': 7, 'trade_start_minute': 5, 'trade_end_hour': 10, 'hard_exit_hour': 16, 'one_trade_per_day': True}. Best is trial 0 with value: -1.1303631775998209.
[I 2026-05-28 23:15:56,905] Trial 2 finished with value: -9.6 and parameters: {'buffer_pips': 8, 'risk_reward_ratio': 1.5, 'max_range_pips': 40, 'min_range_pips': 10, 'asia_start_hour': 0, 'asia_end_hour': 7, 'trade_start_minute': 5, 'trade_end_hour': 10, 'hard_exit_hour': 16, 'one_trade_per_day': True}. Best is trial 0 with value: -1.1303631775998209.
[I 2026-05-28 23:15:56,939] Trial 3 finished with value: -2.528453302038238 and parameters: {'buffer_pips': 2, 'risk_reward_ratio': 3.0, 'max_range_pips': 30, 'min_range_pips': 10, 'asia_start_hour': 0, 'asia_end_hour': 7, 'trade_start_minute': 5, 'trade_end_hour': 10, 'hard_exit_hour': 16, 'one_trade_per_day': True}. Best is trial 0 with value: -1.1303631775998209.
[I 2026-05-28 23:15:56,985] Trial 6 finished with value: -2.528453302038238 and parameters: {'buffer_pips': 2, 'risk_reward_ratio': 3.0, 'max_range_pips': 30, 'min_range_pips': 5, 'asia_start_hour': 0, 'asia_end_hour': 7, 'trade_start_minute': 5, 'trade_end_hour': 10, 'hard_exit_hour': 16, 'one_trade_per_day': True}. Best is trial 0 with value: -1.1303631775998209.
[I 2026-05-28 23:15:57,011] Trial 7 finished with value: -9.6 and parameters: {'buffer_pips': 8, 'risk_reward_ratio': 1.5, 'max_range_pips': 40, 'min_range_pips': 10, 'asia_start_hour': 0, 'asia_end_hour': 7, 'trade_start_minute': 5, 'trade_end_hour': 10, 'hard_exit_hour': 16, 'one_trade_per_day': True}. Best is trial 0 with value: -1.1303631775998209.
[I 2026-05-28 23:15:57,310] Trial 9 finished with value: -9.7 and parameters: {'buffer_pips': 2, 'risk_reward_ratio': 3.0, 'max_range_pips': 20, 'min_range_pips': 10, 'asia_start_hour': 0, 'asia_end_hour': 7, 'trade_start_minute': 5, 'trade_end_hour': 10, 'hard_exit_hour': 16, 'one_trade_per_day': True}. Best is trial 0 with value: -1.1303631775998209.
[I 2026-05-28 23:15:57,335] Trial 8 finished with value: -9.8 and parameters: {'buffer_pips': 6, 'risk_reward_ratio': 2.0, 'max_range_pips': 20, 'min_range_pips': 10, 'asia_start_hour': 0, 'asia_end_hour': 7, 'trade_start_minute': 5, 'trade_end_hour': 10, 'hard_exit_hour': 16, 'one_trade_per_day': True}. Best is trial 0 with value: -1.1303631775998209.
C:\Users\הלל\Desktop\algo projects\trading-research-factory\walk forward engine\.venv\lib\site-packages\optuna\samplers\_tpe\sampler.py:319: ExperimentalWarning: ``multivariate`` option is an experimental feature. The interface can change in the future.
  warnings.warn(
[I 2026-05-28 23:15:57,628] A new study created in memory with name: no-name-0f13ca3e-7515-44ac-955a-b589ae4c80c5
[I 2026-05-28 23:15:58,363] Trial 0 finished with value: 0.3345059041685969 and parameters: {'buffer_pips': 5, 'risk_reward_ratio': 3.0, 'max_range_pips': 50, 'min_range_pips': 10, 'asia_start_hour': 0, 'asia_end_hour': 7, 'trade_start_minute': 5, 'trade_end_hour': 10, 'hard_exit_hour': 16, 'one_trade_per_day': True}. Best is trial 0 with value: 0.3345059041685969.
[I 2026-05-28 23:15:58,659] Trial 1 finished with value: 0.7705820481316955 and parameters: {'buffer_pips': 7, 'risk_reward_ratio': 3.0, 'max_range_pips': 40, 'min_range_pips': 10, 'asia_start_hour': 0, 'asia_end_hour': 7, 'trade_start_minute': 5, 'trade_end_hour': 10, 'hard_exit_hour': 16, 'one_trade_per_day': True}. Best is trial 1 with value: 0.7705820481316955.
[I 2026-05-28 23:15:58,913] Trial 2 finished with value: -0.18007349450649826 and parameters: {'buffer_pips': 4, 'risk_reward_ratio': 1.5, 'max_range_pips': 30, 'min_range_pips': 10, 'asia_start_hour': 0, 'asia_end_hour': 7, 'trade_start_minute': 5, 'trade_end_hour': 10, 'hard_exit_hour': 16, 'one_trade_per_day': True}. Best is trial 1 with value: 0.7705820481316955.
[I 2026-05-28 23:15:58,986] Trial 4 finished with value: 0.42902366114484985 and parameters: {'buffer_pips': 5, 'risk_reward_ratio': 2.0, 'max_range_pips': 50, 'min_range_pips': 5, 'asia_start_hour': 0, 'asia_end_hour': 7, 'trade_start_minute': 5, 'trade_end_hour': 10, 'hard_exit_hour': 16, 'one_trade_per_day': True}. Best is trial 1 with value: 0.7705820481316955.
[I 2026-05-28 23:15:59,040] Trial 3 finished with value: -0.7044323537176934 and parameters: {'buffer_pips': 3, 'risk_reward_ratio': 1.5, 'max_range_pips': 30, 'min_range_pips': 5, 'asia_start_hour': 0, 'asia_end_hour': 7, 'trade_start_minute': 5, 'trade_end_hour': 10, 'hard_exit_hour': 16, 'one_trade_per_day': True}. Best is trial 1 with value: 0.7705820481316955.
[I 2026-05-28 23:15:59,078] Trial 6 finished with value: -0.11260693552360417 and parameters: {'buffer_pips': 5, 'risk_reward_ratio': 2.5, 'max_range_pips': 30, 'min_range_pips': 5, 'asia_start_hour': 0, 'asia_end_hour': 7, 'trade_start_minute': 5, 'trade_end_hour': 10, 'hard_exit_hour': 16, 'one_trade_per_day': True}. Best is trial 1 with value: 0.7705820481316955.
[I 2026-05-28 23:15:59,124] Trial 5 finished with value: -0.5902449382975076 and parameters: {'buffer_pips': 2, 'risk_reward_ratio': 2.5, 'max_range_pips': 40, 'min_range_pips': 5, 'asia_start_hour': 0, 'asia_end_hour': 7, 'trade_start_minute': 5, 'trade_end_hour': 10, 'hard_exit_hour': 16, 'one_trade_per_day': True}. Best is trial 1 with value: 0.7705820481316955.
[I 2026-05-28 23:15:59,167] Trial 7 finished with value: 0.014281069070833092 and parameters: {'buffer_pips': 4, 'risk_reward_ratio': 2.0, 'max_range_pips': 50, 'min_range_pips': 10, 'asia_start_hour': 0, 'asia_end_hour': 7, 'trade_start_minute': 5, 'trade_end_hour': 10, 'hard_exit_hour': 16, 'one_trade_per_day': True}. Best is trial 1 with value: 0.7705820481316955.
[I 2026-05-28 23:15:59,206] Trial 8 finished with value: -9.8 and parameters: {'buffer_pips': 8, 'risk_reward_ratio': 2.5, 'max_range_pips': 20, 'min_range_pips': 5, 'asia_start_hour': 0, 'asia_end_hour': 7, 'trade_start_minute': 5, 'trade_end_hour': 10, 'hard_exit_hour': 16, 'one_trade_per_day': True}. Best is trial 1 with value: 0.7705820481316955.
[I 2026-05-28 23:15:59,281] Trial 9 finished with value: 1.0196596754297587 and parameters: {'buffer_pips': 6, 'risk_reward_ratio': 1.5, 'max_range_pips': 40, 'min_range_pips': 10, 'asia_start_hour': 0, 'asia_end_hour': 7, 'trade_start_minute': 5, 'trade_end_hour': 10, 'hard_exit_hour': 16, 'one_trade_per_day': True}. Best is trial 9 with value: 1.0196596754297587.
C:\Users\הלל\Desktop\algo projects\trading-research-factory\walk forward engine\.venv\lib\site-packages\optuna\samplers\_tpe\sampler.py:319: ExperimentalWarning: ``multivariate`` option is an experimental feature. The interface can change in the future.
  warnings.warn(
[I 2026-05-28 23:15:59,564] A new study created in memory with name: no-name-db950c9a-ff9d-4de5-ba95-20567b3c1c21
[I 2026-05-28 23:16:00,716] Trial 1 finished with value: -9.9 and parameters: {'buffer_pips': 8, 'risk_reward_ratio': 2.5, 'max_range_pips': 20, 'min_range_pips': 5, 'asia_start_hour': 0, 'asia_end_hour': 7, 'trade_start_minute': 5, 'trade_end_hour': 10, 'hard_exit_hour': 16, 'one_trade_per_day': True}. Best is trial 1 with value: -9.9.
[I 2026-05-28 23:16:01,031] Trial 0 finished with value: 2.3681125807808643 and parameters: {'buffer_pips': 6, 'risk_reward_ratio': 2.5, 'max_range_pips': 40, 'min_range_pips': 10, 'asia_start_hour': 0, 'asia_end_hour': 7, 'trade_start_minute': 5, 'trade_end_hour': 10, 'hard_exit_hour': 16, 'one_trade_per_day': True}. Best is trial 0 with value: 2.3681125807808643.
[I 2026-05-28 23:16:01,551] Trial 5 finished with value: -9.9 and parameters: {'buffer_pips': 7, 'risk_reward_ratio': 3.0, 'max_range_pips': 20, 'min_range_pips': 5, 'asia_start_hour': 0, 'asia_end_hour': 7, 'trade_start_minute': 5, 'trade_end_hour': 10, 'hard_exit_hour': 16, 'one_trade_per_day': True}. Best is trial 0 with value: 2.3681125807808643.
[I 2026-05-28 23:16:01,558] Trial 2 finished with value: -9.6 and parameters: {'buffer_pips': 5, 'risk_reward_ratio': 1.5, 'max_range_pips': 20, 'min_range_pips': 10, 'asia_start_hour': 0, 'asia_end_hour': 7, 'trade_start_minute': 5, 'trade_end_hour': 10, 'hard_exit_hour': 16, 'one_trade_per_day': True}. Best is trial 0 with value: 2.3681125807808643.
[I 2026-05-28 23:16:01,711] Trial 3 finished with value: 0.8821350921019375 and parameters: {'buffer_pips': 3, 'risk_reward_ratio': 2.5, 'max_range_pips': 40, 'min_range_pips': 10, 'asia_start_hour': 0, 'asia_end_hour': 7, 'trade_start_minute': 5, 'trade_end_hour': 10, 'hard_exit_hour': 16, 'one_trade_per_day': True}. Best is trial 0 with value: 2.3681125807808643.
[I 2026-05-28 23:16:01,735] Trial 4 finished with value: 1.2457385900316502 and parameters: {'buffer_pips': 4, 'risk_reward_ratio': 2.5, 'max_range_pips': 50, 'min_range_pips': 10, 'asia_start_hour': 0, 'asia_end_hour': 7, 'trade_start_minute': 5, 'trade_end_hour': 10, 'hard_exit_hour': 16, 'one_trade_per_day': True}. Best is trial 0 with value: 2.3681125807808643.
[I 2026-05-28 23:16:01,812] Trial 6 finished with value: 0.8712553688281693 and parameters: {'buffer_pips': 4, 'risk_reward_ratio': 1.5, 'max_range_pips': 40, 'min_range_pips': 10, 'asia_start_hour': 0, 'asia_end_hour': 7, 'trade_start_minute': 5, 'trade_end_hour': 10, 'hard_exit_hour': 16, 'one_trade_per_day': True}. Best is trial 0 with value: 2.3681125807808643.
[I 2026-05-28 23:16:01,813] Trial 7 finished with value: 2.073464216365357 and parameters: {'buffer_pips': 7, 'risk_reward_ratio': 1.5, 'max_range_pips': 50, 'min_range_pips': 15, 'asia_start_hour': 0, 'asia_end_hour': 7, 'trade_start_minute': 5, 'trade_end_hour': 10, 'hard_exit_hour': 16, 'one_trade_per_day': True}. Best is trial 0 with value: 2.3681125807808643.
[I 2026-05-28 23:16:02,039] Trial 8 finished with value: 0.04836007534185355 and parameters: {'buffer_pips': 3, 'risk_reward_ratio': 3.0, 'max_range_pips': 30, 'min_range_pips': 5, 'asia_start_hour': 0, 'asia_end_hour': 7, 'trade_start_minute': 5, 'trade_end_hour': 10, 'hard_exit_hour': 16, 'one_trade_per_day': True}. Best is trial 0 with value: 2.3681125807808643.
[I 2026-05-28 23:16:02,109] Trial 9 finished with value: -9.6 and parameters: {'buffer_pips': 6, 'risk_reward_ratio': 1.5, 'max_range_pips': 20, 'min_range_pips': 5, 'asia_start_hour': 0, 'asia_end_hour': 7, 'trade_start_minute': 5, 'trade_end_hour': 10, 'hard_exit_hour': 16, 'one_trade_per_day': True}. Best is trial 0 with value: 2.3681125807808643.
C:\Users\הלל\Desktop\algo projects\trading-research-factory\walk forward engine\.venv\lib\site-packages\optuna\samplers\_tpe\sampler.py:319: ExperimentalWarning: ``multivariate`` option is an experimental feature. The interface can change in the future.
  warnings.warn(
[I 2026-05-28 23:16:02,614] A new study created in memory with name: no-name-33096f6d-3313-4420-8dcb-f1a60faf7bb4
[I 2026-05-28 23:16:03,999] Trial 1 finished with value: -10.0 and parameters: {'buffer_pips': 8, 'risk_reward_ratio': 2.0, 'max_range_pips': 20, 'min_range_pips': 15, 'asia_start_hour': 0, 'asia_end_hour': 7, 'trade_start_minute': 5, 'trade_end_hour': 10, 'hard_exit_hour': 16, 'one_trade_per_day': True}. Best is trial 1 with value: -10.0.
[I 2026-05-28 23:16:04,134] Trial 0 finished with value: -9.8 and parameters: {'buffer_pips': 7, 'risk_reward_ratio': 1.5, 'max_range_pips': 50, 'min_range_pips': 10, 'asia_start_hour': 0, 'asia_end_hour': 7, 'trade_start_minute': 5, 'trade_end_hour': 10, 'hard_exit_hour': 16, 'one_trade_per_day': True}. Best is trial 0 with value: -9.8.
[I 2026-05-28 23:16:04,416] Trial 2 finished with value: -9.9 and parameters: {'buffer_pips': 8, 'risk_reward_ratio': 2.5, 'max_range_pips': 20, 'min_range_pips': 5, 'asia_start_hour': 0, 'asia_end_hour': 7, 'trade_start_minute': 5, 'trade_end_hour': 10, 'hard_exit_hour': 16, 'one_trade_per_day': True}. Best is trial 0 with value: -9.8.
[I 2026-05-28 23:16:04,451] Trial 7 finished with value: -9.8 and parameters: {'buffer_pips': 6, 'risk_reward_ratio': 1.5, 'max_range_pips': 40, 'min_range_pips': 15, 'asia_start_hour': 0, 'asia_end_hour': 7, 'trade_start_minute': 5, 'trade_end_hour': 10, 'hard_exit_hour': 16, 'one_trade_per_day': True}. Best is trial 0 with value: -9.8.
[I 2026-05-28 23:16:04,804] Trial 6 finished with value: -1.6768468017525324 and parameters: {'buffer_pips': 5, 'risk_reward_ratio': 2.0, 'max_range_pips': 40, 'min_range_pips': 10, 'asia_start_hour': 0, 'asia_end_hour': 7, 'trade_start_minute': 5, 'trade_end_hour': 10, 'hard_exit_hour': 16, 'one_trade_per_day': True}. Best is trial 6 with value: -1.6768468017525324.
[I 2026-05-28 23:16:04,840] Trial 3 finished with value: 0.17896710716343753 and parameters: {'buffer_pips': 4, 'risk_reward_ratio': 3.0, 'max_range_pips': 50, 'min_range_pips': 15, 'asia_start_hour': 0, 'asia_end_hour': 7, 'trade_start_minute': 5, 'trade_end_hour': 10, 'hard_exit_hour': 16, 'one_trade_per_day': True}. Best is trial 3 with value: 0.17896710716343753.
[I 2026-05-28 23:16:04,872] Trial 4 finished with value: -1.241239144540001 and parameters: {'buffer_pips': 4, 'risk_reward_ratio': 1.5, 'max_range_pips': 40, 'min_range_pips': 10, 'asia_start_hour': 0, 'asia_end_hour': 7, 'trade_start_minute': 5, 'trade_end_hour': 10, 'hard_exit_hour': 16, 'one_trade_per_day': True}. Best is trial 3 with value: 0.17896710716343753.
[I 2026-05-28 23:16:04,883] Trial 5 finished with value: -0.5794888246261273 and parameters: {'buffer_pips': 4, 'risk_reward_ratio': 1.5, 'max_range_pips': 30, 'min_range_pips': 15, 'asia_start_hour': 0, 'asia_end_hour': 7, 'trade_start_minute': 5, 'trade_end_hour': 10, 'hard_exit_hour': 16, 'one_trade_per_day': True}. Best is trial 3 with value: 0.17896710716343753.
[I 2026-05-28 23:16:05,087] Trial 9 finished with value: -9.9 and parameters: {'buffer_pips': 8, 'risk_reward_ratio': 2.5, 'max_range_pips': 20, 'min_range_pips': 10, 'asia_start_hour': 0, 'asia_end_hour': 7, 'trade_start_minute': 5, 'trade_end_hour': 10, 'hard_exit_hour': 16, 'one_trade_per_day': True}. Best is trial 3 with value: 0.17896710716343753.
[I 2026-05-28 23:16:05,110] Trial 8 finished with value: -1.241239144540001 and parameters: {'buffer_pips': 4, 'risk_reward_ratio': 1.5, 'max_range_pips': 40, 'min_range_pips': 10, 'asia_start_hour': 0, 'asia_end_hour': 7, 'trade_start_minute': 5, 'trade_end_hour': 10, 'hard_exit_hour': 16, 'one_trade_per_day': True}. Best is trial 3 with value: 0.17896710716343753.
C:\Users\הלל\Desktop\algo projects\trading-research-factory\walk forward engine\.venv\lib\site-packages\optuna\samplers\_tpe\sampler.py:319: ExperimentalWarning: ``multivariate`` option is an experimental feature. The interface can change in the future.
  warnings.warn(
[I 2026-05-28 23:16:05,456] A new study created in memory with name: no-name-7624d925-6acd-41ce-8d73-25af741e9cbe
[I 2026-05-28 23:16:06,658] Trial 1 finished with value: 0.8832900590609358 and parameters: {'buffer_pips': 6, 'risk_reward_ratio': 2.0, 'max_range_pips': 20, 'min_range_pips': 10, 'asia_start_hour': 0, 'asia_end_hour': 7, 'trade_start_minute': 5, 'trade_end_hour': 10, 'hard_exit_hour': 16, 'one_trade_per_day': True}. Best is trial 1 with value: 0.8832900590609358.
[I 2026-05-28 23:16:06,830] Trial 5 finished with value: 0.5020153250970618 and parameters: {'buffer_pips': 4, 'risk_reward_ratio': 1.5, 'max_range_pips': 30, 'min_range_pips': 5, 'asia_start_hour': 0, 'asia_end_hour': 7, 'trade_start_minute': 5, 'trade_end_hour': 10, 'hard_exit_hour': 16, 'one_trade_per_day': True}. Best is trial 1 with value: 0.8832900590609358.
[I 2026-05-28 23:16:06,874] Trial 7 finished with value: 0.23358055411735154 and parameters: {'buffer_pips': 3, 'risk_reward_ratio': 2.5, 'max_range_pips': 40, 'min_range_pips': 10, 'asia_start_hour': 0, 'asia_end_hour': 7, 'trade_start_minute': 5, 'trade_end_hour': 10, 'hard_exit_hour': 16, 'one_trade_per_day': True}. Best is trial 1 with value: 0.8832900590609358.
[I 2026-05-28 23:16:06,877] Trial 2 finished with value: 0.013167565599160786 and parameters: {'buffer_pips': 6, 'risk_reward_ratio': 2.0, 'max_range_pips': 30, 'min_range_pips': 15, 'asia_start_hour': 0, 'asia_end_hour': 7, 'trade_start_minute': 5, 'trade_end_hour': 10, 'hard_exit_hour': 16, 'one_trade_per_day': True}. Best is trial 1 with value: 0.8832900590609358.
[I 2026-05-28 23:16:06,928] Trial 6 finished with value: 0.0060026792537197825 and parameters: {'buffer_pips': 5, 'risk_reward_ratio': 2.5, 'max_range_pips': 20, 'min_range_pips': 10, 'asia_start_hour': 0, 'asia_end_hour': 7, 'trade_start_minute': 5, 'trade_end_hour': 10, 'hard_exit_hour': 16, 'one_trade_per_day': True}. Best is trial 1 with value: 0.8832900590609358.
[I 2026-05-28 23:16:06,933] Trial 4 finished with value: 0.3963251579921121 and parameters: {'buffer_pips': 4, 'risk_reward_ratio': 1.5, 'max_range_pips': 40, 'min_range_pips': 10, 'asia_start_hour': 0, 'asia_end_hour': 7, 'trade_start_minute': 5, 'trade_end_hour': 10, 'hard_exit_hour': 16, 'one_trade_per_day': True}. Best is trial 1 with value: 0.8832900590609358.
[I 2026-05-28 23:16:07,000] Trial 3 finished with value: 0.23358055411735154 and parameters: {'buffer_pips': 3, 'risk_reward_ratio': 2.5, 'max_range_pips': 40, 'min_range_pips': 10, 'asia_start_hour': 0, 'asia_end_hour': 7, 'trade_start_minute': 5, 'trade_end_hour': 10, 'hard_exit_hour': 16, 'one_trade_per_day': True}. Best is trial 1 with value: 0.8832900590609358.
