[I 2026-05-28 23:16:07,008] Trial 0 finished with value: 0.3882299534346742 and parameters: {'buffer_pips': 5, 'risk_reward_ratio': 2.0, 'max_range_pips': 20, 'min_range_pips': 10, 'asia_start_hour': 0, 'asia_end_hour': 7, 'trade_start_minute': 5, 'trade_end_hour': 10, 'hard_exit_hour': 16, 'one_trade_per_day': True}. Best is trial 1 with value: 0.8832900590609358.
[I 2026-05-28 23:16:07,155] Trial 8 finished with value: 0.7094391386606665 and parameters: {'buffer_pips': 4, 'risk_reward_ratio': 3.0, 'max_range_pips': 20, 'min_range_pips': 5, 'asia_start_hour': 0, 'asia_end_hour': 7, 'trade_start_minute': 5, 'trade_end_hour': 10, 'hard_exit_hour': 16, 'one_trade_per_day': True}. Best is trial 1 with value: 0.8832900590609358.
[I 2026-05-28 23:16:07,250] Trial 9 finished with value: 0.35768141318820973 and parameters: {'buffer_pips': 3, 'risk_reward_ratio': 3.0, 'max_range_pips': 50, 'min_range_pips': 5, 'asia_start_hour': 0, 'asia_end_hour': 7, 'trade_start_minute': 5, 'trade_end_hour': 10, 'hard_exit_hour': 16, 'one_trade_per_day': True}. Best is trial 1 with value: 0.8832900590609358.
C:\Users\הלל\Desktop\algo projects\trading-research-factory\walk forward engine\.venv\lib\site-packages\optuna\samplers\_tpe\sampler.py:319: ExperimentalWarning: ``multivariate`` option is an experimental feature. The interface can change in the future.
  warnings.warn(
[I 2026-05-28 23:16:07,685] A new study created in memory with name: no-name-91bee235-9a4b-4e0c-bed6-6b3b96d20f3e
[I 2026-05-28 23:16:08,902] Trial 1 finished with value: -0.19070881588966862 and parameters: {'buffer_pips': 8, 'risk_reward_ratio': 2.5, 'max_range_pips': 50, 'min_range_pips': 5, 'asia_start_hour': 0, 'asia_end_hour': 7, 'trade_start_minute': 5, 'trade_end_hour': 10, 'hard_exit_hour': 16, 'one_trade_per_day': True}. Best is trial 1 with value: -0.19070881588966862.
[I 2026-05-28 23:16:08,946] Trial 5 finished with value: 0.06324183900133412 and parameters: {'buffer_pips': 2, 'risk_reward_ratio': 1.5, 'max_range_pips': 30, 'min_range_pips': 10, 'asia_start_hour': 0, 'asia_end_hour': 7, 'trade_start_minute': 5, 'trade_end_hour': 10, 'hard_exit_hour': 16, 'one_trade_per_day': True}. Best is trial 5 with value: 0.06324183900133412.
[I 2026-05-28 23:16:08,992] Trial 0 finished with value: -0.601464815655743 and parameters: {'buffer_pips': 8, 'risk_reward_ratio': 3.0, 'max_range_pips': 50, 'min_range_pips': 10, 'asia_start_hour': 0, 'asia_end_hour': 7, 'trade_start_minute': 5, 'trade_end_hour': 10, 'hard_exit_hour': 16, 'one_trade_per_day': True}. Best is trial 5 with value: 0.06324183900133412.
[I 2026-05-28 23:16:09,047] Trial 6 finished with value: -0.29151991452748977 and parameters: {'buffer_pips': 8, 'risk_reward_ratio': 2.0, 'max_range_pips': 30, 'min_range_pips': 15, 'asia_start_hour': 0, 'asia_end_hour': 7, 'trade_start_minute': 5, 'trade_end_hour': 10, 'hard_exit_hour': 16, 'one_trade_per_day': True}. Best is trial 5 with value: 0.06324183900133412.
[I 2026-05-28 23:16:09,220] Trial 2 finished with value: -0.209439042773984 and parameters: {'buffer_pips': 7, 'risk_reward_ratio': 2.5, 'max_range_pips': 50, 'min_range_pips': 5, 'asia_start_hour': 0, 'asia_end_hour': 7, 'trade_start_minute': 5, 'trade_end_hour': 10, 'hard_exit_hour': 16, 'one_trade_per_day': True}. Best is trial 5 with value: 0.06324183900133412.
[I 2026-05-28 23:16:09,223] Trial 4 finished with value: -0.6414205531760001 and parameters: {'buffer_pips': 5, 'risk_reward_ratio': 2.5, 'max_range_pips': 30, 'min_range_pips': 15, 'asia_start_hour': 0, 'asia_end_hour': 7, 'trade_start_minute': 5, 'trade_end_hour': 10, 'hard_exit_hour': 16, 'one_trade_per_day': True}. Best is trial 5 with value: 0.06324183900133412.
[I 2026-05-28 23:16:09,262] Trial 3 finished with value: 0.8840835364408409 and parameters: {'buffer_pips': 2, 'risk_reward_ratio': 2.0, 'max_range_pips': 40, 'min_range_pips': 5, 'asia_start_hour': 0, 'asia_end_hour': 7, 'trade_start_minute': 5, 'trade_end_hour': 10, 'hard_exit_hour': 16, 'one_trade_per_day': True}. Best is trial 3 with value: 0.8840835364408409.
[I 2026-05-28 23:16:09,285] Trial 7 finished with value: 0.5740674124590855 and parameters: {'buffer_pips': 2, 'risk_reward_ratio': 2.0, 'max_range_pips': 50, 'min_range_pips': 10, 'asia_start_hour': 0, 'asia_end_hour': 7, 'trade_start_minute': 5, 'trade_end_hour': 10, 'hard_exit_hour': 16, 'one_trade_per_day': True}. Best is trial 3 with value: 0.8840835364408409.
[I 2026-05-28 23:16:09,458] Trial 8 finished with value: 0.6054862769351931 and parameters: {'buffer_pips': 2, 'risk_reward_ratio': 2.5, 'max_range_pips': 40, 'min_range_pips': 5, 'asia_start_hour': 0, 'asia_end_hour': 7, 'trade_start_minute': 5, 'trade_end_hour': 10, 'hard_exit_hour': 16, 'one_trade_per_day': True}. Best is trial 3 with value: 0.8840835364408409.
[I 2026-05-28 23:16:09,502] Trial 9 finished with value: 1.1096310898305577 and parameters: {'buffer_pips': 6, 'risk_reward_ratio': 1.5, 'max_range_pips': 20, 'min_range_pips': 15, 'asia_start_hour': 0, 'asia_end_hour': 7, 'trade_start_minute': 5, 'trade_end_hour': 10, 'hard_exit_hour': 16, 'one_trade_per_day': True}. Best is trial 9 with value: 1.1096310898305577.
C:\Users\הלל\Desktop\algo projects\trading-research-factory\walk forward engine\.venv\lib\site-packages\optuna\samplers\_tpe\sampler.py:319: ExperimentalWarning: ``multivariate`` option is an experimental feature. The interface can change in the future.
  warnings.warn(
[I 2026-05-28 23:16:09,768] A new study created in memory with name: no-name-f5d51a58-4560-4be4-882f-f22eecaf1b0f
[I 2026-05-28 23:16:10,829] Trial 1 finished with value: -0.29733835707985856 and parameters: {'buffer_pips': 5, 'risk_reward_ratio': 3.0, 'max_range_pips': 30, 'min_range_pips': 5, 'asia_start_hour': 0, 'asia_end_hour': 7, 'trade_start_minute': 5, 'trade_end_hour': 10, 'hard_exit_hour': 16, 'one_trade_per_day': True}. Best is trial 1 with value: -0.29733835707985856.
[I 2026-05-28 23:16:10,890] Trial 0 finished with value: 2.9812471018602693 and parameters: {'buffer_pips': 3, 'risk_reward_ratio': 2.5, 'max_range_pips': 20, 'min_range_pips': 15, 'asia_start_hour': 0, 'asia_end_hour': 7, 'trade_start_minute': 5, 'trade_end_hour': 10, 'hard_exit_hour': 16, 'one_trade_per_day': True}. Best is trial 0 with value: 2.9812471018602693.
[I 2026-05-28 23:16:11,002] Trial 4 finished with value: 2.106725215831642 and parameters: {'buffer_pips': 6, 'risk_reward_ratio': 2.0, 'max_range_pips': 20, 'min_range_pips': 15, 'asia_start_hour': 0, 'asia_end_hour': 7, 'trade_start_minute': 5, 'trade_end_hour': 10, 'hard_exit_hour': 16, 'one_trade_per_day': True}. Best is trial 0 with value: 2.9812471018602693.
[I 2026-05-28 23:16:11,140] Trial 6 finished with value: 0.4882646723917225 and parameters: {'buffer_pips': 2, 'risk_reward_ratio': 2.5, 'max_range_pips': 40, 'min_range_pips': 5, 'asia_start_hour': 0, 'asia_end_hour': 7, 'trade_start_minute': 5, 'trade_end_hour': 10, 'hard_exit_hour': 16, 'one_trade_per_day': True}. Best is trial 0 with value: 2.9812471018602693.
[I 2026-05-28 23:16:11,205] Trial 5 finished with value: -2.2860948729706974 and parameters: {'buffer_pips': 8, 'risk_reward_ratio': 2.0, 'max_range_pips': 40, 'min_range_pips': 10, 'asia_start_hour': 0, 'asia_end_hour': 7, 'trade_start_minute': 5, 'trade_end_hour': 10, 'hard_exit_hour': 16, 'one_trade_per_day': True}. Best is trial 0 with value: 2.9812471018602693.
[I 2026-05-28 23:16:11,208] Trial 7 finished with value: -1.0166237182501632 and parameters: {'buffer_pips': 7, 'risk_reward_ratio': 2.0, 'max_range_pips': 50, 'min_range_pips': 10, 'asia_start_hour': 0, 'asia_end_hour': 7, 'trade_start_minute': 5, 'trade_end_hour': 10, 'hard_exit_hour': 16, 'one_trade_per_day': True}. Best is trial 0 with value: 2.9812471018602693.
[I 2026-05-28 23:16:11,210] Trial 2 finished with value: -0.7544111710917154 and parameters: {'buffer_pips': 6, 'risk_reward_ratio': 2.0, 'max_range_pips': 50, 'min_range_pips': 10, 'asia_start_hour': 0, 'asia_end_hour': 7, 'trade_start_minute': 5, 'trade_end_hour': 10, 'hard_exit_hour': 16, 'one_trade_per_day': True}. Best is trial 0 with value: 2.9812471018602693.
[I 2026-05-28 23:16:11,213] Trial 3 finished with value: -1.207540786679247 and parameters: {'buffer_pips': 7, 'risk_reward_ratio': 1.5, 'max_range_pips': 30, 'min_range_pips': 5, 'asia_start_hour': 0, 'asia_end_hour': 7, 'trade_start_minute': 5, 'trade_end_hour': 10, 'hard_exit_hour': 16, 'one_trade_per_day': True}. Best is trial 0 with value: 2.9812471018602693.
[I 2026-05-28 23:16:11,364] Trial 8 finished with value: 0.7397681819987671 and parameters: {'buffer_pips': 6, 'risk_reward_ratio': 2.0, 'max_range_pips': 50, 'min_range_pips': 15, 'asia_start_hour': 0, 'asia_end_hour': 7, 'trade_start_minute': 5, 'trade_end_hour': 10, 'hard_exit_hour': 16, 'one_trade_per_day': True}. Best is trial 0 with value: 2.9812471018602693.
[I 2026-05-28 23:16:11,405] Trial 9 finished with value: 0.447796212251675 and parameters: {'buffer_pips': 4, 'risk_reward_ratio': 2.0, 'max_range_pips': 20, 'min_range_pips': 5, 'asia_start_hour': 0, 'asia_end_hour': 7, 'trade_start_minute': 5, 'trade_end_hour': 10, 'hard_exit_hour': 16, 'one_trade_per_day': True}. Best is trial 0 with value: 2.9812471018602693.
C:\Users\הלל\Desktop\algo projects\trading-research-factory\walk forward engine\.venv\lib\site-packages\optuna\samplers\_tpe\sampler.py:319: ExperimentalWarning: ``multivariate`` option is an experimental feature. The interface can change in the future.
  warnings.warn(
[I 2026-05-28 23:16:11,801] A new study created in memory with name: no-name-f7b0b4fb-c4b2-4458-b8a3-d5c4c81b6139
[I 2026-05-28 23:16:12,852] Trial 0 finished with value: -1.2856089744855372 and parameters: {'buffer_pips': 2, 'risk_reward_ratio': 1.5, 'max_range_pips': 30, 'min_range_pips': 10, 'asia_start_hour': 0, 'asia_end_hour': 7, 'trade_start_minute': 5, 'trade_end_hour': 10, 'hard_exit_hour': 16, 'one_trade_per_day': True}. Best is trial 0 with value: -1.2856089744855372.
[I 2026-05-28 23:16:12,964] Trial 2 finished with value: -1.7657311730238219 and parameters: {'buffer_pips': 6, 'risk_reward_ratio': 2.0, 'max_range_pips': 40, 'min_range_pips': 10, 'asia_start_hour': 0, 'asia_end_hour': 7, 'trade_start_minute': 5, 'trade_end_hour': 10, 'hard_exit_hour': 16, 'one_trade_per_day': True}. Best is trial 0 with value: -1.2856089744855372.
[I 2026-05-28 23:16:13,279] Trial 4 finished with value: 0.8374193405207869 and parameters: {'buffer_pips': 3, 'risk_reward_ratio': 3.0, 'max_range_pips': 50, 'min_range_pips': 15, 'asia_start_hour': 0, 'asia_end_hour': 7, 'trade_start_minute': 5, 'trade_end_hour': 10, 'hard_exit_hour': 16, 'one_trade_per_day': True}. Best is trial 4 with value: 0.8374193405207869.
[I 2026-05-28 23:16:13,284] Trial 1 finished with value: -1.395717009050637 and parameters: {'buffer_pips': 3, 'risk_reward_ratio': 1.5, 'max_range_pips': 30, 'min_range_pips': 5, 'asia_start_hour': 0, 'asia_end_hour': 7, 'trade_start_minute': 5, 'trade_end_hour': 10, 'hard_exit_hour': 16, 'one_trade_per_day': True}. Best is trial 4 with value: 0.8374193405207869.
[I 2026-05-28 23:16:13,403] Trial 3 finished with value: 1.6726701363948053 and parameters: {'buffer_pips': 3, 'risk_reward_ratio': 1.5, 'max_range_pips': 20, 'min_range_pips': 15, 'asia_start_hour': 0, 'asia_end_hour': 7, 'trade_start_minute': 5, 'trade_end_hour': 10, 'hard_exit_hour': 16, 'one_trade_per_day': True}. Best is trial 3 with value: 1.6726701363948053.
[I 2026-05-28 23:16:13,485] Trial 6 finished with value: -1.4627642297583154 and parameters: {'buffer_pips': 5, 'risk_reward_ratio': 2.5, 'max_range_pips': 50, 'min_range_pips': 10, 'asia_start_hour': 0, 'asia_end_hour': 7, 'trade_start_minute': 5, 'trade_end_hour': 10, 'hard_exit_hour': 16, 'one_trade_per_day': True}. Best is trial 3 with value: 1.6726701363948053.
[I 2026-05-28 23:16:13,659] Trial 5 finished with value: -0.9954814038471648 and parameters: {'buffer_pips': 3, 'risk_reward_ratio': 2.0, 'max_range_pips': 30, 'min_range_pips': 5, 'asia_start_hour': 0, 'asia_end_hour': 7, 'trade_start_minute': 5, 'trade_end_hour': 10, 'hard_exit_hour': 16, 'one_trade_per_day': True}. Best is trial 3 with value: 1.6726701363948053.
[I 2026-05-28 23:16:13,786] Trial 7 finished with value: 0.8521828302027132 and parameters: {'buffer_pips': 3, 'risk_reward_ratio': 3.0, 'max_range_pips': 40, 'min_range_pips': 15, 'asia_start_hour': 0, 'asia_end_hour': 7, 'trade_start_minute': 5, 'trade_end_hour': 10, 'hard_exit_hour': 16, 'one_trade_per_day': True}. Best is trial 3 with value: 1.6726701363948053.
[I 2026-05-28 23:16:14,150] Trial 8 finished with value: 0.8628887914621911 and parameters: {'buffer_pips': 8, 'risk_reward_ratio': 3.0, 'max_range_pips': 30, 'min_range_pips': 15, 'asia_start_hour': 0, 'asia_end_hour': 7, 'trade_start_minute': 5, 'trade_end_hour': 10, 'hard_exit_hour': 16, 'one_trade_per_day': True}. Best is trial 3 with value: 1.6726701363948053.
[I 2026-05-28 23:16:14,215] Trial 9 finished with value: -1.6684627169919095 and parameters: {'buffer_pips': 4, 'risk_reward_ratio': 2.5, 'max_range_pips': 40, 'min_range_pips': 5, 'asia_start_hour': 0, 'asia_end_hour': 7, 'trade_start_minute': 5, 'trade_end_hour': 10, 'hard_exit_hour': 16, 'one_trade_per_day': True}. Best is trial 3 with value: 1.6726701363948053.
C:\Users\הלל\Desktop\algo projects\trading-research-factory\walk forward engine\.venv\lib\site-packages\optuna\samplers\_tpe\sampler.py:319: ExperimentalWarning: ``multivariate`` option is an experimental feature. The interface can change in the future.
  warnings.warn(
[I 2026-05-28 23:16:14,979] A new study created in memory with name: no-name-87aadbdc-8e73-4599-b654-472bc05853ba
[I 2026-05-28 23:16:16,956] Trial 0 finished with value: -0.8666619301136683 and parameters: {'buffer_pips': 5, 'risk_reward_ratio': 3.0, 'max_range_pips': 20, 'min_range_pips': 5, 'asia_start_hour': 0, 'asia_end_hour': 7, 'trade_start_minute': 5, 'trade_end_hour': 10, 'hard_exit_hour': 16, 'one_trade_per_day': True}. Best is trial 0 with value: -0.8666619301136683.
[I 2026-05-28 23:16:17,497] Trial 2 finished with value: -0.3753924399195616 and parameters: {'buffer_pips': 2, 'risk_reward_ratio': 1.5, 'max_range_pips': 30, 'min_range_pips': 10, 'asia_start_hour': 0, 'asia_end_hour': 7, 'trade_start_minute': 5, 'trade_end_hour': 10, 'hard_exit_hour': 16, 'one_trade_per_day': True}. Best is trial 2 with value: -0.3753924399195616.
[I 2026-05-28 23:16:17,618] Trial 1 finished with value: -0.872058829316575 and parameters: {'buffer_pips': 4, 'risk_reward_ratio': 1.5, 'max_range_pips': 40, 'min_range_pips': 10, 'asia_start_hour': 0, 'asia_end_hour': 7, 'trade_start_minute': 5, 'trade_end_hour': 10, 'hard_exit_hour': 16, 'one_trade_per_day': True}. Best is trial 2 with value: -0.3753924399195616.
[I 2026-05-28 23:16:17,839] Trial 7 finished with value: -0.20403296375384122 and parameters: {'buffer_pips': 2, 'risk_reward_ratio': 1.5, 'max_range_pips': 30, 'min_range_pips': 5, 'asia_start_hour': 0, 'asia_end_hour': 7, 'trade_start_minute': 5, 'trade_end_hour': 10, 'hard_exit_hour': 16, 'one_trade_per_day': True}. Best is trial 7 with value: -0.20403296375384122.
[I 2026-05-28 23:16:17,877] Trial 6 finished with value: -0.7963572997939029 and parameters: {'buffer_pips': 6, 'risk_reward_ratio': 1.5, 'max_range_pips': 40, 'min_range_pips': 10, 'asia_start_hour': 0, 'asia_end_hour': 7, 'trade_start_minute': 5, 'trade_end_hour': 10, 'hard_exit_hour': 16, 'one_trade_per_day': True}. Best is trial 7 with value: -0.20403296375384122.
[I 2026-05-28 23:16:18,026] Trial 4 finished with value: -0.23476261919789093 and parameters: {'buffer_pips': 6, 'risk_reward_ratio': 2.0, 'max_range_pips': 50, 'min_range_pips': 15, 'asia_start_hour': 0, 'asia_end_hour': 7, 'trade_start_minute': 5, 'trade_end_hour': 10, 'hard_exit_hour': 16, 'one_trade_per_day': True}. Best is trial 7 with value: -0.20403296375384122.
[I 2026-05-28 23:16:18,033] Trial 5 finished with value: -1.325749576581879 and parameters: {'buffer_pips': 3, 'risk_reward_ratio': 2.5, 'max_range_pips': 20, 'min_range_pips': 10, 'asia_start_hour': 0, 'asia_end_hour': 7, 'trade_start_minute': 5, 'trade_end_hour': 10, 'hard_exit_hour': 16, 'one_trade_per_day': True}. Best is trial 7 with value: -0.20403296375384122.
[I 2026-05-28 23:16:18,087] Trial 3 finished with value: 0.3827574577328923 and parameters: {'buffer_pips': 8, 'risk_reward_ratio': 2.5, 'max_range_pips': 40, 'min_range_pips': 15, 'asia_start_hour': 0, 'asia_end_hour': 7, 'trade_start_minute': 5, 'trade_end_hour': 10, 'hard_exit_hour': 16, 'one_trade_per_day': True}. Best is trial 3 with value: 0.3827574577328923.
[I 2026-05-28 23:16:18,348] Trial 8 finished with value: -0.6453198591122434 and parameters: {'buffer_pips': 6, 'risk_reward_ratio': 2.0, 'max_range_pips': 40, 'min_range_pips': 5, 'asia_start_hour': 0, 'asia_end_hour': 7, 'trade_start_minute': 5, 'trade_end_hour': 10, 'hard_exit_hour': 16, 'one_trade_per_day': True}. Best is trial 3 with value: 0.3827574577328923.
[I 2026-05-28 23:16:18,428] Trial 9 finished with value: -0.9944967871189542 and parameters: {'buffer_pips': 2, 'risk_reward_ratio': 1.5, 'max_range_pips': 20, 'min_range_pips': 5, 'asia_start_hour': 0, 'asia_end_hour': 7, 'trade_start_minute': 5, 'trade_end_hour': 10, 'hard_exit_hour': 16, 'one_trade_per_day': True}. Best is trial 3 with value: 0.3827574577328923.
C:\Users\הלל\Desktop\algo projects\trading-research-factory\walk forward engine\.venv\lib\site-packages\optuna\samplers\_tpe\sampler.py:319: ExperimentalWarning: ``multivariate`` option is an experimental feature. The interface can change in the future.
  warnings.warn(
[I 2026-05-28 23:16:19,009] A new study created in memory with name: no-name-21b55d2a-12ac-4a56-a98f-c6dbaabe93ed
[I 2026-05-28 23:16:21,253] Trial 1 finished with value: -0.17660196028826375 and parameters: {'buffer_pips': 4, 'risk_reward_ratio': 3.0, 'max_range_pips': 40, 'min_range_pips': 10, 'asia_start_hour': 0, 'asia_end_hour': 7, 'trade_start_minute': 5, 'trade_end_hour': 10, 'hard_exit_hour': 16, 'one_trade_per_day': True}. Best is trial 1 with value: -0.17660196028826375.
[I 2026-05-28 23:16:21,871] Trial 3 finished with value: 0.6313972687790317 and parameters: {'buffer_pips': 5, 'risk_reward_ratio': 2.0, 'max_range_pips': 40, 'min_range_pips': 10, 'asia_start_hour': 0, 'asia_end_hour': 7, 'trade_start_minute': 5, 'trade_end_hour': 10, 'hard_exit_hour': 16, 'one_trade_per_day': True}. Best is trial 3 with value: 0.6313972687790317.
[I 2026-05-28 23:16:21,955] Trial 2 finished with value: 0.014871088131117802 and parameters: {'buffer_pips': 4, 'risk_reward_ratio': 1.5, 'max_range_pips': 40, 'min_range_pips': 5, 'asia_start_hour': 0, 'asia_end_hour': 7, 'trade_start_minute': 5, 'trade_end_hour': 10, 'hard_exit_hour': 16, 'one_trade_per_day': True}. Best is trial 3 with value: 0.6313972687790317.
[I 2026-05-28 23:16:22,171] Trial 0 finished with value: -0.41615291402463045 and parameters: {'buffer_pips': 4, 'risk_reward_ratio': 3.0, 'max_range_pips': 30, 'min_range_pips': 15, 'asia_start_hour': 0, 'asia_end_hour': 7, 'trade_start_minute': 5, 'trade_end_hour': 10, 'hard_exit_hour': 16, 'one_trade_per_day': True}. Best is trial 3 with value: 0.6313972687790317.
[I 2026-05-28 23:16:22,230] Trial 5 finished with value: 0.32096535469256715 and parameters: {'buffer_pips': 8, 'risk_reward_ratio': 2.5, 'max_range_pips': 50, 'min_range_pips': 10, 'asia_start_hour': 0, 'asia_end_hour': 7, 'trade_start_minute': 5, 'trade_end_hour': 10, 'hard_exit_hour': 16, 'one_trade_per_day': True}. Best is trial 3 with value: 0.6313972687790317.
[I 2026-05-28 23:16:22,363] Trial 4 finished with value: 0.44266584415657995 and parameters: {'buffer_pips': 3, 'risk_reward_ratio': 2.0, 'max_range_pips': 20, 'min_range_pips': 10, 'asia_start_hour': 0, 'asia_end_hour': 7, 'trade_start_minute': 5, 'trade_end_hour': 10, 'hard_exit_hour': 16, 'one_trade_per_day': True}. Best is trial 3 with value: 0.6313972687790317.
[I 2026-05-28 23:16:22,386] Trial 6 finished with value: -1.0662744092380652 and parameters: {'buffer_pips': 3, 'risk_reward_ratio': 2.5, 'max_range_pips': 20, 'min_range_pips': 10, 'asia_start_hour': 0, 'asia_end_hour': 7, 'trade_start_minute': 5, 'trade_end_hour': 10, 'hard_exit_hour': 16, 'one_trade_per_day': True}. Best is trial 3 with value: 0.6313972687790317.
[I 2026-05-28 23:16:22,450] Trial 7 finished with value: -0.2970927707779018 and parameters: {'buffer_pips': 6, 'risk_reward_ratio': 2.5, 'max_range_pips': 40, 'min_range_pips': 10, 'asia_start_hour': 0, 'asia_end_hour': 7, 'trade_start_minute': 5, 'trade_end_hour': 10, 'hard_exit_hour': 16, 'one_trade_per_day': True}. Best is trial 3 with value: 0.6313972687790317.
[I 2026-05-28 23:16:23,096] Trial 8 finished with value: -0.712994940607869 and parameters: {'buffer_pips': 6, 'risk_reward_ratio': 2.0, 'max_range_pips': 30, 'min_range_pips': 15, 'asia_start_hour': 0, 'asia_end_hour': 7, 'trade_start_minute': 5, 'trade_end_hour': 10, 'hard_exit_hour': 16, 'one_trade_per_day': True}. Best is trial 3 with value: 0.6313972687790317.
[I 2026-05-28 23:16:23,272] Trial 9 finished with value: -0.9089992875486984 and parameters: {'buffer_pips': 7, 'risk_reward_ratio': 2.0, 'max_range_pips': 30, 'min_range_pips': 5, 'asia_start_hour': 0, 'asia_end_hour': 7, 'trade_start_minute': 5, 'trade_end_hour': 10, 'hard_exit_hour': 16, 'one_trade_per_day': True}. Best is trial 3 with value: 0.6313972687790317.
