[I 2026-05-28 23:14:17,453] Trial 0 finished with value: -2.7736217935128558 and parameters: {'buffer_pips': 3, 'risk_reward_ratio': 2.5, 'max_range_pips': 20, 'min_range_pips': 10, 'asia_start_hour': 0, 'asia_end_hour': 7, 'trade_start_minute': 5, 'trade_end_hour': 10, 'hard_exit_hour': 16, 'one_trade_per_day': True}. Best is trial 0 with value: -2.7736217935128558.
[I 2026-05-28 23:14:17,794] Trial 2 finished with value: -1.5854833570974622 and parameters: {'buffer_pips': 2, 'risk_reward_ratio': 2.0, 'max_range_pips': 50, 'min_range_pips': 10, 'asia_start_hour': 0, 'asia_end_hour': 7, 'trade_start_minute': 5, 'trade_end_hour': 10, 'hard_exit_hour': 16, 'one_trade_per_day': True}. Best is trial 2 with value: -1.5854833570974622.
[I 2026-05-28 23:14:17,919] Trial 6 finished with value: -2.968831386456664 and parameters: {'buffer_pips': 5, 'risk_reward_ratio': 2.0, 'max_range_pips': 50, 'min_range_pips': 15, 'asia_start_hour': 0, 'asia_end_hour': 7, 'trade_start_minute': 5, 'trade_end_hour': 10, 'hard_exit_hour': 16, 'one_trade_per_day': True}. Best is trial 2 with value: -1.5854833570974622.
[I 2026-05-28 23:14:17,933] Trial 1 finished with value: -1.6785005505632078 and parameters: {'buffer_pips': 3, 'risk_reward_ratio': 2.5, 'max_range_pips': 40, 'min_range_pips': 5, 'asia_start_hour': 0, 'asia_end_hour': 7, 'trade_start_minute': 5, 'trade_end_hour': 10, 'hard_exit_hour': 16, 'one_trade_per_day': True}. Best is trial 2 with value: -1.5854833570974622.
[I 2026-05-28 23:14:17,969] Trial 4 finished with value: -2.734392595767096 and parameters: {'buffer_pips': 4, 'risk_reward_ratio': 3.0, 'max_range_pips': 20, 'min_range_pips': 10, 'asia_start_hour': 0, 'asia_end_hour': 7, 'trade_start_minute': 5, 'trade_end_hour': 10, 'hard_exit_hour': 16, 'one_trade_per_day': True}. Best is trial 2 with value: -1.5854833570974622.
[I 2026-05-28 23:14:18,000] Trial 5 finished with value: -2.142316178437805 and parameters: {'buffer_pips': 6, 'risk_reward_ratio': 2.0, 'max_range_pips': 40, 'min_range_pips': 15, 'asia_start_hour': 0, 'asia_end_hour': 7, 'trade_start_minute': 5, 'trade_end_hour': 10, 'hard_exit_hour': 16, 'one_trade_per_day': True}. Best is trial 2 with value: -1.5854833570974622.
[I 2026-05-28 23:14:18,009] Trial 7 finished with value: -0.7312971049229922 and parameters: {'buffer_pips': 7, 'risk_reward_ratio': 1.5, 'max_range_pips': 40, 'min_range_pips': 5, 'asia_start_hour': 0, 'asia_end_hour': 7, 'trade_start_minute': 5, 'trade_end_hour': 10, 'hard_exit_hour': 16, 'one_trade_per_day': True}. Best is trial 7 with value: -0.7312971049229922.
[I 2026-05-28 23:14:18,067] Trial 3 finished with value: -2.5086456008693987 and parameters: {'buffer_pips': 8, 'risk_reward_ratio': 3.0, 'max_range_pips': 50, 'min_range_pips': 10, 'asia_start_hour': 0, 'asia_end_hour': 7, 'trade_start_minute': 5, 'trade_end_hour': 10, 'hard_exit_hour': 16, 'one_trade_per_day': True}. Best is trial 7 with value: -0.7312971049229922.
[I 2026-05-28 23:14:18,310] Trial 8 finished with value: -2.6854337140688576 and parameters: {'buffer_pips': 3, 'risk_reward_ratio': 3.0, 'max_range_pips': 20, 'min_range_pips': 10, 'asia_start_hour': 0, 'asia_end_hour': 7, 'trade_start_minute': 5, 'trade_end_hour': 10, 'hard_exit_hour': 16, 'one_trade_per_day': True}. Best is trial 7 with value: -0.7312971049229922.
[I 2026-05-28 23:14:18,385] Trial 9 finished with value: -3.9665754606888286 and parameters: {'buffer_pips': 2, 'risk_reward_ratio': 2.0, 'max_range_pips': 20, 'min_range_pips': 15, 'asia_start_hour': 0, 'asia_end_hour': 7, 'trade_start_minute': 5, 'trade_end_hour': 10, 'hard_exit_hour': 16, 'one_trade_per_day': True}. Best is trial 7 with value: -0.7312971049229922.
C:\Users\הלל\Desktop\algo projects\trading-research-factory\walk forward engine\.venv\lib\site-packages\optuna\samplers\_tpe\sampler.py:319: ExperimentalWarning: ``multivariate`` option is an experimental feature. The interface can change in the future.
  warnings.warn(
[I 2026-05-28 23:14:18,955] A new study created in memory with name: no-name-aee924f8-6b9f-4992-ac84-23a214c069d6
[I 2026-05-28 23:14:20,515] Trial 2 finished with value: 0.07364394381185117 and parameters: {'buffer_pips': 6, 'risk_reward_ratio': 2.5, 'max_range_pips': 50, 'min_range_pips': 15, 'asia_start_hour': 0, 'asia_end_hour': 7, 'trade_start_minute': 5, 'trade_end_hour': 10, 'hard_exit_hour': 16, 'one_trade_per_day': True}. Best is trial 2 with value: 0.07364394381185117.
[I 2026-05-28 23:14:20,639] Trial 4 finished with value: -3.758963237185867 and parameters: {'buffer_pips': 3, 'risk_reward_ratio': 2.5, 'max_range_pips': 20, 'min_range_pips': 10, 'asia_start_hour': 0, 'asia_end_hour': 7, 'trade_start_minute': 5, 'trade_end_hour': 10, 'hard_exit_hour': 16, 'one_trade_per_day': True}. Best is trial 2 with value: 0.07364394381185117.
[I 2026-05-28 23:14:20,996] Trial 7 finished with value: -0.09138026909766075 and parameters: {'buffer_pips': 7, 'risk_reward_ratio': 2.0, 'max_range_pips': 50, 'min_range_pips': 15, 'asia_start_hour': 0, 'asia_end_hour': 7, 'trade_start_minute': 5, 'trade_end_hour': 10, 'hard_exit_hour': 16, 'one_trade_per_day': True}. Best is trial 2 with value: 0.07364394381185117.
[I 2026-05-28 23:14:21,019] Trial 1 finished with value: -0.40755265026684445 and parameters: {'buffer_pips': 5, 'risk_reward_ratio': 3.0, 'max_range_pips': 30, 'min_range_pips': 5, 'asia_start_hour': 0, 'asia_end_hour': 7, 'trade_start_minute': 5, 'trade_end_hour': 10, 'hard_exit_hour': 16, 'one_trade_per_day': True}. Best is trial 2 with value: 0.07364394381185117.
[I 2026-05-28 23:14:21,160] Trial 5 finished with value: -1.4009273532340594 and parameters: {'buffer_pips': 3, 'risk_reward_ratio': 1.5, 'max_range_pips': 30, 'min_range_pips': 10, 'asia_start_hour': 0, 'asia_end_hour': 7, 'trade_start_minute': 5, 'trade_end_hour': 10, 'hard_exit_hour': 16, 'one_trade_per_day': True}. Best is trial 2 with value: 0.07364394381185117.
[I 2026-05-28 23:14:21,198] Trial 6 finished with value: -1.20185674924358 and parameters: {'buffer_pips': 3, 'risk_reward_ratio': 2.5, 'max_range_pips': 30, 'min_range_pips': 5, 'asia_start_hour': 0, 'asia_end_hour': 7, 'trade_start_minute': 5, 'trade_end_hour': 10, 'hard_exit_hour': 16, 'one_trade_per_day': True}. Best is trial 2 with value: 0.07364394381185117.
[I 2026-05-28 23:14:21,233] Trial 0 finished with value: -0.47838715567022294 and parameters: {'buffer_pips': 2, 'risk_reward_ratio': 2.5, 'max_range_pips': 40, 'min_range_pips': 15, 'asia_start_hour': 0, 'asia_end_hour': 7, 'trade_start_minute': 5, 'trade_end_hour': 10, 'hard_exit_hour': 16, 'one_trade_per_day': True}. Best is trial 2 with value: 0.07364394381185117.
[I 2026-05-28 23:14:21,244] Trial 3 finished with value: 0.24188326044508454 and parameters: {'buffer_pips': 7, 'risk_reward_ratio': 2.5, 'max_range_pips': 50, 'min_range_pips': 5, 'asia_start_hour': 0, 'asia_end_hour': 7, 'trade_start_minute': 5, 'trade_end_hour': 10, 'hard_exit_hour': 16, 'one_trade_per_day': True}. Best is trial 3 with value: 0.24188326044508454.
[I 2026-05-28 23:14:21,511] Trial 8 finished with value: 0.9205102345298863 and parameters: {'buffer_pips': 6, 'risk_reward_ratio': 1.5, 'max_range_pips': 40, 'min_range_pips': 15, 'asia_start_hour': 0, 'asia_end_hour': 7, 'trade_start_minute': 5, 'trade_end_hour': 10, 'hard_exit_hour': 16, 'one_trade_per_day': True}. Best is trial 8 with value: 0.9205102345298863.
[I 2026-05-28 23:14:21,575] Trial 9 finished with value: 0.1301162265319057 and parameters: {'buffer_pips': 8, 'risk_reward_ratio': 3.0, 'max_range_pips': 50, 'min_range_pips': 5, 'asia_start_hour': 0, 'asia_end_hour': 7, 'trade_start_minute': 5, 'trade_end_hour': 10, 'hard_exit_hour': 16, 'one_trade_per_day': True}. Best is trial 8 with value: 0.9205102345298863.
C:\Users\הלל\Desktop\algo projects\trading-research-factory\walk forward engine\.venv\lib\site-packages\optuna\samplers\_tpe\sampler.py:319: ExperimentalWarning: ``multivariate`` option is an experimental feature. The interface can change in the future.
  warnings.warn(
[I 2026-05-28 23:14:21,972] A new study created in memory with name: no-name-17831639-7650-4999-be7a-2a3a0695bd00
[I 2026-05-28 23:14:23,851] Trial 0 finished with value: 0.9951216382809134 and parameters: {'buffer_pips': 7, 'risk_reward_ratio': 3.0, 'max_range_pips': 50, 'min_range_pips': 10, 'asia_start_hour': 0, 'asia_end_hour': 7, 'trade_start_minute': 5, 'trade_end_hour': 10, 'hard_exit_hour': 16, 'one_trade_per_day': True}. Best is trial 0 with value: 0.9951216382809134.
[I 2026-05-28 23:14:23,936] Trial 2 finished with value: 1.7527616760453062 and parameters: {'buffer_pips': 7, 'risk_reward_ratio': 3.0, 'max_range_pips': 30, 'min_range_pips': 15, 'asia_start_hour': 0, 'asia_end_hour': 7, 'trade_start_minute': 5, 'trade_end_hour': 10, 'hard_exit_hour': 16, 'one_trade_per_day': True}. Best is trial 2 with value: 1.7527616760453062.
[I 2026-05-28 23:14:23,989] Trial 1 finished with value: 0.9473469904722908 and parameters: {'buffer_pips': 8, 'risk_reward_ratio': 2.0, 'max_range_pips': 20, 'min_range_pips': 10, 'asia_start_hour': 0, 'asia_end_hour': 7, 'trade_start_minute': 5, 'trade_end_hour': 10, 'hard_exit_hour': 16, 'one_trade_per_day': True}. Best is trial 2 with value: 1.7527616760453062.
[I 2026-05-28 23:14:24,165] Trial 3 finished with value: 0.8901687381376998 and parameters: {'buffer_pips': 5, 'risk_reward_ratio': 3.0, 'max_range_pips': 40, 'min_range_pips': 15, 'asia_start_hour': 0, 'asia_end_hour': 7, 'trade_start_minute': 5, 'trade_end_hour': 10, 'hard_exit_hour': 16, 'one_trade_per_day': True}. Best is trial 2 with value: 1.7527616760453062.
[I 2026-05-28 23:14:24,188] Trial 4 finished with value: -0.9433212017454616 and parameters: {'buffer_pips': 2, 'risk_reward_ratio': 1.5, 'max_range_pips': 50, 'min_range_pips': 15, 'asia_start_hour': 0, 'asia_end_hour': 7, 'trade_start_minute': 5, 'trade_end_hour': 10, 'hard_exit_hour': 16, 'one_trade_per_day': True}. Best is trial 2 with value: 1.7527616760453062.
[I 2026-05-28 23:14:24,216] Trial 5 finished with value: 0.6680055193823422 and parameters: {'buffer_pips': 8, 'risk_reward_ratio': 3.0, 'max_range_pips': 20, 'min_range_pips': 15, 'asia_start_hour': 0, 'asia_end_hour': 7, 'trade_start_minute': 5, 'trade_end_hour': 10, 'hard_exit_hour': 16, 'one_trade_per_day': True}. Best is trial 2 with value: 1.7527616760453062.
[I 2026-05-28 23:14:24,306] Trial 7 finished with value: 1.3274062724628772 and parameters: {'buffer_pips': 8, 'risk_reward_ratio': 3.0, 'max_range_pips': 40, 'min_range_pips': 15, 'asia_start_hour': 0, 'asia_end_hour': 7, 'trade_start_minute': 5, 'trade_end_hour': 10, 'hard_exit_hour': 16, 'one_trade_per_day': True}. Best is trial 2 with value: 1.7527616760453062.
[I 2026-05-28 23:14:24,315] Trial 6 finished with value: 0.025504689606004365 and parameters: {'buffer_pips': 3, 'risk_reward_ratio': 1.5, 'max_range_pips': 50, 'min_range_pips': 15, 'asia_start_hour': 0, 'asia_end_hour': 7, 'trade_start_minute': 5, 'trade_end_hour': 10, 'hard_exit_hour': 16, 'one_trade_per_day': True}. Best is trial 2 with value: 1.7527616760453062.
[I 2026-05-28 23:14:24,578] Trial 9 finished with value: 1.055737478749115 and parameters: {'buffer_pips': 3, 'risk_reward_ratio': 3.0, 'max_range_pips': 30, 'min_range_pips': 10, 'asia_start_hour': 0, 'asia_end_hour': 7, 'trade_start_minute': 5, 'trade_end_hour': 10, 'hard_exit_hour': 16, 'one_trade_per_day': True}. Best is trial 2 with value: 1.7527616760453062.
[I 2026-05-28 23:14:24,647] Trial 8 finished with value: 0.7771469099947039 and parameters: {'buffer_pips': 8, 'risk_reward_ratio': 2.0, 'max_range_pips': 50, 'min_range_pips': 5, 'asia_start_hour': 0, 'asia_end_hour': 7, 'trade_start_minute': 5, 'trade_end_hour': 10, 'hard_exit_hour': 16, 'one_trade_per_day': True}. Best is trial 2 with value: 1.7527616760453062.
C:\Users\הלל\Desktop\algo projects\trading-research-factory\walk forward engine\.venv\lib\site-packages\optuna\samplers\_tpe\sampler.py:319: ExperimentalWarning: ``multivariate`` option is an experimental feature. The interface can change in the future.
  warnings.warn(
[I 2026-05-28 23:14:25,116] A new study created in memory with name: no-name-4e7e7543-9aa6-4700-b07f-0790b97c614b
[I 2026-05-28 23:14:26,278] Trial 0 finished with value: 0.9722080252920291 and parameters: {'buffer_pips': 7, 'risk_reward_ratio': 2.0, 'max_range_pips': 40, 'min_range_pips': 15, 'asia_start_hour': 0, 'asia_end_hour': 7, 'trade_start_minute': 5, 'trade_end_hour': 10, 'hard_exit_hour': 16, 'one_trade_per_day': True}. Best is trial 0 with value: 0.9722080252920291.
[I 2026-05-28 23:14:27,236] Trial 2 finished with value: 1.448223761162035 and parameters: {'buffer_pips': 3, 'risk_reward_ratio': 2.5, 'max_range_pips': 20, 'min_range_pips': 15, 'asia_start_hour': 0, 'asia_end_hour': 7, 'trade_start_minute': 5, 'trade_end_hour': 10, 'hard_exit_hour': 16, 'one_trade_per_day': True}. Best is trial 2 with value: 1.448223761162035.
[I 2026-05-28 23:14:27,452] Trial 6 finished with value: 0.40195315933788484 and parameters: {'buffer_pips': 4, 'risk_reward_ratio': 2.0, 'max_range_pips': 40, 'min_range_pips': 15, 'asia_start_hour': 0, 'asia_end_hour': 7, 'trade_start_minute': 5, 'trade_end_hour': 10, 'hard_exit_hour': 16, 'one_trade_per_day': True}. Best is trial 2 with value: 1.448223761162035.
[I 2026-05-28 23:14:27,546] Trial 5 finished with value: 2.365537476758122 and parameters: {'buffer_pips': 8, 'risk_reward_ratio': 2.5, 'max_range_pips': 30, 'min_range_pips': 5, 'asia_start_hour': 0, 'asia_end_hour': 7, 'trade_start_minute': 5, 'trade_end_hour': 10, 'hard_exit_hour': 16, 'one_trade_per_day': True}. Best is trial 5 with value: 2.365537476758122.
[I 2026-05-28 23:14:27,687] Trial 3 finished with value: 1.0633688841263047 and parameters: {'buffer_pips': 3, 'risk_reward_ratio': 2.5, 'max_range_pips': 30, 'min_range_pips': 15, 'asia_start_hour': 0, 'asia_end_hour': 7, 'trade_start_minute': 5, 'trade_end_hour': 10, 'hard_exit_hour': 16, 'one_trade_per_day': True}. Best is trial 5 with value: 2.365537476758122.
[I 2026-05-28 23:14:27,717] Trial 7 finished with value: 1.7034396319690945 and parameters: {'buffer_pips': 8, 'risk_reward_ratio': 1.5, 'max_range_pips': 30, 'min_range_pips': 5, 'asia_start_hour': 0, 'asia_end_hour': 7, 'trade_start_minute': 5, 'trade_end_hour': 10, 'hard_exit_hour': 16, 'one_trade_per_day': True}. Best is trial 5 with value: 2.365537476758122.
[I 2026-05-28 23:14:27,828] Trial 4 finished with value: 0.5944025525504547 and parameters: {'buffer_pips': 6, 'risk_reward_ratio': 2.5, 'max_range_pips': 40, 'min_range_pips': 10, 'asia_start_hour': 0, 'asia_end_hour': 7, 'trade_start_minute': 5, 'trade_end_hour': 10, 'hard_exit_hour': 16, 'one_trade_per_day': True}. Best is trial 5 with value: 2.365537476758122.
[I 2026-05-28 23:14:27,859] Trial 1 finished with value: -1.7104650353544983 and parameters: {'buffer_pips': 2, 'risk_reward_ratio': 1.5, 'max_range_pips': 50, 'min_range_pips': 15, 'asia_start_hour': 0, 'asia_end_hour': 7, 'trade_start_minute': 5, 'trade_end_hour': 10, 'hard_exit_hour': 16, 'one_trade_per_day': True}. Best is trial 5 with value: 2.365537476758122.
[I 2026-05-28 23:14:27,932] Trial 8 finished with value: 0.3039472962209341 and parameters: {'buffer_pips': 2, 'risk_reward_ratio': 2.5, 'max_range_pips': 30, 'min_range_pips': 15, 'asia_start_hour': 0, 'asia_end_hour': 7, 'trade_start_minute': 5, 'trade_end_hour': 10, 'hard_exit_hour': 16, 'one_trade_per_day': True}. Best is trial 5 with value: 2.365537476758122.
[I 2026-05-28 23:14:28,069] Trial 9 finished with value: 0.5086901453378515 and parameters: {'buffer_pips': 3, 'risk_reward_ratio': 1.5, 'max_range_pips': 30, 'min_range_pips': 5, 'asia_start_hour': 0, 'asia_end_hour': 7, 'trade_start_minute': 5, 'trade_end_hour': 10, 'hard_exit_hour': 16, 'one_trade_per_day': True}. Best is trial 5 with value: 2.365537476758122.
C:\Users\הלל\Desktop\algo projects\trading-research-factory\walk forward engine\.venv\lib\site-packages\optuna\samplers\_tpe\sampler.py:319: ExperimentalWarning: ``multivariate`` option is an experimental feature. The interface can change in the future.
  warnings.warn(
[I 2026-05-28 23:14:28,556] A new study created in memory with name: no-name-b970529d-815f-40e4-b023-d1b07977aacf
[I 2026-05-28 23:14:30,402] Trial 1 finished with value: -9.7 and parameters: {'buffer_pips': 7, 'risk_reward_ratio': 2.0, 'max_range_pips': 20, 'min_range_pips': 5, 'asia_start_hour': 0, 'asia_end_hour': 7, 'trade_start_minute': 5, 'trade_end_hour': 10, 'hard_exit_hour': 16, 'one_trade_per_day': True}. Best is trial 1 with value: -9.7.
[I 2026-05-28 23:14:30,500] Trial 6 finished with value: -9.7 and parameters: {'buffer_pips': 6, 'risk_reward_ratio': 2.0, 'max_range_pips': 20, 'min_range_pips': 10, 'asia_start_hour': 0, 'asia_end_hour': 7, 'trade_start_minute': 5, 'trade_end_hour': 10, 'hard_exit_hour': 16, 'one_trade_per_day': True}. Best is trial 1 with value: -9.7.
[I 2026-05-28 23:14:30,974] Trial 0 finished with value: -0.44170091309949905 and parameters: {'buffer_pips': 7, 'risk_reward_ratio': 1.5, 'max_range_pips': 50, 'min_range_pips': 10, 'asia_start_hour': 0, 'asia_end_hour': 7, 'trade_start_minute': 5, 'trade_end_hour': 10, 'hard_exit_hour': 16, 'one_trade_per_day': True}. Best is trial 0 with value: -0.44170091309949905.
[I 2026-05-28 23:14:31,006] Trial 5 finished with value: 0.18118261840316172 and parameters: {'buffer_pips': 7, 'risk_reward_ratio': 2.5, 'max_range_pips': 50, 'min_range_pips': 10, 'asia_start_hour': 0, 'asia_end_hour': 7, 'trade_start_minute': 5, 'trade_end_hour': 10, 'hard_exit_hour': 16, 'one_trade_per_day': True}. Best is trial 5 with value: 0.18118261840316172.
[I 2026-05-28 23:14:31,065] Trial 4 finished with value: 1.273430925235502 and parameters: {'buffer_pips': 3, 'risk_reward_ratio': 3.0, 'max_range_pips': 30, 'min_range_pips': 5, 'asia_start_hour': 0, 'asia_end_hour': 7, 'trade_start_minute': 5, 'trade_end_hour': 10, 'hard_exit_hour': 16, 'one_trade_per_day': True}. Best is trial 4 with value: 1.273430925235502.
[I 2026-05-28 23:14:31,079] Trial 3 finished with value: -1.2234873677084974 and parameters: {'buffer_pips': 5, 'risk_reward_ratio': 1.5, 'max_range_pips': 50, 'min_range_pips': 10, 'asia_start_hour': 0, 'asia_end_hour': 7, 'trade_start_minute': 5, 'trade_end_hour': 10, 'hard_exit_hour': 16, 'one_trade_per_day': True}. Best is trial 4 with value: 1.273430925235502.
[I 2026-05-28 23:14:31,093] Trial 2 finished with value: -0.5181475867342324 and parameters: {'buffer_pips': 2, 'risk_reward_ratio': 2.0, 'max_range_pips': 50, 'min_range_pips': 5, 'asia_start_hour': 0, 'asia_end_hour': 7, 'trade_start_minute': 5, 'trade_end_hour': 10, 'hard_exit_hour': 16, 'one_trade_per_day': True}. Best is trial 4 with value: 1.273430925235502.
[I 2026-05-28 23:14:31,096] Trial 7 finished with value: 0.4006752511053912 and parameters: {'buffer_pips': 7, 'risk_reward_ratio': 3.0, 'max_range_pips': 40, 'min_range_pips': 5, 'asia_start_hour': 0, 'asia_end_hour': 7, 'trade_start_minute': 5, 'trade_end_hour': 10, 'hard_exit_hour': 16, 'one_trade_per_day': True}. Best is trial 4 with value: 1.273430925235502.
[I 2026-05-28 23:14:31,376] Trial 9 finished with value: -0.310539312585209 and parameters: {'buffer_pips': 2, 'risk_reward_ratio': 2.0, 'max_range_pips': 40, 'min_range_pips': 5, 'asia_start_hour': 0, 'asia_end_hour': 7, 'trade_start_minute': 5, 'trade_end_hour': 10, 'hard_exit_hour': 16, 'one_trade_per_day': True}. Best is trial 4 with value: 1.273430925235502.
[I 2026-05-28 23:14:31,444] Trial 8 finished with value: -0.4914530741038174 and parameters: {'buffer_pips': 4, 'risk_reward_ratio': 3.0, 'max_range_pips': 50, 'min_range_pips': 5, 'asia_start_hour': 0, 'asia_end_hour': 7, 'trade_start_minute': 5, 'trade_end_hour': 10, 'hard_exit_hour': 16, 'one_trade_per_day': True}. Best is trial 4 with value: 1.273430925235502.
C:\Users\הלל\Desktop\algo projects\trading-research-factory\walk forward engine\.venv\lib\site-packages\optuna\samplers\_tpe\sampler.py:319: ExperimentalWarning: ``multivariate`` option is an experimental feature. The interface can change in the future.
  warnings.warn(
[I 2026-05-28 23:14:31,950] A new study created in memory with name: no-name-1712314e-e0e6-482b-99cf-88bf28b1cfe0
[I 2026-05-28 23:14:33,768] Trial 4 finished with value: 0.06744985356536871 and parameters: {'buffer_pips': 7, 'risk_reward_ratio': 2.0, 'max_range_pips': 30, 'min_range_pips': 10, 'asia_start_hour': 0, 'asia_end_hour': 7, 'trade_start_minute': 5, 'trade_end_hour': 10, 'hard_exit_hour': 16, 'one_trade_per_day': True}. Best is trial 4 with value: 0.06744985356536871.
[I 2026-05-28 23:14:33,951] Trial 2 finished with value: -2.1500205786064117 and parameters: {'buffer_pips': 6, 'risk_reward_ratio': 2.0, 'max_range_pips': 50, 'min_range_pips': 10, 'asia_start_hour': 0, 'asia_end_hour': 7, 'trade_start_minute': 5, 'trade_end_hour': 10, 'hard_exit_hour': 16, 'one_trade_per_day': True}. Best is trial 4 with value: 0.06744985356536871.
[I 2026-05-28 23:14:33,994] Trial 1 finished with value: -1.814953500557867 and parameters: {'buffer_pips': 6, 'risk_reward_ratio': 3.0, 'max_range_pips': 50, 'min_range_pips': 15, 'asia_start_hour': 0, 'asia_end_hour': 7, 'trade_start_minute': 5, 'trade_end_hour': 10, 'hard_exit_hour': 16, 'one_trade_per_day': True}. Best is trial 4 with value: 0.06744985356536871.
[I 2026-05-28 23:14:33,999] Trial 7 finished with value: -1.301712094949853 and parameters: {'buffer_pips': 3, 'risk_reward_ratio': 2.0, 'max_range_pips': 20, 'min_range_pips': 10, 'asia_start_hour': 0, 'asia_end_hour': 7, 'trade_start_minute': 5, 'trade_end_hour': 10, 'hard_exit_hour': 16, 'one_trade_per_day': True}. Best is trial 4 with value: 0.06744985356536871.
