[I 2026-05-28 23:13:36,660] Trial 4 finished with value: -9.9 and parameters: {'buffer_pips': 6, 'risk_reward_ratio': 1.5, 'max_range_pips': 20, 'min_range_pips': 10, 'asia_start_hour': 0, 'asia_end_hour': 7, 'trade_start_minute': 5, 'trade_end_hour': 10, 'hard_exit_hour': 16, 'one_trade_per_day': True}. Best is trial 0 with value: -9.9.
[I 2026-05-28 23:13:36,807] Trial 3 finished with value: 1.5157787117392014 and parameters: {'buffer_pips': 7, 'risk_reward_ratio': 2.5, 'max_range_pips': 30, 'min_range_pips': 5, 'asia_start_hour': 0, 'asia_end_hour': 7, 'trade_start_minute': 5, 'trade_end_hour': 10, 'hard_exit_hour': 16, 'one_trade_per_day': True}. Best is trial 3 with value: 1.5157787117392014.
[I 2026-05-28 23:13:36,945] Trial 5 finished with value: -1.1972755604194822 and parameters: {'buffer_pips': 8, 'risk_reward_ratio': 3.0, 'max_range_pips': 40, 'min_range_pips': 5, 'asia_start_hour': 0, 'asia_end_hour': 7, 'trade_start_minute': 5, 'trade_end_hour': 10, 'hard_exit_hour': 16, 'one_trade_per_day': True}. Best is trial 3 with value: 1.5157787117392014.
[I 2026-05-28 23:13:36,977] Trial 7 finished with value: -0.9869942702436779 and parameters: {'buffer_pips': 7, 'risk_reward_ratio': 2.5, 'max_range_pips': 40, 'min_range_pips': 15, 'asia_start_hour': 0, 'asia_end_hour': 7, 'trade_start_minute': 5, 'trade_end_hour': 10, 'hard_exit_hour': 16, 'one_trade_per_day': True}. Best is trial 3 with value: 1.5157787117392014.
[I 2026-05-28 23:13:36,981] Trial 6 finished with value: -9.9 and parameters: {'buffer_pips': 4, 'risk_reward_ratio': 2.5, 'max_range_pips': 20, 'min_range_pips': 10, 'asia_start_hour': 0, 'asia_end_hour': 7, 'trade_start_minute': 5, 'trade_end_hour': 10, 'hard_exit_hour': 16, 'one_trade_per_day': True}. Best is trial 3 with value: 1.5157787117392014.
[I 2026-05-28 23:13:37,307] Trial 8 finished with value: -3.089139041747669 and parameters: {'buffer_pips': 8, 'risk_reward_ratio': 1.5, 'max_range_pips': 50, 'min_range_pips': 15, 'asia_start_hour': 0, 'asia_end_hour': 7, 'trade_start_minute': 5, 'trade_end_hour': 10, 'hard_exit_hour': 16, 'one_trade_per_day': True}. Best is trial 3 with value: 1.5157787117392014.
[I 2026-05-28 23:13:37,368] Trial 9 finished with value: -2.4353964654003017 and parameters: {'buffer_pips': 6, 'risk_reward_ratio': 3.0, 'max_range_pips': 50, 'min_range_pips': 5, 'asia_start_hour': 0, 'asia_end_hour': 7, 'trade_start_minute': 5, 'trade_end_hour': 10, 'hard_exit_hour': 16, 'one_trade_per_day': True}. Best is trial 3 with value: 1.5157787117392014.
C:\Users\הלל\Desktop\algo projects\trading-research-factory\walk forward engine\.venv\lib\site-packages\optuna\samplers\_tpe\sampler.py:319: ExperimentalWarning: ``multivariate`` option is an experimental feature. The interface can change in the future.
  warnings.warn(
[I 2026-05-28 23:13:38,007] A new study created in memory with name: no-name-91cee85a-c993-44ca-a3cd-d0774ec1023f
[I 2026-05-28 23:13:40,042] Trial 0 finished with value: -1.2569864288657464 and parameters: {'buffer_pips': 5, 'risk_reward_ratio': 1.5, 'max_range_pips': 50, 'min_range_pips': 10, 'asia_start_hour': 0, 'asia_end_hour': 7, 'trade_start_minute': 5, 'trade_end_hour': 10, 'hard_exit_hour': 16, 'one_trade_per_day': True}. Best is trial 0 with value: -1.2569864288657464.
[I 2026-05-28 23:13:40,285] Trial 5 finished with value: -2.603712419662602 and parameters: {'buffer_pips': 3, 'risk_reward_ratio': 2.0, 'max_range_pips': 40, 'min_range_pips': 10, 'asia_start_hour': 0, 'asia_end_hour': 7, 'trade_start_minute': 5, 'trade_end_hour': 10, 'hard_exit_hour': 16, 'one_trade_per_day': True}. Best is trial 0 with value: -1.2569864288657464.
[I 2026-05-28 23:13:40,290] Trial 1 finished with value: -1.2738696728591574 and parameters: {'buffer_pips': 8, 'risk_reward_ratio': 3.0, 'max_range_pips': 50, 'min_range_pips': 10, 'asia_start_hour': 0, 'asia_end_hour': 7, 'trade_start_minute': 5, 'trade_end_hour': 10, 'hard_exit_hour': 16, 'one_trade_per_day': True}. Best is trial 0 with value: -1.2569864288657464.
[I 2026-05-28 23:13:40,311] Trial 2 finished with value: -2.3319863016900726 and parameters: {'buffer_pips': 8, 'risk_reward_ratio': 1.5, 'max_range_pips': 30, 'min_range_pips': 5, 'asia_start_hour': 0, 'asia_end_hour': 7, 'trade_start_minute': 5, 'trade_end_hour': 10, 'hard_exit_hour': 16, 'one_trade_per_day': True}. Best is trial 0 with value: -1.2569864288657464.
[I 2026-05-28 23:13:40,488] Trial 3 finished with value: -1.84193045253816 and parameters: {'buffer_pips': 6, 'risk_reward_ratio': 2.0, 'max_range_pips': 30, 'min_range_pips': 15, 'asia_start_hour': 0, 'asia_end_hour': 7, 'trade_start_minute': 5, 'trade_end_hour': 10, 'hard_exit_hour': 16, 'one_trade_per_day': True}. Best is trial 0 with value: -1.2569864288657464.
[I 2026-05-28 23:13:40,512] Trial 4 finished with value: -1.3975602133470746 and parameters: {'buffer_pips': 4, 'risk_reward_ratio': 2.5, 'max_range_pips': 30, 'min_range_pips': 10, 'asia_start_hour': 0, 'asia_end_hour': 7, 'trade_start_minute': 5, 'trade_end_hour': 10, 'hard_exit_hour': 16, 'one_trade_per_day': True}. Best is trial 0 with value: -1.2569864288657464.
[I 2026-05-28 23:13:40,558] Trial 6 finished with value: -1.9774083979242363 and parameters: {'buffer_pips': 5, 'risk_reward_ratio': 1.5, 'max_range_pips': 30, 'min_range_pips': 10, 'asia_start_hour': 0, 'asia_end_hour': 7, 'trade_start_minute': 5, 'trade_end_hour': 10, 'hard_exit_hour': 16, 'one_trade_per_day': True}. Best is trial 0 with value: -1.2569864288657464.
[I 2026-05-28 23:13:40,595] Trial 7 finished with value: -2.5580803922034434 and parameters: {'buffer_pips': 7, 'risk_reward_ratio': 3.0, 'max_range_pips': 40, 'min_range_pips': 15, 'asia_start_hour': 0, 'asia_end_hour': 7, 'trade_start_minute': 5, 'trade_end_hour': 10, 'hard_exit_hour': 16, 'one_trade_per_day': True}. Best is trial 0 with value: -1.2569864288657464.
[I 2026-05-28 23:13:40,889] Trial 8 finished with value: -1.437570041864537 and parameters: {'buffer_pips': 5, 'risk_reward_ratio': 2.5, 'max_range_pips': 30, 'min_range_pips': 15, 'asia_start_hour': 0, 'asia_end_hour': 7, 'trade_start_minute': 5, 'trade_end_hour': 10, 'hard_exit_hour': 16, 'one_trade_per_day': True}. Best is trial 0 with value: -1.2569864288657464.
[I 2026-05-28 23:13:40,969] Trial 9 finished with value: -9.6 and parameters: {'buffer_pips': 6, 'risk_reward_ratio': 1.5, 'max_range_pips': 20, 'min_range_pips': 10, 'asia_start_hour': 0, 'asia_end_hour': 7, 'trade_start_minute': 5, 'trade_end_hour': 10, 'hard_exit_hour': 16, 'one_trade_per_day': True}. Best is trial 0 with value: -1.2569864288657464.
C:\Users\הלל\Desktop\algo projects\trading-research-factory\walk forward engine\.venv\lib\site-packages\optuna\samplers\_tpe\sampler.py:319: ExperimentalWarning: ``multivariate`` option is an experimental feature. The interface can change in the future.
  warnings.warn(
[I 2026-05-28 23:13:41,466] A new study created in memory with name: no-name-4df46689-e7d9-4c8c-9187-d69d36cc9701
[I 2026-05-28 23:13:43,098] Trial 0 finished with value: -9.7 and parameters: {'buffer_pips': 4, 'risk_reward_ratio': 2.5, 'max_range_pips': 20, 'min_range_pips': 10, 'asia_start_hour': 0, 'asia_end_hour': 7, 'trade_start_minute': 5, 'trade_end_hour': 10, 'hard_exit_hour': 16, 'one_trade_per_day': True}. Best is trial 0 with value: -9.7.
[I 2026-05-28 23:13:43,369] Trial 4 finished with value: -9.7 and parameters: {'buffer_pips': 5, 'risk_reward_ratio': 1.5, 'max_range_pips': 20, 'min_range_pips': 10, 'asia_start_hour': 0, 'asia_end_hour': 7, 'trade_start_minute': 5, 'trade_end_hour': 10, 'hard_exit_hour': 16, 'one_trade_per_day': True}. Best is trial 0 with value: -9.7.
[I 2026-05-28 23:13:43,822] Trial 5 finished with value: -9.7 and parameters: {'buffer_pips': 3, 'risk_reward_ratio': 3.0, 'max_range_pips': 20, 'min_range_pips': 10, 'asia_start_hour': 0, 'asia_end_hour': 7, 'trade_start_minute': 5, 'trade_end_hour': 10, 'hard_exit_hour': 16, 'one_trade_per_day': True}. Best is trial 0 with value: -9.7.
[I 2026-05-28 23:13:44,008] Trial 7 finished with value: -2.2138269191791946 and parameters: {'buffer_pips': 5, 'risk_reward_ratio': 3.0, 'max_range_pips': 40, 'min_range_pips': 5, 'asia_start_hour': 0, 'asia_end_hour': 7, 'trade_start_minute': 5, 'trade_end_hour': 10, 'hard_exit_hour': 16, 'one_trade_per_day': True}. Best is trial 7 with value: -2.2138269191791946.
[I 2026-05-28 23:13:44,094] Trial 1 finished with value: -2.513926930842982 and parameters: {'buffer_pips': 5, 'risk_reward_ratio': 2.0, 'max_range_pips': 40, 'min_range_pips': 5, 'asia_start_hour': 0, 'asia_end_hour': 7, 'trade_start_minute': 5, 'trade_end_hour': 10, 'hard_exit_hour': 16, 'one_trade_per_day': True}. Best is trial 7 with value: -2.2138269191791946.
[I 2026-05-28 23:13:44,136] Trial 3 finished with value: -2.513926930842982 and parameters: {'buffer_pips': 5, 'risk_reward_ratio': 2.0, 'max_range_pips': 40, 'min_range_pips': 15, 'asia_start_hour': 0, 'asia_end_hour': 7, 'trade_start_minute': 5, 'trade_end_hour': 10, 'hard_exit_hour': 16, 'one_trade_per_day': True}. Best is trial 7 with value: -2.2138269191791946.
[I 2026-05-28 23:13:44,138] Trial 2 finished with value: -2.0889928814374885 and parameters: {'buffer_pips': 7, 'risk_reward_ratio': 1.5, 'max_range_pips': 40, 'min_range_pips': 10, 'asia_start_hour': 0, 'asia_end_hour': 7, 'trade_start_minute': 5, 'trade_end_hour': 10, 'hard_exit_hour': 16, 'one_trade_per_day': True}. Best is trial 2 with value: -2.0889928814374885.
[I 2026-05-28 23:13:44,147] Trial 6 finished with value: -2.318098936731588 and parameters: {'buffer_pips': 5, 'risk_reward_ratio': 2.5, 'max_range_pips': 40, 'min_range_pips': 5, 'asia_start_hour': 0, 'asia_end_hour': 7, 'trade_start_minute': 5, 'trade_end_hour': 10, 'hard_exit_hour': 16, 'one_trade_per_day': True}. Best is trial 2 with value: -2.0889928814374885.
[I 2026-05-28 23:13:44,392] Trial 8 finished with value: -2.528397063431804 and parameters: {'buffer_pips': 8, 'risk_reward_ratio': 1.5, 'max_range_pips': 40, 'min_range_pips': 5, 'asia_start_hour': 0, 'asia_end_hour': 7, 'trade_start_minute': 5, 'trade_end_hour': 10, 'hard_exit_hour': 16, 'one_trade_per_day': True}. Best is trial 2 with value: -2.0889928814374885.
[I 2026-05-28 23:13:44,477] Trial 9 finished with value: -0.9569370683690526 and parameters: {'buffer_pips': 8, 'risk_reward_ratio': 2.5, 'max_range_pips': 50, 'min_range_pips': 5, 'asia_start_hour': 0, 'asia_end_hour': 7, 'trade_start_minute': 5, 'trade_end_hour': 10, 'hard_exit_hour': 16, 'one_trade_per_day': True}. Best is trial 9 with value: -0.9569370683690526.
C:\Users\הלל\Desktop\algo projects\trading-research-factory\walk forward engine\.venv\lib\site-packages\optuna\samplers\_tpe\sampler.py:319: ExperimentalWarning: ``multivariate`` option is an experimental feature. The interface can change in the future.
  warnings.warn(
[I 2026-05-28 23:13:44,993] A new study created in memory with name: no-name-6b79cf53-d824-41a7-ae5e-fe0c140d584d
[I 2026-05-28 23:13:46,829] Trial 0 finished with value: 0.2703922164267605 and parameters: {'buffer_pips': 5, 'risk_reward_ratio': 1.5, 'max_range_pips': 50, 'min_range_pips': 10, 'asia_start_hour': 0, 'asia_end_hour': 7, 'trade_start_minute': 5, 'trade_end_hour': 10, 'hard_exit_hour': 16, 'one_trade_per_day': True}. Best is trial 0 with value: 0.2703922164267605.
[I 2026-05-28 23:13:46,853] Trial 3 finished with value: -0.28713509179520336 and parameters: {'buffer_pips': 6, 'risk_reward_ratio': 2.5, 'max_range_pips': 40, 'min_range_pips': 15, 'asia_start_hour': 0, 'asia_end_hour': 7, 'trade_start_minute': 5, 'trade_end_hour': 10, 'hard_exit_hour': 16, 'one_trade_per_day': True}. Best is trial 0 with value: 0.2703922164267605.
[I 2026-05-28 23:13:47,081] Trial 4 finished with value: 0.3223728879648494 and parameters: {'buffer_pips': 2, 'risk_reward_ratio': 3.0, 'max_range_pips': 40, 'min_range_pips': 10, 'asia_start_hour': 0, 'asia_end_hour': 7, 'trade_start_minute': 5, 'trade_end_hour': 10, 'hard_exit_hour': 16, 'one_trade_per_day': True}. Best is trial 4 with value: 0.3223728879648494.
[I 2026-05-28 23:13:47,162] Trial 1 finished with value: 0.11208017945463278 and parameters: {'buffer_pips': 6, 'risk_reward_ratio': 1.5, 'max_range_pips': 50, 'min_range_pips': 15, 'asia_start_hour': 0, 'asia_end_hour': 7, 'trade_start_minute': 5, 'trade_end_hour': 10, 'hard_exit_hour': 16, 'one_trade_per_day': True}. Best is trial 4 with value: 0.3223728879648494.
[I 2026-05-28 23:13:47,180] Trial 6 finished with value: 0.4104019713316447 and parameters: {'buffer_pips': 2, 'risk_reward_ratio': 2.0, 'max_range_pips': 30, 'min_range_pips': 5, 'asia_start_hour': 0, 'asia_end_hour': 7, 'trade_start_minute': 5, 'trade_end_hour': 10, 'hard_exit_hour': 16, 'one_trade_per_day': True}. Best is trial 6 with value: 0.4104019713316447.
[I 2026-05-28 23:13:47,188] Trial 2 finished with value: 0.44415891320502154 and parameters: {'buffer_pips': 6, 'risk_reward_ratio': 1.5, 'max_range_pips': 30, 'min_range_pips': 10, 'asia_start_hour': 0, 'asia_end_hour': 7, 'trade_start_minute': 5, 'trade_end_hour': 10, 'hard_exit_hour': 16, 'one_trade_per_day': True}. Best is trial 2 with value: 0.44415891320502154.
[I 2026-05-28 23:13:47,209] Trial 7 finished with value: -9.8 and parameters: {'buffer_pips': 5, 'risk_reward_ratio': 1.5, 'max_range_pips': 20, 'min_range_pips': 15, 'asia_start_hour': 0, 'asia_end_hour': 7, 'trade_start_minute': 5, 'trade_end_hour': 10, 'hard_exit_hour': 16, 'one_trade_per_day': True}. Best is trial 2 with value: 0.44415891320502154.
[I 2026-05-28 23:13:47,217] Trial 5 finished with value: 0.7487975237928706 and parameters: {'buffer_pips': 2, 'risk_reward_ratio': 2.0, 'max_range_pips': 40, 'min_range_pips': 10, 'asia_start_hour': 0, 'asia_end_hour': 7, 'trade_start_minute': 5, 'trade_end_hour': 10, 'hard_exit_hour': 16, 'one_trade_per_day': True}. Best is trial 5 with value: 0.7487975237928706.
[I 2026-05-28 23:13:47,469] Trial 9 finished with value: 0.211258992782144 and parameters: {'buffer_pips': 8, 'risk_reward_ratio': 2.0, 'max_range_pips': 50, 'min_range_pips': 5, 'asia_start_hour': 0, 'asia_end_hour': 7, 'trade_start_minute': 5, 'trade_end_hour': 10, 'hard_exit_hour': 16, 'one_trade_per_day': True}. Best is trial 5 with value: 0.7487975237928706.
[I 2026-05-28 23:13:47,487] Trial 8 finished with value: -9.8 and parameters: {'buffer_pips': 6, 'risk_reward_ratio': 2.5, 'max_range_pips': 20, 'min_range_pips': 10, 'asia_start_hour': 0, 'asia_end_hour': 7, 'trade_start_minute': 5, 'trade_end_hour': 10, 'hard_exit_hour': 16, 'one_trade_per_day': True}. Best is trial 5 with value: 0.7487975237928706.
C:\Users\הלל\Desktop\algo projects\trading-research-factory\walk forward engine\.venv\lib\site-packages\optuna\samplers\_tpe\sampler.py:319: ExperimentalWarning: ``multivariate`` option is an experimental feature. The interface can change in the future.
  warnings.warn(
[I 2026-05-28 23:13:47,797] A new study created in memory with name: no-name-fba2e2be-5cba-496e-9560-100adb40f79c
[I 2026-05-28 23:13:49,422] Trial 1 finished with value: 0.7624394954885765 and parameters: {'buffer_pips': 8, 'risk_reward_ratio': 2.0, 'max_range_pips': 40, 'min_range_pips': 5, 'asia_start_hour': 0, 'asia_end_hour': 7, 'trade_start_minute': 5, 'trade_end_hour': 10, 'hard_exit_hour': 16, 'one_trade_per_day': True}. Best is trial 1 with value: 0.7624394954885765.
[I 2026-05-28 23:13:49,487] Trial 0 finished with value: 0.6092578711435792 and parameters: {'buffer_pips': 5, 'risk_reward_ratio': 2.5, 'max_range_pips': 50, 'min_range_pips': 15, 'asia_start_hour': 0, 'asia_end_hour': 7, 'trade_start_minute': 5, 'trade_end_hour': 10, 'hard_exit_hour': 16, 'one_trade_per_day': True}. Best is trial 1 with value: 0.7624394954885765.
[I 2026-05-28 23:13:49,864] Trial 2 finished with value: 1.0288384752540476 and parameters: {'buffer_pips': 8, 'risk_reward_ratio': 2.5, 'max_range_pips': 50, 'min_range_pips': 5, 'asia_start_hour': 0, 'asia_end_hour': 7, 'trade_start_minute': 5, 'trade_end_hour': 10, 'hard_exit_hour': 16, 'one_trade_per_day': True}. Best is trial 2 with value: 1.0288384752540476.
[I 2026-05-28 23:13:50,034] Trial 4 finished with value: 1.7422506843528829 and parameters: {'buffer_pips': 6, 'risk_reward_ratio': 3.0, 'max_range_pips': 50, 'min_range_pips': 10, 'asia_start_hour': 0, 'asia_end_hour': 7, 'trade_start_minute': 5, 'trade_end_hour': 10, 'hard_exit_hour': 16, 'one_trade_per_day': True}. Best is trial 4 with value: 1.7422506843528829.
[I 2026-05-28 23:13:50,063] Trial 3 finished with value: 0.6817616116473207 and parameters: {'buffer_pips': 4, 'risk_reward_ratio': 3.0, 'max_range_pips': 40, 'min_range_pips': 10, 'asia_start_hour': 0, 'asia_end_hour': 7, 'trade_start_minute': 5, 'trade_end_hour': 10, 'hard_exit_hour': 16, 'one_trade_per_day': True}. Best is trial 4 with value: 1.7422506843528829.
[I 2026-05-28 23:13:50,087] Trial 6 finished with value: 0.19044216829613875 and parameters: {'buffer_pips': 3, 'risk_reward_ratio': 3.0, 'max_range_pips': 30, 'min_range_pips': 5, 'asia_start_hour': 0, 'asia_end_hour': 7, 'trade_start_minute': 5, 'trade_end_hour': 10, 'hard_exit_hour': 16, 'one_trade_per_day': True}. Best is trial 4 with value: 1.7422506843528829.
[I 2026-05-28 23:13:50,139] Trial 7 finished with value: 0.38630642668118564 and parameters: {'buffer_pips': 8, 'risk_reward_ratio': 2.0, 'max_range_pips': 40, 'min_range_pips': 15, 'asia_start_hour': 0, 'asia_end_hour': 7, 'trade_start_minute': 5, 'trade_end_hour': 10, 'hard_exit_hour': 16, 'one_trade_per_day': True}. Best is trial 4 with value: 1.7422506843528829.
[I 2026-05-28 23:13:50,141] Trial 5 finished with value: 0.33033936729450974 and parameters: {'buffer_pips': 5, 'risk_reward_ratio': 2.0, 'max_range_pips': 30, 'min_range_pips': 10, 'asia_start_hour': 0, 'asia_end_hour': 7, 'trade_start_minute': 5, 'trade_end_hour': 10, 'hard_exit_hour': 16, 'one_trade_per_day': True}. Best is trial 4 with value: 1.7422506843528829.
[I 2026-05-28 23:13:50,450] Trial 8 finished with value: 0.8750592068647896 and parameters: {'buffer_pips': 6, 'risk_reward_ratio': 3.0, 'max_range_pips': 40, 'min_range_pips': 15, 'asia_start_hour': 0, 'asia_end_hour': 7, 'trade_start_minute': 5, 'trade_end_hour': 10, 'hard_exit_hour': 16, 'one_trade_per_day': True}. Best is trial 4 with value: 1.7422506843528829.
[I 2026-05-28 23:13:50,498] Trial 9 finished with value: 0.6053648682483093 and parameters: {'buffer_pips': 8, 'risk_reward_ratio': 3.0, 'max_range_pips': 40, 'min_range_pips': 15, 'asia_start_hour': 0, 'asia_end_hour': 7, 'trade_start_minute': 5, 'trade_end_hour': 10, 'hard_exit_hour': 16, 'one_trade_per_day': True}. Best is trial 4 with value: 1.7422506843528829.
C:\Users\הלל\Desktop\algo projects\trading-research-factory\walk forward engine\.venv\lib\site-packages\optuna\samplers\_tpe\sampler.py:319: ExperimentalWarning: ``multivariate`` option is an experimental feature. The interface can change in the future.
  warnings.warn(
[I 2026-05-28 23:13:50,842] A new study created in memory with name: no-name-14b93ae8-157b-491b-b279-7462dabaf415
[I 2026-05-28 23:13:52,057] Trial 0 finished with value: -0.2211993473722811 and parameters: {'buffer_pips': 5, 'risk_reward_ratio': 2.0, 'max_range_pips': 20, 'min_range_pips': 15, 'asia_start_hour': 0, 'asia_end_hour': 7, 'trade_start_minute': 5, 'trade_end_hour': 10, 'hard_exit_hour': 16, 'one_trade_per_day': True}. Best is trial 0 with value: -0.2211993473722811.
[I 2026-05-28 23:13:52,527] Trial 1 finished with value: 1.3489138472706628 and parameters: {'buffer_pips': 4, 'risk_reward_ratio': 1.5, 'max_range_pips': 20, 'min_range_pips': 10, 'asia_start_hour': 0, 'asia_end_hour': 7, 'trade_start_minute': 5, 'trade_end_hour': 10, 'hard_exit_hour': 16, 'one_trade_per_day': True}. Best is trial 1 with value: 1.3489138472706628.
[I 2026-05-28 23:13:52,698] Trial 2 finished with value: 1.3489138472706628 and parameters: {'buffer_pips': 4, 'risk_reward_ratio': 1.5, 'max_range_pips': 20, 'min_range_pips': 10, 'asia_start_hour': 0, 'asia_end_hour': 7, 'trade_start_minute': 5, 'trade_end_hour': 10, 'hard_exit_hour': 16, 'one_trade_per_day': True}. Best is trial 1 with value: 1.3489138472706628.
[I 2026-05-28 23:13:52,844] Trial 4 finished with value: -0.9215896298774929 and parameters: {'buffer_pips': 8, 'risk_reward_ratio': 2.0, 'max_range_pips': 20, 'min_range_pips': 10, 'asia_start_hour': 0, 'asia_end_hour': 7, 'trade_start_minute': 5, 'trade_end_hour': 10, 'hard_exit_hour': 16, 'one_trade_per_day': True}. Best is trial 1 with value: 1.3489138472706628.
[I 2026-05-28 23:13:52,883] Trial 6 finished with value: -0.3303154736674854 and parameters: {'buffer_pips': 6, 'risk_reward_ratio': 1.5, 'max_range_pips': 50, 'min_range_pips': 10, 'asia_start_hour': 0, 'asia_end_hour': 7, 'trade_start_minute': 5, 'trade_end_hour': 10, 'hard_exit_hour': 16, 'one_trade_per_day': True}. Best is trial 1 with value: 1.3489138472706628.
[I 2026-05-28 23:13:52,925] Trial 3 finished with value: -0.2235541066449318 and parameters: {'buffer_pips': 2, 'risk_reward_ratio': 2.0, 'max_range_pips': 40, 'min_range_pips': 10, 'asia_start_hour': 0, 'asia_end_hour': 7, 'trade_start_minute': 5, 'trade_end_hour': 10, 'hard_exit_hour': 16, 'one_trade_per_day': True}. Best is trial 1 with value: 1.3489138472706628.
[I 2026-05-28 23:13:52,976] Trial 5 finished with value: -0.9334877903440346 and parameters: {'buffer_pips': 4, 'risk_reward_ratio': 1.5, 'max_range_pips': 50, 'min_range_pips': 15, 'asia_start_hour': 0, 'asia_end_hour': 7, 'trade_start_minute': 5, 'trade_end_hour': 10, 'hard_exit_hour': 16, 'one_trade_per_day': True}. Best is trial 1 with value: 1.3489138472706628.
