[I 2026-05-28 23:15:24,680] Trial 6 finished with value: -0.07692860576914554 and parameters: {'buffer_pips': 4, 'risk_reward_ratio': 2.5, 'max_range_pips': 50, 'min_range_pips': 15, 'asia_start_hour': 0, 'asia_end_hour': 7, 'trade_start_minute': 5, 'trade_end_hour': 10, 'hard_exit_hour': 16, 'one_trade_per_day': True}. Best is trial 6 with value: -0.07692860576914554.
[I 2026-05-28 23:15:24,690] Trial 7 finished with value: -3.3557643021899346 and parameters: {'buffer_pips': 2, 'risk_reward_ratio': 2.5, 'max_range_pips': 20, 'min_range_pips': 5, 'asia_start_hour': 0, 'asia_end_hour': 7, 'trade_start_minute': 5, 'trade_end_hour': 10, 'hard_exit_hour': 16, 'one_trade_per_day': True}. Best is trial 6 with value: -0.07692860576914554.
[I 2026-05-28 23:15:24,734] Trial 3 finished with value: -4.363499088344158 and parameters: {'buffer_pips': 2, 'risk_reward_ratio': 1.5, 'max_range_pips': 20, 'min_range_pips': 5, 'asia_start_hour': 0, 'asia_end_hour': 7, 'trade_start_minute': 5, 'trade_end_hour': 10, 'hard_exit_hour': 16, 'one_trade_per_day': True}. Best is trial 6 with value: -0.07692860576914554.
[I 2026-05-28 23:15:24,943] Trial 9 finished with value: -2.2882987992123676 and parameters: {'buffer_pips': 5, 'risk_reward_ratio': 3.0, 'max_range_pips': 20, 'min_range_pips': 10, 'asia_start_hour': 0, 'asia_end_hour': 7, 'trade_start_minute': 5, 'trade_end_hour': 10, 'hard_exit_hour': 16, 'one_trade_per_day': True}. Best is trial 6 with value: -0.07692860576914554.
[I 2026-05-28 23:15:24,990] Trial 8 finished with value: -4.801890918040989 and parameters: {'buffer_pips': 8, 'risk_reward_ratio': 2.0, 'max_range_pips': 30, 'min_range_pips': 5, 'asia_start_hour': 0, 'asia_end_hour': 7, 'trade_start_minute': 5, 'trade_end_hour': 10, 'hard_exit_hour': 16, 'one_trade_per_day': True}. Best is trial 6 with value: -0.07692860576914554.
C:\Users\הלל\Desktop\algo projects\trading-research-factory\walk forward engine\.venv\lib\site-packages\optuna\samplers\_tpe\sampler.py:319: ExperimentalWarning: ``multivariate`` option is an experimental feature. The interface can change in the future.
  warnings.warn(
[I 2026-05-28 23:15:25,321] A new study created in memory with name: no-name-e1684f59-f0b8-4567-b621-05255eb1f120
[I 2026-05-28 23:15:26,741] Trial 3 finished with value: -2.6613025650846445 and parameters: {'buffer_pips': 4, 'risk_reward_ratio': 2.0, 'max_range_pips': 20, 'min_range_pips': 10, 'asia_start_hour': 0, 'asia_end_hour': 7, 'trade_start_minute': 5, 'trade_end_hour': 10, 'hard_exit_hour': 16, 'one_trade_per_day': True}. Best is trial 3 with value: -2.6613025650846445.
[I 2026-05-28 23:15:26,971] Trial 1 finished with value: -0.9102333225400713 and parameters: {'buffer_pips': 2, 'risk_reward_ratio': 2.5, 'max_range_pips': 40, 'min_range_pips': 5, 'asia_start_hour': 0, 'asia_end_hour': 7, 'trade_start_minute': 5, 'trade_end_hour': 10, 'hard_exit_hour': 16, 'one_trade_per_day': True}. Best is trial 1 with value: -0.9102333225400713.
[I 2026-05-28 23:15:26,978] Trial 2 finished with value: -2.47865740735172 and parameters: {'buffer_pips': 4, 'risk_reward_ratio': 2.5, 'max_range_pips': 30, 'min_range_pips': 5, 'asia_start_hour': 0, 'asia_end_hour': 7, 'trade_start_minute': 5, 'trade_end_hour': 10, 'hard_exit_hour': 16, 'one_trade_per_day': True}. Best is trial 1 with value: -0.9102333225400713.
[I 2026-05-28 23:15:27,004] Trial 0 finished with value: -3.0006053947046167 and parameters: {'buffer_pips': 7, 'risk_reward_ratio': 2.0, 'max_range_pips': 20, 'min_range_pips': 10, 'asia_start_hour': 0, 'asia_end_hour': 7, 'trade_start_minute': 5, 'trade_end_hour': 10, 'hard_exit_hour': 16, 'one_trade_per_day': True}. Best is trial 1 with value: -0.9102333225400713.
[I 2026-05-28 23:15:27,049] Trial 6 finished with value: 1.0011017015745245 and parameters: {'buffer_pips': 6, 'risk_reward_ratio': 3.0, 'max_range_pips': 40, 'min_range_pips': 10, 'asia_start_hour': 0, 'asia_end_hour': 7, 'trade_start_minute': 5, 'trade_end_hour': 10, 'hard_exit_hour': 16, 'one_trade_per_day': True}. Best is trial 6 with value: 1.0011017015745245.
[I 2026-05-28 23:15:27,093] Trial 7 finished with value: 0.07029696562859636 and parameters: {'buffer_pips': 5, 'risk_reward_ratio': 2.0, 'max_range_pips': 40, 'min_range_pips': 10, 'asia_start_hour': 0, 'asia_end_hour': 7, 'trade_start_minute': 5, 'trade_end_hour': 10, 'hard_exit_hour': 16, 'one_trade_per_day': True}. Best is trial 6 with value: 1.0011017015745245.
[I 2026-05-28 23:15:27,109] Trial 4 finished with value: -1.9565574417161042 and parameters: {'buffer_pips': 8, 'risk_reward_ratio': 2.5, 'max_range_pips': 30, 'min_range_pips': 5, 'asia_start_hour': 0, 'asia_end_hour': 7, 'trade_start_minute': 5, 'trade_end_hour': 10, 'hard_exit_hour': 16, 'one_trade_per_day': True}. Best is trial 6 with value: 1.0011017015745245.
[I 2026-05-28 23:15:27,134] Trial 5 finished with value: -3.4330442846495925 and parameters: {'buffer_pips': 8, 'risk_reward_ratio': 2.5, 'max_range_pips': 20, 'min_range_pips': 10, 'asia_start_hour': 0, 'asia_end_hour': 7, 'trade_start_minute': 5, 'trade_end_hour': 10, 'hard_exit_hour': 16, 'one_trade_per_day': True}. Best is trial 6 with value: 1.0011017015745245.
[I 2026-05-28 23:15:27,376] Trial 8 finished with value: -2.2857150581573844 and parameters: {'buffer_pips': 8, 'risk_reward_ratio': 1.5, 'max_range_pips': 30, 'min_range_pips': 10, 'asia_start_hour': 0, 'asia_end_hour': 7, 'trade_start_minute': 5, 'trade_end_hour': 10, 'hard_exit_hour': 16, 'one_trade_per_day': True}. Best is trial 6 with value: 1.0011017015745245.
[I 2026-05-28 23:15:27,393] Trial 9 finished with value: 0.7682197597061392 and parameters: {'buffer_pips': 4, 'risk_reward_ratio': 1.5, 'max_range_pips': 40, 'min_range_pips': 15, 'asia_start_hour': 0, 'asia_end_hour': 7, 'trade_start_minute': 5, 'trade_end_hour': 10, 'hard_exit_hour': 16, 'one_trade_per_day': True}. Best is trial 6 with value: 1.0011017015745245.
C:\Users\הלל\Desktop\algo projects\trading-research-factory\walk forward engine\.venv\lib\site-packages\optuna\samplers\_tpe\sampler.py:319: ExperimentalWarning: ``multivariate`` option is an experimental feature. The interface can change in the future.
  warnings.warn(
[I 2026-05-28 23:15:27,728] A new study created in memory with name: no-name-d9a4c187-a0cc-447f-ac91-d613f9a8b5f8
[I 2026-05-28 23:15:29,313] Trial 0 finished with value: 0.2939522497438758 and parameters: {'buffer_pips': 8, 'risk_reward_ratio': 2.0, 'max_range_pips': 40, 'min_range_pips': 15, 'asia_start_hour': 0, 'asia_end_hour': 7, 'trade_start_minute': 5, 'trade_end_hour': 10, 'hard_exit_hour': 16, 'one_trade_per_day': True}. Best is trial 0 with value: 0.2939522497438758.
[I 2026-05-28 23:15:29,628] Trial 1 finished with value: -1.7498956880894248 and parameters: {'buffer_pips': 7, 'risk_reward_ratio': 2.0, 'max_range_pips': 30, 'min_range_pips': 15, 'asia_start_hour': 0, 'asia_end_hour': 7, 'trade_start_minute': 5, 'trade_end_hour': 10, 'hard_exit_hour': 16, 'one_trade_per_day': True}. Best is trial 0 with value: 0.2939522497438758.
[I 2026-05-28 23:15:29,658] Trial 3 finished with value: -0.12362562852073229 and parameters: {'buffer_pips': 7, 'risk_reward_ratio': 3.0, 'max_range_pips': 20, 'min_range_pips': 5, 'asia_start_hour': 0, 'asia_end_hour': 7, 'trade_start_minute': 5, 'trade_end_hour': 10, 'hard_exit_hour': 16, 'one_trade_per_day': True}. Best is trial 0 with value: 0.2939522497438758.
[I 2026-05-28 23:15:29,778] Trial 5 finished with value: -0.7629413359102595 and parameters: {'buffer_pips': 3, 'risk_reward_ratio': 2.5, 'max_range_pips': 40, 'min_range_pips': 10, 'asia_start_hour': 0, 'asia_end_hour': 7, 'trade_start_minute': 5, 'trade_end_hour': 10, 'hard_exit_hour': 16, 'one_trade_per_day': True}. Best is trial 0 with value: 0.2939522497438758.
[I 2026-05-28 23:15:29,844] Trial 2 finished with value: -0.9673534156527335 and parameters: {'buffer_pips': 2, 'risk_reward_ratio': 2.0, 'max_range_pips': 50, 'min_range_pips': 10, 'asia_start_hour': 0, 'asia_end_hour': 7, 'trade_start_minute': 5, 'trade_end_hour': 10, 'hard_exit_hour': 16, 'one_trade_per_day': True}. Best is trial 0 with value: 0.2939522497438758.
[I 2026-05-28 23:15:30,029] Trial 6 finished with value: -9.6 and parameters: {'buffer_pips': 5, 'risk_reward_ratio': 1.5, 'max_range_pips': 20, 'min_range_pips': 15, 'asia_start_hour': 0, 'asia_end_hour': 7, 'trade_start_minute': 5, 'trade_end_hour': 10, 'hard_exit_hour': 16, 'one_trade_per_day': True}. Best is trial 0 with value: 0.2939522497438758.
[I 2026-05-28 23:15:30,043] Trial 4 finished with value: -0.4555436408707187 and parameters: {'buffer_pips': 8, 'risk_reward_ratio': 1.5, 'max_range_pips': 40, 'min_range_pips': 10, 'asia_start_hour': 0, 'asia_end_hour': 7, 'trade_start_minute': 5, 'trade_end_hour': 10, 'hard_exit_hour': 16, 'one_trade_per_day': True}. Best is trial 0 with value: 0.2939522497438758.
[I 2026-05-28 23:15:30,049] Trial 7 finished with value: 0.2948504273286676 and parameters: {'buffer_pips': 2, 'risk_reward_ratio': 3.0, 'max_range_pips': 40, 'min_range_pips': 15, 'asia_start_hour': 0, 'asia_end_hour': 7, 'trade_start_minute': 5, 'trade_end_hour': 10, 'hard_exit_hour': 16, 'one_trade_per_day': True}. Best is trial 7 with value: 0.2948504273286676.
[I 2026-05-28 23:15:30,260] Trial 8 finished with value: -0.8831729435440079 and parameters: {'buffer_pips': 5, 'risk_reward_ratio': 3.0, 'max_range_pips': 40, 'min_range_pips': 5, 'asia_start_hour': 0, 'asia_end_hour': 7, 'trade_start_minute': 5, 'trade_end_hour': 10, 'hard_exit_hour': 16, 'one_trade_per_day': True}. Best is trial 7 with value: 0.2948504273286676.
[I 2026-05-28 23:15:30,319] Trial 9 finished with value: -1.8455654872679415 and parameters: {'buffer_pips': 7, 'risk_reward_ratio': 3.0, 'max_range_pips': 30, 'min_range_pips': 5, 'asia_start_hour': 0, 'asia_end_hour': 7, 'trade_start_minute': 5, 'trade_end_hour': 10, 'hard_exit_hour': 16, 'one_trade_per_day': True}. Best is trial 7 with value: 0.2948504273286676.
C:\Users\הלל\Desktop\algo projects\trading-research-factory\walk forward engine\.venv\lib\site-packages\optuna\samplers\_tpe\sampler.py:319: ExperimentalWarning: ``multivariate`` option is an experimental feature. The interface can change in the future.
  warnings.warn(
[I 2026-05-28 23:15:30,815] A new study created in memory with name: no-name-ddab9034-b7a1-4dda-bf1f-c1127d5b3883
[I 2026-05-28 23:15:31,725] Trial 0 finished with value: 0.5371238042202677 and parameters: {'buffer_pips': 4, 'risk_reward_ratio': 2.0, 'max_range_pips': 40, 'min_range_pips': 15, 'asia_start_hour': 0, 'asia_end_hour': 7, 'trade_start_minute': 5, 'trade_end_hour': 10, 'hard_exit_hour': 16, 'one_trade_per_day': True}. Best is trial 0 with value: 0.5371238042202677.
[I 2026-05-28 23:15:32,463] Trial 1 finished with value: 0.1075352060170803 and parameters: {'buffer_pips': 6, 'risk_reward_ratio': 1.5, 'max_range_pips': 50, 'min_range_pips': 15, 'asia_start_hour': 0, 'asia_end_hour': 7, 'trade_start_minute': 5, 'trade_end_hour': 10, 'hard_exit_hour': 16, 'one_trade_per_day': True}. Best is trial 0 with value: 0.5371238042202677.
[I 2026-05-28 23:15:32,624] Trial 2 finished with value: -0.27809789426363446 and parameters: {'buffer_pips': 8, 'risk_reward_ratio': 2.5, 'max_range_pips': 30, 'min_range_pips': 15, 'asia_start_hour': 0, 'asia_end_hour': 7, 'trade_start_minute': 5, 'trade_end_hour': 10, 'hard_exit_hour': 16, 'one_trade_per_day': True}. Best is trial 0 with value: 0.5371238042202677.
[I 2026-05-28 23:15:32,805] Trial 3 finished with value: -0.4614235071183734 and parameters: {'buffer_pips': 4, 'risk_reward_ratio': 1.5, 'max_range_pips': 30, 'min_range_pips': 10, 'asia_start_hour': 0, 'asia_end_hour': 7, 'trade_start_minute': 5, 'trade_end_hour': 10, 'hard_exit_hour': 16, 'one_trade_per_day': True}. Best is trial 0 with value: 0.5371238042202677.
[I 2026-05-28 23:15:32,821] Trial 4 finished with value: 0.33891513350553215 and parameters: {'buffer_pips': 4, 'risk_reward_ratio': 3.0, 'max_range_pips': 50, 'min_range_pips': 5, 'asia_start_hour': 0, 'asia_end_hour': 7, 'trade_start_minute': 5, 'trade_end_hour': 10, 'hard_exit_hour': 16, 'one_trade_per_day': True}. Best is trial 0 with value: 0.5371238042202677.
[I 2026-05-28 23:15:32,928] Trial 7 finished with value: -0.02709909700667295 and parameters: {'buffer_pips': 5, 'risk_reward_ratio': 2.5, 'max_range_pips': 40, 'min_range_pips': 15, 'asia_start_hour': 0, 'asia_end_hour': 7, 'trade_start_minute': 5, 'trade_end_hour': 10, 'hard_exit_hour': 16, 'one_trade_per_day': True}. Best is trial 0 with value: 0.5371238042202677.
[I 2026-05-28 23:15:32,994] Trial 5 finished with value: 1.862464149286182 and parameters: {'buffer_pips': 7, 'risk_reward_ratio': 2.5, 'max_range_pips': 20, 'min_range_pips': 10, 'asia_start_hour': 0, 'asia_end_hour': 7, 'trade_start_minute': 5, 'trade_end_hour': 10, 'hard_exit_hour': 16, 'one_trade_per_day': True}. Best is trial 5 with value: 1.862464149286182.
[I 2026-05-28 23:15:33,027] Trial 6 finished with value: 0.43752211270818087 and parameters: {'buffer_pips': 3, 'risk_reward_ratio': 1.5, 'max_range_pips': 20, 'min_range_pips': 10, 'asia_start_hour': 0, 'asia_end_hour': 7, 'trade_start_minute': 5, 'trade_end_hour': 10, 'hard_exit_hour': 16, 'one_trade_per_day': True}. Best is trial 5 with value: 1.862464149286182.
[I 2026-05-28 23:15:33,133] Trial 8 finished with value: -0.07846974541629498 and parameters: {'buffer_pips': 8, 'risk_reward_ratio': 1.5, 'max_range_pips': 50, 'min_range_pips': 15, 'asia_start_hour': 0, 'asia_end_hour': 7, 'trade_start_minute': 5, 'trade_end_hour': 10, 'hard_exit_hour': 16, 'one_trade_per_day': True}. Best is trial 5 with value: 1.862464149286182.
[I 2026-05-28 23:15:33,262] Trial 9 finished with value: -0.021542992988229405 and parameters: {'buffer_pips': 2, 'risk_reward_ratio': 2.0, 'max_range_pips': 50, 'min_range_pips': 15, 'asia_start_hour': 0, 'asia_end_hour': 7, 'trade_start_minute': 5, 'trade_end_hour': 10, 'hard_exit_hour': 16, 'one_trade_per_day': True}. Best is trial 5 with value: 1.862464149286182.
C:\Users\הלל\Desktop\algo projects\trading-research-factory\walk forward engine\.venv\lib\site-packages\optuna\samplers\_tpe\sampler.py:319: ExperimentalWarning: ``multivariate`` option is an experimental feature. The interface can change in the future.
  warnings.warn(
[I 2026-05-28 23:15:33,903] A new study created in memory with name: no-name-0214202b-3aef-41fc-bc88-6a68ad1c4aa7
[I 2026-05-28 23:15:35,328] Trial 1 finished with value: 0.5656596221070179 and parameters: {'buffer_pips': 2, 'risk_reward_ratio': 1.5, 'max_range_pips': 30, 'min_range_pips': 5, 'asia_start_hour': 0, 'asia_end_hour': 7, 'trade_start_minute': 5, 'trade_end_hour': 10, 'hard_exit_hour': 16, 'one_trade_per_day': True}. Best is trial 1 with value: 0.5656596221070179.
[I 2026-05-28 23:15:35,589] Trial 2 finished with value: -0.8456090071741069 and parameters: {'buffer_pips': 7, 'risk_reward_ratio': 1.5, 'max_range_pips': 20, 'min_range_pips': 5, 'asia_start_hour': 0, 'asia_end_hour': 7, 'trade_start_minute': 5, 'trade_end_hour': 10, 'hard_exit_hour': 16, 'one_trade_per_day': True}. Best is trial 1 with value: 0.5656596221070179.
[I 2026-05-28 23:15:35,703] Trial 6 finished with value: 0.7795869191940374 and parameters: {'buffer_pips': 6, 'risk_reward_ratio': 2.5, 'max_range_pips': 50, 'min_range_pips': 10, 'asia_start_hour': 0, 'asia_end_hour': 7, 'trade_start_minute': 5, 'trade_end_hour': 10, 'hard_exit_hour': 16, 'one_trade_per_day': True}. Best is trial 6 with value: 0.7795869191940374.
[I 2026-05-28 23:15:35,706] Trial 3 finished with value: 0.2909674055367933 and parameters: {'buffer_pips': 2, 'risk_reward_ratio': 3.0, 'max_range_pips': 30, 'min_range_pips': 15, 'asia_start_hour': 0, 'asia_end_hour': 7, 'trade_start_minute': 5, 'trade_end_hour': 10, 'hard_exit_hour': 16, 'one_trade_per_day': True}. Best is trial 6 with value: 0.7795869191940374.
[I 2026-05-28 23:15:35,829] Trial 5 finished with value: 0.8133324025830918 and parameters: {'buffer_pips': 4, 'risk_reward_ratio': 3.0, 'max_range_pips': 50, 'min_range_pips': 15, 'asia_start_hour': 0, 'asia_end_hour': 7, 'trade_start_minute': 5, 'trade_end_hour': 10, 'hard_exit_hour': 16, 'one_trade_per_day': True}. Best is trial 5 with value: 0.8133324025830918.
[I 2026-05-28 23:15:35,852] Trial 7 finished with value: 0.27191667450700086 and parameters: {'buffer_pips': 3, 'risk_reward_ratio': 3.0, 'max_range_pips': 30, 'min_range_pips': 15, 'asia_start_hour': 0, 'asia_end_hour': 7, 'trade_start_minute': 5, 'trade_end_hour': 10, 'hard_exit_hour': 16, 'one_trade_per_day': True}. Best is trial 5 with value: 0.8133324025830918.
[I 2026-05-28 23:15:35,893] Trial 4 finished with value: 0.5023677733584748 and parameters: {'buffer_pips': 5, 'risk_reward_ratio': 3.0, 'max_range_pips': 50, 'min_range_pips': 15, 'asia_start_hour': 0, 'asia_end_hour': 7, 'trade_start_minute': 5, 'trade_end_hour': 10, 'hard_exit_hour': 16, 'one_trade_per_day': True}. Best is trial 5 with value: 0.8133324025830918.
[I 2026-05-28 23:15:35,927] Trial 0 finished with value: 0.3081405309534857 and parameters: {'buffer_pips': 6, 'risk_reward_ratio': 2.5, 'max_range_pips': 30, 'min_range_pips': 5, 'asia_start_hour': 0, 'asia_end_hour': 7, 'trade_start_minute': 5, 'trade_end_hour': 10, 'hard_exit_hour': 16, 'one_trade_per_day': True}. Best is trial 5 with value: 0.8133324025830918.
[I 2026-05-28 23:15:36,126] Trial 8 finished with value: -0.5502248817287588 and parameters: {'buffer_pips': 7, 'risk_reward_ratio': 2.5, 'max_range_pips': 20, 'min_range_pips': 5, 'asia_start_hour': 0, 'asia_end_hour': 7, 'trade_start_minute': 5, 'trade_end_hour': 10, 'hard_exit_hour': 16, 'one_trade_per_day': True}. Best is trial 5 with value: 0.8133324025830918.
[I 2026-05-28 23:15:36,188] Trial 9 finished with value: 1.5192642414434405 and parameters: {'buffer_pips': 2, 'risk_reward_ratio': 2.5, 'max_range_pips': 40, 'min_range_pips': 15, 'asia_start_hour': 0, 'asia_end_hour': 7, 'trade_start_minute': 5, 'trade_end_hour': 10, 'hard_exit_hour': 16, 'one_trade_per_day': True}. Best is trial 9 with value: 1.5192642414434405.
C:\Users\הלל\Desktop\algo projects\trading-research-factory\walk forward engine\.venv\lib\site-packages\optuna\samplers\_tpe\sampler.py:319: ExperimentalWarning: ``multivariate`` option is an experimental feature. The interface can change in the future.
  warnings.warn(
[I 2026-05-28 23:15:36,586] A new study created in memory with name: no-name-64cfab09-aa3d-4a93-9301-148e64cda4fe
[I 2026-05-28 23:15:38,045] Trial 0 finished with value: -1.1163018843070094 and parameters: {'buffer_pips': 7, 'risk_reward_ratio': 2.0, 'max_range_pips': 40, 'min_range_pips': 10, 'asia_start_hour': 0, 'asia_end_hour': 7, 'trade_start_minute': 5, 'trade_end_hour': 10, 'hard_exit_hour': 16, 'one_trade_per_day': True}. Best is trial 0 with value: -1.1163018843070094.
[I 2026-05-28 23:15:38,154] Trial 5 finished with value: -0.3335407793225492 and parameters: {'buffer_pips': 3, 'risk_reward_ratio': 3.0, 'max_range_pips': 40, 'min_range_pips': 5, 'asia_start_hour': 0, 'asia_end_hour': 7, 'trade_start_minute': 5, 'trade_end_hour': 10, 'hard_exit_hour': 16, 'one_trade_per_day': True}. Best is trial 5 with value: -0.3335407793225492.
[I 2026-05-28 23:15:38,318] Trial 1 finished with value: -1.51114688595646 and parameters: {'buffer_pips': 4, 'risk_reward_ratio': 2.0, 'max_range_pips': 30, 'min_range_pips': 10, 'asia_start_hour': 0, 'asia_end_hour': 7, 'trade_start_minute': 5, 'trade_end_hour': 10, 'hard_exit_hour': 16, 'one_trade_per_day': True}. Best is trial 5 with value: -0.3335407793225492.
[I 2026-05-28 23:15:38,373] Trial 6 finished with value: -1.3937809570883335 and parameters: {'buffer_pips': 2, 'risk_reward_ratio': 3.0, 'max_range_pips': 30, 'min_range_pips': 10, 'asia_start_hour': 0, 'asia_end_hour': 7, 'trade_start_minute': 5, 'trade_end_hour': 10, 'hard_exit_hour': 16, 'one_trade_per_day': True}. Best is trial 5 with value: -0.3335407793225492.
[I 2026-05-28 23:15:38,495] Trial 4 finished with value: -0.567534173470482 and parameters: {'buffer_pips': 2, 'risk_reward_ratio': 1.5, 'max_range_pips': 40, 'min_range_pips': 10, 'asia_start_hour': 0, 'asia_end_hour': 7, 'trade_start_minute': 5, 'trade_end_hour': 10, 'hard_exit_hour': 16, 'one_trade_per_day': True}. Best is trial 5 with value: -0.3335407793225492.
[I 2026-05-28 23:15:38,508] Trial 2 finished with value: -1.0887446516431722 and parameters: {'buffer_pips': 6, 'risk_reward_ratio': 2.0, 'max_range_pips': 50, 'min_range_pips': 5, 'asia_start_hour': 0, 'asia_end_hour': 7, 'trade_start_minute': 5, 'trade_end_hour': 10, 'hard_exit_hour': 16, 'one_trade_per_day': True}. Best is trial 5 with value: -0.3335407793225492.
[I 2026-05-28 23:15:38,557] Trial 3 finished with value: -1.8781341736375856 and parameters: {'buffer_pips': 5, 'risk_reward_ratio': 3.0, 'max_range_pips': 20, 'min_range_pips': 10, 'asia_start_hour': 0, 'asia_end_hour': 7, 'trade_start_minute': 5, 'trade_end_hour': 10, 'hard_exit_hour': 16, 'one_trade_per_day': True}. Best is trial 5 with value: -0.3335407793225492.
[I 2026-05-28 23:15:38,576] Trial 7 finished with value: -0.5765245083232168 and parameters: {'buffer_pips': 2, 'risk_reward_ratio': 2.5, 'max_range_pips': 40, 'min_range_pips': 15, 'asia_start_hour': 0, 'asia_end_hour': 7, 'trade_start_minute': 5, 'trade_end_hour': 10, 'hard_exit_hour': 16, 'one_trade_per_day': True}. Best is trial 5 with value: -0.3335407793225492.
[I 2026-05-28 23:15:38,772] Trial 8 finished with value: -1.2466773058889424 and parameters: {'buffer_pips': 6, 'risk_reward_ratio': 3.0, 'max_range_pips': 30, 'min_range_pips': 15, 'asia_start_hour': 0, 'asia_end_hour': 7, 'trade_start_minute': 5, 'trade_end_hour': 10, 'hard_exit_hour': 16, 'one_trade_per_day': True}. Best is trial 5 with value: -0.3335407793225492.
