[I 2026-05-28 23:14:34,037] Trial 0 finished with value: -1.2390991602628922 and parameters: {'buffer_pips': 7, 'risk_reward_ratio': 3.0, 'max_range_pips': 50, 'min_range_pips': 10, 'asia_start_hour': 0, 'asia_end_hour': 7, 'trade_start_minute': 5, 'trade_end_hour': 10, 'hard_exit_hour': 16, 'one_trade_per_day': True}. Best is trial 4 with value: 0.06744985356536871.
[I 2026-05-28 23:14:34,159] Trial 6 finished with value: -0.21777734754596598 and parameters: {'buffer_pips': 2, 'risk_reward_ratio': 2.5, 'max_range_pips': 30, 'min_range_pips': 10, 'asia_start_hour': 0, 'asia_end_hour': 7, 'trade_start_minute': 5, 'trade_end_hour': 10, 'hard_exit_hour': 16, 'one_trade_per_day': True}. Best is trial 4 with value: 0.06744985356536871.
[I 2026-05-28 23:14:34,170] Trial 3 finished with value: -2.6091730621571476 and parameters: {'buffer_pips': 6, 'risk_reward_ratio': 2.5, 'max_range_pips': 40, 'min_range_pips': 5, 'asia_start_hour': 0, 'asia_end_hour': 7, 'trade_start_minute': 5, 'trade_end_hour': 10, 'hard_exit_hour': 16, 'one_trade_per_day': True}. Best is trial 4 with value: 0.06744985356536871.
[I 2026-05-28 23:14:34,198] Trial 5 finished with value: 0.9255142548246873 and parameters: {'buffer_pips': 8, 'risk_reward_ratio': 3.0, 'max_range_pips': 30, 'min_range_pips': 15, 'asia_start_hour': 0, 'asia_end_hour': 7, 'trade_start_minute': 5, 'trade_end_hour': 10, 'hard_exit_hour': 16, 'one_trade_per_day': True}. Best is trial 5 with value: 0.9255142548246873.
[I 2026-05-28 23:14:34,383] Trial 8 finished with value: -0.11431927818998625 and parameters: {'buffer_pips': 5, 'risk_reward_ratio': 3.0, 'max_range_pips': 30, 'min_range_pips': 10, 'asia_start_hour': 0, 'asia_end_hour': 7, 'trade_start_minute': 5, 'trade_end_hour': 10, 'hard_exit_hour': 16, 'one_trade_per_day': True}. Best is trial 5 with value: 0.9255142548246873.
[I 2026-05-28 23:14:34,491] Trial 9 finished with value: -2.132073416378898 and parameters: {'buffer_pips': 3, 'risk_reward_ratio': 1.5, 'max_range_pips': 50, 'min_range_pips': 10, 'asia_start_hour': 0, 'asia_end_hour': 7, 'trade_start_minute': 5, 'trade_end_hour': 10, 'hard_exit_hour': 16, 'one_trade_per_day': True}. Best is trial 5 with value: 0.9255142548246873.
C:\Users\הלל\Desktop\algo projects\trading-research-factory\walk forward engine\.venv\lib\site-packages\optuna\samplers\_tpe\sampler.py:319: ExperimentalWarning: ``multivariate`` option is an experimental feature. The interface can change in the future.
  warnings.warn(
[I 2026-05-28 23:14:34,888] A new study created in memory with name: no-name-2745f4fa-b0f7-4416-8212-6b2a0f71a284
[I 2026-05-28 23:14:36,123] Trial 0 finished with value: -0.5485283607952504 and parameters: {'buffer_pips': 6, 'risk_reward_ratio': 3.0, 'max_range_pips': 20, 'min_range_pips': 10, 'asia_start_hour': 0, 'asia_end_hour': 7, 'trade_start_minute': 5, 'trade_end_hour': 10, 'hard_exit_hour': 16, 'one_trade_per_day': True}. Best is trial 0 with value: -0.5485283607952504.
[I 2026-05-28 23:14:36,670] Trial 1 finished with value: -2.2178958757206257 and parameters: {'buffer_pips': 7, 'risk_reward_ratio': 1.5, 'max_range_pips': 50, 'min_range_pips': 10, 'asia_start_hour': 0, 'asia_end_hour': 7, 'trade_start_minute': 5, 'trade_end_hour': 10, 'hard_exit_hour': 16, 'one_trade_per_day': True}. Best is trial 0 with value: -0.5485283607952504.
[I 2026-05-28 23:14:36,736] Trial 3 finished with value: -0.19948733390476933 and parameters: {'buffer_pips': 7, 'risk_reward_ratio': 2.5, 'max_range_pips': 30, 'min_range_pips': 15, 'asia_start_hour': 0, 'asia_end_hour': 7, 'trade_start_minute': 5, 'trade_end_hour': 10, 'hard_exit_hour': 16, 'one_trade_per_day': True}. Best is trial 3 with value: -0.19948733390476933.
[I 2026-05-28 23:14:36,895] Trial 4 finished with value: -2.3870492415750375 and parameters: {'buffer_pips': 7, 'risk_reward_ratio': 2.0, 'max_range_pips': 40, 'min_range_pips': 5, 'asia_start_hour': 0, 'asia_end_hour': 7, 'trade_start_minute': 5, 'trade_end_hour': 10, 'hard_exit_hour': 16, 'one_trade_per_day': True}. Best is trial 3 with value: -0.19948733390476933.
[I 2026-05-28 23:14:36,905] Trial 6 finished with value: -0.17843765011850518 and parameters: {'buffer_pips': 6, 'risk_reward_ratio': 3.0, 'max_range_pips': 20, 'min_range_pips': 15, 'asia_start_hour': 0, 'asia_end_hour': 7, 'trade_start_minute': 5, 'trade_end_hour': 10, 'hard_exit_hour': 16, 'one_trade_per_day': True}. Best is trial 6 with value: -0.17843765011850518.
[I 2026-05-28 23:14:36,966] Trial 2 finished with value: -1.7828829251681857 and parameters: {'buffer_pips': 6, 'risk_reward_ratio': 2.5, 'max_range_pips': 40, 'min_range_pips': 10, 'asia_start_hour': 0, 'asia_end_hour': 7, 'trade_start_minute': 5, 'trade_end_hour': 10, 'hard_exit_hour': 16, 'one_trade_per_day': True}. Best is trial 6 with value: -0.17843765011850518.
[I 2026-05-28 23:14:37,046] Trial 5 finished with value: -2.2032993940789836 and parameters: {'buffer_pips': 7, 'risk_reward_ratio': 3.0, 'max_range_pips': 40, 'min_range_pips': 15, 'asia_start_hour': 0, 'asia_end_hour': 7, 'trade_start_minute': 5, 'trade_end_hour': 10, 'hard_exit_hour': 16, 'one_trade_per_day': True}. Best is trial 6 with value: -0.17843765011850518.
[I 2026-05-28 23:14:37,066] Trial 7 finished with value: -2.4550549085282185 and parameters: {'buffer_pips': 2, 'risk_reward_ratio': 2.0, 'max_range_pips': 40, 'min_range_pips': 15, 'asia_start_hour': 0, 'asia_end_hour': 7, 'trade_start_minute': 5, 'trade_end_hour': 10, 'hard_exit_hour': 16, 'one_trade_per_day': True}. Best is trial 6 with value: -0.17843765011850518.
[I 2026-05-28 23:14:37,219] Trial 8 finished with value: -0.12116126112792996 and parameters: {'buffer_pips': 5, 'risk_reward_ratio': 2.5, 'max_range_pips': 30, 'min_range_pips': 5, 'asia_start_hour': 0, 'asia_end_hour': 7, 'trade_start_minute': 5, 'trade_end_hour': 10, 'hard_exit_hour': 16, 'one_trade_per_day': True}. Best is trial 8 with value: -0.12116126112792996.
[I 2026-05-28 23:14:37,342] Trial 9 finished with value: -0.9164277963182037 and parameters: {'buffer_pips': 8, 'risk_reward_ratio': 2.0, 'max_range_pips': 30, 'min_range_pips': 10, 'asia_start_hour': 0, 'asia_end_hour': 7, 'trade_start_minute': 5, 'trade_end_hour': 10, 'hard_exit_hour': 16, 'one_trade_per_day': True}. Best is trial 8 with value: -0.12116126112792996.
C:\Users\הלל\Desktop\algo projects\trading-research-factory\walk forward engine\.venv\lib\site-packages\optuna\samplers\_tpe\sampler.py:319: ExperimentalWarning: ``multivariate`` option is an experimental feature. The interface can change in the future.
  warnings.warn(
[I 2026-05-28 23:14:37,964] A new study created in memory with name: no-name-11b55e1d-4225-4bb3-a71f-314e2186615f
[I 2026-05-28 23:14:39,592] Trial 0 finished with value: 1.380891912083571 and parameters: {'buffer_pips': 8, 'risk_reward_ratio': 1.5, 'max_range_pips': 20, 'min_range_pips': 15, 'asia_start_hour': 0, 'asia_end_hour': 7, 'trade_start_minute': 5, 'trade_end_hour': 10, 'hard_exit_hour': 16, 'one_trade_per_day': True}. Best is trial 0 with value: 1.380891912083571.
[I 2026-05-28 23:14:39,672] Trial 4 finished with value: 1.7224465890335092 and parameters: {'buffer_pips': 4, 'risk_reward_ratio': 2.0, 'max_range_pips': 20, 'min_range_pips': 15, 'asia_start_hour': 0, 'asia_end_hour': 7, 'trade_start_minute': 5, 'trade_end_hour': 10, 'hard_exit_hour': 16, 'one_trade_per_day': True}. Best is trial 4 with value: 1.7224465890335092.
[I 2026-05-28 23:14:39,675] Trial 1 finished with value: 1.5274189294618328 and parameters: {'buffer_pips': 4, 'risk_reward_ratio': 3.0, 'max_range_pips': 20, 'min_range_pips': 10, 'asia_start_hour': 0, 'asia_end_hour': 7, 'trade_start_minute': 5, 'trade_end_hour': 10, 'hard_exit_hour': 16, 'one_trade_per_day': True}. Best is trial 4 with value: 1.7224465890335092.
[I 2026-05-28 23:14:39,745] Trial 2 finished with value: -0.2681603296140641 and parameters: {'buffer_pips': 8, 'risk_reward_ratio': 2.5, 'max_range_pips': 30, 'min_range_pips': 15, 'asia_start_hour': 0, 'asia_end_hour': 7, 'trade_start_minute': 5, 'trade_end_hour': 10, 'hard_exit_hour': 16, 'one_trade_per_day': True}. Best is trial 4 with value: 1.7224465890335092.
[I 2026-05-28 23:14:40,189] Trial 6 finished with value: 1.6583645455249105 and parameters: {'buffer_pips': 5, 'risk_reward_ratio': 1.5, 'max_range_pips': 20, 'min_range_pips': 10, 'asia_start_hour': 0, 'asia_end_hour': 7, 'trade_start_minute': 5, 'trade_end_hour': 10, 'hard_exit_hour': 16, 'one_trade_per_day': True}. Best is trial 4 with value: 1.7224465890335092.
[I 2026-05-28 23:14:40,200] Trial 5 finished with value: 0.6074168841871231 and parameters: {'buffer_pips': 6, 'risk_reward_ratio': 3.0, 'max_range_pips': 30, 'min_range_pips': 15, 'asia_start_hour': 0, 'asia_end_hour': 7, 'trade_start_minute': 5, 'trade_end_hour': 10, 'hard_exit_hour': 16, 'one_trade_per_day': True}. Best is trial 4 with value: 1.7224465890335092.
[I 2026-05-28 23:14:40,260] Trial 3 finished with value: 0.6507531188023594 and parameters: {'buffer_pips': 4, 'risk_reward_ratio': 3.0, 'max_range_pips': 30, 'min_range_pips': 15, 'asia_start_hour': 0, 'asia_end_hour': 7, 'trade_start_minute': 5, 'trade_end_hour': 10, 'hard_exit_hour': 16, 'one_trade_per_day': True}. Best is trial 4 with value: 1.7224465890335092.
[I 2026-05-28 23:14:40,275] Trial 7 finished with value: 1.8099943535766867 and parameters: {'buffer_pips': 2, 'risk_reward_ratio': 1.5, 'max_range_pips': 20, 'min_range_pips': 15, 'asia_start_hour': 0, 'asia_end_hour': 7, 'trade_start_minute': 5, 'trade_end_hour': 10, 'hard_exit_hour': 16, 'one_trade_per_day': True}. Best is trial 7 with value: 1.8099943535766867.
[I 2026-05-28 23:14:40,553] Trial 8 finished with value: -1.4251429904518154 and parameters: {'buffer_pips': 4, 'risk_reward_ratio': 1.5, 'max_range_pips': 40, 'min_range_pips': 15, 'asia_start_hour': 0, 'asia_end_hour': 7, 'trade_start_minute': 5, 'trade_end_hour': 10, 'hard_exit_hour': 16, 'one_trade_per_day': True}. Best is trial 7 with value: 1.8099943535766867.
[I 2026-05-28 23:14:40,612] Trial 9 finished with value: -0.44680937698072765 and parameters: {'buffer_pips': 4, 'risk_reward_ratio': 3.0, 'max_range_pips': 40, 'min_range_pips': 5, 'asia_start_hour': 0, 'asia_end_hour': 7, 'trade_start_minute': 5, 'trade_end_hour': 10, 'hard_exit_hour': 16, 'one_trade_per_day': True}. Best is trial 7 with value: 1.8099943535766867.
C:\Users\הלל\Desktop\algo projects\trading-research-factory\walk forward engine\.venv\lib\site-packages\optuna\samplers\_tpe\sampler.py:319: ExperimentalWarning: ``multivariate`` option is an experimental feature. The interface can change in the future.
  warnings.warn(
[I 2026-05-28 23:14:41,005] A new study created in memory with name: no-name-fcef845b-103a-4508-9593-2a060fc859a5
[I 2026-05-28 23:14:43,170] Trial 0 finished with value: -0.9316342892375417 and parameters: {'buffer_pips': 8, 'risk_reward_ratio': 2.0, 'max_range_pips': 30, 'min_range_pips': 10, 'asia_start_hour': 0, 'asia_end_hour': 7, 'trade_start_minute': 5, 'trade_end_hour': 10, 'hard_exit_hour': 16, 'one_trade_per_day': True}. Best is trial 0 with value: -0.9316342892375417.
[I 2026-05-28 23:14:43,540] Trial 1 finished with value: 0.8421549613156235 and parameters: {'buffer_pips': 4, 'risk_reward_ratio': 2.0, 'max_range_pips': 20, 'min_range_pips': 15, 'asia_start_hour': 0, 'asia_end_hour': 7, 'trade_start_minute': 5, 'trade_end_hour': 10, 'hard_exit_hour': 16, 'one_trade_per_day': True}. Best is trial 1 with value: 0.8421549613156235.
[I 2026-05-28 23:14:43,817] Trial 5 finished with value: -0.24065946711231134 and parameters: {'buffer_pips': 7, 'risk_reward_ratio': 1.5, 'max_range_pips': 20, 'min_range_pips': 15, 'asia_start_hour': 0, 'asia_end_hour': 7, 'trade_start_minute': 5, 'trade_end_hour': 10, 'hard_exit_hour': 16, 'one_trade_per_day': True}. Best is trial 1 with value: 0.8421549613156235.
[I 2026-05-28 23:14:43,822] Trial 2 finished with value: -2.3041152022478886 and parameters: {'buffer_pips': 6, 'risk_reward_ratio': 2.0, 'max_range_pips': 50, 'min_range_pips': 10, 'asia_start_hour': 0, 'asia_end_hour': 7, 'trade_start_minute': 5, 'trade_end_hour': 10, 'hard_exit_hour': 16, 'one_trade_per_day': True}. Best is trial 1 with value: 0.8421549613156235.
[I 2026-05-28 23:14:43,965] Trial 6 finished with value: 1.6091690641837022 and parameters: {'buffer_pips': 5, 'risk_reward_ratio': 2.0, 'max_range_pips': 20, 'min_range_pips': 10, 'asia_start_hour': 0, 'asia_end_hour': 7, 'trade_start_minute': 5, 'trade_end_hour': 10, 'hard_exit_hour': 16, 'one_trade_per_day': True}. Best is trial 6 with value: 1.6091690641837022.
[I 2026-05-28 23:14:44,008] Trial 4 finished with value: -1.3064256988604837 and parameters: {'buffer_pips': 8, 'risk_reward_ratio': 2.5, 'max_range_pips': 40, 'min_range_pips': 10, 'asia_start_hour': 0, 'asia_end_hour': 7, 'trade_start_minute': 5, 'trade_end_hour': 10, 'hard_exit_hour': 16, 'one_trade_per_day': True}. Best is trial 6 with value: 1.6091690641837022.
[I 2026-05-28 23:14:44,140] Trial 3 finished with value: -0.7204262388681912 and parameters: {'buffer_pips': 3, 'risk_reward_ratio': 3.0, 'max_range_pips': 40, 'min_range_pips': 5, 'asia_start_hour': 0, 'asia_end_hour': 7, 'trade_start_minute': 5, 'trade_end_hour': 10, 'hard_exit_hour': 16, 'one_trade_per_day': True}. Best is trial 6 with value: 1.6091690641837022.
[I 2026-05-28 23:14:44,147] Trial 7 finished with value: -0.7060740447696651 and parameters: {'buffer_pips': 3, 'risk_reward_ratio': 2.0, 'max_range_pips': 30, 'min_range_pips': 10, 'asia_start_hour': 0, 'asia_end_hour': 7, 'trade_start_minute': 5, 'trade_end_hour': 10, 'hard_exit_hour': 16, 'one_trade_per_day': True}. Best is trial 6 with value: 1.6091690641837022.
[I 2026-05-28 23:14:44,441] Trial 8 finished with value: 1.6091690641837022 and parameters: {'buffer_pips': 5, 'risk_reward_ratio': 2.0, 'max_range_pips': 20, 'min_range_pips': 5, 'asia_start_hour': 0, 'asia_end_hour': 7, 'trade_start_minute': 5, 'trade_end_hour': 10, 'hard_exit_hour': 16, 'one_trade_per_day': True}. Best is trial 6 with value: 1.6091690641837022.
[I 2026-05-28 23:14:44,497] Trial 9 finished with value: -2.3980744174764372 and parameters: {'buffer_pips': 7, 'risk_reward_ratio': 2.5, 'max_range_pips': 40, 'min_range_pips': 15, 'asia_start_hour': 0, 'asia_end_hour': 7, 'trade_start_minute': 5, 'trade_end_hour': 10, 'hard_exit_hour': 16, 'one_trade_per_day': True}. Best is trial 6 with value: 1.6091690641837022.
C:\Users\הלל\Desktop\algo projects\trading-research-factory\walk forward engine\.venv\lib\site-packages\optuna\samplers\_tpe\sampler.py:319: ExperimentalWarning: ``multivariate`` option is an experimental feature. The interface can change in the future.
  warnings.warn(
[I 2026-05-28 23:14:45,214] A new study created in memory with name: no-name-9094b794-06a0-4d6d-9df9-7dfce9125a1e
[I 2026-05-28 23:14:46,551] Trial 0 finished with value: -0.639689805974366 and parameters: {'buffer_pips': 5, 'risk_reward_ratio': 3.0, 'max_range_pips': 40, 'min_range_pips': 10, 'asia_start_hour': 0, 'asia_end_hour': 7, 'trade_start_minute': 5, 'trade_end_hour': 10, 'hard_exit_hour': 16, 'one_trade_per_day': True}. Best is trial 0 with value: -0.639689805974366.
[I 2026-05-28 23:14:47,027] Trial 2 finished with value: -1.6206267850688005 and parameters: {'buffer_pips': 6, 'risk_reward_ratio': 2.5, 'max_range_pips': 50, 'min_range_pips': 15, 'asia_start_hour': 0, 'asia_end_hour': 7, 'trade_start_minute': 5, 'trade_end_hour': 10, 'hard_exit_hour': 16, 'one_trade_per_day': True}. Best is trial 0 with value: -0.639689805974366.
[I 2026-05-28 23:14:47,367] Trial 7 finished with value: -0.36524959323471223 and parameters: {'buffer_pips': 6, 'risk_reward_ratio': 3.0, 'max_range_pips': 30, 'min_range_pips': 5, 'asia_start_hour': 0, 'asia_end_hour': 7, 'trade_start_minute': 5, 'trade_end_hour': 10, 'hard_exit_hour': 16, 'one_trade_per_day': True}. Best is trial 7 with value: -0.36524959323471223.
[I 2026-05-28 23:14:47,375] Trial 1 finished with value: -1.0900412307366265 and parameters: {'buffer_pips': 7, 'risk_reward_ratio': 2.5, 'max_range_pips': 40, 'min_range_pips': 10, 'asia_start_hour': 0, 'asia_end_hour': 7, 'trade_start_minute': 5, 'trade_end_hour': 10, 'hard_exit_hour': 16, 'one_trade_per_day': True}. Best is trial 7 with value: -0.36524959323471223.
[I 2026-05-28 23:14:47,424] Trial 3 finished with value: -0.7092515692800098 and parameters: {'buffer_pips': 8, 'risk_reward_ratio': 2.0, 'max_range_pips': 50, 'min_range_pips': 10, 'asia_start_hour': 0, 'asia_end_hour': 7, 'trade_start_minute': 5, 'trade_end_hour': 10, 'hard_exit_hour': 16, 'one_trade_per_day': True}. Best is trial 7 with value: -0.36524959323471223.
[I 2026-05-28 23:14:47,430] Trial 4 finished with value: 1.047063509668222 and parameters: {'buffer_pips': 8, 'risk_reward_ratio': 2.5, 'max_range_pips': 20, 'min_range_pips': 5, 'asia_start_hour': 0, 'asia_end_hour': 7, 'trade_start_minute': 5, 'trade_end_hour': 10, 'hard_exit_hour': 16, 'one_trade_per_day': True}. Best is trial 4 with value: 1.047063509668222.
[I 2026-05-28 23:14:47,455] Trial 5 finished with value: -0.5530730359932687 and parameters: {'buffer_pips': 4, 'risk_reward_ratio': 3.0, 'max_range_pips': 40, 'min_range_pips': 5, 'asia_start_hour': 0, 'asia_end_hour': 7, 'trade_start_minute': 5, 'trade_end_hour': 10, 'hard_exit_hour': 16, 'one_trade_per_day': True}. Best is trial 4 with value: 1.047063509668222.
[I 2026-05-28 23:14:47,494] Trial 6 finished with value: -0.41664623575697274 and parameters: {'buffer_pips': 2, 'risk_reward_ratio': 1.5, 'max_range_pips': 50, 'min_range_pips': 10, 'asia_start_hour': 0, 'asia_end_hour': 7, 'trade_start_minute': 5, 'trade_end_hour': 10, 'hard_exit_hour': 16, 'one_trade_per_day': True}. Best is trial 4 with value: 1.047063509668222.
[I 2026-05-28 23:14:47,655] Trial 8 finished with value: -0.8158558169189134 and parameters: {'buffer_pips': 5, 'risk_reward_ratio': 1.5, 'max_range_pips': 40, 'min_range_pips': 15, 'asia_start_hour': 0, 'asia_end_hour': 7, 'trade_start_minute': 5, 'trade_end_hour': 10, 'hard_exit_hour': 16, 'one_trade_per_day': True}. Best is trial 4 with value: 1.047063509668222.
[I 2026-05-28 23:14:47,719] Trial 9 finished with value: -0.1753111660500079 and parameters: {'buffer_pips': 2, 'risk_reward_ratio': 2.0, 'max_range_pips': 50, 'min_range_pips': 10, 'asia_start_hour': 0, 'asia_end_hour': 7, 'trade_start_minute': 5, 'trade_end_hour': 10, 'hard_exit_hour': 16, 'one_trade_per_day': True}. Best is trial 4 with value: 1.047063509668222.
C:\Users\הלל\Desktop\algo projects\trading-research-factory\walk forward engine\.venv\lib\site-packages\optuna\samplers\_tpe\sampler.py:319: ExperimentalWarning: ``multivariate`` option is an experimental feature. The interface can change in the future.
  warnings.warn(
[I 2026-05-28 23:14:48,074] A new study created in memory with name: no-name-cb6ecab9-a476-4362-a2c6-8d3e6f3fd85c
[I 2026-05-28 23:14:50,058] Trial 1 finished with value: 0.31997105393523384 and parameters: {'buffer_pips': 7, 'risk_reward_ratio': 1.5, 'max_range_pips': 50, 'min_range_pips': 15, 'asia_start_hour': 0, 'asia_end_hour': 7, 'trade_start_minute': 5, 'trade_end_hour': 10, 'hard_exit_hour': 16, 'one_trade_per_day': True}. Best is trial 1 with value: 0.31997105393523384.
[I 2026-05-28 23:14:50,120] Trial 0 finished with value: 0.16453864000632823 and parameters: {'buffer_pips': 4, 'risk_reward_ratio': 1.5, 'max_range_pips': 50, 'min_range_pips': 10, 'asia_start_hour': 0, 'asia_end_hour': 7, 'trade_start_minute': 5, 'trade_end_hour': 10, 'hard_exit_hour': 16, 'one_trade_per_day': True}. Best is trial 1 with value: 0.31997105393523384.
[I 2026-05-28 23:14:50,148] Trial 6 finished with value: 0.011053211827340221 and parameters: {'buffer_pips': 4, 'risk_reward_ratio': 2.0, 'max_range_pips': 40, 'min_range_pips': 10, 'asia_start_hour': 0, 'asia_end_hour': 7, 'trade_start_minute': 5, 'trade_end_hour': 10, 'hard_exit_hour': 16, 'one_trade_per_day': True}. Best is trial 1 with value: 0.31997105393523384.
[I 2026-05-28 23:14:50,172] Trial 3 finished with value: -1.2525705916401768 and parameters: {'buffer_pips': 5, 'risk_reward_ratio': 2.5, 'max_range_pips': 20, 'min_range_pips': 10, 'asia_start_hour': 0, 'asia_end_hour': 7, 'trade_start_minute': 5, 'trade_end_hour': 10, 'hard_exit_hour': 16, 'one_trade_per_day': True}. Best is trial 1 with value: 0.31997105393523384.
[I 2026-05-28 23:14:50,370] Trial 2 finished with value: 0.8080630635365034 and parameters: {'buffer_pips': 3, 'risk_reward_ratio': 2.0, 'max_range_pips': 30, 'min_range_pips': 10, 'asia_start_hour': 0, 'asia_end_hour': 7, 'trade_start_minute': 5, 'trade_end_hour': 10, 'hard_exit_hour': 16, 'one_trade_per_day': True}. Best is trial 2 with value: 0.8080630635365034.
[I 2026-05-28 23:14:50,408] Trial 4 finished with value: 0.9766263449103362 and parameters: {'buffer_pips': 3, 'risk_reward_ratio': 2.0, 'max_range_pips': 50, 'min_range_pips': 10, 'asia_start_hour': 0, 'asia_end_hour': 7, 'trade_start_minute': 5, 'trade_end_hour': 10, 'hard_exit_hour': 16, 'one_trade_per_day': True}. Best is trial 4 with value: 0.9766263449103362.
[I 2026-05-28 23:14:50,420] Trial 7 finished with value: -0.2728518779781056 and parameters: {'buffer_pips': 2, 'risk_reward_ratio': 3.0, 'max_range_pips': 40, 'min_range_pips': 5, 'asia_start_hour': 0, 'asia_end_hour': 7, 'trade_start_minute': 5, 'trade_end_hour': 10, 'hard_exit_hour': 16, 'one_trade_per_day': True}. Best is trial 4 with value: 0.9766263449103362.
[I 2026-05-28 23:14:50,446] Trial 5 finished with value: -1.2525705916401768 and parameters: {'buffer_pips': 5, 'risk_reward_ratio': 2.0, 'max_range_pips': 20, 'min_range_pips': 10, 'asia_start_hour': 0, 'asia_end_hour': 7, 'trade_start_minute': 5, 'trade_end_hour': 10, 'hard_exit_hour': 16, 'one_trade_per_day': True}. Best is trial 4 with value: 0.9766263449103362.
