[I 2026-06-02 23:30:18,363] Trial 23 finished with value: 0.6257466211216377 and parameters: {'macd_fast': 16, 'macd_slow': 26, 'macd_signal': 9, 'macd_threshold': 0.5, 'atr_period': 18, 'atr_sl_multiplier': 1.5, 'hold_hours': 12, 'entry_day': 2}. Best is trial 8 with value: 1.1305489392624144.
C:\Users\הלל\Desktop\algo projects\trading-research-factory\walk forward engine\.venv\lib\site-packages\optuna\samplers\_tpe\sampler.py:319: ExperimentalWarning: ``multivariate`` option is an experimental feature. The interface can change in the future.
  warnings.warn(
[I 2026-06-02 23:30:18,808] A new study created in memory with name: no-name-e5f20852-59d2-41cb-9f07-2421451c7dff
C:\Users\הלל\Desktop\algo projects\trading-research-factory\walk forward engine\.venv\lib\site-packages\optuna\distributions.py:700: UserWarning: The distribution is specified by [10, 20] and step=4, but the range is not divisible by `step`. It will be replaced by [10, 18].
  warnings.warn(
C:\Users\הלל\Desktop\algo projects\trading-research-factory\walk forward engine\.venv\lib\site-packages\optuna\distributions.py:700: UserWarning: The distribution is specified by [10, 20] and step=4, but the range is not divisible by `step`. It will be replaced by [10, 18].
  warnings.warn(
C:\Users\הלל\Desktop\algo projects\trading-research-factory\walk forward engine\.venv\lib\site-packages\optuna\distributions.py:700: UserWarning: The distribution is specified by [10, 20] and step=4, but the range is not divisible by `step`. It will be replaced by [10, 18].
  warnings.warn(
C:\Users\הלל\Desktop\algo projects\trading-research-factory\walk forward engine\.venv\lib\site-packages\optuna\distributions.py:700: UserWarning: The distribution is specified by [10, 20] and step=4, but the range is not divisible by `step`. It will be replaced by [10, 18].
  warnings.warn(
[I 2026-06-02 23:30:20,564] Trial 2 finished with value: -9.7 and parameters: {'macd_fast': 12, 'macd_slow': 20, 'macd_signal': 7, 'macd_threshold': -0.5, 'atr_period': 10, 'atr_sl_multiplier': 2.0, 'hold_hours': 36, 'entry_day': 3}. Best is trial 2 with value: -9.7.
C:\Users\הלל\Desktop\algo projects\trading-research-factory\walk forward engine\.venv\lib\site-packages\optuna\distributions.py:700: UserWarning: The distribution is specified by [10, 20] and step=4, but the range is not divisible by `step`. It will be replaced by [10, 18].
  warnings.warn(
[I 2026-06-02 23:30:20,655] Trial 6 finished with value: -9.6 and parameters: {'macd_fast': 12, 'macd_slow': 20, 'macd_signal': 11, 'macd_threshold': 0.5, 'atr_period': 10, 'atr_sl_multiplier': 2.0, 'hold_hours': 24, 'entry_day': 7}. Best is trial 6 with value: -9.6.
C:\Users\הלל\Desktop\algo projects\trading-research-factory\walk forward engine\.venv\lib\site-packages\optuna\distributions.py:700: UserWarning: The distribution is specified by [10, 20] and step=4, but the range is not divisible by `step`. It will be replaced by [10, 18].
  warnings.warn(
[I 2026-06-02 23:30:20,868] Trial 3 finished with value: -9.7 and parameters: {'macd_fast': 16, 'macd_slow': 26, 'macd_signal': 11, 'macd_threshold': 0.0, 'atr_period': 18, 'atr_sl_multiplier': 1.5, 'hold_hours': 12, 'entry_day': 1}. Best is trial 6 with value: -9.6.
[I 2026-06-02 23:30:20,938] Trial 1 finished with value: -0.30533848552761095 and parameters: {'macd_fast': 8, 'macd_slow': 20, 'macd_signal': 7, 'macd_threshold': -0.5, 'atr_period': 18, 'atr_sl_multiplier': 2.5, 'hold_hours': 12, 'entry_day': 6}. Best is trial 1 with value: -0.30533848552761095.
C:\Users\הלל\Desktop\algo projects\trading-research-factory\walk forward engine\.venv\lib\site-packages\optuna\distributions.py:700: UserWarning: The distribution is specified by [10, 20] and step=4, but the range is not divisible by `step`. It will be replaced by [10, 18].
  warnings.warn(
[I 2026-06-02 23:30:21,068] Trial 0 finished with value: -9.7 and parameters: {'macd_fast': 16, 'macd_slow': 26, 'macd_signal': 11, 'macd_threshold': 0.0, 'atr_period': 14, 'atr_sl_multiplier': 2.0, 'hold_hours': 24, 'entry_day': 2}. Best is trial 1 with value: -0.30533848552761095.
[I 2026-06-02 23:30:21,100] Trial 5 finished with value: -9.7 and parameters: {'macd_fast': 12, 'macd_slow': 32, 'macd_signal': 9, 'macd_threshold': 0.5, 'atr_period': 14, 'atr_sl_multiplier': 2.0, 'hold_hours': 12, 'entry_day': 7}. Best is trial 1 with value: -0.30533848552761095.
C:\Users\הלל\Desktop\algo projects\trading-research-factory\walk forward engine\.venv\lib\site-packages\optuna\distributions.py:700: UserWarning: The distribution is specified by [10, 20] and step=4, but the range is not divisible by `step`. It will be replaced by [10, 18].
  warnings.warn(
C:\Users\הלל\Desktop\algo projects\trading-research-factory\walk forward engine\.venv\lib\site-packages\optuna\distributions.py:700: UserWarning: The distribution is specified by [10, 20] and step=4, but the range is not divisible by `step`. It will be replaced by [10, 18].
  warnings.warn(
[I 2026-06-02 23:30:21,277] Trial 7 finished with value: -0.07047323362767254 and parameters: {'macd_fast': 16, 'macd_slow': 20, 'macd_signal': 7, 'macd_threshold': 0.0, 'atr_period': 14, 'atr_sl_multiplier': 2.0, 'hold_hours': 24, 'entry_day': 6}. Best is trial 7 with value: -0.07047323362767254.
C:\Users\הלל\Desktop\algo projects\trading-research-factory\walk forward engine\.venv\lib\site-packages\optuna\distributions.py:700: UserWarning: The distribution is specified by [10, 20] and step=4, but the range is not divisible by `step`. It will be replaced by [10, 18].
  warnings.warn(
C:\Users\הלל\Desktop\algo projects\trading-research-factory\walk forward engine\.venv\lib\site-packages\optuna\distributions.py:700: UserWarning: The distribution is specified by [10, 20] and step=4, but the range is not divisible by `step`. It will be replaced by [10, 18].
  warnings.warn(
[I 2026-06-02 23:30:21,577] Trial 4 finished with value: -9.7 and parameters: {'macd_fast': 16, 'macd_slow': 32, 'macd_signal': 11, 'macd_threshold': 0.0, 'atr_period': 18, 'atr_sl_multiplier': 2.0, 'hold_hours': 36, 'entry_day': 1}. Best is trial 7 with value: -0.07047323362767254.
C:\Users\הלל\Desktop\algo projects\trading-research-factory\walk forward engine\.venv\lib\site-packages\optuna\distributions.py:700: UserWarning: The distribution is specified by [10, 20] and step=4, but the range is not divisible by `step`. It will be replaced by [10, 18].
  warnings.warn(
[I 2026-06-02 23:30:22,245] Trial 9 finished with value: -9.6 and parameters: {'macd_fast': 12, 'macd_slow': 32, 'macd_signal': 7, 'macd_threshold': 0.5, 'atr_period': 18, 'atr_sl_multiplier': 1.5, 'hold_hours': 24, 'entry_day': 2}. Best is trial 7 with value: -0.07047323362767254.
C:\Users\הלל\Desktop\algo projects\trading-research-factory\walk forward engine\.venv\lib\site-packages\optuna\distributions.py:700: UserWarning: The distribution is specified by [10, 20] and step=4, but the range is not divisible by `step`. It will be replaced by [10, 18].
  warnings.warn(
[I 2026-06-02 23:30:22,378] Trial 8 finished with value: -9.7 and parameters: {'macd_fast': 8, 'macd_slow': 20, 'macd_signal': 11, 'macd_threshold': -0.5, 'atr_period': 10, 'atr_sl_multiplier': 2.0, 'hold_hours': 36, 'entry_day': 3}. Best is trial 7 with value: -0.07047323362767254.
[I 2026-06-02 23:30:22,744] Trial 10 finished with value: -9.6 and parameters: {'macd_fast': 8, 'macd_slow': 32, 'macd_signal': 9, 'macd_threshold': 0.0, 'atr_period': 14, 'atr_sl_multiplier': 1.5, 'hold_hours': 24, 'entry_day': 7}. Best is trial 7 with value: -0.07047323362767254.
C:\Users\הלל\Desktop\algo projects\trading-research-factory\walk forward engine\.venv\lib\site-packages\optuna\distributions.py:700: UserWarning: The distribution is specified by [10, 20] and step=4, but the range is not divisible by `step`. It will be replaced by [10, 18].
  warnings.warn(
[I 2026-06-02 23:30:23,322] Trial 14 finished with value: -9.6 and parameters: {'macd_fast': 8, 'macd_slow': 20, 'macd_signal': 7, 'macd_threshold': -0.5, 'atr_period': 10, 'atr_sl_multiplier': 2.5, 'hold_hours': 12, 'entry_day': 7}. Best is trial 7 with value: -0.07047323362767254.
[I 2026-06-02 23:30:23,525] Trial 13 finished with value: -9.6 and parameters: {'macd_fast': 16, 'macd_slow': 26, 'macd_signal': 11, 'macd_threshold': -0.5, 'atr_period': 14, 'atr_sl_multiplier': 1.5, 'hold_hours': 48, 'entry_day': 6}. Best is trial 7 with value: -0.07047323362767254.
[I 2026-06-02 23:30:23,625] Trial 11 finished with value: -9.6 and parameters: {'macd_fast': 12, 'macd_slow': 32, 'macd_signal': 9, 'macd_threshold': -0.5, 'atr_period': 14, 'atr_sl_multiplier': 2.0, 'hold_hours': 12, 'entry_day': 2}. Best is trial 7 with value: -0.07047323362767254.
C:\Users\הלל\Desktop\algo projects\trading-research-factory\walk forward engine\.venv\lib\site-packages\optuna\distributions.py:700: UserWarning: The distribution is specified by [10, 20] and step=4, but the range is not divisible by `step`. It will be replaced by [10, 18].
  warnings.warn(
[I 2026-06-02 23:30:23,944] Trial 15 finished with value: -0.4056037632034372 and parameters: {'macd_fast': 16, 'macd_slow': 32, 'macd_signal': 7, 'macd_threshold': 0.5, 'atr_period': 10, 'atr_sl_multiplier': 2.5, 'hold_hours': 24, 'entry_day': 6}. Best is trial 7 with value: -0.07047323362767254.
C:\Users\הלל\Desktop\algo projects\trading-research-factory\walk forward engine\.venv\lib\site-packages\optuna\distributions.py:700: UserWarning: The distribution is specified by [10, 20] and step=4, but the range is not divisible by `step`. It will be replaced by [10, 18].
  warnings.warn(
[I 2026-06-02 23:30:24,103] Trial 12 finished with value: -9.7 and parameters: {'macd_fast': 16, 'macd_slow': 32, 'macd_signal': 11, 'macd_threshold': -0.5, 'atr_period': 10, 'atr_sl_multiplier': 2.5, 'hold_hours': 36, 'entry_day': 4}. Best is trial 7 with value: -0.07047323362767254.
[I 2026-06-02 23:30:24,476] Trial 16 finished with value: -9.6 and parameters: {'macd_fast': 8, 'macd_slow': 32, 'macd_signal': 9, 'macd_threshold': 0.0, 'atr_period': 18, 'atr_sl_multiplier': 2.5, 'hold_hours': 24, 'entry_day': 2}. Best is trial 7 with value: -0.07047323362767254.
C:\Users\הלל\Desktop\algo projects\trading-research-factory\walk forward engine\.venv\lib\site-packages\optuna\distributions.py:700: UserWarning: The distribution is specified by [10, 20] and step=4, but the range is not divisible by `step`. It will be replaced by [10, 18].
  warnings.warn(
C:\Users\הלל\Desktop\algo projects\trading-research-factory\walk forward engine\.venv\lib\site-packages\optuna\distributions.py:700: UserWarning: The distribution is specified by [10, 20] and step=4, but the range is not divisible by `step`. It will be replaced by [10, 18].
  warnings.warn(
C:\Users\הלל\Desktop\algo projects\trading-research-factory\walk forward engine\.venv\lib\site-packages\optuna\distributions.py:700: UserWarning: The distribution is specified by [10, 20] and step=4, but the range is not divisible by `step`. It will be replaced by [10, 18].
  warnings.warn(
[I 2026-06-02 23:30:25,309] Trial 17 finished with value: -0.5352184820318028 and parameters: {'macd_fast': 16, 'macd_slow': 20, 'macd_signal': 7, 'macd_threshold': -0.5, 'atr_period': 14, 'atr_sl_multiplier': 1.5, 'hold_hours': 24, 'entry_day': 7}. Best is trial 7 with value: -0.07047323362767254.
C:\Users\הלל\Desktop\algo projects\trading-research-factory\walk forward engine\.venv\lib\site-packages\optuna\distributions.py:700: UserWarning: The distribution is specified by [10, 20] and step=4, but the range is not divisible by `step`. It will be replaced by [10, 18].
  warnings.warn(
C:\Users\הלל\Desktop\algo projects\trading-research-factory\walk forward engine\.venv\lib\site-packages\optuna\distributions.py:700: UserWarning: The distribution is specified by [10, 20] and step=4, but the range is not divisible by `step`. It will be replaced by [10, 18].
  warnings.warn(
[I 2026-06-02 23:30:25,645] Trial 18 finished with value: -9.6 and parameters: {'macd_fast': 8, 'macd_slow': 26, 'macd_signal': 7, 'macd_threshold': -0.5, 'atr_period': 18, 'atr_sl_multiplier': 2.5, 'hold_hours': 12, 'entry_day': 7}. Best is trial 7 with value: -0.07047323362767254.
[I 2026-06-02 23:30:26,055] Trial 19 finished with value: -9.6 and parameters: {'macd_fast': 8, 'macd_slow': 20, 'macd_signal': 7, 'macd_threshold': -0.5, 'atr_period': 18, 'atr_sl_multiplier': 2.5, 'hold_hours': 24, 'entry_day': 5}. Best is trial 7 with value: -0.07047323362767254.
[I 2026-06-02 23:30:26,333] Trial 20 finished with value: -9.6 and parameters: {'macd_fast': 8, 'macd_slow': 20, 'macd_signal': 7, 'macd_threshold': -0.5, 'atr_period': 18, 'atr_sl_multiplier': 2.5, 'hold_hours': 24, 'entry_day': 5}. Best is trial 7 with value: -0.07047323362767254.
[I 2026-06-02 23:30:26,386] Trial 21 finished with value: -9.6 and parameters: {'macd_fast': 8, 'macd_slow': 26, 'macd_signal': 7, 'macd_threshold': -0.5, 'atr_period': 18, 'atr_sl_multiplier': 2.5, 'hold_hours': 12, 'entry_day': 5}. Best is trial 7 with value: -0.07047323362767254.
[I 2026-06-02 23:30:26,477] Trial 24 finished with value: -9.6 and parameters: {'macd_fast': 8, 'macd_slow': 26, 'macd_signal': 7, 'macd_threshold': -0.5, 'atr_period': 18, 'atr_sl_multiplier': 2.5, 'hold_hours': 12, 'entry_day': 5}. Best is trial 7 with value: -0.07047323362767254.
[I 2026-06-02 23:30:26,625] Trial 22 finished with value: -9.6 and parameters: {'macd_fast': 8, 'macd_slow': 20, 'macd_signal': 7, 'macd_threshold': -0.5, 'atr_period': 18, 'atr_sl_multiplier': 2.5, 'hold_hours': 12, 'entry_day': 5}. Best is trial 7 with value: -0.07047323362767254.
[I 2026-06-02 23:30:26,666] Trial 23 finished with value: -9.6 and parameters: {'macd_fast': 8, 'macd_slow': 20, 'macd_signal': 7, 'macd_threshold': 0.0, 'atr_period': 18, 'atr_sl_multiplier': 2.5, 'hold_hours': 12, 'entry_day': 5}. Best is trial 7 with value: -0.07047323362767254.
C:\Users\הלל\Desktop\algo projects\trading-research-factory\walk forward engine\.venv\lib\site-packages\optuna\samplers\_tpe\sampler.py:319: ExperimentalWarning: ``multivariate`` option is an experimental feature. The interface can change in the future.
  warnings.warn(
[I 2026-06-02 23:30:27,127] A new study created in memory with name: no-name-1a63f500-875b-43f4-9295-196e06f89a9f
C:\Users\הלל\Desktop\algo projects\trading-research-factory\walk forward engine\.venv\lib\site-packages\optuna\distributions.py:700: UserWarning: The distribution is specified by [10, 20] and step=4, but the range is not divisible by `step`. It will be replaced by [10, 18].
  warnings.warn(
[I 2026-06-02 23:30:28,935] Trial 3 finished with value: -9.6 and parameters: {'macd_fast': 16, 'macd_slow': 32, 'macd_signal': 7, 'macd_threshold': 0.5, 'atr_period': 18, 'atr_sl_multiplier': 2.0, 'hold_hours': 36, 'entry_day': 1}. Best is trial 3 with value: -9.6.
C:\Users\הלל\Desktop\algo projects\trading-research-factory\walk forward engine\.venv\lib\site-packages\optuna\distributions.py:700: UserWarning: The distribution is specified by [10, 20] and step=4, but the range is not divisible by `step`. It will be replaced by [10, 18].
  warnings.warn(
[I 2026-06-02 23:30:29,061] Trial 1 finished with value: -9.7 and parameters: {'macd_fast': 16, 'macd_slow': 26, 'macd_signal': 7, 'macd_threshold': 0.0, 'atr_period': 18, 'atr_sl_multiplier': 2.0, 'hold_hours': 12, 'entry_day': 5}. Best is trial 3 with value: -9.6.
[I 2026-06-02 23:30:29,088] Trial 2 finished with value: 0.41479818903141674 and parameters: {'macd_fast': 8, 'macd_slow': 20, 'macd_signal': 7, 'macd_threshold': 0.0, 'atr_period': 18, 'atr_sl_multiplier': 2.5, 'hold_hours': 48, 'entry_day': 7}. Best is trial 2 with value: 0.41479818903141674.
[I 2026-06-02 23:30:29,339] Trial 0 finished with value: -9.8 and parameters: {'macd_fast': 8, 'macd_slow': 32, 'macd_signal': 9, 'macd_threshold': -0.5, 'atr_period': 14, 'atr_sl_multiplier': 2.5, 'hold_hours': 48, 'entry_day': 5}. Best is trial 2 with value: 0.41479818903141674.
[I 2026-06-02 23:30:29,422] Trial 6 finished with value: -9.6 and parameters: {'macd_fast': 16, 'macd_slow': 26, 'macd_signal': 7, 'macd_threshold': 0.5, 'atr_period': 18, 'atr_sl_multiplier': 2.0, 'hold_hours': 12, 'entry_day': 3}. Best is trial 2 with value: 0.41479818903141674.
C:\Users\הלל\Desktop\algo projects\trading-research-factory\walk forward engine\.venv\lib\site-packages\optuna\distributions.py:700: UserWarning: The distribution is specified by [10, 20] and step=4, but the range is not divisible by `step`. It will be replaced by [10, 18].
  warnings.warn(
[I 2026-06-02 23:30:29,516] Trial 7 finished with value: -9.6 and parameters: {'macd_fast': 12, 'macd_slow': 20, 'macd_signal': 9, 'macd_threshold': -0.5, 'atr_period': 18, 'atr_sl_multiplier': 1.5, 'hold_hours': 12, 'entry_day': 3}. Best is trial 2 with value: 0.41479818903141674.
C:\Users\הלל\Desktop\algo projects\trading-research-factory\walk forward engine\.venv\lib\site-packages\optuna\distributions.py:700: UserWarning: The distribution is specified by [10, 20] and step=4, but the range is not divisible by `step`. It will be replaced by [10, 18].
  warnings.warn(
[I 2026-06-02 23:30:29,781] Trial 4 finished with value: -9.6 and parameters: {'macd_fast': 16, 'macd_slow': 20, 'macd_signal': 9, 'macd_threshold': -0.5, 'atr_period': 18, 'atr_sl_multiplier': 2.5, 'hold_hours': 36, 'entry_day': 7}. Best is trial 2 with value: 0.41479818903141674.
[I 2026-06-02 23:30:29,852] Trial 5 finished with value: 1.4353040133878425 and parameters: {'macd_fast': 8, 'macd_slow': 20, 'macd_signal': 9, 'macd_threshold': -0.5, 'atr_period': 14, 'atr_sl_multiplier': 2.5, 'hold_hours': 24, 'entry_day': 1}. Best is trial 5 with value: 1.4353040133878425.
C:\Users\הלל\Desktop\algo projects\trading-research-factory\walk forward engine\.venv\lib\site-packages\optuna\distributions.py:700: UserWarning: The distribution is specified by [10, 20] and step=4, but the range is not divisible by `step`. It will be replaced by [10, 18].
  warnings.warn(
C:\Users\הלל\Desktop\algo projects\trading-research-factory\walk forward engine\.venv\lib\site-packages\optuna\distributions.py:700: UserWarning: The distribution is specified by [10, 20] and step=4, but the range is not divisible by `step`. It will be replaced by [10, 18].
  warnings.warn(
C:\Users\הלל\Desktop\algo projects\trading-research-factory\walk forward engine\.venv\lib\site-packages\optuna\distributions.py:700: UserWarning: The distribution is specified by [10, 20] and step=4, but the range is not divisible by `step`. It will be replaced by [10, 18].
  warnings.warn(
C:\Users\הלל\Desktop\algo projects\trading-research-factory\walk forward engine\.venv\lib\site-packages\optuna\distributions.py:700: UserWarning: The distribution is specified by [10, 20] and step=4, but the range is not divisible by `step`. It will be replaced by [10, 18].
  warnings.warn(
[I 2026-06-02 23:30:30,286] Trial 8 finished with value: 1.4353040133878425 and parameters: {'macd_fast': 8, 'macd_slow': 20, 'macd_signal': 11, 'macd_threshold': -0.5, 'atr_period': 10, 'atr_sl_multiplier': 2.5, 'hold_hours': 24, 'entry_day': 1}. Best is trial 5 with value: 1.4353040133878425.
C:\Users\הלל\Desktop\algo projects\trading-research-factory\walk forward engine\.venv\lib\site-packages\optuna\distributions.py:700: UserWarning: The distribution is specified by [10, 20] and step=4, but the range is not divisible by `step`. It will be replaced by [10, 18].
  warnings.warn(
[I 2026-06-02 23:30:31,454] Trial 11 finished with value: -1.9670998580631915 and parameters: {'macd_fast': 12, 'macd_slow': 26, 'macd_signal': 7, 'macd_threshold': 0.0, 'atr_period': 10, 'atr_sl_multiplier': 1.5, 'hold_hours': 12, 'entry_day': 1}. Best is trial 5 with value: 1.4353040133878425.
[I 2026-06-02 23:30:31,582] Trial 10 finished with value: -9.7 and parameters: {'macd_fast': 16, 'macd_slow': 26, 'macd_signal': 7, 'macd_threshold': 0.5, 'atr_period': 14, 'atr_sl_multiplier': 1.5, 'hold_hours': 48, 'entry_day': 4}. Best is trial 5 with value: 1.4353040133878425.
[I 2026-06-02 23:30:32,039] Trial 9 finished with value: -9.6 and parameters: {'macd_fast': 12, 'macd_slow': 26, 'macd_signal': 9, 'macd_threshold': -0.5, 'atr_period': 18, 'atr_sl_multiplier': 2.5, 'hold_hours': 12, 'entry_day': 7}. Best is trial 5 with value: 1.4353040133878425.
[I 2026-06-02 23:30:32,330] Trial 12 finished with value: -9.8 and parameters: {'macd_fast': 12, 'macd_slow': 32, 'macd_signal': 9, 'macd_threshold': 0.0, 'atr_period': 18, 'atr_sl_multiplier': 2.0, 'hold_hours': 48, 'entry_day': 5}. Best is trial 5 with value: 1.4353040133878425.
[I 2026-06-02 23:30:32,396] Trial 16 finished with value: -9.6 and parameters: {'macd_fast': 12, 'macd_slow': 32, 'macd_signal': 11, 'macd_threshold': -0.5, 'atr_period': 14, 'atr_sl_multiplier': 2.5, 'hold_hours': 24, 'entry_day': 1}. Best is trial 5 with value: 1.4353040133878425.
C:\Users\הלל\Desktop\algo projects\trading-research-factory\walk forward engine\.venv\lib\site-packages\optuna\distributions.py:700: UserWarning: The distribution is specified by [10, 20] and step=4, but the range is not divisible by `step`. It will be replaced by [10, 18].
  warnings.warn(
C:\Users\הלל\Desktop\algo projects\trading-research-factory\walk forward engine\.venv\lib\site-packages\optuna\distributions.py:700: UserWarning: The distribution is specified by [10, 20] and step=4, but the range is not divisible by `step`. It will be replaced by [10, 18].
  warnings.warn(
[I 2026-06-02 23:30:33,061] Trial 13 finished with value: 2.4765499316921917 and parameters: {'macd_fast': 12, 'macd_slow': 26, 'macd_signal': 11, 'macd_threshold': 0.0, 'atr_period': 10, 'atr_sl_multiplier': 1.5, 'hold_hours': 48, 'entry_day': 1}. Best is trial 13 with value: 2.4765499316921917.
