[I 2026-06-02 23:34:12,237] Trial 14 finished with value: 0.48308860695382755 and parameters: {'macd_fast': 8, 'macd_slow': 26, 'macd_signal': 11, 'macd_threshold': 0.5, 'atr_period': 10, 'atr_sl_multiplier': 1.5, 'hold_hours': 36, 'entry_day': 6}. Best is trial 5 with value: 2.397367676026248.
C:\Users\הלל\Desktop\algo projects\trading-research-factory\walk forward engine\.venv\lib\site-packages\optuna\distributions.py:700: UserWarning: The distribution is specified by [10, 20] and step=4, but the range is not divisible by `step`. It will be replaced by [10, 18].
  warnings.warn(
C:\Users\הלל\Desktop\algo projects\trading-research-factory\walk forward engine\.venv\lib\site-packages\optuna\distributions.py:700: UserWarning: The distribution is specified by [10, 20] and step=4, but the range is not divisible by `step`. It will be replaced by [10, 18].
  warnings.warn(
C:\Users\הלל\Desktop\algo projects\trading-research-factory\walk forward engine\.venv\lib\site-packages\optuna\distributions.py:700: UserWarning: The distribution is specified by [10, 20] and step=4, but the range is not divisible by `step`. It will be replaced by [10, 18].
  warnings.warn(
C:\Users\הלל\Desktop\algo projects\trading-research-factory\walk forward engine\.venv\lib\site-packages\optuna\distributions.py:700: UserWarning: The distribution is specified by [10, 20] and step=4, but the range is not divisible by `step`. It will be replaced by [10, 18].
  warnings.warn(
C:\Users\הלל\Desktop\algo projects\trading-research-factory\walk forward engine\.venv\lib\site-packages\optuna\distributions.py:700: UserWarning: The distribution is specified by [10, 20] and step=4, but the range is not divisible by `step`. It will be replaced by [10, 18].
  warnings.warn(
C:\Users\הלל\Desktop\algo projects\trading-research-factory\walk forward engine\.venv\lib\site-packages\optuna\distributions.py:700: UserWarning: The distribution is specified by [10, 20] and step=4, but the range is not divisible by `step`. It will be replaced by [10, 18].
  warnings.warn(
C:\Users\הלל\Desktop\algo projects\trading-research-factory\walk forward engine\.venv\lib\site-packages\optuna\distributions.py:700: UserWarning: The distribution is specified by [10, 20] and step=4, but the range is not divisible by `step`. It will be replaced by [10, 18].
  warnings.warn(
[I 2026-06-02 23:34:15,696] Trial 18 finished with value: 1.3967138390224703 and parameters: {'macd_fast': 8, 'macd_slow': 26, 'macd_signal': 9, 'macd_threshold': -0.5, 'atr_period': 18, 'atr_sl_multiplier': 1.5, 'hold_hours': 36, 'entry_day': 1}. Best is trial 5 with value: 2.397367676026248.
C:\Users\הלל\Desktop\algo projects\trading-research-factory\walk forward engine\.venv\lib\site-packages\optuna\distributions.py:700: UserWarning: The distribution is specified by [10, 20] and step=4, but the range is not divisible by `step`. It will be replaced by [10, 18].
  warnings.warn(
[I 2026-06-02 23:34:17,138] Trial 17 finished with value: -2.450639424750411 and parameters: {'macd_fast': 8, 'macd_slow': 20, 'macd_signal': 11, 'macd_threshold': 0.0, 'atr_period': 18, 'atr_sl_multiplier': 1.5, 'hold_hours': 12, 'entry_day': 2}. Best is trial 5 with value: 2.397367676026248.
[I 2026-06-02 23:34:17,397] Trial 19 finished with value: -2.1539623434199164 and parameters: {'macd_fast': 8, 'macd_slow': 26, 'macd_signal': 11, 'macd_threshold': -0.5, 'atr_period': 18, 'atr_sl_multiplier': 1.5, 'hold_hours': 24, 'entry_day': 2}. Best is trial 5 with value: 2.397367676026248.
[I 2026-06-02 23:34:17,439] Trial 20 finished with value: -1.6238470954619855 and parameters: {'macd_fast': 8, 'macd_slow': 26, 'macd_signal': 7, 'macd_threshold': -0.5, 'atr_period': 18, 'atr_sl_multiplier': 1.5, 'hold_hours': 24, 'entry_day': 2}. Best is trial 5 with value: 2.397367676026248.
[I 2026-06-02 23:34:17,585] Trial 23 finished with value: 2.1071148678748357 and parameters: {'macd_fast': 8, 'macd_slow': 32, 'macd_signal': 11, 'macd_threshold': -0.5, 'atr_period': 18, 'atr_sl_multiplier': 1.5, 'hold_hours': 12, 'entry_day': 1}. Best is trial 5 with value: 2.397367676026248.
[I 2026-06-02 23:34:17,711] Trial 24 finished with value: 1.8063748021291863 and parameters: {'macd_fast': 12, 'macd_slow': 26, 'macd_signal': 9, 'macd_threshold': -0.5, 'atr_period': 18, 'atr_sl_multiplier': 1.5, 'hold_hours': 24, 'entry_day': 1}. Best is trial 5 with value: 2.397367676026248.
[I 2026-06-02 23:34:17,726] Trial 22 finished with value: 2.1071148678748357 and parameters: {'macd_fast': 12, 'macd_slow': 32, 'macd_signal': 9, 'macd_threshold': 0.5, 'atr_period': 18, 'atr_sl_multiplier': 2.5, 'hold_hours': 12, 'entry_day': 1}. Best is trial 5 with value: 2.397367676026248.
[I 2026-06-02 23:34:18,367] Trial 21 finished with value: -3.8020134963255026 and parameters: {'macd_fast': 12, 'macd_slow': 32, 'macd_signal': 9, 'macd_threshold': 0.5, 'atr_period': 18, 'atr_sl_multiplier': 2.5, 'hold_hours': 12, 'entry_day': 2}. Best is trial 5 with value: 2.397367676026248.
C:\Users\הלל\Desktop\algo projects\trading-research-factory\walk forward engine\.venv\lib\site-packages\optuna\samplers\_tpe\sampler.py:319: ExperimentalWarning: ``multivariate`` option is an experimental feature. The interface can change in the future.
  warnings.warn(
[I 2026-06-02 23:34:20,304] A new study created in memory with name: no-name-5e3ce0ad-374c-4f10-89c3-9827416bd656
C:\Users\הלל\Desktop\algo projects\trading-research-factory\walk forward engine\.venv\lib\site-packages\optuna\distributions.py:700: UserWarning: The distribution is specified by [10, 20] and step=4, but the range is not divisible by `step`. It will be replaced by [10, 18].
  warnings.warn(
C:\Users\הלל\Desktop\algo projects\trading-research-factory\walk forward engine\.venv\lib\site-packages\optuna\distributions.py:700: UserWarning: The distribution is specified by [10, 20] and step=4, but the range is not divisible by `step`. It will be replaced by [10, 18].
  warnings.warn(
C:\Users\הלל\Desktop\algo projects\trading-research-factory\walk forward engine\.venv\lib\site-packages\optuna\distributions.py:700: UserWarning: The distribution is specified by [10, 20] and step=4, but the range is not divisible by `step`. It will be replaced by [10, 18].
  warnings.warn(
C:\Users\הלל\Desktop\algo projects\trading-research-factory\walk forward engine\.venv\lib\site-packages\optuna\distributions.py:700: UserWarning: The distribution is specified by [10, 20] and step=4, but the range is not divisible by `step`. It will be replaced by [10, 18].
  warnings.warn(
C:\Users\הלל\Desktop\algo projects\trading-research-factory\walk forward engine\.venv\lib\site-packages\optuna\distributions.py:700: UserWarning: The distribution is specified by [10, 20] and step=4, but the range is not divisible by `step`. It will be replaced by [10, 18].
  warnings.warn(
C:\Users\הלל\Desktop\algo projects\trading-research-factory\walk forward engine\.venv\lib\site-packages\optuna\distributions.py:700: UserWarning: The distribution is specified by [10, 20] and step=4, but the range is not divisible by `step`. It will be replaced by [10, 18].
  warnings.warn(
C:\Users\הלל\Desktop\algo projects\trading-research-factory\walk forward engine\.venv\lib\site-packages\optuna\distributions.py:700: UserWarning: The distribution is specified by [10, 20] and step=4, but the range is not divisible by `step`. It will be replaced by [10, 18].
  warnings.warn(
C:\Users\הלל\Desktop\algo projects\trading-research-factory\walk forward engine\.venv\lib\site-packages\optuna\distributions.py:700: UserWarning: The distribution is specified by [10, 20] and step=4, but the range is not divisible by `step`. It will be replaced by [10, 18].
  warnings.warn(
[I 2026-06-02 23:34:23,180] Trial 4 finished with value: 1.0337391531676074 and parameters: {'macd_fast': 12, 'macd_slow': 32, 'macd_signal': 9, 'macd_threshold': 0.5, 'atr_period': 18, 'atr_sl_multiplier': 1.5, 'hold_hours': 48, 'entry_day': 6}. Best is trial 4 with value: 1.0337391531676074.
C:\Users\הלל\Desktop\algo projects\trading-research-factory\walk forward engine\.venv\lib\site-packages\optuna\distributions.py:700: UserWarning: The distribution is specified by [10, 20] and step=4, but the range is not divisible by `step`. It will be replaced by [10, 18].
  warnings.warn(
[I 2026-06-02 23:34:23,344] Trial 0 finished with value: 0.8054236322123101 and parameters: {'macd_fast': 12, 'macd_slow': 20, 'macd_signal': 7, 'macd_threshold': 0.0, 'atr_period': 18, 'atr_sl_multiplier': 2.0, 'hold_hours': 24, 'entry_day': 4}. Best is trial 4 with value: 1.0337391531676074.
C:\Users\הלל\Desktop\algo projects\trading-research-factory\walk forward engine\.venv\lib\site-packages\optuna\distributions.py:700: UserWarning: The distribution is specified by [10, 20] and step=4, but the range is not divisible by `step`. It will be replaced by [10, 18].
  warnings.warn(
[I 2026-06-02 23:34:24,301] Trial 2 finished with value: 1.9469926951187495 and parameters: {'macd_fast': 16, 'macd_slow': 26, 'macd_signal': 7, 'macd_threshold': 0.0, 'atr_period': 18, 'atr_sl_multiplier': 1.5, 'hold_hours': 36, 'entry_day': 7}. Best is trial 2 with value: 1.9469926951187495.
[I 2026-06-02 23:34:24,460] Trial 1 finished with value: -9.6 and parameters: {'macd_fast': 8, 'macd_slow': 32, 'macd_signal': 9, 'macd_threshold': -0.5, 'atr_period': 10, 'atr_sl_multiplier': 1.5, 'hold_hours': 24, 'entry_day': 4}. Best is trial 2 with value: 1.9469926951187495.
[I 2026-06-02 23:34:24,484] Trial 5 finished with value: 0.3720506991554487 and parameters: {'macd_fast': 12, 'macd_slow': 32, 'macd_signal': 11, 'macd_threshold': -0.5, 'atr_period': 18, 'atr_sl_multiplier': 2.5, 'hold_hours': 48, 'entry_day': 5}. Best is trial 2 with value: 1.9469926951187495.
C:\Users\הלל\Desktop\algo projects\trading-research-factory\walk forward engine\.venv\lib\site-packages\optuna\distributions.py:700: UserWarning: The distribution is specified by [10, 20] and step=4, but the range is not divisible by `step`. It will be replaced by [10, 18].
  warnings.warn(
[I 2026-06-02 23:34:24,790] Trial 3 finished with value: 1.9469926951187495 and parameters: {'macd_fast': 16, 'macd_slow': 32, 'macd_signal': 7, 'macd_threshold': 0.5, 'atr_period': 10, 'atr_sl_multiplier': 1.5, 'hold_hours': 36, 'entry_day': 7}. Best is trial 2 with value: 1.9469926951187495.
C:\Users\הלל\Desktop\algo projects\trading-research-factory\walk forward engine\.venv\lib\site-packages\optuna\distributions.py:700: UserWarning: The distribution is specified by [10, 20] and step=4, but the range is not divisible by `step`. It will be replaced by [10, 18].
  warnings.warn(
[I 2026-06-02 23:34:25,052] Trial 6 finished with value: -0.040007029844940555 and parameters: {'macd_fast': 12, 'macd_slow': 20, 'macd_signal': 11, 'macd_threshold': 0.5, 'atr_period': 10, 'atr_sl_multiplier': 2.5, 'hold_hours': 48, 'entry_day': 3}. Best is trial 2 with value: 1.9469926951187495.
[I 2026-06-02 23:34:25,310] Trial 7 finished with value: -0.15912064611295532 and parameters: {'macd_fast': 8, 'macd_slow': 26, 'macd_signal': 9, 'macd_threshold': 0.0, 'atr_period': 10, 'atr_sl_multiplier': 1.5, 'hold_hours': 36, 'entry_day': 3}. Best is trial 2 with value: 1.9469926951187495.
C:\Users\הלל\Desktop\algo projects\trading-research-factory\walk forward engine\.venv\lib\site-packages\optuna\distributions.py:700: UserWarning: The distribution is specified by [10, 20] and step=4, but the range is not divisible by `step`. It will be replaced by [10, 18].
  warnings.warn(
[I 2026-06-02 23:34:26,029] Trial 9 finished with value: -0.721812796769099 and parameters: {'macd_fast': 16, 'macd_slow': 32, 'macd_signal': 9, 'macd_threshold': -0.5, 'atr_period': 10, 'atr_sl_multiplier': 2.5, 'hold_hours': 48, 'entry_day': 3}. Best is trial 2 with value: 1.9469926951187495.
C:\Users\הלל\Desktop\algo projects\trading-research-factory\walk forward engine\.venv\lib\site-packages\optuna\distributions.py:700: UserWarning: The distribution is specified by [10, 20] and step=4, but the range is not divisible by `step`. It will be replaced by [10, 18].
  warnings.warn(
[I 2026-06-02 23:34:26,340] Trial 12 finished with value: -9.7 and parameters: {'macd_fast': 8, 'macd_slow': 26, 'macd_signal': 7, 'macd_threshold': -0.5, 'atr_period': 14, 'atr_sl_multiplier': 2.5, 'hold_hours': 36, 'entry_day': 2}. Best is trial 2 with value: 1.9469926951187495.
[I 2026-06-02 23:34:26,412] Trial 8 finished with value: 1.9469926951187495 and parameters: {'macd_fast': 12, 'macd_slow': 26, 'macd_signal': 9, 'macd_threshold': 0.5, 'atr_period': 18, 'atr_sl_multiplier': 2.5, 'hold_hours': 36, 'entry_day': 7}. Best is trial 2 with value: 1.9469926951187495.
[I 2026-06-02 23:34:26,641] Trial 11 finished with value: 1.4535609571450874 and parameters: {'macd_fast': 12, 'macd_slow': 20, 'macd_signal': 11, 'macd_threshold': -0.5, 'atr_period': 10, 'atr_sl_multiplier': 2.0, 'hold_hours': 36, 'entry_day': 6}. Best is trial 2 with value: 1.9469926951187495.
C:\Users\הלל\Desktop\algo projects\trading-research-factory\walk forward engine\.venv\lib\site-packages\optuna\distributions.py:700: UserWarning: The distribution is specified by [10, 20] and step=4, but the range is not divisible by `step`. It will be replaced by [10, 18].
  warnings.warn(
C:\Users\הלל\Desktop\algo projects\trading-research-factory\walk forward engine\.venv\lib\site-packages\optuna\distributions.py:700: UserWarning: The distribution is specified by [10, 20] and step=4, but the range is not divisible by `step`. It will be replaced by [10, 18].
  warnings.warn(
[I 2026-06-02 23:34:30,556] Trial 10 finished with value: 1.6635706072090763 and parameters: {'macd_fast': 16, 'macd_slow': 20, 'macd_signal': 9, 'macd_threshold': 0.0, 'atr_period': 10, 'atr_sl_multiplier': 1.5, 'hold_hours': 12, 'entry_day': 7}. Best is trial 2 with value: 1.9469926951187495.
[I 2026-06-02 23:34:30,776] Trial 13 finished with value: 0.04624735502634425 and parameters: {'macd_fast': 12, 'macd_slow': 20, 'macd_signal': 11, 'macd_threshold': 0.5, 'atr_period': 10, 'atr_sl_multiplier': 2.0, 'hold_hours': 48, 'entry_day': 4}. Best is trial 2 with value: 1.9469926951187495.
C:\Users\הלל\Desktop\algo projects\trading-research-factory\walk forward engine\.venv\lib\site-packages\optuna\distributions.py:700: UserWarning: The distribution is specified by [10, 20] and step=4, but the range is not divisible by `step`. It will be replaced by [10, 18].
  warnings.warn(
[I 2026-06-02 23:34:31,436] Trial 14 finished with value: 1.1527190781395824 and parameters: {'macd_fast': 12, 'macd_slow': 32, 'macd_signal': 7, 'macd_threshold': -0.5, 'atr_period': 14, 'atr_sl_multiplier': 2.0, 'hold_hours': 24, 'entry_day': 1}. Best is trial 2 with value: 1.9469926951187495.
[I 2026-06-02 23:34:31,600] Trial 15 finished with value: -3.9292059036401383 and parameters: {'macd_fast': 12, 'macd_slow': 32, 'macd_signal': 7, 'macd_threshold': 0.0, 'atr_period': 14, 'atr_sl_multiplier': 2.5, 'hold_hours': 48, 'entry_day': 2}. Best is trial 2 with value: 1.9469926951187495.
[I 2026-06-02 23:34:31,750] Trial 16 finished with value: 1.207161659954746 and parameters: {'macd_fast': 16, 'macd_slow': 26, 'macd_signal': 7, 'macd_threshold': 0.5, 'atr_period': 14, 'atr_sl_multiplier': 2.0, 'hold_hours': 48, 'entry_day': 6}. Best is trial 2 with value: 1.9469926951187495.
C:\Users\הלל\Desktop\algo projects\trading-research-factory\walk forward engine\.venv\lib\site-packages\optuna\distributions.py:700: UserWarning: The distribution is specified by [10, 20] and step=4, but the range is not divisible by `step`. It will be replaced by [10, 18].
  warnings.warn(
C:\Users\הלל\Desktop\algo projects\trading-research-factory\walk forward engine\.venv\lib\site-packages\optuna\distributions.py:700: UserWarning: The distribution is specified by [10, 20] and step=4, but the range is not divisible by `step`. It will be replaced by [10, 18].
  warnings.warn(
[I 2026-06-02 23:34:32,856] Trial 18 finished with value: 1.166383276426234 and parameters: {'macd_fast': 16, 'macd_slow': 26, 'macd_signal': 7, 'macd_threshold': 0.5, 'atr_period': 10, 'atr_sl_multiplier': 1.5, 'hold_hours': 24, 'entry_day': 7}. Best is trial 2 with value: 1.9469926951187495.
[I 2026-06-02 23:34:32,884] Trial 17 finished with value: 1.207161659954746 and parameters: {'macd_fast': 16, 'macd_slow': 26, 'macd_signal': 9, 'macd_threshold': -0.5, 'atr_period': 18, 'atr_sl_multiplier': 1.5, 'hold_hours': 48, 'entry_day': 6}. Best is trial 2 with value: 1.9469926951187495.
C:\Users\הלל\Desktop\algo projects\trading-research-factory\walk forward engine\.venv\lib\site-packages\optuna\distributions.py:700: UserWarning: The distribution is specified by [10, 20] and step=4, but the range is not divisible by `step`. It will be replaced by [10, 18].
  warnings.warn(
C:\Users\הלל\Desktop\algo projects\trading-research-factory\walk forward engine\.venv\lib\site-packages\optuna\distributions.py:700: UserWarning: The distribution is specified by [10, 20] and step=4, but the range is not divisible by `step`. It will be replaced by [10, 18].
  warnings.warn(
C:\Users\הלל\Desktop\algo projects\trading-research-factory\walk forward engine\.venv\lib\site-packages\optuna\distributions.py:700: UserWarning: The distribution is specified by [10, 20] and step=4, but the range is not divisible by `step`. It will be replaced by [10, 18].
  warnings.warn(
[I 2026-06-02 23:34:33,635] Trial 19 finished with value: 1.1198309549166319 and parameters: {'macd_fast': 16, 'macd_slow': 32, 'macd_signal': 7, 'macd_threshold': 0.5, 'atr_period': 10, 'atr_sl_multiplier': 1.5, 'hold_hours': 36, 'entry_day': 6}. Best is trial 2 with value: 1.9469926951187495.
[I 2026-06-02 23:34:34,234] Trial 21 finished with value: 1.156299331420719 and parameters: {'macd_fast': 16, 'macd_slow': 32, 'macd_signal': 7, 'macd_threshold': 0.0, 'atr_period': 10, 'atr_sl_multiplier': 1.5, 'hold_hours': 48, 'entry_day': 7}. Best is trial 2 with value: 1.9469926951187495.
[I 2026-06-02 23:34:34,383] Trial 20 finished with value: 1.9469926951187495 and parameters: {'macd_fast': 16, 'macd_slow': 26, 'macd_signal': 7, 'macd_threshold': 0.0, 'atr_period': 18, 'atr_sl_multiplier': 1.5, 'hold_hours': 36, 'entry_day': 7}. Best is trial 2 with value: 1.9469926951187495.
[I 2026-06-02 23:34:34,410] Trial 22 finished with value: 1.9469926951187495 and parameters: {'macd_fast': 16, 'macd_slow': 26, 'macd_signal': 7, 'macd_threshold': 0.0, 'atr_period': 14, 'atr_sl_multiplier': 1.5, 'hold_hours': 36, 'entry_day': 7}. Best is trial 2 with value: 1.9469926951187495.
[I 2026-06-02 23:34:34,529] Trial 23 finished with value: 0.24457983425020527 and parameters: {'macd_fast': 16, 'macd_slow': 26, 'macd_signal': 7, 'macd_threshold': -0.5, 'atr_period': 18, 'atr_sl_multiplier': 1.5, 'hold_hours': 36, 'entry_day': 5}. Best is trial 2 with value: 1.9469926951187495.
[I 2026-06-02 23:34:34,563] Trial 24 finished with value: 1.9469926951187495 and parameters: {'macd_fast': 12, 'macd_slow': 32, 'macd_signal': 7, 'macd_threshold': 0.5, 'atr_period': 10, 'atr_sl_multiplier': 1.5, 'hold_hours': 36, 'entry_day': 7}. Best is trial 2 with value: 1.9469926951187495.
C:\Users\הלל\Desktop\algo projects\trading-research-factory\walk forward engine\.venv\lib\site-packages\optuna\samplers\_tpe\sampler.py:319: ExperimentalWarning: ``multivariate`` option is an experimental feature. The interface can change in the future.
  warnings.warn(
[I 2026-06-02 23:34:34,951] A new study created in memory with name: no-name-2bcfd98e-555d-4b9d-b76a-6c2c566b9f43
C:\Users\הלל\Desktop\algo projects\trading-research-factory\walk forward engine\.venv\lib\site-packages\optuna\distributions.py:700: UserWarning: The distribution is specified by [10, 20] and step=4, but the range is not divisible by `step`. It will be replaced by [10, 18].
  warnings.warn(
C:\Users\הלל\Desktop\algo projects\trading-research-factory\walk forward engine\.venv\lib\site-packages\optuna\distributions.py:700: UserWarning: The distribution is specified by [10, 20] and step=4, but the range is not divisible by `step`. It will be replaced by [10, 18].
  warnings.warn(
C:\Users\הלל\Desktop\algo projects\trading-research-factory\walk forward engine\.venv\lib\site-packages\optuna\distributions.py:700: UserWarning: The distribution is specified by [10, 20] and step=4, but the range is not divisible by `step`. It will be replaced by [10, 18].
  warnings.warn(
C:\Users\הלל\Desktop\algo projects\trading-research-factory\walk forward engine\.venv\lib\site-packages\optuna\distributions.py:700: UserWarning: The distribution is specified by [10, 20] and step=4, but the range is not divisible by `step`. It will be replaced by [10, 18].
  warnings.warn(
C:\Users\הלל\Desktop\algo projects\trading-research-factory\walk forward engine\.venv\lib\site-packages\optuna\distributions.py:700: UserWarning: The distribution is specified by [10, 20] and step=4, but the range is not divisible by `step`. It will be replaced by [10, 18].
  warnings.warn(
[I 2026-06-02 23:34:35,817] Trial 0 finished with value: 0.6906377622095996 and parameters: {'macd_fast': 16, 'macd_slow': 20, 'macd_signal': 9, 'macd_threshold': 0.0, 'atr_period': 10, 'atr_sl_multiplier': 2.0, 'hold_hours': 24, 'entry_day': 7}. Best is trial 0 with value: 0.6906377622095996.
C:\Users\הלל\Desktop\algo projects\trading-research-factory\walk forward engine\.venv\lib\site-packages\optuna\distributions.py:700: UserWarning: The distribution is specified by [10, 20] and step=4, but the range is not divisible by `step`. It will be replaced by [10, 18].
  warnings.warn(
