[I 2026-06-02 23:36:44,954] Trial 10 finished with value: -1.123102430681996 and parameters: {'macd_fast': 12, 'macd_slow': 32, 'macd_signal': 7, 'macd_threshold': -0.5, 'atr_period': 18, 'atr_sl_multiplier': 2.5, 'hold_hours': 48, 'entry_day': 1}. Best is trial 5 with value: 1.4263744888225125.
[I 2026-06-02 23:36:45,178] Trial 11 finished with value: -1.8862006817665415 and parameters: {'macd_fast': 12, 'macd_slow': 20, 'macd_signal': 7, 'macd_threshold': -0.5, 'atr_period': 10, 'atr_sl_multiplier': 2.0, 'hold_hours': 24, 'entry_day': 6}. Best is trial 5 with value: 1.4263744888225125.
[I 2026-06-02 23:36:45,306] Trial 9 finished with value: -1.2716695631938675 and parameters: {'macd_fast': 16, 'macd_slow': 32, 'macd_signal': 9, 'macd_threshold': -0.5, 'atr_period': 10, 'atr_sl_multiplier': 2.5, 'hold_hours': 48, 'entry_day': 3}. Best is trial 5 with value: 1.4263744888225125.
[I 2026-06-02 23:36:45,343] Trial 12 finished with value: -1.856838165239417 and parameters: {'macd_fast': 12, 'macd_slow': 32, 'macd_signal': 11, 'macd_threshold': 0.0, 'atr_period': 18, 'atr_sl_multiplier': 1.5, 'hold_hours': 36, 'entry_day': 2}. Best is trial 5 with value: 1.4263744888225125.
[I 2026-06-02 23:36:45,576] Trial 13 finished with value: -1.4325790612125662 and parameters: {'macd_fast': 8, 'macd_slow': 20, 'macd_signal': 7, 'macd_threshold': 0.5, 'atr_period': 18, 'atr_sl_multiplier': 2.0, 'hold_hours': 24, 'entry_day': 5}. Best is trial 5 with value: 1.4263744888225125.
C:\Users\הלל\Desktop\algo projects\trading-research-factory\walk forward engine\.venv\lib\site-packages\optuna\distributions.py:700: UserWarning: The distribution is specified by [10, 20] and step=4, but the range is not divisible by `step`. It will be replaced by [10, 18].
  warnings.warn(
C:\Users\הלל\Desktop\algo projects\trading-research-factory\walk forward engine\.venv\lib\site-packages\optuna\distributions.py:700: UserWarning: The distribution is specified by [10, 20] and step=4, but the range is not divisible by `step`. It will be replaced by [10, 18].
  warnings.warn(
C:\Users\הלל\Desktop\algo projects\trading-research-factory\walk forward engine\.venv\lib\site-packages\optuna\distributions.py:700: UserWarning: The distribution is specified by [10, 20] and step=4, but the range is not divisible by `step`. It will be replaced by [10, 18].
  warnings.warn(
[I 2026-06-02 23:36:46,121] Trial 14 finished with value: -1.6786717728966456 and parameters: {'macd_fast': 16, 'macd_slow': 26, 'macd_signal': 11, 'macd_threshold': -0.5, 'atr_period': 10, 'atr_sl_multiplier': 1.5, 'hold_hours': 36, 'entry_day': 5}. Best is trial 5 with value: 1.4263744888225125.
C:\Users\הלל\Desktop\algo projects\trading-research-factory\walk forward engine\.venv\lib\site-packages\optuna\distributions.py:700: UserWarning: The distribution is specified by [10, 20] and step=4, but the range is not divisible by `step`. It will be replaced by [10, 18].
  warnings.warn(
C:\Users\הלל\Desktop\algo projects\trading-research-factory\walk forward engine\.venv\lib\site-packages\optuna\distributions.py:700: UserWarning: The distribution is specified by [10, 20] and step=4, but the range is not divisible by `step`. It will be replaced by [10, 18].
  warnings.warn(
C:\Users\הלל\Desktop\algo projects\trading-research-factory\walk forward engine\.venv\lib\site-packages\optuna\distributions.py:700: UserWarning: The distribution is specified by [10, 20] and step=4, but the range is not divisible by `step`. It will be replaced by [10, 18].
  warnings.warn(
[I 2026-06-02 23:36:46,644] Trial 16 finished with value: -9.6 and parameters: {'macd_fast': 8, 'macd_slow': 32, 'macd_signal': 11, 'macd_threshold': 0.0, 'atr_period': 10, 'atr_sl_multiplier': 1.5, 'hold_hours': 12, 'entry_day': 7}. Best is trial 5 with value: 1.4263744888225125.
[I 2026-06-02 23:36:46,669] Trial 15 finished with value: -3.1566005789385514 and parameters: {'macd_fast': 16, 'macd_slow': 26, 'macd_signal': 11, 'macd_threshold': -0.5, 'atr_period': 14, 'atr_sl_multiplier': 2.5, 'hold_hours': 48, 'entry_day': 4}. Best is trial 5 with value: 1.4263744888225125.
C:\Users\הלל\Desktop\algo projects\trading-research-factory\walk forward engine\.venv\lib\site-packages\optuna\distributions.py:700: UserWarning: The distribution is specified by [10, 20] and step=4, but the range is not divisible by `step`. It will be replaced by [10, 18].
  warnings.warn(
C:\Users\הלל\Desktop\algo projects\trading-research-factory\walk forward engine\.venv\lib\site-packages\optuna\distributions.py:700: UserWarning: The distribution is specified by [10, 20] and step=4, but the range is not divisible by `step`. It will be replaced by [10, 18].
  warnings.warn(
[I 2026-06-02 23:36:47,154] Trial 20 finished with value: -2.5892128193054305 and parameters: {'macd_fast': 16, 'macd_slow': 20, 'macd_signal': 11, 'macd_threshold': 0.5, 'atr_period': 18, 'atr_sl_multiplier': 2.0, 'hold_hours': 24, 'entry_day': 2}. Best is trial 5 with value: 1.4263744888225125.
[I 2026-06-02 23:36:47,457] Trial 17 finished with value: -1.170450702567304 and parameters: {'macd_fast': 16, 'macd_slow': 20, 'macd_signal': 11, 'macd_threshold': 0.5, 'atr_period': 18, 'atr_sl_multiplier': 2.0, 'hold_hours': 12, 'entry_day': 4}. Best is trial 5 with value: 1.4263744888225125.
[I 2026-06-02 23:36:47,605] Trial 19 finished with value: 1.4263744888225125 and parameters: {'macd_fast': 16, 'macd_slow': 20, 'macd_signal': 11, 'macd_threshold': 0.5, 'atr_period': 18, 'atr_sl_multiplier': 2.0, 'hold_hours': 12, 'entry_day': 3}. Best is trial 5 with value: 1.4263744888225125.
[I 2026-06-02 23:36:47,806] Trial 18 finished with value: -1.123102430681996 and parameters: {'macd_fast': 12, 'macd_slow': 32, 'macd_signal': 7, 'macd_threshold': -0.5, 'atr_period': 18, 'atr_sl_multiplier': 2.5, 'hold_hours': 48, 'entry_day': 1}. Best is trial 5 with value: 1.4263744888225125.
[I 2026-06-02 23:36:47,839] Trial 21 finished with value: -1.170450702567304 and parameters: {'macd_fast': 16, 'macd_slow': 20, 'macd_signal': 9, 'macd_threshold': 0.5, 'atr_period': 18, 'atr_sl_multiplier': 2.0, 'hold_hours': 12, 'entry_day': 4}. Best is trial 5 with value: 1.4263744888225125.
[I 2026-06-02 23:36:48,108] Trial 22 finished with value: -1.5349125420147685 and parameters: {'macd_fast': 12, 'macd_slow': 32, 'macd_signal': 7, 'macd_threshold': -0.5, 'atr_period': 18, 'atr_sl_multiplier': 2.0, 'hold_hours': 36, 'entry_day': 2}. Best is trial 5 with value: 1.4263744888225125.
[I 2026-06-02 23:36:48,211] Trial 23 finished with value: -1.2716695631938675 and parameters: {'macd_fast': 12, 'macd_slow': 32, 'macd_signal': 7, 'macd_threshold': -0.5, 'atr_period': 18, 'atr_sl_multiplier': 2.5, 'hold_hours': 48, 'entry_day': 3}. Best is trial 5 with value: 1.4263744888225125.
[I 2026-06-02 23:36:48,239] Trial 24 finished with value: -1.123102430681996 and parameters: {'macd_fast': 12, 'macd_slow': 32, 'macd_signal': 7, 'macd_threshold': 0.0, 'atr_period': 18, 'atr_sl_multiplier': 2.5, 'hold_hours': 48, 'entry_day': 1}. Best is trial 5 with value: 1.4263744888225125.
C:\Users\הלל\Desktop\algo projects\trading-research-factory\walk forward engine\.venv\lib\site-packages\optuna\samplers\_tpe\sampler.py:319: ExperimentalWarning: ``multivariate`` option is an experimental feature. The interface can change in the future.
  warnings.warn(
[I 2026-06-02 23:36:48,504] A new study created in memory with name: no-name-281f4439-83f5-43d6-be47-78d5972423d1
C:\Users\הלל\Desktop\algo projects\trading-research-factory\walk forward engine\.venv\lib\site-packages\optuna\distributions.py:700: UserWarning: The distribution is specified by [10, 20] and step=4, but the range is not divisible by `step`. It will be replaced by [10, 18].
  warnings.warn(
C:\Users\הלל\Desktop\algo projects\trading-research-factory\walk forward engine\.venv\lib\site-packages\optuna\distributions.py:700: UserWarning: The distribution is specified by [10, 20] and step=4, but the range is not divisible by `step`. It will be replaced by [10, 18].
  warnings.warn(
C:\Users\הלל\Desktop\algo projects\trading-research-factory\walk forward engine\.venv\lib\site-packages\optuna\distributions.py:700: UserWarning: The distribution is specified by [10, 20] and step=4, but the range is not divisible by `step`. It will be replaced by [10, 18].
  warnings.warn(
[I 2026-06-02 23:36:49,378] Trial 3 finished with value: -9.6 and parameters: {'macd_fast': 8, 'macd_slow': 32, 'macd_signal': 11, 'macd_threshold': 0.5, 'atr_period': 18, 'atr_sl_multiplier': 2.5, 'hold_hours': 36, 'entry_day': 3}. Best is trial 3 with value: -9.6.
[I 2026-06-02 23:36:49,446] Trial 2 finished with value: 1.0769310015344333 and parameters: {'macd_fast': 16, 'macd_slow': 20, 'macd_signal': 9, 'macd_threshold': 0.5, 'atr_period': 18, 'atr_sl_multiplier': 2.0, 'hold_hours': 36, 'entry_day': 3}. Best is trial 2 with value: 1.0769310015344333.
[I 2026-06-02 23:36:49,527] Trial 1 finished with value: -0.7700683604469575 and parameters: {'macd_fast': 12, 'macd_slow': 20, 'macd_signal': 7, 'macd_threshold': -0.5, 'atr_period': 18, 'atr_sl_multiplier': 2.0, 'hold_hours': 48, 'entry_day': 2}. Best is trial 2 with value: 1.0769310015344333.
C:\Users\הלל\Desktop\algo projects\trading-research-factory\walk forward engine\.venv\lib\site-packages\optuna\distributions.py:700: UserWarning: The distribution is specified by [10, 20] and step=4, but the range is not divisible by `step`. It will be replaced by [10, 18].
  warnings.warn(
C:\Users\הלל\Desktop\algo projects\trading-research-factory\walk forward engine\.venv\lib\site-packages\optuna\distributions.py:700: UserWarning: The distribution is specified by [10, 20] and step=4, but the range is not divisible by `step`. It will be replaced by [10, 18].
  warnings.warn(
[I 2026-06-02 23:36:49,698] Trial 4 finished with value: -9.6 and parameters: {'macd_fast': 16, 'macd_slow': 32, 'macd_signal': 7, 'macd_threshold': -0.5, 'atr_period': 10, 'atr_sl_multiplier': 2.5, 'hold_hours': 36, 'entry_day': 7}. Best is trial 2 with value: 1.0769310015344333.
[I 2026-06-02 23:36:49,751] Trial 6 finished with value: -9.6 and parameters: {'macd_fast': 12, 'macd_slow': 26, 'macd_signal': 11, 'macd_threshold': -0.5, 'atr_period': 10, 'atr_sl_multiplier': 2.0, 'hold_hours': 24, 'entry_day': 6}. Best is trial 2 with value: 1.0769310015344333.
[I 2026-06-02 23:36:49,764] Trial 0 finished with value: -9.6 and parameters: {'macd_fast': 16, 'macd_slow': 32, 'macd_signal': 11, 'macd_threshold': 0.5, 'atr_period': 18, 'atr_sl_multiplier': 2.5, 'hold_hours': 12, 'entry_day': 2}. Best is trial 2 with value: 1.0769310015344333.
C:\Users\הלל\Desktop\algo projects\trading-research-factory\walk forward engine\.venv\lib\site-packages\optuna\distributions.py:700: UserWarning: The distribution is specified by [10, 20] and step=4, but the range is not divisible by `step`. It will be replaced by [10, 18].
  warnings.warn(
[I 2026-06-02 23:36:49,824] Trial 5 finished with value: -9.6 and parameters: {'macd_fast': 16, 'macd_slow': 20, 'macd_signal': 7, 'macd_threshold': 0.0, 'atr_period': 14, 'atr_sl_multiplier': 1.5, 'hold_hours': 48, 'entry_day': 1}. Best is trial 2 with value: 1.0769310015344333.
C:\Users\הלל\Desktop\algo projects\trading-research-factory\walk forward engine\.venv\lib\site-packages\optuna\distributions.py:700: UserWarning: The distribution is specified by [10, 20] and step=4, but the range is not divisible by `step`. It will be replaced by [10, 18].
  warnings.warn(
C:\Users\הלל\Desktop\algo projects\trading-research-factory\walk forward engine\.venv\lib\site-packages\optuna\distributions.py:700: UserWarning: The distribution is specified by [10, 20] and step=4, but the range is not divisible by `step`. It will be replaced by [10, 18].
  warnings.warn(
C:\Users\הלל\Desktop\algo projects\trading-research-factory\walk forward engine\.venv\lib\site-packages\optuna\distributions.py:700: UserWarning: The distribution is specified by [10, 20] and step=4, but the range is not divisible by `step`. It will be replaced by [10, 18].
  warnings.warn(
[I 2026-06-02 23:36:50,018] Trial 7 finished with value: -9.6 and parameters: {'macd_fast': 12, 'macd_slow': 32, 'macd_signal': 11, 'macd_threshold': 0.0, 'atr_period': 14, 'atr_sl_multiplier': 1.5, 'hold_hours': 48, 'entry_day': 3}. Best is trial 2 with value: 1.0769310015344333.
C:\Users\הלל\Desktop\algo projects\trading-research-factory\walk forward engine\.venv\lib\site-packages\optuna\distributions.py:700: UserWarning: The distribution is specified by [10, 20] and step=4, but the range is not divisible by `step`. It will be replaced by [10, 18].
  warnings.warn(
[I 2026-06-02 23:36:50,648] Trial 9 finished with value: -9.6 and parameters: {'macd_fast': 12, 'macd_slow': 32, 'macd_signal': 11, 'macd_threshold': 0.5, 'atr_period': 14, 'atr_sl_multiplier': 2.5, 'hold_hours': 48, 'entry_day': 4}. Best is trial 2 with value: 1.0769310015344333.
C:\Users\הלל\Desktop\algo projects\trading-research-factory\walk forward engine\.venv\lib\site-packages\optuna\distributions.py:700: UserWarning: The distribution is specified by [10, 20] and step=4, but the range is not divisible by `step`. It will be replaced by [10, 18].
  warnings.warn(
[I 2026-06-02 23:36:50,876] Trial 12 finished with value: -9.6 and parameters: {'macd_fast': 12, 'macd_slow': 26, 'macd_signal': 11, 'macd_threshold': 0.0, 'atr_period': 14, 'atr_sl_multiplier': 1.5, 'hold_hours': 24, 'entry_day': 7}. Best is trial 2 with value: 1.0769310015344333.
[I 2026-06-02 23:36:50,882] Trial 8 finished with value: -9.6 and parameters: {'macd_fast': 16, 'macd_slow': 26, 'macd_signal': 7, 'macd_threshold': -0.5, 'atr_period': 10, 'atr_sl_multiplier': 2.5, 'hold_hours': 36, 'entry_day': 2}. Best is trial 2 with value: 1.0769310015344333.
[I 2026-06-02 23:36:50,886] Trial 10 finished with value: -0.6029340020549268 and parameters: {'macd_fast': 12, 'macd_slow': 20, 'macd_signal': 7, 'macd_threshold': -0.5, 'atr_period': 14, 'atr_sl_multiplier': 1.5, 'hold_hours': 24, 'entry_day': 6}. Best is trial 2 with value: 1.0769310015344333.
[I 2026-06-02 23:36:50,924] Trial 11 finished with value: -9.6 and parameters: {'macd_fast': 12, 'macd_slow': 20, 'macd_signal': 7, 'macd_threshold': -0.5, 'atr_period': 10, 'atr_sl_multiplier': 2.5, 'hold_hours': 48, 'entry_day': 1}. Best is trial 2 with value: 1.0769310015344333.
[I 2026-06-02 23:36:51,085] Trial 14 finished with value: -2.3789515617455783 and parameters: {'macd_fast': 12, 'macd_slow': 20, 'macd_signal': 7, 'macd_threshold': 0.0, 'atr_period': 10, 'atr_sl_multiplier': 2.0, 'hold_hours': 24, 'entry_day': 4}. Best is trial 2 with value: 1.0769310015344333.
[I 2026-06-02 23:36:51,106] Trial 13 finished with value: -9.6 and parameters: {'macd_fast': 16, 'macd_slow': 20, 'macd_signal': 9, 'macd_threshold': 0.5, 'atr_period': 10, 'atr_sl_multiplier': 1.5, 'hold_hours': 48, 'entry_day': 1}. Best is trial 2 with value: 1.0769310015344333.
C:\Users\הלל\Desktop\algo projects\trading-research-factory\walk forward engine\.venv\lib\site-packages\optuna\distributions.py:700: UserWarning: The distribution is specified by [10, 20] and step=4, but the range is not divisible by `step`. It will be replaced by [10, 18].
  warnings.warn(
C:\Users\הלל\Desktop\algo projects\trading-research-factory\walk forward engine\.venv\lib\site-packages\optuna\distributions.py:700: UserWarning: The distribution is specified by [10, 20] and step=4, but the range is not divisible by `step`. It will be replaced by [10, 18].
  warnings.warn(
[I 2026-06-02 23:36:51,491] Trial 15 finished with value: -0.41064064848614434 and parameters: {'macd_fast': 16, 'macd_slow': 26, 'macd_signal': 7, 'macd_threshold': 0.5, 'atr_period': 14, 'atr_sl_multiplier': 1.5, 'hold_hours': 24, 'entry_day': 6}. Best is trial 2 with value: 1.0769310015344333.
C:\Users\הלל\Desktop\algo projects\trading-research-factory\walk forward engine\.venv\lib\site-packages\optuna\distributions.py:700: UserWarning: The distribution is specified by [10, 20] and step=4, but the range is not divisible by `step`. It will be replaced by [10, 18].
  warnings.warn(
C:\Users\הלל\Desktop\algo projects\trading-research-factory\walk forward engine\.venv\lib\site-packages\optuna\distributions.py:700: UserWarning: The distribution is specified by [10, 20] and step=4, but the range is not divisible by `step`. It will be replaced by [10, 18].
  warnings.warn(
C:\Users\הלל\Desktop\algo projects\trading-research-factory\walk forward engine\.venv\lib\site-packages\optuna\distributions.py:700: UserWarning: The distribution is specified by [10, 20] and step=4, but the range is not divisible by `step`. It will be replaced by [10, 18].
  warnings.warn(
C:\Users\הלל\Desktop\algo projects\trading-research-factory\walk forward engine\.venv\lib\site-packages\optuna\distributions.py:700: UserWarning: The distribution is specified by [10, 20] and step=4, but the range is not divisible by `step`. It will be replaced by [10, 18].
  warnings.warn(
C:\Users\הלל\Desktop\algo projects\trading-research-factory\walk forward engine\.venv\lib\site-packages\optuna\distributions.py:700: UserWarning: The distribution is specified by [10, 20] and step=4, but the range is not divisible by `step`. It will be replaced by [10, 18].
  warnings.warn(
[I 2026-06-02 23:36:52,295] Trial 16 finished with value: -9.7 and parameters: {'macd_fast': 8, 'macd_slow': 32, 'macd_signal': 7, 'macd_threshold': -0.5, 'atr_period': 14, 'atr_sl_multiplier': 2.0, 'hold_hours': 12, 'entry_day': 1}. Best is trial 2 with value: 1.0769310015344333.
C:\Users\הלל\Desktop\algo projects\trading-research-factory\walk forward engine\.venv\lib\site-packages\optuna\distributions.py:700: UserWarning: The distribution is specified by [10, 20] and step=4, but the range is not divisible by `step`. It will be replaced by [10, 18].
  warnings.warn(
[I 2026-06-02 23:36:52,711] Trial 17 finished with value: -2.3789515617455783 and parameters: {'macd_fast': 8, 'macd_slow': 20, 'macd_signal': 7, 'macd_threshold': -0.5, 'atr_period': 14, 'atr_sl_multiplier': 1.5, 'hold_hours': 24, 'entry_day': 4}. Best is trial 2 with value: 1.0769310015344333.
[I 2026-06-02 23:36:52,923] Trial 20 finished with value: -2.8173506175866394 and parameters: {'macd_fast': 16, 'macd_slow': 20, 'macd_signal': 9, 'macd_threshold': 0.5, 'atr_period': 14, 'atr_sl_multiplier': 2.0, 'hold_hours': 36, 'entry_day': 4}. Best is trial 2 with value: 1.0769310015344333.
[I 2026-06-02 23:36:53,124] Trial 19 finished with value: -2.464605007369065 and parameters: {'macd_fast': 16, 'macd_slow': 20, 'macd_signal': 9, 'macd_threshold': 0.5, 'atr_period': 18, 'atr_sl_multiplier': 2.0, 'hold_hours': 24, 'entry_day': 4}. Best is trial 2 with value: 1.0769310015344333.
[I 2026-06-02 23:36:53,186] Trial 23 finished with value: -2.2888151264035637 and parameters: {'macd_fast': 16, 'macd_slow': 20, 'macd_signal': 9, 'macd_threshold': 0.5, 'atr_period': 18, 'atr_sl_multiplier': 2.0, 'hold_hours': 24, 'entry_day': 2}. Best is trial 2 with value: 1.0769310015344333.
[I 2026-06-02 23:36:53,192] Trial 18 finished with value: 1.3605590670466172 and parameters: {'macd_fast': 12, 'macd_slow': 20, 'macd_signal': 7, 'macd_threshold': 0.0, 'atr_period': 18, 'atr_sl_multiplier': 1.5, 'hold_hours': 36, 'entry_day': 6}. Best is trial 18 with value: 1.3605590670466172.
[I 2026-06-02 23:36:53,264] Trial 22 finished with value: -9.6 and parameters: {'macd_fast': 16, 'macd_slow': 20, 'macd_signal': 11, 'macd_threshold': 0.5, 'atr_period': 18, 'atr_sl_multiplier': 2.0, 'hold_hours': 36, 'entry_day': 1}. Best is trial 18 with value: 1.3605590670466172.
[I 2026-06-02 23:36:53,272] Trial 21 finished with value: -1.6275982167616643 and parameters: {'macd_fast': 12, 'macd_slow': 20, 'macd_signal': 7, 'macd_threshold': -0.5, 'atr_period': 14, 'atr_sl_multiplier': 1.5, 'hold_hours': 12, 'entry_day': 6}. Best is trial 18 with value: 1.3605590670466172.
