[I 2026-06-02 23:33:10,514] Trial 24 finished with value: -0.5917994546406955 and parameters: {'macd_fast': 8, 'macd_slow': 20, 'macd_signal': 7, 'macd_threshold': -0.5, 'atr_period': 10, 'atr_sl_multiplier': 1.5, 'hold_hours': 24, 'entry_day': 1}. Best is trial 8 with value: 1.480468817946955.
C:\Users\הלל\Desktop\algo projects\trading-research-factory\walk forward engine\.venv\lib\site-packages\optuna\samplers\_tpe\sampler.py:319: ExperimentalWarning: ``multivariate`` option is an experimental feature. The interface can change in the future.
  warnings.warn(
[I 2026-06-02 23:33:11,084] A new study created in memory with name: no-name-21d7cd07-c7e2-4014-9d8d-21b73ee80790
C:\Users\הלל\Desktop\algo projects\trading-research-factory\walk forward engine\.venv\lib\site-packages\optuna\distributions.py:700: UserWarning: The distribution is specified by [10, 20] and step=4, but the range is not divisible by `step`. It will be replaced by [10, 18].
  warnings.warn(
C:\Users\הלל\Desktop\algo projects\trading-research-factory\walk forward engine\.venv\lib\site-packages\optuna\distributions.py:700: UserWarning: The distribution is specified by [10, 20] and step=4, but the range is not divisible by `step`. It will be replaced by [10, 18].
  warnings.warn(
C:\Users\הלל\Desktop\algo projects\trading-research-factory\walk forward engine\.venv\lib\site-packages\optuna\distributions.py:700: UserWarning: The distribution is specified by [10, 20] and step=4, but the range is not divisible by `step`. It will be replaced by [10, 18].
  warnings.warn(
C:\Users\הלל\Desktop\algo projects\trading-research-factory\walk forward engine\.venv\lib\site-packages\optuna\distributions.py:700: UserWarning: The distribution is specified by [10, 20] and step=4, but the range is not divisible by `step`. It will be replaced by [10, 18].
  warnings.warn(
C:\Users\הלל\Desktop\algo projects\trading-research-factory\walk forward engine\.venv\lib\site-packages\optuna\distributions.py:700: UserWarning: The distribution is specified by [10, 20] and step=4, but the range is not divisible by `step`. It will be replaced by [10, 18].
  warnings.warn(
[I 2026-06-02 23:33:12,827] Trial 1 finished with value: -9.9 and parameters: {'macd_fast': 8, 'macd_slow': 32, 'macd_signal': 9, 'macd_threshold': 0.5, 'atr_period': 14, 'atr_sl_multiplier': 1.5, 'hold_hours': 36, 'entry_day': 3}. Best is trial 1 with value: -9.9.
C:\Users\הלל\Desktop\algo projects\trading-research-factory\walk forward engine\.venv\lib\site-packages\optuna\distributions.py:700: UserWarning: The distribution is specified by [10, 20] and step=4, but the range is not divisible by `step`. It will be replaced by [10, 18].
  warnings.warn(
[I 2026-06-02 23:33:13,372] Trial 0 finished with value: -9.6 and parameters: {'macd_fast': 8, 'macd_slow': 26, 'macd_signal': 11, 'macd_threshold': -0.5, 'atr_period': 14, 'atr_sl_multiplier': 2.0, 'hold_hours': 12, 'entry_day': 4}. Best is trial 0 with value: -9.6.
C:\Users\הלל\Desktop\algo projects\trading-research-factory\walk forward engine\.venv\lib\site-packages\optuna\distributions.py:700: UserWarning: The distribution is specified by [10, 20] and step=4, but the range is not divisible by `step`. It will be replaced by [10, 18].
  warnings.warn(
[I 2026-06-02 23:33:13,779] Trial 7 finished with value: -9.7 and parameters: {'macd_fast': 8, 'macd_slow': 20, 'macd_signal': 7, 'macd_threshold': 0.5, 'atr_period': 18, 'atr_sl_multiplier': 2.5, 'hold_hours': 48, 'entry_day': 1}. Best is trial 0 with value: -9.6.
[I 2026-06-02 23:33:13,789] Trial 6 finished with value: -9.7 and parameters: {'macd_fast': 12, 'macd_slow': 20, 'macd_signal': 7, 'macd_threshold': -0.5, 'atr_period': 14, 'atr_sl_multiplier': 2.0, 'hold_hours': 12, 'entry_day': 3}. Best is trial 0 with value: -9.6.
C:\Users\הלל\Desktop\algo projects\trading-research-factory\walk forward engine\.venv\lib\site-packages\optuna\distributions.py:700: UserWarning: The distribution is specified by [10, 20] and step=4, but the range is not divisible by `step`. It will be replaced by [10, 18].
  warnings.warn(
[I 2026-06-02 23:33:13,982] Trial 3 finished with value: -9.7 and parameters: {'macd_fast': 8, 'macd_slow': 20, 'macd_signal': 7, 'macd_threshold': 0.0, 'atr_period': 18, 'atr_sl_multiplier': 2.0, 'hold_hours': 24, 'entry_day': 1}. Best is trial 0 with value: -9.6.
[I 2026-06-02 23:33:14,076] Trial 2 finished with value: -9.6 and parameters: {'macd_fast': 12, 'macd_slow': 32, 'macd_signal': 11, 'macd_threshold': 0.0, 'atr_period': 10, 'atr_sl_multiplier': 1.5, 'hold_hours': 24, 'entry_day': 1}. Best is trial 0 with value: -9.6.
C:\Users\הלל\Desktop\algo projects\trading-research-factory\walk forward engine\.venv\lib\site-packages\optuna\distributions.py:700: UserWarning: The distribution is specified by [10, 20] and step=4, but the range is not divisible by `step`. It will be replaced by [10, 18].
  warnings.warn(
[I 2026-06-02 23:33:14,495] Trial 4 finished with value: -9.6 and parameters: {'macd_fast': 16, 'macd_slow': 26, 'macd_signal': 9, 'macd_threshold': 0.5, 'atr_period': 10, 'atr_sl_multiplier': 2.5, 'hold_hours': 36, 'entry_day': 4}. Best is trial 0 with value: -9.6.
[I 2026-06-02 23:33:14,607] Trial 5 finished with value: -9.6 and parameters: {'macd_fast': 12, 'macd_slow': 20, 'macd_signal': 7, 'macd_threshold': -0.5, 'atr_period': 18, 'atr_sl_multiplier': 2.0, 'hold_hours': 48, 'entry_day': 5}. Best is trial 0 with value: -9.6.
C:\Users\הלל\Desktop\algo projects\trading-research-factory\walk forward engine\.venv\lib\site-packages\optuna\distributions.py:700: UserWarning: The distribution is specified by [10, 20] and step=4, but the range is not divisible by `step`. It will be replaced by [10, 18].
  warnings.warn(
[I 2026-06-02 23:33:14,991] Trial 8 finished with value: -1.3994157140467085 and parameters: {'macd_fast': 16, 'macd_slow': 20, 'macd_signal': 11, 'macd_threshold': 0.0, 'atr_period': 10, 'atr_sl_multiplier': 2.5, 'hold_hours': 24, 'entry_day': 6}. Best is trial 8 with value: -1.3994157140467085.
C:\Users\הלל\Desktop\algo projects\trading-research-factory\walk forward engine\.venv\lib\site-packages\optuna\distributions.py:700: UserWarning: The distribution is specified by [10, 20] and step=4, but the range is not divisible by `step`. It will be replaced by [10, 18].
  warnings.warn(
[I 2026-06-02 23:33:15,370] Trial 9 finished with value: -9.7 and parameters: {'macd_fast': 8, 'macd_slow': 26, 'macd_signal': 7, 'macd_threshold': 0.5, 'atr_period': 10, 'atr_sl_multiplier': 2.5, 'hold_hours': 48, 'entry_day': 5}. Best is trial 8 with value: -1.3994157140467085.
[I 2026-06-02 23:33:15,554] Trial 10 finished with value: -9.6 and parameters: {'macd_fast': 12, 'macd_slow': 26, 'macd_signal': 9, 'macd_threshold': -0.5, 'atr_period': 14, 'atr_sl_multiplier': 1.5, 'hold_hours': 48, 'entry_day': 4}. Best is trial 8 with value: -1.3994157140467085.
[I 2026-06-02 23:33:15,567] Trial 13 finished with value: -9.7 and parameters: {'macd_fast': 8, 'macd_slow': 26, 'macd_signal': 9, 'macd_threshold': 0.5, 'atr_period': 14, 'atr_sl_multiplier': 2.5, 'hold_hours': 48, 'entry_day': 2}. Best is trial 8 with value: -1.3994157140467085.
C:\Users\הלל\Desktop\algo projects\trading-research-factory\walk forward engine\.venv\lib\site-packages\optuna\distributions.py:700: UserWarning: The distribution is specified by [10, 20] and step=4, but the range is not divisible by `step`. It will be replaced by [10, 18].
  warnings.warn(
[I 2026-06-02 23:33:16,202] Trial 11 finished with value: -9.6 and parameters: {'macd_fast': 16, 'macd_slow': 26, 'macd_signal': 9, 'macd_threshold': -0.5, 'atr_period': 18, 'atr_sl_multiplier': 1.5, 'hold_hours': 24, 'entry_day': 6}. Best is trial 8 with value: -1.3994157140467085.
[I 2026-06-02 23:33:16,365] Trial 12 finished with value: -9.7 and parameters: {'macd_fast': 8, 'macd_slow': 26, 'macd_signal': 11, 'macd_threshold': -0.5, 'atr_period': 14, 'atr_sl_multiplier': 2.0, 'hold_hours': 48, 'entry_day': 3}. Best is trial 8 with value: -1.3994157140467085.
[I 2026-06-02 23:33:16,656] Trial 15 finished with value: -9.6 and parameters: {'macd_fast': 8, 'macd_slow': 20, 'macd_signal': 9, 'macd_threshold': -0.5, 'atr_period': 18, 'atr_sl_multiplier': 2.5, 'hold_hours': 48, 'entry_day': 4}. Best is trial 8 with value: -1.3994157140467085.
C:\Users\הלל\Desktop\algo projects\trading-research-factory\walk forward engine\.venv\lib\site-packages\optuna\distributions.py:700: UserWarning: The distribution is specified by [10, 20] and step=4, but the range is not divisible by `step`. It will be replaced by [10, 18].
  warnings.warn(
[I 2026-06-02 23:33:16,964] Trial 16 finished with value: -9.6 and parameters: {'macd_fast': 8, 'macd_slow': 26, 'macd_signal': 9, 'macd_threshold': 0.5, 'atr_period': 14, 'atr_sl_multiplier': 2.0, 'hold_hours': 12, 'entry_day': 7}. Best is trial 8 with value: -1.3994157140467085.
C:\Users\הלל\Desktop\algo projects\trading-research-factory\walk forward engine\.venv\lib\site-packages\optuna\distributions.py:700: UserWarning: The distribution is specified by [10, 20] and step=4, but the range is not divisible by `step`. It will be replaced by [10, 18].
  warnings.warn(
[I 2026-06-02 23:33:17,357] Trial 14 finished with value: -9.6 and parameters: {'macd_fast': 8, 'macd_slow': 26, 'macd_signal': 11, 'macd_threshold': -0.5, 'atr_period': 10, 'atr_sl_multiplier': 2.0, 'hold_hours': 24, 'entry_day': 7}. Best is trial 8 with value: -1.3994157140467085.
C:\Users\הלל\Desktop\algo projects\trading-research-factory\walk forward engine\.venv\lib\site-packages\optuna\distributions.py:700: UserWarning: The distribution is specified by [10, 20] and step=4, but the range is not divisible by `step`. It will be replaced by [10, 18].
  warnings.warn(
C:\Users\הלל\Desktop\algo projects\trading-research-factory\walk forward engine\.venv\lib\site-packages\optuna\distributions.py:700: UserWarning: The distribution is specified by [10, 20] and step=4, but the range is not divisible by `step`. It will be replaced by [10, 18].
  warnings.warn(
C:\Users\הלל\Desktop\algo projects\trading-research-factory\walk forward engine\.venv\lib\site-packages\optuna\distributions.py:700: UserWarning: The distribution is specified by [10, 20] and step=4, but the range is not divisible by `step`. It will be replaced by [10, 18].
  warnings.warn(
C:\Users\הלל\Desktop\algo projects\trading-research-factory\walk forward engine\.venv\lib\site-packages\optuna\distributions.py:700: UserWarning: The distribution is specified by [10, 20] and step=4, but the range is not divisible by `step`. It will be replaced by [10, 18].
  warnings.warn(
C:\Users\הלל\Desktop\algo projects\trading-research-factory\walk forward engine\.venv\lib\site-packages\optuna\distributions.py:700: UserWarning: The distribution is specified by [10, 20] and step=4, but the range is not divisible by `step`. It will be replaced by [10, 18].
  warnings.warn(
[I 2026-06-02 23:33:18,423] Trial 17 finished with value: 0.5660241520352288 and parameters: {'macd_fast': 12, 'macd_slow': 20, 'macd_signal': 11, 'macd_threshold': 0.5, 'atr_period': 10, 'atr_sl_multiplier': 2.0, 'hold_hours': 24, 'entry_day': 7}. Best is trial 17 with value: 0.5660241520352288.
[I 2026-06-02 23:33:18,742] Trial 18 finished with value: -1.3994157140467085 and parameters: {'macd_fast': 16, 'macd_slow': 20, 'macd_signal': 11, 'macd_threshold': 0.0, 'atr_period': 14, 'atr_sl_multiplier': 2.5, 'hold_hours': 24, 'entry_day': 6}. Best is trial 17 with value: 0.5660241520352288.
[I 2026-06-02 23:33:18,785] Trial 19 finished with value: -3.737099721335675 and parameters: {'macd_fast': 16, 'macd_slow': 20, 'macd_signal': 11, 'macd_threshold': 0.0, 'atr_period': 10, 'atr_sl_multiplier': 2.5, 'hold_hours': 12, 'entry_day': 6}. Best is trial 17 with value: 0.5660241520352288.
[I 2026-06-02 23:33:18,976] Trial 20 finished with value: -9.7 and parameters: {'macd_fast': 8, 'macd_slow': 26, 'macd_signal': 11, 'macd_threshold': -0.5, 'atr_period': 18, 'atr_sl_multiplier': 2.0, 'hold_hours': 12, 'entry_day': 3}. Best is trial 17 with value: 0.5660241520352288.
[I 2026-06-02 23:33:19,007] Trial 21 finished with value: -9.6 and parameters: {'macd_fast': 8, 'macd_slow': 26, 'macd_signal': 11, 'macd_threshold': -0.5, 'atr_period': 14, 'atr_sl_multiplier': 2.0, 'hold_hours': 12, 'entry_day': 4}. Best is trial 17 with value: 0.5660241520352288.
[I 2026-06-02 23:33:19,183] Trial 22 finished with value: 0.5660241520352288 and parameters: {'macd_fast': 16, 'macd_slow': 20, 'macd_signal': 11, 'macd_threshold': -0.5, 'atr_period': 10, 'atr_sl_multiplier': 2.0, 'hold_hours': 24, 'entry_day': 7}. Best is trial 17 with value: 0.5660241520352288.
[I 2026-06-02 23:33:19,362] Trial 23 finished with value: -1.3994157140467085 and parameters: {'macd_fast': 16, 'macd_slow': 20, 'macd_signal': 11, 'macd_threshold': 0.0, 'atr_period': 10, 'atr_sl_multiplier': 2.5, 'hold_hours': 24, 'entry_day': 6}. Best is trial 17 with value: 0.5660241520352288.
[I 2026-06-02 23:33:19,418] Trial 24 finished with value: -9.7 and parameters: {'macd_fast': 8, 'macd_slow': 32, 'macd_signal': 9, 'macd_threshold': -0.5, 'atr_period': 14, 'atr_sl_multiplier': 2.0, 'hold_hours': 12, 'entry_day': 4}. Best is trial 17 with value: 0.5660241520352288.
C:\Users\הלל\Desktop\algo projects\trading-research-factory\walk forward engine\.venv\lib\site-packages\optuna\samplers\_tpe\sampler.py:319: ExperimentalWarning: ``multivariate`` option is an experimental feature. The interface can change in the future.
  warnings.warn(
[I 2026-06-02 23:33:19,836] A new study created in memory with name: no-name-af58be43-70ef-40ec-b9f0-cab081deae5e
C:\Users\הלל\Desktop\algo projects\trading-research-factory\walk forward engine\.venv\lib\site-packages\optuna\distributions.py:700: UserWarning: The distribution is specified by [10, 20] and step=4, but the range is not divisible by `step`. It will be replaced by [10, 18].
  warnings.warn(
C:\Users\הלל\Desktop\algo projects\trading-research-factory\walk forward engine\.venv\lib\site-packages\optuna\distributions.py:700: UserWarning: The distribution is specified by [10, 20] and step=4, but the range is not divisible by `step`. It will be replaced by [10, 18].
  warnings.warn(
C:\Users\הלל\Desktop\algo projects\trading-research-factory\walk forward engine\.venv\lib\site-packages\optuna\distributions.py:700: UserWarning: The distribution is specified by [10, 20] and step=4, but the range is not divisible by `step`. It will be replaced by [10, 18].
  warnings.warn(
C:\Users\הלל\Desktop\algo projects\trading-research-factory\walk forward engine\.venv\lib\site-packages\optuna\distributions.py:700: UserWarning: The distribution is specified by [10, 20] and step=4, but the range is not divisible by `step`. It will be replaced by [10, 18].
  warnings.warn(
C:\Users\הלל\Desktop\algo projects\trading-research-factory\walk forward engine\.venv\lib\site-packages\optuna\distributions.py:700: UserWarning: The distribution is specified by [10, 20] and step=4, but the range is not divisible by `step`. It will be replaced by [10, 18].
  warnings.warn(
C:\Users\הלל\Desktop\algo projects\trading-research-factory\walk forward engine\.venv\lib\site-packages\optuna\distributions.py:700: UserWarning: The distribution is specified by [10, 20] and step=4, but the range is not divisible by `step`. It will be replaced by [10, 18].
  warnings.warn(
[I 2026-06-02 23:33:20,693] Trial 0 finished with value: -10.0 and parameters: {'macd_fast': 8, 'macd_slow': 32, 'macd_signal': 11, 'macd_threshold': -0.5, 'atr_period': 18, 'atr_sl_multiplier': 2.5, 'hold_hours': 12, 'entry_day': 3}. Best is trial 0 with value: -10.0.
C:\Users\הלל\Desktop\algo projects\trading-research-factory\walk forward engine\.venv\lib\site-packages\optuna\distributions.py:700: UserWarning: The distribution is specified by [10, 20] and step=4, but the range is not divisible by `step`. It will be replaced by [10, 18].
  warnings.warn(
[I 2026-06-02 23:33:21,252] Trial 4 finished with value: -9.8 and parameters: {'macd_fast': 12, 'macd_slow': 20, 'macd_signal': 9, 'macd_threshold': -0.5, 'atr_period': 18, 'atr_sl_multiplier': 1.5, 'hold_hours': 12, 'entry_day': 3}. Best is trial 4 with value: -9.8.
C:\Users\הלל\Desktop\algo projects\trading-research-factory\walk forward engine\.venv\lib\site-packages\optuna\distributions.py:700: UserWarning: The distribution is specified by [10, 20] and step=4, but the range is not divisible by `step`. It will be replaced by [10, 18].
  warnings.warn(
[I 2026-06-02 23:33:21,421] Trial 3 finished with value: -9.7 and parameters: {'macd_fast': 16, 'macd_slow': 20, 'macd_signal': 9, 'macd_threshold': -0.5, 'atr_period': 14, 'atr_sl_multiplier': 2.0, 'hold_hours': 36, 'entry_day': 1}. Best is trial 3 with value: -9.7.
[I 2026-06-02 23:33:21,425] Trial 2 finished with value: -9.8 and parameters: {'macd_fast': 12, 'macd_slow': 26, 'macd_signal': 11, 'macd_threshold': 0.0, 'atr_period': 18, 'atr_sl_multiplier': 2.5, 'hold_hours': 12, 'entry_day': 4}. Best is trial 3 with value: -9.7.
[I 2026-06-02 23:33:21,571] Trial 1 finished with value: -9.9 and parameters: {'macd_fast': 12, 'macd_slow': 32, 'macd_signal': 11, 'macd_threshold': -0.5, 'atr_period': 14, 'atr_sl_multiplier': 1.5, 'hold_hours': 24, 'entry_day': 7}. Best is trial 3 with value: -9.7.
C:\Users\הלל\Desktop\algo projects\trading-research-factory\walk forward engine\.venv\lib\site-packages\optuna\distributions.py:700: UserWarning: The distribution is specified by [10, 20] and step=4, but the range is not divisible by `step`. It will be replaced by [10, 18].
  warnings.warn(
C:\Users\הלל\Desktop\algo projects\trading-research-factory\walk forward engine\.venv\lib\site-packages\optuna\distributions.py:700: UserWarning: The distribution is specified by [10, 20] and step=4, but the range is not divisible by `step`. It will be replaced by [10, 18].
  warnings.warn(
[I 2026-06-02 23:33:21,652] Trial 6 finished with value: -10.0 and parameters: {'macd_fast': 12, 'macd_slow': 32, 'macd_signal': 11, 'macd_threshold': -0.5, 'atr_period': 10, 'atr_sl_multiplier': 2.5, 'hold_hours': 36, 'entry_day': 3}. Best is trial 3 with value: -9.7.
C:\Users\הלל\Desktop\algo projects\trading-research-factory\walk forward engine\.venv\lib\site-packages\optuna\distributions.py:700: UserWarning: The distribution is specified by [10, 20] and step=4, but the range is not divisible by `step`. It will be replaced by [10, 18].
  warnings.warn(
[I 2026-06-02 23:33:21,733] Trial 7 finished with value: -9.7 and parameters: {'macd_fast': 16, 'macd_slow': 20, 'macd_signal': 7, 'macd_threshold': -0.5, 'atr_period': 18, 'atr_sl_multiplier': 1.5, 'hold_hours': 48, 'entry_day': 5}. Best is trial 3 with value: -9.7.
C:\Users\הלל\Desktop\algo projects\trading-research-factory\walk forward engine\.venv\lib\site-packages\optuna\distributions.py:700: UserWarning: The distribution is specified by [10, 20] and step=4, but the range is not divisible by `step`. It will be replaced by [10, 18].
  warnings.warn(
C:\Users\הלל\Desktop\algo projects\trading-research-factory\walk forward engine\.venv\lib\site-packages\optuna\distributions.py:700: UserWarning: The distribution is specified by [10, 20] and step=4, but the range is not divisible by `step`. It will be replaced by [10, 18].
  warnings.warn(
[I 2026-06-02 23:33:21,800] Trial 5 finished with value: -9.6 and parameters: {'macd_fast': 12, 'macd_slow': 20, 'macd_signal': 9, 'macd_threshold': -0.5, 'atr_period': 10, 'atr_sl_multiplier': 2.0, 'hold_hours': 24, 'entry_day': 4}. Best is trial 5 with value: -9.6.
C:\Users\הלל\Desktop\algo projects\trading-research-factory\walk forward engine\.venv\lib\site-packages\optuna\distributions.py:700: UserWarning: The distribution is specified by [10, 20] and step=4, but the range is not divisible by `step`. It will be replaced by [10, 18].
  warnings.warn(
[I 2026-06-02 23:33:22,851] Trial 9 finished with value: -10.0 and parameters: {'macd_fast': 12, 'macd_slow': 32, 'macd_signal': 9, 'macd_threshold': -0.5, 'atr_period': 14, 'atr_sl_multiplier': 1.5, 'hold_hours': 48, 'entry_day': 3}. Best is trial 5 with value: -9.6.
[I 2026-06-02 23:33:22,968] Trial 8 finished with value: -9.6 and parameters: {'macd_fast': 8, 'macd_slow': 20, 'macd_signal': 7, 'macd_threshold': -0.5, 'atr_period': 18, 'atr_sl_multiplier': 1.5, 'hold_hours': 36, 'entry_day': 4}. Best is trial 5 with value: -9.6.
[I 2026-06-02 23:33:23,446] Trial 10 finished with value: -9.7 and parameters: {'macd_fast': 12, 'macd_slow': 20, 'macd_signal': 11, 'macd_threshold': 0.5, 'atr_period': 18, 'atr_sl_multiplier': 2.5, 'hold_hours': 24, 'entry_day': 7}. Best is trial 5 with value: -9.6.
C:\Users\הלל\Desktop\algo projects\trading-research-factory\walk forward engine\.venv\lib\site-packages\optuna\distributions.py:700: UserWarning: The distribution is specified by [10, 20] and step=4, but the range is not divisible by `step`. It will be replaced by [10, 18].
  warnings.warn(
[I 2026-06-02 23:33:23,774] Trial 11 finished with value: -9.8 and parameters: {'macd_fast': 16, 'macd_slow': 26, 'macd_signal': 9, 'macd_threshold': -0.5, 'atr_period': 14, 'atr_sl_multiplier': 1.5, 'hold_hours': 12, 'entry_day': 6}. Best is trial 5 with value: -9.6.
[I 2026-06-02 23:33:23,802] Trial 12 finished with value: -9.9 and parameters: {'macd_fast': 8, 'macd_slow': 32, 'macd_signal': 9, 'macd_threshold': 0.5, 'atr_period': 14, 'atr_sl_multiplier': 2.0, 'hold_hours': 48, 'entry_day': 5}. Best is trial 5 with value: -9.6.
C:\Users\הלל\Desktop\algo projects\trading-research-factory\walk forward engine\.venv\lib\site-packages\optuna\distributions.py:700: UserWarning: The distribution is specified by [10, 20] and step=4, but the range is not divisible by `step`. It will be replaced by [10, 18].
  warnings.warn(
