[I 2026-06-02 23:36:14,117] Trial 16 finished with value: -0.7494354226226287 and parameters: {'macd_fast': 8, 'macd_slow': 32, 'macd_signal': 9, 'macd_threshold': -0.5, 'atr_period': 14, 'atr_sl_multiplier': 2.5, 'hold_hours': 12, 'entry_day': 1}. Best is trial 5 with value: 1.8764595360943972.
C:\Users\הלל\Desktop\algo projects\trading-research-factory\walk forward engine\.venv\lib\site-packages\optuna\distributions.py:700: UserWarning: The distribution is specified by [10, 20] and step=4, but the range is not divisible by `step`. It will be replaced by [10, 18].
  warnings.warn(
C:\Users\הלל\Desktop\algo projects\trading-research-factory\walk forward engine\.venv\lib\site-packages\optuna\distributions.py:700: UserWarning: The distribution is specified by [10, 20] and step=4, but the range is not divisible by `step`. It will be replaced by [10, 18].
  warnings.warn(
C:\Users\הלל\Desktop\algo projects\trading-research-factory\walk forward engine\.venv\lib\site-packages\optuna\distributions.py:700: UserWarning: The distribution is specified by [10, 20] and step=4, but the range is not divisible by `step`. It will be replaced by [10, 18].
  warnings.warn(
[I 2026-06-02 23:36:14,716] Trial 17 finished with value: 1.8764595360943972 and parameters: {'macd_fast': 16, 'macd_slow': 20, 'macd_signal': 7, 'macd_threshold': 0.0, 'atr_period': 18, 'atr_sl_multiplier': 1.5, 'hold_hours': 24, 'entry_day': 7}. Best is trial 5 with value: 1.8764595360943972.
[I 2026-06-02 23:36:14,879] Trial 18 finished with value: -9.7 and parameters: {'macd_fast': 12, 'macd_slow': 20, 'macd_signal': 7, 'macd_threshold': 0.0, 'atr_period': 18, 'atr_sl_multiplier': 1.5, 'hold_hours': 24, 'entry_day': 5}. Best is trial 5 with value: 1.8764595360943972.
[I 2026-06-02 23:36:15,131] Trial 20 finished with value: 1.8764595360943972 and parameters: {'macd_fast': 16, 'macd_slow': 20, 'macd_signal': 7, 'macd_threshold': 0.0, 'atr_period': 18, 'atr_sl_multiplier': 1.5, 'hold_hours': 24, 'entry_day': 7}. Best is trial 5 with value: 1.8764595360943972.
[I 2026-06-02 23:36:15,165] Trial 21 finished with value: 1.8764595360943972 and parameters: {'macd_fast': 16, 'macd_slow': 20, 'macd_signal': 7, 'macd_threshold': 0.5, 'atr_period': 18, 'atr_sl_multiplier': 2.0, 'hold_hours': 24, 'entry_day': 7}. Best is trial 5 with value: 1.8764595360943972.
[I 2026-06-02 23:36:15,168] Trial 19 finished with value: 1.3547633257645886 and parameters: {'macd_fast': 16, 'macd_slow': 20, 'macd_signal': 7, 'macd_threshold': 0.0, 'atr_period': 18, 'atr_sl_multiplier': 2.0, 'hold_hours': 36, 'entry_day': 7}. Best is trial 5 with value: 1.8764595360943972.
[I 2026-06-02 23:36:15,287] Trial 23 finished with value: 1.8764595360943972 and parameters: {'macd_fast': 16, 'macd_slow': 20, 'macd_signal': 7, 'macd_threshold': -0.5, 'atr_period': 18, 'atr_sl_multiplier': 1.5, 'hold_hours': 24, 'entry_day': 7}. Best is trial 5 with value: 1.8764595360943972.
[I 2026-06-02 23:36:15,389] Trial 22 finished with value: 0.16903565085213873 and parameters: {'macd_fast': 16, 'macd_slow': 20, 'macd_signal': 7, 'macd_threshold': 0.5, 'atr_period': 18, 'atr_sl_multiplier': 1.5, 'hold_hours': 24, 'entry_day': 6}. Best is trial 5 with value: 1.8764595360943972.
[I 2026-06-02 23:36:15,429] Trial 24 finished with value: 1.8764595360943972 and parameters: {'macd_fast': 16, 'macd_slow': 20, 'macd_signal': 7, 'macd_threshold': 0.0, 'atr_period': 18, 'atr_sl_multiplier': 2.0, 'hold_hours': 24, 'entry_day': 7}. Best is trial 5 with value: 1.8764595360943972.
C:\Users\הלל\Desktop\algo projects\trading-research-factory\walk forward engine\.venv\lib\site-packages\optuna\samplers\_tpe\sampler.py:319: ExperimentalWarning: ``multivariate`` option is an experimental feature. The interface can change in the future.
  warnings.warn(
[I 2026-06-02 23:36:15,762] A new study created in memory with name: no-name-c753159d-d920-4d74-afdb-464062bdc127
C:\Users\הלל\Desktop\algo projects\trading-research-factory\walk forward engine\.venv\lib\site-packages\optuna\distributions.py:700: UserWarning: The distribution is specified by [10, 20] and step=4, but the range is not divisible by `step`. It will be replaced by [10, 18].
  warnings.warn(
C:\Users\הלל\Desktop\algo projects\trading-research-factory\walk forward engine\.venv\lib\site-packages\optuna\distributions.py:700: UserWarning: The distribution is specified by [10, 20] and step=4, but the range is not divisible by `step`. It will be replaced by [10, 18].
  warnings.warn(
[I 2026-06-02 23:36:16,971] Trial 1 finished with value: -9.7 and parameters: {'macd_fast': 8, 'macd_slow': 20, 'macd_signal': 9, 'macd_threshold': 0.5, 'atr_period': 18, 'atr_sl_multiplier': 2.0, 'hold_hours': 48, 'entry_day': 4}. Best is trial 1 with value: -9.7.
C:\Users\הלל\Desktop\algo projects\trading-research-factory\walk forward engine\.venv\lib\site-packages\optuna\distributions.py:700: UserWarning: The distribution is specified by [10, 20] and step=4, but the range is not divisible by `step`. It will be replaced by [10, 18].
  warnings.warn(
[I 2026-06-02 23:36:17,106] Trial 0 finished with value: -9.6 and parameters: {'macd_fast': 12, 'macd_slow': 32, 'macd_signal': 7, 'macd_threshold': 0.5, 'atr_period': 10, 'atr_sl_multiplier': 2.5, 'hold_hours': 12, 'entry_day': 5}. Best is trial 0 with value: -9.6.
C:\Users\הלל\Desktop\algo projects\trading-research-factory\walk forward engine\.venv\lib\site-packages\optuna\distributions.py:700: UserWarning: The distribution is specified by [10, 20] and step=4, but the range is not divisible by `step`. It will be replaced by [10, 18].
  warnings.warn(
[I 2026-06-02 23:36:17,264] Trial 6 finished with value: -9.7 and parameters: {'macd_fast': 16, 'macd_slow': 32, 'macd_signal': 7, 'macd_threshold': -0.5, 'atr_period': 18, 'atr_sl_multiplier': 2.0, 'hold_hours': 24, 'entry_day': 4}. Best is trial 0 with value: -9.6.
[I 2026-06-02 23:36:17,268] Trial 7 finished with value: -9.6 and parameters: {'macd_fast': 16, 'macd_slow': 20, 'macd_signal': 7, 'macd_threshold': 0.0, 'atr_period': 10, 'atr_sl_multiplier': 1.5, 'hold_hours': 36, 'entry_day': 3}. Best is trial 0 with value: -9.6.
[I 2026-06-02 23:36:17,289] Trial 3 finished with value: -9.6 and parameters: {'macd_fast': 12, 'macd_slow': 26, 'macd_signal': 9, 'macd_threshold': 0.5, 'atr_period': 14, 'atr_sl_multiplier': 2.0, 'hold_hours': 24, 'entry_day': 1}. Best is trial 0 with value: -9.6.
[I 2026-06-02 23:36:17,321] Trial 2 finished with value: -9.6 and parameters: {'macd_fast': 8, 'macd_slow': 32, 'macd_signal': 9, 'macd_threshold': 0.0, 'atr_period': 14, 'atr_sl_multiplier': 1.5, 'hold_hours': 12, 'entry_day': 7}. Best is trial 0 with value: -9.6.
C:\Users\הלל\Desktop\algo projects\trading-research-factory\walk forward engine\.venv\lib\site-packages\optuna\distributions.py:700: UserWarning: The distribution is specified by [10, 20] and step=4, but the range is not divisible by `step`. It will be replaced by [10, 18].
  warnings.warn(
[I 2026-06-02 23:36:17,356] Trial 4 finished with value: -9.6 and parameters: {'macd_fast': 16, 'macd_slow': 20, 'macd_signal': 7, 'macd_threshold': 0.5, 'atr_period': 18, 'atr_sl_multiplier': 2.5, 'hold_hours': 48, 'entry_day': 1}. Best is trial 0 with value: -9.6.
[I 2026-06-02 23:36:17,407] Trial 5 finished with value: -9.6 and parameters: {'macd_fast': 16, 'macd_slow': 26, 'macd_signal': 7, 'macd_threshold': 0.5, 'atr_period': 10, 'atr_sl_multiplier': 2.5, 'hold_hours': 48, 'entry_day': 5}. Best is trial 0 with value: -9.6.
C:\Users\הלל\Desktop\algo projects\trading-research-factory\walk forward engine\.venv\lib\site-packages\optuna\distributions.py:700: UserWarning: The distribution is specified by [10, 20] and step=4, but the range is not divisible by `step`. It will be replaced by [10, 18].
  warnings.warn(
C:\Users\הלל\Desktop\algo projects\trading-research-factory\walk forward engine\.venv\lib\site-packages\optuna\distributions.py:700: UserWarning: The distribution is specified by [10, 20] and step=4, but the range is not divisible by `step`. It will be replaced by [10, 18].
  warnings.warn(
C:\Users\הלל\Desktop\algo projects\trading-research-factory\walk forward engine\.venv\lib\site-packages\optuna\distributions.py:700: UserWarning: The distribution is specified by [10, 20] and step=4, but the range is not divisible by `step`. It will be replaced by [10, 18].
  warnings.warn(
C:\Users\הלל\Desktop\algo projects\trading-research-factory\walk forward engine\.venv\lib\site-packages\optuna\distributions.py:700: UserWarning: The distribution is specified by [10, 20] and step=4, but the range is not divisible by `step`. It will be replaced by [10, 18].
  warnings.warn(
[I 2026-06-02 23:36:18,293] Trial 10 finished with value: -9.6 and parameters: {'macd_fast': 12, 'macd_slow': 32, 'macd_signal': 11, 'macd_threshold': -0.5, 'atr_period': 18, 'atr_sl_multiplier': 2.5, 'hold_hours': 36, 'entry_day': 2}. Best is trial 0 with value: -9.6.
[I 2026-06-02 23:36:18,329] Trial 8 finished with value: -9.8 and parameters: {'macd_fast': 8, 'macd_slow': 32, 'macd_signal': 9, 'macd_threshold': 0.0, 'atr_period': 14, 'atr_sl_multiplier': 2.0, 'hold_hours': 36, 'entry_day': 4}. Best is trial 0 with value: -9.6.
[I 2026-06-02 23:36:18,400] Trial 11 finished with value: -0.9614823669415656 and parameters: {'macd_fast': 12, 'macd_slow': 26, 'macd_signal': 9, 'macd_threshold': 0.5, 'atr_period': 18, 'atr_sl_multiplier': 2.5, 'hold_hours': 36, 'entry_day': 2}. Best is trial 11 with value: -0.9614823669415656.
[I 2026-06-02 23:36:18,498] Trial 9 finished with value: -9.6 and parameters: {'macd_fast': 12, 'macd_slow': 20, 'macd_signal': 7, 'macd_threshold': 0.0, 'atr_period': 18, 'atr_sl_multiplier': 2.5, 'hold_hours': 24, 'entry_day': 3}. Best is trial 11 with value: -0.9614823669415656.
C:\Users\הלל\Desktop\algo projects\trading-research-factory\walk forward engine\.venv\lib\site-packages\optuna\distributions.py:700: UserWarning: The distribution is specified by [10, 20] and step=4, but the range is not divisible by `step`. It will be replaced by [10, 18].
  warnings.warn(
C:\Users\הלל\Desktop\algo projects\trading-research-factory\walk forward engine\.venv\lib\site-packages\optuna\distributions.py:700: UserWarning: The distribution is specified by [10, 20] and step=4, but the range is not divisible by `step`. It will be replaced by [10, 18].
  warnings.warn(
[I 2026-06-02 23:36:19,258] Trial 13 finished with value: -9.6 and parameters: {'macd_fast': 16, 'macd_slow': 26, 'macd_signal': 11, 'macd_threshold': -0.5, 'atr_period': 14, 'atr_sl_multiplier': 1.5, 'hold_hours': 24, 'entry_day': 4}. Best is trial 11 with value: -0.9614823669415656.
[I 2026-06-02 23:36:19,335] Trial 12 finished with value: -9.6 and parameters: {'macd_fast': 12, 'macd_slow': 20, 'macd_signal': 7, 'macd_threshold': -0.5, 'atr_period': 14, 'atr_sl_multiplier': 2.0, 'hold_hours': 12, 'entry_day': 7}. Best is trial 11 with value: -0.9614823669415656.
C:\Users\הלל\Desktop\algo projects\trading-research-factory\walk forward engine\.venv\lib\site-packages\optuna\distributions.py:700: UserWarning: The distribution is specified by [10, 20] and step=4, but the range is not divisible by `step`. It will be replaced by [10, 18].
  warnings.warn(
[I 2026-06-02 23:36:19,472] Trial 15 finished with value: -9.6 and parameters: {'macd_fast': 16, 'macd_slow': 32, 'macd_signal': 9, 'macd_threshold': 0.5, 'atr_period': 18, 'atr_sl_multiplier': 2.5, 'hold_hours': 12, 'entry_day': 2}. Best is trial 11 with value: -0.9614823669415656.
C:\Users\הלל\Desktop\algo projects\trading-research-factory\walk forward engine\.venv\lib\site-packages\optuna\distributions.py:700: UserWarning: The distribution is specified by [10, 20] and step=4, but the range is not divisible by `step`. It will be replaced by [10, 18].
  warnings.warn(
[I 2026-06-02 23:36:19,872] Trial 14 finished with value: -9.6 and parameters: {'macd_fast': 16, 'macd_slow': 20, 'macd_signal': 7, 'macd_threshold': -0.5, 'atr_period': 14, 'atr_sl_multiplier': 1.5, 'hold_hours': 24, 'entry_day': 7}. Best is trial 11 with value: -0.9614823669415656.
C:\Users\הלל\Desktop\algo projects\trading-research-factory\walk forward engine\.venv\lib\site-packages\optuna\distributions.py:700: UserWarning: The distribution is specified by [10, 20] and step=4, but the range is not divisible by `step`. It will be replaced by [10, 18].
  warnings.warn(
C:\Users\הלל\Desktop\algo projects\trading-research-factory\walk forward engine\.venv\lib\site-packages\optuna\distributions.py:700: UserWarning: The distribution is specified by [10, 20] and step=4, but the range is not divisible by `step`. It will be replaced by [10, 18].
  warnings.warn(
C:\Users\הלל\Desktop\algo projects\trading-research-factory\walk forward engine\.venv\lib\site-packages\optuna\distributions.py:700: UserWarning: The distribution is specified by [10, 20] and step=4, but the range is not divisible by `step`. It will be replaced by [10, 18].
  warnings.warn(
C:\Users\הלל\Desktop\algo projects\trading-research-factory\walk forward engine\.venv\lib\site-packages\optuna\distributions.py:700: UserWarning: The distribution is specified by [10, 20] and step=4, but the range is not divisible by `step`. It will be replaced by [10, 18].
  warnings.warn(
[I 2026-06-02 23:36:20,772] Trial 18 finished with value: -9.6 and parameters: {'macd_fast': 12, 'macd_slow': 32, 'macd_signal': 7, 'macd_threshold': 0.5, 'atr_period': 10, 'atr_sl_multiplier': 2.5, 'hold_hours': 24, 'entry_day': 6}. Best is trial 11 with value: -0.9614823669415656.
[I 2026-06-02 23:36:20,976] Trial 16 finished with value: -9.6 and parameters: {'macd_fast': 12, 'macd_slow': 32, 'macd_signal': 7, 'macd_threshold': 0.5, 'atr_period': 10, 'atr_sl_multiplier': 2.5, 'hold_hours': 24, 'entry_day': 7}. Best is trial 11 with value: -0.9614823669415656.
[I 2026-06-02 23:36:21,029] Trial 17 finished with value: -9.6 and parameters: {'macd_fast': 12, 'macd_slow': 32, 'macd_signal': 7, 'macd_threshold': 0.0, 'atr_period': 10, 'atr_sl_multiplier': 2.5, 'hold_hours': 12, 'entry_day': 6}. Best is trial 11 with value: -0.9614823669415656.
[I 2026-06-02 23:36:21,062] Trial 19 finished with value: -9.6 and parameters: {'macd_fast': 12, 'macd_slow': 32, 'macd_signal': 7, 'macd_threshold': 0.5, 'atr_period': 10, 'atr_sl_multiplier': 2.0, 'hold_hours': 12, 'entry_day': 5}. Best is trial 11 with value: -0.9614823669415656.
C:\Users\הלל\Desktop\algo projects\trading-research-factory\walk forward engine\.venv\lib\site-packages\optuna\distributions.py:700: UserWarning: The distribution is specified by [10, 20] and step=4, but the range is not divisible by `step`. It will be replaced by [10, 18].
  warnings.warn(
[I 2026-06-02 23:36:21,466] Trial 22 finished with value: -9.7 and parameters: {'macd_fast': 16, 'macd_slow': 32, 'macd_signal': 7, 'macd_threshold': 0.5, 'atr_period': 10, 'atr_sl_multiplier': 2.5, 'hold_hours': 12, 'entry_day': 4}. Best is trial 11 with value: -0.9614823669415656.
[I 2026-06-02 23:36:21,476] Trial 20 finished with value: -9.6 and parameters: {'macd_fast': 12, 'macd_slow': 32, 'macd_signal': 9, 'macd_threshold': 0.5, 'atr_period': 10, 'atr_sl_multiplier': 2.5, 'hold_hours': 12, 'entry_day': 6}. Best is trial 11 with value: -0.9614823669415656.
[I 2026-06-02 23:36:21,507] Trial 21 finished with value: -9.6 and parameters: {'macd_fast': 12, 'macd_slow': 26, 'macd_signal': 7, 'macd_threshold': 0.5, 'atr_period': 10, 'atr_sl_multiplier': 2.5, 'hold_hours': 12, 'entry_day': 7}. Best is trial 11 with value: -0.9614823669415656.
[I 2026-06-02 23:36:21,562] Trial 23 finished with value: -9.7 and parameters: {'macd_fast': 8, 'macd_slow': 32, 'macd_signal': 7, 'macd_threshold': 0.5, 'atr_period': 10, 'atr_sl_multiplier': 2.5, 'hold_hours': 12, 'entry_day': 3}. Best is trial 11 with value: -0.9614823669415656.
[I 2026-06-02 23:36:21,667] Trial 24 finished with value: -9.6 and parameters: {'macd_fast': 16, 'macd_slow': 32, 'macd_signal': 9, 'macd_threshold': 0.0, 'atr_period': 10, 'atr_sl_multiplier': 2.5, 'hold_hours': 12, 'entry_day': 4}. Best is trial 11 with value: -0.9614823669415656.
C:\Users\הלל\Desktop\algo projects\trading-research-factory\walk forward engine\.venv\lib\site-packages\optuna\samplers\_tpe\sampler.py:319: ExperimentalWarning: ``multivariate`` option is an experimental feature. The interface can change in the future.
  warnings.warn(
[I 2026-06-02 23:36:21,986] A new study created in memory with name: no-name-837f151a-fd20-4394-a606-f1ae27561eeb
C:\Users\הלל\Desktop\algo projects\trading-research-factory\walk forward engine\.venv\lib\site-packages\optuna\distributions.py:700: UserWarning: The distribution is specified by [10, 20] and step=4, but the range is not divisible by `step`. It will be replaced by [10, 18].
  warnings.warn(
C:\Users\הלל\Desktop\algo projects\trading-research-factory\walk forward engine\.venv\lib\site-packages\optuna\distributions.py:700: UserWarning: The distribution is specified by [10, 20] and step=4, but the range is not divisible by `step`. It will be replaced by [10, 18].
  warnings.warn(
C:\Users\הלל\Desktop\algo projects\trading-research-factory\walk forward engine\.venv\lib\site-packages\optuna\distributions.py:700: UserWarning: The distribution is specified by [10, 20] and step=4, but the range is not divisible by `step`. It will be replaced by [10, 18].
  warnings.warn(
C:\Users\הלל\Desktop\algo projects\trading-research-factory\walk forward engine\.venv\lib\site-packages\optuna\distributions.py:700: UserWarning: The distribution is specified by [10, 20] and step=4, but the range is not divisible by `step`. It will be replaced by [10, 18].
  warnings.warn(
C:\Users\הלל\Desktop\algo projects\trading-research-factory\walk forward engine\.venv\lib\site-packages\optuna\distributions.py:700: UserWarning: The distribution is specified by [10, 20] and step=4, but the range is not divisible by `step`. It will be replaced by [10, 18].
  warnings.warn(
[I 2026-06-02 23:36:23,010] Trial 4 finished with value: -9.7 and parameters: {'macd_fast': 12, 'macd_slow': 32, 'macd_signal': 9, 'macd_threshold': 0.0, 'atr_period': 10, 'atr_sl_multiplier': 1.5, 'hold_hours': 12, 'entry_day': 6}. Best is trial 4 with value: -9.7.
[I 2026-06-02 23:36:23,536] Trial 3 finished with value: -9.6 and parameters: {'macd_fast': 8, 'macd_slow': 32, 'macd_signal': 9, 'macd_threshold': -0.5, 'atr_period': 18, 'atr_sl_multiplier': 2.0, 'hold_hours': 36, 'entry_day': 2}. Best is trial 3 with value: -9.6.
C:\Users\הלל\Desktop\algo projects\trading-research-factory\walk forward engine\.venv\lib\site-packages\optuna\distributions.py:700: UserWarning: The distribution is specified by [10, 20] and step=4, but the range is not divisible by `step`. It will be replaced by [10, 18].
  warnings.warn(
[I 2026-06-02 23:36:23,959] Trial 0 finished with value: -1.5178202679895672 and parameters: {'macd_fast': 12, 'macd_slow': 20, 'macd_signal': 7, 'macd_threshold': 0.0, 'atr_period': 14, 'atr_sl_multiplier': 2.0, 'hold_hours': 48, 'entry_day': 5}. Best is trial 0 with value: -1.5178202679895672.
[I 2026-06-02 23:36:24,086] Trial 1 finished with value: -9.6 and parameters: {'macd_fast': 8, 'macd_slow': 26, 'macd_signal': 9, 'macd_threshold': -0.5, 'atr_period': 10, 'atr_sl_multiplier': 2.0, 'hold_hours': 48, 'entry_day': 7}. Best is trial 0 with value: -1.5178202679895672.
C:\Users\הלל\Desktop\algo projects\trading-research-factory\walk forward engine\.venv\lib\site-packages\optuna\distributions.py:700: UserWarning: The distribution is specified by [10, 20] and step=4, but the range is not divisible by `step`. It will be replaced by [10, 18].
  warnings.warn(
[I 2026-06-02 23:36:24,132] Trial 7 finished with value: -9.7 and parameters: {'macd_fast': 8, 'macd_slow': 32, 'macd_signal': 9, 'macd_threshold': 0.0, 'atr_period': 18, 'atr_sl_multiplier': 2.0, 'hold_hours': 24, 'entry_day': 6}. Best is trial 0 with value: -1.5178202679895672.
[I 2026-06-02 23:36:24,144] Trial 2 finished with value: -9.6 and parameters: {'macd_fast': 12, 'macd_slow': 32, 'macd_signal': 9, 'macd_threshold': 0.0, 'atr_period': 14, 'atr_sl_multiplier': 2.5, 'hold_hours': 12, 'entry_day': 7}. Best is trial 0 with value: -1.5178202679895672.
C:\Users\הלל\Desktop\algo projects\trading-research-factory\walk forward engine\.venv\lib\site-packages\optuna\distributions.py:700: UserWarning: The distribution is specified by [10, 20] and step=4, but the range is not divisible by `step`. It will be replaced by [10, 18].
  warnings.warn(
C:\Users\הלל\Desktop\algo projects\trading-research-factory\walk forward engine\.venv\lib\site-packages\optuna\distributions.py:700: UserWarning: The distribution is specified by [10, 20] and step=4, but the range is not divisible by `step`. It will be replaced by [10, 18].
  warnings.warn(
[I 2026-06-02 23:36:24,379] Trial 6 finished with value: -9.7 and parameters: {'macd_fast': 12, 'macd_slow': 26, 'macd_signal': 7, 'macd_threshold': -0.5, 'atr_period': 14, 'atr_sl_multiplier': 1.5, 'hold_hours': 48, 'entry_day': 6}. Best is trial 0 with value: -1.5178202679895672.
