[I 2026-06-02 23:29:20,873] Trial 14 finished with value: -9.6 and parameters: {'macd_fast': 16, 'macd_slow': 20, 'macd_signal': 9, 'macd_threshold': 0.0, 'atr_period': 14, 'atr_sl_multiplier': 2.5, 'hold_hours': 36, 'entry_day': 4}. Best is trial 2 with value: -9.6.
C:\Users\הלל\Desktop\algo projects\trading-research-factory\walk forward engine\.venv\lib\site-packages\optuna\distributions.py:700: UserWarning: The distribution is specified by [10, 20] and step=4, but the range is not divisible by `step`. It will be replaced by [10, 18].
  warnings.warn(
[I 2026-06-02 23:29:21,171] Trial 16 finished with value: -9.6 and parameters: {'macd_fast': 8, 'macd_slow': 26, 'macd_signal': 7, 'macd_threshold': -0.5, 'atr_period': 14, 'atr_sl_multiplier': 2.0, 'hold_hours': 48, 'entry_day': 3}. Best is trial 2 with value: -9.6.
C:\Users\הלל\Desktop\algo projects\trading-research-factory\walk forward engine\.venv\lib\site-packages\optuna\distributions.py:700: UserWarning: The distribution is specified by [10, 20] and step=4, but the range is not divisible by `step`. It will be replaced by [10, 18].
  warnings.warn(
C:\Users\הלל\Desktop\algo projects\trading-research-factory\walk forward engine\.venv\lib\site-packages\optuna\distributions.py:700: UserWarning: The distribution is specified by [10, 20] and step=4, but the range is not divisible by `step`. It will be replaced by [10, 18].
  warnings.warn(
C:\Users\הלל\Desktop\algo projects\trading-research-factory\walk forward engine\.venv\lib\site-packages\optuna\distributions.py:700: UserWarning: The distribution is specified by [10, 20] and step=4, but the range is not divisible by `step`. It will be replaced by [10, 18].
  warnings.warn(
[I 2026-06-02 23:29:21,971] Trial 17 finished with value: -9.8 and parameters: {'macd_fast': 8, 'macd_slow': 26, 'macd_signal': 7, 'macd_threshold': -0.5, 'atr_period': 18, 'atr_sl_multiplier': 2.0, 'hold_hours': 12, 'entry_day': 6}. Best is trial 2 with value: -9.6.
[I 2026-06-02 23:29:22,052] Trial 18 finished with value: -9.8 and parameters: {'macd_fast': 8, 'macd_slow': 26, 'macd_signal': 7, 'macd_threshold': -0.5, 'atr_period': 18, 'atr_sl_multiplier': 2.0, 'hold_hours': 12, 'entry_day': 6}. Best is trial 2 with value: -9.6.
[I 2026-06-02 23:29:22,161] Trial 19 finished with value: -9.6 and parameters: {'macd_fast': 12, 'macd_slow': 26, 'macd_signal': 7, 'macd_threshold': -0.5, 'atr_period': 18, 'atr_sl_multiplier': 2.0, 'hold_hours': 36, 'entry_day': 1}. Best is trial 2 with value: -9.6.
[I 2026-06-02 23:29:22,205] Trial 21 finished with value: -0.7845604623044452 and parameters: {'macd_fast': 8, 'macd_slow': 20, 'macd_signal': 7, 'macd_threshold': -0.5, 'atr_period': 18, 'atr_sl_multiplier': 2.0, 'hold_hours': 12, 'entry_day': 3}. Best is trial 21 with value: -0.7845604623044452.
[I 2026-06-02 23:29:22,295] Trial 20 finished with value: -9.8 and parameters: {'macd_fast': 8, 'macd_slow': 32, 'macd_signal': 7, 'macd_threshold': -0.5, 'atr_period': 18, 'atr_sl_multiplier': 2.0, 'hold_hours': 12, 'entry_day': 2}. Best is trial 21 with value: -0.7845604623044452.
[I 2026-06-02 23:29:22,333] Trial 22 finished with value: -9.7 and parameters: {'macd_fast': 12, 'macd_slow': 26, 'macd_signal': 7, 'macd_threshold': -0.5, 'atr_period': 18, 'atr_sl_multiplier': 2.0, 'hold_hours': 12, 'entry_day': 2}. Best is trial 21 with value: -0.7845604623044452.
[I 2026-06-02 23:29:22,370] Trial 23 finished with value: -9.6 and parameters: {'macd_fast': 16, 'macd_slow': 26, 'macd_signal': 7, 'macd_threshold': -0.5, 'atr_period': 18, 'atr_sl_multiplier': 2.0, 'hold_hours': 24, 'entry_day': 1}. Best is trial 21 with value: -0.7845604623044452.
[I 2026-06-02 23:29:22,421] Trial 24 finished with value: -9.7 and parameters: {'macd_fast': 12, 'macd_slow': 32, 'macd_signal': 7, 'macd_threshold': -0.5, 'atr_period': 18, 'atr_sl_multiplier': 2.5, 'hold_hours': 24, 'entry_day': 1}. Best is trial 21 with value: -0.7845604623044452.
C:\Users\הלל\Desktop\algo projects\trading-research-factory\walk forward engine\.venv\lib\site-packages\optuna\samplers\_tpe\sampler.py:319: ExperimentalWarning: ``multivariate`` option is an experimental feature. The interface can change in the future.
  warnings.warn(
[I 2026-06-02 23:29:22,713] A new study created in memory with name: no-name-7aa6d98d-b6cd-44c1-87f2-a794f26d44c4
C:\Users\הלל\Desktop\algo projects\trading-research-factory\walk forward engine\.venv\lib\site-packages\optuna\distributions.py:700: UserWarning: The distribution is specified by [10, 20] and step=4, but the range is not divisible by `step`. It will be replaced by [10, 18].
  warnings.warn(
C:\Users\הלל\Desktop\algo projects\trading-research-factory\walk forward engine\.venv\lib\site-packages\optuna\distributions.py:700: UserWarning: The distribution is specified by [10, 20] and step=4, but the range is not divisible by `step`. It will be replaced by [10, 18].
  warnings.warn(
C:\Users\הלל\Desktop\algo projects\trading-research-factory\walk forward engine\.venv\lib\site-packages\optuna\distributions.py:700: UserWarning: The distribution is specified by [10, 20] and step=4, but the range is not divisible by `step`. It will be replaced by [10, 18].
  warnings.warn(
C:\Users\הלל\Desktop\algo projects\trading-research-factory\walk forward engine\.venv\lib\site-packages\optuna\distributions.py:700: UserWarning: The distribution is specified by [10, 20] and step=4, but the range is not divisible by `step`. It will be replaced by [10, 18].
  warnings.warn(
C:\Users\הלל\Desktop\algo projects\trading-research-factory\walk forward engine\.venv\lib\site-packages\optuna\distributions.py:700: UserWarning: The distribution is specified by [10, 20] and step=4, but the range is not divisible by `step`. It will be replaced by [10, 18].
  warnings.warn(
C:\Users\הלל\Desktop\algo projects\trading-research-factory\walk forward engine\.venv\lib\site-packages\optuna\distributions.py:700: UserWarning: The distribution is specified by [10, 20] and step=4, but the range is not divisible by `step`. It will be replaced by [10, 18].
  warnings.warn(
[I 2026-06-02 23:29:23,607] Trial 0 finished with value: -9.8 and parameters: {'macd_fast': 16, 'macd_slow': 32, 'macd_signal': 9, 'macd_threshold': 0.5, 'atr_period': 10, 'atr_sl_multiplier': 2.0, 'hold_hours': 48, 'entry_day': 2}. Best is trial 0 with value: -9.8.
C:\Users\הלל\Desktop\algo projects\trading-research-factory\walk forward engine\.venv\lib\site-packages\optuna\distributions.py:700: UserWarning: The distribution is specified by [10, 20] and step=4, but the range is not divisible by `step`. It will be replaced by [10, 18].
  warnings.warn(
[I 2026-06-02 23:29:23,998] Trial 1 finished with value: -9.6 and parameters: {'macd_fast': 12, 'macd_slow': 20, 'macd_signal': 9, 'macd_threshold': 0.0, 'atr_period': 10, 'atr_sl_multiplier': 2.0, 'hold_hours': 48, 'entry_day': 7}. Best is trial 1 with value: -9.6.
C:\Users\הלל\Desktop\algo projects\trading-research-factory\walk forward engine\.venv\lib\site-packages\optuna\distributions.py:700: UserWarning: The distribution is specified by [10, 20] and step=4, but the range is not divisible by `step`. It will be replaced by [10, 18].
  warnings.warn(
[I 2026-06-02 23:29:24,180] Trial 4 finished with value: -9.8 and parameters: {'macd_fast': 12, 'macd_slow': 26, 'macd_signal': 11, 'macd_threshold': 0.0, 'atr_period': 18, 'atr_sl_multiplier': 2.0, 'hold_hours': 24, 'entry_day': 7}. Best is trial 1 with value: -9.6.
[I 2026-06-02 23:29:24,248] Trial 2 finished with value: -9.8 and parameters: {'macd_fast': 16, 'macd_slow': 32, 'macd_signal': 7, 'macd_threshold': 0.0, 'atr_period': 18, 'atr_sl_multiplier': 2.5, 'hold_hours': 48, 'entry_day': 6}. Best is trial 1 with value: -9.6.
[I 2026-06-02 23:29:24,276] Trial 3 finished with value: -9.7 and parameters: {'macd_fast': 16, 'macd_slow': 32, 'macd_signal': 7, 'macd_threshold': 0.0, 'atr_period': 14, 'atr_sl_multiplier': 2.0, 'hold_hours': 36, 'entry_day': 4}. Best is trial 1 with value: -9.6.
C:\Users\הלל\Desktop\algo projects\trading-research-factory\walk forward engine\.venv\lib\site-packages\optuna\distributions.py:700: UserWarning: The distribution is specified by [10, 20] and step=4, but the range is not divisible by `step`. It will be replaced by [10, 18].
  warnings.warn(
C:\Users\הלל\Desktop\algo projects\trading-research-factory\walk forward engine\.venv\lib\site-packages\optuna\distributions.py:700: UserWarning: The distribution is specified by [10, 20] and step=4, but the range is not divisible by `step`. It will be replaced by [10, 18].
  warnings.warn(
[I 2026-06-02 23:29:24,407] Trial 6 finished with value: -9.9 and parameters: {'macd_fast': 12, 'macd_slow': 32, 'macd_signal': 7, 'macd_threshold': 0.0, 'atr_period': 10, 'atr_sl_multiplier': 1.5, 'hold_hours': 24, 'entry_day': 6}. Best is trial 1 with value: -9.6.
[I 2026-06-02 23:29:24,442] Trial 5 finished with value: -9.8 and parameters: {'macd_fast': 8, 'macd_slow': 32, 'macd_signal': 9, 'macd_threshold': 0.0, 'atr_period': 18, 'atr_sl_multiplier': 2.5, 'hold_hours': 12, 'entry_day': 2}. Best is trial 1 with value: -9.6.
[I 2026-06-02 23:29:24,444] Trial 7 finished with value: -9.7 and parameters: {'macd_fast': 12, 'macd_slow': 20, 'macd_signal': 9, 'macd_threshold': 0.0, 'atr_period': 10, 'atr_sl_multiplier': 2.0, 'hold_hours': 36, 'entry_day': 2}. Best is trial 1 with value: -9.6.
C:\Users\הלל\Desktop\algo projects\trading-research-factory\walk forward engine\.venv\lib\site-packages\optuna\distributions.py:700: UserWarning: The distribution is specified by [10, 20] and step=4, but the range is not divisible by `step`. It will be replaced by [10, 18].
  warnings.warn(
C:\Users\הלל\Desktop\algo projects\trading-research-factory\walk forward engine\.venv\lib\site-packages\optuna\distributions.py:700: UserWarning: The distribution is specified by [10, 20] and step=4, but the range is not divisible by `step`. It will be replaced by [10, 18].
  warnings.warn(
C:\Users\הלל\Desktop\algo projects\trading-research-factory\walk forward engine\.venv\lib\site-packages\optuna\distributions.py:700: UserWarning: The distribution is specified by [10, 20] and step=4, but the range is not divisible by `step`. It will be replaced by [10, 18].
  warnings.warn(
[I 2026-06-02 23:29:24,875] Trial 8 finished with value: -9.6 and parameters: {'macd_fast': 12, 'macd_slow': 26, 'macd_signal': 7, 'macd_threshold': 0.5, 'atr_period': 10, 'atr_sl_multiplier': 1.5, 'hold_hours': 24, 'entry_day': 3}. Best is trial 1 with value: -9.6.
C:\Users\הלל\Desktop\algo projects\trading-research-factory\walk forward engine\.venv\lib\site-packages\optuna\distributions.py:700: UserWarning: The distribution is specified by [10, 20] and step=4, but the range is not divisible by `step`. It will be replaced by [10, 18].
  warnings.warn(
[I 2026-06-02 23:29:25,007] Trial 9 finished with value: -9.8 and parameters: {'macd_fast': 16, 'macd_slow': 26, 'macd_signal': 7, 'macd_threshold': 0.0, 'atr_period': 10, 'atr_sl_multiplier': 2.5, 'hold_hours': 48, 'entry_day': 1}. Best is trial 1 with value: -9.6.
[I 2026-06-02 23:29:25,300] Trial 11 finished with value: -9.6 and parameters: {'macd_fast': 16, 'macd_slow': 26, 'macd_signal': 9, 'macd_threshold': 0.5, 'atr_period': 18, 'atr_sl_multiplier': 2.0, 'hold_hours': 36, 'entry_day': 4}. Best is trial 1 with value: -9.6.
[I 2026-06-02 23:29:25,304] Trial 10 finished with value: -1.7290691579645838 and parameters: {'macd_fast': 12, 'macd_slow': 26, 'macd_signal': 11, 'macd_threshold': -0.5, 'atr_period': 14, 'atr_sl_multiplier': 2.5, 'hold_hours': 12, 'entry_day': 5}. Best is trial 10 with value: -1.7290691579645838.
[I 2026-06-02 23:29:25,851] Trial 12 finished with value: -9.7 and parameters: {'macd_fast': 16, 'macd_slow': 26, 'macd_signal': 9, 'macd_threshold': -0.5, 'atr_period': 14, 'atr_sl_multiplier': 2.5, 'hold_hours': 24, 'entry_day': 6}. Best is trial 10 with value: -1.7290691579645838.
C:\Users\הלל\Desktop\algo projects\trading-research-factory\walk forward engine\.venv\lib\site-packages\optuna\distributions.py:700: UserWarning: The distribution is specified by [10, 20] and step=4, but the range is not divisible by `step`. It will be replaced by [10, 18].
  warnings.warn(
[I 2026-06-02 23:29:26,092] Trial 15 finished with value: -9.8 and parameters: {'macd_fast': 8, 'macd_slow': 26, 'macd_signal': 9, 'macd_threshold': -0.5, 'atr_period': 14, 'atr_sl_multiplier': 2.0, 'hold_hours': 12, 'entry_day': 7}. Best is trial 10 with value: -1.7290691579645838.
C:\Users\הלל\Desktop\algo projects\trading-research-factory\walk forward engine\.venv\lib\site-packages\optuna\distributions.py:700: UserWarning: The distribution is specified by [10, 20] and step=4, but the range is not divisible by `step`. It will be replaced by [10, 18].
  warnings.warn(
C:\Users\הלל\Desktop\algo projects\trading-research-factory\walk forward engine\.venv\lib\site-packages\optuna\distributions.py:700: UserWarning: The distribution is specified by [10, 20] and step=4, but the range is not divisible by `step`. It will be replaced by [10, 18].
  warnings.warn(
[I 2026-06-02 23:29:26,459] Trial 14 finished with value: -9.6 and parameters: {'macd_fast': 12, 'macd_slow': 26, 'macd_signal': 7, 'macd_threshold': 0.5, 'atr_period': 18, 'atr_sl_multiplier': 1.5, 'hold_hours': 24, 'entry_day': 5}. Best is trial 10 with value: -1.7290691579645838.
[I 2026-06-02 23:29:26,628] Trial 13 finished with value: -9.8 and parameters: {'macd_fast': 16, 'macd_slow': 32, 'macd_signal': 7, 'macd_threshold': 0.5, 'atr_period': 14, 'atr_sl_multiplier': 2.5, 'hold_hours': 24, 'entry_day': 7}. Best is trial 10 with value: -1.7290691579645838.
C:\Users\הלל\Desktop\algo projects\trading-research-factory\walk forward engine\.venv\lib\site-packages\optuna\distributions.py:700: UserWarning: The distribution is specified by [10, 20] and step=4, but the range is not divisible by `step`. It will be replaced by [10, 18].
  warnings.warn(
[I 2026-06-02 23:29:27,096] Trial 16 finished with value: -9.6 and parameters: {'macd_fast': 16, 'macd_slow': 26, 'macd_signal': 11, 'macd_threshold': -0.5, 'atr_period': 14, 'atr_sl_multiplier': 1.5, 'hold_hours': 24, 'entry_day': 3}. Best is trial 10 with value: -1.7290691579645838.
C:\Users\הלל\Desktop\algo projects\trading-research-factory\walk forward engine\.venv\lib\site-packages\optuna\distributions.py:700: UserWarning: The distribution is specified by [10, 20] and step=4, but the range is not divisible by `step`. It will be replaced by [10, 18].
  warnings.warn(
C:\Users\הלל\Desktop\algo projects\trading-research-factory\walk forward engine\.venv\lib\site-packages\optuna\distributions.py:700: UserWarning: The distribution is specified by [10, 20] and step=4, but the range is not divisible by `step`. It will be replaced by [10, 18].
  warnings.warn(
C:\Users\הלל\Desktop\algo projects\trading-research-factory\walk forward engine\.venv\lib\site-packages\optuna\distributions.py:700: UserWarning: The distribution is specified by [10, 20] and step=4, but the range is not divisible by `step`. It will be replaced by [10, 18].
  warnings.warn(
C:\Users\הלל\Desktop\algo projects\trading-research-factory\walk forward engine\.venv\lib\site-packages\optuna\distributions.py:700: UserWarning: The distribution is specified by [10, 20] and step=4, but the range is not divisible by `step`. It will be replaced by [10, 18].
  warnings.warn(
[I 2026-06-02 23:29:28,091] Trial 19 finished with value: -9.7 and parameters: {'macd_fast': 8, 'macd_slow': 20, 'macd_signal': 9, 'macd_threshold': 0.0, 'atr_period': 10, 'atr_sl_multiplier': 2.0, 'hold_hours': 48, 'entry_day': 6}. Best is trial 10 with value: -1.7290691579645838.
[I 2026-06-02 23:29:28,178] Trial 17 finished with value: -9.7 and parameters: {'macd_fast': 16, 'macd_slow': 20, 'macd_signal': 11, 'macd_threshold': 0.5, 'atr_period': 10, 'atr_sl_multiplier': 2.0, 'hold_hours': 48, 'entry_day': 7}. Best is trial 10 with value: -1.7290691579645838.
[I 2026-06-02 23:29:28,298] Trial 20 finished with value: -9.7 and parameters: {'macd_fast': 12, 'macd_slow': 20, 'macd_signal': 9, 'macd_threshold': -0.5, 'atr_period': 10, 'atr_sl_multiplier': 1.5, 'hold_hours': 48, 'entry_day': 6}. Best is trial 10 with value: -1.7290691579645838.
[I 2026-06-02 23:29:28,665] Trial 18 finished with value: -9.6 and parameters: {'macd_fast': 12, 'macd_slow': 20, 'macd_signal': 7, 'macd_threshold': 0.0, 'atr_period': 10, 'atr_sl_multiplier': 2.0, 'hold_hours': 36, 'entry_day': 7}. Best is trial 10 with value: -1.7290691579645838.
[I 2026-06-02 23:29:28,753] Trial 21 finished with value: -9.8 and parameters: {'macd_fast': 12, 'macd_slow': 26, 'macd_signal': 7, 'macd_threshold': 0.0, 'atr_period': 10, 'atr_sl_multiplier': 2.0, 'hold_hours': 48, 'entry_day': 7}. Best is trial 10 with value: -1.7290691579645838.
[I 2026-06-02 23:29:28,883] Trial 23 finished with value: -9.6 and parameters: {'macd_fast': 12, 'macd_slow': 20, 'macd_signal': 11, 'macd_threshold': 0.0, 'atr_period': 14, 'atr_sl_multiplier': 2.0, 'hold_hours': 48, 'entry_day': 7}. Best is trial 10 with value: -1.7290691579645838.
[I 2026-06-02 23:29:28,886] Trial 22 finished with value: -9.6 and parameters: {'macd_fast': 12, 'macd_slow': 26, 'macd_signal': 11, 'macd_threshold': -0.5, 'atr_period': 14, 'atr_sl_multiplier': 2.5, 'hold_hours': 12, 'entry_day': 4}. Best is trial 10 with value: -1.7290691579645838.
[I 2026-06-02 23:29:28,894] Trial 24 finished with value: -9.8 and parameters: {'macd_fast': 12, 'macd_slow': 26, 'macd_signal': 11, 'macd_threshold': -0.5, 'atr_period': 14, 'atr_sl_multiplier': 2.5, 'hold_hours': 12, 'entry_day': 2}. Best is trial 10 with value: -1.7290691579645838.
C:\Users\הלל\Desktop\algo projects\trading-research-factory\walk forward engine\.venv\lib\site-packages\optuna\samplers\_tpe\sampler.py:319: ExperimentalWarning: ``multivariate`` option is an experimental feature. The interface can change in the future.
  warnings.warn(
[I 2026-06-02 23:29:29,469] A new study created in memory with name: no-name-0c6c6d24-775b-44e7-8110-d09d6d3ceb7b
C:\Users\הלל\Desktop\algo projects\trading-research-factory\walk forward engine\.venv\lib\site-packages\optuna\distributions.py:700: UserWarning: The distribution is specified by [10, 20] and step=4, but the range is not divisible by `step`. It will be replaced by [10, 18].
  warnings.warn(
C:\Users\הלל\Desktop\algo projects\trading-research-factory\walk forward engine\.venv\lib\site-packages\optuna\distributions.py:700: UserWarning: The distribution is specified by [10, 20] and step=4, but the range is not divisible by `step`. It will be replaced by [10, 18].
  warnings.warn(
C:\Users\הלל\Desktop\algo projects\trading-research-factory\walk forward engine\.venv\lib\site-packages\optuna\distributions.py:700: UserWarning: The distribution is specified by [10, 20] and step=4, but the range is not divisible by `step`. It will be replaced by [10, 18].
  warnings.warn(
C:\Users\הלל\Desktop\algo projects\trading-research-factory\walk forward engine\.venv\lib\site-packages\optuna\distributions.py:700: UserWarning: The distribution is specified by [10, 20] and step=4, but the range is not divisible by `step`. It will be replaced by [10, 18].
  warnings.warn(
C:\Users\הלל\Desktop\algo projects\trading-research-factory\walk forward engine\.venv\lib\site-packages\optuna\distributions.py:700: UserWarning: The distribution is specified by [10, 20] and step=4, but the range is not divisible by `step`. It will be replaced by [10, 18].
  warnings.warn(
C:\Users\הלל\Desktop\algo projects\trading-research-factory\walk forward engine\.venv\lib\site-packages\optuna\distributions.py:700: UserWarning: The distribution is specified by [10, 20] and step=4, but the range is not divisible by `step`. It will be replaced by [10, 18].
  warnings.warn(
[I 2026-06-02 23:29:30,408] Trial 1 finished with value: -9.6 and parameters: {'macd_fast': 16, 'macd_slow': 26, 'macd_signal': 7, 'macd_threshold': -0.5, 'atr_period': 18, 'atr_sl_multiplier': 2.5, 'hold_hours': 24, 'entry_day': 7}. Best is trial 1 with value: -9.6.
C:\Users\הלל\Desktop\algo projects\trading-research-factory\walk forward engine\.venv\lib\site-packages\optuna\distributions.py:700: UserWarning: The distribution is specified by [10, 20] and step=4, but the range is not divisible by `step`. It will be replaced by [10, 18].
  warnings.warn(
[I 2026-06-02 23:29:30,612] Trial 0 finished with value: 0.4252267670865335 and parameters: {'macd_fast': 8, 'macd_slow': 32, 'macd_signal': 11, 'macd_threshold': 0.5, 'atr_period': 18, 'atr_sl_multiplier': 2.0, 'hold_hours': 12, 'entry_day': 5}. Best is trial 0 with value: 0.4252267670865335.
C:\Users\הלל\Desktop\algo projects\trading-research-factory\walk forward engine\.venv\lib\site-packages\optuna\distributions.py:700: UserWarning: The distribution is specified by [10, 20] and step=4, but the range is not divisible by `step`. It will be replaced by [10, 18].
  warnings.warn(
[I 2026-06-02 23:29:32,002] Trial 3 finished with value: -2.545945161535745 and parameters: {'macd_fast': 16, 'macd_slow': 20, 'macd_signal': 7, 'macd_threshold': -0.5, 'atr_period': 18, 'atr_sl_multiplier': 2.0, 'hold_hours': 48, 'entry_day': 7}. Best is trial 0 with value: 0.4252267670865335.
[I 2026-06-02 23:29:32,090] Trial 7 finished with value: 1.3886285022639322 and parameters: {'macd_fast': 8, 'macd_slow': 20, 'macd_signal': 11, 'macd_threshold': 0.0, 'atr_period': 14, 'atr_sl_multiplier': 2.0, 'hold_hours': 12, 'entry_day': 3}. Best is trial 7 with value: 1.3886285022639322.
