[I 2026-06-02 23:29:48,655] Trial 21 finished with value: 0.0707152252998831 and parameters: {'macd_fast': 16, 'macd_slow': 32, 'macd_signal': 9, 'macd_threshold': 0.5, 'atr_period': 18, 'atr_sl_multiplier': 2.0, 'hold_hours': 12, 'entry_day': 7}. Best is trial 14 with value: 2.5544905260160538.
[I 2026-06-02 23:29:48,760] Trial 22 finished with value: 0.0707152252998831 and parameters: {'macd_fast': 12, 'macd_slow': 26, 'macd_signal': 9, 'macd_threshold': 0.5, 'atr_period': 18, 'atr_sl_multiplier': 2.0, 'hold_hours': 12, 'entry_day': 7}. Best is trial 14 with value: 2.5544905260160538.
[I 2026-06-02 23:29:48,901] Trial 19 finished with value: 0.17163463399041112 and parameters: {'macd_fast': 16, 'macd_slow': 32, 'macd_signal': 9, 'macd_threshold': 0.0, 'atr_period': 18, 'atr_sl_multiplier': 2.0, 'hold_hours': 12, 'entry_day': 5}. Best is trial 14 with value: 2.5544905260160538.
[I 2026-06-02 23:29:49,012] Trial 20 finished with value: 0.17163463399041112 and parameters: {'macd_fast': 16, 'macd_slow': 32, 'macd_signal': 9, 'macd_threshold': 0.5, 'atr_period': 18, 'atr_sl_multiplier': 2.0, 'hold_hours': 12, 'entry_day': 5}. Best is trial 14 with value: 2.5544905260160538.
[I 2026-06-02 23:29:49,117] Trial 23 finished with value: -0.18760455410293464 and parameters: {'macd_fast': 12, 'macd_slow': 26, 'macd_signal': 11, 'macd_threshold': -0.5, 'atr_period': 10, 'atr_sl_multiplier': 2.0, 'hold_hours': 24, 'entry_day': 4}. Best is trial 14 with value: 2.5544905260160538.
[I 2026-06-02 23:29:49,180] Trial 24 finished with value: 1.5994639665115542 and parameters: {'macd_fast': 16, 'macd_slow': 32, 'macd_signal': 9, 'macd_threshold': 0.0, 'atr_period': 18, 'atr_sl_multiplier': 2.0, 'hold_hours': 12, 'entry_day': 6}. Best is trial 14 with value: 2.5544905260160538.
C:\Users\הלל\Desktop\algo projects\trading-research-factory\walk forward engine\.venv\lib\site-packages\optuna\samplers\_tpe\sampler.py:319: ExperimentalWarning: ``multivariate`` option is an experimental feature. The interface can change in the future.
  warnings.warn(
[I 2026-06-02 23:29:49,644] A new study created in memory with name: no-name-4c070a18-e777-4d0d-b338-c5b52a9e3b76
C:\Users\הלל\Desktop\algo projects\trading-research-factory\walk forward engine\.venv\lib\site-packages\optuna\distributions.py:700: UserWarning: The distribution is specified by [10, 20] and step=4, but the range is not divisible by `step`. It will be replaced by [10, 18].
  warnings.warn(
C:\Users\הלל\Desktop\algo projects\trading-research-factory\walk forward engine\.venv\lib\site-packages\optuna\distributions.py:700: UserWarning: The distribution is specified by [10, 20] and step=4, but the range is not divisible by `step`. It will be replaced by [10, 18].
  warnings.warn(
C:\Users\הלל\Desktop\algo projects\trading-research-factory\walk forward engine\.venv\lib\site-packages\optuna\distributions.py:700: UserWarning: The distribution is specified by [10, 20] and step=4, but the range is not divisible by `step`. It will be replaced by [10, 18].
  warnings.warn(
[I 2026-06-02 23:29:50,814] Trial 0 finished with value: -0.002131371353319895 and parameters: {'macd_fast': 8, 'macd_slow': 20, 'macd_signal': 9, 'macd_threshold': 0.0, 'atr_period': 10, 'atr_sl_multiplier': 1.5, 'hold_hours': 36, 'entry_day': 6}. Best is trial 0 with value: -0.002131371353319895.
C:\Users\הלל\Desktop\algo projects\trading-research-factory\walk forward engine\.venv\lib\site-packages\optuna\distributions.py:700: UserWarning: The distribution is specified by [10, 20] and step=4, but the range is not divisible by `step`. It will be replaced by [10, 18].
  warnings.warn(
[I 2026-06-02 23:29:51,359] Trial 6 finished with value: 1.484988831877278 and parameters: {'macd_fast': 12, 'macd_slow': 32, 'macd_signal': 11, 'macd_threshold': 0.0, 'atr_period': 14, 'atr_sl_multiplier': 2.5, 'hold_hours': 12, 'entry_day': 5}. Best is trial 6 with value: 1.484988831877278.
[I 2026-06-02 23:29:51,392] Trial 1 finished with value: -9.6 and parameters: {'macd_fast': 12, 'macd_slow': 32, 'macd_signal': 11, 'macd_threshold': 0.5, 'atr_period': 14, 'atr_sl_multiplier': 2.5, 'hold_hours': 12, 'entry_day': 7}. Best is trial 6 with value: 1.484988831877278.
C:\Users\הלל\Desktop\algo projects\trading-research-factory\walk forward engine\.venv\lib\site-packages\optuna\distributions.py:700: UserWarning: The distribution is specified by [10, 20] and step=4, but the range is not divisible by `step`. It will be replaced by [10, 18].
  warnings.warn(
[I 2026-06-02 23:29:51,700] Trial 4 finished with value: -1.2203030245555937 and parameters: {'macd_fast': 8, 'macd_slow': 20, 'macd_signal': 11, 'macd_threshold': -0.5, 'atr_period': 10, 'atr_sl_multiplier': 1.5, 'hold_hours': 12, 'entry_day': 6}. Best is trial 6 with value: 1.484988831877278.
[I 2026-06-02 23:29:51,864] Trial 7 finished with value: -9.6 and parameters: {'macd_fast': 8, 'macd_slow': 26, 'macd_signal': 9, 'macd_threshold': -0.5, 'atr_period': 14, 'atr_sl_multiplier': 2.5, 'hold_hours': 36, 'entry_day': 3}. Best is trial 6 with value: 1.484988831877278.
C:\Users\הלל\Desktop\algo projects\trading-research-factory\walk forward engine\.venv\lib\site-packages\optuna\distributions.py:700: UserWarning: The distribution is specified by [10, 20] and step=4, but the range is not divisible by `step`. It will be replaced by [10, 18].
  warnings.warn(
[I 2026-06-02 23:29:52,091] Trial 3 finished with value: -9.7 and parameters: {'macd_fast': 12, 'macd_slow': 32, 'macd_signal': 11, 'macd_threshold': -0.5, 'atr_period': 10, 'atr_sl_multiplier': 1.5, 'hold_hours': 24, 'entry_day': 2}. Best is trial 6 with value: 1.484988831877278.
[I 2026-06-02 23:29:52,101] Trial 2 finished with value: 0.9879038164398304 and parameters: {'macd_fast': 12, 'macd_slow': 20, 'macd_signal': 11, 'macd_threshold': 0.5, 'atr_period': 10, 'atr_sl_multiplier': 2.0, 'hold_hours': 36, 'entry_day': 7}. Best is trial 6 with value: 1.484988831877278.
[I 2026-06-02 23:29:52,284] Trial 5 finished with value: -9.6 and parameters: {'macd_fast': 16, 'macd_slow': 32, 'macd_signal': 11, 'macd_threshold': 0.0, 'atr_period': 10, 'atr_sl_multiplier': 2.0, 'hold_hours': 12, 'entry_day': 3}. Best is trial 6 with value: 1.484988831877278.
C:\Users\הלל\Desktop\algo projects\trading-research-factory\walk forward engine\.venv\lib\site-packages\optuna\distributions.py:700: UserWarning: The distribution is specified by [10, 20] and step=4, but the range is not divisible by `step`. It will be replaced by [10, 18].
  warnings.warn(
C:\Users\הלל\Desktop\algo projects\trading-research-factory\walk forward engine\.venv\lib\site-packages\optuna\distributions.py:700: UserWarning: The distribution is specified by [10, 20] and step=4, but the range is not divisible by `step`. It will be replaced by [10, 18].
  warnings.warn(
[I 2026-06-02 23:29:52,730] Trial 10 finished with value: 1.227954777983294 and parameters: {'macd_fast': 8, 'macd_slow': 20, 'macd_signal': 11, 'macd_threshold': -0.5, 'atr_period': 10, 'atr_sl_multiplier': 1.5, 'hold_hours': 24, 'entry_day': 5}. Best is trial 6 with value: 1.484988831877278.
C:\Users\הלל\Desktop\algo projects\trading-research-factory\walk forward engine\.venv\lib\site-packages\optuna\distributions.py:700: UserWarning: The distribution is specified by [10, 20] and step=4, but the range is not divisible by `step`. It will be replaced by [10, 18].
  warnings.warn(
[I 2026-06-02 23:29:52,991] Trial 8 finished with value: -9.6 and parameters: {'macd_fast': 12, 'macd_slow': 32, 'macd_signal': 9, 'macd_threshold': -0.5, 'atr_period': 18, 'atr_sl_multiplier': 1.5, 'hold_hours': 36, 'entry_day': 5}. Best is trial 6 with value: 1.484988831877278.
C:\Users\הלל\Desktop\algo projects\trading-research-factory\walk forward engine\.venv\lib\site-packages\optuna\distributions.py:700: UserWarning: The distribution is specified by [10, 20] and step=4, but the range is not divisible by `step`. It will be replaced by [10, 18].
  warnings.warn(
[I 2026-06-02 23:29:54,001] Trial 9 finished with value: -1.495192044337542 and parameters: {'macd_fast': 8, 'macd_slow': 26, 'macd_signal': 9, 'macd_threshold': 0.5, 'atr_period': 14, 'atr_sl_multiplier': 2.0, 'hold_hours': 36, 'entry_day': 1}. Best is trial 6 with value: 1.484988831877278.
C:\Users\הלל\Desktop\algo projects\trading-research-factory\walk forward engine\.venv\lib\site-packages\optuna\distributions.py:700: UserWarning: The distribution is specified by [10, 20] and step=4, but the range is not divisible by `step`. It will be replaced by [10, 18].
  warnings.warn(
[I 2026-06-02 23:29:54,420] Trial 12 finished with value: 0.43537910774128963 and parameters: {'macd_fast': 12, 'macd_slow': 26, 'macd_signal': 11, 'macd_threshold': 0.0, 'atr_period': 10, 'atr_sl_multiplier': 2.5, 'hold_hours': 36, 'entry_day': 5}. Best is trial 6 with value: 1.484988831877278.
[I 2026-06-02 23:29:54,527] Trial 11 finished with value: -9.6 and parameters: {'macd_fast': 8, 'macd_slow': 32, 'macd_signal': 11, 'macd_threshold': 0.0, 'atr_period': 10, 'atr_sl_multiplier': 1.5, 'hold_hours': 36, 'entry_day': 6}. Best is trial 6 with value: 1.484988831877278.
[I 2026-06-02 23:29:54,593] Trial 13 finished with value: -9.6 and parameters: {'macd_fast': 8, 'macd_slow': 26, 'macd_signal': 7, 'macd_threshold': 0.5, 'atr_period': 18, 'atr_sl_multiplier': 2.0, 'hold_hours': 12, 'entry_day': 3}. Best is trial 6 with value: 1.484988831877278.
C:\Users\הלל\Desktop\algo projects\trading-research-factory\walk forward engine\.venv\lib\site-packages\optuna\distributions.py:700: UserWarning: The distribution is specified by [10, 20] and step=4, but the range is not divisible by `step`. It will be replaced by [10, 18].
  warnings.warn(
[I 2026-06-02 23:29:54,894] Trial 14 finished with value: 0.3547466568266547 and parameters: {'macd_fast': 16, 'macd_slow': 20, 'macd_signal': 7, 'macd_threshold': 0.5, 'atr_period': 10, 'atr_sl_multiplier': 1.5, 'hold_hours': 12, 'entry_day': 5}. Best is trial 6 with value: 1.484988831877278.
C:\Users\הלל\Desktop\algo projects\trading-research-factory\walk forward engine\.venv\lib\site-packages\optuna\distributions.py:700: UserWarning: The distribution is specified by [10, 20] and step=4, but the range is not divisible by `step`. It will be replaced by [10, 18].
  warnings.warn(
C:\Users\הלל\Desktop\algo projects\trading-research-factory\walk forward engine\.venv\lib\site-packages\optuna\distributions.py:700: UserWarning: The distribution is specified by [10, 20] and step=4, but the range is not divisible by `step`. It will be replaced by [10, 18].
  warnings.warn(
[I 2026-06-02 23:29:55,814] Trial 15 finished with value: -0.6678648097868711 and parameters: {'macd_fast': 8, 'macd_slow': 32, 'macd_signal': 9, 'macd_threshold': 0.0, 'atr_period': 10, 'atr_sl_multiplier': 2.5, 'hold_hours': 24, 'entry_day': 1}. Best is trial 6 with value: 1.484988831877278.
C:\Users\הלל\Desktop\algo projects\trading-research-factory\walk forward engine\.venv\lib\site-packages\optuna\distributions.py:700: UserWarning: The distribution is specified by [10, 20] and step=4, but the range is not divisible by `step`. It will be replaced by [10, 18].
  warnings.warn(
[I 2026-06-02 23:29:56,498] Trial 16 finished with value: -9.6 and parameters: {'macd_fast': 12, 'macd_slow': 26, 'macd_signal': 11, 'macd_threshold': 0.0, 'atr_period': 18, 'atr_sl_multiplier': 2.5, 'hold_hours': 12, 'entry_day': 3}. Best is trial 6 with value: 1.484988831877278.
C:\Users\הלל\Desktop\algo projects\trading-research-factory\walk forward engine\.venv\lib\site-packages\optuna\distributions.py:700: UserWarning: The distribution is specified by [10, 20] and step=4, but the range is not divisible by `step`. It will be replaced by [10, 18].
  warnings.warn(
[I 2026-06-02 23:29:57,343] Trial 17 finished with value: -9.6 and parameters: {'macd_fast': 8, 'macd_slow': 32, 'macd_signal': 11, 'macd_threshold': -0.5, 'atr_period': 14, 'atr_sl_multiplier': 2.5, 'hold_hours': 12, 'entry_day': 3}. Best is trial 6 with value: 1.484988831877278.
C:\Users\הלל\Desktop\algo projects\trading-research-factory\walk forward engine\.venv\lib\site-packages\optuna\distributions.py:700: UserWarning: The distribution is specified by [10, 20] and step=4, but the range is not divisible by `step`. It will be replaced by [10, 18].
  warnings.warn(
[I 2026-06-02 23:29:57,988] Trial 18 finished with value: -0.011614985197936998 and parameters: {'macd_fast': 16, 'macd_slow': 26, 'macd_signal': 11, 'macd_threshold': -0.5, 'atr_period': 14, 'atr_sl_multiplier': 2.5, 'hold_hours': 12, 'entry_day': 5}. Best is trial 6 with value: 1.484988831877278.
[I 2026-06-02 23:29:58,065] Trial 19 finished with value: -9.6 and parameters: {'macd_fast': 16, 'macd_slow': 32, 'macd_signal': 11, 'macd_threshold': -0.5, 'atr_period': 14, 'atr_sl_multiplier': 2.5, 'hold_hours': 12, 'entry_day': 7}. Best is trial 6 with value: 1.484988831877278.
[I 2026-06-02 23:29:58,118] Trial 21 finished with value: -9.6 and parameters: {'macd_fast': 8, 'macd_slow': 32, 'macd_signal': 11, 'macd_threshold': 0.0, 'atr_period': 14, 'atr_sl_multiplier': 2.5, 'hold_hours': 12, 'entry_day': 5}. Best is trial 6 with value: 1.484988831877278.
[I 2026-06-02 23:29:58,147] Trial 22 finished with value: -9.6 and parameters: {'macd_fast': 8, 'macd_slow': 32, 'macd_signal': 11, 'macd_threshold': -0.5, 'atr_period': 14, 'atr_sl_multiplier': 2.0, 'hold_hours': 12, 'entry_day': 6}. Best is trial 6 with value: 1.484988831877278.
[I 2026-06-02 23:29:58,204] Trial 20 finished with value: -9.6 and parameters: {'macd_fast': 12, 'macd_slow': 32, 'macd_signal': 11, 'macd_threshold': -0.5, 'atr_period': 14, 'atr_sl_multiplier': 2.5, 'hold_hours': 12, 'entry_day': 6}. Best is trial 6 with value: 1.484988831877278.
[I 2026-06-02 23:29:58,362] Trial 23 finished with value: -9.6 and parameters: {'macd_fast': 8, 'macd_slow': 32, 'macd_signal': 11, 'macd_threshold': -0.5, 'atr_period': 18, 'atr_sl_multiplier': 2.5, 'hold_hours': 12, 'entry_day': 5}. Best is trial 6 with value: 1.484988831877278.
[I 2026-06-02 23:29:58,452] Trial 24 finished with value: -9.6 and parameters: {'macd_fast': 8, 'macd_slow': 32, 'macd_signal': 9, 'macd_threshold': -0.5, 'atr_period': 14, 'atr_sl_multiplier': 2.0, 'hold_hours': 12, 'entry_day': 4}. Best is trial 6 with value: 1.484988831877278.
C:\Users\הלל\Desktop\algo projects\trading-research-factory\walk forward engine\.venv\lib\site-packages\optuna\samplers\_tpe\sampler.py:319: ExperimentalWarning: ``multivariate`` option is an experimental feature. The interface can change in the future.
  warnings.warn(
[I 2026-06-02 23:29:58,889] A new study created in memory with name: no-name-b03d06a5-3b75-47fe-8c90-71e4fb62c054
C:\Users\הלל\Desktop\algo projects\trading-research-factory\walk forward engine\.venv\lib\site-packages\optuna\distributions.py:700: UserWarning: The distribution is specified by [10, 20] and step=4, but the range is not divisible by `step`. It will be replaced by [10, 18].
  warnings.warn(
C:\Users\הלל\Desktop\algo projects\trading-research-factory\walk forward engine\.venv\lib\site-packages\optuna\distributions.py:700: UserWarning: The distribution is specified by [10, 20] and step=4, but the range is not divisible by `step`. It will be replaced by [10, 18].
  warnings.warn(
C:\Users\הלל\Desktop\algo projects\trading-research-factory\walk forward engine\.venv\lib\site-packages\optuna\distributions.py:700: UserWarning: The distribution is specified by [10, 20] and step=4, but the range is not divisible by `step`. It will be replaced by [10, 18].
  warnings.warn(
C:\Users\הלל\Desktop\algo projects\trading-research-factory\walk forward engine\.venv\lib\site-packages\optuna\distributions.py:700: UserWarning: The distribution is specified by [10, 20] and step=4, but the range is not divisible by `step`. It will be replaced by [10, 18].
  warnings.warn(
C:\Users\הלל\Desktop\algo projects\trading-research-factory\walk forward engine\.venv\lib\site-packages\optuna\distributions.py:700: UserWarning: The distribution is specified by [10, 20] and step=4, but the range is not divisible by `step`. It will be replaced by [10, 18].
  warnings.warn(
C:\Users\הלל\Desktop\algo projects\trading-research-factory\walk forward engine\.venv\lib\site-packages\optuna\distributions.py:700: UserWarning: The distribution is specified by [10, 20] and step=4, but the range is not divisible by `step`. It will be replaced by [10, 18].
  warnings.warn(
C:\Users\הלל\Desktop\algo projects\trading-research-factory\walk forward engine\.venv\lib\site-packages\optuna\distributions.py:700: UserWarning: The distribution is specified by [10, 20] and step=4, but the range is not divisible by `step`. It will be replaced by [10, 18].
  warnings.warn(
[I 2026-06-02 23:30:00,137] Trial 0 finished with value: 0.420307771864166 and parameters: {'macd_fast': 12, 'macd_slow': 32, 'macd_signal': 9, 'macd_threshold': -0.5, 'atr_period': 10, 'atr_sl_multiplier': 2.0, 'hold_hours': 48, 'entry_day': 6}. Best is trial 0 with value: 0.420307771864166.
C:\Users\הלל\Desktop\algo projects\trading-research-factory\walk forward engine\.venv\lib\site-packages\optuna\distributions.py:700: UserWarning: The distribution is specified by [10, 20] and step=4, but the range is not divisible by `step`. It will be replaced by [10, 18].
  warnings.warn(
[I 2026-06-02 23:30:00,284] Trial 1 finished with value: -1.6861113264471614 and parameters: {'macd_fast': 8, 'macd_slow': 32, 'macd_signal': 11, 'macd_threshold': 0.0, 'atr_period': 14, 'atr_sl_multiplier': 1.5, 'hold_hours': 12, 'entry_day': 5}. Best is trial 0 with value: 0.420307771864166.
C:\Users\הלל\Desktop\algo projects\trading-research-factory\walk forward engine\.venv\lib\site-packages\optuna\distributions.py:700: UserWarning: The distribution is specified by [10, 20] and step=4, but the range is not divisible by `step`. It will be replaced by [10, 18].
  warnings.warn(
[I 2026-06-02 23:30:01,266] Trial 2 finished with value: -3.2460061245586855 and parameters: {'macd_fast': 16, 'macd_slow': 26, 'macd_signal': 11, 'macd_threshold': 0.5, 'atr_period': 14, 'atr_sl_multiplier': 1.5, 'hold_hours': 36, 'entry_day': 5}. Best is trial 0 with value: 0.420307771864166.
C:\Users\הלל\Desktop\algo projects\trading-research-factory\walk forward engine\.venv\lib\site-packages\optuna\distributions.py:700: UserWarning: The distribution is specified by [10, 20] and step=4, but the range is not divisible by `step`. It will be replaced by [10, 18].
  warnings.warn(
[I 2026-06-02 23:30:01,633] Trial 4 finished with value: 0.9457400365786203 and parameters: {'macd_fast': 16, 'macd_slow': 20, 'macd_signal': 9, 'macd_threshold': -0.5, 'atr_period': 14, 'atr_sl_multiplier': 2.5, 'hold_hours': 48, 'entry_day': 6}. Best is trial 4 with value: 0.9457400365786203.
[I 2026-06-02 23:30:02,594] Trial 6 finished with value: 1.4039135019999762 and parameters: {'macd_fast': 16, 'macd_slow': 26, 'macd_signal': 7, 'macd_threshold': 0.0, 'atr_period': 14, 'atr_sl_multiplier': 2.0, 'hold_hours': 24, 'entry_day': 7}. Best is trial 6 with value: 1.4039135019999762.
C:\Users\הלל\Desktop\algo projects\trading-research-factory\walk forward engine\.venv\lib\site-packages\optuna\distributions.py:700: UserWarning: The distribution is specified by [10, 20] and step=4, but the range is not divisible by `step`. It will be replaced by [10, 18].
  warnings.warn(
C:\Users\הלל\Desktop\algo projects\trading-research-factory\walk forward engine\.venv\lib\site-packages\optuna\distributions.py:700: UserWarning: The distribution is specified by [10, 20] and step=4, but the range is not divisible by `step`. It will be replaced by [10, 18].
  warnings.warn(
[I 2026-06-02 23:30:02,970] Trial 5 finished with value: -0.22339417989951865 and parameters: {'macd_fast': 8, 'macd_slow': 32, 'macd_signal': 9, 'macd_threshold': -0.5, 'atr_period': 14, 'atr_sl_multiplier': 2.0, 'hold_hours': 36, 'entry_day': 1}. Best is trial 6 with value: 1.4039135019999762.
[I 2026-06-02 23:30:03,121] Trial 8 finished with value: -0.37142220230388756 and parameters: {'macd_fast': 16, 'macd_slow': 26, 'macd_signal': 7, 'macd_threshold': -0.5, 'atr_period': 10, 'atr_sl_multiplier': 1.5, 'hold_hours': 24, 'entry_day': 6}. Best is trial 6 with value: 1.4039135019999762.
C:\Users\הלל\Desktop\algo projects\trading-research-factory\walk forward engine\.venv\lib\site-packages\optuna\distributions.py:700: UserWarning: The distribution is specified by [10, 20] and step=4, but the range is not divisible by `step`. It will be replaced by [10, 18].
  warnings.warn(
[I 2026-06-02 23:30:03,394] Trial 10 finished with value: -0.08206016216477355 and parameters: {'macd_fast': 16, 'macd_slow': 20, 'macd_signal': 7, 'macd_threshold': -0.5, 'atr_period': 14, 'atr_sl_multiplier': 2.5, 'hold_hours': 36, 'entry_day': 1}. Best is trial 6 with value: 1.4039135019999762.
C:\Users\הלל\Desktop\algo projects\trading-research-factory\walk forward engine\.venv\lib\site-packages\optuna\distributions.py:700: UserWarning: The distribution is specified by [10, 20] and step=4, but the range is not divisible by `step`. It will be replaced by [10, 18].
  warnings.warn(
[I 2026-06-02 23:30:03,479] Trial 7 finished with value: -3.537027187888346 and parameters: {'macd_fast': 12, 'macd_slow': 32, 'macd_signal': 11, 'macd_threshold': 0.0, 'atr_period': 10, 'atr_sl_multiplier': 1.5, 'hold_hours': 36, 'entry_day': 5}. Best is trial 6 with value: 1.4039135019999762.
[I 2026-06-02 23:30:03,495] Trial 3 finished with value: -0.7727822426611449 and parameters: {'macd_fast': 16, 'macd_slow': 20, 'macd_signal': 9, 'macd_threshold': 0.0, 'atr_period': 10, 'atr_sl_multiplier': 2.0, 'hold_hours': 48, 'entry_day': 1}. Best is trial 6 with value: 1.4039135019999762.
