2026-05-29 16:03:30,938 - HighSpeedSmokeTest - [INFO] - 🚀 HIGH-SPEED SMOKE TEST STARTING
2026-05-29 16:03:30,939 - HighSpeedSmokeTest - [INFO] - ================================================================================
2026-05-29 16:03:30,939 - HighSpeedSmokeTest - [INFO] - CONFIGURABLE WALK-FORWARD ANALYSIS TEST RUNNER
2026-05-29 16:03:30,939 - HighSpeedSmokeTest - [INFO] - ================================================================================
2026-05-29 16:03:30,939 - HighSpeedSmokeTest - [INFO] - Start time: 2026-05-29 16:03:30.939577
2026-05-29 16:03:30,939 - HighSpeedSmokeTest - [INFO] - ================================================================================
2026-05-29 16:03:30,968 - HighSpeedSmokeTest - [INFO] - [16:03:30.968] === SMOKE TEST CHECKPOINT: CONFIGURABLE TEST RUNNER INITIALIZATION ===
C:\Users\הלל\Desktop\algo projects\trading-research-factory\walk forward engine\.venv\lib\site-packages\optuna\samplers\_tpe\sampler.py:319: ExperimentalWarning: ``multivariate`` option is an experimental feature. The interface can change in the future.
  warnings.warn(
[I 2026-05-29 16:03:56,465] A new study created in memory with name: no-name-b0defefb-7c8b-41e6-9eca-82f39b9a8e5d
[I 2026-05-29 16:04:17,842] Trial 7 finished with value: -9.9 and parameters: {'bb_period': 20, 'bb_std_extreme': 2.5, 'wick_ratio_min': 1.75, 'min_body_atr_pct': 0.1, 'rsi_h1_period': 14, 'rsi_kill_low': 35, 'rsi_kill_high': 65, 'atr_period': 14, 'atr_stop_mult': 2.0, 'min_rr_ratio': 1.0, 'session_start_london': 8, 'session_end_london': 16}. Best is trial 7 with value: -9.9.
[I 2026-05-29 16:04:17,866] Trial 5 finished with value: -9.9 and parameters: {'bb_period': 20, 'bb_std_extreme': 2.5, 'wick_ratio_min': 1.75, 'min_body_atr_pct': 0.1, 'rsi_h1_period': 14, 'rsi_kill_low': 35, 'rsi_kill_high': 65, 'atr_period': 14, 'atr_stop_mult': 2.0, 'min_rr_ratio': 1.0, 'session_start_london': 8, 'session_end_london': 16}. Best is trial 7 with value: -9.9.
[I 2026-05-29 16:04:17,906] Trial 2 finished with value: -9.9 and parameters: {'bb_period': 20, 'bb_std_extreme': 2.5, 'wick_ratio_min': 1.75, 'min_body_atr_pct': 0.1, 'rsi_h1_period': 14, 'rsi_kill_low': 35, 'rsi_kill_high': 65, 'atr_period': 14, 'atr_stop_mult': 2.0, 'min_rr_ratio': 1.0, 'session_start_london': 8, 'session_end_london': 16}. Best is trial 7 with value: -9.9.
[I 2026-05-29 16:04:17,943] Trial 3 finished with value: -9.9 and parameters: {'bb_period': 20, 'bb_std_extreme': 2.5, 'wick_ratio_min': 1.75, 'min_body_atr_pct': 0.1, 'rsi_h1_period': 14, 'rsi_kill_low': 35, 'rsi_kill_high': 65, 'atr_period': 14, 'atr_stop_mult': 2.0, 'min_rr_ratio': 1.0, 'session_start_london': 8, 'session_end_london': 16}. Best is trial 7 with value: -9.9.
[I 2026-05-29 16:04:17,973] Trial 6 finished with value: -9.9 and parameters: {'bb_period': 20, 'bb_std_extreme': 2.5, 'wick_ratio_min': 1.75, 'min_body_atr_pct': 0.1, 'rsi_h1_period': 14, 'rsi_kill_low': 35, 'rsi_kill_high': 65, 'atr_period': 14, 'atr_stop_mult': 2.0, 'min_rr_ratio': 1.0, 'session_start_london': 8, 'session_end_london': 16}. Best is trial 7 with value: -9.9.
[I 2026-05-29 16:04:17,990] Trial 4 finished with value: -9.9 and parameters: {'bb_period': 20, 'bb_std_extreme': 2.5, 'wick_ratio_min': 1.75, 'min_body_atr_pct': 0.1, 'rsi_h1_period': 14, 'rsi_kill_low': 35, 'rsi_kill_high': 65, 'atr_period': 14, 'atr_stop_mult': 2.0, 'min_rr_ratio': 1.0, 'session_start_london': 8, 'session_end_london': 16}. Best is trial 7 with value: -9.9.
[I 2026-05-29 16:04:17,997] Trial 1 finished with value: -9.9 and parameters: {'bb_period': 20, 'bb_std_extreme': 2.5, 'wick_ratio_min': 1.75, 'min_body_atr_pct': 0.1, 'rsi_h1_period': 14, 'rsi_kill_low': 35, 'rsi_kill_high': 65, 'atr_period': 14, 'atr_stop_mult': 2.0, 'min_rr_ratio': 1.0, 'session_start_london': 8, 'session_end_london': 16}. Best is trial 7 with value: -9.9.
[I 2026-05-29 16:04:18,015] Trial 0 finished with value: -9.9 and parameters: {'bb_period': 20, 'bb_std_extreme': 2.5, 'wick_ratio_min': 1.75, 'min_body_atr_pct': 0.1, 'rsi_h1_period': 14, 'rsi_kill_low': 35, 'rsi_kill_high': 65, 'atr_period': 14, 'atr_stop_mult': 2.0, 'min_rr_ratio': 1.0, 'session_start_london': 8, 'session_end_london': 16}. Best is trial 7 with value: -9.9.
[I 2026-05-29 16:04:18,351] Trial 8 finished with value: -9.9 and parameters: {'bb_period': 20, 'bb_std_extreme': 2.5, 'wick_ratio_min': 1.75, 'min_body_atr_pct': 0.1, 'rsi_h1_period': 14, 'rsi_kill_low': 35, 'rsi_kill_high': 65, 'atr_period': 14, 'atr_stop_mult': 2.0, 'min_rr_ratio': 1.0, 'session_start_london': 8, 'session_end_london': 16}. Best is trial 7 with value: -9.9.
[I 2026-05-29 16:04:18,605] Trial 9 finished with value: -9.9 and parameters: {'bb_period': 20, 'bb_std_extreme': 2.5, 'wick_ratio_min': 1.75, 'min_body_atr_pct': 0.1, 'rsi_h1_period': 14, 'rsi_kill_low': 35, 'rsi_kill_high': 65, 'atr_period': 14, 'atr_stop_mult': 2.0, 'min_rr_ratio': 1.0, 'session_start_london': 8, 'session_end_london': 16}. Best is trial 7 with value: -9.9.
[I 2026-05-29 16:04:18,847] Trial 10 finished with value: -9.9 and parameters: {'bb_period': 20, 'bb_std_extreme': 2.5, 'wick_ratio_min': 1.75, 'min_body_atr_pct': 0.1, 'rsi_h1_period': 14, 'rsi_kill_low': 35, 'rsi_kill_high': 65, 'atr_period': 14, 'atr_stop_mult': 2.0, 'min_rr_ratio': 1.0, 'session_start_london': 8, 'session_end_london': 16}. Best is trial 7 with value: -9.9.
[I 2026-05-29 16:04:18,953] Trial 12 finished with value: -9.9 and parameters: {'bb_period': 20, 'bb_std_extreme': 2.5, 'wick_ratio_min': 1.75, 'min_body_atr_pct': 0.1, 'rsi_h1_period': 14, 'rsi_kill_low': 35, 'rsi_kill_high': 65, 'atr_period': 14, 'atr_stop_mult': 2.0, 'min_rr_ratio': 1.0, 'session_start_london': 8, 'session_end_london': 16}. Best is trial 7 with value: -9.9.
[I 2026-05-29 16:04:19,007] Trial 13 finished with value: -9.9 and parameters: {'bb_period': 20, 'bb_std_extreme': 2.5, 'wick_ratio_min': 1.75, 'min_body_atr_pct': 0.1, 'rsi_h1_period': 14, 'rsi_kill_low': 35, 'rsi_kill_high': 65, 'atr_period': 14, 'atr_stop_mult': 2.0, 'min_rr_ratio': 1.0, 'session_start_london': 8, 'session_end_london': 16}. Best is trial 7 with value: -9.9.
[I 2026-05-29 16:04:19,027] Trial 11 finished with value: -9.9 and parameters: {'bb_period': 20, 'bb_std_extreme': 2.5, 'wick_ratio_min': 1.75, 'min_body_atr_pct': 0.1, 'rsi_h1_period': 14, 'rsi_kill_low': 35, 'rsi_kill_high': 65, 'atr_period': 14, 'atr_stop_mult': 2.0, 'min_rr_ratio': 1.0, 'session_start_london': 8, 'session_end_london': 16}. Best is trial 7 with value: -9.9.
[I 2026-05-29 16:04:19,029] Trial 15 finished with value: -9.9 and parameters: {'bb_period': 20, 'bb_std_extreme': 2.5, 'wick_ratio_min': 1.75, 'min_body_atr_pct': 0.1, 'rsi_h1_period': 14, 'rsi_kill_low': 35, 'rsi_kill_high': 65, 'atr_period': 14, 'atr_stop_mult': 2.0, 'min_rr_ratio': 1.0, 'session_start_london': 8, 'session_end_london': 16}. Best is trial 7 with value: -9.9.
[I 2026-05-29 16:04:19,055] Trial 14 finished with value: -9.9 and parameters: {'bb_period': 20, 'bb_std_extreme': 2.5, 'wick_ratio_min': 1.75, 'min_body_atr_pct': 0.1, 'rsi_h1_period': 14, 'rsi_kill_low': 35, 'rsi_kill_high': 65, 'atr_period': 14, 'atr_stop_mult': 2.0, 'min_rr_ratio': 1.0, 'session_start_london': 8, 'session_end_london': 16}. Best is trial 7 with value: -9.9.
[I 2026-05-29 16:04:19,146] Trial 16 finished with value: -9.9 and parameters: {'bb_period': 20, 'bb_std_extreme': 2.5, 'wick_ratio_min': 1.75, 'min_body_atr_pct': 0.1, 'rsi_h1_period': 14, 'rsi_kill_low': 35, 'rsi_kill_high': 65, 'atr_period': 14, 'atr_stop_mult': 2.0, 'min_rr_ratio': 1.0, 'session_start_london': 8, 'session_end_london': 16}. Best is trial 7 with value: -9.9.
[I 2026-05-29 16:04:19,203] Trial 17 finished with value: -9.9 and parameters: {'bb_period': 20, 'bb_std_extreme': 2.5, 'wick_ratio_min': 1.75, 'min_body_atr_pct': 0.1, 'rsi_h1_period': 14, 'rsi_kill_low': 35, 'rsi_kill_high': 65, 'atr_period': 14, 'atr_stop_mult': 2.0, 'min_rr_ratio': 1.0, 'session_start_london': 8, 'session_end_london': 16}. Best is trial 7 with value: -9.9.
[I 2026-05-29 16:04:19,280] Trial 19 finished with value: -9.9 and parameters: {'bb_period': 20, 'bb_std_extreme': 2.5, 'wick_ratio_min': 1.75, 'min_body_atr_pct': 0.1, 'rsi_h1_period': 14, 'rsi_kill_low': 35, 'rsi_kill_high': 65, 'atr_period': 14, 'atr_stop_mult': 2.0, 'min_rr_ratio': 1.0, 'session_start_london': 8, 'session_end_london': 16}. Best is trial 7 with value: -9.9.
[I 2026-05-29 16:04:19,298] Trial 18 finished with value: -9.9 and parameters: {'bb_period': 20, 'bb_std_extreme': 2.5, 'wick_ratio_min': 1.75, 'min_body_atr_pct': 0.1, 'rsi_h1_period': 14, 'rsi_kill_low': 35, 'rsi_kill_high': 65, 'atr_period': 14, 'atr_stop_mult': 2.0, 'min_rr_ratio': 1.0, 'session_start_london': 8, 'session_end_london': 16}. Best is trial 7 with value: -9.9.
C:\Users\הלל\Desktop\algo projects\trading-research-factory\walk forward engine\.venv\lib\site-packages\optuna\samplers\_tpe\sampler.py:319: ExperimentalWarning: ``multivariate`` option is an experimental feature. The interface can change in the future.
  warnings.warn(
[I 2026-05-29 16:04:19,512] A new study created in memory with name: no-name-425ad1b8-322f-48dc-809b-2ec8701c9e8c
[I 2026-05-29 16:04:20,084] Trial 0 finished with value: -9.8 and parameters: {'bb_period': 20, 'bb_std_extreme': 2.5, 'wick_ratio_min': 1.75, 'min_body_atr_pct': 0.1, 'rsi_h1_period': 14, 'rsi_kill_low': 35, 'rsi_kill_high': 65, 'atr_period': 14, 'atr_stop_mult': 2.0, 'min_rr_ratio': 1.0, 'session_start_london': 8, 'session_end_london': 16}. Best is trial 0 with value: -9.8.
[I 2026-05-29 16:04:20,107] Trial 6 finished with value: -9.8 and parameters: {'bb_period': 20, 'bb_std_extreme': 2.5, 'wick_ratio_min': 1.75, 'min_body_atr_pct': 0.1, 'rsi_h1_period': 14, 'rsi_kill_low': 35, 'rsi_kill_high': 65, 'atr_period': 14, 'atr_stop_mult': 2.0, 'min_rr_ratio': 1.0, 'session_start_london': 8, 'session_end_london': 16}. Best is trial 0 with value: -9.8.
[I 2026-05-29 16:04:20,135] Trial 1 finished with value: -9.8 and parameters: {'bb_period': 20, 'bb_std_extreme': 2.5, 'wick_ratio_min': 1.75, 'min_body_atr_pct': 0.1, 'rsi_h1_period': 14, 'rsi_kill_low': 35, 'rsi_kill_high': 65, 'atr_period': 14, 'atr_stop_mult': 2.0, 'min_rr_ratio': 1.0, 'session_start_london': 8, 'session_end_london': 16}. Best is trial 0 with value: -9.8.
[I 2026-05-29 16:04:20,310] Trial 7 finished with value: -9.8 and parameters: {'bb_period': 20, 'bb_std_extreme': 2.5, 'wick_ratio_min': 1.75, 'min_body_atr_pct': 0.1, 'rsi_h1_period': 14, 'rsi_kill_low': 35, 'rsi_kill_high': 65, 'atr_period': 14, 'atr_stop_mult': 2.0, 'min_rr_ratio': 1.0, 'session_start_london': 8, 'session_end_london': 16}. Best is trial 0 with value: -9.8.
[I 2026-05-29 16:04:20,376] Trial 3 finished with value: -9.8 and parameters: {'bb_period': 20, 'bb_std_extreme': 2.5, 'wick_ratio_min': 1.75, 'min_body_atr_pct': 0.1, 'rsi_h1_period': 14, 'rsi_kill_low': 35, 'rsi_kill_high': 65, 'atr_period': 14, 'atr_stop_mult': 2.0, 'min_rr_ratio': 1.0, 'session_start_london': 8, 'session_end_london': 16}. Best is trial 0 with value: -9.8.
[I 2026-05-29 16:04:20,386] Trial 5 finished with value: -9.8 and parameters: {'bb_period': 20, 'bb_std_extreme': 2.5, 'wick_ratio_min': 1.75, 'min_body_atr_pct': 0.1, 'rsi_h1_period': 14, 'rsi_kill_low': 35, 'rsi_kill_high': 65, 'atr_period': 14, 'atr_stop_mult': 2.0, 'min_rr_ratio': 1.0, 'session_start_london': 8, 'session_end_london': 16}. Best is trial 0 with value: -9.8.
[I 2026-05-29 16:04:20,409] Trial 2 finished with value: -9.8 and parameters: {'bb_period': 20, 'bb_std_extreme': 2.5, 'wick_ratio_min': 1.75, 'min_body_atr_pct': 0.1, 'rsi_h1_period': 14, 'rsi_kill_low': 35, 'rsi_kill_high': 65, 'atr_period': 14, 'atr_stop_mult': 2.0, 'min_rr_ratio': 1.0, 'session_start_london': 8, 'session_end_london': 16}. Best is trial 0 with value: -9.8.
[I 2026-05-29 16:04:20,660] Trial 4 finished with value: -9.8 and parameters: {'bb_period': 20, 'bb_std_extreme': 2.5, 'wick_ratio_min': 1.75, 'min_body_atr_pct': 0.1, 'rsi_h1_period': 14, 'rsi_kill_low': 35, 'rsi_kill_high': 65, 'atr_period': 14, 'atr_stop_mult': 2.0, 'min_rr_ratio': 1.0, 'session_start_london': 8, 'session_end_london': 16}. Best is trial 0 with value: -9.8.
[I 2026-05-29 16:04:20,859] Trial 9 finished with value: -9.8 and parameters: {'bb_period': 20, 'bb_std_extreme': 2.5, 'wick_ratio_min': 1.75, 'min_body_atr_pct': 0.1, 'rsi_h1_period': 14, 'rsi_kill_low': 35, 'rsi_kill_high': 65, 'atr_period': 14, 'atr_stop_mult': 2.0, 'min_rr_ratio': 1.0, 'session_start_london': 8, 'session_end_london': 16}. Best is trial 0 with value: -9.8.
[I 2026-05-29 16:04:20,923] Trial 10 finished with value: -9.8 and parameters: {'bb_period': 20, 'bb_std_extreme': 2.5, 'wick_ratio_min': 1.75, 'min_body_atr_pct': 0.1, 'rsi_h1_period': 14, 'rsi_kill_low': 35, 'rsi_kill_high': 65, 'atr_period': 14, 'atr_stop_mult': 2.0, 'min_rr_ratio': 1.0, 'session_start_london': 8, 'session_end_london': 16}. Best is trial 0 with value: -9.8.
[I 2026-05-29 16:04:21,125] Trial 8 finished with value: -9.8 and parameters: {'bb_period': 20, 'bb_std_extreme': 2.5, 'wick_ratio_min': 1.75, 'min_body_atr_pct': 0.1, 'rsi_h1_period': 14, 'rsi_kill_low': 35, 'rsi_kill_high': 65, 'atr_period': 14, 'atr_stop_mult': 2.0, 'min_rr_ratio': 1.0, 'session_start_london': 8, 'session_end_london': 16}. Best is trial 0 with value: -9.8.
[I 2026-05-29 16:04:21,179] Trial 11 finished with value: -9.8 and parameters: {'bb_period': 20, 'bb_std_extreme': 2.5, 'wick_ratio_min': 1.75, 'min_body_atr_pct': 0.1, 'rsi_h1_period': 14, 'rsi_kill_low': 35, 'rsi_kill_high': 65, 'atr_period': 14, 'atr_stop_mult': 2.0, 'min_rr_ratio': 1.0, 'session_start_london': 8, 'session_end_london': 16}. Best is trial 0 with value: -9.8.
[I 2026-05-29 16:04:21,316] Trial 12 finished with value: -9.8 and parameters: {'bb_period': 20, 'bb_std_extreme': 2.5, 'wick_ratio_min': 1.75, 'min_body_atr_pct': 0.1, 'rsi_h1_period': 14, 'rsi_kill_low': 35, 'rsi_kill_high': 65, 'atr_period': 14, 'atr_stop_mult': 2.0, 'min_rr_ratio': 1.0, 'session_start_london': 8, 'session_end_london': 16}. Best is trial 0 with value: -9.8.
[I 2026-05-29 16:04:21,369] Trial 13 finished with value: -9.8 and parameters: {'bb_period': 20, 'bb_std_extreme': 2.5, 'wick_ratio_min': 1.75, 'min_body_atr_pct': 0.1, 'rsi_h1_period': 14, 'rsi_kill_low': 35, 'rsi_kill_high': 65, 'atr_period': 14, 'atr_stop_mult': 2.0, 'min_rr_ratio': 1.0, 'session_start_london': 8, 'session_end_london': 16}. Best is trial 0 with value: -9.8.
[I 2026-05-29 16:04:21,395] Trial 15 finished with value: -9.8 and parameters: {'bb_period': 20, 'bb_std_extreme': 2.5, 'wick_ratio_min': 1.75, 'min_body_atr_pct': 0.1, 'rsi_h1_period': 14, 'rsi_kill_low': 35, 'rsi_kill_high': 65, 'atr_period': 14, 'atr_stop_mult': 2.0, 'min_rr_ratio': 1.0, 'session_start_london': 8, 'session_end_london': 16}. Best is trial 0 with value: -9.8.
[I 2026-05-29 16:04:21,398] Trial 14 finished with value: -9.8 and parameters: {'bb_period': 20, 'bb_std_extreme': 2.5, 'wick_ratio_min': 1.75, 'min_body_atr_pct': 0.1, 'rsi_h1_period': 14, 'rsi_kill_low': 35, 'rsi_kill_high': 65, 'atr_period': 14, 'atr_stop_mult': 2.0, 'min_rr_ratio': 1.0, 'session_start_london': 8, 'session_end_london': 16}. Best is trial 0 with value: -9.8.
[I 2026-05-29 16:04:21,488] Trial 16 finished with value: -9.8 and parameters: {'bb_period': 20, 'bb_std_extreme': 2.5, 'wick_ratio_min': 1.75, 'min_body_atr_pct': 0.1, 'rsi_h1_period': 14, 'rsi_kill_low': 35, 'rsi_kill_high': 65, 'atr_period': 14, 'atr_stop_mult': 2.0, 'min_rr_ratio': 1.0, 'session_start_london': 8, 'session_end_london': 16}. Best is trial 0 with value: -9.8.
[I 2026-05-29 16:04:21,546] Trial 17 finished with value: -9.8 and parameters: {'bb_period': 20, 'bb_std_extreme': 2.5, 'wick_ratio_min': 1.75, 'min_body_atr_pct': 0.1, 'rsi_h1_period': 14, 'rsi_kill_low': 35, 'rsi_kill_high': 65, 'atr_period': 14, 'atr_stop_mult': 2.0, 'min_rr_ratio': 1.0, 'session_start_london': 8, 'session_end_london': 16}. Best is trial 0 with value: -9.8.
[I 2026-05-29 16:04:21,641] Trial 18 finished with value: -9.8 and parameters: {'bb_period': 20, 'bb_std_extreme': 2.5, 'wick_ratio_min': 1.75, 'min_body_atr_pct': 0.1, 'rsi_h1_period': 14, 'rsi_kill_low': 35, 'rsi_kill_high': 65, 'atr_period': 14, 'atr_stop_mult': 2.0, 'min_rr_ratio': 1.0, 'session_start_london': 8, 'session_end_london': 16}. Best is trial 0 with value: -9.8.
[I 2026-05-29 16:04:21,664] Trial 19 finished with value: -9.8 and parameters: {'bb_period': 20, 'bb_std_extreme': 2.5, 'wick_ratio_min': 1.75, 'min_body_atr_pct': 0.1, 'rsi_h1_period': 14, 'rsi_kill_low': 35, 'rsi_kill_high': 65, 'atr_period': 14, 'atr_stop_mult': 2.0, 'min_rr_ratio': 1.0, 'session_start_london': 8, 'session_end_london': 16}. Best is trial 0 with value: -9.8.
C:\Users\הלל\Desktop\algo projects\trading-research-factory\walk forward engine\.venv\lib\site-packages\optuna\samplers\_tpe\sampler.py:319: ExperimentalWarning: ``multivariate`` option is an experimental feature. The interface can change in the future.
  warnings.warn(
[I 2026-05-29 16:04:21,897] A new study created in memory with name: no-name-097a9a8f-e38c-4907-b9f5-fd806df64b30
[I 2026-05-29 16:04:22,380] Trial 0 finished with value: -9.8 and parameters: {'bb_period': 20, 'bb_std_extreme': 2.5, 'wick_ratio_min': 1.75, 'min_body_atr_pct': 0.1, 'rsi_h1_period': 14, 'rsi_kill_low': 35, 'rsi_kill_high': 65, 'atr_period': 14, 'atr_stop_mult': 2.0, 'min_rr_ratio': 1.0, 'session_start_london': 8, 'session_end_london': 16}. Best is trial 0 with value: -9.8.
[I 2026-05-29 16:04:22,605] Trial 2 finished with value: -9.8 and parameters: {'bb_period': 20, 'bb_std_extreme': 2.5, 'wick_ratio_min': 1.75, 'min_body_atr_pct': 0.1, 'rsi_h1_period': 14, 'rsi_kill_low': 35, 'rsi_kill_high': 65, 'atr_period': 14, 'atr_stop_mult': 2.0, 'min_rr_ratio': 1.0, 'session_start_london': 8, 'session_end_london': 16}. Best is trial 0 with value: -9.8.
[I 2026-05-29 16:04:23,039] Trial 4 finished with value: -9.8 and parameters: {'bb_period': 20, 'bb_std_extreme': 2.5, 'wick_ratio_min': 1.75, 'min_body_atr_pct': 0.1, 'rsi_h1_period': 14, 'rsi_kill_low': 35, 'rsi_kill_high': 65, 'atr_period': 14, 'atr_stop_mult': 2.0, 'min_rr_ratio': 1.0, 'session_start_london': 8, 'session_end_london': 16}. Best is trial 0 with value: -9.8.
[I 2026-05-29 16:04:23,190] Trial 5 finished with value: -9.8 and parameters: {'bb_period': 20, 'bb_std_extreme': 2.5, 'wick_ratio_min': 1.75, 'min_body_atr_pct': 0.1, 'rsi_h1_period': 14, 'rsi_kill_low': 35, 'rsi_kill_high': 65, 'atr_period': 14, 'atr_stop_mult': 2.0, 'min_rr_ratio': 1.0, 'session_start_london': 8, 'session_end_london': 16}. Best is trial 0 with value: -9.8.
[I 2026-05-29 16:04:23,309] Trial 6 finished with value: -9.8 and parameters: {'bb_period': 20, 'bb_std_extreme': 2.5, 'wick_ratio_min': 1.75, 'min_body_atr_pct': 0.1, 'rsi_h1_period': 14, 'rsi_kill_low': 35, 'rsi_kill_high': 65, 'atr_period': 14, 'atr_stop_mult': 2.0, 'min_rr_ratio': 1.0, 'session_start_london': 8, 'session_end_london': 16}. Best is trial 0 with value: -9.8.
[I 2026-05-29 16:04:23,336] Trial 7 finished with value: -9.8 and parameters: {'bb_period': 20, 'bb_std_extreme': 2.5, 'wick_ratio_min': 1.75, 'min_body_atr_pct': 0.1, 'rsi_h1_period': 14, 'rsi_kill_low': 35, 'rsi_kill_high': 65, 'atr_period': 14, 'atr_stop_mult': 2.0, 'min_rr_ratio': 1.0, 'session_start_london': 8, 'session_end_london': 16}. Best is trial 0 with value: -9.8.
[I 2026-05-29 16:04:23,343] Trial 1 finished with value: -9.8 and parameters: {'bb_period': 20, 'bb_std_extreme': 2.5, 'wick_ratio_min': 1.75, 'min_body_atr_pct': 0.1, 'rsi_h1_period': 14, 'rsi_kill_low': 35, 'rsi_kill_high': 65, 'atr_period': 14, 'atr_stop_mult': 2.0, 'min_rr_ratio': 1.0, 'session_start_london': 8, 'session_end_london': 16}. Best is trial 0 with value: -9.8.
[I 2026-05-29 16:04:23,408] Trial 3 finished with value: -9.8 and parameters: {'bb_period': 20, 'bb_std_extreme': 2.5, 'wick_ratio_min': 1.75, 'min_body_atr_pct': 0.1, 'rsi_h1_period': 14, 'rsi_kill_low': 35, 'rsi_kill_high': 65, 'atr_period': 14, 'atr_stop_mult': 2.0, 'min_rr_ratio': 1.0, 'session_start_london': 8, 'session_end_london': 16}. Best is trial 0 with value: -9.8.
[I 2026-05-29 16:04:23,670] Trial 8 finished with value: -9.8 and parameters: {'bb_period': 20, 'bb_std_extreme': 2.5, 'wick_ratio_min': 1.75, 'min_body_atr_pct': 0.1, 'rsi_h1_period': 14, 'rsi_kill_low': 35, 'rsi_kill_high': 65, 'atr_period': 14, 'atr_stop_mult': 2.0, 'min_rr_ratio': 1.0, 'session_start_london': 8, 'session_end_london': 16}. Best is trial 0 with value: -9.8.
[I 2026-05-29 16:04:23,849] Trial 9 finished with value: -9.8 and parameters: {'bb_period': 20, 'bb_std_extreme': 2.5, 'wick_ratio_min': 1.75, 'min_body_atr_pct': 0.1, 'rsi_h1_period': 14, 'rsi_kill_low': 35, 'rsi_kill_high': 65, 'atr_period': 14, 'atr_stop_mult': 2.0, 'min_rr_ratio': 1.0, 'session_start_london': 8, 'session_end_london': 16}. Best is trial 0 with value: -9.8.
[I 2026-05-29 16:04:24,051] Trial 10 finished with value: -9.8 and parameters: {'bb_period': 20, 'bb_std_extreme': 2.5, 'wick_ratio_min': 1.75, 'min_body_atr_pct': 0.1, 'rsi_h1_period': 14, 'rsi_kill_low': 35, 'rsi_kill_high': 65, 'atr_period': 14, 'atr_stop_mult': 2.0, 'min_rr_ratio': 1.0, 'session_start_london': 8, 'session_end_london': 16}. Best is trial 0 with value: -9.8.
[I 2026-05-29 16:04:24,229] Trial 11 finished with value: -9.8 and parameters: {'bb_period': 20, 'bb_std_extreme': 2.5, 'wick_ratio_min': 1.75, 'min_body_atr_pct': 0.1, 'rsi_h1_period': 14, 'rsi_kill_low': 35, 'rsi_kill_high': 65, 'atr_period': 14, 'atr_stop_mult': 2.0, 'min_rr_ratio': 1.0, 'session_start_london': 8, 'session_end_london': 16}. Best is trial 0 with value: -9.8.
