[I 2026-05-29 16:07:39,380] Trial 0 finished with value: -1.6903603683546753 and parameters: {'bb_period': 20, 'bb_std_extreme': 2.5, 'wick_ratio_min': 1.75, 'min_body_atr_pct': 0.1, 'rsi_h1_period': 14, 'rsi_kill_low': 35, 'rsi_kill_high': 65, 'atr_period': 14, 'atr_stop_mult': 2.0, 'min_rr_ratio': 1.0, 'session_start_london': 8, 'session_end_london': 16}. Best is trial 1 with value: -1.6903603683546753.
[I 2026-05-29 16:07:39,480] Trial 2 finished with value: -1.6903603683546753 and parameters: {'bb_period': 20, 'bb_std_extreme': 2.5, 'wick_ratio_min': 1.75, 'min_body_atr_pct': 0.1, 'rsi_h1_period': 14, 'rsi_kill_low': 35, 'rsi_kill_high': 65, 'atr_period': 14, 'atr_stop_mult': 2.0, 'min_rr_ratio': 1.0, 'session_start_london': 8, 'session_end_london': 16}. Best is trial 1 with value: -1.6903603683546753.
[I 2026-05-29 16:07:39,558] Trial 3 finished with value: -1.6903603683546753 and parameters: {'bb_period': 20, 'bb_std_extreme': 2.5, 'wick_ratio_min': 1.75, 'min_body_atr_pct': 0.1, 'rsi_h1_period': 14, 'rsi_kill_low': 35, 'rsi_kill_high': 65, 'atr_period': 14, 'atr_stop_mult': 2.0, 'min_rr_ratio': 1.0, 'session_start_london': 8, 'session_end_london': 16}. Best is trial 1 with value: -1.6903603683546753.
[I 2026-05-29 16:07:39,884] Trial 4 finished with value: -1.6903603683546753 and parameters: {'bb_period': 20, 'bb_std_extreme': 2.5, 'wick_ratio_min': 1.75, 'min_body_atr_pct': 0.1, 'rsi_h1_period': 14, 'rsi_kill_low': 35, 'rsi_kill_high': 65, 'atr_period': 14, 'atr_stop_mult': 2.0, 'min_rr_ratio': 1.0, 'session_start_london': 8, 'session_end_london': 16}. Best is trial 1 with value: -1.6903603683546753.
[I 2026-05-29 16:07:39,928] Trial 6 finished with value: -1.6903603683546753 and parameters: {'bb_period': 20, 'bb_std_extreme': 2.5, 'wick_ratio_min': 1.75, 'min_body_atr_pct': 0.1, 'rsi_h1_period': 14, 'rsi_kill_low': 35, 'rsi_kill_high': 65, 'atr_period': 14, 'atr_stop_mult': 2.0, 'min_rr_ratio': 1.0, 'session_start_london': 8, 'session_end_london': 16}. Best is trial 1 with value: -1.6903603683546753.
[I 2026-05-29 16:07:39,979] Trial 7 finished with value: -1.6903603683546753 and parameters: {'bb_period': 20, 'bb_std_extreme': 2.5, 'wick_ratio_min': 1.75, 'min_body_atr_pct': 0.1, 'rsi_h1_period': 14, 'rsi_kill_low': 35, 'rsi_kill_high': 65, 'atr_period': 14, 'atr_stop_mult': 2.0, 'min_rr_ratio': 1.0, 'session_start_london': 8, 'session_end_london': 16}. Best is trial 1 with value: -1.6903603683546753.
[I 2026-05-29 16:07:40,250] Trial 5 finished with value: -1.6903603683546753 and parameters: {'bb_period': 20, 'bb_std_extreme': 2.5, 'wick_ratio_min': 1.75, 'min_body_atr_pct': 0.1, 'rsi_h1_period': 14, 'rsi_kill_low': 35, 'rsi_kill_high': 65, 'atr_period': 14, 'atr_stop_mult': 2.0, 'min_rr_ratio': 1.0, 'session_start_london': 8, 'session_end_london': 16}. Best is trial 1 with value: -1.6903603683546753.
[I 2026-05-29 16:07:40,830] Trial 8 finished with value: -1.6903603683546753 and parameters: {'bb_period': 20, 'bb_std_extreme': 2.5, 'wick_ratio_min': 1.75, 'min_body_atr_pct': 0.1, 'rsi_h1_period': 14, 'rsi_kill_low': 35, 'rsi_kill_high': 65, 'atr_period': 14, 'atr_stop_mult': 2.0, 'min_rr_ratio': 1.0, 'session_start_london': 8, 'session_end_london': 16}. Best is trial 1 with value: -1.6903603683546753.
[I 2026-05-29 16:07:41,420] Trial 9 finished with value: -1.6903603683546753 and parameters: {'bb_period': 20, 'bb_std_extreme': 2.5, 'wick_ratio_min': 1.75, 'min_body_atr_pct': 0.1, 'rsi_h1_period': 14, 'rsi_kill_low': 35, 'rsi_kill_high': 65, 'atr_period': 14, 'atr_stop_mult': 2.0, 'min_rr_ratio': 1.0, 'session_start_london': 8, 'session_end_london': 16}. Best is trial 1 with value: -1.6903603683546753.
[I 2026-05-29 16:07:41,922] Trial 11 finished with value: -1.6903603683546753 and parameters: {'bb_period': 20, 'bb_std_extreme': 2.5, 'wick_ratio_min': 1.75, 'min_body_atr_pct': 0.1, 'rsi_h1_period': 14, 'rsi_kill_low': 35, 'rsi_kill_high': 65, 'atr_period': 14, 'atr_stop_mult': 2.0, 'min_rr_ratio': 1.0, 'session_start_london': 8, 'session_end_london': 16}. Best is trial 1 with value: -1.6903603683546753.
[I 2026-05-29 16:07:42,297] Trial 12 finished with value: -1.6903603683546753 and parameters: {'bb_period': 20, 'bb_std_extreme': 2.5, 'wick_ratio_min': 1.75, 'min_body_atr_pct': 0.1, 'rsi_h1_period': 14, 'rsi_kill_low': 35, 'rsi_kill_high': 65, 'atr_period': 14, 'atr_stop_mult': 2.0, 'min_rr_ratio': 1.0, 'session_start_london': 8, 'session_end_london': 16}. Best is trial 1 with value: -1.6903603683546753.
[I 2026-05-29 16:07:42,334] Trial 10 finished with value: -1.6903603683546753 and parameters: {'bb_period': 20, 'bb_std_extreme': 2.5, 'wick_ratio_min': 1.75, 'min_body_atr_pct': 0.1, 'rsi_h1_period': 14, 'rsi_kill_low': 35, 'rsi_kill_high': 65, 'atr_period': 14, 'atr_stop_mult': 2.0, 'min_rr_ratio': 1.0, 'session_start_london': 8, 'session_end_london': 16}. Best is trial 1 with value: -1.6903603683546753.
[I 2026-05-29 16:07:42,426] Trial 13 finished with value: -1.6903603683546753 and parameters: {'bb_period': 20, 'bb_std_extreme': 2.5, 'wick_ratio_min': 1.75, 'min_body_atr_pct': 0.1, 'rsi_h1_period': 14, 'rsi_kill_low': 35, 'rsi_kill_high': 65, 'atr_period': 14, 'atr_stop_mult': 2.0, 'min_rr_ratio': 1.0, 'session_start_london': 8, 'session_end_london': 16}. Best is trial 1 with value: -1.6903603683546753.
[I 2026-05-29 16:07:42,437] Trial 15 finished with value: -1.6903603683546753 and parameters: {'bb_period': 20, 'bb_std_extreme': 2.5, 'wick_ratio_min': 1.75, 'min_body_atr_pct': 0.1, 'rsi_h1_period': 14, 'rsi_kill_low': 35, 'rsi_kill_high': 65, 'atr_period': 14, 'atr_stop_mult': 2.0, 'min_rr_ratio': 1.0, 'session_start_london': 8, 'session_end_london': 16}. Best is trial 1 with value: -1.6903603683546753.
[I 2026-05-29 16:07:42,512] Trial 14 finished with value: -1.6903603683546753 and parameters: {'bb_period': 20, 'bb_std_extreme': 2.5, 'wick_ratio_min': 1.75, 'min_body_atr_pct': 0.1, 'rsi_h1_period': 14, 'rsi_kill_low': 35, 'rsi_kill_high': 65, 'atr_period': 14, 'atr_stop_mult': 2.0, 'min_rr_ratio': 1.0, 'session_start_london': 8, 'session_end_london': 16}. Best is trial 1 with value: -1.6903603683546753.
[I 2026-05-29 16:07:42,614] Trial 16 finished with value: -1.6903603683546753 and parameters: {'bb_period': 20, 'bb_std_extreme': 2.5, 'wick_ratio_min': 1.75, 'min_body_atr_pct': 0.1, 'rsi_h1_period': 14, 'rsi_kill_low': 35, 'rsi_kill_high': 65, 'atr_period': 14, 'atr_stop_mult': 2.0, 'min_rr_ratio': 1.0, 'session_start_london': 8, 'session_end_london': 16}. Best is trial 1 with value: -1.6903603683546753.
[I 2026-05-29 16:07:42,820] Trial 17 finished with value: -1.6903603683546753 and parameters: {'bb_period': 20, 'bb_std_extreme': 2.5, 'wick_ratio_min': 1.75, 'min_body_atr_pct': 0.1, 'rsi_h1_period': 14, 'rsi_kill_low': 35, 'rsi_kill_high': 65, 'atr_period': 14, 'atr_stop_mult': 2.0, 'min_rr_ratio': 1.0, 'session_start_london': 8, 'session_end_london': 16}. Best is trial 1 with value: -1.6903603683546753.
[I 2026-05-29 16:07:43,015] Trial 19 finished with value: -1.6903603683546753 and parameters: {'bb_period': 20, 'bb_std_extreme': 2.5, 'wick_ratio_min': 1.75, 'min_body_atr_pct': 0.1, 'rsi_h1_period': 14, 'rsi_kill_low': 35, 'rsi_kill_high': 65, 'atr_period': 14, 'atr_stop_mult': 2.0, 'min_rr_ratio': 1.0, 'session_start_london': 8, 'session_end_london': 16}. Best is trial 1 with value: -1.6903603683546753.
[I 2026-05-29 16:07:43,083] Trial 18 finished with value: -1.6903603683546753 and parameters: {'bb_period': 20, 'bb_std_extreme': 2.5, 'wick_ratio_min': 1.75, 'min_body_atr_pct': 0.1, 'rsi_h1_period': 14, 'rsi_kill_low': 35, 'rsi_kill_high': 65, 'atr_period': 14, 'atr_stop_mult': 2.0, 'min_rr_ratio': 1.0, 'session_start_london': 8, 'session_end_london': 16}. Best is trial 1 with value: -1.6903603683546753.
C:\Users\הלל\Desktop\algo projects\trading-research-factory\walk forward engine\.venv\lib\site-packages\optuna\samplers\_tpe\sampler.py:319: ExperimentalWarning: ``multivariate`` option is an experimental feature. The interface can change in the future.
  warnings.warn(
[I 2026-05-29 16:07:43,540] A new study created in memory with name: no-name-c93e49d4-cba4-4407-a320-93e02a8d1912
[I 2026-05-29 16:07:45,296] Trial 0 finished with value: -1.6893778850524204 and parameters: {'bb_period': 20, 'bb_std_extreme': 2.5, 'wick_ratio_min': 1.75, 'min_body_atr_pct': 0.1, 'rsi_h1_period': 14, 'rsi_kill_low': 35, 'rsi_kill_high': 65, 'atr_period': 14, 'atr_stop_mult': 2.0, 'min_rr_ratio': 1.0, 'session_start_london': 8, 'session_end_london': 16}. Best is trial 0 with value: -1.6893778850524204.
[I 2026-05-29 16:07:45,986] Trial 6 finished with value: -1.6893778850524204 and parameters: {'bb_period': 20, 'bb_std_extreme': 2.5, 'wick_ratio_min': 1.75, 'min_body_atr_pct': 0.1, 'rsi_h1_period': 14, 'rsi_kill_low': 35, 'rsi_kill_high': 65, 'atr_period': 14, 'atr_stop_mult': 2.0, 'min_rr_ratio': 1.0, 'session_start_london': 8, 'session_end_london': 16}. Best is trial 0 with value: -1.6893778850524204.
[I 2026-05-29 16:07:46,071] Trial 1 finished with value: -1.6893778850524204 and parameters: {'bb_period': 20, 'bb_std_extreme': 2.5, 'wick_ratio_min': 1.75, 'min_body_atr_pct': 0.1, 'rsi_h1_period': 14, 'rsi_kill_low': 35, 'rsi_kill_high': 65, 'atr_period': 14, 'atr_stop_mult': 2.0, 'min_rr_ratio': 1.0, 'session_start_london': 8, 'session_end_london': 16}. Best is trial 0 with value: -1.6893778850524204.
[I 2026-05-29 16:07:46,106] Trial 5 finished with value: -1.6893778850524204 and parameters: {'bb_period': 20, 'bb_std_extreme': 2.5, 'wick_ratio_min': 1.75, 'min_body_atr_pct': 0.1, 'rsi_h1_period': 14, 'rsi_kill_low': 35, 'rsi_kill_high': 65, 'atr_period': 14, 'atr_stop_mult': 2.0, 'min_rr_ratio': 1.0, 'session_start_london': 8, 'session_end_london': 16}. Best is trial 0 with value: -1.6893778850524204.
[I 2026-05-29 16:07:46,145] Trial 3 finished with value: -1.6893778850524204 and parameters: {'bb_period': 20, 'bb_std_extreme': 2.5, 'wick_ratio_min': 1.75, 'min_body_atr_pct': 0.1, 'rsi_h1_period': 14, 'rsi_kill_low': 35, 'rsi_kill_high': 65, 'atr_period': 14, 'atr_stop_mult': 2.0, 'min_rr_ratio': 1.0, 'session_start_london': 8, 'session_end_london': 16}. Best is trial 0 with value: -1.6893778850524204.
[I 2026-05-29 16:07:46,267] Trial 2 finished with value: -1.6893778850524204 and parameters: {'bb_period': 20, 'bb_std_extreme': 2.5, 'wick_ratio_min': 1.75, 'min_body_atr_pct': 0.1, 'rsi_h1_period': 14, 'rsi_kill_low': 35, 'rsi_kill_high': 65, 'atr_period': 14, 'atr_stop_mult': 2.0, 'min_rr_ratio': 1.0, 'session_start_london': 8, 'session_end_london': 16}. Best is trial 0 with value: -1.6893778850524204.
[I 2026-05-29 16:07:46,456] Trial 7 finished with value: -1.6893778850524204 and parameters: {'bb_period': 20, 'bb_std_extreme': 2.5, 'wick_ratio_min': 1.75, 'min_body_atr_pct': 0.1, 'rsi_h1_period': 14, 'rsi_kill_low': 35, 'rsi_kill_high': 65, 'atr_period': 14, 'atr_stop_mult': 2.0, 'min_rr_ratio': 1.0, 'session_start_london': 8, 'session_end_london': 16}. Best is trial 0 with value: -1.6893778850524204.
[I 2026-05-29 16:07:46,831] Trial 4 finished with value: -1.6893778850524204 and parameters: {'bb_period': 20, 'bb_std_extreme': 2.5, 'wick_ratio_min': 1.75, 'min_body_atr_pct': 0.1, 'rsi_h1_period': 14, 'rsi_kill_low': 35, 'rsi_kill_high': 65, 'atr_period': 14, 'atr_stop_mult': 2.0, 'min_rr_ratio': 1.0, 'session_start_london': 8, 'session_end_london': 16}. Best is trial 0 with value: -1.6893778850524204.
[I 2026-05-29 16:07:47,642] Trial 8 finished with value: -1.6893778850524204 and parameters: {'bb_period': 20, 'bb_std_extreme': 2.5, 'wick_ratio_min': 1.75, 'min_body_atr_pct': 0.1, 'rsi_h1_period': 14, 'rsi_kill_low': 35, 'rsi_kill_high': 65, 'atr_period': 14, 'atr_stop_mult': 2.0, 'min_rr_ratio': 1.0, 'session_start_london': 8, 'session_end_london': 16}. Best is trial 0 with value: -1.6893778850524204.
[I 2026-05-29 16:07:48,977] Trial 9 finished with value: -1.6893778850524204 and parameters: {'bb_period': 20, 'bb_std_extreme': 2.5, 'wick_ratio_min': 1.75, 'min_body_atr_pct': 0.1, 'rsi_h1_period': 14, 'rsi_kill_low': 35, 'rsi_kill_high': 65, 'atr_period': 14, 'atr_stop_mult': 2.0, 'min_rr_ratio': 1.0, 'session_start_london': 8, 'session_end_london': 16}. Best is trial 0 with value: -1.6893778850524204.
[I 2026-05-29 16:07:49,100] Trial 10 finished with value: -1.6893778850524204 and parameters: {'bb_period': 20, 'bb_std_extreme': 2.5, 'wick_ratio_min': 1.75, 'min_body_atr_pct': 0.1, 'rsi_h1_period': 14, 'rsi_kill_low': 35, 'rsi_kill_high': 65, 'atr_period': 14, 'atr_stop_mult': 2.0, 'min_rr_ratio': 1.0, 'session_start_london': 8, 'session_end_london': 16}. Best is trial 0 with value: -1.6893778850524204.
[I 2026-05-29 16:07:49,528] Trial 12 finished with value: -1.6893778850524204 and parameters: {'bb_period': 20, 'bb_std_extreme': 2.5, 'wick_ratio_min': 1.75, 'min_body_atr_pct': 0.1, 'rsi_h1_period': 14, 'rsi_kill_low': 35, 'rsi_kill_high': 65, 'atr_period': 14, 'atr_stop_mult': 2.0, 'min_rr_ratio': 1.0, 'session_start_london': 8, 'session_end_london': 16}. Best is trial 0 with value: -1.6893778850524204.
[I 2026-05-29 16:07:49,531] Trial 11 finished with value: -1.6893778850524204 and parameters: {'bb_period': 20, 'bb_std_extreme': 2.5, 'wick_ratio_min': 1.75, 'min_body_atr_pct': 0.1, 'rsi_h1_period': 14, 'rsi_kill_low': 35, 'rsi_kill_high': 65, 'atr_period': 14, 'atr_stop_mult': 2.0, 'min_rr_ratio': 1.0, 'session_start_london': 8, 'session_end_london': 16}. Best is trial 0 with value: -1.6893778850524204.
[I 2026-05-29 16:07:49,887] Trial 14 finished with value: -1.6893778850524204 and parameters: {'bb_period': 20, 'bb_std_extreme': 2.5, 'wick_ratio_min': 1.75, 'min_body_atr_pct': 0.1, 'rsi_h1_period': 14, 'rsi_kill_low': 35, 'rsi_kill_high': 65, 'atr_period': 14, 'atr_stop_mult': 2.0, 'min_rr_ratio': 1.0, 'session_start_london': 8, 'session_end_london': 16}. Best is trial 0 with value: -1.6893778850524204.
[I 2026-05-29 16:07:49,920] Trial 15 finished with value: -1.6893778850524204 and parameters: {'bb_period': 20, 'bb_std_extreme': 2.5, 'wick_ratio_min': 1.75, 'min_body_atr_pct': 0.1, 'rsi_h1_period': 14, 'rsi_kill_low': 35, 'rsi_kill_high': 65, 'atr_period': 14, 'atr_stop_mult': 2.0, 'min_rr_ratio': 1.0, 'session_start_london': 8, 'session_end_london': 16}. Best is trial 0 with value: -1.6893778850524204.
[I 2026-05-29 16:07:49,935] Trial 13 finished with value: -1.6893778850524204 and parameters: {'bb_period': 20, 'bb_std_extreme': 2.5, 'wick_ratio_min': 1.75, 'min_body_atr_pct': 0.1, 'rsi_h1_period': 14, 'rsi_kill_low': 35, 'rsi_kill_high': 65, 'atr_period': 14, 'atr_stop_mult': 2.0, 'min_rr_ratio': 1.0, 'session_start_london': 8, 'session_end_london': 16}. Best is trial 0 with value: -1.6893778850524204.
[I 2026-05-29 16:07:50,041] Trial 16 finished with value: -1.6893778850524204 and parameters: {'bb_period': 20, 'bb_std_extreme': 2.5, 'wick_ratio_min': 1.75, 'min_body_atr_pct': 0.1, 'rsi_h1_period': 14, 'rsi_kill_low': 35, 'rsi_kill_high': 65, 'atr_period': 14, 'atr_stop_mult': 2.0, 'min_rr_ratio': 1.0, 'session_start_london': 8, 'session_end_london': 16}. Best is trial 0 with value: -1.6893778850524204.
[I 2026-05-29 16:07:50,393] Trial 17 finished with value: -1.6893778850524204 and parameters: {'bb_period': 20, 'bb_std_extreme': 2.5, 'wick_ratio_min': 1.75, 'min_body_atr_pct': 0.1, 'rsi_h1_period': 14, 'rsi_kill_low': 35, 'rsi_kill_high': 65, 'atr_period': 14, 'atr_stop_mult': 2.0, 'min_rr_ratio': 1.0, 'session_start_london': 8, 'session_end_london': 16}. Best is trial 0 with value: -1.6893778850524204.
[I 2026-05-29 16:07:50,561] Trial 19 finished with value: -1.6893778850524204 and parameters: {'bb_period': 20, 'bb_std_extreme': 2.5, 'wick_ratio_min': 1.75, 'min_body_atr_pct': 0.1, 'rsi_h1_period': 14, 'rsi_kill_low': 35, 'rsi_kill_high': 65, 'atr_period': 14, 'atr_stop_mult': 2.0, 'min_rr_ratio': 1.0, 'session_start_london': 8, 'session_end_london': 16}. Best is trial 0 with value: -1.6893778850524204.
[I 2026-05-29 16:07:50,655] Trial 18 finished with value: -1.6893778850524204 and parameters: {'bb_period': 20, 'bb_std_extreme': 2.5, 'wick_ratio_min': 1.75, 'min_body_atr_pct': 0.1, 'rsi_h1_period': 14, 'rsi_kill_low': 35, 'rsi_kill_high': 65, 'atr_period': 14, 'atr_stop_mult': 2.0, 'min_rr_ratio': 1.0, 'session_start_london': 8, 'session_end_london': 16}. Best is trial 0 with value: -1.6893778850524204.
C:\Users\הלל\Desktop\algo projects\trading-research-factory\walk forward engine\.venv\lib\site-packages\optuna\samplers\_tpe\sampler.py:319: ExperimentalWarning: ``multivariate`` option is an experimental feature. The interface can change in the future.
  warnings.warn(
[I 2026-05-29 16:07:51,882] A new study created in memory with name: no-name-2bec4475-78a1-474e-a641-ee0c928b5e24
[I 2026-05-29 16:07:54,302] Trial 5 finished with value: -1.1779904561821193 and parameters: {'bb_period': 20, 'bb_std_extreme': 2.5, 'wick_ratio_min': 1.75, 'min_body_atr_pct': 0.1, 'rsi_h1_period': 14, 'rsi_kill_low': 35, 'rsi_kill_high': 65, 'atr_period': 14, 'atr_stop_mult': 2.0, 'min_rr_ratio': 1.0, 'session_start_london': 8, 'session_end_london': 16}. Best is trial 5 with value: -1.1779904561821193.
[I 2026-05-29 16:07:55,508] Trial 3 finished with value: -1.1779904561821193 and parameters: {'bb_period': 20, 'bb_std_extreme': 2.5, 'wick_ratio_min': 1.75, 'min_body_atr_pct': 0.1, 'rsi_h1_period': 14, 'rsi_kill_low': 35, 'rsi_kill_high': 65, 'atr_period': 14, 'atr_stop_mult': 2.0, 'min_rr_ratio': 1.0, 'session_start_london': 8, 'session_end_london': 16}. Best is trial 5 with value: -1.1779904561821193.
[I 2026-05-29 16:07:56,022] Trial 1 finished with value: -1.1779904561821193 and parameters: {'bb_period': 20, 'bb_std_extreme': 2.5, 'wick_ratio_min': 1.75, 'min_body_atr_pct': 0.1, 'rsi_h1_period': 14, 'rsi_kill_low': 35, 'rsi_kill_high': 65, 'atr_period': 14, 'atr_stop_mult': 2.0, 'min_rr_ratio': 1.0, 'session_start_london': 8, 'session_end_london': 16}. Best is trial 5 with value: -1.1779904561821193.
[I 2026-05-29 16:07:56,069] Trial 4 finished with value: -1.1779904561821193 and parameters: {'bb_period': 20, 'bb_std_extreme': 2.5, 'wick_ratio_min': 1.75, 'min_body_atr_pct': 0.1, 'rsi_h1_period': 14, 'rsi_kill_low': 35, 'rsi_kill_high': 65, 'atr_period': 14, 'atr_stop_mult': 2.0, 'min_rr_ratio': 1.0, 'session_start_london': 8, 'session_end_london': 16}. Best is trial 5 with value: -1.1779904561821193.
[I 2026-05-29 16:07:56,185] Trial 7 finished with value: -1.1779904561821193 and parameters: {'bb_period': 20, 'bb_std_extreme': 2.5, 'wick_ratio_min': 1.75, 'min_body_atr_pct': 0.1, 'rsi_h1_period': 14, 'rsi_kill_low': 35, 'rsi_kill_high': 65, 'atr_period': 14, 'atr_stop_mult': 2.0, 'min_rr_ratio': 1.0, 'session_start_london': 8, 'session_end_london': 16}. Best is trial 5 with value: -1.1779904561821193.
[I 2026-05-29 16:07:56,517] Trial 0 finished with value: -1.1779904561821193 and parameters: {'bb_period': 20, 'bb_std_extreme': 2.5, 'wick_ratio_min': 1.75, 'min_body_atr_pct': 0.1, 'rsi_h1_period': 14, 'rsi_kill_low': 35, 'rsi_kill_high': 65, 'atr_period': 14, 'atr_stop_mult': 2.0, 'min_rr_ratio': 1.0, 'session_start_london': 8, 'session_end_london': 16}. Best is trial 5 with value: -1.1779904561821193.
[I 2026-05-29 16:07:56,530] Trial 2 finished with value: -1.1779904561821193 and parameters: {'bb_period': 20, 'bb_std_extreme': 2.5, 'wick_ratio_min': 1.75, 'min_body_atr_pct': 0.1, 'rsi_h1_period': 14, 'rsi_kill_low': 35, 'rsi_kill_high': 65, 'atr_period': 14, 'atr_stop_mult': 2.0, 'min_rr_ratio': 1.0, 'session_start_london': 8, 'session_end_london': 16}. Best is trial 5 with value: -1.1779904561821193.
[I 2026-05-29 16:07:56,628] Trial 6 finished with value: -1.1779904561821193 and parameters: {'bb_period': 20, 'bb_std_extreme': 2.5, 'wick_ratio_min': 1.75, 'min_body_atr_pct': 0.1, 'rsi_h1_period': 14, 'rsi_kill_low': 35, 'rsi_kill_high': 65, 'atr_period': 14, 'atr_stop_mult': 2.0, 'min_rr_ratio': 1.0, 'session_start_london': 8, 'session_end_london': 16}. Best is trial 5 with value: -1.1779904561821193.
[I 2026-05-29 16:07:58,802] Trial 8 finished with value: -1.1779904561821193 and parameters: {'bb_period': 20, 'bb_std_extreme': 2.5, 'wick_ratio_min': 1.75, 'min_body_atr_pct': 0.1, 'rsi_h1_period': 14, 'rsi_kill_low': 35, 'rsi_kill_high': 65, 'atr_period': 14, 'atr_stop_mult': 2.0, 'min_rr_ratio': 1.0, 'session_start_london': 8, 'session_end_london': 16}. Best is trial 5 with value: -1.1779904561821193.
[I 2026-05-29 16:08:00,934] Trial 9 finished with value: -1.1779904561821193 and parameters: {'bb_period': 20, 'bb_std_extreme': 2.5, 'wick_ratio_min': 1.75, 'min_body_atr_pct': 0.1, 'rsi_h1_period': 14, 'rsi_kill_low': 35, 'rsi_kill_high': 65, 'atr_period': 14, 'atr_stop_mult': 2.0, 'min_rr_ratio': 1.0, 'session_start_london': 8, 'session_end_london': 16}. Best is trial 5 with value: -1.1779904561821193.
[I 2026-05-29 16:08:01,313] Trial 15 finished with value: -1.1779904561821193 and parameters: {'bb_period': 20, 'bb_std_extreme': 2.5, 'wick_ratio_min': 1.75, 'min_body_atr_pct': 0.1, 'rsi_h1_period': 14, 'rsi_kill_low': 35, 'rsi_kill_high': 65, 'atr_period': 14, 'atr_stop_mult': 2.0, 'min_rr_ratio': 1.0, 'session_start_london': 8, 'session_end_london': 16}. Best is trial 5 with value: -1.1779904561821193.
[I 2026-05-29 16:08:01,440] Trial 14 finished with value: -1.1779904561821193 and parameters: {'bb_period': 20, 'bb_std_extreme': 2.5, 'wick_ratio_min': 1.75, 'min_body_atr_pct': 0.1, 'rsi_h1_period': 14, 'rsi_kill_low': 35, 'rsi_kill_high': 65, 'atr_period': 14, 'atr_stop_mult': 2.0, 'min_rr_ratio': 1.0, 'session_start_london': 8, 'session_end_london': 16}. Best is trial 5 with value: -1.1779904561821193.
