[I 2026-05-29 16:08:02,440] Trial 10 finished with value: -1.1779904561821193 and parameters: {'bb_period': 20, 'bb_std_extreme': 2.5, 'wick_ratio_min': 1.75, 'min_body_atr_pct': 0.1, 'rsi_h1_period': 14, 'rsi_kill_low': 35, 'rsi_kill_high': 65, 'atr_period': 14, 'atr_stop_mult': 2.0, 'min_rr_ratio': 1.0, 'session_start_london': 8, 'session_end_london': 16}. Best is trial 5 with value: -1.1779904561821193.
[I 2026-05-29 16:08:02,590] Trial 11 finished with value: -1.1779904561821193 and parameters: {'bb_period': 20, 'bb_std_extreme': 2.5, 'wick_ratio_min': 1.75, 'min_body_atr_pct': 0.1, 'rsi_h1_period': 14, 'rsi_kill_low': 35, 'rsi_kill_high': 65, 'atr_period': 14, 'atr_stop_mult': 2.0, 'min_rr_ratio': 1.0, 'session_start_london': 8, 'session_end_london': 16}. Best is trial 5 with value: -1.1779904561821193.
[I 2026-05-29 16:08:02,611] Trial 16 finished with value: -1.1779904561821193 and parameters: {'bb_period': 20, 'bb_std_extreme': 2.5, 'wick_ratio_min': 1.75, 'min_body_atr_pct': 0.1, 'rsi_h1_period': 14, 'rsi_kill_low': 35, 'rsi_kill_high': 65, 'atr_period': 14, 'atr_stop_mult': 2.0, 'min_rr_ratio': 1.0, 'session_start_london': 8, 'session_end_london': 16}. Best is trial 5 with value: -1.1779904561821193.
[I 2026-05-29 16:08:02,850] Trial 13 finished with value: -1.1779904561821193 and parameters: {'bb_period': 20, 'bb_std_extreme': 2.5, 'wick_ratio_min': 1.75, 'min_body_atr_pct': 0.1, 'rsi_h1_period': 14, 'rsi_kill_low': 35, 'rsi_kill_high': 65, 'atr_period': 14, 'atr_stop_mult': 2.0, 'min_rr_ratio': 1.0, 'session_start_london': 8, 'session_end_london': 16}. Best is trial 5 with value: -1.1779904561821193.
[I 2026-05-29 16:08:02,853] Trial 12 finished with value: -1.1779904561821193 and parameters: {'bb_period': 20, 'bb_std_extreme': 2.5, 'wick_ratio_min': 1.75, 'min_body_atr_pct': 0.1, 'rsi_h1_period': 14, 'rsi_kill_low': 35, 'rsi_kill_high': 65, 'atr_period': 14, 'atr_stop_mult': 2.0, 'min_rr_ratio': 1.0, 'session_start_london': 8, 'session_end_london': 16}. Best is trial 5 with value: -1.1779904561821193.
[I 2026-05-29 16:08:03,505] Trial 18 finished with value: -1.1779904561821193 and parameters: {'bb_period': 20, 'bb_std_extreme': 2.5, 'wick_ratio_min': 1.75, 'min_body_atr_pct': 0.1, 'rsi_h1_period': 14, 'rsi_kill_low': 35, 'rsi_kill_high': 65, 'atr_period': 14, 'atr_stop_mult': 2.0, 'min_rr_ratio': 1.0, 'session_start_london': 8, 'session_end_london': 16}. Best is trial 5 with value: -1.1779904561821193.
[I 2026-05-29 16:08:03,966] Trial 19 finished with value: -1.1779904561821193 and parameters: {'bb_period': 20, 'bb_std_extreme': 2.5, 'wick_ratio_min': 1.75, 'min_body_atr_pct': 0.1, 'rsi_h1_period': 14, 'rsi_kill_low': 35, 'rsi_kill_high': 65, 'atr_period': 14, 'atr_stop_mult': 2.0, 'min_rr_ratio': 1.0, 'session_start_london': 8, 'session_end_london': 16}. Best is trial 5 with value: -1.1779904561821193.
[I 2026-05-29 16:08:04,152] Trial 17 finished with value: -1.1779904561821193 and parameters: {'bb_period': 20, 'bb_std_extreme': 2.5, 'wick_ratio_min': 1.75, 'min_body_atr_pct': 0.1, 'rsi_h1_period': 14, 'rsi_kill_low': 35, 'rsi_kill_high': 65, 'atr_period': 14, 'atr_stop_mult': 2.0, 'min_rr_ratio': 1.0, 'session_start_london': 8, 'session_end_london': 16}. Best is trial 5 with value: -1.1779904561821193.
C:\Users\הלל\Desktop\algo projects\trading-research-factory\walk forward engine\.venv\lib\site-packages\optuna\samplers\_tpe\sampler.py:319: ExperimentalWarning: ``multivariate`` option is an experimental feature. The interface can change in the future.
  warnings.warn(
[I 2026-05-29 16:08:05,746] A new study created in memory with name: no-name-12a056fe-8ff8-4b1e-ad6f-a116bc3d9ca3
[I 2026-05-29 16:08:08,077] Trial 1 finished with value: -1.6625240981038099 and parameters: {'bb_period': 20, 'bb_std_extreme': 2.5, 'wick_ratio_min': 1.75, 'min_body_atr_pct': 0.1, 'rsi_h1_period': 14, 'rsi_kill_low': 35, 'rsi_kill_high': 65, 'atr_period': 14, 'atr_stop_mult': 2.0, 'min_rr_ratio': 1.0, 'session_start_london': 8, 'session_end_london': 16}. Best is trial 1 with value: -1.6625240981038099.
[I 2026-05-29 16:08:09,072] Trial 5 finished with value: -1.6625240981038099 and parameters: {'bb_period': 20, 'bb_std_extreme': 2.5, 'wick_ratio_min': 1.75, 'min_body_atr_pct': 0.1, 'rsi_h1_period': 14, 'rsi_kill_low': 35, 'rsi_kill_high': 65, 'atr_period': 14, 'atr_stop_mult': 2.0, 'min_rr_ratio': 1.0, 'session_start_london': 8, 'session_end_london': 16}. Best is trial 1 with value: -1.6625240981038099.
[I 2026-05-29 16:08:09,771] Trial 2 finished with value: -1.6625240981038099 and parameters: {'bb_period': 20, 'bb_std_extreme': 2.5, 'wick_ratio_min': 1.75, 'min_body_atr_pct': 0.1, 'rsi_h1_period': 14, 'rsi_kill_low': 35, 'rsi_kill_high': 65, 'atr_period': 14, 'atr_stop_mult': 2.0, 'min_rr_ratio': 1.0, 'session_start_london': 8, 'session_end_london': 16}. Best is trial 1 with value: -1.6625240981038099.
[I 2026-05-29 16:08:10,196] Trial 4 finished with value: -1.6625240981038099 and parameters: {'bb_period': 20, 'bb_std_extreme': 2.5, 'wick_ratio_min': 1.75, 'min_body_atr_pct': 0.1, 'rsi_h1_period': 14, 'rsi_kill_low': 35, 'rsi_kill_high': 65, 'atr_period': 14, 'atr_stop_mult': 2.0, 'min_rr_ratio': 1.0, 'session_start_london': 8, 'session_end_london': 16}. Best is trial 1 with value: -1.6625240981038099.
[I 2026-05-29 16:08:10,311] Trial 0 finished with value: -1.6625240981038099 and parameters: {'bb_period': 20, 'bb_std_extreme': 2.5, 'wick_ratio_min': 1.75, 'min_body_atr_pct': 0.1, 'rsi_h1_period': 14, 'rsi_kill_low': 35, 'rsi_kill_high': 65, 'atr_period': 14, 'atr_stop_mult': 2.0, 'min_rr_ratio': 1.0, 'session_start_london': 8, 'session_end_london': 16}. Best is trial 1 with value: -1.6625240981038099.
[I 2026-05-29 16:08:10,317] Trial 3 finished with value: -1.6625240981038099 and parameters: {'bb_period': 20, 'bb_std_extreme': 2.5, 'wick_ratio_min': 1.75, 'min_body_atr_pct': 0.1, 'rsi_h1_period': 14, 'rsi_kill_low': 35, 'rsi_kill_high': 65, 'atr_period': 14, 'atr_stop_mult': 2.0, 'min_rr_ratio': 1.0, 'session_start_london': 8, 'session_end_london': 16}. Best is trial 1 with value: -1.6625240981038099.
[I 2026-05-29 16:08:10,321] Trial 6 finished with value: -1.6625240981038099 and parameters: {'bb_period': 20, 'bb_std_extreme': 2.5, 'wick_ratio_min': 1.75, 'min_body_atr_pct': 0.1, 'rsi_h1_period': 14, 'rsi_kill_low': 35, 'rsi_kill_high': 65, 'atr_period': 14, 'atr_stop_mult': 2.0, 'min_rr_ratio': 1.0, 'session_start_london': 8, 'session_end_london': 16}. Best is trial 1 with value: -1.6625240981038099.
[I 2026-05-29 16:08:10,419] Trial 7 finished with value: -1.6625240981038099 and parameters: {'bb_period': 20, 'bb_std_extreme': 2.5, 'wick_ratio_min': 1.75, 'min_body_atr_pct': 0.1, 'rsi_h1_period': 14, 'rsi_kill_low': 35, 'rsi_kill_high': 65, 'atr_period': 14, 'atr_stop_mult': 2.0, 'min_rr_ratio': 1.0, 'session_start_london': 8, 'session_end_london': 16}. Best is trial 1 with value: -1.6625240981038099.
[I 2026-05-29 16:08:11,741] Trial 8 finished with value: -1.6625240981038099 and parameters: {'bb_period': 20, 'bb_std_extreme': 2.5, 'wick_ratio_min': 1.75, 'min_body_atr_pct': 0.1, 'rsi_h1_period': 14, 'rsi_kill_low': 35, 'rsi_kill_high': 65, 'atr_period': 14, 'atr_stop_mult': 2.0, 'min_rr_ratio': 1.0, 'session_start_london': 8, 'session_end_london': 16}. Best is trial 1 with value: -1.6625240981038099.
[I 2026-05-29 16:08:12,245] Trial 9 finished with value: -1.6625240981038099 and parameters: {'bb_period': 20, 'bb_std_extreme': 2.5, 'wick_ratio_min': 1.75, 'min_body_atr_pct': 0.1, 'rsi_h1_period': 14, 'rsi_kill_low': 35, 'rsi_kill_high': 65, 'atr_period': 14, 'atr_stop_mult': 2.0, 'min_rr_ratio': 1.0, 'session_start_london': 8, 'session_end_london': 16}. Best is trial 1 with value: -1.6625240981038099.
[I 2026-05-29 16:08:12,387] Trial 10 finished with value: -1.6625240981038099 and parameters: {'bb_period': 20, 'bb_std_extreme': 2.5, 'wick_ratio_min': 1.75, 'min_body_atr_pct': 0.1, 'rsi_h1_period': 14, 'rsi_kill_low': 35, 'rsi_kill_high': 65, 'atr_period': 14, 'atr_stop_mult': 2.0, 'min_rr_ratio': 1.0, 'session_start_london': 8, 'session_end_london': 16}. Best is trial 1 with value: -1.6625240981038099.
[I 2026-05-29 16:08:13,808] Trial 14 finished with value: -1.6625240981038099 and parameters: {'bb_period': 20, 'bb_std_extreme': 2.5, 'wick_ratio_min': 1.75, 'min_body_atr_pct': 0.1, 'rsi_h1_period': 14, 'rsi_kill_low': 35, 'rsi_kill_high': 65, 'atr_period': 14, 'atr_stop_mult': 2.0, 'min_rr_ratio': 1.0, 'session_start_london': 8, 'session_end_london': 16}. Best is trial 1 with value: -1.6625240981038099.
[I 2026-05-29 16:08:13,934] Trial 12 finished with value: -1.6625240981038099 and parameters: {'bb_period': 20, 'bb_std_extreme': 2.5, 'wick_ratio_min': 1.75, 'min_body_atr_pct': 0.1, 'rsi_h1_period': 14, 'rsi_kill_low': 35, 'rsi_kill_high': 65, 'atr_period': 14, 'atr_stop_mult': 2.0, 'min_rr_ratio': 1.0, 'session_start_london': 8, 'session_end_london': 16}. Best is trial 1 with value: -1.6625240981038099.
[I 2026-05-29 16:08:14,227] Trial 11 finished with value: -1.6625240981038099 and parameters: {'bb_period': 20, 'bb_std_extreme': 2.5, 'wick_ratio_min': 1.75, 'min_body_atr_pct': 0.1, 'rsi_h1_period': 14, 'rsi_kill_low': 35, 'rsi_kill_high': 65, 'atr_period': 14, 'atr_stop_mult': 2.0, 'min_rr_ratio': 1.0, 'session_start_london': 8, 'session_end_london': 16}. Best is trial 1 with value: -1.6625240981038099.
[I 2026-05-29 16:08:14,393] Trial 15 finished with value: -1.6625240981038099 and parameters: {'bb_period': 20, 'bb_std_extreme': 2.5, 'wick_ratio_min': 1.75, 'min_body_atr_pct': 0.1, 'rsi_h1_period': 14, 'rsi_kill_low': 35, 'rsi_kill_high': 65, 'atr_period': 14, 'atr_stop_mult': 2.0, 'min_rr_ratio': 1.0, 'session_start_london': 8, 'session_end_london': 16}. Best is trial 1 with value: -1.6625240981038099.
[I 2026-05-29 16:08:14,424] Trial 13 finished with value: -1.6625240981038099 and parameters: {'bb_period': 20, 'bb_std_extreme': 2.5, 'wick_ratio_min': 1.75, 'min_body_atr_pct': 0.1, 'rsi_h1_period': 14, 'rsi_kill_low': 35, 'rsi_kill_high': 65, 'atr_period': 14, 'atr_stop_mult': 2.0, 'min_rr_ratio': 1.0, 'session_start_london': 8, 'session_end_london': 16}. Best is trial 1 with value: -1.6625240981038099.
[I 2026-05-29 16:08:15,056] Trial 16 finished with value: -1.6625240981038099 and parameters: {'bb_period': 20, 'bb_std_extreme': 2.5, 'wick_ratio_min': 1.75, 'min_body_atr_pct': 0.1, 'rsi_h1_period': 14, 'rsi_kill_low': 35, 'rsi_kill_high': 65, 'atr_period': 14, 'atr_stop_mult': 2.0, 'min_rr_ratio': 1.0, 'session_start_london': 8, 'session_end_london': 16}. Best is trial 1 with value: -1.6625240981038099.
[I 2026-05-29 16:08:15,182] Trial 18 finished with value: -1.6625240981038099 and parameters: {'bb_period': 20, 'bb_std_extreme': 2.5, 'wick_ratio_min': 1.75, 'min_body_atr_pct': 0.1, 'rsi_h1_period': 14, 'rsi_kill_low': 35, 'rsi_kill_high': 65, 'atr_period': 14, 'atr_stop_mult': 2.0, 'min_rr_ratio': 1.0, 'session_start_london': 8, 'session_end_london': 16}. Best is trial 1 with value: -1.6625240981038099.
[I 2026-05-29 16:08:15,272] Trial 17 finished with value: -1.6625240981038099 and parameters: {'bb_period': 20, 'bb_std_extreme': 2.5, 'wick_ratio_min': 1.75, 'min_body_atr_pct': 0.1, 'rsi_h1_period': 14, 'rsi_kill_low': 35, 'rsi_kill_high': 65, 'atr_period': 14, 'atr_stop_mult': 2.0, 'min_rr_ratio': 1.0, 'session_start_london': 8, 'session_end_london': 16}. Best is trial 1 with value: -1.6625240981038099.
[I 2026-05-29 16:08:15,459] Trial 19 finished with value: -1.6625240981038099 and parameters: {'bb_period': 20, 'bb_std_extreme': 2.5, 'wick_ratio_min': 1.75, 'min_body_atr_pct': 0.1, 'rsi_h1_period': 14, 'rsi_kill_low': 35, 'rsi_kill_high': 65, 'atr_period': 14, 'atr_stop_mult': 2.0, 'min_rr_ratio': 1.0, 'session_start_london': 8, 'session_end_london': 16}. Best is trial 1 with value: -1.6625240981038099.
C:\Users\הלל\Desktop\algo projects\trading-research-factory\walk forward engine\.venv\lib\site-packages\optuna\samplers\_tpe\sampler.py:319: ExperimentalWarning: ``multivariate`` option is an experimental feature. The interface can change in the future.
  warnings.warn(
[I 2026-05-29 16:08:16,028] A new study created in memory with name: no-name-cca425e9-2aae-4037-8fb2-4e8016c0e2ea
[I 2026-05-29 16:08:18,239] Trial 1 finished with value: -2.0037266332792223 and parameters: {'bb_period': 20, 'bb_std_extreme': 2.5, 'wick_ratio_min': 1.75, 'min_body_atr_pct': 0.1, 'rsi_h1_period': 14, 'rsi_kill_low': 35, 'rsi_kill_high': 65, 'atr_period': 14, 'atr_stop_mult': 2.0, 'min_rr_ratio': 1.0, 'session_start_london': 8, 'session_end_london': 16}. Best is trial 1 with value: -2.0037266332792223.
[I 2026-05-29 16:08:18,258] Trial 0 finished with value: -2.0037266332792223 and parameters: {'bb_period': 20, 'bb_std_extreme': 2.5, 'wick_ratio_min': 1.75, 'min_body_atr_pct': 0.1, 'rsi_h1_period': 14, 'rsi_kill_low': 35, 'rsi_kill_high': 65, 'atr_period': 14, 'atr_stop_mult': 2.0, 'min_rr_ratio': 1.0, 'session_start_london': 8, 'session_end_london': 16}. Best is trial 1 with value: -2.0037266332792223.
[I 2026-05-29 16:08:18,959] Trial 4 finished with value: -2.0037266332792223 and parameters: {'bb_period': 20, 'bb_std_extreme': 2.5, 'wick_ratio_min': 1.75, 'min_body_atr_pct': 0.1, 'rsi_h1_period': 14, 'rsi_kill_low': 35, 'rsi_kill_high': 65, 'atr_period': 14, 'atr_stop_mult': 2.0, 'min_rr_ratio': 1.0, 'session_start_london': 8, 'session_end_london': 16}. Best is trial 1 with value: -2.0037266332792223.
[I 2026-05-29 16:08:18,978] Trial 2 finished with value: -2.0037266332792223 and parameters: {'bb_period': 20, 'bb_std_extreme': 2.5, 'wick_ratio_min': 1.75, 'min_body_atr_pct': 0.1, 'rsi_h1_period': 14, 'rsi_kill_low': 35, 'rsi_kill_high': 65, 'atr_period': 14, 'atr_stop_mult': 2.0, 'min_rr_ratio': 1.0, 'session_start_london': 8, 'session_end_london': 16}. Best is trial 1 with value: -2.0037266332792223.
[I 2026-05-29 16:08:19,021] Trial 3 finished with value: -2.0037266332792223 and parameters: {'bb_period': 20, 'bb_std_extreme': 2.5, 'wick_ratio_min': 1.75, 'min_body_atr_pct': 0.1, 'rsi_h1_period': 14, 'rsi_kill_low': 35, 'rsi_kill_high': 65, 'atr_period': 14, 'atr_stop_mult': 2.0, 'min_rr_ratio': 1.0, 'session_start_london': 8, 'session_end_london': 16}. Best is trial 1 with value: -2.0037266332792223.
[I 2026-05-29 16:08:19,235] Trial 7 finished with value: -2.0037266332792223 and parameters: {'bb_period': 20, 'bb_std_extreme': 2.5, 'wick_ratio_min': 1.75, 'min_body_atr_pct': 0.1, 'rsi_h1_period': 14, 'rsi_kill_low': 35, 'rsi_kill_high': 65, 'atr_period': 14, 'atr_stop_mult': 2.0, 'min_rr_ratio': 1.0, 'session_start_london': 8, 'session_end_london': 16}. Best is trial 1 with value: -2.0037266332792223.
[I 2026-05-29 16:08:19,394] Trial 6 finished with value: -2.0037266332792223 and parameters: {'bb_period': 20, 'bb_std_extreme': 2.5, 'wick_ratio_min': 1.75, 'min_body_atr_pct': 0.1, 'rsi_h1_period': 14, 'rsi_kill_low': 35, 'rsi_kill_high': 65, 'atr_period': 14, 'atr_stop_mult': 2.0, 'min_rr_ratio': 1.0, 'session_start_london': 8, 'session_end_london': 16}. Best is trial 1 with value: -2.0037266332792223.
[I 2026-05-29 16:08:19,675] Trial 5 finished with value: -2.0037266332792223 and parameters: {'bb_period': 20, 'bb_std_extreme': 2.5, 'wick_ratio_min': 1.75, 'min_body_atr_pct': 0.1, 'rsi_h1_period': 14, 'rsi_kill_low': 35, 'rsi_kill_high': 65, 'atr_period': 14, 'atr_stop_mult': 2.0, 'min_rr_ratio': 1.0, 'session_start_london': 8, 'session_end_london': 16}. Best is trial 1 with value: -2.0037266332792223.
[I 2026-05-29 16:08:20,493] Trial 9 finished with value: -2.0037266332792223 and parameters: {'bb_period': 20, 'bb_std_extreme': 2.5, 'wick_ratio_min': 1.75, 'min_body_atr_pct': 0.1, 'rsi_h1_period': 14, 'rsi_kill_low': 35, 'rsi_kill_high': 65, 'atr_period': 14, 'atr_stop_mult': 2.0, 'min_rr_ratio': 1.0, 'session_start_london': 8, 'session_end_london': 16}. Best is trial 1 with value: -2.0037266332792223.
[I 2026-05-29 16:08:20,596] Trial 8 finished with value: -2.0037266332792223 and parameters: {'bb_period': 20, 'bb_std_extreme': 2.5, 'wick_ratio_min': 1.75, 'min_body_atr_pct': 0.1, 'rsi_h1_period': 14, 'rsi_kill_low': 35, 'rsi_kill_high': 65, 'atr_period': 14, 'atr_stop_mult': 2.0, 'min_rr_ratio': 1.0, 'session_start_london': 8, 'session_end_london': 16}. Best is trial 1 with value: -2.0037266332792223.
[I 2026-05-29 16:08:21,235] Trial 11 finished with value: -2.0037266332792223 and parameters: {'bb_period': 20, 'bb_std_extreme': 2.5, 'wick_ratio_min': 1.75, 'min_body_atr_pct': 0.1, 'rsi_h1_period': 14, 'rsi_kill_low': 35, 'rsi_kill_high': 65, 'atr_period': 14, 'atr_stop_mult': 2.0, 'min_rr_ratio': 1.0, 'session_start_london': 8, 'session_end_london': 16}. Best is trial 1 with value: -2.0037266332792223.
[I 2026-05-29 16:08:21,837] Trial 12 finished with value: -2.0037266332792223 and parameters: {'bb_period': 20, 'bb_std_extreme': 2.5, 'wick_ratio_min': 1.75, 'min_body_atr_pct': 0.1, 'rsi_h1_period': 14, 'rsi_kill_low': 35, 'rsi_kill_high': 65, 'atr_period': 14, 'atr_stop_mult': 2.0, 'min_rr_ratio': 1.0, 'session_start_london': 8, 'session_end_london': 16}. Best is trial 1 with value: -2.0037266332792223.
[I 2026-05-29 16:08:22,372] Trial 10 finished with value: -2.0037266332792223 and parameters: {'bb_period': 20, 'bb_std_extreme': 2.5, 'wick_ratio_min': 1.75, 'min_body_atr_pct': 0.1, 'rsi_h1_period': 14, 'rsi_kill_low': 35, 'rsi_kill_high': 65, 'atr_period': 14, 'atr_stop_mult': 2.0, 'min_rr_ratio': 1.0, 'session_start_london': 8, 'session_end_london': 16}. Best is trial 1 with value: -2.0037266332792223.
[I 2026-05-29 16:08:22,375] Trial 14 finished with value: -2.0037266332792223 and parameters: {'bb_period': 20, 'bb_std_extreme': 2.5, 'wick_ratio_min': 1.75, 'min_body_atr_pct': 0.1, 'rsi_h1_period': 14, 'rsi_kill_low': 35, 'rsi_kill_high': 65, 'atr_period': 14, 'atr_stop_mult': 2.0, 'min_rr_ratio': 1.0, 'session_start_london': 8, 'session_end_london': 16}. Best is trial 1 with value: -2.0037266332792223.
[I 2026-05-29 16:08:22,546] Trial 15 finished with value: -2.0037266332792223 and parameters: {'bb_period': 20, 'bb_std_extreme': 2.5, 'wick_ratio_min': 1.75, 'min_body_atr_pct': 0.1, 'rsi_h1_period': 14, 'rsi_kill_low': 35, 'rsi_kill_high': 65, 'atr_period': 14, 'atr_stop_mult': 2.0, 'min_rr_ratio': 1.0, 'session_start_london': 8, 'session_end_london': 16}. Best is trial 1 with value: -2.0037266332792223.
[I 2026-05-29 16:08:22,577] Trial 13 finished with value: -2.0037266332792223 and parameters: {'bb_period': 20, 'bb_std_extreme': 2.5, 'wick_ratio_min': 1.75, 'min_body_atr_pct': 0.1, 'rsi_h1_period': 14, 'rsi_kill_low': 35, 'rsi_kill_high': 65, 'atr_period': 14, 'atr_stop_mult': 2.0, 'min_rr_ratio': 1.0, 'session_start_london': 8, 'session_end_london': 16}. Best is trial 1 with value: -2.0037266332792223.
[I 2026-05-29 16:08:23,079] Trial 16 finished with value: -2.0037266332792223 and parameters: {'bb_period': 20, 'bb_std_extreme': 2.5, 'wick_ratio_min': 1.75, 'min_body_atr_pct': 0.1, 'rsi_h1_period': 14, 'rsi_kill_low': 35, 'rsi_kill_high': 65, 'atr_period': 14, 'atr_stop_mult': 2.0, 'min_rr_ratio': 1.0, 'session_start_london': 8, 'session_end_london': 16}. Best is trial 1 with value: -2.0037266332792223.
[I 2026-05-29 16:08:23,124] Trial 17 finished with value: -2.0037266332792223 and parameters: {'bb_period': 20, 'bb_std_extreme': 2.5, 'wick_ratio_min': 1.75, 'min_body_atr_pct': 0.1, 'rsi_h1_period': 14, 'rsi_kill_low': 35, 'rsi_kill_high': 65, 'atr_period': 14, 'atr_stop_mult': 2.0, 'min_rr_ratio': 1.0, 'session_start_london': 8, 'session_end_london': 16}. Best is trial 1 with value: -2.0037266332792223.
[I 2026-05-29 16:08:23,282] Trial 18 finished with value: -2.0037266332792223 and parameters: {'bb_period': 20, 'bb_std_extreme': 2.5, 'wick_ratio_min': 1.75, 'min_body_atr_pct': 0.1, 'rsi_h1_period': 14, 'rsi_kill_low': 35, 'rsi_kill_high': 65, 'atr_period': 14, 'atr_stop_mult': 2.0, 'min_rr_ratio': 1.0, 'session_start_london': 8, 'session_end_london': 16}. Best is trial 1 with value: -2.0037266332792223.
[I 2026-05-29 16:08:23,362] Trial 19 finished with value: -2.0037266332792223 and parameters: {'bb_period': 20, 'bb_std_extreme': 2.5, 'wick_ratio_min': 1.75, 'min_body_atr_pct': 0.1, 'rsi_h1_period': 14, 'rsi_kill_low': 35, 'rsi_kill_high': 65, 'atr_period': 14, 'atr_stop_mult': 2.0, 'min_rr_ratio': 1.0, 'session_start_london': 8, 'session_end_london': 16}. Best is trial 1 with value: -2.0037266332792223.
C:\Users\הלל\Desktop\algo projects\trading-research-factory\walk forward engine\.venv\lib\site-packages\optuna\samplers\_tpe\sampler.py:319: ExperimentalWarning: ``multivariate`` option is an experimental feature. The interface can change in the future.
  warnings.warn(
[I 2026-05-29 16:08:23,943] A new study created in memory with name: no-name-fc841a5b-c0e5-4038-80a5-ab0d1a4b821e
[I 2026-05-29 16:08:25,688] Trial 0 finished with value: -1.908231762685484 and parameters: {'bb_period': 20, 'bb_std_extreme': 2.5, 'wick_ratio_min': 1.75, 'min_body_atr_pct': 0.1, 'rsi_h1_period': 14, 'rsi_kill_low': 35, 'rsi_kill_high': 65, 'atr_period': 14, 'atr_stop_mult': 2.0, 'min_rr_ratio': 1.0, 'session_start_london': 8, 'session_end_london': 16}. Best is trial 0 with value: -1.908231762685484.
[I 2026-05-29 16:08:26,806] Trial 2 finished with value: -1.908231762685484 and parameters: {'bb_period': 20, 'bb_std_extreme': 2.5, 'wick_ratio_min': 1.75, 'min_body_atr_pct': 0.1, 'rsi_h1_period': 14, 'rsi_kill_low': 35, 'rsi_kill_high': 65, 'atr_period': 14, 'atr_stop_mult': 2.0, 'min_rr_ratio': 1.0, 'session_start_london': 8, 'session_end_london': 16}. Best is trial 0 with value: -1.908231762685484.
