[I 2026-06-02 19:14:13,944] Trial 24 finished with value: -0.8297442208760428 and parameters: {'lookback': 72, 'entry_threshold': 3.0, 'exit_threshold': -0.25, 'hold_bars': 18, 'sl_atr_mult': 2.0, 'tp_rr_mult': 1.0}. Best is trial 18 with value: -0.8297442208760428.
C:\Users\הלל\Desktop\algo projects\trading-research-factory\walk forward engine\.venv\lib\site-packages\optuna\samplers\_tpe\sampler.py:319: ExperimentalWarning: ``multivariate`` option is an experimental feature. The interface can change in the future.
  warnings.warn(
[I 2026-06-02 19:14:14,585] A new study created in memory with name: no-name-5583e412-d693-45e3-a0de-f63ef7e66747
[I 2026-06-02 19:14:18,634] Trial 0 finished with value: -5.5180780343540725 and parameters: {'lookback': 24, 'entry_threshold': 2.5, 'exit_threshold': 0.25, 'hold_bars': 12, 'sl_atr_mult': 2.5, 'tp_rr_mult': 2.0}. Best is trial 0 with value: -5.5180780343540725.
[I 2026-06-02 19:14:18,907] Trial 5 finished with value: -4.434959225088314 and parameters: {'lookback': 48, 'entry_threshold': 3.0, 'exit_threshold': -0.25, 'hold_bars': 6, 'sl_atr_mult': 2.5, 'tp_rr_mult': 1.5}. Best is trial 5 with value: -4.434959225088314.
[I 2026-06-02 19:14:19,115] Trial 7 finished with value: -5.83513680308606 and parameters: {'lookback': 24, 'entry_threshold': 2.0, 'exit_threshold': 0.5, 'hold_bars': 12, 'sl_atr_mult': 2.5, 'tp_rr_mult': 2.5}. Best is trial 5 with value: -4.434959225088314.
[I 2026-06-02 19:14:19,298] Trial 6 finished with value: -7.222765671135914 and parameters: {'lookback': 24, 'entry_threshold': 2.0, 'exit_threshold': 0.25, 'hold_bars': 24, 'sl_atr_mult': 2.5, 'tp_rr_mult': 1.5}. Best is trial 5 with value: -4.434959225088314.
[I 2026-06-02 19:14:19,394] Trial 2 finished with value: -4.09912924746963 and parameters: {'lookback': 48, 'entry_threshold': 2.5, 'exit_threshold': 0.5, 'hold_bars': 24, 'sl_atr_mult': 1.5, 'tp_rr_mult': 1.5}. Best is trial 2 with value: -4.09912924746963.
[I 2026-06-02 19:14:19,581] Trial 3 finished with value: -3.8377407476547205 and parameters: {'lookback': 96, 'entry_threshold': 2.5, 'exit_threshold': -0.25, 'hold_bars': 24, 'sl_atr_mult': 1.5, 'tp_rr_mult': 1.0}. Best is trial 3 with value: -3.8377407476547205.
[I 2026-06-02 19:14:19,619] Trial 1 finished with value: -3.594421248088293 and parameters: {'lookback': 96, 'entry_threshold': 2.5, 'exit_threshold': -0.25, 'hold_bars': 6, 'sl_atr_mult': 1.5, 'tp_rr_mult': 1.0}. Best is trial 1 with value: -3.594421248088293.
[I 2026-06-02 19:14:19,735] Trial 4 finished with value: -3.1306525044898716 and parameters: {'lookback': 96, 'entry_threshold': 3.0, 'exit_threshold': 0.5, 'hold_bars': 18, 'sl_atr_mult': 1.5, 'tp_rr_mult': 1.5}. Best is trial 4 with value: -3.1306525044898716.
[I 2026-06-02 19:14:23,106] Trial 8 finished with value: -5.846283757446074 and parameters: {'lookback': 24, 'entry_threshold': 2.0, 'exit_threshold': -0.25, 'hold_bars': 12, 'sl_atr_mult': 2.5, 'tp_rr_mult': 1.0}. Best is trial 4 with value: -3.1306525044898716.
[I 2026-06-02 19:14:23,260] Trial 9 finished with value: -4.581779074110558 and parameters: {'lookback': 48, 'entry_threshold': 3.0, 'exit_threshold': 0.0, 'hold_bars': 6, 'sl_atr_mult': 2.5, 'tp_rr_mult': 2.0}. Best is trial 4 with value: -3.1306525044898716.
[I 2026-06-02 19:14:23,576] Trial 12 finished with value: -6.842597357793935 and parameters: {'lookback': 24, 'entry_threshold': 2.0, 'exit_threshold': 0.25, 'hold_bars': 6, 'sl_atr_mult': 2.5, 'tp_rr_mult': 2.0}. Best is trial 4 with value: -3.1306525044898716.
[I 2026-06-02 19:14:23,591] Trial 13 finished with value: -5.1510781958410545 and parameters: {'lookback': 24, 'entry_threshold': 2.5, 'exit_threshold': 0.25, 'hold_bars': 6, 'sl_atr_mult': 1.5, 'tp_rr_mult': 1.0}. Best is trial 4 with value: -3.1306525044898716.
[I 2026-06-02 19:14:23,617] Trial 10 finished with value: -6.9111195067258455 and parameters: {'lookback': 24, 'entry_threshold': 2.0, 'exit_threshold': 0.25, 'hold_bars': 12, 'sl_atr_mult': 1.5, 'tp_rr_mult': 1.0}. Best is trial 4 with value: -3.1306525044898716.
[I 2026-06-02 19:14:24,152] Trial 11 finished with value: -3.858126959125792 and parameters: {'lookback': 72, 'entry_threshold': 2.0, 'exit_threshold': 0.5, 'hold_bars': 18, 'sl_atr_mult': 2.0, 'tp_rr_mult': 1.0}. Best is trial 4 with value: -3.1306525044898716.
[I 2026-06-02 19:14:24,171] Trial 14 finished with value: -3.71938946275128 and parameters: {'lookback': 24, 'entry_threshold': 3.0, 'exit_threshold': -0.25, 'hold_bars': 24, 'sl_atr_mult': 2.5, 'tp_rr_mult': 2.5}. Best is trial 4 with value: -3.1306525044898716.
[I 2026-06-02 19:14:24,432] Trial 15 finished with value: -3.310201491269165 and parameters: {'lookback': 96, 'entry_threshold': 3.0, 'exit_threshold': 0.5, 'hold_bars': 6, 'sl_atr_mult': 1.5, 'tp_rr_mult': 1.0}. Best is trial 4 with value: -3.1306525044898716.
[I 2026-06-02 19:14:27,634] Trial 16 finished with value: -4.127253424549295 and parameters: {'lookback': 24, 'entry_threshold': 3.0, 'exit_threshold': 0.0, 'hold_bars': 12, 'sl_atr_mult': 2.5, 'tp_rr_mult': 2.5}. Best is trial 4 with value: -3.1306525044898716.
[I 2026-06-02 19:14:27,943] Trial 17 finished with value: -3.310201491269165 and parameters: {'lookback': 96, 'entry_threshold': 3.0, 'exit_threshold': 0.5, 'hold_bars': 12, 'sl_atr_mult': 1.5, 'tp_rr_mult': 1.0}. Best is trial 4 with value: -3.1306525044898716.
[I 2026-06-02 19:14:28,123] Trial 19 finished with value: -3.588025719194358 and parameters: {'lookback': 96, 'entry_threshold': 3.0, 'exit_threshold': -0.25, 'hold_bars': 6, 'sl_atr_mult': 1.5, 'tp_rr_mult': 1.0}. Best is trial 4 with value: -3.1306525044898716.
[I 2026-06-02 19:14:28,199] Trial 20 finished with value: -3.594421248088293 and parameters: {'lookback': 96, 'entry_threshold': 2.5, 'exit_threshold': -0.25, 'hold_bars': 6, 'sl_atr_mult': 1.5, 'tp_rr_mult': 1.0}. Best is trial 4 with value: -3.1306525044898716.
[I 2026-06-02 19:14:28,369] Trial 22 finished with value: -5.025837213695792 and parameters: {'lookback': 96, 'entry_threshold': 2.0, 'exit_threshold': -0.25, 'hold_bars': 6, 'sl_atr_mult': 1.5, 'tp_rr_mult': 1.0}. Best is trial 4 with value: -3.1306525044898716.
[I 2026-06-02 19:14:28,372] Trial 18 finished with value: -5.025837213695792 and parameters: {'lookback': 96, 'entry_threshold': 2.0, 'exit_threshold': -0.25, 'hold_bars': 6, 'sl_atr_mult': 1.5, 'tp_rr_mult': 1.0}. Best is trial 4 with value: -3.1306525044898716.
[I 2026-06-02 19:14:28,487] Trial 21 finished with value: -3.3033809884644514 and parameters: {'lookback': 96, 'entry_threshold': 2.5, 'exit_threshold': 0.0, 'hold_bars': 6, 'sl_atr_mult': 1.5, 'tp_rr_mult': 1.0}. Best is trial 4 with value: -3.1306525044898716.
[I 2026-06-02 19:14:28,495] Trial 23 finished with value: -2.8737453126184467 and parameters: {'lookback': 96, 'entry_threshold': 3.0, 'exit_threshold': 0.5, 'hold_bars': 6, 'sl_atr_mult': 2.0, 'tp_rr_mult': 1.0}. Best is trial 23 with value: -2.8737453126184467.
[I 2026-06-02 19:14:28,739] Trial 24 finished with value: -3.310201491269165 and parameters: {'lookback': 96, 'entry_threshold': 3.0, 'exit_threshold': 0.5, 'hold_bars': 6, 'sl_atr_mult': 1.5, 'tp_rr_mult': 1.0}. Best is trial 23 with value: -2.8737453126184467.
C:\Users\הלל\Desktop\algo projects\trading-research-factory\walk forward engine\.venv\lib\site-packages\optuna\samplers\_tpe\sampler.py:319: ExperimentalWarning: ``multivariate`` option is an experimental feature. The interface can change in the future.
  warnings.warn(
[I 2026-06-02 19:14:29,136] A new study created in memory with name: no-name-78e8bfe5-41eb-4276-937b-ede189a3986c
[I 2026-06-02 19:14:32,827] Trial 0 finished with value: -1.5872857694168216 and parameters: {'lookback': 48, 'entry_threshold': 2.0, 'exit_threshold': 0.25, 'hold_bars': 6, 'sl_atr_mult': 1.5, 'tp_rr_mult': 2.0}. Best is trial 0 with value: -1.5872857694168216.
[I 2026-06-02 19:14:33,128] Trial 7 finished with value: -5.4898239302756275 and parameters: {'lookback': 24, 'entry_threshold': 2.0, 'exit_threshold': 0.0, 'hold_bars': 18, 'sl_atr_mult': 2.5, 'tp_rr_mult': 2.0}. Best is trial 0 with value: -1.5872857694168216.
[I 2026-06-02 19:14:33,248] Trial 5 finished with value: -3.0406011150288608 and parameters: {'lookback': 24, 'entry_threshold': 3.0, 'exit_threshold': 0.0, 'hold_bars': 12, 'sl_atr_mult': 2.5, 'tp_rr_mult': 2.0}. Best is trial 0 with value: -1.5872857694168216.
[I 2026-06-02 19:14:33,265] Trial 6 finished with value: -2.2755557381403535 and parameters: {'lookback': 24, 'entry_threshold': 3.0, 'exit_threshold': 0.5, 'hold_bars': 18, 'sl_atr_mult': 2.0, 'tp_rr_mult': 2.0}. Best is trial 0 with value: -1.5872857694168216.
[I 2026-06-02 19:14:33,357] Trial 3 finished with value: -3.1787036919617453 and parameters: {'lookback': 72, 'entry_threshold': 3.0, 'exit_threshold': 0.0, 'hold_bars': 6, 'sl_atr_mult': 1.5, 'tp_rr_mult': 1.0}. Best is trial 0 with value: -1.5872857694168216.
[I 2026-06-02 19:14:33,566] Trial 2 finished with value: -2.511111698030219 and parameters: {'lookback': 48, 'entry_threshold': 2.0, 'exit_threshold': 0.0, 'hold_bars': 12, 'sl_atr_mult': 2.0, 'tp_rr_mult': 1.0}. Best is trial 0 with value: -1.5872857694168216.
[I 2026-06-02 19:14:33,687] Trial 4 finished with value: -3.346556280612659 and parameters: {'lookback': 72, 'entry_threshold': 1.5, 'exit_threshold': 0.0, 'hold_bars': 24, 'sl_atr_mult': 2.0, 'tp_rr_mult': 1.0}. Best is trial 0 with value: -1.5872857694168216.
[I 2026-06-02 19:14:33,735] Trial 1 finished with value: -0.967286137674929 and parameters: {'lookback': 72, 'entry_threshold': 2.0, 'exit_threshold': 0.5, 'hold_bars': 6, 'sl_atr_mult': 2.5, 'tp_rr_mult': 2.5}. Best is trial 1 with value: -0.967286137674929.
[I 2026-06-02 19:14:37,239] Trial 9 finished with value: -2.683257751059567 and parameters: {'lookback': 48, 'entry_threshold': 2.5, 'exit_threshold': 0.0, 'hold_bars': 24, 'sl_atr_mult': 1.5, 'tp_rr_mult': 2.0}. Best is trial 1 with value: -0.967286137674929.
[I 2026-06-02 19:14:37,314] Trial 8 finished with value: -2.752693537324268 and parameters: {'lookback': 96, 'entry_threshold': 2.5, 'exit_threshold': 0.0, 'hold_bars': 18, 'sl_atr_mult': 2.5, 'tp_rr_mult': 2.0}. Best is trial 1 with value: -0.967286137674929.
[I 2026-06-02 19:14:37,647] Trial 11 finished with value: -2.2695905291049607 and parameters: {'lookback': 72, 'entry_threshold': 1.5, 'exit_threshold': 0.25, 'hold_bars': 24, 'sl_atr_mult': 2.5, 'tp_rr_mult': 2.0}. Best is trial 1 with value: -0.967286137674929.
[I 2026-06-02 19:14:37,734] Trial 10 finished with value: -2.053651018707409 and parameters: {'lookback': 48, 'entry_threshold': 2.0, 'exit_threshold': -0.25, 'hold_bars': 12, 'sl_atr_mult': 2.5, 'tp_rr_mult': 2.0}. Best is trial 1 with value: -0.967286137674929.
[I 2026-06-02 19:14:37,790] Trial 12 finished with value: -0.645429153290258 and parameters: {'lookback': 72, 'entry_threshold': 2.0, 'exit_threshold': -0.25, 'hold_bars': 12, 'sl_atr_mult': 2.0, 'tp_rr_mult': 1.5}. Best is trial 12 with value: -0.645429153290258.
[I 2026-06-02 19:14:37,900] Trial 15 finished with value: -4.146409236356931 and parameters: {'lookback': 24, 'entry_threshold': 2.5, 'exit_threshold': 0.5, 'hold_bars': 12, 'sl_atr_mult': 2.0, 'tp_rr_mult': 1.5}. Best is trial 12 with value: -0.645429153290258.
[I 2026-06-02 19:14:38,145] Trial 13 finished with value: -3.222951621768019 and parameters: {'lookback': 48, 'entry_threshold': 2.5, 'exit_threshold': 0.25, 'hold_bars': 12, 'sl_atr_mult': 2.0, 'tp_rr_mult': 1.5}. Best is trial 12 with value: -0.645429153290258.
[I 2026-06-02 19:14:38,149] Trial 14 finished with value: -3.12755164479076 and parameters: {'lookback': 72, 'entry_threshold': 3.0, 'exit_threshold': 0.0, 'hold_bars': 18, 'sl_atr_mult': 2.5, 'tp_rr_mult': 2.0}. Best is trial 12 with value: -0.645429153290258.
[I 2026-06-02 19:14:41,547] Trial 16 finished with value: -4.495210092172789 and parameters: {'lookback': 24, 'entry_threshold': 2.5, 'exit_threshold': 0.0, 'hold_bars': 6, 'sl_atr_mult': 1.5, 'tp_rr_mult': 2.0}. Best is trial 12 with value: -0.645429153290258.
[I 2026-06-02 19:14:41,878] Trial 18 finished with value: -0.967286137674929 and parameters: {'lookback': 72, 'entry_threshold': 2.0, 'exit_threshold': 0.5, 'hold_bars': 6, 'sl_atr_mult': 2.5, 'tp_rr_mult': 2.5}. Best is trial 12 with value: -0.645429153290258.
[I 2026-06-02 19:14:42,030] Trial 17 finished with value: -2.1951943434386303 and parameters: {'lookback': 96, 'entry_threshold': 1.5, 'exit_threshold': 0.25, 'hold_bars': 6, 'sl_atr_mult': 2.5, 'tp_rr_mult': 2.5}. Best is trial 12 with value: -0.645429153290258.
[I 2026-06-02 19:14:42,294] Trial 21 finished with value: -2.207694476490667 and parameters: {'lookback': 72, 'entry_threshold': 1.5, 'exit_threshold': 0.5, 'hold_bars': 6, 'sl_atr_mult': 2.5, 'tp_rr_mult': 2.5}. Best is trial 12 with value: -0.645429153290258.
[I 2026-06-02 19:14:42,311] Trial 20 finished with value: -2.5357737119503465 and parameters: {'lookback': 72, 'entry_threshold': 2.5, 'exit_threshold': 0.5, 'hold_bars': 6, 'sl_atr_mult': 2.5, 'tp_rr_mult': 2.5}. Best is trial 12 with value: -0.645429153290258.
[I 2026-06-02 19:14:42,398] Trial 19 finished with value: -2.5357737119503465 and parameters: {'lookback': 72, 'entry_threshold': 2.5, 'exit_threshold': 0.5, 'hold_bars': 6, 'sl_atr_mult': 2.5, 'tp_rr_mult': 2.5}. Best is trial 12 with value: -0.645429153290258.
[I 2026-06-02 19:14:42,447] Trial 22 finished with value: -2.5794027568824083 and parameters: {'lookback': 72, 'entry_threshold': 2.5, 'exit_threshold': 0.5, 'hold_bars': 12, 'sl_atr_mult': 2.5, 'tp_rr_mult': 2.5}. Best is trial 12 with value: -0.645429153290258.
[I 2026-06-02 19:14:42,520] Trial 23 finished with value: -1.4735148249286842 and parameters: {'lookback': 96, 'entry_threshold': 2.0, 'exit_threshold': 0.5, 'hold_bars': 6, 'sl_atr_mult': 2.5, 'tp_rr_mult': 2.5}. Best is trial 12 with value: -0.645429153290258.
[I 2026-06-02 19:14:42,749] Trial 24 finished with value: -0.967286137674929 and parameters: {'lookback': 72, 'entry_threshold': 2.0, 'exit_threshold': 0.5, 'hold_bars': 6, 'sl_atr_mult': 2.5, 'tp_rr_mult': 2.0}. Best is trial 12 with value: -0.645429153290258.
C:\Users\הלל\Desktop\algo projects\trading-research-factory\walk forward engine\.venv\lib\site-packages\optuna\samplers\_tpe\sampler.py:319: ExperimentalWarning: ``multivariate`` option is an experimental feature. The interface can change in the future.
  warnings.warn(
[I 2026-06-02 19:14:43,165] A new study created in memory with name: no-name-49a04071-b77d-4711-9131-7cfe207a6005
[I 2026-06-02 19:14:46,710] Trial 0 finished with value: -3.893150721479775 and parameters: {'lookback': 96, 'entry_threshold': 3.0, 'exit_threshold': 0.5, 'hold_bars': 18, 'sl_atr_mult': 2.0, 'tp_rr_mult': 2.5}. Best is trial 0 with value: -3.893150721479775.
[I 2026-06-02 19:14:46,965] Trial 3 finished with value: -3.3082295610598806 and parameters: {'lookback': 48, 'entry_threshold': 1.5, 'exit_threshold': 0.5, 'hold_bars': 24, 'sl_atr_mult': 2.0, 'tp_rr_mult': 2.0}. Best is trial 3 with value: -3.3082295610598806.
[I 2026-06-02 19:14:47,139] Trial 6 finished with value: -1.1986747996444826 and parameters: {'lookback': 24, 'entry_threshold': 3.0, 'exit_threshold': 0.5, 'hold_bars': 24, 'sl_atr_mult': 2.0, 'tp_rr_mult': 2.0}. Best is trial 6 with value: -1.1986747996444826.
[I 2026-06-02 19:14:47,222] Trial 5 finished with value: -4.97212897088535 and parameters: {'lookback': 24, 'entry_threshold': 2.5, 'exit_threshold': 0.25, 'hold_bars': 24, 'sl_atr_mult': 2.5, 'tp_rr_mult': 1.5}. Best is trial 6 with value: -1.1986747996444826.
[I 2026-06-02 19:14:47,296] Trial 2 finished with value: -1.4000272795805935 and parameters: {'lookback': 72, 'entry_threshold': 2.0, 'exit_threshold': -0.25, 'hold_bars': 6, 'sl_atr_mult': 2.0, 'tp_rr_mult': 1.5}. Best is trial 6 with value: -1.1986747996444826.
[I 2026-06-02 19:14:47,334] Trial 4 finished with value: -4.21972440458013 and parameters: {'lookback': 24, 'entry_threshold': 2.5, 'exit_threshold': 0.5, 'hold_bars': 6, 'sl_atr_mult': 2.0, 'tp_rr_mult': 1.5}. Best is trial 6 with value: -1.1986747996444826.
[I 2026-06-02 19:14:47,349] Trial 1 finished with value: -3.5488681331847047 and parameters: {'lookback': 96, 'entry_threshold': 1.5, 'exit_threshold': 0.0, 'hold_bars': 6, 'sl_atr_mult': 1.5, 'tp_rr_mult': 2.5}. Best is trial 6 with value: -1.1986747996444826.
[I 2026-06-02 19:14:47,355] Trial 7 finished with value: -4.139571239289179 and parameters: {'lookback': 96, 'entry_threshold': 2.5, 'exit_threshold': -0.25, 'hold_bars': 18, 'sl_atr_mult': 1.5, 'tp_rr_mult': 1.0}. Best is trial 6 with value: -1.1986747996444826.
[I 2026-06-02 19:14:50,900] Trial 9 finished with value: -1.2332137089456081 and parameters: {'lookback': 24, 'entry_threshold': 3.0, 'exit_threshold': 0.5, 'hold_bars': 18, 'sl_atr_mult': 2.0, 'tp_rr_mult': 1.0}. Best is trial 6 with value: -1.1986747996444826.
[I 2026-06-02 19:14:50,960] Trial 11 finished with value: -3.783254093940373 and parameters: {'lookback': 48, 'entry_threshold': 3.0, 'exit_threshold': 0.0, 'hold_bars': 12, 'sl_atr_mult': 1.5, 'tp_rr_mult': 1.5}. Best is trial 6 with value: -1.1986747996444826.
[I 2026-06-02 19:14:51,248] Trial 13 finished with value: -5.340934695331697 and parameters: {'lookback': 48, 'entry_threshold': 1.5, 'exit_threshold': 0.0, 'hold_bars': 12, 'sl_atr_mult': 2.0, 'tp_rr_mult': 1.0}. Best is trial 6 with value: -1.1986747996444826.
[I 2026-06-02 19:14:51,248] Trial 10 finished with value: -3.719345402641349 and parameters: {'lookback': 48, 'entry_threshold': 3.0, 'exit_threshold': 0.5, 'hold_bars': 6, 'sl_atr_mult': 2.5, 'tp_rr_mult': 1.0}. Best is trial 6 with value: -1.1986747996444826.
[I 2026-06-02 19:14:51,445] Trial 8 finished with value: -3.9430387678445573 and parameters: {'lookback': 96, 'entry_threshold': 2.5, 'exit_threshold': -0.25, 'hold_bars': 24, 'sl_atr_mult': 2.5, 'tp_rr_mult': 1.0}. Best is trial 6 with value: -1.1986747996444826.
[I 2026-06-02 19:14:51,614] Trial 15 finished with value: -3.7383147470731433 and parameters: {'lookback': 72, 'entry_threshold': 3.0, 'exit_threshold': -0.25, 'hold_bars': 18, 'sl_atr_mult': 2.0, 'tp_rr_mult': 2.5}. Best is trial 6 with value: -1.1986747996444826.
[I 2026-06-02 19:14:51,698] Trial 14 finished with value: -3.011407215305315 and parameters: {'lookback': 72, 'entry_threshold': 2.5, 'exit_threshold': 0.25, 'hold_bars': 12, 'sl_atr_mult': 1.5, 'tp_rr_mult': 2.0}. Best is trial 6 with value: -1.1986747996444826.
[I 2026-06-02 19:14:51,789] Trial 12 finished with value: -2.7809990109485616 and parameters: {'lookback': 72, 'entry_threshold': 2.5, 'exit_threshold': 0.5, 'hold_bars': 18, 'sl_atr_mult': 2.5, 'tp_rr_mult': 2.0}. Best is trial 6 with value: -1.1986747996444826.
[I 2026-06-02 19:14:55,216] Trial 17 finished with value: -1.1986747996444826 and parameters: {'lookback': 24, 'entry_threshold': 3.0, 'exit_threshold': 0.5, 'hold_bars': 18, 'sl_atr_mult': 2.0, 'tp_rr_mult': 2.5}. Best is trial 6 with value: -1.1986747996444826.
[I 2026-06-02 19:14:55,434] Trial 23 finished with value: -0.8734931783363568 and parameters: {'lookback': 24, 'entry_threshold': 3.0, 'exit_threshold': 0.5, 'hold_bars': 24, 'sl_atr_mult': 1.5, 'tp_rr_mult': 2.5}. Best is trial 23 with value: -0.8734931783363568.
[I 2026-06-02 19:14:55,791] Trial 16 finished with value: -3.544472822381308 and parameters: {'lookback': 72, 'entry_threshold': 3.0, 'exit_threshold': 0.0, 'hold_bars': 18, 'sl_atr_mult': 1.5, 'tp_rr_mult': 2.0}. Best is trial 23 with value: -0.8734931783363568.
[I 2026-06-02 19:14:55,890] Trial 21 finished with value: -0.8734931783363568 and parameters: {'lookback': 24, 'entry_threshold': 3.0, 'exit_threshold': 0.5, 'hold_bars': 24, 'sl_atr_mult': 1.5, 'tp_rr_mult': 2.0}. Best is trial 23 with value: -0.8734931783363568.
[I 2026-06-02 19:14:55,941] Trial 19 finished with value: -1.1986747996444826 and parameters: {'lookback': 24, 'entry_threshold': 3.0, 'exit_threshold': 0.5, 'hold_bars': 24, 'sl_atr_mult': 2.0, 'tp_rr_mult': 2.5}. Best is trial 23 with value: -0.8734931783363568.
[I 2026-06-02 19:14:56,017] Trial 22 finished with value: -3.597871928189376 and parameters: {'lookback': 48, 'entry_threshold': 3.0, 'exit_threshold': 0.5, 'hold_bars': 24, 'sl_atr_mult': 2.0, 'tp_rr_mult': 2.0}. Best is trial 23 with value: -0.8734931783363568.
[I 2026-06-02 19:14:56,027] Trial 18 finished with value: -3.3126342269813818 and parameters: {'lookback': 48, 'entry_threshold': 3.0, 'exit_threshold': 0.5, 'hold_bars': 24, 'sl_atr_mult': 1.5, 'tp_rr_mult': 2.0}. Best is trial 23 with value: -0.8734931783363568.
[I 2026-06-02 19:14:56,113] Trial 20 finished with value: -1.7470553671776938 and parameters: {'lookback': 24, 'entry_threshold': 3.0, 'exit_threshold': 0.25, 'hold_bars': 24, 'sl_atr_mult': 2.0, 'tp_rr_mult': 2.5}. Best is trial 23 with value: -0.8734931783363568.
[I 2026-06-02 19:14:56,344] Trial 24 finished with value: -3.5178723649987806 and parameters: {'lookback': 24, 'entry_threshold': 2.5, 'exit_threshold': 0.5, 'hold_bars': 12, 'sl_atr_mult': 1.5, 'tp_rr_mult': 2.5}. Best is trial 23 with value: -0.8734931783363568.
C:\Users\הלל\Desktop\algo projects\trading-research-factory\walk forward engine\.venv\lib\site-packages\optuna\samplers\_tpe\sampler.py:319: ExperimentalWarning: ``multivariate`` option is an experimental feature. The interface can change in the future.
  warnings.warn(
[I 2026-06-02 19:14:56,749] A new study created in memory with name: no-name-ce29f212-bb14-4c3b-8e16-99114d1de822
[I 2026-06-02 19:15:00,478] Trial 3 finished with value: -3.4845533104735256 and parameters: {'lookback': 48, 'entry_threshold': 2.0, 'exit_threshold': 0.5, 'hold_bars': 12, 'sl_atr_mult': 2.5, 'tp_rr_mult': 2.5}. Best is trial 3 with value: -3.4845533104735256.
