[I 2026-06-02 19:15:43,206] Trial 1 finished with value: 2.2259656517026007 and parameters: {'lookback': 24, 'entry_threshold': 2.5, 'exit_threshold': 0.25, 'hold_bars': 6, 'sl_atr_mult': 1.5, 'tp_rr_mult': 1.5}. Best is trial 2 with value: 2.6216716229137393.
[I 2026-06-02 19:15:43,283] Trial 3 finished with value: -3.16048288027507 and parameters: {'lookback': 24, 'entry_threshold': 1.5, 'exit_threshold': 0.0, 'hold_bars': 6, 'sl_atr_mult': 2.5, 'tp_rr_mult': 1.5}. Best is trial 2 with value: 2.6216716229137393.
[I 2026-06-02 19:15:43,356] Trial 4 finished with value: -2.4157848788084855 and parameters: {'lookback': 24, 'entry_threshold': 1.5, 'exit_threshold': 0.25, 'hold_bars': 18, 'sl_atr_mult': 2.5, 'tp_rr_mult': 1.5}. Best is trial 2 with value: 2.6216716229137393.
[I 2026-06-02 19:15:43,522] Trial 6 finished with value: -0.911666471366821 and parameters: {'lookback': 72, 'entry_threshold': 1.5, 'exit_threshold': 0.25, 'hold_bars': 24, 'sl_atr_mult': 2.5, 'tp_rr_mult': 2.5}. Best is trial 2 with value: 2.6216716229137393.
[I 2026-06-02 19:15:46,813] Trial 8 finished with value: 0.20817768413965024 and parameters: {'lookback': 96, 'entry_threshold': 3.0, 'exit_threshold': 0.25, 'hold_bars': 12, 'sl_atr_mult': 1.5, 'tp_rr_mult': 2.5}. Best is trial 2 with value: 2.6216716229137393.
[I 2026-06-02 19:15:47,078] Trial 9 finished with value: -1.3084459273996558 and parameters: {'lookback': 24, 'entry_threshold': 2.0, 'exit_threshold': -0.25, 'hold_bars': 18, 'sl_atr_mult': 1.5, 'tp_rr_mult': 1.5}. Best is trial 2 with value: 2.6216716229137393.
[I 2026-06-02 19:15:47,122] Trial 13 finished with value: -1.1986809008474866 and parameters: {'lookback': 24, 'entry_threshold': 2.0, 'exit_threshold': -0.25, 'hold_bars': 6, 'sl_atr_mult': 1.5, 'tp_rr_mult': 1.0}. Best is trial 2 with value: 2.6216716229137393.
[I 2026-06-02 19:15:47,218] Trial 12 finished with value: -0.18592173763198355 and parameters: {'lookback': 24, 'entry_threshold': 2.0, 'exit_threshold': 0.0, 'hold_bars': 18, 'sl_atr_mult': 2.0, 'tp_rr_mult': 2.0}. Best is trial 2 with value: 2.6216716229137393.
[I 2026-06-02 19:15:47,471] Trial 11 finished with value: 1.299065312395563 and parameters: {'lookback': 72, 'entry_threshold': 2.0, 'exit_threshold': 0.5, 'hold_bars': 6, 'sl_atr_mult': 2.0, 'tp_rr_mult': 1.5}. Best is trial 2 with value: 2.6216716229137393.
[I 2026-06-02 19:15:47,487] Trial 10 finished with value: -0.25024246440818143 and parameters: {'lookback': 72, 'entry_threshold': 3.0, 'exit_threshold': 0.5, 'hold_bars': 12, 'sl_atr_mult': 1.5, 'tp_rr_mult': 2.0}. Best is trial 2 with value: 2.6216716229137393.
[I 2026-06-02 19:15:47,718] Trial 14 finished with value: -2.7999126664429985 and parameters: {'lookback': 24, 'entry_threshold': 1.5, 'exit_threshold': 0.0, 'hold_bars': 18, 'sl_atr_mult': 2.5, 'tp_rr_mult': 2.0}. Best is trial 2 with value: 2.6216716229137393.
[I 2026-06-02 19:15:47,963] Trial 15 finished with value: 1.953636274619221 and parameters: {'lookback': 96, 'entry_threshold': 2.5, 'exit_threshold': 0.25, 'hold_bars': 12, 'sl_atr_mult': 1.5, 'tp_rr_mult': 1.0}. Best is trial 2 with value: 2.6216716229137393.
[I 2026-06-02 19:15:51,398] Trial 21 finished with value: 2.6216716229137393 and parameters: {'lookback': 24, 'entry_threshold': 3.0, 'exit_threshold': 0.5, 'hold_bars': 6, 'sl_atr_mult': 2.5, 'tp_rr_mult': 1.5}. Best is trial 2 with value: 2.6216716229137393.
[I 2026-06-02 19:15:51,440] Trial 17 finished with value: 2.6216716229137393 and parameters: {'lookback': 24, 'entry_threshold': 3.0, 'exit_threshold': 0.5, 'hold_bars': 6, 'sl_atr_mult': 2.5, 'tp_rr_mult': 2.5}. Best is trial 2 with value: 2.6216716229137393.
[I 2026-06-02 19:15:51,462] Trial 19 finished with value: 2.6216716229137393 and parameters: {'lookback': 24, 'entry_threshold': 3.0, 'exit_threshold': 0.5, 'hold_bars': 12, 'sl_atr_mult': 2.5, 'tp_rr_mult': 1.5}. Best is trial 2 with value: 2.6216716229137393.
[I 2026-06-02 19:15:51,698] Trial 18 finished with value: 2.714934346323878 and parameters: {'lookback': 24, 'entry_threshold': 3.0, 'exit_threshold': 0.25, 'hold_bars': 12, 'sl_atr_mult': 2.5, 'tp_rr_mult': 1.5}. Best is trial 18 with value: 2.714934346323878.
[I 2026-06-02 19:15:51,711] Trial 16 finished with value: 0.37953541006126795 and parameters: {'lookback': 96, 'entry_threshold': 3.0, 'exit_threshold': -0.25, 'hold_bars': 18, 'sl_atr_mult': 1.5, 'tp_rr_mult': 2.0}. Best is trial 18 with value: 2.714934346323878.
[I 2026-06-02 19:15:51,856] Trial 20 finished with value: 2.714934346323878 and parameters: {'lookback': 24, 'entry_threshold': 3.0, 'exit_threshold': 0.25, 'hold_bars': 12, 'sl_atr_mult': 2.5, 'tp_rr_mult': 1.5}. Best is trial 18 with value: 2.714934346323878.
[I 2026-06-02 19:15:51,917] Trial 22 finished with value: 0.4501143538796864 and parameters: {'lookback': 48, 'entry_threshold': 3.0, 'exit_threshold': 0.5, 'hold_bars': 6, 'sl_atr_mult': 2.5, 'tp_rr_mult': 1.0}. Best is trial 18 with value: 2.714934346323878.
[I 2026-06-02 19:15:51,962] Trial 23 finished with value: 2.5436749080986045 and parameters: {'lookback': 24, 'entry_threshold': 3.0, 'exit_threshold': 0.5, 'hold_bars': 6, 'sl_atr_mult': 2.5, 'tp_rr_mult': 1.0}. Best is trial 18 with value: 2.714934346323878.
[I 2026-06-02 19:15:52,199] Trial 24 finished with value: 2.6216716229137393 and parameters: {'lookback': 24, 'entry_threshold': 3.0, 'exit_threshold': 0.5, 'hold_bars': 6, 'sl_atr_mult': 2.5, 'tp_rr_mult': 1.5}. Best is trial 18 with value: 2.714934346323878.
C:\Users\הלל\Desktop\algo projects\trading-research-factory\walk forward engine\.venv\lib\site-packages\optuna\samplers\_tpe\sampler.py:319: ExperimentalWarning: ``multivariate`` option is an experimental feature. The interface can change in the future.
  warnings.warn(
[I 2026-06-02 19:15:52,591] A new study created in memory with name: no-name-13a5860a-44c3-4f05-8e05-35d2fb1bd760
[I 2026-06-02 19:15:56,057] Trial 1 finished with value: -3.974916826264696 and parameters: {'lookback': 48, 'entry_threshold': 1.5, 'exit_threshold': 0.0, 'hold_bars': 18, 'sl_atr_mult': 2.0, 'tp_rr_mult': 2.0}. Best is trial 1 with value: -3.974916826264696.
[I 2026-06-02 19:15:56,385] Trial 2 finished with value: -2.1444054196184115 and parameters: {'lookback': 24, 'entry_threshold': 1.5, 'exit_threshold': 0.5, 'hold_bars': 18, 'sl_atr_mult': 2.5, 'tp_rr_mult': 2.5}. Best is trial 2 with value: -2.1444054196184115.
[I 2026-06-02 19:15:56,424] Trial 3 finished with value: -1.7875990868446285 and parameters: {'lookback': 72, 'entry_threshold': 3.0, 'exit_threshold': -0.25, 'hold_bars': 6, 'sl_atr_mult': 1.5, 'tp_rr_mult': 2.5}. Best is trial 3 with value: -1.7875990868446285.
[I 2026-06-02 19:15:56,554] Trial 0 finished with value: -1.6419474018031812 and parameters: {'lookback': 48, 'entry_threshold': 3.0, 'exit_threshold': -0.25, 'hold_bars': 6, 'sl_atr_mult': 2.5, 'tp_rr_mult': 2.0}. Best is trial 0 with value: -1.6419474018031812.
[I 2026-06-02 19:15:56,650] Trial 5 finished with value: -2.983438025145398 and parameters: {'lookback': 48, 'entry_threshold': 1.5, 'exit_threshold': 0.25, 'hold_bars': 24, 'sl_atr_mult': 1.5, 'tp_rr_mult': 2.0}. Best is trial 0 with value: -1.6419474018031812.
[I 2026-06-02 19:15:56,719] Trial 4 finished with value: -2.6366283217433666 and parameters: {'lookback': 72, 'entry_threshold': 1.5, 'exit_threshold': -0.25, 'hold_bars': 24, 'sl_atr_mult': 1.5, 'tp_rr_mult': 1.5}. Best is trial 0 with value: -1.6419474018031812.
[I 2026-06-02 19:15:56,932] Trial 6 finished with value: 0.13124021418209958 and parameters: {'lookback': 72, 'entry_threshold': 2.5, 'exit_threshold': 0.5, 'hold_bars': 6, 'sl_atr_mult': 2.0, 'tp_rr_mult': 1.5}. Best is trial 6 with value: 0.13124021418209958.
[I 2026-06-02 19:15:56,979] Trial 7 finished with value: -1.0894142702623453 and parameters: {'lookback': 96, 'entry_threshold': 2.5, 'exit_threshold': 0.0, 'hold_bars': 24, 'sl_atr_mult': 2.5, 'tp_rr_mult': 1.5}. Best is trial 6 with value: 0.13124021418209958.
[I 2026-06-02 19:16:00,295] Trial 8 finished with value: -2.330047838034623 and parameters: {'lookback': 24, 'entry_threshold': 1.5, 'exit_threshold': 0.5, 'hold_bars': 18, 'sl_atr_mult': 2.5, 'tp_rr_mult': 2.0}. Best is trial 6 with value: 0.13124021418209958.
[I 2026-06-02 19:16:00,519] Trial 11 finished with value: -1.565640023065199 and parameters: {'lookback': 72, 'entry_threshold': 2.0, 'exit_threshold': 0.0, 'hold_bars': 18, 'sl_atr_mult': 1.5, 'tp_rr_mult': 2.5}. Best is trial 6 with value: 0.13124021418209958.
[I 2026-06-02 19:16:00,639] Trial 9 finished with value: -1.3604285236031715 and parameters: {'lookback': 96, 'entry_threshold': 2.0, 'exit_threshold': -0.25, 'hold_bars': 24, 'sl_atr_mult': 1.5, 'tp_rr_mult': 2.0}. Best is trial 6 with value: 0.13124021418209958.
[I 2026-06-02 19:16:00,989] Trial 10 finished with value: -0.4354401970424906 and parameters: {'lookback': 48, 'entry_threshold': 2.5, 'exit_threshold': 0.0, 'hold_bars': 12, 'sl_atr_mult': 2.0, 'tp_rr_mult': 2.0}. Best is trial 6 with value: 0.13124021418209958.
[I 2026-06-02 19:16:01,041] Trial 15 finished with value: -2.5085681848830736 and parameters: {'lookback': 72, 'entry_threshold': 1.5, 'exit_threshold': -0.25, 'hold_bars': 12, 'sl_atr_mult': 1.5, 'tp_rr_mult': 2.0}. Best is trial 6 with value: 0.13124021418209958.
[I 2026-06-02 19:16:01,253] Trial 12 finished with value: -1.4580950935882753 and parameters: {'lookback': 48, 'entry_threshold': 3.0, 'exit_threshold': 0.0, 'hold_bars': 6, 'sl_atr_mult': 2.5, 'tp_rr_mult': 2.0}. Best is trial 6 with value: 0.13124021418209958.
[I 2026-06-02 19:16:01,370] Trial 13 finished with value: -1.4707782558191669 and parameters: {'lookback': 48, 'entry_threshold': 3.0, 'exit_threshold': 0.25, 'hold_bars': 12, 'sl_atr_mult': 2.0, 'tp_rr_mult': 1.0}. Best is trial 6 with value: 0.13124021418209958.
[I 2026-06-02 19:16:01,421] Trial 14 finished with value: 0.46161168735597774 and parameters: {'lookback': 96, 'entry_threshold': 2.5, 'exit_threshold': 0.5, 'hold_bars': 24, 'sl_atr_mult': 1.5, 'tp_rr_mult': 2.0}. Best is trial 14 with value: 0.46161168735597774.
[I 2026-06-02 19:16:05,322] Trial 16 finished with value: -1.2886229135301284 and parameters: {'lookback': 48, 'entry_threshold': 3.0, 'exit_threshold': -0.25, 'hold_bars': 18, 'sl_atr_mult': 1.5, 'tp_rr_mult': 2.5}. Best is trial 14 with value: 0.46161168735597774.
[I 2026-06-02 19:16:05,660] Trial 17 finished with value: -0.2768124443694368 and parameters: {'lookback': 72, 'entry_threshold': 2.5, 'exit_threshold': 0.5, 'hold_bars': 6, 'sl_atr_mult': 1.5, 'tp_rr_mult': 1.0}. Best is trial 14 with value: 0.46161168735597774.
[I 2026-06-02 19:16:05,914] Trial 18 finished with value: -1.7731878637838556 and parameters: {'lookback': 72, 'entry_threshold': 2.5, 'exit_threshold': 0.0, 'hold_bars': 24, 'sl_atr_mult': 2.5, 'tp_rr_mult': 2.0}. Best is trial 14 with value: 0.46161168735597774.
[I 2026-06-02 19:16:06,061] Trial 19 finished with value: -1.4707782558191669 and parameters: {'lookback': 48, 'entry_threshold': 3.0, 'exit_threshold': 0.25, 'hold_bars': 6, 'sl_atr_mult': 2.0, 'tp_rr_mult': 1.5}. Best is trial 14 with value: 0.46161168735597774.
[I 2026-06-02 19:16:06,125] Trial 20 finished with value: 0.3381410600613974 and parameters: {'lookback': 96, 'entry_threshold': 2.5, 'exit_threshold': 0.5, 'hold_bars': 6, 'sl_atr_mult': 2.0, 'tp_rr_mult': 1.5}. Best is trial 14 with value: 0.46161168735597774.
[I 2026-06-02 19:16:06,415] Trial 23 finished with value: 0.46161168735597774 and parameters: {'lookback': 96, 'entry_threshold': 2.5, 'exit_threshold': 0.5, 'hold_bars': 24, 'sl_atr_mult': 1.5, 'tp_rr_mult': 2.0}. Best is trial 14 with value: 0.46161168735597774.
[I 2026-06-02 19:16:06,611] Trial 22 finished with value: -0.3502516555859417 and parameters: {'lookback': 96, 'entry_threshold': 2.0, 'exit_threshold': 0.5, 'hold_bars': 24, 'sl_atr_mult': 1.5, 'tp_rr_mult': 2.0}. Best is trial 14 with value: 0.46161168735597774.
[I 2026-06-02 19:16:06,678] Trial 21 finished with value: 0.13124021418209958 and parameters: {'lookback': 72, 'entry_threshold': 2.5, 'exit_threshold': 0.5, 'hold_bars': 6, 'sl_atr_mult': 2.0, 'tp_rr_mult': 1.5}. Best is trial 14 with value: 0.46161168735597774.
[I 2026-06-02 19:16:07,025] Trial 24 finished with value: 0.46161168735597774 and parameters: {'lookback': 96, 'entry_threshold': 2.5, 'exit_threshold': 0.5, 'hold_bars': 24, 'sl_atr_mult': 1.5, 'tp_rr_mult': 2.0}. Best is trial 14 with value: 0.46161168735597774.
C:\Users\הלל\Desktop\algo projects\trading-research-factory\walk forward engine\.venv\lib\site-packages\optuna\samplers\_tpe\sampler.py:319: ExperimentalWarning: ``multivariate`` option is an experimental feature. The interface can change in the future.
  warnings.warn(
[I 2026-06-02 19:16:07,615] A new study created in memory with name: no-name-0c4ad52e-b9a6-448e-9a2b-8a2950ca67f3
[I 2026-06-02 19:16:12,140] Trial 0 finished with value: -5.097636005472472 and parameters: {'lookback': 48, 'entry_threshold': 2.0, 'exit_threshold': 0.25, 'hold_bars': 12, 'sl_atr_mult': 2.5, 'tp_rr_mult': 1.0}. Best is trial 0 with value: -5.097636005472472.
[I 2026-06-02 19:16:12,560] Trial 6 finished with value: -6.910228637513303 and parameters: {'lookback': 48, 'entry_threshold': 1.5, 'exit_threshold': 0.0, 'hold_bars': 12, 'sl_atr_mult': 2.0, 'tp_rr_mult': 2.0}. Best is trial 0 with value: -5.097636005472472.
[I 2026-06-02 19:16:12,843] Trial 1 finished with value: -2.239135943491382 and parameters: {'lookback': 48, 'entry_threshold': 2.0, 'exit_threshold': -0.25, 'hold_bars': 18, 'sl_atr_mult': 2.0, 'tp_rr_mult': 2.0}. Best is trial 1 with value: -2.239135943491382.
[I 2026-06-02 19:16:13,057] Trial 4 finished with value: -4.939187570646834 and parameters: {'lookback': 48, 'entry_threshold': 2.0, 'exit_threshold': 0.25, 'hold_bars': 18, 'sl_atr_mult': 2.0, 'tp_rr_mult': 2.5}. Best is trial 1 with value: -2.239135943491382.
[I 2026-06-02 19:16:13,121] Trial 2 finished with value: -6.00418486510733 and parameters: {'lookback': 72, 'entry_threshold': 1.5, 'exit_threshold': 0.0, 'hold_bars': 6, 'sl_atr_mult': 1.5, 'tp_rr_mult': 1.0}. Best is trial 1 with value: -2.239135943491382.
[I 2026-06-02 19:16:13,238] Trial 3 finished with value: -2.409724319665159 and parameters: {'lookback': 48, 'entry_threshold': 2.0, 'exit_threshold': 0.5, 'hold_bars': 18, 'sl_atr_mult': 2.5, 'tp_rr_mult': 2.5}. Best is trial 1 with value: -2.239135943491382.
[I 2026-06-02 19:16:13,307] Trial 7 finished with value: -5.448772987731264 and parameters: {'lookback': 24, 'entry_threshold': 1.5, 'exit_threshold': 0.5, 'hold_bars': 18, 'sl_atr_mult': 1.5, 'tp_rr_mult': 1.5}. Best is trial 1 with value: -2.239135943491382.
[I 2026-06-02 19:16:13,691] Trial 5 finished with value: -3.633620376251151 and parameters: {'lookback': 72, 'entry_threshold': 2.5, 'exit_threshold': 0.5, 'hold_bars': 12, 'sl_atr_mult': 1.5, 'tp_rr_mult': 2.5}. Best is trial 1 with value: -2.239135943491382.
[I 2026-06-02 19:16:17,417] Trial 8 finished with value: -0.03621218854513899 and parameters: {'lookback': 24, 'entry_threshold': 3.0, 'exit_threshold': 0.5, 'hold_bars': 12, 'sl_atr_mult': 1.5, 'tp_rr_mult': 2.0}. Best is trial 8 with value: -0.03621218854513899.
[I 2026-06-02 19:16:17,630] Trial 9 finished with value: -4.754865101118535 and parameters: {'lookback': 48, 'entry_threshold': 3.0, 'exit_threshold': 0.0, 'hold_bars': 18, 'sl_atr_mult': 1.5, 'tp_rr_mult': 1.5}. Best is trial 8 with value: -0.03621218854513899.
[I 2026-06-02 19:16:18,119] Trial 10 finished with value: -6.317795198258907 and parameters: {'lookback': 48, 'entry_threshold': 1.5, 'exit_threshold': 0.5, 'hold_bars': 24, 'sl_atr_mult': 2.5, 'tp_rr_mult': 1.5}. Best is trial 8 with value: -0.03621218854513899.
[I 2026-06-02 19:16:18,447] Trial 12 finished with value: -2.2463868342441686 and parameters: {'lookback': 48, 'entry_threshold': 2.5, 'exit_threshold': -0.25, 'hold_bars': 24, 'sl_atr_mult': 1.5, 'tp_rr_mult': 2.0}. Best is trial 8 with value: -0.03621218854513899.
[I 2026-06-02 19:16:18,670] Trial 11 finished with value: -3.322743022613219 and parameters: {'lookback': 24, 'entry_threshold': 2.0, 'exit_threshold': 0.5, 'hold_bars': 12, 'sl_atr_mult': 2.5, 'tp_rr_mult': 2.0}. Best is trial 8 with value: -0.03621218854513899.
[I 2026-06-02 19:16:18,973] Trial 14 finished with value: -4.395296399265231 and parameters: {'lookback': 72, 'entry_threshold': 3.0, 'exit_threshold': 0.25, 'hold_bars': 6, 'sl_atr_mult': 1.5, 'tp_rr_mult': 2.5}. Best is trial 8 with value: -0.03621218854513899.
[I 2026-06-02 19:16:19,668] Trial 15 finished with value: -4.795605795823714 and parameters: {'lookback': 72, 'entry_threshold': 2.5, 'exit_threshold': 0.25, 'hold_bars': 24, 'sl_atr_mult': 2.5, 'tp_rr_mult': 2.0}. Best is trial 8 with value: -0.03621218854513899.
[I 2026-06-02 19:16:19,693] Trial 13 finished with value: -4.517500525541288 and parameters: {'lookback': 72, 'entry_threshold': 1.5, 'exit_threshold': -0.25, 'hold_bars': 12, 'sl_atr_mult': 2.0, 'tp_rr_mult': 1.5}. Best is trial 8 with value: -0.03621218854513899.
[I 2026-06-02 19:16:23,071] Trial 16 finished with value: -5.253513944582186 and parameters: {'lookback': 72, 'entry_threshold': 2.0, 'exit_threshold': 0.25, 'hold_bars': 12, 'sl_atr_mult': 2.0, 'tp_rr_mult': 2.5}. Best is trial 8 with value: -0.03621218854513899.
[I 2026-06-02 19:16:23,311] Trial 17 finished with value: -3.1123279301599305 and parameters: {'lookback': 48, 'entry_threshold': 3.0, 'exit_threshold': 0.5, 'hold_bars': 6, 'sl_atr_mult': 1.5, 'tp_rr_mult': 1.5}. Best is trial 8 with value: -0.03621218854513899.
[I 2026-06-02 19:16:23,511] Trial 18 finished with value: -0.03621218854513899 and parameters: {'lookback': 24, 'entry_threshold': 3.0, 'exit_threshold': 0.5, 'hold_bars': 12, 'sl_atr_mult': 1.5, 'tp_rr_mult': 2.0}. Best is trial 8 with value: -0.03621218854513899.
[I 2026-06-02 19:16:23,704] Trial 19 finished with value: 0.06399143133115812 and parameters: {'lookback': 24, 'entry_threshold': 3.0, 'exit_threshold': 0.25, 'hold_bars': 6, 'sl_atr_mult': 1.5, 'tp_rr_mult': 2.5}. Best is trial 19 with value: 0.06399143133115812.
[I 2026-06-02 19:16:23,805] Trial 20 finished with value: -1.2406146684979902 and parameters: {'lookback': 24, 'entry_threshold': 2.5, 'exit_threshold': 0.5, 'hold_bars': 6, 'sl_atr_mult': 1.5, 'tp_rr_mult': 2.0}. Best is trial 19 with value: 0.06399143133115812.
[I 2026-06-02 19:16:24,039] Trial 21 finished with value: -0.3385037622915362 and parameters: {'lookback': 24, 'entry_threshold': 3.0, 'exit_threshold': 0.5, 'hold_bars': 12, 'sl_atr_mult': 2.0, 'tp_rr_mult': 2.0}. Best is trial 19 with value: 0.06399143133115812.
[I 2026-06-02 19:16:24,188] Trial 23 finished with value: -1.2394801573740573 and parameters: {'lookback': 24, 'entry_threshold': 2.5, 'exit_threshold': 0.25, 'hold_bars': 6, 'sl_atr_mult': 1.5, 'tp_rr_mult': 2.0}. Best is trial 19 with value: 0.06399143133115812.
[I 2026-06-02 19:16:24,228] Trial 22 finished with value: -0.3385037622915362 and parameters: {'lookback': 24, 'entry_threshold': 3.0, 'exit_threshold': 0.5, 'hold_bars': 18, 'sl_atr_mult': 2.0, 'tp_rr_mult': 2.0}. Best is trial 19 with value: 0.06399143133115812.
[I 2026-06-02 19:16:24,416] Trial 24 finished with value: 0.06399143133115812 and parameters: {'lookback': 24, 'entry_threshold': 3.0, 'exit_threshold': 0.25, 'hold_bars': 18, 'sl_atr_mult': 1.5, 'tp_rr_mult': 2.5}. Best is trial 19 with value: 0.06399143133115812.
C:\Users\הלל\Desktop\algo projects\trading-research-factory\walk forward engine\.venv\lib\site-packages\optuna\samplers\_tpe\sampler.py:319: ExperimentalWarning: ``multivariate`` option is an experimental feature. The interface can change in the future.
  warnings.warn(
[I 2026-06-02 19:16:24,824] A new study created in memory with name: no-name-273a09a5-6362-4336-93a1-82cc9155776f
[I 2026-06-02 19:16:28,662] Trial 3 finished with value: -1.3974951789773171 and parameters: {'lookback': 24, 'entry_threshold': 3.0, 'exit_threshold': 0.5, 'hold_bars': 18, 'sl_atr_mult': 2.5, 'tp_rr_mult': 2.0}. Best is trial 3 with value: -1.3974951789773171.
[I 2026-06-02 19:16:28,983] Trial 7 finished with value: -1.816944210200406 and parameters: {'lookback': 24, 'entry_threshold': 3.0, 'exit_threshold': 0.0, 'hold_bars': 12, 'sl_atr_mult': 2.5, 'tp_rr_mult': 1.0}. Best is trial 3 with value: -1.3974951789773171.
[I 2026-06-02 19:16:29,167] Trial 5 finished with value: -5.957988192155528 and parameters: {'lookback': 24, 'entry_threshold': 1.5, 'exit_threshold': 0.0, 'hold_bars': 24, 'sl_atr_mult': 1.5, 'tp_rr_mult': 2.5}. Best is trial 3 with value: -1.3974951789773171.
[I 2026-06-02 19:16:29,198] Trial 2 finished with value: -1.5944544431070322 and parameters: {'lookback': 72, 'entry_threshold': 3.0, 'exit_threshold': 0.5, 'hold_bars': 18, 'sl_atr_mult': 2.0, 'tp_rr_mult': 1.5}. Best is trial 3 with value: -1.3974951789773171.
[I 2026-06-02 19:16:29,229] Trial 4 finished with value: -0.01403681387550635 and parameters: {'lookback': 48, 'entry_threshold': 2.5, 'exit_threshold': 0.5, 'hold_bars': 18, 'sl_atr_mult': 2.5, 'tp_rr_mult': 2.0}. Best is trial 4 with value: -0.01403681387550635.
[I 2026-06-02 19:16:29,250] Trial 0 finished with value: -4.769470752728145 and parameters: {'lookback': 72, 'entry_threshold': 2.5, 'exit_threshold': 0.0, 'hold_bars': 24, 'sl_atr_mult': 2.0, 'tp_rr_mult': 1.0}. Best is trial 4 with value: -0.01403681387550635.
[I 2026-06-02 19:16:29,336] Trial 6 finished with value: -2.068360414744821 and parameters: {'lookback': 48, 'entry_threshold': 3.0, 'exit_threshold': 0.0, 'hold_bars': 6, 'sl_atr_mult': 1.5, 'tp_rr_mult': 2.0}. Best is trial 4 with value: -0.01403681387550635.
