2026-06-02 19:04:18,260 - HighSpeedSmokeTest - [INFO] - 🚀 HIGH-SPEED SMOKE TEST STARTING
2026-06-02 19:04:18,262 - HighSpeedSmokeTest - [INFO] - ================================================================================
2026-06-02 19:04:18,262 - HighSpeedSmokeTest - [INFO] - CONFIGURABLE WALK-FORWARD ANALYSIS TEST RUNNER
2026-06-02 19:04:18,262 - HighSpeedSmokeTest - [INFO] - ================================================================================
2026-06-02 19:04:18,262 - HighSpeedSmokeTest - [INFO] - Start time: 2026-06-02 19:04:18.262499
2026-06-02 19:04:18,262 - HighSpeedSmokeTest - [INFO] - ================================================================================
2026-06-02 19:04:18,283 - HighSpeedSmokeTest - [INFO] - [19:04:18.283] === SMOKE TEST CHECKPOINT: CONFIGURABLE TEST RUNNER INITIALIZATION ===
C:\Users\הלל\Desktop\algo projects\trading-research-factory\walk forward engine\.venv\lib\site-packages\optuna\samplers\_tpe\sampler.py:319: ExperimentalWarning: ``multivariate`` option is an experimental feature. The interface can change in the future.
  warnings.warn(
[I 2026-06-02 19:05:22,643] A new study created in memory with name: no-name-d82fea39-8a93-4690-92a8-e44a0ed09458
[I 2026-06-02 19:05:47,835] Trial 0 finished with value: 1.5224774661960703 and parameters: {'lookback': 72, 'entry_threshold': 2.5, 'exit_threshold': -0.25, 'hold_bars': 24, 'sl_atr_mult': 2.5, 'tp_rr_mult': 2.5}. Best is trial 0 with value: 1.5224774661960703.
[I 2026-06-02 19:05:47,853] Trial 2 finished with value: 0.32492228152863195 and parameters: {'lookback': 72, 'entry_threshold': 2.0, 'exit_threshold': 0.25, 'hold_bars': 24, 'sl_atr_mult': 1.5, 'tp_rr_mult': 1.0}. Best is trial 0 with value: 1.5224774661960703.
[I 2026-06-02 19:05:47,941] Trial 5 finished with value: -1.2646783599047273 and parameters: {'lookback': 24, 'entry_threshold': 3.0, 'exit_threshold': -0.25, 'hold_bars': 18, 'sl_atr_mult': 1.5, 'tp_rr_mult': 1.5}. Best is trial 0 with value: 1.5224774661960703.
[I 2026-06-02 19:05:47,995] Trial 7 finished with value: 1.5780239876419508 and parameters: {'lookback': 96, 'entry_threshold': 2.0, 'exit_threshold': -0.25, 'hold_bars': 18, 'sl_atr_mult': 2.0, 'tp_rr_mult': 1.5}. Best is trial 7 with value: 1.5780239876419508.
[I 2026-06-02 19:05:48,068] Trial 3 finished with value: 0.027538875537354648 and parameters: {'lookback': 72, 'entry_threshold': 1.5, 'exit_threshold': 0.25, 'hold_bars': 18, 'sl_atr_mult': 1.5, 'tp_rr_mult': 2.5}. Best is trial 7 with value: 1.5780239876419508.
[I 2026-06-02 19:05:48,094] Trial 4 finished with value: 0.36480264681301994 and parameters: {'lookback': 96, 'entry_threshold': 2.0, 'exit_threshold': 0.25, 'hold_bars': 24, 'sl_atr_mult': 2.0, 'tp_rr_mult': 2.0}. Best is trial 7 with value: 1.5780239876419508.
[I 2026-06-02 19:05:48,094] Trial 6 finished with value: 0.2608292507565434 and parameters: {'lookback': 96, 'entry_threshold': 2.0, 'exit_threshold': 0.25, 'hold_bars': 24, 'sl_atr_mult': 1.5, 'tp_rr_mult': 2.5}. Best is trial 7 with value: 1.5780239876419508.
[I 2026-06-02 19:05:48,257] Trial 1 finished with value: -4.173056068840371 and parameters: {'lookback': 24, 'entry_threshold': 2.5, 'exit_threshold': -0.25, 'hold_bars': 18, 'sl_atr_mult': 2.5, 'tp_rr_mult': 1.5}. Best is trial 7 with value: 1.5780239876419508.
[I 2026-06-02 19:05:53,752] Trial 11 finished with value: -2.907531666109001 and parameters: {'lookback': 48, 'entry_threshold': 3.0, 'exit_threshold': 0.0, 'hold_bars': 6, 'sl_atr_mult': 2.5, 'tp_rr_mult': 2.5}. Best is trial 7 with value: 1.5780239876419508.
[I 2026-06-02 19:05:54,039] Trial 10 finished with value: -1.8968570045537574 and parameters: {'lookback': 24, 'entry_threshold': 3.0, 'exit_threshold': 0.0, 'hold_bars': 24, 'sl_atr_mult': 2.0, 'tp_rr_mult': 1.0}. Best is trial 7 with value: 1.5780239876419508.
[I 2026-06-02 19:05:54,806] Trial 14 finished with value: -2.6395679037794038 and parameters: {'lookback': 24, 'entry_threshold': 2.0, 'exit_threshold': 0.25, 'hold_bars': 6, 'sl_atr_mult': 1.5, 'tp_rr_mult': 1.5}. Best is trial 7 with value: 1.5780239876419508.
[I 2026-06-02 19:05:54,909] Trial 12 finished with value: -0.8207075288351937 and parameters: {'lookback': 96, 'entry_threshold': 3.0, 'exit_threshold': 0.5, 'hold_bars': 12, 'sl_atr_mult': 2.5, 'tp_rr_mult': 1.0}. Best is trial 7 with value: 1.5780239876419508.
[I 2026-06-02 19:05:54,939] Trial 9 finished with value: 0.435012490392652 and parameters: {'lookback': 72, 'entry_threshold': 2.0, 'exit_threshold': 0.5, 'hold_bars': 18, 'sl_atr_mult': 1.5, 'tp_rr_mult': 2.5}. Best is trial 7 with value: 1.5780239876419508.
[I 2026-06-02 19:05:55,064] Trial 13 finished with value: -1.8964940449490952 and parameters: {'lookback': 48, 'entry_threshold': 1.5, 'exit_threshold': -0.25, 'hold_bars': 24, 'sl_atr_mult': 1.5, 'tp_rr_mult': 1.0}. Best is trial 7 with value: 1.5780239876419508.
[I 2026-06-02 19:05:55,097] Trial 15 finished with value: -2.907531666109001 and parameters: {'lookback': 48, 'entry_threshold': 3.0, 'exit_threshold': 0.0, 'hold_bars': 24, 'sl_atr_mult': 2.5, 'tp_rr_mult': 1.5}. Best is trial 7 with value: 1.5780239876419508.
[I 2026-06-02 19:05:55,283] Trial 8 finished with value: -1.4093920997801113 and parameters: {'lookback': 96, 'entry_threshold': 2.0, 'exit_threshold': 0.5, 'hold_bars': 6, 'sl_atr_mult': 2.5, 'tp_rr_mult': 1.5}. Best is trial 7 with value: 1.5780239876419508.
[I 2026-06-02 19:06:01,119] Trial 16 finished with value: 0.2389762965471503 and parameters: {'lookback': 96, 'entry_threshold': 2.0, 'exit_threshold': 0.25, 'hold_bars': 18, 'sl_atr_mult': 2.5, 'tp_rr_mult': 2.0}. Best is trial 7 with value: 1.5780239876419508.
[I 2026-06-02 19:06:01,660] Trial 20 finished with value: -1.1246286581047367 and parameters: {'lookback': 48, 'entry_threshold': 2.5, 'exit_threshold': -0.25, 'hold_bars': 24, 'sl_atr_mult': 2.5, 'tp_rr_mult': 2.5}. Best is trial 7 with value: 1.5780239876419508.
[I 2026-06-02 19:06:01,877] Trial 18 finished with value: 0.2546123382048286 and parameters: {'lookback': 96, 'entry_threshold': 2.5, 'exit_threshold': -0.25, 'hold_bars': 12, 'sl_atr_mult': 2.0, 'tp_rr_mult': 1.5}. Best is trial 7 with value: 1.5780239876419508.
[I 2026-06-02 19:06:02,373] Trial 23 finished with value: 0.1561187662536394 and parameters: {'lookback': 96, 'entry_threshold': 2.5, 'exit_threshold': -0.25, 'hold_bars': 18, 'sl_atr_mult': 2.5, 'tp_rr_mult': 2.5}. Best is trial 7 with value: 1.5780239876419508.
[I 2026-06-02 19:06:02,850] Trial 19 finished with value: 0.1561187662536394 and parameters: {'lookback': 96, 'entry_threshold': 2.5, 'exit_threshold': -0.25, 'hold_bars': 18, 'sl_atr_mult': 2.5, 'tp_rr_mult': 2.5}. Best is trial 7 with value: 1.5780239876419508.
[I 2026-06-02 19:06:02,882] Trial 17 finished with value: 1.5780239876419508 and parameters: {'lookback': 96, 'entry_threshold': 2.0, 'exit_threshold': -0.25, 'hold_bars': 12, 'sl_atr_mult': 2.0, 'tp_rr_mult': 1.5}. Best is trial 7 with value: 1.5780239876419508.
[I 2026-06-02 19:06:02,919] Trial 21 finished with value: 1.5224774661960703 and parameters: {'lookback': 72, 'entry_threshold': 2.5, 'exit_threshold': -0.25, 'hold_bars': 24, 'sl_atr_mult': 2.5, 'tp_rr_mult': 2.5}. Best is trial 7 with value: 1.5780239876419508.
[I 2026-06-02 19:06:03,118] Trial 22 finished with value: 1.5224774661960703 and parameters: {'lookback': 72, 'entry_threshold': 2.5, 'exit_threshold': -0.25, 'hold_bars': 24, 'sl_atr_mult': 2.5, 'tp_rr_mult': 2.5}. Best is trial 7 with value: 1.5780239876419508.
[I 2026-06-02 19:06:03,622] Trial 24 finished with value: -2.1060666385656477 and parameters: {'lookback': 96, 'entry_threshold': 3.0, 'exit_threshold': -0.25, 'hold_bars': 24, 'sl_atr_mult': 2.5, 'tp_rr_mult': 2.5}. Best is trial 7 with value: 1.5780239876419508.
C:\Users\הלל\Desktop\algo projects\trading-research-factory\walk forward engine\.venv\lib\site-packages\optuna\samplers\_tpe\sampler.py:319: ExperimentalWarning: ``multivariate`` option is an experimental feature. The interface can change in the future.
  warnings.warn(
[I 2026-06-02 19:06:04,628] A new study created in memory with name: no-name-cd6fb02d-eb2c-47cc-b118-a3f9c14280b1
[I 2026-06-02 19:06:10,388] Trial 0 finished with value: -2.3327974570394816 and parameters: {'lookback': 24, 'entry_threshold': 1.5, 'exit_threshold': 0.5, 'hold_bars': 12, 'sl_atr_mult': 2.5, 'tp_rr_mult': 2.5}. Best is trial 0 with value: -2.3327974570394816.
[I 2026-06-02 19:06:10,485] Trial 1 finished with value: -2.3522330581488333 and parameters: {'lookback': 24, 'entry_threshold': 1.5, 'exit_threshold': -0.25, 'hold_bars': 18, 'sl_atr_mult': 2.0, 'tp_rr_mult': 2.0}. Best is trial 0 with value: -2.3327974570394816.
[I 2026-06-02 19:06:10,587] Trial 7 finished with value: 0.5324222552110034 and parameters: {'lookback': 96, 'entry_threshold': 1.5, 'exit_threshold': 0.0, 'hold_bars': 18, 'sl_atr_mult': 2.5, 'tp_rr_mult': 2.5}. Best is trial 7 with value: 0.5324222552110034.
[I 2026-06-02 19:06:10,664] Trial 5 finished with value: -0.1360240344532418 and parameters: {'lookback': 72, 'entry_threshold': 3.0, 'exit_threshold': 0.25, 'hold_bars': 6, 'sl_atr_mult': 1.5, 'tp_rr_mult': 2.5}. Best is trial 7 with value: 0.5324222552110034.
[I 2026-06-02 19:06:10,865] Trial 2 finished with value: 0.9686819934115505 and parameters: {'lookback': 96, 'entry_threshold': 1.5, 'exit_threshold': 0.0, 'hold_bars': 6, 'sl_atr_mult': 1.5, 'tp_rr_mult': 2.0}. Best is trial 2 with value: 0.9686819934115505.
[I 2026-06-02 19:06:11,080] Trial 3 finished with value: -2.6473295215340302 and parameters: {'lookback': 24, 'entry_threshold': 3.0, 'exit_threshold': -0.25, 'hold_bars': 12, 'sl_atr_mult': 2.0, 'tp_rr_mult': 2.0}. Best is trial 2 with value: 0.9686819934115505.
[I 2026-06-02 19:06:11,164] Trial 6 finished with value: -1.5922863818259405 and parameters: {'lookback': 48, 'entry_threshold': 2.5, 'exit_threshold': 0.25, 'hold_bars': 6, 'sl_atr_mult': 2.5, 'tp_rr_mult': 1.5}. Best is trial 2 with value: 0.9686819934115505.
[I 2026-06-02 19:06:11,395] Trial 4 finished with value: 2.317767870219138 and parameters: {'lookback': 96, 'entry_threshold': 2.0, 'exit_threshold': 0.25, 'hold_bars': 6, 'sl_atr_mult': 2.0, 'tp_rr_mult': 1.0}. Best is trial 4 with value: 2.317767870219138.
[I 2026-06-02 19:06:17,034] Trial 11 finished with value: -0.7277388689846418 and parameters: {'lookback': 72, 'entry_threshold': 1.5, 'exit_threshold': 0.25, 'hold_bars': 6, 'sl_atr_mult': 1.5, 'tp_rr_mult': 1.0}. Best is trial 4 with value: 2.317767870219138.
[I 2026-06-02 19:06:17,128] Trial 10 finished with value: -2.7357279407118855 and parameters: {'lookback': 48, 'entry_threshold': 3.0, 'exit_threshold': 0.0, 'hold_bars': 12, 'sl_atr_mult': 2.5, 'tp_rr_mult': 1.0}. Best is trial 4 with value: 2.317767870219138.
[I 2026-06-02 19:06:17,350] Trial 9 finished with value: 1.6955936047838245 and parameters: {'lookback': 72, 'entry_threshold': 2.5, 'exit_threshold': 0.5, 'hold_bars': 6, 'sl_atr_mult': 2.0, 'tp_rr_mult': 2.0}. Best is trial 4 with value: 2.317767870219138.
[I 2026-06-02 19:06:18,096] Trial 12 finished with value: 2.4611494948584025 and parameters: {'lookback': 96, 'entry_threshold': 2.5, 'exit_threshold': 0.25, 'hold_bars': 6, 'sl_atr_mult': 1.5, 'tp_rr_mult': 2.5}. Best is trial 12 with value: 2.4611494948584025.
[I 2026-06-02 19:06:18,340] Trial 8 finished with value: -2.472672632534322 and parameters: {'lookback': 24, 'entry_threshold': 2.0, 'exit_threshold': 0.5, 'hold_bars': 24, 'sl_atr_mult': 1.5, 'tp_rr_mult': 1.0}. Best is trial 12 with value: 2.4611494948584025.
[I 2026-06-02 19:06:18,508] Trial 13 finished with value: -1.150546990461279 and parameters: {'lookback': 96, 'entry_threshold': 3.0, 'exit_threshold': -0.25, 'hold_bars': 18, 'sl_atr_mult': 2.5, 'tp_rr_mult': 1.5}. Best is trial 12 with value: 2.4611494948584025.
[I 2026-06-02 19:06:18,564] Trial 14 finished with value: 2.168185424992352 and parameters: {'lookback': 96, 'entry_threshold': 2.5, 'exit_threshold': 0.0, 'hold_bars': 24, 'sl_atr_mult': 2.5, 'tp_rr_mult': 1.5}. Best is trial 12 with value: 2.4611494948584025.
[I 2026-06-02 19:06:18,955] Trial 15 finished with value: -2.3327974570394816 and parameters: {'lookback': 24, 'entry_threshold': 1.5, 'exit_threshold': 0.5, 'hold_bars': 12, 'sl_atr_mult': 2.5, 'tp_rr_mult': 1.5}. Best is trial 12 with value: 2.4611494948584025.
[I 2026-06-02 19:06:24,499] Trial 16 finished with value: 2.1950343487197164 and parameters: {'lookback': 96, 'entry_threshold': 2.0, 'exit_threshold': 0.25, 'hold_bars': 12, 'sl_atr_mult': 2.5, 'tp_rr_mult': 1.0}. Best is trial 12 with value: 2.4611494948584025.
[I 2026-06-02 19:06:24,625] Trial 18 finished with value: 2.724656793194182 and parameters: {'lookback': 96, 'entry_threshold': 2.5, 'exit_threshold': 0.5, 'hold_bars': 6, 'sl_atr_mult': 2.0, 'tp_rr_mult': 2.0}. Best is trial 18 with value: 2.724656793194182.
[I 2026-06-02 19:06:25,093] Trial 21 finished with value: -0.9935434665224062 and parameters: {'lookback': 72, 'entry_threshold': 1.5, 'exit_threshold': 0.0, 'hold_bars': 6, 'sl_atr_mult': 2.5, 'tp_rr_mult': 1.0}. Best is trial 18 with value: 2.724656793194182.
[I 2026-06-02 19:06:25,127] Trial 17 finished with value: 1.090559860617817 and parameters: {'lookback': 96, 'entry_threshold': 2.0, 'exit_threshold': 0.5, 'hold_bars': 12, 'sl_atr_mult': 2.0, 'tp_rr_mult': 1.5}. Best is trial 18 with value: 2.724656793194182.
[I 2026-06-02 19:06:25,166] Trial 19 finished with value: 2.6034967634543755 and parameters: {'lookback': 96, 'entry_threshold': 2.5, 'exit_threshold': 0.25, 'hold_bars': 6, 'sl_atr_mult': 2.0, 'tp_rr_mult': 1.0}. Best is trial 18 with value: 2.724656793194182.
[I 2026-06-02 19:06:25,382] Trial 20 finished with value: 0.7096115353377953 and parameters: {'lookback': 96, 'entry_threshold': 1.5, 'exit_threshold': 0.25, 'hold_bars': 6, 'sl_atr_mult': 2.5, 'tp_rr_mult': 1.0}. Best is trial 18 with value: 2.724656793194182.
[I 2026-06-02 19:06:25,548] Trial 22 finished with value: 2.871508866968282 and parameters: {'lookback': 96, 'entry_threshold': 2.5, 'exit_threshold': 0.5, 'hold_bars': 12, 'sl_atr_mult': 2.0, 'tp_rr_mult': 1.0}. Best is trial 22 with value: 2.871508866968282.
[I 2026-06-02 19:06:25,676] Trial 23 finished with value: 2.6034967634543755 and parameters: {'lookback': 96, 'entry_threshold': 2.5, 'exit_threshold': 0.25, 'hold_bars': 6, 'sl_atr_mult': 2.0, 'tp_rr_mult': 1.0}. Best is trial 22 with value: 2.871508866968282.
[I 2026-06-02 19:06:26,192] Trial 24 finished with value: 2.415720474966303 and parameters: {'lookback': 96, 'entry_threshold': 2.5, 'exit_threshold': 0.25, 'hold_bars': 12, 'sl_atr_mult': 1.5, 'tp_rr_mult': 1.0}. Best is trial 22 with value: 2.871508866968282.
C:\Users\הלל\Desktop\algo projects\trading-research-factory\walk forward engine\.venv\lib\site-packages\optuna\samplers\_tpe\sampler.py:319: ExperimentalWarning: ``multivariate`` option is an experimental feature. The interface can change in the future.
  warnings.warn(
[I 2026-06-02 19:06:26,975] A new study created in memory with name: no-name-731c205a-dcb0-4556-957b-ba01d91ca4ff
[I 2026-06-02 19:06:33,635] Trial 4 finished with value: -3.1287587417802274 and parameters: {'lookback': 24, 'entry_threshold': 2.5, 'exit_threshold': 0.0, 'hold_bars': 24, 'sl_atr_mult': 2.5, 'tp_rr_mult': 2.0}. Best is trial 4 with value: -3.1287587417802274.
[I 2026-06-02 19:06:33,744] Trial 1 finished with value: -2.7575501934842452 and parameters: {'lookback': 24, 'entry_threshold': 1.5, 'exit_threshold': 0.25, 'hold_bars': 24, 'sl_atr_mult': 2.5, 'tp_rr_mult': 2.0}. Best is trial 1 with value: -2.7575501934842452.
[I 2026-06-02 19:06:33,969] Trial 2 finished with value: 0.29920307046325273 and parameters: {'lookback': 96, 'entry_threshold': 2.0, 'exit_threshold': 0.0, 'hold_bars': 6, 'sl_atr_mult': 2.5, 'tp_rr_mult': 1.5}. Best is trial 2 with value: 0.29920307046325273.
[I 2026-06-02 19:06:34,030] Trial 6 finished with value: 0.5042641023722025 and parameters: {'lookback': 48, 'entry_threshold': 2.0, 'exit_threshold': 0.5, 'hold_bars': 18, 'sl_atr_mult': 2.0, 'tp_rr_mult': 1.0}. Best is trial 6 with value: 0.5042641023722025.
[I 2026-06-02 19:06:34,165] Trial 3 finished with value: -2.051647645735141 and parameters: {'lookback': 24, 'entry_threshold': 2.5, 'exit_threshold': 0.5, 'hold_bars': 24, 'sl_atr_mult': 1.5, 'tp_rr_mult': 1.5}. Best is trial 6 with value: 0.5042641023722025.
[I 2026-06-02 19:06:34,231] Trial 0 finished with value: -5.6437140642354935 and parameters: {'lookback': 24, 'entry_threshold': 1.5, 'exit_threshold': -0.25, 'hold_bars': 12, 'sl_atr_mult': 2.5, 'tp_rr_mult': 1.5}. Best is trial 6 with value: 0.5042641023722025.
[I 2026-06-02 19:06:34,273] Trial 7 finished with value: -0.6544740290493678 and parameters: {'lookback': 48, 'entry_threshold': 3.0, 'exit_threshold': 0.25, 'hold_bars': 24, 'sl_atr_mult': 2.5, 'tp_rr_mult': 1.5}. Best is trial 6 with value: 0.5042641023722025.
[I 2026-06-02 19:06:34,645] Trial 5 finished with value: -3.874727395301257 and parameters: {'lookback': 48, 'entry_threshold': 1.5, 'exit_threshold': 0.25, 'hold_bars': 6, 'sl_atr_mult': 2.5, 'tp_rr_mult': 1.5}. Best is trial 6 with value: 0.5042641023722025.
[I 2026-06-02 19:06:38,901] Trial 8 finished with value: -1.54005232198032 and parameters: {'lookback': 24, 'entry_threshold': 3.0, 'exit_threshold': -0.25, 'hold_bars': 24, 'sl_atr_mult': 2.0, 'tp_rr_mult': 2.5}. Best is trial 6 with value: 0.5042641023722025.
[I 2026-06-02 19:06:39,148] Trial 11 finished with value: 0.7521490906282166 and parameters: {'lookback': 96, 'entry_threshold': 2.0, 'exit_threshold': 0.25, 'hold_bars': 24, 'sl_atr_mult': 2.5, 'tp_rr_mult': 2.5}. Best is trial 11 with value: 0.7521490906282166.
[I 2026-06-02 19:06:39,285] Trial 14 finished with value: -2.0702251106127156 and parameters: {'lookback': 72, 'entry_threshold': 1.5, 'exit_threshold': 0.5, 'hold_bars': 6, 'sl_atr_mult': 2.0, 'tp_rr_mult': 1.5}. Best is trial 11 with value: 0.7521490906282166.
[I 2026-06-02 19:06:39,577] Trial 13 finished with value: -2.7218548517851047 and parameters: {'lookback': 24, 'entry_threshold': 2.0, 'exit_threshold': -0.25, 'hold_bars': 24, 'sl_atr_mult': 1.5, 'tp_rr_mult': 1.0}. Best is trial 11 with value: 0.7521490906282166.
[I 2026-06-02 19:06:39,760] Trial 10 finished with value: -1.0482003664432593 and parameters: {'lookback': 72, 'entry_threshold': 3.0, 'exit_threshold': -0.25, 'hold_bars': 24, 'sl_atr_mult': 1.5, 'tp_rr_mult': 2.5}. Best is trial 11 with value: 0.7521490906282166.
[I 2026-06-02 19:06:39,801] Trial 9 finished with value: -0.6842384167003577 and parameters: {'lookback': 72, 'entry_threshold': 3.0, 'exit_threshold': -0.25, 'hold_bars': 6, 'sl_atr_mult': 2.0, 'tp_rr_mult': 1.5}. Best is trial 11 with value: 0.7521490906282166.
[I 2026-06-02 19:06:39,872] Trial 15 finished with value: -1.6082004098936327 and parameters: {'lookback': 24, 'entry_threshold': 2.5, 'exit_threshold': 0.5, 'hold_bars': 18, 'sl_atr_mult': 1.5, 'tp_rr_mult': 2.5}. Best is trial 11 with value: 0.7521490906282166.
[I 2026-06-02 19:06:40,118] Trial 12 finished with value: -1.0161799802434137 and parameters: {'lookback': 72, 'entry_threshold': 2.5, 'exit_threshold': 0.0, 'hold_bars': 12, 'sl_atr_mult': 2.5, 'tp_rr_mult': 1.5}. Best is trial 11 with value: 0.7521490906282166.
[I 2026-06-02 19:06:43,559] Trial 18 finished with value: 0.5173338528940984 and parameters: {'lookback': 96, 'entry_threshold': 2.5, 'exit_threshold': 0.25, 'hold_bars': 24, 'sl_atr_mult': 2.5, 'tp_rr_mult': 2.5}. Best is trial 11 with value: 0.7521490906282166.
[I 2026-06-02 19:06:43,705] Trial 17 finished with value: 0.5173338528940984 and parameters: {'lookback': 96, 'entry_threshold': 2.5, 'exit_threshold': 0.25, 'hold_bars': 24, 'sl_atr_mult': 2.0, 'tp_rr_mult': 2.5}. Best is trial 11 with value: 0.7521490906282166.
[I 2026-06-02 19:06:43,871] Trial 16 finished with value: -1.161753518109207 and parameters: {'lookback': 72, 'entry_threshold': 2.0, 'exit_threshold': 0.0, 'hold_bars': 24, 'sl_atr_mult': 2.0, 'tp_rr_mult': 2.0}. Best is trial 11 with value: 0.7521490906282166.
[I 2026-06-02 19:06:43,993] Trial 19 finished with value: 0.7521490906282166 and parameters: {'lookback': 96, 'entry_threshold': 2.0, 'exit_threshold': 0.25, 'hold_bars': 24, 'sl_atr_mult': 2.5, 'tp_rr_mult': 2.0}. Best is trial 11 with value: 0.7521490906282166.
[I 2026-06-02 19:06:44,203] Trial 21 finished with value: 0.7521490906282166 and parameters: {'lookback': 96, 'entry_threshold': 2.0, 'exit_threshold': 0.25, 'hold_bars': 24, 'sl_atr_mult': 2.5, 'tp_rr_mult': 2.5}. Best is trial 11 with value: 0.7521490906282166.
[I 2026-06-02 19:06:44,241] Trial 22 finished with value: 0.7521490906282166 and parameters: {'lookback': 96, 'entry_threshold': 2.0, 'exit_threshold': 0.25, 'hold_bars': 24, 'sl_atr_mult': 2.5, 'tp_rr_mult': 2.5}. Best is trial 11 with value: 0.7521490906282166.
[I 2026-06-02 19:06:44,275] Trial 20 finished with value: -1.410917856829034 and parameters: {'lookback': 96, 'entry_threshold': 1.5, 'exit_threshold': 0.25, 'hold_bars': 24, 'sl_atr_mult': 2.5, 'tp_rr_mult': 2.5}. Best is trial 11 with value: 0.7521490906282166.
[I 2026-06-02 19:06:44,426] Trial 23 finished with value: 0.536325965117888 and parameters: {'lookback': 96, 'entry_threshold': 2.0, 'exit_threshold': 0.5, 'hold_bars': 18, 'sl_atr_mult': 2.5, 'tp_rr_mult': 2.5}. Best is trial 11 with value: 0.7521490906282166.
