[I 2026-06-02 19:15:00,705] Trial 7 finished with value: -2.0598622745230917 and parameters: {'lookback': 24, 'entry_threshold': 2.5, 'exit_threshold': 0.0, 'hold_bars': 24, 'sl_atr_mult': 2.5, 'tp_rr_mult': 1.0}. Best is trial 7 with value: -2.0598622745230917.
[I 2026-06-02 19:15:00,748] Trial 6 finished with value: -3.560487765436026 and parameters: {'lookback': 48, 'entry_threshold': 2.0, 'exit_threshold': 0.5, 'hold_bars': 12, 'sl_atr_mult': 2.5, 'tp_rr_mult': 1.5}. Best is trial 7 with value: -2.0598622745230917.
[I 2026-06-02 19:15:00,874] Trial 5 finished with value: 0.44773888157306724 and parameters: {'lookback': 24, 'entry_threshold': 3.0, 'exit_threshold': -0.25, 'hold_bars': 12, 'sl_atr_mult': 2.0, 'tp_rr_mult': 2.0}. Best is trial 5 with value: 0.44773888157306724.
[I 2026-06-02 19:15:00,922] Trial 2 finished with value: -2.526680462518699 and parameters: {'lookback': 72, 'entry_threshold': 2.0, 'exit_threshold': 0.5, 'hold_bars': 6, 'sl_atr_mult': 1.5, 'tp_rr_mult': 1.0}. Best is trial 5 with value: 0.44773888157306724.
[I 2026-06-02 19:15:01,025] Trial 4 finished with value: -1.1823118708950855 and parameters: {'lookback': 24, 'entry_threshold': 3.0, 'exit_threshold': 0.0, 'hold_bars': 18, 'sl_atr_mult': 2.5, 'tp_rr_mult': 2.5}. Best is trial 5 with value: 0.44773888157306724.
[I 2026-06-02 19:15:01,062] Trial 0 finished with value: -1.8304855073580955 and parameters: {'lookback': 96, 'entry_threshold': 3.0, 'exit_threshold': 0.25, 'hold_bars': 12, 'sl_atr_mult': 2.5, 'tp_rr_mult': 1.5}. Best is trial 5 with value: 0.44773888157306724.
[I 2026-06-02 19:15:01,103] Trial 1 finished with value: -3.3064140060039966 and parameters: {'lookback': 96, 'entry_threshold': 2.5, 'exit_threshold': -0.25, 'hold_bars': 6, 'sl_atr_mult': 2.5, 'tp_rr_mult': 2.5}. Best is trial 5 with value: 0.44773888157306724.
[I 2026-06-02 19:15:04,918] Trial 14 finished with value: -4.329665464938009 and parameters: {'lookback': 48, 'entry_threshold': 2.0, 'exit_threshold': 0.0, 'hold_bars': 6, 'sl_atr_mult': 1.5, 'tp_rr_mult': 2.0}. Best is trial 5 with value: 0.44773888157306724.
[I 2026-06-02 19:15:04,951] Trial 11 finished with value: -4.761122146866699 and parameters: {'lookback': 72, 'entry_threshold': 1.5, 'exit_threshold': -0.25, 'hold_bars': 18, 'sl_atr_mult': 2.0, 'tp_rr_mult': 1.0}. Best is trial 5 with value: 0.44773888157306724.
[I 2026-06-02 19:15:04,989] Trial 10 finished with value: -3.8874274527523935 and parameters: {'lookback': 24, 'entry_threshold': 2.0, 'exit_threshold': 0.25, 'hold_bars': 24, 'sl_atr_mult': 2.0, 'tp_rr_mult': 2.5}. Best is trial 5 with value: 0.44773888157306724.
[I 2026-06-02 19:15:05,036] Trial 8 finished with value: -2.1732939105125917 and parameters: {'lookback': 48, 'entry_threshold': 2.5, 'exit_threshold': 0.0, 'hold_bars': 6, 'sl_atr_mult': 2.5, 'tp_rr_mult': 2.0}. Best is trial 5 with value: 0.44773888157306724.
[I 2026-06-02 19:15:05,352] Trial 12 finished with value: -4.294704727331455 and parameters: {'lookback': 48, 'entry_threshold': 2.0, 'exit_threshold': -0.25, 'hold_bars': 12, 'sl_atr_mult': 1.5, 'tp_rr_mult': 2.0}. Best is trial 5 with value: 0.44773888157306724.
[I 2026-06-02 19:15:05,477] Trial 9 finished with value: -4.225853475358604 and parameters: {'lookback': 48, 'entry_threshold': 1.5, 'exit_threshold': 0.25, 'hold_bars': 18, 'sl_atr_mult': 2.5, 'tp_rr_mult': 2.5}. Best is trial 5 with value: 0.44773888157306724.
[I 2026-06-02 19:15:05,749] Trial 13 finished with value: -1.6959676091286697 and parameters: {'lookback': 48, 'entry_threshold': 3.0, 'exit_threshold': -0.25, 'hold_bars': 6, 'sl_atr_mult': 2.0, 'tp_rr_mult': 1.0}. Best is trial 5 with value: 0.44773888157306724.
[I 2026-06-02 19:15:05,752] Trial 15 finished with value: -1.7526531338144726 and parameters: {'lookback': 72, 'entry_threshold': 2.5, 'exit_threshold': 0.0, 'hold_bars': 24, 'sl_atr_mult': 2.5, 'tp_rr_mult': 1.5}. Best is trial 5 with value: 0.44773888157306724.
[I 2026-06-02 19:15:09,244] Trial 19 finished with value: 0.23381253287125411 and parameters: {'lookback': 24, 'entry_threshold': 3.0, 'exit_threshold': -0.25, 'hold_bars': 12, 'sl_atr_mult': 2.0, 'tp_rr_mult': 1.5}. Best is trial 5 with value: 0.44773888157306724.
[I 2026-06-02 19:15:09,321] Trial 16 finished with value: -2.650403549019123 and parameters: {'lookback': 48, 'entry_threshold': 2.5, 'exit_threshold': -0.25, 'hold_bars': 18, 'sl_atr_mult': 1.5, 'tp_rr_mult': 2.5}. Best is trial 5 with value: 0.44773888157306724.
[I 2026-06-02 19:15:09,479] Trial 20 finished with value: -1.839062833683158 and parameters: {'lookback': 48, 'entry_threshold': 3.0, 'exit_threshold': -0.25, 'hold_bars': 18, 'sl_atr_mult': 2.0, 'tp_rr_mult': 2.5}. Best is trial 5 with value: 0.44773888157306724.
[I 2026-06-02 19:15:09,560] Trial 17 finished with value: -2.54271780340631 and parameters: {'lookback': 48, 'entry_threshold': 3.0, 'exit_threshold': -0.25, 'hold_bars': 18, 'sl_atr_mult': 1.5, 'tp_rr_mult': 2.0}. Best is trial 5 with value: 0.44773888157306724.
[I 2026-06-02 19:15:09,602] Trial 18 finished with value: 0.44773888157306724 and parameters: {'lookback': 24, 'entry_threshold': 3.0, 'exit_threshold': -0.25, 'hold_bars': 12, 'sl_atr_mult': 2.0, 'tp_rr_mult': 2.0}. Best is trial 5 with value: 0.44773888157306724.
[I 2026-06-02 19:15:09,821] Trial 21 finished with value: -1.8786475480908926 and parameters: {'lookback': 48, 'entry_threshold': 3.0, 'exit_threshold': 0.0, 'hold_bars': 18, 'sl_atr_mult': 2.0, 'tp_rr_mult': 2.0}. Best is trial 5 with value: 0.44773888157306724.
[I 2026-06-02 19:15:09,859] Trial 22 finished with value: -1.9618912889063225 and parameters: {'lookback': 48, 'entry_threshold': 3.0, 'exit_threshold': 0.0, 'hold_bars': 18, 'sl_atr_mult': 2.5, 'tp_rr_mult': 2.5}. Best is trial 5 with value: 0.44773888157306724.
[I 2026-06-02 19:15:09,884] Trial 23 finished with value: -1.9618912889063225 and parameters: {'lookback': 48, 'entry_threshold': 3.0, 'exit_threshold': 0.0, 'hold_bars': 24, 'sl_atr_mult': 2.5, 'tp_rr_mult': 2.5}. Best is trial 5 with value: 0.44773888157306724.
[I 2026-06-02 19:15:10,123] Trial 24 finished with value: -0.2755482117329791 and parameters: {'lookback': 24, 'entry_threshold': 3.0, 'exit_threshold': -0.25, 'hold_bars': 12, 'sl_atr_mult': 1.5, 'tp_rr_mult': 2.0}. Best is trial 5 with value: 0.44773888157306724.
C:\Users\הלל\Desktop\algo projects\trading-research-factory\walk forward engine\.venv\lib\site-packages\optuna\samplers\_tpe\sampler.py:319: ExperimentalWarning: ``multivariate`` option is an experimental feature. The interface can change in the future.
  warnings.warn(
[I 2026-06-02 19:15:10,538] A new study created in memory with name: no-name-59f8ff4e-4102-40e6-b2f0-f2f899c7ad73
[I 2026-06-02 19:15:14,681] Trial 1 finished with value: -4.177957879777121 and parameters: {'lookback': 48, 'entry_threshold': 2.5, 'exit_threshold': 0.0, 'hold_bars': 12, 'sl_atr_mult': 2.0, 'tp_rr_mult': 1.5}. Best is trial 1 with value: -4.177957879777121.
[I 2026-06-02 19:15:14,711] Trial 7 finished with value: -2.837807316671338 and parameters: {'lookback': 24, 'entry_threshold': 1.5, 'exit_threshold': 0.5, 'hold_bars': 18, 'sl_atr_mult': 2.5, 'tp_rr_mult': 2.0}. Best is trial 7 with value: -2.837807316671338.
[I 2026-06-02 19:15:14,939] Trial 0 finished with value: -4.334682847374067 and parameters: {'lookback': 72, 'entry_threshold': 2.0, 'exit_threshold': 0.25, 'hold_bars': 24, 'sl_atr_mult': 2.0, 'tp_rr_mult': 2.5}. Best is trial 7 with value: -2.837807316671338.
[I 2026-06-02 19:15:14,966] Trial 3 finished with value: -3.2872207253687202 and parameters: {'lookback': 96, 'entry_threshold': 2.5, 'exit_threshold': 0.0, 'hold_bars': 18, 'sl_atr_mult': 2.5, 'tp_rr_mult': 2.0}. Best is trial 7 with value: -2.837807316671338.
[I 2026-06-02 19:15:15,072] Trial 2 finished with value: -3.64780392155438 and parameters: {'lookback': 72, 'entry_threshold': 2.5, 'exit_threshold': 0.25, 'hold_bars': 12, 'sl_atr_mult': 2.0, 'tp_rr_mult': 2.5}. Best is trial 7 with value: -2.837807316671338.
[I 2026-06-02 19:15:15,359] Trial 5 finished with value: -3.189444625167634 and parameters: {'lookback': 96, 'entry_threshold': 2.0, 'exit_threshold': -0.25, 'hold_bars': 12, 'sl_atr_mult': 1.5, 'tp_rr_mult': 1.5}. Best is trial 7 with value: -2.837807316671338.
[I 2026-06-02 19:15:15,567] Trial 6 finished with value: -3.9153690847852545 and parameters: {'lookback': 48, 'entry_threshold': 1.5, 'exit_threshold': 0.5, 'hold_bars': 12, 'sl_atr_mult': 2.0, 'tp_rr_mult': 2.0}. Best is trial 7 with value: -2.837807316671338.
[I 2026-06-02 19:15:15,574] Trial 4 finished with value: -1.9612938109443863 and parameters: {'lookback': 96, 'entry_threshold': 2.0, 'exit_threshold': 0.5, 'hold_bars': 24, 'sl_atr_mult': 2.0, 'tp_rr_mult': 1.5}. Best is trial 4 with value: -1.9612938109443863.
[I 2026-06-02 19:15:18,871] Trial 9 finished with value: -4.376516718719663 and parameters: {'lookback': 48, 'entry_threshold': 3.0, 'exit_threshold': 0.5, 'hold_bars': 24, 'sl_atr_mult': 1.5, 'tp_rr_mult': 1.0}. Best is trial 4 with value: -1.9612938109443863.
[I 2026-06-02 19:15:19,163] Trial 8 finished with value: -3.934553034036696 and parameters: {'lookback': 48, 'entry_threshold': 3.0, 'exit_threshold': 0.0, 'hold_bars': 6, 'sl_atr_mult': 2.5, 'tp_rr_mult': 2.5}. Best is trial 4 with value: -1.9612938109443863.
[I 2026-06-02 19:15:19,328] Trial 10 finished with value: -4.1957162258311556 and parameters: {'lookback': 24, 'entry_threshold': 2.0, 'exit_threshold': 0.25, 'hold_bars': 6, 'sl_atr_mult': 2.5, 'tp_rr_mult': 1.5}. Best is trial 4 with value: -1.9612938109443863.
[I 2026-06-02 19:15:19,369] Trial 12 finished with value: -5.136656123198407 and parameters: {'lookback': 48, 'entry_threshold': 3.0, 'exit_threshold': 0.0, 'hold_bars': 24, 'sl_atr_mult': 1.5, 'tp_rr_mult': 2.5}. Best is trial 4 with value: -1.9612938109443863.
[I 2026-06-02 19:15:19,713] Trial 11 finished with value: -1.8917322887855688 and parameters: {'lookback': 24, 'entry_threshold': 2.5, 'exit_threshold': 0.5, 'hold_bars': 24, 'sl_atr_mult': 2.0, 'tp_rr_mult': 1.5}. Best is trial 11 with value: -1.8917322887855688.
[I 2026-06-02 19:15:19,760] Trial 13 finished with value: -3.189444625167634 and parameters: {'lookback': 96, 'entry_threshold': 2.0, 'exit_threshold': -0.25, 'hold_bars': 24, 'sl_atr_mult': 1.5, 'tp_rr_mult': 1.5}. Best is trial 11 with value: -1.8917322887855688.
[I 2026-06-02 19:15:19,776] Trial 15 finished with value: -3.533740403156088 and parameters: {'lookback': 96, 'entry_threshold': 3.0, 'exit_threshold': -0.25, 'hold_bars': 12, 'sl_atr_mult': 1.5, 'tp_rr_mult': 2.5}. Best is trial 11 with value: -1.8917322887855688.
[I 2026-06-02 19:15:20,056] Trial 14 finished with value: -4.1920037876376695 and parameters: {'lookback': 48, 'entry_threshold': 2.5, 'exit_threshold': 0.0, 'hold_bars': 12, 'sl_atr_mult': 2.5, 'tp_rr_mult': 1.5}. Best is trial 11 with value: -1.8917322887855688.
[I 2026-06-02 19:15:23,150] Trial 16 finished with value: -5.441205301678554 and parameters: {'lookback': 48, 'entry_threshold': 3.0, 'exit_threshold': 0.25, 'hold_bars': 12, 'sl_atr_mult': 2.0, 'tp_rr_mult': 2.0}. Best is trial 11 with value: -1.8917322887855688.
[I 2026-06-02 19:15:23,585] Trial 17 finished with value: -3.6011317171932538 and parameters: {'lookback': 96, 'entry_threshold': 1.5, 'exit_threshold': 0.5, 'hold_bars': 24, 'sl_atr_mult': 2.0, 'tp_rr_mult': 1.0}. Best is trial 11 with value: -1.8917322887855688.
[I 2026-06-02 19:15:23,806] Trial 21 finished with value: -2.672082064844365 and parameters: {'lookback': 72, 'entry_threshold': 2.0, 'exit_threshold': 0.5, 'hold_bars': 24, 'sl_atr_mult': 2.0, 'tp_rr_mult': 1.5}. Best is trial 11 with value: -1.8917322887855688.
[I 2026-06-02 19:15:23,879] Trial 18 finished with value: -3.4130091217478116 and parameters: {'lookback': 96, 'entry_threshold': 1.5, 'exit_threshold': 0.5, 'hold_bars': 24, 'sl_atr_mult': 2.5, 'tp_rr_mult': 1.5}. Best is trial 11 with value: -1.8917322887855688.
[I 2026-06-02 19:15:23,902] Trial 19 finished with value: -2.389929392082933 and parameters: {'lookback': 96, 'entry_threshold': 2.0, 'exit_threshold': 0.5, 'hold_bars': 24, 'sl_atr_mult': 2.0, 'tp_rr_mult': 1.0}. Best is trial 11 with value: -1.8917322887855688.
[I 2026-06-02 19:15:24,076] Trial 20 finished with value: -1.9612938109443863 and parameters: {'lookback': 96, 'entry_threshold': 2.0, 'exit_threshold': 0.5, 'hold_bars': 18, 'sl_atr_mult': 2.0, 'tp_rr_mult': 1.5}. Best is trial 11 with value: -1.8917322887855688.
[I 2026-06-02 19:15:24,210] Trial 22 finished with value: -1.9612938109443863 and parameters: {'lookback': 96, 'entry_threshold': 2.0, 'exit_threshold': 0.5, 'hold_bars': 24, 'sl_atr_mult': 2.0, 'tp_rr_mult': 1.5}. Best is trial 11 with value: -1.8917322887855688.
[I 2026-06-02 19:15:24,240] Trial 23 finished with value: -1.8917322887855688 and parameters: {'lookback': 24, 'entry_threshold': 2.5, 'exit_threshold': 0.5, 'hold_bars': 18, 'sl_atr_mult': 2.0, 'tp_rr_mult': 1.5}. Best is trial 11 with value: -1.8917322887855688.
[I 2026-06-02 19:15:24,441] Trial 24 finished with value: -2.3284268355223228 and parameters: {'lookback': 96, 'entry_threshold': 2.5, 'exit_threshold': 0.5, 'hold_bars': 24, 'sl_atr_mult': 2.0, 'tp_rr_mult': 1.0}. Best is trial 11 with value: -1.8917322887855688.
C:\Users\הלל\Desktop\algo projects\trading-research-factory\walk forward engine\.venv\lib\site-packages\optuna\samplers\_tpe\sampler.py:319: ExperimentalWarning: ``multivariate`` option is an experimental feature. The interface can change in the future.
  warnings.warn(
[I 2026-06-02 19:15:24,861] A new study created in memory with name: no-name-38a96613-3baa-4b47-beef-03db83013ff0
[I 2026-06-02 19:15:28,457] Trial 5 finished with value: 0.31218059609645066 and parameters: {'lookback': 24, 'entry_threshold': 3.0, 'exit_threshold': -0.25, 'hold_bars': 6, 'sl_atr_mult': 1.5, 'tp_rr_mult': 2.0}. Best is trial 5 with value: 0.31218059609645066.
[I 2026-06-02 19:15:28,600] Trial 2 finished with value: 0.869133280167971 and parameters: {'lookback': 24, 'entry_threshold': 3.0, 'exit_threshold': 0.5, 'hold_bars': 12, 'sl_atr_mult': 2.5, 'tp_rr_mult': 1.5}. Best is trial 2 with value: 0.869133280167971.
[I 2026-06-02 19:15:28,821] Trial 7 finished with value: -0.6248058621814171 and parameters: {'lookback': 24, 'entry_threshold': 1.5, 'exit_threshold': 0.5, 'hold_bars': 18, 'sl_atr_mult': 2.5, 'tp_rr_mult': 1.0}. Best is trial 2 with value: 0.869133280167971.
[I 2026-06-02 19:15:28,868] Trial 0 finished with value: 0.45492266020461775 and parameters: {'lookback': 48, 'entry_threshold': 2.0, 'exit_threshold': 0.25, 'hold_bars': 18, 'sl_atr_mult': 1.5, 'tp_rr_mult': 1.5}. Best is trial 2 with value: 0.869133280167971.
[I 2026-06-02 19:15:29,039] Trial 4 finished with value: 0.8521320646289471 and parameters: {'lookback': 48, 'entry_threshold': 2.0, 'exit_threshold': 0.5, 'hold_bars': 12, 'sl_atr_mult': 2.0, 'tp_rr_mult': 1.0}. Best is trial 2 with value: 0.869133280167971.
[I 2026-06-02 19:15:29,119] Trial 6 finished with value: 0.5475308162873207 and parameters: {'lookback': 72, 'entry_threshold': 2.5, 'exit_threshold': 0.5, 'hold_bars': 18, 'sl_atr_mult': 2.0, 'tp_rr_mult': 2.0}. Best is trial 2 with value: 0.869133280167971.
[I 2026-06-02 19:15:29,148] Trial 3 finished with value: -1.238123489564993 and parameters: {'lookback': 72, 'entry_threshold': 2.0, 'exit_threshold': 0.0, 'hold_bars': 18, 'sl_atr_mult': 1.5, 'tp_rr_mult': 1.0}. Best is trial 2 with value: 0.869133280167971.
[I 2026-06-02 19:15:29,323] Trial 1 finished with value: 0.4566014405220929 and parameters: {'lookback': 72, 'entry_threshold': 2.5, 'exit_threshold': 0.25, 'hold_bars': 18, 'sl_atr_mult': 1.5, 'tp_rr_mult': 2.0}. Best is trial 2 with value: 0.869133280167971.
[I 2026-06-02 19:15:32,536] Trial 8 finished with value: -0.7726098194479583 and parameters: {'lookback': 96, 'entry_threshold': 1.5, 'exit_threshold': 0.25, 'hold_bars': 24, 'sl_atr_mult': 1.5, 'tp_rr_mult': 1.0}. Best is trial 2 with value: 0.869133280167971.
[I 2026-06-02 19:15:32,753] Trial 9 finished with value: -1.4455368549862797 and parameters: {'lookback': 72, 'entry_threshold': 3.0, 'exit_threshold': -0.25, 'hold_bars': 24, 'sl_atr_mult': 2.0, 'tp_rr_mult': 1.0}. Best is trial 2 with value: 0.869133280167971.
[I 2026-06-02 19:15:32,967] Trial 11 finished with value: -0.4753453518737839 and parameters: {'lookback': 96, 'entry_threshold': 2.0, 'exit_threshold': -0.25, 'hold_bars': 24, 'sl_atr_mult': 2.0, 'tp_rr_mult': 1.5}. Best is trial 2 with value: 0.869133280167971.
[I 2026-06-02 19:15:33,061] Trial 10 finished with value: 1.0341716670883179 and parameters: {'lookback': 72, 'entry_threshold': 2.0, 'exit_threshold': 0.5, 'hold_bars': 18, 'sl_atr_mult': 2.5, 'tp_rr_mult': 2.5}. Best is trial 10 with value: 1.0341716670883179.
[I 2026-06-02 19:15:33,228] Trial 15 finished with value: -1.2896464158947298 and parameters: {'lookback': 48, 'entry_threshold': 2.0, 'exit_threshold': 0.0, 'hold_bars': 6, 'sl_atr_mult': 2.5, 'tp_rr_mult': 1.0}. Best is trial 10 with value: 1.0341716670883179.
[I 2026-06-02 19:15:33,389] Trial 13 finished with value: 0.869133280167971 and parameters: {'lookback': 24, 'entry_threshold': 3.0, 'exit_threshold': 0.5, 'hold_bars': 6, 'sl_atr_mult': 1.5, 'tp_rr_mult': 2.5}. Best is trial 10 with value: 1.0341716670883179.
[I 2026-06-02 19:15:33,749] Trial 12 finished with value: -1.5072911531076387 and parameters: {'lookback': 72, 'entry_threshold': 3.0, 'exit_threshold': -0.25, 'hold_bars': 12, 'sl_atr_mult': 2.5, 'tp_rr_mult': 2.0}. Best is trial 10 with value: 1.0341716670883179.
[I 2026-06-02 19:15:33,793] Trial 14 finished with value: 2.1799243862061797 and parameters: {'lookback': 24, 'entry_threshold': 2.5, 'exit_threshold': 0.25, 'hold_bars': 12, 'sl_atr_mult': 2.5, 'tp_rr_mult': 1.5}. Best is trial 14 with value: 2.1799243862061797.
[I 2026-06-02 19:15:37,559] Trial 16 finished with value: -1.2273560533054135 and parameters: {'lookback': 72, 'entry_threshold': 2.0, 'exit_threshold': 0.0, 'hold_bars': 18, 'sl_atr_mult': 1.5, 'tp_rr_mult': 2.5}. Best is trial 14 with value: 2.1799243862061797.
[I 2026-06-02 19:15:37,748] Trial 21 finished with value: 0.869133280167971 and parameters: {'lookback': 24, 'entry_threshold': 3.0, 'exit_threshold': 0.5, 'hold_bars': 18, 'sl_atr_mult': 2.5, 'tp_rr_mult': 1.5}. Best is trial 14 with value: 2.1799243862061797.
[I 2026-06-02 19:15:37,975] Trial 17 finished with value: -0.9567656286889754 and parameters: {'lookback': 48, 'entry_threshold': 3.0, 'exit_threshold': 0.5, 'hold_bars': 12, 'sl_atr_mult': 2.5, 'tp_rr_mult': 1.5}. Best is trial 14 with value: 2.1799243862061797.
[I 2026-06-02 19:15:37,981] Trial 19 finished with value: 0.869133280167971 and parameters: {'lookback': 24, 'entry_threshold': 3.0, 'exit_threshold': 0.5, 'hold_bars': 18, 'sl_atr_mult': 2.5, 'tp_rr_mult': 1.5}. Best is trial 14 with value: 2.1799243862061797.
[I 2026-06-02 19:15:38,006] Trial 18 finished with value: 0.869133280167971 and parameters: {'lookback': 24, 'entry_threshold': 3.0, 'exit_threshold': 0.5, 'hold_bars': 6, 'sl_atr_mult': 2.5, 'tp_rr_mult': 1.5}. Best is trial 14 with value: 2.1799243862061797.
[I 2026-06-02 19:15:38,307] Trial 20 finished with value: 0.7700522408797593 and parameters: {'lookback': 24, 'entry_threshold': 3.0, 'exit_threshold': 0.25, 'hold_bars': 6, 'sl_atr_mult': 2.5, 'tp_rr_mult': 1.5}. Best is trial 14 with value: 2.1799243862061797.
[I 2026-06-02 19:15:38,422] Trial 22 finished with value: 0.869133280167971 and parameters: {'lookback': 24, 'entry_threshold': 3.0, 'exit_threshold': 0.5, 'hold_bars': 18, 'sl_atr_mult': 2.5, 'tp_rr_mult': 1.5}. Best is trial 14 with value: 2.1799243862061797.
[I 2026-06-02 19:15:38,514] Trial 23 finished with value: -0.43219530822549396 and parameters: {'lookback': 72, 'entry_threshold': 1.5, 'exit_threshold': 0.5, 'hold_bars': 12, 'sl_atr_mult': 2.5, 'tp_rr_mult': 2.5}. Best is trial 14 with value: 2.1799243862061797.
[I 2026-06-02 19:15:38,738] Trial 24 finished with value: -1.7474452145449124 and parameters: {'lookback': 72, 'entry_threshold': 1.5, 'exit_threshold': 0.25, 'hold_bars': 24, 'sl_atr_mult': 2.5, 'tp_rr_mult': 2.5}. Best is trial 14 with value: 2.1799243862061797.
C:\Users\הלל\Desktop\algo projects\trading-research-factory\walk forward engine\.venv\lib\site-packages\optuna\samplers\_tpe\sampler.py:319: ExperimentalWarning: ``multivariate`` option is an experimental feature. The interface can change in the future.
  warnings.warn(
[I 2026-06-02 19:15:39,167] A new study created in memory with name: no-name-63b5544d-7069-4873-b3dd-88d6eee6eaf5
[I 2026-06-02 19:15:42,773] Trial 0 finished with value: -0.4690391177148412 and parameters: {'lookback': 72, 'entry_threshold': 3.0, 'exit_threshold': 0.25, 'hold_bars': 24, 'sl_atr_mult': 1.5, 'tp_rr_mult': 1.0}. Best is trial 0 with value: -0.4690391177148412.
[I 2026-06-02 19:15:42,889] Trial 7 finished with value: -3.049545534113104 and parameters: {'lookback': 24, 'entry_threshold': 1.5, 'exit_threshold': 0.0, 'hold_bars': 18, 'sl_atr_mult': 2.0, 'tp_rr_mult': 1.0}. Best is trial 0 with value: -0.4690391177148412.
[I 2026-06-02 19:15:43,057] Trial 5 finished with value: -3.158900158386984 and parameters: {'lookback': 24, 'entry_threshold': 1.5, 'exit_threshold': 0.25, 'hold_bars': 6, 'sl_atr_mult': 2.0, 'tp_rr_mult': 1.0}. Best is trial 0 with value: -0.4690391177148412.
[I 2026-06-02 19:15:43,088] Trial 2 finished with value: 2.6216716229137393 and parameters: {'lookback': 24, 'entry_threshold': 3.0, 'exit_threshold': 0.5, 'hold_bars': 12, 'sl_atr_mult': 2.5, 'tp_rr_mult': 1.5}. Best is trial 2 with value: 2.6216716229137393.
