[I 2026-06-02 19:08:38,082] Trial 5 finished with value: -4.0827929903178815 and parameters: {'lookback': 96, 'entry_threshold': 1.5, 'exit_threshold': 0.5, 'hold_bars': 6, 'sl_atr_mult': 2.5, 'tp_rr_mult': 1.0}. Best is trial 6 with value: 0.3649422130531419.
[I 2026-06-02 19:08:38,092] Trial 0 finished with value: -1.1827016609577348 and parameters: {'lookback': 96, 'entry_threshold': 2.5, 'exit_threshold': 0.5, 'hold_bars': 6, 'sl_atr_mult': 2.5, 'tp_rr_mult': 1.0}. Best is trial 6 with value: 0.3649422130531419.
[I 2026-06-02 19:08:38,212] Trial 7 finished with value: 0.8012002570206302 and parameters: {'lookback': 48, 'entry_threshold': 3.0, 'exit_threshold': -0.25, 'hold_bars': 18, 'sl_atr_mult': 2.0, 'tp_rr_mult': 1.5}. Best is trial 7 with value: 0.8012002570206302.
[I 2026-06-02 19:08:38,464] Trial 4 finished with value: -0.8420548289871231 and parameters: {'lookback': 96, 'entry_threshold': 2.0, 'exit_threshold': 0.5, 'hold_bars': 18, 'sl_atr_mult': 1.5, 'tp_rr_mult': 1.5}. Best is trial 7 with value: 0.8012002570206302.
[I 2026-06-02 19:08:42,147] Trial 11 finished with value: -0.5393908060904302 and parameters: {'lookback': 24, 'entry_threshold': 2.5, 'exit_threshold': -0.25, 'hold_bars': 18, 'sl_atr_mult': 2.0, 'tp_rr_mult': 1.0}. Best is trial 7 with value: 0.8012002570206302.
[I 2026-06-02 19:08:42,149] Trial 9 finished with value: 1.0006298195565893 and parameters: {'lookback': 48, 'entry_threshold': 2.5, 'exit_threshold': 0.0, 'hold_bars': 24, 'sl_atr_mult': 2.5, 'tp_rr_mult': 1.5}. Best is trial 9 with value: 1.0006298195565893.
[I 2026-06-02 19:08:42,196] Trial 10 finished with value: 0.8763364533179391 and parameters: {'lookback': 48, 'entry_threshold': 3.0, 'exit_threshold': -0.25, 'hold_bars': 24, 'sl_atr_mult': 1.5, 'tp_rr_mult': 2.5}. Best is trial 9 with value: 1.0006298195565893.
[I 2026-06-02 19:08:42,207] Trial 12 finished with value: -3.0327986132010585 and parameters: {'lookback': 24, 'entry_threshold': 1.5, 'exit_threshold': 0.25, 'hold_bars': 12, 'sl_atr_mult': 1.5, 'tp_rr_mult': 2.5}. Best is trial 9 with value: 1.0006298195565893.
[I 2026-06-02 19:08:42,517] Trial 8 finished with value: -3.0327986132010585 and parameters: {'lookback': 24, 'entry_threshold': 1.5, 'exit_threshold': 0.25, 'hold_bars': 24, 'sl_atr_mult': 1.5, 'tp_rr_mult': 2.5}. Best is trial 9 with value: 1.0006298195565893.
[I 2026-06-02 19:08:42,724] Trial 14 finished with value: 1.5034513791553656 and parameters: {'lookback': 24, 'entry_threshold': 3.0, 'exit_threshold': 0.5, 'hold_bars': 24, 'sl_atr_mult': 1.5, 'tp_rr_mult': 2.0}. Best is trial 14 with value: 1.5034513791553656.
[I 2026-06-02 19:08:42,822] Trial 13 finished with value: -0.9259394566658944 and parameters: {'lookback': 96, 'entry_threshold': 2.0, 'exit_threshold': 0.5, 'hold_bars': 18, 'sl_atr_mult': 2.0, 'tp_rr_mult': 1.5}. Best is trial 14 with value: 1.5034513791553656.
[I 2026-06-02 19:08:43,098] Trial 15 finished with value: -0.8420548289871231 and parameters: {'lookback': 96, 'entry_threshold': 2.0, 'exit_threshold': 0.5, 'hold_bars': 18, 'sl_atr_mult': 1.5, 'tp_rr_mult': 2.5}. Best is trial 14 with value: 1.5034513791553656.
[I 2026-06-02 19:08:46,717] Trial 19 finished with value: 0.8736533603752812 and parameters: {'lookback': 72, 'entry_threshold': 2.5, 'exit_threshold': -0.25, 'hold_bars': 24, 'sl_atr_mult': 1.5, 'tp_rr_mult': 2.5}. Best is trial 14 with value: 1.5034513791553656.
[I 2026-06-02 19:08:46,837] Trial 17 finished with value: 0.2670471699940384 and parameters: {'lookback': 24, 'entry_threshold': 2.0, 'exit_threshold': 0.25, 'hold_bars': 24, 'sl_atr_mult': 2.0, 'tp_rr_mult': 1.5}. Best is trial 14 with value: 1.5034513791553656.
[I 2026-06-02 19:08:47,244] Trial 18 finished with value: -0.16987314558553906 and parameters: {'lookback': 72, 'entry_threshold': 3.0, 'exit_threshold': 0.0, 'hold_bars': 24, 'sl_atr_mult': 1.5, 'tp_rr_mult': 2.0}. Best is trial 14 with value: 1.5034513791553656.
[I 2026-06-02 19:08:47,278] Trial 16 finished with value: 0.8462218857196533 and parameters: {'lookback': 72, 'entry_threshold': 2.5, 'exit_threshold': 0.25, 'hold_bars': 24, 'sl_atr_mult': 2.5, 'tp_rr_mult': 1.5}. Best is trial 14 with value: 1.5034513791553656.
[I 2026-06-02 19:08:47,320] Trial 22 finished with value: 0.2890843147282473 and parameters: {'lookback': 48, 'entry_threshold': 2.5, 'exit_threshold': 0.5, 'hold_bars': 24, 'sl_atr_mult': 1.5, 'tp_rr_mult': 2.0}. Best is trial 14 with value: 1.5034513791553656.
[I 2026-06-02 19:08:47,359] Trial 23 finished with value: -0.4198031613977969 and parameters: {'lookback': 24, 'entry_threshold': 2.5, 'exit_threshold': 0.25, 'hold_bars': 24, 'sl_atr_mult': 1.5, 'tp_rr_mult': 1.5}. Best is trial 14 with value: 1.5034513791553656.
[I 2026-06-02 19:08:47,417] Trial 20 finished with value: 0.8763364533179391 and parameters: {'lookback': 48, 'entry_threshold': 3.0, 'exit_threshold': -0.25, 'hold_bars': 24, 'sl_atr_mult': 1.5, 'tp_rr_mult': 2.5}. Best is trial 14 with value: 1.5034513791553656.
[I 2026-06-02 19:08:47,508] Trial 21 finished with value: 1.4331918219103608 and parameters: {'lookback': 24, 'entry_threshold': 3.0, 'exit_threshold': 0.5, 'hold_bars': 24, 'sl_atr_mult': 2.0, 'tp_rr_mult': 1.5}. Best is trial 14 with value: 1.5034513791553656.
[I 2026-06-02 19:08:47,763] Trial 24 finished with value: 1.5034513791553656 and parameters: {'lookback': 24, 'entry_threshold': 3.0, 'exit_threshold': 0.5, 'hold_bars': 18, 'sl_atr_mult': 1.5, 'tp_rr_mult': 2.5}. Best is trial 14 with value: 1.5034513791553656.
C:\Users\הלל\Desktop\algo projects\trading-research-factory\walk forward engine\.venv\lib\site-packages\optuna\samplers\_tpe\sampler.py:319: ExperimentalWarning: ``multivariate`` option is an experimental feature. The interface can change in the future.
  warnings.warn(
[I 2026-06-02 19:08:48,197] A new study created in memory with name: no-name-4da621f6-4de9-4522-b04f-4060934bf4d5
[I 2026-06-02 19:08:52,918] Trial 7 finished with value: 2.0345977131936186 and parameters: {'lookback': 48, 'entry_threshold': 2.0, 'exit_threshold': 0.5, 'hold_bars': 24, 'sl_atr_mult': 2.0, 'tp_rr_mult': 2.0}. Best is trial 7 with value: 2.0345977131936186.
[I 2026-06-02 19:08:52,924] Trial 6 finished with value: 0.6468152241033783 and parameters: {'lookback': 48, 'entry_threshold': 2.5, 'exit_threshold': -0.25, 'hold_bars': 12, 'sl_atr_mult': 2.0, 'tp_rr_mult': 2.5}. Best is trial 7 with value: 2.0345977131936186.
[I 2026-06-02 19:08:53,028] Trial 5 finished with value: -0.6528515024568793 and parameters: {'lookback': 48, 'entry_threshold': 2.5, 'exit_threshold': 0.25, 'hold_bars': 6, 'sl_atr_mult': 2.5, 'tp_rr_mult': 2.0}. Best is trial 7 with value: 2.0345977131936186.
[I 2026-06-02 19:08:53,434] Trial 0 finished with value: 0.2301450884214717 and parameters: {'lookback': 24, 'entry_threshold': 3.0, 'exit_threshold': -0.25, 'hold_bars': 18, 'sl_atr_mult': 2.0, 'tp_rr_mult': 1.0}. Best is trial 7 with value: 2.0345977131936186.
[I 2026-06-02 19:08:53,512] Trial 3 finished with value: -0.553767257342694 and parameters: {'lookback': 96, 'entry_threshold': 2.0, 'exit_threshold': 0.0, 'hold_bars': 18, 'sl_atr_mult': 1.5, 'tp_rr_mult': 2.5}. Best is trial 7 with value: 2.0345977131936186.
[I 2026-06-02 19:08:53,632] Trial 1 finished with value: 0.3703755148528759 and parameters: {'lookback': 72, 'entry_threshold': 2.5, 'exit_threshold': 0.25, 'hold_bars': 24, 'sl_atr_mult': 1.5, 'tp_rr_mult': 1.5}. Best is trial 7 with value: 2.0345977131936186.
[I 2026-06-02 19:08:53,799] Trial 2 finished with value: -3.1739619688671037 and parameters: {'lookback': 24, 'entry_threshold': 1.5, 'exit_threshold': -0.25, 'hold_bars': 12, 'sl_atr_mult': 2.5, 'tp_rr_mult': 1.0}. Best is trial 7 with value: 2.0345977131936186.
[I 2026-06-02 19:08:53,815] Trial 4 finished with value: 1.280123355598208 and parameters: {'lookback': 24, 'entry_threshold': 2.0, 'exit_threshold': 0.0, 'hold_bars': 24, 'sl_atr_mult': 2.5, 'tp_rr_mult': 1.0}. Best is trial 7 with value: 2.0345977131936186.
[I 2026-06-02 19:08:57,843] Trial 10 finished with value: 1.6784254272627623 and parameters: {'lookback': 24, 'entry_threshold': 3.0, 'exit_threshold': 0.5, 'hold_bars': 12, 'sl_atr_mult': 1.5, 'tp_rr_mult': 1.0}. Best is trial 7 with value: 2.0345977131936186.
[I 2026-06-02 19:08:58,010] Trial 9 finished with value: -0.9394942455190602 and parameters: {'lookback': 96, 'entry_threshold': 2.5, 'exit_threshold': 0.0, 'hold_bars': 12, 'sl_atr_mult': 2.0, 'tp_rr_mult': 2.0}. Best is trial 7 with value: 2.0345977131936186.
[I 2026-06-02 19:08:58,077] Trial 8 finished with value: 0.8281899729186969 and parameters: {'lookback': 72, 'entry_threshold': 2.5, 'exit_threshold': 0.5, 'hold_bars': 18, 'sl_atr_mult': 2.5, 'tp_rr_mult': 1.5}. Best is trial 7 with value: 2.0345977131936186.
[I 2026-06-02 19:08:58,226] Trial 11 finished with value: 0.9275704669061893 and parameters: {'lookback': 48, 'entry_threshold': 2.0, 'exit_threshold': 0.25, 'hold_bars': 6, 'sl_atr_mult': 2.0, 'tp_rr_mult': 1.0}. Best is trial 7 with value: 2.0345977131936186.
[I 2026-06-02 19:08:58,527] Trial 15 finished with value: -2.032565612203802 and parameters: {'lookback': 72, 'entry_threshold': 1.5, 'exit_threshold': 0.0, 'hold_bars': 24, 'sl_atr_mult': 2.5, 'tp_rr_mult': 1.5}. Best is trial 7 with value: 2.0345977131936186.
[I 2026-06-02 19:08:58,588] Trial 14 finished with value: -1.2867621765914523 and parameters: {'lookback': 72, 'entry_threshold': 1.5, 'exit_threshold': -0.25, 'hold_bars': 6, 'sl_atr_mult': 1.5, 'tp_rr_mult': 1.0}. Best is trial 7 with value: 2.0345977131936186.
[I 2026-06-02 19:08:58,787] Trial 12 finished with value: -1.95623366244336 and parameters: {'lookback': 48, 'entry_threshold': 1.5, 'exit_threshold': 0.5, 'hold_bars': 6, 'sl_atr_mult': 2.5, 'tp_rr_mult': 1.0}. Best is trial 7 with value: 2.0345977131936186.
[I 2026-06-02 19:08:58,893] Trial 13 finished with value: -2.170857358277295 and parameters: {'lookback': 96, 'entry_threshold': 1.5, 'exit_threshold': -0.25, 'hold_bars': 24, 'sl_atr_mult': 2.0, 'tp_rr_mult': 1.0}. Best is trial 7 with value: 2.0345977131936186.
[I 2026-06-02 19:09:04,022] Trial 16 finished with value: -0.09472043814398994 and parameters: {'lookback': 96, 'entry_threshold': 2.5, 'exit_threshold': 0.25, 'hold_bars': 24, 'sl_atr_mult': 2.5, 'tp_rr_mult': 2.0}. Best is trial 7 with value: 2.0345977131936186.
[I 2026-06-02 19:09:04,767] Trial 21 finished with value: 0.8675141677463658 and parameters: {'lookback': 24, 'entry_threshold': 2.5, 'exit_threshold': 0.5, 'hold_bars': 12, 'sl_atr_mult': 1.5, 'tp_rr_mult': 1.0}. Best is trial 7 with value: 2.0345977131936186.
[I 2026-06-02 19:09:04,821] Trial 22 finished with value: 1.6784254272627623 and parameters: {'lookback': 24, 'entry_threshold': 3.0, 'exit_threshold': 0.5, 'hold_bars': 12, 'sl_atr_mult': 1.5, 'tp_rr_mult': 1.0}. Best is trial 7 with value: 2.0345977131936186.
[I 2026-06-02 19:09:05,011] Trial 18 finished with value: 1.3284757578182618 and parameters: {'lookback': 24, 'entry_threshold': 3.0, 'exit_threshold': 0.5, 'hold_bars': 12, 'sl_atr_mult': 1.5, 'tp_rr_mult': 1.5}. Best is trial 7 with value: 2.0345977131936186.
[I 2026-06-02 19:09:05,032] Trial 20 finished with value: 1.229216441456184 and parameters: {'lookback': 24, 'entry_threshold': 3.0, 'exit_threshold': 0.5, 'hold_bars': 18, 'sl_atr_mult': 2.0, 'tp_rr_mult': 1.5}. Best is trial 7 with value: 2.0345977131936186.
[I 2026-06-02 19:09:05,050] Trial 19 finished with value: 1.6784254272627623 and parameters: {'lookback': 24, 'entry_threshold': 3.0, 'exit_threshold': 0.5, 'hold_bars': 12, 'sl_atr_mult': 1.5, 'tp_rr_mult': 1.0}. Best is trial 7 with value: 2.0345977131936186.
[I 2026-06-02 19:09:05,112] Trial 17 finished with value: 1.4076133776618527 and parameters: {'lookback': 24, 'entry_threshold': 2.0, 'exit_threshold': 0.5, 'hold_bars': 24, 'sl_atr_mult': 2.0, 'tp_rr_mult': 2.0}. Best is trial 7 with value: 2.0345977131936186.
[I 2026-06-02 19:09:05,282] Trial 23 finished with value: 0.8675141677463658 and parameters: {'lookback': 24, 'entry_threshold': 2.5, 'exit_threshold': 0.5, 'hold_bars': 18, 'sl_atr_mult': 1.5, 'tp_rr_mult': 1.0}. Best is trial 7 with value: 2.0345977131936186.
[I 2026-06-02 19:09:05,697] Trial 24 finished with value: 0.25288292868445883 and parameters: {'lookback': 48, 'entry_threshold': 3.0, 'exit_threshold': 0.5, 'hold_bars': 12, 'sl_atr_mult': 1.5, 'tp_rr_mult': 1.0}. Best is trial 7 with value: 2.0345977131936186.
C:\Users\הלל\Desktop\algo projects\trading-research-factory\walk forward engine\.venv\lib\site-packages\optuna\samplers\_tpe\sampler.py:319: ExperimentalWarning: ``multivariate`` option is an experimental feature. The interface can change in the future.
  warnings.warn(
[I 2026-06-02 19:09:06,441] A new study created in memory with name: no-name-c1b81191-c930-4136-a1ad-95e78bc54c32
[I 2026-06-02 19:09:12,350] Trial 0 finished with value: 0.26701911541487644 and parameters: {'lookback': 48, 'entry_threshold': 3.0, 'exit_threshold': -0.25, 'hold_bars': 6, 'sl_atr_mult': 2.0, 'tp_rr_mult': 1.0}. Best is trial 0 with value: 0.26701911541487644.
[I 2026-06-02 19:09:13,064] Trial 5 finished with value: -1.2780836525251318 and parameters: {'lookback': 48, 'entry_threshold': 2.0, 'exit_threshold': 0.5, 'hold_bars': 6, 'sl_atr_mult': 2.0, 'tp_rr_mult': 1.0}. Best is trial 0 with value: 0.26701911541487644.
[I 2026-06-02 19:09:13,413] Trial 1 finished with value: -0.5822282071726976 and parameters: {'lookback': 48, 'entry_threshold': 2.5, 'exit_threshold': -0.25, 'hold_bars': 18, 'sl_atr_mult': 1.5, 'tp_rr_mult': 2.5}. Best is trial 0 with value: 0.26701911541487644.
[I 2026-06-02 19:09:13,753] Trial 6 finished with value: -0.9321021774914933 and parameters: {'lookback': 72, 'entry_threshold': 2.5, 'exit_threshold': 0.5, 'hold_bars': 18, 'sl_atr_mult': 2.5, 'tp_rr_mult': 1.0}. Best is trial 0 with value: 0.26701911541487644.
[I 2026-06-02 19:09:13,953] Trial 3 finished with value: -2.4463190434212776 and parameters: {'lookback': 96, 'entry_threshold': 1.5, 'exit_threshold': -0.25, 'hold_bars': 18, 'sl_atr_mult': 1.5, 'tp_rr_mult': 1.0}. Best is trial 0 with value: 0.26701911541487644.
[I 2026-06-02 19:09:14,443] Trial 2 finished with value: 0.05888741128963723 and parameters: {'lookback': 96, 'entry_threshold': 2.5, 'exit_threshold': 0.0, 'hold_bars': 12, 'sl_atr_mult': 2.0, 'tp_rr_mult': 2.0}. Best is trial 0 with value: 0.26701911541487644.
[I 2026-06-02 19:09:14,451] Trial 4 finished with value: 0.7326073002138456 and parameters: {'lookback': 72, 'entry_threshold': 3.0, 'exit_threshold': -0.25, 'hold_bars': 18, 'sl_atr_mult': 2.5, 'tp_rr_mult': 1.0}. Best is trial 4 with value: 0.7326073002138456.
[I 2026-06-02 19:09:14,637] Trial 7 finished with value: -2.3714777120797943 and parameters: {'lookback': 24, 'entry_threshold': 2.0, 'exit_threshold': -0.25, 'hold_bars': 12, 'sl_atr_mult': 1.5, 'tp_rr_mult': 1.0}. Best is trial 4 with value: 0.7326073002138456.
[I 2026-06-02 19:09:19,327] Trial 8 finished with value: -3.0486438676251684 and parameters: {'lookback': 48, 'entry_threshold': 1.5, 'exit_threshold': -0.25, 'hold_bars': 12, 'sl_atr_mult': 2.0, 'tp_rr_mult': 1.5}. Best is trial 4 with value: 0.7326073002138456.
[I 2026-06-02 19:09:19,741] Trial 9 finished with value: -0.7527480634024872 and parameters: {'lookback': 48, 'entry_threshold': 2.0, 'exit_threshold': 0.0, 'hold_bars': 12, 'sl_atr_mult': 2.0, 'tp_rr_mult': 1.0}. Best is trial 4 with value: 0.7326073002138456.
[I 2026-06-02 19:09:20,309] Trial 10 finished with value: -2.736633761665024 and parameters: {'lookback': 96, 'entry_threshold': 1.5, 'exit_threshold': 0.25, 'hold_bars': 18, 'sl_atr_mult': 2.0, 'tp_rr_mult': 2.0}. Best is trial 4 with value: 0.7326073002138456.
[I 2026-06-02 19:09:20,689] Trial 13 finished with value: -3.990108320890649 and parameters: {'lookback': 24, 'entry_threshold': 1.5, 'exit_threshold': -0.25, 'hold_bars': 12, 'sl_atr_mult': 2.0, 'tp_rr_mult': 2.5}. Best is trial 4 with value: 0.7326073002138456.
[I 2026-06-02 19:09:20,721] Trial 14 finished with value: -0.07917827773062543 and parameters: {'lookback': 96, 'entry_threshold': 3.0, 'exit_threshold': 0.0, 'hold_bars': 12, 'sl_atr_mult': 2.5, 'tp_rr_mult': 2.0}. Best is trial 4 with value: 0.7326073002138456.
[I 2026-06-02 19:09:20,846] Trial 12 finished with value: -3.060836854817656 and parameters: {'lookback': 48, 'entry_threshold': 1.5, 'exit_threshold': -0.25, 'hold_bars': 24, 'sl_atr_mult': 2.0, 'tp_rr_mult': 2.5}. Best is trial 4 with value: 0.7326073002138456.
[I 2026-06-02 19:09:21,429] Trial 11 finished with value: -0.7982603235604653 and parameters: {'lookback': 24, 'entry_threshold': 3.0, 'exit_threshold': 0.5, 'hold_bars': 6, 'sl_atr_mult': 2.0, 'tp_rr_mult': 2.0}. Best is trial 4 with value: 0.7326073002138456.
[I 2026-06-02 19:09:21,471] Trial 15 finished with value: -0.9192692859139047 and parameters: {'lookback': 96, 'entry_threshold': 2.0, 'exit_threshold': -0.25, 'hold_bars': 6, 'sl_atr_mult': 2.0, 'tp_rr_mult': 1.5}. Best is trial 4 with value: 0.7326073002138456.
[I 2026-06-02 19:09:25,403] Trial 16 finished with value: -1.6434840210716006 and parameters: {'lookback': 24, 'entry_threshold': 2.0, 'exit_threshold': 0.5, 'hold_bars': 18, 'sl_atr_mult': 2.0, 'tp_rr_mult': 1.5}. Best is trial 4 with value: 0.7326073002138456.
[I 2026-06-02 19:09:26,001] Trial 17 finished with value: 0.2613639159350286 and parameters: {'lookback': 48, 'entry_threshold': 3.0, 'exit_threshold': -0.25, 'hold_bars': 18, 'sl_atr_mult': 2.5, 'tp_rr_mult': 1.5}. Best is trial 4 with value: 0.7326073002138456.
[I 2026-06-02 19:09:26,270] Trial 21 finished with value: 0.2613639159350286 and parameters: {'lookback': 48, 'entry_threshold': 3.0, 'exit_threshold': -0.25, 'hold_bars': 18, 'sl_atr_mult': 2.5, 'tp_rr_mult': 1.0}. Best is trial 4 with value: 0.7326073002138456.
[I 2026-06-02 19:09:26,641] Trial 20 finished with value: 0.26701911541487644 and parameters: {'lookback': 48, 'entry_threshold': 3.0, 'exit_threshold': -0.25, 'hold_bars': 6, 'sl_atr_mult': 2.0, 'tp_rr_mult': 1.5}. Best is trial 4 with value: 0.7326073002138456.
[I 2026-06-02 19:09:26,663] Trial 18 finished with value: 0.1103922863629769 and parameters: {'lookback': 96, 'entry_threshold': 3.0, 'exit_threshold': -0.25, 'hold_bars': 24, 'sl_atr_mult': 2.5, 'tp_rr_mult': 1.0}. Best is trial 4 with value: 0.7326073002138456.
[I 2026-06-02 19:09:26,885] Trial 19 finished with value: 0.7326073002138456 and parameters: {'lookback': 72, 'entry_threshold': 3.0, 'exit_threshold': -0.25, 'hold_bars': 12, 'sl_atr_mult': 2.5, 'tp_rr_mult': 1.0}. Best is trial 4 with value: 0.7326073002138456.
[I 2026-06-02 19:09:27,066] Trial 22 finished with value: 0.7326073002138456 and parameters: {'lookback': 72, 'entry_threshold': 3.0, 'exit_threshold': -0.25, 'hold_bars': 18, 'sl_atr_mult': 2.5, 'tp_rr_mult': 1.0}. Best is trial 4 with value: 0.7326073002138456.
[I 2026-06-02 19:09:27,222] Trial 23 finished with value: 0.7326073002138456 and parameters: {'lookback': 72, 'entry_threshold': 3.0, 'exit_threshold': -0.25, 'hold_bars': 24, 'sl_atr_mult': 2.5, 'tp_rr_mult': 1.0}. Best is trial 4 with value: 0.7326073002138456.
[I 2026-06-02 19:09:27,545] Trial 24 finished with value: 0.26701911541487644 and parameters: {'lookback': 48, 'entry_threshold': 3.0, 'exit_threshold': -0.25, 'hold_bars': 6, 'sl_atr_mult': 2.5, 'tp_rr_mult': 1.0}. Best is trial 4 with value: 0.7326073002138456.
C:\Users\הלל\Desktop\algo projects\trading-research-factory\walk forward engine\.venv\lib\site-packages\optuna\samplers\_tpe\sampler.py:319: ExperimentalWarning: ``multivariate`` option is an experimental feature. The interface can change in the future.
  warnings.warn(
[I 2026-06-02 19:09:28,291] A new study created in memory with name: no-name-150d88d1-3c2a-4ecb-a2ff-42c9145a3500
[I 2026-06-02 19:09:32,137] Trial 5 finished with value: -0.9508886296636067 and parameters: {'lookback': 48, 'entry_threshold': 2.5, 'exit_threshold': -0.25, 'hold_bars': 18, 'sl_atr_mult': 1.5, 'tp_rr_mult': 1.5}. Best is trial 5 with value: -0.9508886296636067.
[I 2026-06-02 19:09:32,326] Trial 1 finished with value: -1.8214071767327815 and parameters: {'lookback': 24, 'entry_threshold': 1.5, 'exit_threshold': -0.25, 'hold_bars': 24, 'sl_atr_mult': 2.0, 'tp_rr_mult': 2.0}. Best is trial 5 with value: -0.9508886296636067.
[I 2026-06-02 19:09:32,712] Trial 6 finished with value: -1.3772883343376923 and parameters: {'lookback': 72, 'entry_threshold': 2.0, 'exit_threshold': 0.5, 'hold_bars': 18, 'sl_atr_mult': 2.5, 'tp_rr_mult': 1.0}. Best is trial 5 with value: -0.9508886296636067.
[I 2026-06-02 19:09:32,877] Trial 0 finished with value: -2.908807814692091 and parameters: {'lookback': 96, 'entry_threshold': 2.5, 'exit_threshold': 0.25, 'hold_bars': 6, 'sl_atr_mult': 2.0, 'tp_rr_mult': 1.5}. Best is trial 5 with value: -0.9508886296636067.
[I 2026-06-02 19:09:32,953] Trial 3 finished with value: -1.2792427414833294 and parameters: {'lookback': 48, 'entry_threshold': 1.5, 'exit_threshold': -0.25, 'hold_bars': 12, 'sl_atr_mult': 1.5, 'tp_rr_mult': 1.5}. Best is trial 5 with value: -0.9508886296636067.
[I 2026-06-02 19:09:33,081] Trial 2 finished with value: -0.5917557726170772 and parameters: {'lookback': 24, 'entry_threshold': 2.0, 'exit_threshold': -0.25, 'hold_bars': 18, 'sl_atr_mult': 2.5, 'tp_rr_mult': 2.0}. Best is trial 2 with value: -0.5917557726170772.
[I 2026-06-02 19:09:33,187] Trial 7 finished with value: -1.693536627107907 and parameters: {'lookback': 96, 'entry_threshold': 1.5, 'exit_threshold': 0.0, 'hold_bars': 6, 'sl_atr_mult': 2.0, 'tp_rr_mult': 1.5}. Best is trial 2 with value: -0.5917557726170772.
