[I 2026-06-02 19:10:29,041] Trial 10 finished with value: 0.7543991813663056 and parameters: {'lookback': 96, 'entry_threshold': 3.0, 'exit_threshold': 0.25, 'hold_bars': 18, 'sl_atr_mult': 1.5, 'tp_rr_mult': 1.5}. Best is trial 5 with value: 1.2706685245328753.
[I 2026-06-02 19:10:29,073] Trial 8 finished with value: -0.04696434635359269 and parameters: {'lookback': 24, 'entry_threshold': 3.0, 'exit_threshold': -0.25, 'hold_bars': 6, 'sl_atr_mult': 2.5, 'tp_rr_mult': 2.5}. Best is trial 5 with value: 1.2706685245328753.
[I 2026-06-02 19:10:29,315] Trial 14 finished with value: 0.031433740619327986 and parameters: {'lookback': 24, 'entry_threshold': 1.5, 'exit_threshold': 0.5, 'hold_bars': 24, 'sl_atr_mult': 2.0, 'tp_rr_mult': 1.5}. Best is trial 5 with value: 1.2706685245328753.
[I 2026-06-02 19:10:29,409] Trial 15 finished with value: -0.8643749816806742 and parameters: {'lookback': 24, 'entry_threshold': 2.0, 'exit_threshold': -0.25, 'hold_bars': 6, 'sl_atr_mult': 2.5, 'tp_rr_mult': 2.5}. Best is trial 5 with value: 1.2706685245328753.
[I 2026-06-02 19:10:29,644] Trial 12 finished with value: -1.865442770077471 and parameters: {'lookback': 24, 'entry_threshold': 1.5, 'exit_threshold': 0.0, 'hold_bars': 18, 'sl_atr_mult': 2.0, 'tp_rr_mult': 1.5}. Best is trial 5 with value: 1.2706685245328753.
[I 2026-06-02 19:10:29,925] Trial 13 finished with value: -0.09342755858800951 and parameters: {'lookback': 96, 'entry_threshold': 2.0, 'exit_threshold': 0.25, 'hold_bars': 12, 'sl_atr_mult': 1.5, 'tp_rr_mult': 1.5}. Best is trial 5 with value: 1.2706685245328753.
[I 2026-06-02 19:10:34,525] Trial 16 finished with value: -0.13318370001525004 and parameters: {'lookback': 24, 'entry_threshold': 3.0, 'exit_threshold': 0.5, 'hold_bars': 18, 'sl_atr_mult': 1.5, 'tp_rr_mult': 2.0}. Best is trial 5 with value: 1.2706685245328753.
[I 2026-06-02 19:10:35,073] Trial 19 finished with value: 1.0202758928382274 and parameters: {'lookback': 96, 'entry_threshold': 3.0, 'exit_threshold': 0.25, 'hold_bars': 12, 'sl_atr_mult': 2.5, 'tp_rr_mult': 1.5}. Best is trial 5 with value: 1.2706685245328753.
[I 2026-06-02 19:10:35,253] Trial 17 finished with value: 1.73761183368734 and parameters: {'lookback': 96, 'entry_threshold': 2.5, 'exit_threshold': 0.5, 'hold_bars': 18, 'sl_atr_mult': 2.0, 'tp_rr_mult': 1.5}. Best is trial 17 with value: 1.73761183368734.
[I 2026-06-02 19:10:35,263] Trial 18 finished with value: 1.0202758928382274 and parameters: {'lookback': 96, 'entry_threshold': 3.0, 'exit_threshold': 0.25, 'hold_bars': 12, 'sl_atr_mult': 2.5, 'tp_rr_mult': 2.0}. Best is trial 17 with value: 1.73761183368734.
[I 2026-06-02 19:10:35,396] Trial 20 finished with value: 1.4029025724973585 and parameters: {'lookback': 72, 'entry_threshold': 2.5, 'exit_threshold': 0.25, 'hold_bars': 12, 'sl_atr_mult': 2.5, 'tp_rr_mult': 1.0}. Best is trial 17 with value: 1.73761183368734.
[I 2026-06-02 19:10:35,445] Trial 22 finished with value: 1.0162197843081249 and parameters: {'lookback': 72, 'entry_threshold': 3.0, 'exit_threshold': 0.25, 'hold_bars': 12, 'sl_atr_mult': 2.5, 'tp_rr_mult': 1.5}. Best is trial 17 with value: 1.73761183368734.
[I 2026-06-02 19:10:35,565] Trial 23 finished with value: 1.1926195050063602 and parameters: {'lookback': 72, 'entry_threshold': 3.0, 'exit_threshold': 0.5, 'hold_bars': 12, 'sl_atr_mult': 2.5, 'tp_rr_mult': 1.5}. Best is trial 17 with value: 1.73761183368734.
[I 2026-06-02 19:10:35,575] Trial 21 finished with value: 1.2302611104768397 and parameters: {'lookback': 72, 'entry_threshold': 3.0, 'exit_threshold': 0.5, 'hold_bars': 18, 'sl_atr_mult': 2.5, 'tp_rr_mult': 1.5}. Best is trial 17 with value: 1.73761183368734.
[I 2026-06-02 19:10:35,863] Trial 24 finished with value: 1.238322664640099 and parameters: {'lookback': 72, 'entry_threshold': 2.5, 'exit_threshold': 0.5, 'hold_bars': 12, 'sl_atr_mult': 2.5, 'tp_rr_mult': 1.5}. Best is trial 17 with value: 1.73761183368734.
C:\Users\הלל\Desktop\algo projects\trading-research-factory\walk forward engine\.venv\lib\site-packages\optuna\samplers\_tpe\sampler.py:319: ExperimentalWarning: ``multivariate`` option is an experimental feature. The interface can change in the future.
  warnings.warn(
[I 2026-06-02 19:10:36,379] A new study created in memory with name: no-name-67878437-f1b7-4c1f-ae53-7fcf87652a2b
[I 2026-06-02 19:10:41,735] Trial 3 finished with value: -1.920213664165794 and parameters: {'lookback': 24, 'entry_threshold': 3.0, 'exit_threshold': -0.25, 'hold_bars': 18, 'sl_atr_mult': 1.5, 'tp_rr_mult': 1.0}. Best is trial 3 with value: -1.920213664165794.
[I 2026-06-02 19:10:41,822] Trial 0 finished with value: 0.5741759666638918 and parameters: {'lookback': 72, 'entry_threshold': 2.0, 'exit_threshold': -0.25, 'hold_bars': 12, 'sl_atr_mult': 1.5, 'tp_rr_mult': 1.5}. Best is trial 0 with value: 0.5741759666638918.
[I 2026-06-02 19:10:41,825] Trial 1 finished with value: 0.37552311771893476 and parameters: {'lookback': 72, 'entry_threshold': 2.5, 'exit_threshold': 0.25, 'hold_bars': 12, 'sl_atr_mult': 1.5, 'tp_rr_mult': 2.5}. Best is trial 0 with value: 0.5741759666638918.
[I 2026-06-02 19:10:42,259] Trial 6 finished with value: 0.42201787991824224 and parameters: {'lookback': 72, 'entry_threshold': 2.5, 'exit_threshold': 0.0, 'hold_bars': 18, 'sl_atr_mult': 2.5, 'tp_rr_mult': 1.5}. Best is trial 0 with value: 0.5741759666638918.
[I 2026-06-02 19:10:42,297] Trial 5 finished with value: -0.7450076898662868 and parameters: {'lookback': 24, 'entry_threshold': 1.5, 'exit_threshold': 0.5, 'hold_bars': 6, 'sl_atr_mult': 2.0, 'tp_rr_mult': 2.0}. Best is trial 0 with value: 0.5741759666638918.
[I 2026-06-02 19:10:42,332] Trial 4 finished with value: 0.6477882733147868 and parameters: {'lookback': 72, 'entry_threshold': 2.5, 'exit_threshold': -0.25, 'hold_bars': 24, 'sl_atr_mult': 2.0, 'tp_rr_mult': 2.5}. Best is trial 4 with value: 0.6477882733147868.
[I 2026-06-02 19:10:42,502] Trial 7 finished with value: 0.9049802533540515 and parameters: {'lookback': 96, 'entry_threshold': 2.0, 'exit_threshold': 0.25, 'hold_bars': 12, 'sl_atr_mult': 2.0, 'tp_rr_mult': 2.0}. Best is trial 7 with value: 0.9049802533540515.
[I 2026-06-02 19:10:42,747] Trial 2 finished with value: 1.0264998963810703 and parameters: {'lookback': 96, 'entry_threshold': 3.0, 'exit_threshold': -0.25, 'hold_bars': 24, 'sl_atr_mult': 2.0, 'tp_rr_mult': 2.5}. Best is trial 2 with value: 1.0264998963810703.
[I 2026-06-02 19:10:46,961] Trial 10 finished with value: -0.6629287085776805 and parameters: {'lookback': 48, 'entry_threshold': 3.0, 'exit_threshold': -0.25, 'hold_bars': 24, 'sl_atr_mult': 2.5, 'tp_rr_mult': 2.0}. Best is trial 2 with value: 1.0264998963810703.
[I 2026-06-02 19:10:47,149] Trial 14 finished with value: -0.16727796206231116 and parameters: {'lookback': 48, 'entry_threshold': 2.0, 'exit_threshold': 0.0, 'hold_bars': 6, 'sl_atr_mult': 1.5, 'tp_rr_mult': 1.5}. Best is trial 2 with value: 1.0264998963810703.
[I 2026-06-02 19:10:47,181] Trial 8 finished with value: 0.7914205215747114 and parameters: {'lookback': 96, 'entry_threshold': 3.0, 'exit_threshold': -0.25, 'hold_bars': 18, 'sl_atr_mult': 1.5, 'tp_rr_mult': 2.5}. Best is trial 2 with value: 1.0264998963810703.
[I 2026-06-02 19:10:47,606] Trial 13 finished with value: 0.25851653383101253 and parameters: {'lookback': 48, 'entry_threshold': 2.5, 'exit_threshold': -0.25, 'hold_bars': 24, 'sl_atr_mult': 2.5, 'tp_rr_mult': 1.5}. Best is trial 2 with value: 1.0264998963810703.
[I 2026-06-02 19:10:47,868] Trial 12 finished with value: 0.3069838934066156 and parameters: {'lookback': 48, 'entry_threshold': 2.0, 'exit_threshold': 0.25, 'hold_bars': 18, 'sl_atr_mult': 2.5, 'tp_rr_mult': 1.5}. Best is trial 2 with value: 1.0264998963810703.
[I 2026-06-02 19:10:47,915] Trial 9 finished with value: 1.069188476983484 and parameters: {'lookback': 96, 'entry_threshold': 3.0, 'exit_threshold': 0.0, 'hold_bars': 24, 'sl_atr_mult': 2.5, 'tp_rr_mult': 2.0}. Best is trial 9 with value: 1.069188476983484.
[I 2026-06-02 19:10:48,181] Trial 11 finished with value: -0.14413135245960296 and parameters: {'lookback': 24, 'entry_threshold': 2.5, 'exit_threshold': 0.5, 'hold_bars': 18, 'sl_atr_mult': 1.5, 'tp_rr_mult': 1.0}. Best is trial 9 with value: 1.069188476983484.
[I 2026-06-02 19:10:48,351] Trial 15 finished with value: -2.6184841990699863 and parameters: {'lookback': 48, 'entry_threshold': 1.5, 'exit_threshold': 0.0, 'hold_bars': 12, 'sl_atr_mult': 2.5, 'tp_rr_mult': 2.5}. Best is trial 9 with value: 1.069188476983484.
[I 2026-06-02 19:10:51,603] Trial 16 finished with value: -0.8095659331185429 and parameters: {'lookback': 24, 'entry_threshold': 1.5, 'exit_threshold': -0.25, 'hold_bars': 24, 'sl_atr_mult': 1.5, 'tp_rr_mult': 2.5}. Best is trial 9 with value: 1.069188476983484.
[I 2026-06-02 19:10:52,047] Trial 18 finished with value: 0.9049802533540515 and parameters: {'lookback': 96, 'entry_threshold': 2.0, 'exit_threshold': 0.25, 'hold_bars': 12, 'sl_atr_mult': 2.0, 'tp_rr_mult': 2.0}. Best is trial 9 with value: 1.069188476983484.
[I 2026-06-02 19:10:52,170] Trial 17 finished with value: 1.301500241189908 and parameters: {'lookback': 96, 'entry_threshold': 2.5, 'exit_threshold': 0.25, 'hold_bars': 24, 'sl_atr_mult': 2.5, 'tp_rr_mult': 2.5}. Best is trial 17 with value: 1.301500241189908.
[I 2026-06-02 19:10:52,434] Trial 19 finished with value: 0.4577478978975297 and parameters: {'lookback': 72, 'entry_threshold': 2.0, 'exit_threshold': 0.5, 'hold_bars': 18, 'sl_atr_mult': 2.0, 'tp_rr_mult': 2.0}. Best is trial 17 with value: 1.301500241189908.
[I 2026-06-02 19:10:52,527] Trial 21 finished with value: 1.069188476983484 and parameters: {'lookback': 96, 'entry_threshold': 3.0, 'exit_threshold': 0.0, 'hold_bars': 24, 'sl_atr_mult': 2.5, 'tp_rr_mult': 2.0}. Best is trial 17 with value: 1.301500241189908.
[I 2026-06-02 19:10:52,664] Trial 20 finished with value: -1.6524617759068254 and parameters: {'lookback': 96, 'entry_threshold': 1.5, 'exit_threshold': 0.25, 'hold_bars': 6, 'sl_atr_mult': 2.0, 'tp_rr_mult': 2.0}. Best is trial 17 with value: 1.301500241189908.
[I 2026-06-02 19:10:52,884] Trial 22 finished with value: 1.069188476983484 and parameters: {'lookback': 96, 'entry_threshold': 3.0, 'exit_threshold': 0.0, 'hold_bars': 24, 'sl_atr_mult': 2.5, 'tp_rr_mult': 1.5}. Best is trial 17 with value: 1.301500241189908.
[I 2026-06-02 19:10:52,889] Trial 23 finished with value: 1.301500241189908 and parameters: {'lookback': 96, 'entry_threshold': 2.5, 'exit_threshold': 0.25, 'hold_bars': 24, 'sl_atr_mult': 2.5, 'tp_rr_mult': 2.5}. Best is trial 17 with value: 1.301500241189908.
[I 2026-06-02 19:10:53,088] Trial 24 finished with value: 1.069188476983484 and parameters: {'lookback': 96, 'entry_threshold': 3.0, 'exit_threshold': 0.0, 'hold_bars': 24, 'sl_atr_mult': 2.5, 'tp_rr_mult': 2.5}. Best is trial 17 with value: 1.301500241189908.
C:\Users\הלל\Desktop\algo projects\trading-research-factory\walk forward engine\.venv\lib\site-packages\optuna\samplers\_tpe\sampler.py:319: ExperimentalWarning: ``multivariate`` option is an experimental feature. The interface can change in the future.
  warnings.warn(
[I 2026-06-02 19:10:53,533] A new study created in memory with name: no-name-65e8175d-998d-46ca-92e1-19242809c514
[I 2026-06-02 19:10:57,870] Trial 1 finished with value: 0.3934687833794657 and parameters: {'lookback': 96, 'entry_threshold': 2.0, 'exit_threshold': 0.5, 'hold_bars': 18, 'sl_atr_mult': 2.0, 'tp_rr_mult': 2.5}. Best is trial 1 with value: 0.3934687833794657.
[I 2026-06-02 19:10:58,088] Trial 7 finished with value: 0.11916565564136634 and parameters: {'lookback': 48, 'entry_threshold': 2.0, 'exit_threshold': -0.25, 'hold_bars': 6, 'sl_atr_mult': 1.5, 'tp_rr_mult': 1.0}. Best is trial 1 with value: 0.3934687833794657.
[I 2026-06-02 19:10:58,286] Trial 2 finished with value: 1.781334385659676 and parameters: {'lookback': 96, 'entry_threshold': 3.0, 'exit_threshold': 0.5, 'hold_bars': 12, 'sl_atr_mult': 2.5, 'tp_rr_mult': 1.0}. Best is trial 2 with value: 1.781334385659676.
[I 2026-06-02 19:10:58,349] Trial 3 finished with value: -0.07522866830626541 and parameters: {'lookback': 72, 'entry_threshold': 2.5, 'exit_threshold': 0.0, 'hold_bars': 12, 'sl_atr_mult': 2.0, 'tp_rr_mult': 2.0}. Best is trial 2 with value: 1.781334385659676.
[I 2026-06-02 19:10:58,399] Trial 0 finished with value: 0.41171382726891365 and parameters: {'lookback': 48, 'entry_threshold': 2.0, 'exit_threshold': 0.5, 'hold_bars': 24, 'sl_atr_mult': 2.0, 'tp_rr_mult': 1.5}. Best is trial 2 with value: 1.781334385659676.
[I 2026-06-02 19:10:58,563] Trial 5 finished with value: -0.017774254685539552 and parameters: {'lookback': 72, 'entry_threshold': 3.0, 'exit_threshold': -0.25, 'hold_bars': 18, 'sl_atr_mult': 2.0, 'tp_rr_mult': 2.5}. Best is trial 2 with value: 1.781334385659676.
[I 2026-06-02 19:10:58,614] Trial 4 finished with value: -0.5421209154246893 and parameters: {'lookback': 72, 'entry_threshold': 2.0, 'exit_threshold': 0.25, 'hold_bars': 12, 'sl_atr_mult': 2.0, 'tp_rr_mult': 1.5}. Best is trial 2 with value: 1.781334385659676.
[I 2026-06-02 19:10:58,728] Trial 6 finished with value: 0.9318637928842044 and parameters: {'lookback': 96, 'entry_threshold': 3.0, 'exit_threshold': 0.0, 'hold_bars': 12, 'sl_atr_mult': 2.0, 'tp_rr_mult': 2.5}. Best is trial 2 with value: 1.781334385659676.
[I 2026-06-02 19:11:04,772] Trial 11 finished with value: 0.33638500855442155 and parameters: {'lookback': 96, 'entry_threshold': 2.5, 'exit_threshold': 0.5, 'hold_bars': 18, 'sl_atr_mult': 2.0, 'tp_rr_mult': 1.0}. Best is trial 2 with value: 1.781334385659676.
[I 2026-06-02 19:11:04,894] Trial 13 finished with value: -0.15112129310060984 and parameters: {'lookback': 48, 'entry_threshold': 2.0, 'exit_threshold': 0.0, 'hold_bars': 6, 'sl_atr_mult': 2.5, 'tp_rr_mult': 2.0}. Best is trial 2 with value: 1.781334385659676.
[I 2026-06-02 19:11:04,955] Trial 8 finished with value: -2.6991383121427432 and parameters: {'lookback': 72, 'entry_threshold': 1.5, 'exit_threshold': 0.0, 'hold_bars': 12, 'sl_atr_mult': 2.5, 'tp_rr_mult': 1.5}. Best is trial 2 with value: 1.781334385659676.
[I 2026-06-02 19:11:05,451] Trial 9 finished with value: 0.38066637776476747 and parameters: {'lookback': 72, 'entry_threshold': 3.0, 'exit_threshold': 0.0, 'hold_bars': 12, 'sl_atr_mult': 1.5, 'tp_rr_mult': 2.5}. Best is trial 2 with value: 1.781334385659676.
[I 2026-06-02 19:11:05,942] Trial 12 finished with value: -0.22205237062312172 and parameters: {'lookback': 72, 'entry_threshold': 2.5, 'exit_threshold': 0.25, 'hold_bars': 6, 'sl_atr_mult': 2.5, 'tp_rr_mult': 2.5}. Best is trial 2 with value: 1.781334385659676.
[I 2026-06-02 19:11:05,959] Trial 15 finished with value: -2.101067193071042 and parameters: {'lookback': 72, 'entry_threshold': 1.5, 'exit_threshold': 0.5, 'hold_bars': 24, 'sl_atr_mult': 2.0, 'tp_rr_mult': 2.0}. Best is trial 2 with value: 1.781334385659676.
[I 2026-06-02 19:11:06,447] Trial 10 finished with value: -0.35816617667409983 and parameters: {'lookback': 72, 'entry_threshold': 2.0, 'exit_threshold': 0.0, 'hold_bars': 18, 'sl_atr_mult': 2.5, 'tp_rr_mult': 2.5}. Best is trial 2 with value: 1.781334385659676.
[I 2026-06-02 19:11:06,524] Trial 14 finished with value: -0.44486098273588276 and parameters: {'lookback': 48, 'entry_threshold': 3.0, 'exit_threshold': -0.25, 'hold_bars': 6, 'sl_atr_mult': 2.5, 'tp_rr_mult': 2.5}. Best is trial 2 with value: 1.781334385659676.
[I 2026-06-02 19:11:12,376] Trial 17 finished with value: 1.4126910257622287 and parameters: {'lookback': 72, 'entry_threshold': 3.0, 'exit_threshold': 0.5, 'hold_bars': 6, 'sl_atr_mult': 2.5, 'tp_rr_mult': 1.0}. Best is trial 2 with value: 1.781334385659676.
[I 2026-06-02 19:11:12,603] Trial 16 finished with value: -0.8752997886689889 and parameters: {'lookback': 24, 'entry_threshold': 3.0, 'exit_threshold': 0.25, 'hold_bars': 18, 'sl_atr_mult': 2.5, 'tp_rr_mult': 2.0}. Best is trial 2 with value: 1.781334385659676.
[I 2026-06-02 19:11:12,986] Trial 19 finished with value: 0.1554267817380279 and parameters: {'lookback': 72, 'entry_threshold': 3.0, 'exit_threshold': 0.25, 'hold_bars': 12, 'sl_atr_mult': 2.5, 'tp_rr_mult': 1.0}. Best is trial 2 with value: 1.781334385659676.
[I 2026-06-02 19:11:13,103] Trial 18 finished with value: 0.9393302261541583 and parameters: {'lookback': 72, 'entry_threshold': 2.5, 'exit_threshold': 0.5, 'hold_bars': 6, 'sl_atr_mult': 2.5, 'tp_rr_mult': 1.0}. Best is trial 2 with value: 1.781334385659676.
[I 2026-06-02 19:11:13,206] Trial 20 finished with value: -0.10474215207522487 and parameters: {'lookback': 72, 'entry_threshold': 3.0, 'exit_threshold': 0.25, 'hold_bars': 6, 'sl_atr_mult': 2.5, 'tp_rr_mult': 1.0}. Best is trial 2 with value: 1.781334385659676.
[I 2026-06-02 19:11:13,399] Trial 21 finished with value: 0.8185985324894821 and parameters: {'lookback': 48, 'entry_threshold': 3.0, 'exit_threshold': 0.5, 'hold_bars': 12, 'sl_atr_mult': 2.5, 'tp_rr_mult': 1.0}. Best is trial 2 with value: 1.781334385659676.
[I 2026-06-02 19:11:13,424] Trial 22 finished with value: 0.1554267817380279 and parameters: {'lookback': 72, 'entry_threshold': 3.0, 'exit_threshold': 0.25, 'hold_bars': 24, 'sl_atr_mult': 2.5, 'tp_rr_mult': 1.0}. Best is trial 2 with value: 1.781334385659676.
[I 2026-06-02 19:11:13,540] Trial 23 finished with value: 1.5993448661874308 and parameters: {'lookback': 72, 'entry_threshold': 3.0, 'exit_threshold': 0.5, 'hold_bars': 12, 'sl_atr_mult': 2.5, 'tp_rr_mult': 1.0}. Best is trial 2 with value: 1.781334385659676.
[I 2026-06-02 19:11:13,879] Trial 24 finished with value: 1.576367848410424 and parameters: {'lookback': 96, 'entry_threshold': 3.0, 'exit_threshold': 0.5, 'hold_bars': 6, 'sl_atr_mult': 2.5, 'tp_rr_mult': 1.0}. Best is trial 2 with value: 1.781334385659676.
C:\Users\הלל\Desktop\algo projects\trading-research-factory\walk forward engine\.venv\lib\site-packages\optuna\samplers\_tpe\sampler.py:319: ExperimentalWarning: ``multivariate`` option is an experimental feature. The interface can change in the future.
  warnings.warn(
[I 2026-06-02 19:11:14,547] A new study created in memory with name: no-name-497092bf-c8d2-4bad-be8c-13379aeac9b3
[I 2026-06-02 19:11:19,245] Trial 0 finished with value: -1.6187806737240844 and parameters: {'lookback': 48, 'entry_threshold': 1.5, 'exit_threshold': 0.25, 'hold_bars': 6, 'sl_atr_mult': 2.0, 'tp_rr_mult': 2.0}. Best is trial 0 with value: -1.6187806737240844.
[I 2026-06-02 19:11:19,650] Trial 1 finished with value: -1.660114925354245 and parameters: {'lookback': 48, 'entry_threshold': 1.5, 'exit_threshold': 0.0, 'hold_bars': 24, 'sl_atr_mult': 2.0, 'tp_rr_mult': 1.5}. Best is trial 0 with value: -1.6187806737240844.
[I 2026-06-02 19:11:19,721] Trial 3 finished with value: 1.9849418622513477 and parameters: {'lookback': 24, 'entry_threshold': 2.5, 'exit_threshold': 0.5, 'hold_bars': 24, 'sl_atr_mult': 1.5, 'tp_rr_mult': 1.0}. Best is trial 3 with value: 1.9849418622513477.
[I 2026-06-02 19:11:19,948] Trial 4 finished with value: 0.8213487248145681 and parameters: {'lookback': 48, 'entry_threshold': 2.0, 'exit_threshold': -0.25, 'hold_bars': 18, 'sl_atr_mult': 2.5, 'tp_rr_mult': 2.5}. Best is trial 3 with value: 1.9849418622513477.
[I 2026-06-02 19:11:20,309] Trial 2 finished with value: 0.2033879587824417 and parameters: {'lookback': 48, 'entry_threshold': 2.0, 'exit_threshold': 0.0, 'hold_bars': 24, 'sl_atr_mult': 2.0, 'tp_rr_mult': 1.0}. Best is trial 3 with value: 1.9849418622513477.
[I 2026-06-02 19:11:20,373] Trial 7 finished with value: 0.3978988211714935 and parameters: {'lookback': 96, 'entry_threshold': 2.5, 'exit_threshold': 0.0, 'hold_bars': 6, 'sl_atr_mult': 2.5, 'tp_rr_mult': 2.0}. Best is trial 3 with value: 1.9849418622513477.
[I 2026-06-02 19:11:20,442] Trial 5 finished with value: -0.8185755566533471 and parameters: {'lookback': 96, 'entry_threshold': 1.5, 'exit_threshold': 0.0, 'hold_bars': 6, 'sl_atr_mult': 2.0, 'tp_rr_mult': 1.0}. Best is trial 3 with value: 1.9849418622513477.
[I 2026-06-02 19:11:20,449] Trial 6 finished with value: -0.1589174503442373 and parameters: {'lookback': 72, 'entry_threshold': 2.0, 'exit_threshold': 0.0, 'hold_bars': 24, 'sl_atr_mult': 2.5, 'tp_rr_mult': 2.0}. Best is trial 3 with value: 1.9849418622513477.
[I 2026-06-02 19:11:25,056] Trial 8 finished with value: -2.0025229951410544 and parameters: {'lookback': 72, 'entry_threshold': 1.5, 'exit_threshold': -0.25, 'hold_bars': 6, 'sl_atr_mult': 1.5, 'tp_rr_mult': 2.0}. Best is trial 3 with value: 1.9849418622513477.
[I 2026-06-02 19:11:25,297] Trial 15 finished with value: -0.9388777672581728 and parameters: {'lookback': 48, 'entry_threshold': 3.0, 'exit_threshold': 0.0, 'hold_bars': 18, 'sl_atr_mult': 2.0, 'tp_rr_mult': 2.5}. Best is trial 3 with value: 1.9849418622513477.
[I 2026-06-02 19:11:25,605] Trial 9 finished with value: -3.258862272926775 and parameters: {'lookback': 72, 'entry_threshold': 1.5, 'exit_threshold': 0.0, 'hold_bars': 6, 'sl_atr_mult': 1.5, 'tp_rr_mult': 1.0}. Best is trial 3 with value: 1.9849418622513477.
[I 2026-06-02 19:11:26,072] Trial 13 finished with value: 0.36758569154000703 and parameters: {'lookback': 48, 'entry_threshold': 2.5, 'exit_threshold': 0.0, 'hold_bars': 12, 'sl_atr_mult': 1.5, 'tp_rr_mult': 2.5}. Best is trial 3 with value: 1.9849418622513477.
[I 2026-06-02 19:11:26,110] Trial 10 finished with value: -0.6202308763550196 and parameters: {'lookback': 72, 'entry_threshold': 2.0, 'exit_threshold': 0.5, 'hold_bars': 6, 'sl_atr_mult': 1.5, 'tp_rr_mult': 1.5}. Best is trial 3 with value: 1.9849418622513477.
[I 2026-06-02 19:11:26,298] Trial 11 finished with value: -0.1588870824075007 and parameters: {'lookback': 48, 'entry_threshold': 2.5, 'exit_threshold': 0.0, 'hold_bars': 12, 'sl_atr_mult': 2.5, 'tp_rr_mult': 1.0}. Best is trial 3 with value: 1.9849418622513477.
