[I 2026-06-02 19:11:26,298] Trial 12 finished with value: -0.8315357450105841 and parameters: {'lookback': 24, 'entry_threshold': 3.0, 'exit_threshold': 0.0, 'hold_bars': 24, 'sl_atr_mult': 1.5, 'tp_rr_mult': 2.0}. Best is trial 3 with value: 1.9849418622513477.
[I 2026-06-02 19:11:26,738] Trial 14 finished with value: 1.7490175510909394 and parameters: {'lookback': 72, 'entry_threshold': 3.0, 'exit_threshold': 0.5, 'hold_bars': 6, 'sl_atr_mult': 2.0, 'tp_rr_mult': 2.0}. Best is trial 3 with value: 1.9849418622513477.
[I 2026-06-02 19:11:31,090] Trial 16 finished with value: -0.5043981029351173 and parameters: {'lookback': 72, 'entry_threshold': 2.0, 'exit_threshold': 0.25, 'hold_bars': 24, 'sl_atr_mult': 2.0, 'tp_rr_mult': 1.0}. Best is trial 3 with value: 1.9849418622513477.
[I 2026-06-02 19:11:31,498] Trial 18 finished with value: 2.2680702492763536 and parameters: {'lookback': 24, 'entry_threshold': 2.5, 'exit_threshold': 0.5, 'hold_bars': 24, 'sl_atr_mult': 1.5, 'tp_rr_mult': 1.5}. Best is trial 18 with value: 2.2680702492763536.
[I 2026-06-02 19:11:31,896] Trial 17 finished with value: 1.9073593246590457 and parameters: {'lookback': 48, 'entry_threshold': 3.0, 'exit_threshold': 0.5, 'hold_bars': 18, 'sl_atr_mult': 1.5, 'tp_rr_mult': 1.0}. Best is trial 18 with value: 2.2680702492763536.
[I 2026-06-02 19:11:32,020] Trial 21 finished with value: 1.9849418622513477 and parameters: {'lookback': 24, 'entry_threshold': 2.5, 'exit_threshold': 0.5, 'hold_bars': 24, 'sl_atr_mult': 1.5, 'tp_rr_mult': 1.0}. Best is trial 18 with value: 2.2680702492763536.
[I 2026-06-02 19:11:32,085] Trial 22 finished with value: 1.88819598684069 and parameters: {'lookback': 48, 'entry_threshold': 3.0, 'exit_threshold': 0.5, 'hold_bars': 24, 'sl_atr_mult': 1.5, 'tp_rr_mult': 1.5}. Best is trial 18 with value: 2.2680702492763536.
[I 2026-06-02 19:11:32,254] Trial 19 finished with value: 0.7414347201039401 and parameters: {'lookback': 24, 'entry_threshold': 3.0, 'exit_threshold': 0.5, 'hold_bars': 24, 'sl_atr_mult': 1.5, 'tp_rr_mult': 1.0}. Best is trial 18 with value: 2.2680702492763536.
[I 2026-06-02 19:11:32,312] Trial 20 finished with value: 1.9849418622513477 and parameters: {'lookback': 24, 'entry_threshold': 2.5, 'exit_threshold': 0.5, 'hold_bars': 24, 'sl_atr_mult': 1.5, 'tp_rr_mult': 1.0}. Best is trial 18 with value: 2.2680702492763536.
[I 2026-06-02 19:11:32,424] Trial 23 finished with value: 1.9849418622513477 and parameters: {'lookback': 24, 'entry_threshold': 2.5, 'exit_threshold': 0.5, 'hold_bars': 18, 'sl_atr_mult': 1.5, 'tp_rr_mult': 1.0}. Best is trial 18 with value: 2.2680702492763536.
[I 2026-06-02 19:11:32,776] Trial 24 finished with value: 1.8444599784107527 and parameters: {'lookback': 24, 'entry_threshold': 2.0, 'exit_threshold': 0.5, 'hold_bars': 24, 'sl_atr_mult': 1.5, 'tp_rr_mult': 1.5}. Best is trial 18 with value: 2.2680702492763536.
C:\Users\הלל\Desktop\algo projects\trading-research-factory\walk forward engine\.venv\lib\site-packages\optuna\samplers\_tpe\sampler.py:319: ExperimentalWarning: ``multivariate`` option is an experimental feature. The interface can change in the future.
  warnings.warn(
[I 2026-06-02 19:11:33,413] A new study created in memory with name: no-name-eab2d163-2727-468e-b84d-a26762a2ed52
[I 2026-06-02 19:11:38,353] Trial 0 finished with value: 1.283414821838727 and parameters: {'lookback': 24, 'entry_threshold': 2.0, 'exit_threshold': -0.25, 'hold_bars': 12, 'sl_atr_mult': 1.5, 'tp_rr_mult': 2.5}. Best is trial 0 with value: 1.283414821838727.
[I 2026-06-02 19:11:38,623] Trial 4 finished with value: -1.6094411905852084 and parameters: {'lookback': 96, 'entry_threshold': 1.5, 'exit_threshold': 0.0, 'hold_bars': 12, 'sl_atr_mult': 1.5, 'tp_rr_mult': 1.0}. Best is trial 0 with value: 1.283414821838727.
[I 2026-06-02 19:11:38,648] Trial 1 finished with value: -0.9639967936868108 and parameters: {'lookback': 96, 'entry_threshold': 2.5, 'exit_threshold': 0.5, 'hold_bars': 12, 'sl_atr_mult': 2.0, 'tp_rr_mult': 1.5}. Best is trial 0 with value: 1.283414821838727.
[I 2026-06-02 19:11:38,742] Trial 2 finished with value: -0.9088595387024366 and parameters: {'lookback': 72, 'entry_threshold': 2.0, 'exit_threshold': -0.25, 'hold_bars': 24, 'sl_atr_mult': 2.5, 'tp_rr_mult': 1.0}. Best is trial 0 with value: 1.283414821838727.
[I 2026-06-02 19:11:38,879] Trial 3 finished with value: 0.1600828109383068 and parameters: {'lookback': 48, 'entry_threshold': 2.5, 'exit_threshold': 0.5, 'hold_bars': 18, 'sl_atr_mult': 1.5, 'tp_rr_mult': 2.0}. Best is trial 0 with value: 1.283414821838727.
[I 2026-06-02 19:11:39,097] Trial 5 finished with value: 0.06433657376951094 and parameters: {'lookback': 24, 'entry_threshold': 2.0, 'exit_threshold': 0.0, 'hold_bars': 6, 'sl_atr_mult': 2.5, 'tp_rr_mult': 2.5}. Best is trial 0 with value: 1.283414821838727.
[I 2026-06-02 19:11:39,300] Trial 7 finished with value: -1.0735275265014055 and parameters: {'lookback': 96, 'entry_threshold': 2.0, 'exit_threshold': 0.0, 'hold_bars': 6, 'sl_atr_mult': 2.0, 'tp_rr_mult': 1.5}. Best is trial 0 with value: 1.283414821838727.
[I 2026-06-02 19:11:39,315] Trial 6 finished with value: -0.027883133150208766 and parameters: {'lookback': 72, 'entry_threshold': 2.5, 'exit_threshold': -0.25, 'hold_bars': 18, 'sl_atr_mult': 1.5, 'tp_rr_mult': 2.0}. Best is trial 0 with value: 1.283414821838727.
[I 2026-06-02 19:11:44,623] Trial 8 finished with value: -0.3621584930111743 and parameters: {'lookback': 48, 'entry_threshold': 2.0, 'exit_threshold': 0.5, 'hold_bars': 18, 'sl_atr_mult': 2.0, 'tp_rr_mult': 1.5}. Best is trial 0 with value: 1.283414821838727.
[I 2026-06-02 19:11:44,691] Trial 10 finished with value: -2.891844871991734 and parameters: {'lookback': 48, 'entry_threshold': 1.5, 'exit_threshold': 0.25, 'hold_bars': 24, 'sl_atr_mult': 2.0, 'tp_rr_mult': 1.0}. Best is trial 0 with value: 1.283414821838727.
[I 2026-06-02 19:11:44,856] Trial 11 finished with value: 0.29794301853671445 and parameters: {'lookback': 24, 'entry_threshold': 2.0, 'exit_threshold': 0.25, 'hold_bars': 18, 'sl_atr_mult': 1.5, 'tp_rr_mult': 2.0}. Best is trial 0 with value: 1.283414821838727.
[I 2026-06-02 19:11:45,155] Trial 12 finished with value: -1.0165949801649872 and parameters: {'lookback': 48, 'entry_threshold': 3.0, 'exit_threshold': 0.0, 'hold_bars': 18, 'sl_atr_mult': 1.5, 'tp_rr_mult': 2.5}. Best is trial 0 with value: 1.283414821838727.
[I 2026-06-02 19:11:45,677] Trial 13 finished with value: 0.36117901281285325 and parameters: {'lookback': 72, 'entry_threshold': 3.0, 'exit_threshold': -0.25, 'hold_bars': 12, 'sl_atr_mult': 2.5, 'tp_rr_mult': 2.0}. Best is trial 0 with value: 1.283414821838727.
[I 2026-06-02 19:11:46,042] Trial 14 finished with value: -2.464778063474283 and parameters: {'lookback': 48, 'entry_threshold': 1.5, 'exit_threshold': 0.0, 'hold_bars': 18, 'sl_atr_mult': 1.5, 'tp_rr_mult': 2.0}. Best is trial 0 with value: 1.283414821838727.
[I 2026-06-02 19:11:46,180] Trial 15 finished with value: 0.9827974430371887 and parameters: {'lookback': 96, 'entry_threshold': 3.0, 'exit_threshold': 0.25, 'hold_bars': 12, 'sl_atr_mult': 2.5, 'tp_rr_mult': 1.5}. Best is trial 0 with value: 1.283414821838727.
[I 2026-06-02 19:11:46,232] Trial 9 finished with value: -2.9811017551456387 and parameters: {'lookback': 72, 'entry_threshold': 1.5, 'exit_threshold': 0.0, 'hold_bars': 12, 'sl_atr_mult': 1.5, 'tp_rr_mult': 2.0}. Best is trial 0 with value: 1.283414821838727.
[I 2026-06-02 19:11:51,981] Trial 18 finished with value: 0.5971494249635968 and parameters: {'lookback': 24, 'entry_threshold': 2.0, 'exit_threshold': 0.0, 'hold_bars': 18, 'sl_atr_mult': 1.5, 'tp_rr_mult': 2.5}. Best is trial 0 with value: 1.283414821838727.
[I 2026-06-02 19:11:52,469] Trial 17 finished with value: -0.9741274792480916 and parameters: {'lookback': 24, 'entry_threshold': 1.5, 'exit_threshold': -0.25, 'hold_bars': 12, 'sl_atr_mult': 1.5, 'tp_rr_mult': 2.0}. Best is trial 0 with value: 1.283414821838727.
[I 2026-06-02 19:11:52,537] Trial 19 finished with value: -0.6064684514745177 and parameters: {'lookback': 24, 'entry_threshold': 1.5, 'exit_threshold': 0.0, 'hold_bars': 18, 'sl_atr_mult': 1.5, 'tp_rr_mult': 2.5}. Best is trial 0 with value: 1.283414821838727.
[I 2026-06-02 19:11:53,056] Trial 16 finished with value: -0.004796138869294821 and parameters: {'lookback': 72, 'entry_threshold': 2.5, 'exit_threshold': 0.0, 'hold_bars': 24, 'sl_atr_mult': 1.5, 'tp_rr_mult': 2.5}. Best is trial 0 with value: 1.283414821838727.
[I 2026-06-02 19:11:53,174] Trial 21 finished with value: -1.1123122034961797 and parameters: {'lookback': 48, 'entry_threshold': 3.0, 'exit_threshold': -0.25, 'hold_bars': 6, 'sl_atr_mult': 2.5, 'tp_rr_mult': 2.0}. Best is trial 0 with value: 1.283414821838727.
[I 2026-06-02 19:11:53,273] Trial 20 finished with value: 1.283414821838727 and parameters: {'lookback': 24, 'entry_threshold': 2.0, 'exit_threshold': -0.25, 'hold_bars': 6, 'sl_atr_mult': 1.5, 'tp_rr_mult': 2.5}. Best is trial 0 with value: 1.283414821838727.
[I 2026-06-02 19:11:53,419] Trial 22 finished with value: 0.9827974430371887 and parameters: {'lookback': 96, 'entry_threshold': 3.0, 'exit_threshold': 0.25, 'hold_bars': 18, 'sl_atr_mult': 2.5, 'tp_rr_mult': 1.0}. Best is trial 0 with value: 1.283414821838727.
[I 2026-06-02 19:11:53,632] Trial 23 finished with value: 1.283414821838727 and parameters: {'lookback': 24, 'entry_threshold': 2.0, 'exit_threshold': -0.25, 'hold_bars': 12, 'sl_atr_mult': 1.5, 'tp_rr_mult': 2.5}. Best is trial 0 with value: 1.283414821838727.
[I 2026-06-02 19:11:54,073] Trial 24 finished with value: -0.2876331697792811 and parameters: {'lookback': 24, 'entry_threshold': 2.5, 'exit_threshold': -0.25, 'hold_bars': 6, 'sl_atr_mult': 1.5, 'tp_rr_mult': 2.0}. Best is trial 0 with value: 1.283414821838727.
C:\Users\הלל\Desktop\algo projects\trading-research-factory\walk forward engine\.venv\lib\site-packages\optuna\samplers\_tpe\sampler.py:319: ExperimentalWarning: ``multivariate`` option is an experimental feature. The interface can change in the future.
  warnings.warn(
[I 2026-06-02 19:11:54,968] A new study created in memory with name: no-name-aee1e45e-b8eb-4e1a-96f2-5a7ced479111
[I 2026-06-02 19:12:00,678] Trial 3 finished with value: -1.8949568216275565 and parameters: {'lookback': 48, 'entry_threshold': 3.0, 'exit_threshold': 0.25, 'hold_bars': 6, 'sl_atr_mult': 2.5, 'tp_rr_mult': 1.5}. Best is trial 3 with value: -1.8949568216275565.
[I 2026-06-02 19:12:01,039] Trial 1 finished with value: -1.5504647214231748 and parameters: {'lookback': 24, 'entry_threshold': 3.0, 'exit_threshold': 0.0, 'hold_bars': 6, 'sl_atr_mult': 2.5, 'tp_rr_mult': 2.0}. Best is trial 1 with value: -1.5504647214231748.
[I 2026-06-02 19:12:01,358] Trial 2 finished with value: 0.2622291674428289 and parameters: {'lookback': 96, 'entry_threshold': 2.5, 'exit_threshold': 0.5, 'hold_bars': 24, 'sl_atr_mult': 2.5, 'tp_rr_mult': 1.0}. Best is trial 2 with value: 0.2622291674428289.
[I 2026-06-02 19:12:01,694] Trial 7 finished with value: 0.026922035442123477 and parameters: {'lookback': 96, 'entry_threshold': 3.0, 'exit_threshold': 0.25, 'hold_bars': 24, 'sl_atr_mult': 2.5, 'tp_rr_mult': 1.0}. Best is trial 2 with value: 0.2622291674428289.
[I 2026-06-02 19:12:01,718] Trial 4 finished with value: -2.105818175501083 and parameters: {'lookback': 96, 'entry_threshold': 2.0, 'exit_threshold': -0.25, 'hold_bars': 12, 'sl_atr_mult': 2.5, 'tp_rr_mult': 2.5}. Best is trial 2 with value: 0.2622291674428289.
[I 2026-06-02 19:12:01,841] Trial 6 finished with value: -4.579672057802437 and parameters: {'lookback': 72, 'entry_threshold': 1.5, 'exit_threshold': 0.0, 'hold_bars': 24, 'sl_atr_mult': 2.0, 'tp_rr_mult': 1.0}. Best is trial 2 with value: 0.2622291674428289.
[I 2026-06-02 19:12:02,096] Trial 0 finished with value: 0.026922035442123477 and parameters: {'lookback': 96, 'entry_threshold': 3.0, 'exit_threshold': 0.25, 'hold_bars': 12, 'sl_atr_mult': 2.5, 'tp_rr_mult': 2.0}. Best is trial 2 with value: 0.2622291674428289.
[I 2026-06-02 19:12:02,356] Trial 5 finished with value: 0.11362489828644518 and parameters: {'lookback': 96, 'entry_threshold': 3.0, 'exit_threshold': 0.25, 'hold_bars': 12, 'sl_atr_mult': 2.0, 'tp_rr_mult': 1.0}. Best is trial 2 with value: 0.2622291674428289.
[I 2026-06-02 19:12:07,710] Trial 8 finished with value: -1.5504647214231748 and parameters: {'lookback': 24, 'entry_threshold': 3.0, 'exit_threshold': 0.0, 'hold_bars': 6, 'sl_atr_mult': 2.5, 'tp_rr_mult': 2.5}. Best is trial 2 with value: 0.2622291674428289.
[I 2026-06-02 19:12:08,722] Trial 9 finished with value: -6.387776784416997 and parameters: {'lookback': 24, 'entry_threshold': 1.5, 'exit_threshold': 0.0, 'hold_bars': 24, 'sl_atr_mult': 2.5, 'tp_rr_mult': 1.5}. Best is trial 2 with value: 0.2622291674428289.
[I 2026-06-02 19:12:08,846] Trial 10 finished with value: -1.7895765755054518 and parameters: {'lookback': 96, 'entry_threshold': 2.0, 'exit_threshold': 0.0, 'hold_bars': 12, 'sl_atr_mult': 2.5, 'tp_rr_mult': 1.5}. Best is trial 2 with value: 0.2622291674428289.
[I 2026-06-02 19:12:09,257] Trial 12 finished with value: -2.978591794205457 and parameters: {'lookback': 24, 'entry_threshold': 2.0, 'exit_threshold': 0.0, 'hold_bars': 18, 'sl_atr_mult': 1.5, 'tp_rr_mult': 2.0}. Best is trial 2 with value: 0.2622291674428289.
[I 2026-06-02 19:12:09,483] Trial 13 finished with value: -1.9384003331497353 and parameters: {'lookback': 48, 'entry_threshold': 2.5, 'exit_threshold': 0.0, 'hold_bars': 12, 'sl_atr_mult': 2.5, 'tp_rr_mult': 1.0}. Best is trial 2 with value: 0.2622291674428289.
[I 2026-06-02 19:12:09,754] Trial 11 finished with value: -4.847078292572692 and parameters: {'lookback': 72, 'entry_threshold': 1.5, 'exit_threshold': -0.25, 'hold_bars': 24, 'sl_atr_mult': 1.5, 'tp_rr_mult': 1.0}. Best is trial 2 with value: 0.2622291674428289.
[I 2026-06-02 19:12:09,843] Trial 14 finished with value: -0.0459376616067165 and parameters: {'lookback': 72, 'entry_threshold': 3.0, 'exit_threshold': 0.25, 'hold_bars': 24, 'sl_atr_mult': 2.5, 'tp_rr_mult': 1.5}. Best is trial 2 with value: 0.2622291674428289.
[I 2026-06-02 19:12:10,860] Trial 15 finished with value: 0.11398443373755483 and parameters: {'lookback': 96, 'entry_threshold': 3.0, 'exit_threshold': -0.25, 'hold_bars': 18, 'sl_atr_mult': 1.5, 'tp_rr_mult': 2.0}. Best is trial 2 with value: 0.2622291674428289.
[I 2026-06-02 19:12:16,214] Trial 16 finished with value: -2.1925328948081333 and parameters: {'lookback': 48, 'entry_threshold': 2.0, 'exit_threshold': 0.0, 'hold_bars': 12, 'sl_atr_mult': 1.5, 'tp_rr_mult': 2.5}. Best is trial 2 with value: 0.2622291674428289.
[I 2026-06-02 19:12:18,128] Trial 18 finished with value: 0.4478792129403676 and parameters: {'lookback': 96, 'entry_threshold': 2.5, 'exit_threshold': 0.25, 'hold_bars': 12, 'sl_atr_mult': 1.5, 'tp_rr_mult': 1.0}. Best is trial 18 with value: 0.4478792129403676.
[I 2026-06-02 19:12:18,233] Trial 20 finished with value: 0.2187853268510333 and parameters: {'lookback': 96, 'entry_threshold': 3.0, 'exit_threshold': 0.25, 'hold_bars': 12, 'sl_atr_mult': 1.5, 'tp_rr_mult': 1.5}. Best is trial 18 with value: 0.4478792129403676.
[I 2026-06-02 19:12:18,790] Trial 21 finished with value: 0.6911965030719955 and parameters: {'lookback': 96, 'entry_threshold': 3.0, 'exit_threshold': 0.5, 'hold_bars': 12, 'sl_atr_mult': 2.0, 'tp_rr_mult': 1.0}. Best is trial 21 with value: 0.6911965030719955.
[I 2026-06-02 19:12:18,810] Trial 17 finished with value: -1.29806287275493 and parameters: {'lookback': 72, 'entry_threshold': 2.0, 'exit_threshold': 0.5, 'hold_bars': 18, 'sl_atr_mult': 2.5, 'tp_rr_mult': 1.0}. Best is trial 21 with value: 0.6911965030719955.
[I 2026-06-02 19:12:18,931] Trial 22 finished with value: 0.6911965030719955 and parameters: {'lookback': 96, 'entry_threshold': 3.0, 'exit_threshold': 0.5, 'hold_bars': 12, 'sl_atr_mult': 2.0, 'tp_rr_mult': 1.0}. Best is trial 21 with value: 0.6911965030719955.
[I 2026-06-02 19:12:19,153] Trial 19 finished with value: 0.4414788025317662 and parameters: {'lookback': 96, 'entry_threshold': 2.5, 'exit_threshold': 0.5, 'hold_bars': 12, 'sl_atr_mult': 2.0, 'tp_rr_mult': 1.0}. Best is trial 21 with value: 0.6911965030719955.
[I 2026-06-02 19:12:19,431] Trial 23 finished with value: 0.25575480566593245 and parameters: {'lookback': 72, 'entry_threshold': 3.0, 'exit_threshold': -0.25, 'hold_bars': 18, 'sl_atr_mult': 1.5, 'tp_rr_mult': 2.0}. Best is trial 21 with value: 0.6911965030719955.
[I 2026-06-02 19:12:19,782] Trial 24 finished with value: 0.11398443373755483 and parameters: {'lookback': 96, 'entry_threshold': 3.0, 'exit_threshold': -0.25, 'hold_bars': 18, 'sl_atr_mult': 1.5, 'tp_rr_mult': 2.5}. Best is trial 21 with value: 0.6911965030719955.
C:\Users\הלל\Desktop\algo projects\trading-research-factory\walk forward engine\.venv\lib\site-packages\optuna\samplers\_tpe\sampler.py:319: ExperimentalWarning: ``multivariate`` option is an experimental feature. The interface can change in the future.
  warnings.warn(
[I 2026-06-02 19:12:20,537] A new study created in memory with name: no-name-0cd0387d-7790-4ccf-9ef9-e1f97d75c306
[I 2026-06-02 19:12:26,181] Trial 0 finished with value: -3.5209953025424974 and parameters: {'lookback': 24, 'entry_threshold': 2.0, 'exit_threshold': -0.25, 'hold_bars': 12, 'sl_atr_mult': 1.5, 'tp_rr_mult': 2.5}. Best is trial 0 with value: -3.5209953025424974.
[I 2026-06-02 19:12:26,400] Trial 7 finished with value: -0.12975137587674226 and parameters: {'lookback': 24, 'entry_threshold': 3.0, 'exit_threshold': 0.25, 'hold_bars': 18, 'sl_atr_mult': 2.0, 'tp_rr_mult': 2.5}. Best is trial 7 with value: -0.12975137587674226.
[I 2026-06-02 19:12:26,571] Trial 6 finished with value: 0.1688594143715092 and parameters: {'lookback': 96, 'entry_threshold': 2.0, 'exit_threshold': 0.5, 'hold_bars': 24, 'sl_atr_mult': 1.5, 'tp_rr_mult': 2.0}. Best is trial 6 with value: 0.1688594143715092.
[I 2026-06-02 19:12:26,580] Trial 2 finished with value: -1.4228030420944773 and parameters: {'lookback': 72, 'entry_threshold': 2.0, 'exit_threshold': 0.0, 'hold_bars': 18, 'sl_atr_mult': 2.5, 'tp_rr_mult': 1.0}. Best is trial 6 with value: 0.1688594143715092.
[I 2026-06-02 19:12:27,030] Trial 3 finished with value: 0.3491802069717869 and parameters: {'lookback': 72, 'entry_threshold': 2.5, 'exit_threshold': 0.25, 'hold_bars': 24, 'sl_atr_mult': 1.5, 'tp_rr_mult': 1.5}. Best is trial 3 with value: 0.3491802069717869.
[I 2026-06-02 19:12:27,177] Trial 5 finished with value: -0.1930290289230865 and parameters: {'lookback': 96, 'entry_threshold': 3.0, 'exit_threshold': 0.0, 'hold_bars': 6, 'sl_atr_mult': 2.0, 'tp_rr_mult': 2.5}. Best is trial 3 with value: 0.3491802069717869.
[I 2026-06-02 19:12:27,255] Trial 1 finished with value: 0.7921975316773655 and parameters: {'lookback': 72, 'entry_threshold': 2.5, 'exit_threshold': 0.0, 'hold_bars': 24, 'sl_atr_mult': 2.0, 'tp_rr_mult': 2.5}. Best is trial 1 with value: 0.7921975316773655.
[I 2026-06-02 19:12:27,329] Trial 4 finished with value: 1.8963501006631107 and parameters: {'lookback': 72, 'entry_threshold': 3.0, 'exit_threshold': 0.5, 'hold_bars': 18, 'sl_atr_mult': 1.5, 'tp_rr_mult': 1.0}. Best is trial 4 with value: 1.8963501006631107.
[I 2026-06-02 19:12:31,551] Trial 8 finished with value: -4.180033973160537 and parameters: {'lookback': 48, 'entry_threshold': 1.5, 'exit_threshold': -0.25, 'hold_bars': 18, 'sl_atr_mult': 1.5, 'tp_rr_mult': 1.0}. Best is trial 4 with value: 1.8963501006631107.
[I 2026-06-02 19:12:31,908] Trial 9 finished with value: -4.0661452332893555 and parameters: {'lookback': 24, 'entry_threshold': 2.0, 'exit_threshold': 0.5, 'hold_bars': 6, 'sl_atr_mult': 2.5, 'tp_rr_mult': 2.0}. Best is trial 4 with value: 1.8963501006631107.
[I 2026-06-02 19:12:32,215] Trial 10 finished with value: -6.06089551547945 and parameters: {'lookback': 24, 'entry_threshold': 1.5, 'exit_threshold': 0.5, 'hold_bars': 18, 'sl_atr_mult': 2.5, 'tp_rr_mult': 1.5}. Best is trial 4 with value: 1.8963501006631107.
[I 2026-06-02 19:12:32,686] Trial 12 finished with value: -1.0985612658756398 and parameters: {'lookback': 72, 'entry_threshold': 2.0, 'exit_threshold': -0.25, 'hold_bars': 24, 'sl_atr_mult': 1.5, 'tp_rr_mult': 2.0}. Best is trial 4 with value: 1.8963501006631107.
[I 2026-06-02 19:12:32,860] Trial 11 finished with value: -1.512138201811203 and parameters: {'lookback': 96, 'entry_threshold': 1.5, 'exit_threshold': -0.25, 'hold_bars': 12, 'sl_atr_mult': 2.0, 'tp_rr_mult': 2.5}. Best is trial 4 with value: 1.8963501006631107.
[I 2026-06-02 19:12:33,121] Trial 14 finished with value: 0.11513969771842358 and parameters: {'lookback': 48, 'entry_threshold': 2.5, 'exit_threshold': 0.0, 'hold_bars': 6, 'sl_atr_mult': 1.5, 'tp_rr_mult': 2.5}. Best is trial 4 with value: 1.8963501006631107.
[I 2026-06-02 19:12:33,196] Trial 13 finished with value: -0.35798198743267573 and parameters: {'lookback': 24, 'entry_threshold': 2.5, 'exit_threshold': -0.25, 'hold_bars': 12, 'sl_atr_mult': 2.5, 'tp_rr_mult': 2.5}. Best is trial 4 with value: 1.8963501006631107.
[I 2026-06-02 19:12:33,199] Trial 15 finished with value: -0.45363040621153783 and parameters: {'lookback': 48, 'entry_threshold': 2.5, 'exit_threshold': 0.5, 'hold_bars': 12, 'sl_atr_mult': 2.5, 'tp_rr_mult': 1.0}. Best is trial 4 with value: 1.8963501006631107.
[I 2026-06-02 19:12:38,302] Trial 16 finished with value: -1.0905488010821658 and parameters: {'lookback': 96, 'entry_threshold': 1.5, 'exit_threshold': 0.25, 'hold_bars': 6, 'sl_atr_mult': 2.5, 'tp_rr_mult': 2.5}. Best is trial 4 with value: 1.8963501006631107.
[I 2026-06-02 19:12:38,640] Trial 17 finished with value: 0.543113196871978 and parameters: {'lookback': 48, 'entry_threshold': 3.0, 'exit_threshold': 0.5, 'hold_bars': 18, 'sl_atr_mult': 2.0, 'tp_rr_mult': 1.0}. Best is trial 4 with value: 1.8963501006631107.
