[I 2026-06-02 19:13:28,744] Trial 19 finished with value: -5.410200056710053 and parameters: {'lookback': 96, 'entry_threshold': 1.5, 'exit_threshold': 0.5, 'hold_bars': 18, 'sl_atr_mult': 2.0, 'tp_rr_mult': 1.5}. Best is trial 14 with value: -3.1198674164376756.
[I 2026-06-02 19:13:28,900] Trial 18 finished with value: -4.183048765989031 and parameters: {'lookback': 96, 'entry_threshold': 2.5, 'exit_threshold': 0.25, 'hold_bars': 6, 'sl_atr_mult': 2.5, 'tp_rr_mult': 1.5}. Best is trial 14 with value: -3.1198674164376756.
[I 2026-06-02 19:13:28,900] Trial 23 finished with value: -5.3563279733714975 and parameters: {'lookback': 24, 'entry_threshold': 2.5, 'exit_threshold': 0.5, 'hold_bars': 24, 'sl_atr_mult': 2.5, 'tp_rr_mult': 1.5}. Best is trial 14 with value: -3.1198674164376756.
[I 2026-06-02 19:13:29,328] Trial 24 finished with value: -3.4827538547135477 and parameters: {'lookback': 24, 'entry_threshold': 3.0, 'exit_threshold': 0.25, 'hold_bars': 24, 'sl_atr_mult': 2.5, 'tp_rr_mult': 1.5}. Best is trial 14 with value: -3.1198674164376756.
C:\Users\הלל\Desktop\algo projects\trading-research-factory\walk forward engine\.venv\lib\site-packages\optuna\samplers\_tpe\sampler.py:319: ExperimentalWarning: ``multivariate`` option is an experimental feature. The interface can change in the future.
  warnings.warn(
[I 2026-06-02 19:13:29,744] A new study created in memory with name: no-name-1d45edd8-d536-4208-b1af-6f2cd8fdb193
[I 2026-06-02 19:13:33,569] Trial 7 finished with value: -7.030272348347948 and parameters: {'lookback': 24, 'entry_threshold': 2.0, 'exit_threshold': 0.25, 'hold_bars': 18, 'sl_atr_mult': 1.5, 'tp_rr_mult': 1.5}. Best is trial 7 with value: -7.030272348347948.
[I 2026-06-02 19:13:33,791] Trial 4 finished with value: -6.719872969072517 and parameters: {'lookback': 24, 'entry_threshold': 2.0, 'exit_threshold': -0.25, 'hold_bars': 24, 'sl_atr_mult': 2.0, 'tp_rr_mult': 2.5}. Best is trial 4 with value: -6.719872969072517.
[I 2026-06-02 19:13:33,900] Trial 6 finished with value: -5.703057877386748 and parameters: {'lookback': 48, 'entry_threshold': 3.0, 'exit_threshold': 0.5, 'hold_bars': 12, 'sl_atr_mult': 2.0, 'tp_rr_mult': 2.0}. Best is trial 6 with value: -5.703057877386748.
[I 2026-06-02 19:13:33,900] Trial 2 finished with value: -7.925317554860938 and parameters: {'lookback': 72, 'entry_threshold': 1.5, 'exit_threshold': 0.5, 'hold_bars': 6, 'sl_atr_mult': 1.5, 'tp_rr_mult': 2.0}. Best is trial 6 with value: -5.703057877386748.
[I 2026-06-02 19:13:34,200] Trial 1 finished with value: -6.1488554543542655 and parameters: {'lookback': 96, 'entry_threshold': 2.5, 'exit_threshold': 0.0, 'hold_bars': 18, 'sl_atr_mult': 2.5, 'tp_rr_mult': 2.0}. Best is trial 6 with value: -5.703057877386748.
[I 2026-06-02 19:13:34,243] Trial 0 finished with value: -6.09888112729709 and parameters: {'lookback': 96, 'entry_threshold': 2.5, 'exit_threshold': -0.25, 'hold_bars': 6, 'sl_atr_mult': 2.0, 'tp_rr_mult': 2.0}. Best is trial 6 with value: -5.703057877386748.
[I 2026-06-02 19:13:34,291] Trial 5 finished with value: -8.208032084510656 and parameters: {'lookback': 72, 'entry_threshold': 1.5, 'exit_threshold': 0.25, 'hold_bars': 24, 'sl_atr_mult': 2.5, 'tp_rr_mult': 2.0}. Best is trial 6 with value: -5.703057877386748.
[I 2026-06-02 19:13:34,431] Trial 3 finished with value: -5.862073595479463 and parameters: {'lookback': 72, 'entry_threshold': 2.5, 'exit_threshold': 0.0, 'hold_bars': 18, 'sl_atr_mult': 2.5, 'tp_rr_mult': 2.5}. Best is trial 6 with value: -5.703057877386748.
[I 2026-06-02 19:13:38,024] Trial 10 finished with value: -5.986313885907646 and parameters: {'lookback': 48, 'entry_threshold': 1.5, 'exit_threshold': 0.25, 'hold_bars': 6, 'sl_atr_mult': 2.0, 'tp_rr_mult': 2.5}. Best is trial 6 with value: -5.703057877386748.
[I 2026-06-02 19:13:38,056] Trial 8 finished with value: -6.393205635763662 and parameters: {'lookback': 48, 'entry_threshold': 2.5, 'exit_threshold': -0.25, 'hold_bars': 6, 'sl_atr_mult': 2.0, 'tp_rr_mult': 1.0}. Best is trial 6 with value: -5.703057877386748.
[I 2026-06-02 19:13:38,176] Trial 9 finished with value: -6.9266549761176 and parameters: {'lookback': 48, 'entry_threshold': 2.0, 'exit_threshold': 0.5, 'hold_bars': 6, 'sl_atr_mult': 2.0, 'tp_rr_mult': 1.5}. Best is trial 6 with value: -5.703057877386748.
[I 2026-06-02 19:13:38,417] Trial 15 finished with value: -6.044401980312116 and parameters: {'lookback': 48, 'entry_threshold': 2.5, 'exit_threshold': 0.25, 'hold_bars': 18, 'sl_atr_mult': 2.0, 'tp_rr_mult': 1.0}. Best is trial 6 with value: -5.703057877386748.
[I 2026-06-02 19:13:38,441] Trial 11 finished with value: -5.653171906323074 and parameters: {'lookback': 96, 'entry_threshold': 2.5, 'exit_threshold': 0.25, 'hold_bars': 24, 'sl_atr_mult': 2.5, 'tp_rr_mult': 2.0}. Best is trial 11 with value: -5.653171906323074.
[I 2026-06-02 19:13:38,784] Trial 12 finished with value: -5.975942301823741 and parameters: {'lookback': 72, 'entry_threshold': 2.0, 'exit_threshold': 0.0, 'hold_bars': 12, 'sl_atr_mult': 2.0, 'tp_rr_mult': 1.5}. Best is trial 11 with value: -5.653171906323074.
[I 2026-06-02 19:13:38,853] Trial 14 finished with value: -6.769355518690483 and parameters: {'lookback': 24, 'entry_threshold': 2.0, 'exit_threshold': -0.25, 'hold_bars': 12, 'sl_atr_mult': 2.5, 'tp_rr_mult': 1.5}. Best is trial 11 with value: -5.653171906323074.
[I 2026-06-02 19:13:39,049] Trial 13 finished with value: -6.053018508928875 and parameters: {'lookback': 96, 'entry_threshold': 2.5, 'exit_threshold': -0.25, 'hold_bars': 6, 'sl_atr_mult': 2.5, 'tp_rr_mult': 1.5}. Best is trial 11 with value: -5.653171906323074.
[I 2026-06-02 19:13:42,338] Trial 17 finished with value: -5.699368344605339 and parameters: {'lookback': 48, 'entry_threshold': 3.0, 'exit_threshold': 0.5, 'hold_bars': 12, 'sl_atr_mult': 2.0, 'tp_rr_mult': 1.5}. Best is trial 11 with value: -5.653171906323074.
[I 2026-06-02 19:13:42,471] Trial 16 finished with value: -6.165211773663014 and parameters: {'lookback': 72, 'entry_threshold': 2.0, 'exit_threshold': 0.25, 'hold_bars': 18, 'sl_atr_mult': 1.5, 'tp_rr_mult': 1.0}. Best is trial 11 with value: -5.653171906323074.
[I 2026-06-02 19:13:42,648] Trial 18 finished with value: -5.624359205668497 and parameters: {'lookback': 48, 'entry_threshold': 3.0, 'exit_threshold': 0.25, 'hold_bars': 12, 'sl_atr_mult': 2.5, 'tp_rr_mult': 2.5}. Best is trial 18 with value: -5.624359205668497.
[I 2026-06-02 19:13:42,712] Trial 20 finished with value: -5.162025211794483 and parameters: {'lookback': 96, 'entry_threshold': 2.5, 'exit_threshold': 0.5, 'hold_bars': 24, 'sl_atr_mult': 2.5, 'tp_rr_mult': 1.5}. Best is trial 20 with value: -5.162025211794483.
[I 2026-06-02 19:13:42,838] Trial 21 finished with value: -6.033443971718711 and parameters: {'lookback': 48, 'entry_threshold': 3.0, 'exit_threshold': 0.5, 'hold_bars': 12, 'sl_atr_mult': 1.5, 'tp_rr_mult': 2.0}. Best is trial 20 with value: -5.162025211794483.
[I 2026-06-02 19:13:42,909] Trial 23 finished with value: -5.704344788896935 and parameters: {'lookback': 48, 'entry_threshold': 2.5, 'exit_threshold': 0.5, 'hold_bars': 18, 'sl_atr_mult': 2.0, 'tp_rr_mult': 2.5}. Best is trial 20 with value: -5.162025211794483.
[I 2026-06-02 19:13:42,930] Trial 19 finished with value: -5.4304278455285955 and parameters: {'lookback': 72, 'entry_threshold': 3.0, 'exit_threshold': 0.25, 'hold_bars': 12, 'sl_atr_mult': 2.0, 'tp_rr_mult': 2.5}. Best is trial 20 with value: -5.162025211794483.
[I 2026-06-02 19:13:43,040] Trial 22 finished with value: -5.162025211794483 and parameters: {'lookback': 96, 'entry_threshold': 2.5, 'exit_threshold': 0.5, 'hold_bars': 24, 'sl_atr_mult': 2.5, 'tp_rr_mult': 1.5}. Best is trial 20 with value: -5.162025211794483.
[I 2026-06-02 19:13:43,259] Trial 24 finished with value: -5.06403430547804 and parameters: {'lookback': 96, 'entry_threshold': 2.5, 'exit_threshold': 0.5, 'hold_bars': 24, 'sl_atr_mult': 2.0, 'tp_rr_mult': 1.5}. Best is trial 24 with value: -5.06403430547804.
C:\Users\הלל\Desktop\algo projects\trading-research-factory\walk forward engine\.venv\lib\site-packages\optuna\samplers\_tpe\sampler.py:319: ExperimentalWarning: ``multivariate`` option is an experimental feature. The interface can change in the future.
  warnings.warn(
[I 2026-06-02 19:13:43,679] A new study created in memory with name: no-name-fbab950f-604e-4da7-a7b8-a0a951059ce3
[I 2026-06-02 19:13:47,169] Trial 0 finished with value: -5.97401181394209 and parameters: {'lookback': 48, 'entry_threshold': 1.5, 'exit_threshold': 0.5, 'hold_bars': 6, 'sl_atr_mult': 2.0, 'tp_rr_mult': 1.0}. Best is trial 0 with value: -5.97401181394209.
[I 2026-06-02 19:13:47,454] Trial 1 finished with value: -5.054851024336305 and parameters: {'lookback': 24, 'entry_threshold': 2.0, 'exit_threshold': 0.0, 'hold_bars': 24, 'sl_atr_mult': 1.5, 'tp_rr_mult': 1.5}. Best is trial 1 with value: -5.054851024336305.
[I 2026-06-02 19:13:47,571] Trial 3 finished with value: -5.0272091576371745 and parameters: {'lookback': 48, 'entry_threshold': 1.5, 'exit_threshold': 0.0, 'hold_bars': 24, 'sl_atr_mult': 2.0, 'tp_rr_mult': 2.5}. Best is trial 3 with value: -5.0272091576371745.
[I 2026-06-02 19:13:47,753] Trial 5 finished with value: -4.708267673813685 and parameters: {'lookback': 48, 'entry_threshold': 2.0, 'exit_threshold': 0.25, 'hold_bars': 6, 'sl_atr_mult': 1.5, 'tp_rr_mult': 2.5}. Best is trial 5 with value: -4.708267673813685.
[I 2026-06-02 19:13:47,784] Trial 4 finished with value: -2.4789837993401953 and parameters: {'lookback': 24, 'entry_threshold': 3.0, 'exit_threshold': -0.25, 'hold_bars': 24, 'sl_atr_mult': 2.5, 'tp_rr_mult': 1.0}. Best is trial 4 with value: -2.4789837993401953.
[I 2026-06-02 19:13:47,957] Trial 6 finished with value: -4.62606053226702 and parameters: {'lookback': 48, 'entry_threshold': 1.5, 'exit_threshold': -0.25, 'hold_bars': 24, 'sl_atr_mult': 1.5, 'tp_rr_mult': 2.5}. Best is trial 4 with value: -2.4789837993401953.
[I 2026-06-02 19:13:47,982] Trial 2 finished with value: -3.8894097719436895 and parameters: {'lookback': 96, 'entry_threshold': 3.0, 'exit_threshold': 0.25, 'hold_bars': 6, 'sl_atr_mult': 2.5, 'tp_rr_mult': 2.0}. Best is trial 4 with value: -2.4789837993401953.
[I 2026-06-02 19:13:48,007] Trial 7 finished with value: -6.143182570467112 and parameters: {'lookback': 24, 'entry_threshold': 1.5, 'exit_threshold': 0.0, 'hold_bars': 6, 'sl_atr_mult': 1.5, 'tp_rr_mult': 2.0}. Best is trial 4 with value: -2.4789837993401953.
[I 2026-06-02 19:13:51,353] Trial 8 finished with value: -3.754085018022712 and parameters: {'lookback': 72, 'entry_threshold': 2.5, 'exit_threshold': 0.0, 'hold_bars': 6, 'sl_atr_mult': 2.0, 'tp_rr_mult': 2.0}. Best is trial 4 with value: -2.4789837993401953.
[I 2026-06-02 19:13:52,043] Trial 10 finished with value: -5.424812920310656 and parameters: {'lookback': 96, 'entry_threshold': 2.0, 'exit_threshold': 0.5, 'hold_bars': 18, 'sl_atr_mult': 1.5, 'tp_rr_mult': 2.5}. Best is trial 4 with value: -2.4789837993401953.
[I 2026-06-02 19:13:52,048] Trial 9 finished with value: -4.548932262275051 and parameters: {'lookback': 48, 'entry_threshold': 1.5, 'exit_threshold': -0.25, 'hold_bars': 6, 'sl_atr_mult': 2.0, 'tp_rr_mult': 2.0}. Best is trial 4 with value: -2.4789837993401953.
[I 2026-06-02 19:13:52,185] Trial 11 finished with value: -4.800858428324014 and parameters: {'lookback': 48, 'entry_threshold': 2.5, 'exit_threshold': 0.25, 'hold_bars': 6, 'sl_atr_mult': 2.5, 'tp_rr_mult': 2.5}. Best is trial 4 with value: -2.4789837993401953.
[I 2026-06-02 19:13:52,488] Trial 13 finished with value: -4.5143575459758 and parameters: {'lookback': 48, 'entry_threshold': 2.0, 'exit_threshold': 0.5, 'hold_bars': 18, 'sl_atr_mult': 2.5, 'tp_rr_mult': 1.0}. Best is trial 4 with value: -2.4789837993401953.
[I 2026-06-02 19:13:52,766] Trial 15 finished with value: -5.481067416000884 and parameters: {'lookback': 48, 'entry_threshold': 1.5, 'exit_threshold': 0.25, 'hold_bars': 6, 'sl_atr_mult': 2.0, 'tp_rr_mult': 2.5}. Best is trial 4 with value: -2.4789837993401953.
[I 2026-06-02 19:13:52,813] Trial 12 finished with value: -4.530061853751569 and parameters: {'lookback': 48, 'entry_threshold': 2.5, 'exit_threshold': 0.5, 'hold_bars': 6, 'sl_atr_mult': 2.5, 'tp_rr_mult': 2.0}. Best is trial 4 with value: -2.4789837993401953.
[I 2026-06-02 19:13:53,113] Trial 14 finished with value: -4.118121843700599 and parameters: {'lookback': 48, 'entry_threshold': 2.5, 'exit_threshold': 0.0, 'hold_bars': 12, 'sl_atr_mult': 2.5, 'tp_rr_mult': 2.0}. Best is trial 4 with value: -2.4789837993401953.
[I 2026-06-02 19:13:57,143] Trial 16 finished with value: -3.8909006933755146 and parameters: {'lookback': 72, 'entry_threshold': 2.5, 'exit_threshold': -0.25, 'hold_bars': 24, 'sl_atr_mult': 2.0, 'tp_rr_mult': 1.0}. Best is trial 4 with value: -2.4789837993401953.
[I 2026-06-02 19:13:57,872] Trial 21 finished with value: -4.467597956533491 and parameters: {'lookback': 48, 'entry_threshold': 2.5, 'exit_threshold': -0.25, 'hold_bars': 24, 'sl_atr_mult': 2.5, 'tp_rr_mult': 1.0}. Best is trial 4 with value: -2.4789837993401953.
[I 2026-06-02 19:13:57,934] Trial 18 finished with value: -2.4789837993401953 and parameters: {'lookback': 24, 'entry_threshold': 3.0, 'exit_threshold': -0.25, 'hold_bars': 24, 'sl_atr_mult': 2.5, 'tp_rr_mult': 1.0}. Best is trial 4 with value: -2.4789837993401953.
[I 2026-06-02 19:13:57,983] Trial 20 finished with value: -2.4789837993401953 and parameters: {'lookback': 24, 'entry_threshold': 3.0, 'exit_threshold': -0.25, 'hold_bars': 24, 'sl_atr_mult': 2.5, 'tp_rr_mult': 1.0}. Best is trial 4 with value: -2.4789837993401953.
[I 2026-06-02 19:13:57,989] Trial 19 finished with value: -4.1902253302828045 and parameters: {'lookback': 48, 'entry_threshold': 3.0, 'exit_threshold': -0.25, 'hold_bars': 24, 'sl_atr_mult': 2.5, 'tp_rr_mult': 1.0}. Best is trial 4 with value: -2.4789837993401953.
[I 2026-06-02 19:13:58,007] Trial 17 finished with value: -2.064154292394631 and parameters: {'lookback': 24, 'entry_threshold': 3.0, 'exit_threshold': 0.0, 'hold_bars': 24, 'sl_atr_mult': 2.5, 'tp_rr_mult': 1.0}. Best is trial 17 with value: -2.064154292394631.
[I 2026-06-02 19:13:58,159] Trial 22 finished with value: -2.4295986204060465 and parameters: {'lookback': 24, 'entry_threshold': 2.5, 'exit_threshold': -0.25, 'hold_bars': 24, 'sl_atr_mult': 2.5, 'tp_rr_mult': 1.0}. Best is trial 17 with value: -2.064154292394631.
[I 2026-06-02 19:13:58,197] Trial 23 finished with value: -2.064154292394631 and parameters: {'lookback': 24, 'entry_threshold': 3.0, 'exit_threshold': 0.0, 'hold_bars': 24, 'sl_atr_mult': 2.5, 'tp_rr_mult': 1.0}. Best is trial 17 with value: -2.064154292394631.
[I 2026-06-02 19:13:58,428] Trial 24 finished with value: -2.4789837993401953 and parameters: {'lookback': 24, 'entry_threshold': 3.0, 'exit_threshold': -0.25, 'hold_bars': 24, 'sl_atr_mult': 2.5, 'tp_rr_mult': 1.5}. Best is trial 17 with value: -2.064154292394631.
C:\Users\הלל\Desktop\algo projects\trading-research-factory\walk forward engine\.venv\lib\site-packages\optuna\samplers\_tpe\sampler.py:319: ExperimentalWarning: ``multivariate`` option is an experimental feature. The interface can change in the future.
  warnings.warn(
[I 2026-06-02 19:13:58,874] A new study created in memory with name: no-name-910aca01-656f-45e6-abdb-25e20db2cd73
[I 2026-06-02 19:14:03,130] Trial 1 finished with value: -3.826520229790638 and parameters: {'lookback': 24, 'entry_threshold': 2.0, 'exit_threshold': 0.0, 'hold_bars': 6, 'sl_atr_mult': 1.5, 'tp_rr_mult': 1.0}. Best is trial 1 with value: -3.826520229790638.
[I 2026-06-02 19:14:03,138] Trial 2 finished with value: -4.489390397096963 and parameters: {'lookback': 24, 'entry_threshold': 3.0, 'exit_threshold': 0.5, 'hold_bars': 12, 'sl_atr_mult': 2.0, 'tp_rr_mult': 1.0}. Best is trial 1 with value: -3.826520229790638.
[I 2026-06-02 19:14:03,275] Trial 6 finished with value: -1.7656175767403124 and parameters: {'lookback': 24, 'entry_threshold': 2.5, 'exit_threshold': 0.5, 'hold_bars': 24, 'sl_atr_mult': 1.5, 'tp_rr_mult': 1.5}. Best is trial 6 with value: -1.7656175767403124.
[I 2026-06-02 19:14:03,452] Trial 4 finished with value: -4.470680398551555 and parameters: {'lookback': 24, 'entry_threshold': 1.5, 'exit_threshold': 0.5, 'hold_bars': 24, 'sl_atr_mult': 2.5, 'tp_rr_mult': 2.0}. Best is trial 6 with value: -1.7656175767403124.
[I 2026-06-02 19:14:03,553] Trial 5 finished with value: -1.4241927713928555 and parameters: {'lookback': 72, 'entry_threshold': 2.5, 'exit_threshold': 0.0, 'hold_bars': 18, 'sl_atr_mult': 2.0, 'tp_rr_mult': 2.0}. Best is trial 5 with value: -1.4241927713928555.
[I 2026-06-02 19:14:03,691] Trial 7 finished with value: -2.823149198031822 and parameters: {'lookback': 96, 'entry_threshold': 2.0, 'exit_threshold': -0.25, 'hold_bars': 24, 'sl_atr_mult': 1.5, 'tp_rr_mult': 1.5}. Best is trial 5 with value: -1.4241927713928555.
[I 2026-06-02 19:14:03,800] Trial 3 finished with value: -6.365423334354768 and parameters: {'lookback': 72, 'entry_threshold': 1.5, 'exit_threshold': 0.0, 'hold_bars': 12, 'sl_atr_mult': 1.5, 'tp_rr_mult': 1.5}. Best is trial 5 with value: -1.4241927713928555.
[I 2026-06-02 19:14:03,822] Trial 0 finished with value: -3.7527357157187984 and parameters: {'lookback': 96, 'entry_threshold': 2.0, 'exit_threshold': 0.5, 'hold_bars': 18, 'sl_atr_mult': 2.5, 'tp_rr_mult': 2.0}. Best is trial 5 with value: -1.4241927713928555.
[I 2026-06-02 19:14:07,209] Trial 10 finished with value: -5.2895272454338444 and parameters: {'lookback': 24, 'entry_threshold': 1.5, 'exit_threshold': 0.25, 'hold_bars': 18, 'sl_atr_mult': 2.0, 'tp_rr_mult': 2.0}. Best is trial 5 with value: -1.4241927713928555.
[I 2026-06-02 19:14:07,327] Trial 9 finished with value: -3.550458291860369 and parameters: {'lookback': 24, 'entry_threshold': 2.0, 'exit_threshold': 0.5, 'hold_bars': 18, 'sl_atr_mult': 2.5, 'tp_rr_mult': 1.0}. Best is trial 5 with value: -1.4241927713928555.
[I 2026-06-02 19:14:07,440] Trial 8 finished with value: -5.5500406880858195 and parameters: {'lookback': 24, 'entry_threshold': 1.5, 'exit_threshold': 0.25, 'hold_bars': 6, 'sl_atr_mult': 2.5, 'tp_rr_mult': 2.5}. Best is trial 5 with value: -1.4241927713928555.
[I 2026-06-02 19:14:07,665] Trial 12 finished with value: -4.8434639216805575 and parameters: {'lookback': 96, 'entry_threshold': 1.5, 'exit_threshold': 0.0, 'hold_bars': 18, 'sl_atr_mult': 1.5, 'tp_rr_mult': 1.5}. Best is trial 5 with value: -1.4241927713928555.
[I 2026-06-02 19:14:07,841] Trial 14 finished with value: -5.686007089909663 and parameters: {'lookback': 72, 'entry_threshold': 1.5, 'exit_threshold': -0.25, 'hold_bars': 6, 'sl_atr_mult': 1.5, 'tp_rr_mult': 2.0}. Best is trial 5 with value: -1.4241927713928555.
[I 2026-06-02 19:14:07,857] Trial 15 finished with value: -0.9255335028893338 and parameters: {'lookback': 72, 'entry_threshold': 3.0, 'exit_threshold': -0.25, 'hold_bars': 18, 'sl_atr_mult': 2.5, 'tp_rr_mult': 1.0}. Best is trial 15 with value: -0.9255335028893338.
[I 2026-06-02 19:14:08,177] Trial 13 finished with value: -1.0905327087032066 and parameters: {'lookback': 72, 'entry_threshold': 3.0, 'exit_threshold': -0.25, 'hold_bars': 12, 'sl_atr_mult': 1.5, 'tp_rr_mult': 2.0}. Best is trial 15 with value: -0.9255335028893338.
[I 2026-06-02 19:14:08,323] Trial 11 finished with value: -1.6734254711703151 and parameters: {'lookback': 72, 'entry_threshold': 2.0, 'exit_threshold': -0.25, 'hold_bars': 6, 'sl_atr_mult': 2.5, 'tp_rr_mult': 2.0}. Best is trial 15 with value: -0.9255335028893338.
[I 2026-06-02 19:14:11,978] Trial 16 finished with value: -2.9091659816173276 and parameters: {'lookback': 24, 'entry_threshold': 3.0, 'exit_threshold': 0.0, 'hold_bars': 12, 'sl_atr_mult': 2.5, 'tp_rr_mult': 1.5}. Best is trial 15 with value: -0.9255335028893338.
[I 2026-06-02 19:14:12,546] Trial 17 finished with value: -1.4241927713928555 and parameters: {'lookback': 72, 'entry_threshold': 2.5, 'exit_threshold': 0.0, 'hold_bars': 18, 'sl_atr_mult': 2.0, 'tp_rr_mult': 2.5}. Best is trial 15 with value: -0.9255335028893338.
[I 2026-06-02 19:14:12,972] Trial 18 finished with value: -0.8297442208760428 and parameters: {'lookback': 72, 'entry_threshold': 3.0, 'exit_threshold': -0.25, 'hold_bars': 18, 'sl_atr_mult': 2.0, 'tp_rr_mult': 2.0}. Best is trial 18 with value: -0.8297442208760428.
[I 2026-06-02 19:14:13,136] Trial 20 finished with value: -0.9255335028893338 and parameters: {'lookback': 72, 'entry_threshold': 3.0, 'exit_threshold': -0.25, 'hold_bars': 12, 'sl_atr_mult': 2.5, 'tp_rr_mult': 1.0}. Best is trial 18 with value: -0.8297442208760428.
[I 2026-06-02 19:14:13,183] Trial 22 finished with value: -0.8297442208760428 and parameters: {'lookback': 72, 'entry_threshold': 3.0, 'exit_threshold': -0.25, 'hold_bars': 12, 'sl_atr_mult': 2.0, 'tp_rr_mult': 1.0}. Best is trial 18 with value: -0.8297442208760428.
[I 2026-06-02 19:14:13,450] Trial 19 finished with value: -1.7656175767403124 and parameters: {'lookback': 24, 'entry_threshold': 2.5, 'exit_threshold': 0.5, 'hold_bars': 24, 'sl_atr_mult': 1.5, 'tp_rr_mult': 2.0}. Best is trial 18 with value: -0.8297442208760428.
[I 2026-06-02 19:14:13,462] Trial 21 finished with value: -1.1378577370242835 and parameters: {'lookback': 96, 'entry_threshold': 3.0, 'exit_threshold': -0.25, 'hold_bars': 18, 'sl_atr_mult': 2.5, 'tp_rr_mult': 1.0}. Best is trial 18 with value: -0.8297442208760428.
[I 2026-06-02 19:14:13,634] Trial 23 finished with value: -0.9255335028893338 and parameters: {'lookback': 72, 'entry_threshold': 3.0, 'exit_threshold': -0.25, 'hold_bars': 12, 'sl_atr_mult': 2.5, 'tp_rr_mult': 1.0}. Best is trial 18 with value: -0.8297442208760428.
