[I 2026-06-02 19:07:33,835] Trial 6 finished with value: -2.9313447913470707 and parameters: {'lookback': 24, 'entry_threshold': 2.5, 'exit_threshold': -0.25, 'hold_bars': 18, 'sl_atr_mult': 2.5, 'tp_rr_mult': 1.0}. Best is trial 0 with value: -2.029984374456245.
[I 2026-06-02 19:07:33,920] Trial 5 finished with value: -2.4246734151480336 and parameters: {'lookback': 72, 'entry_threshold': 3.0, 'exit_threshold': 0.0, 'hold_bars': 6, 'sl_atr_mult': 1.5, 'tp_rr_mult': 1.5}. Best is trial 0 with value: -2.029984374456245.
[I 2026-06-02 19:07:34,095] Trial 4 finished with value: -2.432693540320762 and parameters: {'lookback': 72, 'entry_threshold': 3.0, 'exit_threshold': 0.25, 'hold_bars': 6, 'sl_atr_mult': 2.5, 'tp_rr_mult': 1.0}. Best is trial 0 with value: -2.029984374456245.
[I 2026-06-02 19:07:34,102] Trial 7 finished with value: -0.01159385030579527 and parameters: {'lookback': 72, 'entry_threshold': 2.0, 'exit_threshold': 0.0, 'hold_bars': 6, 'sl_atr_mult': 2.5, 'tp_rr_mult': 2.5}. Best is trial 7 with value: -0.01159385030579527.
[I 2026-06-02 19:07:34,102] Trial 1 finished with value: -2.3838567482763615 and parameters: {'lookback': 96, 'entry_threshold': 2.5, 'exit_threshold': -0.25, 'hold_bars': 18, 'sl_atr_mult': 2.0, 'tp_rr_mult': 1.5}. Best is trial 7 with value: -0.01159385030579527.
[I 2026-06-02 19:07:34,198] Trial 3 finished with value: -1.5439476241039087 and parameters: {'lookback': 48, 'entry_threshold': 2.0, 'exit_threshold': 0.25, 'hold_bars': 12, 'sl_atr_mult': 2.0, 'tp_rr_mult': 2.5}. Best is trial 7 with value: -0.01159385030579527.
[I 2026-06-02 19:07:34,211] Trial 2 finished with value: -0.9554701818869568 and parameters: {'lookback': 72, 'entry_threshold': 2.5, 'exit_threshold': -0.25, 'hold_bars': 18, 'sl_atr_mult': 2.5, 'tp_rr_mult': 2.0}. Best is trial 7 with value: -0.01159385030579527.
[I 2026-06-02 19:07:37,978] Trial 8 finished with value: -3.2657421413953727 and parameters: {'lookback': 24, 'entry_threshold': 2.0, 'exit_threshold': 0.25, 'hold_bars': 18, 'sl_atr_mult': 1.5, 'tp_rr_mult': 2.0}. Best is trial 7 with value: -0.01159385030579527.
[I 2026-06-02 19:07:37,992] Trial 10 finished with value: -0.9665359709772442 and parameters: {'lookback': 72, 'entry_threshold': 2.5, 'exit_threshold': -0.25, 'hold_bars': 24, 'sl_atr_mult': 2.0, 'tp_rr_mult': 2.5}. Best is trial 7 with value: -0.01159385030579527.
[I 2026-06-02 19:07:38,415] Trial 12 finished with value: -3.484818182669914 and parameters: {'lookback': 24, 'entry_threshold': 3.0, 'exit_threshold': 0.25, 'hold_bars': 18, 'sl_atr_mult': 2.5, 'tp_rr_mult': 1.5}. Best is trial 7 with value: -0.01159385030579527.
[I 2026-06-02 19:07:38,528] Trial 15 finished with value: -3.9227515865612363 and parameters: {'lookback': 24, 'entry_threshold': 1.5, 'exit_threshold': 0.5, 'hold_bars': 18, 'sl_atr_mult': 1.5, 'tp_rr_mult': 1.5}. Best is trial 7 with value: -0.01159385030579527.
[I 2026-06-02 19:07:38,686] Trial 14 finished with value: -2.5249568422719944 and parameters: {'lookback': 48, 'entry_threshold': 2.0, 'exit_threshold': 0.0, 'hold_bars': 24, 'sl_atr_mult': 1.5, 'tp_rr_mult': 1.5}. Best is trial 7 with value: -0.01159385030579527.
[I 2026-06-02 19:07:38,811] Trial 13 finished with value: -1.3921041749114804 and parameters: {'lookback': 72, 'entry_threshold': 2.0, 'exit_threshold': 0.25, 'hold_bars': 24, 'sl_atr_mult': 1.5, 'tp_rr_mult': 1.0}. Best is trial 7 with value: -0.01159385030579527.
[I 2026-06-02 19:07:38,837] Trial 9 finished with value: -2.6608000630704005 and parameters: {'lookback': 96, 'entry_threshold': 2.0, 'exit_threshold': 0.0, 'hold_bars': 6, 'sl_atr_mult': 1.5, 'tp_rr_mult': 1.0}. Best is trial 7 with value: -0.01159385030579527.
[I 2026-06-02 19:07:38,939] Trial 11 finished with value: -1.7689086336072721 and parameters: {'lookback': 96, 'entry_threshold': 2.0, 'exit_threshold': 0.0, 'hold_bars': 12, 'sl_atr_mult': 1.5, 'tp_rr_mult': 2.5}. Best is trial 7 with value: -0.01159385030579527.
[I 2026-06-02 19:07:43,913] Trial 16 finished with value: -2.9321282289485873 and parameters: {'lookback': 96, 'entry_threshold': 1.5, 'exit_threshold': -0.25, 'hold_bars': 6, 'sl_atr_mult': 2.5, 'tp_rr_mult': 2.0}. Best is trial 7 with value: -0.01159385030579527.
[I 2026-06-02 19:07:44,688] Trial 18 finished with value: -2.36112081107645 and parameters: {'lookback': 96, 'entry_threshold': 2.5, 'exit_threshold': 0.0, 'hold_bars': 6, 'sl_atr_mult': 2.5, 'tp_rr_mult': 2.5}. Best is trial 7 with value: -0.01159385030579527.
[I 2026-06-02 19:07:44,698] Trial 20 finished with value: -0.44748724464717926 and parameters: {'lookback': 72, 'entry_threshold': 2.0, 'exit_threshold': -0.25, 'hold_bars': 6, 'sl_atr_mult': 2.5, 'tp_rr_mult': 2.5}. Best is trial 7 with value: -0.01159385030579527.
[I 2026-06-02 19:07:44,702] Trial 17 finished with value: -1.5695109136951013 and parameters: {'lookback': 96, 'entry_threshold': 2.0, 'exit_threshold': 0.0, 'hold_bars': 6, 'sl_atr_mult': 2.0, 'tp_rr_mult': 2.5}. Best is trial 7 with value: -0.01159385030579527.
[I 2026-06-02 19:07:44,718] Trial 19 finished with value: -0.01159385030579527 and parameters: {'lookback': 72, 'entry_threshold': 2.0, 'exit_threshold': 0.0, 'hold_bars': 6, 'sl_atr_mult': 2.5, 'tp_rr_mult': 2.5}. Best is trial 7 with value: -0.01159385030579527.
[I 2026-06-02 19:07:44,994] Trial 22 finished with value: -0.8297168887554183 and parameters: {'lookback': 72, 'entry_threshold': 2.5, 'exit_threshold': -0.25, 'hold_bars': 6, 'sl_atr_mult': 2.5, 'tp_rr_mult': 2.5}. Best is trial 7 with value: -0.01159385030579527.
[I 2026-06-02 19:07:45,028] Trial 23 finished with value: -2.767538784257371 and parameters: {'lookback': 72, 'entry_threshold': 1.5, 'exit_threshold': 0.0, 'hold_bars': 6, 'sl_atr_mult': 2.5, 'tp_rr_mult': 2.5}. Best is trial 7 with value: -0.01159385030579527.
[I 2026-06-02 19:07:45,109] Trial 21 finished with value: -2.9448679237372977 and parameters: {'lookback': 72, 'entry_threshold': 1.5, 'exit_threshold': 0.0, 'hold_bars': 6, 'sl_atr_mult': 2.5, 'tp_rr_mult': 2.0}. Best is trial 7 with value: -0.01159385030579527.
[I 2026-06-02 19:07:45,552] Trial 24 finished with value: -1.0553712169406382 and parameters: {'lookback': 72, 'entry_threshold': 2.5, 'exit_threshold': 0.0, 'hold_bars': 6, 'sl_atr_mult': 2.5, 'tp_rr_mult': 2.5}. Best is trial 7 with value: -0.01159385030579527.
C:\Users\הלל\Desktop\algo projects\trading-research-factory\walk forward engine\.venv\lib\site-packages\optuna\samplers\_tpe\sampler.py:319: ExperimentalWarning: ``multivariate`` option is an experimental feature. The interface can change in the future.
  warnings.warn(
[I 2026-06-02 19:07:46,329] A new study created in memory with name: no-name-32cf9ff6-4803-4803-b350-9b47836589ea
[I 2026-06-02 19:07:52,008] Trial 5 finished with value: -7.392866521107395 and parameters: {'lookback': 24, 'entry_threshold': 1.5, 'exit_threshold': 0.25, 'hold_bars': 6, 'sl_atr_mult': 2.5, 'tp_rr_mult': 1.5}. Best is trial 5 with value: -7.392866521107395.
[I 2026-06-02 19:07:52,309] Trial 4 finished with value: -2.6310444451640644 and parameters: {'lookback': 48, 'entry_threshold': 2.5, 'exit_threshold': 0.25, 'hold_bars': 12, 'sl_atr_mult': 2.5, 'tp_rr_mult': 1.5}. Best is trial 4 with value: -2.6310444451640644.
[I 2026-06-02 19:07:52,607] Trial 1 finished with value: -1.7786566960676247 and parameters: {'lookback': 72, 'entry_threshold': 3.0, 'exit_threshold': 0.25, 'hold_bars': 24, 'sl_atr_mult': 2.0, 'tp_rr_mult': 2.5}. Best is trial 1 with value: -1.7786566960676247.
[I 2026-06-02 19:07:52,727] Trial 7 finished with value: -4.998648148867282 and parameters: {'lookback': 96, 'entry_threshold': 2.0, 'exit_threshold': 0.0, 'hold_bars': 24, 'sl_atr_mult': 1.5, 'tp_rr_mult': 1.0}. Best is trial 1 with value: -1.7786566960676247.
[I 2026-06-02 19:07:52,743] Trial 6 finished with value: -1.9788775641427174 and parameters: {'lookback': 24, 'entry_threshold': 2.5, 'exit_threshold': -0.25, 'hold_bars': 24, 'sl_atr_mult': 1.5, 'tp_rr_mult': 1.0}. Best is trial 1 with value: -1.7786566960676247.
[I 2026-06-02 19:07:52,797] Trial 2 finished with value: -5.020882277528601 and parameters: {'lookback': 72, 'entry_threshold': 1.5, 'exit_threshold': 0.5, 'hold_bars': 24, 'sl_atr_mult': 2.0, 'tp_rr_mult': 2.0}. Best is trial 1 with value: -1.7786566960676247.
[I 2026-06-02 19:07:53,131] Trial 3 finished with value: -5.837585415983742 and parameters: {'lookback': 96, 'entry_threshold': 1.5, 'exit_threshold': 0.25, 'hold_bars': 6, 'sl_atr_mult': 2.5, 'tp_rr_mult': 1.5}. Best is trial 1 with value: -1.7786566960676247.
[I 2026-06-02 19:07:53,296] Trial 0 finished with value: -3.4544338952184934 and parameters: {'lookback': 96, 'entry_threshold': 2.5, 'exit_threshold': -0.25, 'hold_bars': 24, 'sl_atr_mult': 2.0, 'tp_rr_mult': 2.5}. Best is trial 1 with value: -1.7786566960676247.
[I 2026-06-02 19:07:59,544] Trial 8 finished with value: -1.5616476655430833 and parameters: {'lookback': 72, 'entry_threshold': 3.0, 'exit_threshold': 0.0, 'hold_bars': 12, 'sl_atr_mult': 2.5, 'tp_rr_mult': 2.5}. Best is trial 8 with value: -1.5616476655430833.
[I 2026-06-02 19:07:59,767] Trial 10 finished with value: -2.588673170668596 and parameters: {'lookback': 48, 'entry_threshold': 3.0, 'exit_threshold': -0.25, 'hold_bars': 18, 'sl_atr_mult': 1.5, 'tp_rr_mult': 2.0}. Best is trial 8 with value: -1.5616476655430833.
[I 2026-06-02 19:08:00,216] Trial 12 finished with value: -5.401376928379659 and parameters: {'lookback': 48, 'entry_threshold': 1.5, 'exit_threshold': -0.25, 'hold_bars': 6, 'sl_atr_mult': 2.5, 'tp_rr_mult': 2.5}. Best is trial 8 with value: -1.5616476655430833.
[I 2026-06-02 19:08:00,682] Trial 9 finished with value: -5.138247480181069 and parameters: {'lookback': 48, 'entry_threshold': 2.0, 'exit_threshold': 0.5, 'hold_bars': 18, 'sl_atr_mult': 2.0, 'tp_rr_mult': 1.0}. Best is trial 8 with value: -1.5616476655430833.
[I 2026-06-02 19:08:00,805] Trial 11 finished with value: -1.4107050206672864 and parameters: {'lookback': 72, 'entry_threshold': 2.5, 'exit_threshold': 0.0, 'hold_bars': 12, 'sl_atr_mult': 2.5, 'tp_rr_mult': 2.0}. Best is trial 11 with value: -1.4107050206672864.
[I 2026-06-02 19:08:00,907] Trial 15 finished with value: -1.8057026689809328 and parameters: {'lookback': 24, 'entry_threshold': 2.5, 'exit_threshold': 0.0, 'hold_bars': 6, 'sl_atr_mult': 2.5, 'tp_rr_mult': 2.5}. Best is trial 11 with value: -1.4107050206672864.
[I 2026-06-02 19:08:01,419] Trial 13 finished with value: -3.9794723422795344 and parameters: {'lookback': 96, 'entry_threshold': 2.5, 'exit_threshold': 0.25, 'hold_bars': 24, 'sl_atr_mult': 2.5, 'tp_rr_mult': 2.5}. Best is trial 11 with value: -1.4107050206672864.
[I 2026-06-02 19:08:01,991] Trial 14 finished with value: -5.04865929499294 and parameters: {'lookback': 96, 'entry_threshold': 2.0, 'exit_threshold': 0.5, 'hold_bars': 12, 'sl_atr_mult': 2.0, 'tp_rr_mult': 1.0}. Best is trial 11 with value: -1.4107050206672864.
[I 2026-06-02 19:08:06,087] Trial 17 finished with value: -3.2627846194606556 and parameters: {'lookback': 96, 'entry_threshold': 3.0, 'exit_threshold': 0.0, 'hold_bars': 12, 'sl_atr_mult': 2.5, 'tp_rr_mult': 2.5}. Best is trial 11 with value: -1.4107050206672864.
[I 2026-06-02 19:08:06,299] Trial 16 finished with value: -2.7886811915016194 and parameters: {'lookback': 96, 'entry_threshold': 3.0, 'exit_threshold': -0.25, 'hold_bars': 12, 'sl_atr_mult': 2.0, 'tp_rr_mult': 1.0}. Best is trial 11 with value: -1.4107050206672864.
[I 2026-06-02 19:08:06,902] Trial 20 finished with value: -3.9794723422795344 and parameters: {'lookback': 96, 'entry_threshold': 2.5, 'exit_threshold': 0.25, 'hold_bars': 12, 'sl_atr_mult': 2.5, 'tp_rr_mult': 2.5}. Best is trial 11 with value: -1.4107050206672864.
[I 2026-06-02 19:08:06,902] Trial 19 finished with value: -1.7786566960676247 and parameters: {'lookback': 72, 'entry_threshold': 3.0, 'exit_threshold': 0.25, 'hold_bars': 18, 'sl_atr_mult': 2.0, 'tp_rr_mult': 2.5}. Best is trial 11 with value: -1.4107050206672864.
[I 2026-06-02 19:08:06,983] Trial 18 finished with value: -3.2627846194606556 and parameters: {'lookback': 96, 'entry_threshold': 3.0, 'exit_threshold': 0.0, 'hold_bars': 12, 'sl_atr_mult': 2.5, 'tp_rr_mult': 2.5}. Best is trial 11 with value: -1.4107050206672864.
[I 2026-06-02 19:08:07,170] Trial 22 finished with value: -3.2627846194606556 and parameters: {'lookback': 96, 'entry_threshold': 3.0, 'exit_threshold': 0.0, 'hold_bars': 12, 'sl_atr_mult': 2.5, 'tp_rr_mult': 2.5}. Best is trial 11 with value: -1.4107050206672864.
[I 2026-06-02 19:08:07,247] Trial 21 finished with value: -3.2627846194606556 and parameters: {'lookback': 96, 'entry_threshold': 3.0, 'exit_threshold': 0.0, 'hold_bars': 6, 'sl_atr_mult': 2.5, 'tp_rr_mult': 2.5}. Best is trial 11 with value: -1.4107050206672864.
[I 2026-06-02 19:08:07,416] Trial 23 finished with value: -1.5616476655430833 and parameters: {'lookback': 72, 'entry_threshold': 3.0, 'exit_threshold': 0.0, 'hold_bars': 6, 'sl_atr_mult': 2.5, 'tp_rr_mult': 2.0}. Best is trial 11 with value: -1.4107050206672864.
[I 2026-06-02 19:08:07,777] Trial 24 finished with value: -2.247519431724803 and parameters: {'lookback': 48, 'entry_threshold': 2.5, 'exit_threshold': 0.0, 'hold_bars': 18, 'sl_atr_mult': 2.5, 'tp_rr_mult': 2.5}. Best is trial 11 with value: -1.4107050206672864.
C:\Users\הלל\Desktop\algo projects\trading-research-factory\walk forward engine\.venv\lib\site-packages\optuna\samplers\_tpe\sampler.py:319: ExperimentalWarning: ``multivariate`` option is an experimental feature. The interface can change in the future.
  warnings.warn(
[I 2026-06-02 19:08:08,430] A new study created in memory with name: no-name-f4e78119-48a7-4fa3-94f8-72957155530d
[I 2026-06-02 19:08:16,215] Trial 2 finished with value: 1.179484983783457 and parameters: {'lookback': 24, 'entry_threshold': 2.0, 'exit_threshold': -0.25, 'hold_bars': 6, 'sl_atr_mult': 1.5, 'tp_rr_mult': 2.0}. Best is trial 2 with value: 1.179484983783457.
[I 2026-06-02 19:08:16,552] Trial 6 finished with value: 1.5731041218249775 and parameters: {'lookback': 48, 'entry_threshold': 2.5, 'exit_threshold': -0.25, 'hold_bars': 6, 'sl_atr_mult': 2.5, 'tp_rr_mult': 2.0}. Best is trial 6 with value: 1.5731041218249775.
[I 2026-06-02 19:08:17,236] Trial 3 finished with value: 0.570423767362712 and parameters: {'lookback': 96, 'entry_threshold': 2.0, 'exit_threshold': -0.25, 'hold_bars': 24, 'sl_atr_mult': 2.0, 'tp_rr_mult': 1.5}. Best is trial 6 with value: 1.5731041218249775.
[I 2026-06-02 19:08:17,426] Trial 7 finished with value: -0.08510837808665353 and parameters: {'lookback': 24, 'entry_threshold': 2.5, 'exit_threshold': 0.25, 'hold_bars': 24, 'sl_atr_mult': 1.5, 'tp_rr_mult': 2.0}. Best is trial 6 with value: 1.5731041218249775.
[I 2026-06-02 19:08:17,638] Trial 5 finished with value: -0.20300205183932324 and parameters: {'lookback': 96, 'entry_threshold': 2.0, 'exit_threshold': 0.5, 'hold_bars': 24, 'sl_atr_mult': 1.5, 'tp_rr_mult': 2.5}. Best is trial 6 with value: 1.5731041218249775.
[I 2026-06-02 19:08:17,810] Trial 4 finished with value: -0.8407556549554559 and parameters: {'lookback': 48, 'entry_threshold': 2.5, 'exit_threshold': 0.5, 'hold_bars': 6, 'sl_atr_mult': 2.0, 'tp_rr_mult': 1.0}. Best is trial 6 with value: 1.5731041218249775.
[I 2026-06-02 19:08:17,948] Trial 1 finished with value: 0.5638063016110922 and parameters: {'lookback': 72, 'entry_threshold': 2.0, 'exit_threshold': 0.5, 'hold_bars': 12, 'sl_atr_mult': 2.5, 'tp_rr_mult': 1.5}. Best is trial 6 with value: 1.5731041218249775.
[I 2026-06-02 19:08:18,504] Trial 0 finished with value: -0.7866019033429242 and parameters: {'lookback': 48, 'entry_threshold': 2.0, 'exit_threshold': 0.5, 'hold_bars': 24, 'sl_atr_mult': 2.5, 'tp_rr_mult': 1.0}. Best is trial 6 with value: 1.5731041218249775.
[I 2026-06-02 19:08:25,650] Trial 8 finished with value: -0.5989650227737633 and parameters: {'lookback': 96, 'entry_threshold': 2.5, 'exit_threshold': 0.5, 'hold_bars': 12, 'sl_atr_mult': 2.5, 'tp_rr_mult': 2.0}. Best is trial 6 with value: 1.5731041218249775.
[I 2026-06-02 19:08:25,676] Trial 9 finished with value: -1.5270627191607764 and parameters: {'lookback': 48, 'entry_threshold': 3.0, 'exit_threshold': 0.0, 'hold_bars': 6, 'sl_atr_mult': 1.5, 'tp_rr_mult': 1.0}. Best is trial 6 with value: 1.5731041218249775.
[I 2026-06-02 19:08:25,752] Trial 10 finished with value: -0.833485962156303 and parameters: {'lookback': 24, 'entry_threshold': 3.0, 'exit_threshold': 0.25, 'hold_bars': 24, 'sl_atr_mult': 2.5, 'tp_rr_mult': 1.0}. Best is trial 6 with value: 1.5731041218249775.
[I 2026-06-02 19:08:26,718] Trial 12 finished with value: -2.004604010912579 and parameters: {'lookback': 72, 'entry_threshold': 1.5, 'exit_threshold': 0.5, 'hold_bars': 24, 'sl_atr_mult': 1.5, 'tp_rr_mult': 2.5}. Best is trial 6 with value: 1.5731041218249775.
[I 2026-06-02 19:08:26,952] Trial 14 finished with value: -0.34682254653664 and parameters: {'lookback': 96, 'entry_threshold': 3.0, 'exit_threshold': 0.5, 'hold_bars': 12, 'sl_atr_mult': 2.0, 'tp_rr_mult': 1.5}. Best is trial 6 with value: 1.5731041218249775.
[I 2026-06-02 19:08:26,967] Trial 11 finished with value: -0.46110922168500673 and parameters: {'lookback': 48, 'entry_threshold': 2.5, 'exit_threshold': 0.5, 'hold_bars': 24, 'sl_atr_mult': 2.0, 'tp_rr_mult': 2.0}. Best is trial 6 with value: 1.5731041218249775.
[I 2026-06-02 19:08:27,824] Trial 13 finished with value: -0.9302681617415502 and parameters: {'lookback': 72, 'entry_threshold': 3.0, 'exit_threshold': 0.0, 'hold_bars': 24, 'sl_atr_mult': 2.0, 'tp_rr_mult': 1.0}. Best is trial 6 with value: 1.5731041218249775.
[I 2026-06-02 19:08:28,230] Trial 15 finished with value: 0.3049774556342547 and parameters: {'lookback': 72, 'entry_threshold': 2.5, 'exit_threshold': 0.5, 'hold_bars': 6, 'sl_atr_mult': 1.5, 'tp_rr_mult': 2.0}. Best is trial 6 with value: 1.5731041218249775.
[I 2026-06-02 19:08:31,785] Trial 17 finished with value: 1.5731041218249775 and parameters: {'lookback': 48, 'entry_threshold': 2.5, 'exit_threshold': -0.25, 'hold_bars': 6, 'sl_atr_mult': 2.5, 'tp_rr_mult': 2.0}. Best is trial 6 with value: 1.5731041218249775.
[I 2026-06-02 19:08:32,025] Trial 16 finished with value: -0.8372710785522046 and parameters: {'lookback': 96, 'entry_threshold': 3.0, 'exit_threshold': 0.5, 'hold_bars': 6, 'sl_atr_mult': 1.5, 'tp_rr_mult': 1.5}. Best is trial 6 with value: 1.5731041218249775.
[I 2026-06-02 19:08:32,278] Trial 18 finished with value: 1.179484983783457 and parameters: {'lookback': 24, 'entry_threshold': 2.0, 'exit_threshold': -0.25, 'hold_bars': 6, 'sl_atr_mult': 1.5, 'tp_rr_mult': 2.0}. Best is trial 6 with value: 1.5731041218249775.
[I 2026-06-02 19:08:32,561] Trial 21 finished with value: 1.5731041218249775 and parameters: {'lookback': 48, 'entry_threshold': 2.5, 'exit_threshold': -0.25, 'hold_bars': 6, 'sl_atr_mult': 2.5, 'tp_rr_mult': 2.0}. Best is trial 6 with value: 1.5731041218249775.
[I 2026-06-02 19:08:32,639] Trial 19 finished with value: -0.07089907444121743 and parameters: {'lookback': 48, 'entry_threshold': 2.0, 'exit_threshold': -0.25, 'hold_bars': 6, 'sl_atr_mult': 2.0, 'tp_rr_mult': 2.0}. Best is trial 6 with value: 1.5731041218249775.
[I 2026-06-02 19:08:32,721] Trial 20 finished with value: 0.3028757163179325 and parameters: {'lookback': 24, 'entry_threshold': 2.5, 'exit_threshold': -0.25, 'hold_bars': 6, 'sl_atr_mult': 2.5, 'tp_rr_mult': 2.0}. Best is trial 6 with value: 1.5731041218249775.
[I 2026-06-02 19:08:32,936] Trial 22 finished with value: 0.30225225854030924 and parameters: {'lookback': 24, 'entry_threshold': 2.5, 'exit_threshold': -0.25, 'hold_bars': 6, 'sl_atr_mult': 1.5, 'tp_rr_mult': 2.0}. Best is trial 6 with value: 1.5731041218249775.
[I 2026-06-02 19:08:32,958] Trial 23 finished with value: 1.179484983783457 and parameters: {'lookback': 24, 'entry_threshold': 2.0, 'exit_threshold': -0.25, 'hold_bars': 6, 'sl_atr_mult': 1.5, 'tp_rr_mult': 2.0}. Best is trial 6 with value: 1.5731041218249775.
[I 2026-06-02 19:08:33,189] Trial 24 finished with value: -0.0774398152950064 and parameters: {'lookback': 48, 'entry_threshold': 2.0, 'exit_threshold': -0.25, 'hold_bars': 6, 'sl_atr_mult': 2.5, 'tp_rr_mult': 2.0}. Best is trial 6 with value: 1.5731041218249775.
C:\Users\הלל\Desktop\algo projects\trading-research-factory\walk forward engine\.venv\lib\site-packages\optuna\samplers\_tpe\sampler.py:319: ExperimentalWarning: ``multivariate`` option is an experimental feature. The interface can change in the future.
  warnings.warn(
[I 2026-06-02 19:08:33,631] A new study created in memory with name: no-name-0e2c3121-8016-4c30-9e32-45dc1bb0e699
[I 2026-06-02 19:08:37,675] Trial 1 finished with value: -4.015751023968203 and parameters: {'lookback': 96, 'entry_threshold': 1.5, 'exit_threshold': -0.25, 'hold_bars': 24, 'sl_atr_mult': 2.5, 'tp_rr_mult': 1.5}. Best is trial 1 with value: -4.015751023968203.
[I 2026-06-02 19:08:37,798] Trial 2 finished with value: -3.258805229032302 and parameters: {'lookback': 48, 'entry_threshold': 1.5, 'exit_threshold': 0.0, 'hold_bars': 6, 'sl_atr_mult': 2.0, 'tp_rr_mult': 1.0}. Best is trial 2 with value: -3.258805229032302.
[I 2026-06-02 19:08:37,798] Trial 3 finished with value: -0.09765484217355268 and parameters: {'lookback': 24, 'entry_threshold': 2.0, 'exit_threshold': 0.0, 'hold_bars': 6, 'sl_atr_mult': 2.5, 'tp_rr_mult': 2.5}. Best is trial 3 with value: -0.09765484217355268.
[I 2026-06-02 19:08:37,830] Trial 6 finished with value: 0.3649422130531419 and parameters: {'lookback': 48, 'entry_threshold': 2.0, 'exit_threshold': 0.0, 'hold_bars': 24, 'sl_atr_mult': 2.5, 'tp_rr_mult': 2.5}. Best is trial 6 with value: 0.3649422130531419.
