[I 2026-06-02 19:18:04,670] Trial 10 finished with value: -1.464835340066471 and parameters: {'lookback': 96, 'entry_threshold': 1.5, 'exit_threshold': 0.5, 'hold_bars': 12, 'sl_atr_mult': 1.5, 'tp_rr_mult': 2.0}. Best is trial 5 with value: 0.9080649550572126.
[I 2026-06-02 19:18:04,869] Trial 11 finished with value: -1.1023002156182764 and parameters: {'lookback': 96, 'entry_threshold': 2.5, 'exit_threshold': 0.5, 'hold_bars': 24, 'sl_atr_mult': 2.0, 'tp_rr_mult': 1.5}. Best is trial 5 with value: 0.9080649550572126.
[I 2026-06-02 19:18:04,964] Trial 15 finished with value: 1.5449936368753776 and parameters: {'lookback': 96, 'entry_threshold': 3.0, 'exit_threshold': 0.25, 'hold_bars': 24, 'sl_atr_mult': 1.5, 'tp_rr_mult': 2.5}. Best is trial 15 with value: 1.5449936368753776.
[I 2026-06-02 19:18:08,535] Trial 16 finished with value: -2.155135624785447 and parameters: {'lookback': 96, 'entry_threshold': 1.5, 'exit_threshold': 0.0, 'hold_bars': 18, 'sl_atr_mult': 2.5, 'tp_rr_mult': 2.5}. Best is trial 15 with value: 1.5449936368753776.
[I 2026-06-02 19:18:09,010] Trial 17 finished with value: -0.23976433570183978 and parameters: {'lookback': 96, 'entry_threshold': 2.5, 'exit_threshold': -0.25, 'hold_bars': 24, 'sl_atr_mult': 1.5, 'tp_rr_mult': 1.0}. Best is trial 15 with value: 1.5449936368753776.
[I 2026-06-02 19:18:09,278] Trial 18 finished with value: 0.561965232405684 and parameters: {'lookback': 96, 'entry_threshold': 3.0, 'exit_threshold': 0.5, 'hold_bars': 6, 'sl_atr_mult': 2.5, 'tp_rr_mult': 1.0}. Best is trial 15 with value: 1.5449936368753776.
[I 2026-06-02 19:18:09,472] Trial 19 finished with value: 0.9173617188435079 and parameters: {'lookback': 72, 'entry_threshold': 3.0, 'exit_threshold': 0.25, 'hold_bars': 6, 'sl_atr_mult': 2.5, 'tp_rr_mult': 1.0}. Best is trial 15 with value: 1.5449936368753776.
[I 2026-06-02 19:18:09,546] Trial 22 finished with value: 0.5075909720127735 and parameters: {'lookback': 48, 'entry_threshold': 3.0, 'exit_threshold': 0.25, 'hold_bars': 6, 'sl_atr_mult': 2.5, 'tp_rr_mult': 1.0}. Best is trial 15 with value: 1.5449936368753776.
[I 2026-06-02 19:18:09,753] Trial 20 finished with value: 0.04145642703344552 and parameters: {'lookback': 72, 'entry_threshold': 2.5, 'exit_threshold': 0.5, 'hold_bars': 6, 'sl_atr_mult': 2.5, 'tp_rr_mult': 1.0}. Best is trial 15 with value: 1.5449936368753776.
[I 2026-06-02 19:18:09,826] Trial 21 finished with value: 0.04145642703344552 and parameters: {'lookback': 72, 'entry_threshold': 2.5, 'exit_threshold': 0.5, 'hold_bars': 6, 'sl_atr_mult': 2.5, 'tp_rr_mult': 1.0}. Best is trial 15 with value: 1.5449936368753776.
[I 2026-06-02 19:18:10,027] Trial 23 finished with value: 1.5449936368753776 and parameters: {'lookback': 96, 'entry_threshold': 3.0, 'exit_threshold': 0.25, 'hold_bars': 24, 'sl_atr_mult': 1.5, 'tp_rr_mult': 2.5}. Best is trial 15 with value: 1.5449936368753776.
[I 2026-06-02 19:18:10,419] Trial 24 finished with value: 1.2420166035712734 and parameters: {'lookback': 72, 'entry_threshold': 3.0, 'exit_threshold': 0.25, 'hold_bars': 18, 'sl_atr_mult': 1.5, 'tp_rr_mult': 2.5}. Best is trial 15 with value: 1.5449936368753776.
C:\Users\הלל\Desktop\algo projects\trading-research-factory\walk forward engine\.venv\lib\site-packages\optuna\samplers\_tpe\sampler.py:319: ExperimentalWarning: ``multivariate`` option is an experimental feature. The interface can change in the future.
  warnings.warn(
[I 2026-06-02 19:18:11,141] A new study created in memory with name: no-name-a2c9188b-770a-4dff-bb9d-a6ce9d535c87
[I 2026-06-02 19:18:15,898] Trial 0 finished with value: -1.8199601165467743 and parameters: {'lookback': 72, 'entry_threshold': 2.0, 'exit_threshold': 0.5, 'hold_bars': 18, 'sl_atr_mult': 2.0, 'tp_rr_mult': 2.5}. Best is trial 0 with value: -1.8199601165467743.
[I 2026-06-02 19:18:15,907] Trial 5 finished with value: -3.015093879409292 and parameters: {'lookback': 96, 'entry_threshold': 1.5, 'exit_threshold': 0.0, 'hold_bars': 12, 'sl_atr_mult': 2.0, 'tp_rr_mult': 2.0}. Best is trial 0 with value: -1.8199601165467743.
[I 2026-06-02 19:18:16,035] Trial 6 finished with value: -2.3470776649919 and parameters: {'lookback': 24, 'entry_threshold': 2.0, 'exit_threshold': 0.5, 'hold_bars': 24, 'sl_atr_mult': 2.5, 'tp_rr_mult': 1.5}. Best is trial 0 with value: -1.8199601165467743.
[I 2026-06-02 19:18:16,140] Trial 3 finished with value: -1.499010396741994 and parameters: {'lookback': 24, 'entry_threshold': 2.5, 'exit_threshold': 0.5, 'hold_bars': 12, 'sl_atr_mult': 1.5, 'tp_rr_mult': 2.0}. Best is trial 3 with value: -1.499010396741994.
[I 2026-06-02 19:18:16,301] Trial 2 finished with value: -3.8033306703572314 and parameters: {'lookback': 72, 'entry_threshold': 1.5, 'exit_threshold': 0.25, 'hold_bars': 12, 'sl_atr_mult': 1.5, 'tp_rr_mult': 2.5}. Best is trial 3 with value: -1.499010396741994.
[I 2026-06-02 19:18:16,404] Trial 7 finished with value: -4.228055340286363 and parameters: {'lookback': 72, 'entry_threshold': 1.5, 'exit_threshold': 0.25, 'hold_bars': 24, 'sl_atr_mult': 2.0, 'tp_rr_mult': 1.5}. Best is trial 3 with value: -1.499010396741994.
[I 2026-06-02 19:18:16,520] Trial 4 finished with value: -1.4029174334474013 and parameters: {'lookback': 72, 'entry_threshold': 2.5, 'exit_threshold': 0.25, 'hold_bars': 18, 'sl_atr_mult': 1.5, 'tp_rr_mult': 2.0}. Best is trial 4 with value: -1.4029174334474013.
[I 2026-06-02 19:18:16,737] Trial 1 finished with value: -1.3331134948175012 and parameters: {'lookback': 48, 'entry_threshold': 3.0, 'exit_threshold': 0.0, 'hold_bars': 6, 'sl_atr_mult': 1.5, 'tp_rr_mult': 2.5}. Best is trial 1 with value: -1.3331134948175012.
[I 2026-06-02 19:18:20,827] Trial 10 finished with value: -2.9435125392597454 and parameters: {'lookback': 48, 'entry_threshold': 1.5, 'exit_threshold': 0.5, 'hold_bars': 12, 'sl_atr_mult': 2.5, 'tp_rr_mult': 2.5}. Best is trial 1 with value: -1.3331134948175012.
[I 2026-06-02 19:18:21,055] Trial 9 finished with value: -3.8572861124447737 and parameters: {'lookback': 48, 'entry_threshold': 1.5, 'exit_threshold': 0.0, 'hold_bars': 24, 'sl_atr_mult': 2.5, 'tp_rr_mult': 1.5}. Best is trial 1 with value: -1.3331134948175012.
[I 2026-06-02 19:18:21,352] Trial 8 finished with value: -4.069082118510125 and parameters: {'lookback': 48, 'entry_threshold': 1.5, 'exit_threshold': 0.0, 'hold_bars': 18, 'sl_atr_mult': 2.5, 'tp_rr_mult': 1.0}. Best is trial 1 with value: -1.3331134948175012.
[I 2026-06-02 19:18:21,417] Trial 11 finished with value: -4.661127493800061 and parameters: {'lookback': 72, 'entry_threshold': 1.5, 'exit_threshold': 0.25, 'hold_bars': 6, 'sl_atr_mult': 2.0, 'tp_rr_mult': 1.0}. Best is trial 1 with value: -1.3331134948175012.
[I 2026-06-02 19:18:21,715] Trial 13 finished with value: -1.8649398589111286 and parameters: {'lookback': 72, 'entry_threshold': 2.5, 'exit_threshold': 0.25, 'hold_bars': 6, 'sl_atr_mult': 2.0, 'tp_rr_mult': 2.0}. Best is trial 1 with value: -1.3331134948175012.
[I 2026-06-02 19:18:21,734] Trial 14 finished with value: -1.4073455393911032 and parameters: {'lookback': 48, 'entry_threshold': 2.0, 'exit_threshold': 0.5, 'hold_bars': 24, 'sl_atr_mult': 2.5, 'tp_rr_mult': 2.5}. Best is trial 1 with value: -1.3331134948175012.
[I 2026-06-02 19:18:22,005] Trial 12 finished with value: -2.7321955967928906 and parameters: {'lookback': 48, 'entry_threshold': 2.5, 'exit_threshold': 0.5, 'hold_bars': 12, 'sl_atr_mult': 1.5, 'tp_rr_mult': 1.0}. Best is trial 1 with value: -1.3331134948175012.
[I 2026-06-02 19:18:22,370] Trial 15 finished with value: -2.1291357884011632 and parameters: {'lookback': 72, 'entry_threshold': 3.0, 'exit_threshold': -0.25, 'hold_bars': 6, 'sl_atr_mult': 2.0, 'tp_rr_mult': 1.0}. Best is trial 1 with value: -1.3331134948175012.
[I 2026-06-02 19:18:26,652] Trial 16 finished with value: -5.608250120410743 and parameters: {'lookback': 24, 'entry_threshold': 1.5, 'exit_threshold': 0.25, 'hold_bars': 18, 'sl_atr_mult': 2.5, 'tp_rr_mult': 2.0}. Best is trial 1 with value: -1.3331134948175012.
[I 2026-06-02 19:18:26,722] Trial 18 finished with value: -2.1005169325464434 and parameters: {'lookback': 24, 'entry_threshold': 3.0, 'exit_threshold': 0.0, 'hold_bars': 12, 'sl_atr_mult': 1.5, 'tp_rr_mult': 2.5}. Best is trial 1 with value: -1.3331134948175012.
[I 2026-06-02 19:18:27,150] Trial 17 finished with value: -1.3658828167555455 and parameters: {'lookback': 72, 'entry_threshold': 3.0, 'exit_threshold': -0.25, 'hold_bars': 6, 'sl_atr_mult': 1.5, 'tp_rr_mult': 2.5}. Best is trial 1 with value: -1.3331134948175012.
[I 2026-06-02 19:18:27,164] Trial 19 finished with value: -1.3331134948175012 and parameters: {'lookback': 48, 'entry_threshold': 3.0, 'exit_threshold': 0.0, 'hold_bars': 12, 'sl_atr_mult': 1.5, 'tp_rr_mult': 2.0}. Best is trial 1 with value: -1.3331134948175012.
[I 2026-06-02 19:18:27,226] Trial 20 finished with value: -1.5055981189655414 and parameters: {'lookback': 48, 'entry_threshold': 3.0, 'exit_threshold': -0.25, 'hold_bars': 6, 'sl_atr_mult': 1.5, 'tp_rr_mult': 2.5}. Best is trial 1 with value: -1.3331134948175012.
[I 2026-06-02 19:18:27,446] Trial 22 finished with value: -1.3658828167555455 and parameters: {'lookback': 72, 'entry_threshold': 3.0, 'exit_threshold': -0.25, 'hold_bars': 6, 'sl_atr_mult': 1.5, 'tp_rr_mult': 2.5}. Best is trial 1 with value: -1.3331134948175012.
[I 2026-06-02 19:18:27,556] Trial 21 finished with value: -2.1005169325464434 and parameters: {'lookback': 24, 'entry_threshold': 3.0, 'exit_threshold': 0.0, 'hold_bars': 6, 'sl_atr_mult': 1.5, 'tp_rr_mult': 2.5}. Best is trial 1 with value: -1.3331134948175012.
[I 2026-06-02 19:18:27,578] Trial 23 finished with value: -1.5055981189655414 and parameters: {'lookback': 48, 'entry_threshold': 3.0, 'exit_threshold': -0.25, 'hold_bars': 6, 'sl_atr_mult': 1.5, 'tp_rr_mult': 2.0}. Best is trial 1 with value: -1.3331134948175012.
[I 2026-06-02 19:18:27,853] Trial 24 finished with value: -1.3658828167555455 and parameters: {'lookback': 72, 'entry_threshold': 3.0, 'exit_threshold': -0.25, 'hold_bars': 12, 'sl_atr_mult': 1.5, 'tp_rr_mult': 2.0}. Best is trial 1 with value: -1.3331134948175012.
C:\Users\הלל\Desktop\algo projects\trading-research-factory\walk forward engine\.venv\lib\site-packages\optuna\samplers\_tpe\sampler.py:319: ExperimentalWarning: ``multivariate`` option is an experimental feature. The interface can change in the future.
  warnings.warn(
[I 2026-06-02 19:18:28,430] A new study created in memory with name: no-name-471570e2-3d18-42bb-8b6a-806ec2f6ff96
[I 2026-06-02 19:18:32,817] Trial 2 finished with value: -5.440489365281731 and parameters: {'lookback': 24, 'entry_threshold': 1.5, 'exit_threshold': 0.0, 'hold_bars': 18, 'sl_atr_mult': 2.0, 'tp_rr_mult': 2.0}. Best is trial 2 with value: -5.440489365281731.
[I 2026-06-02 19:18:33,114] Trial 3 finished with value: -0.964660983096874 and parameters: {'lookback': 24, 'entry_threshold': 2.5, 'exit_threshold': 0.0, 'hold_bars': 18, 'sl_atr_mult': 1.5, 'tp_rr_mult': 1.5}. Best is trial 3 with value: -0.964660983096874.
[I 2026-06-02 19:18:33,196] Trial 7 finished with value: -3.6355481980489017 and parameters: {'lookback': 48, 'entry_threshold': 2.0, 'exit_threshold': 0.5, 'hold_bars': 12, 'sl_atr_mult': 2.5, 'tp_rr_mult': 2.0}. Best is trial 3 with value: -0.964660983096874.
[I 2026-06-02 19:18:33,301] Trial 5 finished with value: -3.1611891929189935 and parameters: {'lookback': 24, 'entry_threshold': 2.0, 'exit_threshold': -0.25, 'hold_bars': 12, 'sl_atr_mult': 2.5, 'tp_rr_mult': 2.0}. Best is trial 3 with value: -0.964660983096874.
[I 2026-06-02 19:18:33,415] Trial 0 finished with value: -3.7591155560046627 and parameters: {'lookback': 96, 'entry_threshold': 1.5, 'exit_threshold': 0.0, 'hold_bars': 12, 'sl_atr_mult': 2.5, 'tp_rr_mult': 1.5}. Best is trial 3 with value: -0.964660983096874.
[I 2026-06-02 19:18:33,433] Trial 1 finished with value: -2.4352676298198963 and parameters: {'lookback': 96, 'entry_threshold': 2.5, 'exit_threshold': 0.0, 'hold_bars': 6, 'sl_atr_mult': 1.5, 'tp_rr_mult': 1.0}. Best is trial 3 with value: -0.964660983096874.
[I 2026-06-02 19:18:33,549] Trial 4 finished with value: -5.2394602882776 and parameters: {'lookback': 48, 'entry_threshold': 1.5, 'exit_threshold': 0.25, 'hold_bars': 18, 'sl_atr_mult': 2.5, 'tp_rr_mult': 1.5}. Best is trial 3 with value: -0.964660983096874.
[I 2026-06-02 19:18:33,739] Trial 6 finished with value: -1.769588233923837 and parameters: {'lookback': 96, 'entry_threshold': 3.0, 'exit_threshold': 0.25, 'hold_bars': 18, 'sl_atr_mult': 2.5, 'tp_rr_mult': 2.5}. Best is trial 3 with value: -0.964660983096874.
[I 2026-06-02 19:18:39,600] Trial 9 finished with value: -5.440489365281731 and parameters: {'lookback': 24, 'entry_threshold': 1.5, 'exit_threshold': 0.0, 'hold_bars': 24, 'sl_atr_mult': 2.0, 'tp_rr_mult': 2.5}. Best is trial 3 with value: -0.964660983096874.
[I 2026-06-02 19:18:39,739] Trial 13 finished with value: -5.655019799419954 and parameters: {'lookback': 24, 'entry_threshold': 1.5, 'exit_threshold': 0.25, 'hold_bars': 24, 'sl_atr_mult': 2.0, 'tp_rr_mult': 2.0}. Best is trial 3 with value: -0.964660983096874.
[I 2026-06-02 19:18:39,975] Trial 8 finished with value: -5.445584258294581 and parameters: {'lookback': 24, 'entry_threshold': 1.5, 'exit_threshold': 0.25, 'hold_bars': 6, 'sl_atr_mult': 2.5, 'tp_rr_mult': 2.5}. Best is trial 3 with value: -0.964660983096874.
[I 2026-06-02 19:18:40,172] Trial 14 finished with value: -5.023115696088341 and parameters: {'lookback': 24, 'entry_threshold': 1.5, 'exit_threshold': 0.0, 'hold_bars': 24, 'sl_atr_mult': 1.5, 'tp_rr_mult': 1.5}. Best is trial 3 with value: -0.964660983096874.
[I 2026-06-02 19:18:40,542] Trial 15 finished with value: -4.624078458164078 and parameters: {'lookback': 24, 'entry_threshold': 2.0, 'exit_threshold': 0.0, 'hold_bars': 12, 'sl_atr_mult': 2.5, 'tp_rr_mult': 1.5}. Best is trial 3 with value: -0.964660983096874.
[I 2026-06-02 19:18:40,542] Trial 12 finished with value: -3.8174915806803797 and parameters: {'lookback': 48, 'entry_threshold': 2.0, 'exit_threshold': -0.25, 'hold_bars': 12, 'sl_atr_mult': 1.5, 'tp_rr_mult': 2.5}. Best is trial 3 with value: -0.964660983096874.
[I 2026-06-02 19:18:40,571] Trial 11 finished with value: -2.9795033050367046 and parameters: {'lookback': 72, 'entry_threshold': 2.0, 'exit_threshold': 0.5, 'hold_bars': 12, 'sl_atr_mult': 2.5, 'tp_rr_mult': 2.0}. Best is trial 3 with value: -0.964660983096874.
[I 2026-06-02 19:18:40,900] Trial 10 finished with value: -0.3958623015060408 and parameters: {'lookback': 24, 'entry_threshold': 2.5, 'exit_threshold': -0.25, 'hold_bars': 18, 'sl_atr_mult': 2.5, 'tp_rr_mult': 1.0}. Best is trial 10 with value: -0.3958623015060408.
[I 2026-06-02 19:18:45,044] Trial 16 finished with value: -1.7306363752607372 and parameters: {'lookback': 24, 'entry_threshold': 3.0, 'exit_threshold': 0.25, 'hold_bars': 18, 'sl_atr_mult': 2.5, 'tp_rr_mult': 2.5}. Best is trial 10 with value: -0.3958623015060408.
[I 2026-06-02 19:18:45,311] Trial 17 finished with value: -0.964660983096874 and parameters: {'lookback': 24, 'entry_threshold': 2.5, 'exit_threshold': 0.0, 'hold_bars': 12, 'sl_atr_mult': 1.5, 'tp_rr_mult': 1.5}. Best is trial 10 with value: -0.3958623015060408.
[I 2026-06-02 19:18:45,482] Trial 19 finished with value: -1.769588233923837 and parameters: {'lookback': 96, 'entry_threshold': 3.0, 'exit_threshold': 0.25, 'hold_bars': 12, 'sl_atr_mult': 2.5, 'tp_rr_mult': 2.5}. Best is trial 10 with value: -0.3958623015060408.
[I 2026-06-02 19:18:45,524] Trial 20 finished with value: -1.769588233923837 and parameters: {'lookback': 96, 'entry_threshold': 3.0, 'exit_threshold': 0.25, 'hold_bars': 18, 'sl_atr_mult': 2.5, 'tp_rr_mult': 2.5}. Best is trial 10 with value: -0.3958623015060408.
[I 2026-06-02 19:18:45,602] Trial 18 finished with value: -1.769588233923837 and parameters: {'lookback': 96, 'entry_threshold': 3.0, 'exit_threshold': 0.25, 'hold_bars': 12, 'sl_atr_mult': 2.5, 'tp_rr_mult': 2.5}. Best is trial 10 with value: -0.3958623015060408.
[I 2026-06-02 19:18:45,655] Trial 23 finished with value: -1.1080914912670345 and parameters: {'lookback': 24, 'entry_threshold': 3.0, 'exit_threshold': 0.0, 'hold_bars': 18, 'sl_atr_mult': 1.5, 'tp_rr_mult': 1.5}. Best is trial 10 with value: -0.3958623015060408.
[I 2026-06-02 19:18:45,757] Trial 22 finished with value: -1.769588233923837 and parameters: {'lookback': 96, 'entry_threshold': 3.0, 'exit_threshold': 0.25, 'hold_bars': 18, 'sl_atr_mult': 2.5, 'tp_rr_mult': 2.5}. Best is trial 10 with value: -0.3958623015060408.
[I 2026-06-02 19:18:45,889] Trial 21 finished with value: -1.386248622841107 and parameters: {'lookback': 96, 'entry_threshold': 3.0, 'exit_threshold': 0.0, 'hold_bars': 18, 'sl_atr_mult': 2.5, 'tp_rr_mult': 2.0}. Best is trial 10 with value: -0.3958623015060408.
[I 2026-06-02 19:18:46,342] Trial 24 finished with value: -1.519846068877832 and parameters: {'lookback': 24, 'entry_threshold': 3.0, 'exit_threshold': -0.25, 'hold_bars': 24, 'sl_atr_mult': 2.0, 'tp_rr_mult': 1.0}. Best is trial 10 with value: -0.3958623015060408.
C:\Users\הלל\Desktop\algo projects\trading-research-factory\walk forward engine\.venv\lib\site-packages\optuna\samplers\_tpe\sampler.py:319: ExperimentalWarning: ``multivariate`` option is an experimental feature. The interface can change in the future.
  warnings.warn(
[I 2026-06-02 19:18:47,060] A new study created in memory with name: no-name-f701e9ab-e220-4a8d-b3e4-39e1f72f1d8d
[I 2026-06-02 19:18:51,750] Trial 2 finished with value: -2.082658820309641 and parameters: {'lookback': 48, 'entry_threshold': 1.5, 'exit_threshold': 0.25, 'hold_bars': 24, 'sl_atr_mult': 2.0, 'tp_rr_mult': 1.5}. Best is trial 2 with value: -2.082658820309641.
[I 2026-06-02 19:18:52,131] Trial 5 finished with value: -3.1396899603526456 and parameters: {'lookback': 96, 'entry_threshold': 1.5, 'exit_threshold': 0.0, 'hold_bars': 12, 'sl_atr_mult': 2.0, 'tp_rr_mult': 1.0}. Best is trial 2 with value: -2.082658820309641.
[I 2026-06-02 19:18:52,299] Trial 1 finished with value: -0.9043589394901898 and parameters: {'lookback': 96, 'entry_threshold': 2.5, 'exit_threshold': 0.5, 'hold_bars': 12, 'sl_atr_mult': 2.5, 'tp_rr_mult': 1.5}. Best is trial 1 with value: -0.9043589394901898.
[I 2026-06-02 19:18:52,555] Trial 6 finished with value: -1.3229013306001278 and parameters: {'lookback': 24, 'entry_threshold': 1.5, 'exit_threshold': 0.0, 'hold_bars': 6, 'sl_atr_mult': 2.0, 'tp_rr_mult': 1.5}. Best is trial 1 with value: -0.9043589394901898.
[I 2026-06-02 19:18:52,604] Trial 7 finished with value: -0.7746050555034509 and parameters: {'lookback': 48, 'entry_threshold': 2.5, 'exit_threshold': 0.25, 'hold_bars': 18, 'sl_atr_mult': 2.0, 'tp_rr_mult': 2.5}. Best is trial 7 with value: -0.7746050555034509.
[I 2026-06-02 19:18:52,636] Trial 3 finished with value: -0.8094172953380182 and parameters: {'lookback': 48, 'entry_threshold': 2.5, 'exit_threshold': -0.25, 'hold_bars': 6, 'sl_atr_mult': 1.5, 'tp_rr_mult': 1.5}. Best is trial 7 with value: -0.7746050555034509.
[I 2026-06-02 19:18:52,639] Trial 0 finished with value: -1.0351692483310497 and parameters: {'lookback': 24, 'entry_threshold': 2.0, 'exit_threshold': 0.0, 'hold_bars': 6, 'sl_atr_mult': 2.0, 'tp_rr_mult': 1.5}. Best is trial 7 with value: -0.7746050555034509.
[I 2026-06-02 19:18:53,000] Trial 4 finished with value: -3.816090219006655 and parameters: {'lookback': 72, 'entry_threshold': 1.5, 'exit_threshold': 0.0, 'hold_bars': 12, 'sl_atr_mult': 2.5, 'tp_rr_mult': 1.0}. Best is trial 7 with value: -0.7746050555034509.
[I 2026-06-02 19:18:57,861] Trial 8 finished with value: 0.3357238950164168 and parameters: {'lookback': 48, 'entry_threshold': 3.0, 'exit_threshold': 0.25, 'hold_bars': 18, 'sl_atr_mult': 2.0, 'tp_rr_mult': 1.0}. Best is trial 8 with value: 0.3357238950164168.
[I 2026-06-02 19:18:58,374] Trial 11 finished with value: -0.8699516452346316 and parameters: {'lookback': 24, 'entry_threshold': 1.5, 'exit_threshold': -0.25, 'hold_bars': 18, 'sl_atr_mult': 2.5, 'tp_rr_mult': 1.5}. Best is trial 8 with value: 0.3357238950164168.
[I 2026-06-02 19:18:59,097] Trial 13 finished with value: -2.4948346751846464 and parameters: {'lookback': 48, 'entry_threshold': 1.5, 'exit_threshold': -0.25, 'hold_bars': 24, 'sl_atr_mult': 2.5, 'tp_rr_mult': 2.0}. Best is trial 8 with value: 0.3357238950164168.
[I 2026-06-02 19:18:59,405] Trial 9 finished with value: -1.1273895056039025 and parameters: {'lookback': 72, 'entry_threshold': 2.5, 'exit_threshold': -0.25, 'hold_bars': 24, 'sl_atr_mult': 2.0, 'tp_rr_mult': 1.0}. Best is trial 8 with value: 0.3357238950164168.
[I 2026-06-02 19:18:59,467] Trial 14 finished with value: -0.9043589394901898 and parameters: {'lookback': 96, 'entry_threshold': 2.5, 'exit_threshold': 0.5, 'hold_bars': 24, 'sl_atr_mult': 2.5, 'tp_rr_mult': 2.0}. Best is trial 8 with value: 0.3357238950164168.
[I 2026-06-02 19:18:59,797] Trial 10 finished with value: -2.0358547492449897 and parameters: {'lookback': 96, 'entry_threshold': 1.5, 'exit_threshold': 0.5, 'hold_bars': 12, 'sl_atr_mult': 2.0, 'tp_rr_mult': 1.5}. Best is trial 8 with value: 0.3357238950164168.
[I 2026-06-02 19:19:00,289] Trial 12 finished with value: 0.18424415962219146 and parameters: {'lookback': 72, 'entry_threshold': 2.5, 'exit_threshold': 0.5, 'hold_bars': 24, 'sl_atr_mult': 1.5, 'tp_rr_mult': 2.5}. Best is trial 8 with value: 0.3357238950164168.
[I 2026-06-02 19:19:00,826] Trial 15 finished with value: -0.6019635995913887 and parameters: {'lookback': 72, 'entry_threshold': 2.5, 'exit_threshold': 0.5, 'hold_bars': 24, 'sl_atr_mult': 2.5, 'tp_rr_mult': 1.0}. Best is trial 8 with value: 0.3357238950164168.
