[I 2026-06-02 19:09:33,214] Trial 4 finished with value: -1.4205704844655296 and parameters: {'lookback': 24, 'entry_threshold': 2.0, 'exit_threshold': 0.25, 'hold_bars': 12, 'sl_atr_mult': 2.5, 'tp_rr_mult': 1.0}. Best is trial 2 with value: -0.5917557726170772.
[I 2026-06-02 19:09:36,637] Trial 8 finished with value: -1.9804946450434464 and parameters: {'lookback': 24, 'entry_threshold': 1.5, 'exit_threshold': 0.0, 'hold_bars': 12, 'sl_atr_mult': 2.5, 'tp_rr_mult': 1.5}. Best is trial 2 with value: -0.5917557726170772.
[I 2026-06-02 19:09:36,823] Trial 9 finished with value: -2.2054457149067566 and parameters: {'lookback': 24, 'entry_threshold': 1.5, 'exit_threshold': 0.0, 'hold_bars': 24, 'sl_atr_mult': 1.5, 'tp_rr_mult': 1.0}. Best is trial 2 with value: -0.5917557726170772.
[I 2026-06-02 19:09:37,125] Trial 11 finished with value: -0.6257793944009199 and parameters: {'lookback': 24, 'entry_threshold': 2.5, 'exit_threshold': -0.25, 'hold_bars': 24, 'sl_atr_mult': 2.5, 'tp_rr_mult': 1.0}. Best is trial 2 with value: -0.5917557726170772.
[I 2026-06-02 19:09:37,319] Trial 13 finished with value: 0.09315315312482843 and parameters: {'lookback': 72, 'entry_threshold': 2.5, 'exit_threshold': 0.5, 'hold_bars': 18, 'sl_atr_mult': 1.5, 'tp_rr_mult': 1.5}. Best is trial 13 with value: 0.09315315312482843.
[I 2026-06-02 19:09:37,491] Trial 14 finished with value: -2.0061548646439635 and parameters: {'lookback': 48, 'entry_threshold': 3.0, 'exit_threshold': 0.0, 'hold_bars': 24, 'sl_atr_mult': 1.5, 'tp_rr_mult': 2.5}. Best is trial 13 with value: 0.09315315312482843.
[I 2026-06-02 19:09:37,783] Trial 10 finished with value: -0.7467144361593367 and parameters: {'lookback': 72, 'entry_threshold': 2.0, 'exit_threshold': 0.0, 'hold_bars': 12, 'sl_atr_mult': 2.0, 'tp_rr_mult': 2.5}. Best is trial 13 with value: 0.09315315312482843.
[I 2026-06-02 19:09:37,854] Trial 12 finished with value: 0.11107727011243775 and parameters: {'lookback': 72, 'entry_threshold': 2.5, 'exit_threshold': -0.25, 'hold_bars': 24, 'sl_atr_mult': 2.0, 'tp_rr_mult': 1.5}. Best is trial 12 with value: 0.11107727011243775.
[I 2026-06-02 19:09:37,854] Trial 15 finished with value: -0.572108062173362 and parameters: {'lookback': 24, 'entry_threshold': 2.5, 'exit_threshold': 0.0, 'hold_bars': 12, 'sl_atr_mult': 2.5, 'tp_rr_mult': 2.0}. Best is trial 12 with value: 0.11107727011243775.
[I 2026-06-02 19:09:41,649] Trial 16 finished with value: -0.5675987094560841 and parameters: {'lookback': 24, 'entry_threshold': 3.0, 'exit_threshold': 0.5, 'hold_bars': 6, 'sl_atr_mult': 2.5, 'tp_rr_mult': 2.0}. Best is trial 12 with value: 0.11107727011243775.
[I 2026-06-02 19:09:42,020] Trial 18 finished with value: -0.6526554083691326 and parameters: {'lookback': 24, 'entry_threshold': 2.5, 'exit_threshold': 0.0, 'hold_bars': 24, 'sl_atr_mult': 2.5, 'tp_rr_mult': 1.0}. Best is trial 12 with value: 0.11107727011243775.
[I 2026-06-02 19:09:42,204] Trial 17 finished with value: 0.11107727011243775 and parameters: {'lookback': 72, 'entry_threshold': 2.5, 'exit_threshold': -0.25, 'hold_bars': 18, 'sl_atr_mult': 2.5, 'tp_rr_mult': 2.5}. Best is trial 12 with value: 0.11107727011243775.
[I 2026-06-02 19:09:42,483] Trial 19 finished with value: -0.19858435627790652 and parameters: {'lookback': 72, 'entry_threshold': 2.0, 'exit_threshold': 0.25, 'hold_bars': 18, 'sl_atr_mult': 1.5, 'tp_rr_mult': 1.5}. Best is trial 12 with value: 0.11107727011243775.
[I 2026-06-02 19:09:42,612] Trial 20 finished with value: 0.09315315312482843 and parameters: {'lookback': 72, 'entry_threshold': 2.5, 'exit_threshold': 0.5, 'hold_bars': 18, 'sl_atr_mult': 1.5, 'tp_rr_mult': 1.5}. Best is trial 12 with value: 0.11107727011243775.
[I 2026-06-02 19:09:42,812] Trial 23 finished with value: -0.7693865613872365 and parameters: {'lookback': 72, 'entry_threshold': 3.0, 'exit_threshold': 0.5, 'hold_bars': 24, 'sl_atr_mult': 1.5, 'tp_rr_mult': 1.0}. Best is trial 12 with value: 0.11107727011243775.
[I 2026-06-02 19:09:42,848] Trial 21 finished with value: -1.4224961000505365 and parameters: {'lookback': 48, 'entry_threshold': 2.5, 'exit_threshold': 0.5, 'hold_bars': 18, 'sl_atr_mult': 1.5, 'tp_rr_mult': 1.0}. Best is trial 12 with value: 0.11107727011243775.
[I 2026-06-02 19:09:42,994] Trial 22 finished with value: 0.09315315312482843 and parameters: {'lookback': 72, 'entry_threshold': 2.5, 'exit_threshold': 0.5, 'hold_bars': 24, 'sl_atr_mult': 1.5, 'tp_rr_mult': 1.5}. Best is trial 12 with value: 0.11107727011243775.
[I 2026-06-02 19:09:43,324] Trial 24 finished with value: 0.09315315312482843 and parameters: {'lookback': 72, 'entry_threshold': 2.5, 'exit_threshold': 0.5, 'hold_bars': 18, 'sl_atr_mult': 1.5, 'tp_rr_mult': 1.5}. Best is trial 12 with value: 0.11107727011243775.
C:\Users\הלל\Desktop\algo projects\trading-research-factory\walk forward engine\.venv\lib\site-packages\optuna\samplers\_tpe\sampler.py:319: ExperimentalWarning: ``multivariate`` option is an experimental feature. The interface can change in the future.
  warnings.warn(
[I 2026-06-02 19:09:43,785] A new study created in memory with name: no-name-f86cb1ef-4138-4c2c-be9c-ef411971fd49
[I 2026-06-02 19:09:48,415] Trial 0 finished with value: -1.8882538916370315 and parameters: {'lookback': 48, 'entry_threshold': 1.5, 'exit_threshold': 0.25, 'hold_bars': 6, 'sl_atr_mult': 1.5, 'tp_rr_mult': 1.0}. Best is trial 0 with value: -1.8882538916370315.
[I 2026-06-02 19:09:48,932] Trial 6 finished with value: -0.6427278934509104 and parameters: {'lookback': 24, 'entry_threshold': 1.5, 'exit_threshold': 0.5, 'hold_bars': 24, 'sl_atr_mult': 1.5, 'tp_rr_mult': 1.5}. Best is trial 6 with value: -0.6427278934509104.
[I 2026-06-02 19:09:48,934] Trial 3 finished with value: -2.5269637432384786 and parameters: {'lookback': 24, 'entry_threshold': 1.5, 'exit_threshold': 0.0, 'hold_bars': 24, 'sl_atr_mult': 2.5, 'tp_rr_mult': 2.0}. Best is trial 6 with value: -0.6427278934509104.
[I 2026-06-02 19:09:49,244] Trial 4 finished with value: -1.639962432583928 and parameters: {'lookback': 48, 'entry_threshold': 1.5, 'exit_threshold': 0.5, 'hold_bars': 6, 'sl_atr_mult': 2.0, 'tp_rr_mult': 1.0}. Best is trial 6 with value: -0.6427278934509104.
[I 2026-06-02 19:09:49,564] Trial 5 finished with value: -3.242646828347007 and parameters: {'lookback': 96, 'entry_threshold': 1.5, 'exit_threshold': 0.5, 'hold_bars': 24, 'sl_atr_mult': 2.0, 'tp_rr_mult': 2.5}. Best is trial 6 with value: -0.6427278934509104.
[I 2026-06-02 19:09:49,657] Trial 2 finished with value: 0.2514360116334924 and parameters: {'lookback': 72, 'entry_threshold': 2.5, 'exit_threshold': -0.25, 'hold_bars': 12, 'sl_atr_mult': 2.0, 'tp_rr_mult': 1.0}. Best is trial 2 with value: 0.2514360116334924.
[I 2026-06-02 19:09:49,881] Trial 1 finished with value: -0.6085247351536527 and parameters: {'lookback': 72, 'entry_threshold': 3.0, 'exit_threshold': 0.25, 'hold_bars': 18, 'sl_atr_mult': 2.5, 'tp_rr_mult': 2.5}. Best is trial 2 with value: 0.2514360116334924.
[I 2026-06-02 19:09:50,010] Trial 7 finished with value: -1.090617887110318 and parameters: {'lookback': 72, 'entry_threshold': 2.0, 'exit_threshold': 0.25, 'hold_bars': 12, 'sl_atr_mult': 2.5, 'tp_rr_mult': 1.0}. Best is trial 2 with value: 0.2514360116334924.
[I 2026-06-02 19:09:53,079] Trial 8 finished with value: -0.03571330575354378 and parameters: {'lookback': 48, 'entry_threshold': 2.0, 'exit_threshold': 0.25, 'hold_bars': 18, 'sl_atr_mult': 1.5, 'tp_rr_mult': 2.5}. Best is trial 2 with value: 0.2514360116334924.
[I 2026-06-02 19:09:53,705] Trial 9 finished with value: -1.1179088735907614 and parameters: {'lookback': 24, 'entry_threshold': 2.5, 'exit_threshold': -0.25, 'hold_bars': 24, 'sl_atr_mult': 2.0, 'tp_rr_mult': 1.0}. Best is trial 2 with value: 0.2514360116334924.
[I 2026-06-02 19:09:53,889] Trial 10 finished with value: -0.048171902228799225 and parameters: {'lookback': 72, 'entry_threshold': 3.0, 'exit_threshold': 0.5, 'hold_bars': 12, 'sl_atr_mult': 1.5, 'tp_rr_mult': 1.5}. Best is trial 2 with value: 0.2514360116334924.
[I 2026-06-02 19:09:54,203] Trial 11 finished with value: -2.6781082480271152 and parameters: {'lookback': 96, 'entry_threshold': 2.0, 'exit_threshold': 0.25, 'hold_bars': 18, 'sl_atr_mult': 2.0, 'tp_rr_mult': 1.0}. Best is trial 2 with value: 0.2514360116334924.
[I 2026-06-02 19:09:54,413] Trial 12 finished with value: -2.655602775110454 and parameters: {'lookback': 96, 'entry_threshold': 2.0, 'exit_threshold': 0.25, 'hold_bars': 24, 'sl_atr_mult': 2.5, 'tp_rr_mult': 1.5}. Best is trial 2 with value: 0.2514360116334924.
[I 2026-06-02 19:09:54,534] Trial 15 finished with value: -2.351153019338773 and parameters: {'lookback': 48, 'entry_threshold': 3.0, 'exit_threshold': 0.25, 'hold_bars': 12, 'sl_atr_mult': 2.0, 'tp_rr_mult': 2.5}. Best is trial 2 with value: 0.2514360116334924.
[I 2026-06-02 19:09:54,634] Trial 13 finished with value: -0.6976700185674499 and parameters: {'lookback': 72, 'entry_threshold': 3.0, 'exit_threshold': 0.0, 'hold_bars': 24, 'sl_atr_mult': 2.0, 'tp_rr_mult': 2.5}. Best is trial 2 with value: 0.2514360116334924.
[I 2026-06-02 19:09:54,834] Trial 14 finished with value: -0.2783640559252222 and parameters: {'lookback': 72, 'entry_threshold': 2.0, 'exit_threshold': -0.25, 'hold_bars': 12, 'sl_atr_mult': 1.5, 'tp_rr_mult': 2.0}. Best is trial 2 with value: 0.2514360116334924.
[I 2026-06-02 19:09:58,121] Trial 16 finished with value: -0.928649298512629 and parameters: {'lookback': 24, 'entry_threshold': 2.0, 'exit_threshold': 0.5, 'hold_bars': 6, 'sl_atr_mult': 1.5, 'tp_rr_mult': 2.0}. Best is trial 2 with value: 0.2514360116334924.
[I 2026-06-02 19:09:58,799] Trial 17 finished with value: -1.6522947365780154 and parameters: {'lookback': 96, 'entry_threshold': 2.5, 'exit_threshold': -0.25, 'hold_bars': 18, 'sl_atr_mult': 2.0, 'tp_rr_mult': 1.0}. Best is trial 2 with value: 0.2514360116334924.
[I 2026-06-02 19:09:59,006] Trial 18 finished with value: -1.6522947365780154 and parameters: {'lookback': 96, 'entry_threshold': 2.5, 'exit_threshold': -0.25, 'hold_bars': 12, 'sl_atr_mult': 2.0, 'tp_rr_mult': 1.5}. Best is trial 2 with value: 0.2514360116334924.
[I 2026-06-02 19:09:59,047] Trial 20 finished with value: -0.03571330575354378 and parameters: {'lookback': 48, 'entry_threshold': 2.0, 'exit_threshold': 0.25, 'hold_bars': 12, 'sl_atr_mult': 1.5, 'tp_rr_mult': 2.5}. Best is trial 2 with value: 0.2514360116334924.
[I 2026-06-02 19:09:59,189] Trial 19 finished with value: -1.5733785492983408 and parameters: {'lookback': 48, 'entry_threshold': 2.5, 'exit_threshold': -0.25, 'hold_bars': 12, 'sl_atr_mult': 1.5, 'tp_rr_mult': 1.0}. Best is trial 2 with value: 0.2514360116334924.
[I 2026-06-02 19:09:59,239] Trial 22 finished with value: 0.2514360116334924 and parameters: {'lookback': 72, 'entry_threshold': 2.5, 'exit_threshold': -0.25, 'hold_bars': 12, 'sl_atr_mult': 2.5, 'tp_rr_mult': 1.0}. Best is trial 2 with value: 0.2514360116334924.
[I 2026-06-02 19:09:59,362] Trial 21 finished with value: -0.03571330575354378 and parameters: {'lookback': 48, 'entry_threshold': 2.0, 'exit_threshold': 0.25, 'hold_bars': 18, 'sl_atr_mult': 1.5, 'tp_rr_mult': 2.5}. Best is trial 2 with value: 0.2514360116334924.
[I 2026-06-02 19:09:59,457] Trial 23 finished with value: -0.03571330575354378 and parameters: {'lookback': 48, 'entry_threshold': 2.0, 'exit_threshold': 0.25, 'hold_bars': 18, 'sl_atr_mult': 1.5, 'tp_rr_mult': 2.5}. Best is trial 2 with value: 0.2514360116334924.
[I 2026-06-02 19:09:59,677] Trial 24 finished with value: 0.09896746778629222 and parameters: {'lookback': 48, 'entry_threshold': 2.0, 'exit_threshold': 0.5, 'hold_bars': 18, 'sl_atr_mult': 1.5, 'tp_rr_mult': 2.5}. Best is trial 2 with value: 0.2514360116334924.
C:\Users\הלל\Desktop\algo projects\trading-research-factory\walk forward engine\.venv\lib\site-packages\optuna\samplers\_tpe\sampler.py:319: ExperimentalWarning: ``multivariate`` option is an experimental feature. The interface can change in the future.
  warnings.warn(
[I 2026-06-02 19:10:00,180] A new study created in memory with name: no-name-0b55200b-9edb-44ca-b745-65f59d511ff6
[I 2026-06-02 19:10:05,818] Trial 2 finished with value: -0.7581984784678933 and parameters: {'lookback': 48, 'entry_threshold': 3.0, 'exit_threshold': -0.25, 'hold_bars': 18, 'sl_atr_mult': 2.5, 'tp_rr_mult': 2.5}. Best is trial 2 with value: -0.7581984784678933.
[I 2026-06-02 19:10:05,957] Trial 5 finished with value: 1.6524439021787551 and parameters: {'lookback': 24, 'entry_threshold': 2.5, 'exit_threshold': 0.5, 'hold_bars': 24, 'sl_atr_mult': 2.5, 'tp_rr_mult': 2.0}. Best is trial 5 with value: 1.6524439021787551.
[I 2026-06-02 19:10:06,088] Trial 1 finished with value: -0.6021032548820496 and parameters: {'lookback': 48, 'entry_threshold': 2.0, 'exit_threshold': -0.25, 'hold_bars': 18, 'sl_atr_mult': 1.5, 'tp_rr_mult': 1.0}. Best is trial 5 with value: 1.6524439021787551.
[I 2026-06-02 19:10:06,241] Trial 6 finished with value: 0.9530666720663303 and parameters: {'lookback': 48, 'entry_threshold': 2.0, 'exit_threshold': 0.25, 'hold_bars': 6, 'sl_atr_mult': 2.0, 'tp_rr_mult': 1.5}. Best is trial 5 with value: 1.6524439021787551.
[I 2026-06-02 19:10:06,282] Trial 3 finished with value: -0.1730395979501775 and parameters: {'lookback': 72, 'entry_threshold': 3.0, 'exit_threshold': 0.5, 'hold_bars': 18, 'sl_atr_mult': 2.5, 'tp_rr_mult': 2.5}. Best is trial 5 with value: 1.6524439021787551.
[I 2026-06-02 19:10:06,366] Trial 7 finished with value: -1.1761623986719147 and parameters: {'lookback': 72, 'entry_threshold': 1.5, 'exit_threshold': 0.5, 'hold_bars': 12, 'sl_atr_mult': 1.5, 'tp_rr_mult': 2.5}. Best is trial 5 with value: 1.6524439021787551.
[I 2026-06-02 19:10:06,560] Trial 4 finished with value: -0.0024428258397406655 and parameters: {'lookback': 96, 'entry_threshold': 3.0, 'exit_threshold': -0.25, 'hold_bars': 12, 'sl_atr_mult': 2.0, 'tp_rr_mult': 1.5}. Best is trial 5 with value: 1.6524439021787551.
[I 2026-06-02 19:10:06,566] Trial 0 finished with value: -0.8257153944325275 and parameters: {'lookback': 96, 'entry_threshold': 3.0, 'exit_threshold': 0.0, 'hold_bars': 6, 'sl_atr_mult': 1.5, 'tp_rr_mult': 2.0}. Best is trial 5 with value: 1.6524439021787551.
[I 2026-06-02 19:10:10,849] Trial 8 finished with value: 1.3573750335737198 and parameters: {'lookback': 48, 'entry_threshold': 2.0, 'exit_threshold': 0.5, 'hold_bars': 18, 'sl_atr_mult': 2.5, 'tp_rr_mult': 1.0}. Best is trial 5 with value: 1.6524439021787551.
[I 2026-06-02 19:10:11,138] Trial 9 finished with value: 1.6589624212134395 and parameters: {'lookback': 24, 'entry_threshold': 2.5, 'exit_threshold': 0.5, 'hold_bars': 24, 'sl_atr_mult': 2.5, 'tp_rr_mult': 1.0}. Best is trial 9 with value: 1.6589624212134395.
[I 2026-06-02 19:10:11,421] Trial 13 finished with value: -0.19260007186967115 and parameters: {'lookback': 48, 'entry_threshold': 3.0, 'exit_threshold': 0.5, 'hold_bars': 24, 'sl_atr_mult': 1.5, 'tp_rr_mult': 1.0}. Best is trial 9 with value: 1.6589624212134395.
[I 2026-06-02 19:10:11,754] Trial 15 finished with value: -1.6535354996399014 and parameters: {'lookback': 48, 'entry_threshold': 2.5, 'exit_threshold': 0.0, 'hold_bars': 24, 'sl_atr_mult': 2.0, 'tp_rr_mult': 2.0}. Best is trial 9 with value: 1.6589624212134395.
[I 2026-06-02 19:10:11,951] Trial 10 finished with value: -0.7581984784678933 and parameters: {'lookback': 48, 'entry_threshold': 3.0, 'exit_threshold': -0.25, 'hold_bars': 24, 'sl_atr_mult': 2.0, 'tp_rr_mult': 2.0}. Best is trial 9 with value: 1.6589624212134395.
[I 2026-06-02 19:10:12,341] Trial 11 finished with value: -1.1124789567134943 and parameters: {'lookback': 96, 'entry_threshold': 2.0, 'exit_threshold': 0.0, 'hold_bars': 6, 'sl_atr_mult': 1.5, 'tp_rr_mult': 1.5}. Best is trial 9 with value: 1.6589624212134395.
[I 2026-06-02 19:10:12,515] Trial 12 finished with value: -1.8205504882507642 and parameters: {'lookback': 72, 'entry_threshold': 1.5, 'exit_threshold': 0.25, 'hold_bars': 6, 'sl_atr_mult': 2.5, 'tp_rr_mult': 2.0}. Best is trial 9 with value: 1.6589624212134395.
[I 2026-06-02 19:10:12,610] Trial 14 finished with value: -1.3756362575331165 and parameters: {'lookback': 96, 'entry_threshold': 1.5, 'exit_threshold': 0.5, 'hold_bars': 12, 'sl_atr_mult': 2.5, 'tp_rr_mult': 1.5}. Best is trial 9 with value: 1.6589624212134395.
[I 2026-06-02 19:10:16,089] Trial 16 finished with value: -1.838509015474108 and parameters: {'lookback': 24, 'entry_threshold': 3.0, 'exit_threshold': -0.25, 'hold_bars': 24, 'sl_atr_mult': 2.5, 'tp_rr_mult': 2.5}. Best is trial 9 with value: 1.6589624212134395.
[I 2026-06-02 19:10:16,385] Trial 17 finished with value: -0.3157081895314989 and parameters: {'lookback': 24, 'entry_threshold': 3.0, 'exit_threshold': 0.5, 'hold_bars': 18, 'sl_atr_mult': 2.0, 'tp_rr_mult': 1.0}. Best is trial 9 with value: 1.6589624212134395.
[I 2026-06-02 19:10:16,800] Trial 19 finished with value: -0.3100481558807439 and parameters: {'lookback': 24, 'entry_threshold': 3.0, 'exit_threshold': 0.5, 'hold_bars': 24, 'sl_atr_mult': 2.5, 'tp_rr_mult': 1.5}. Best is trial 9 with value: 1.6589624212134395.
[I 2026-06-02 19:10:16,805] Trial 18 finished with value: -0.3100481558807439 and parameters: {'lookback': 24, 'entry_threshold': 3.0, 'exit_threshold': 0.5, 'hold_bars': 24, 'sl_atr_mult': 2.5, 'tp_rr_mult': 1.0}. Best is trial 9 with value: 1.6589624212134395.
[I 2026-06-02 19:10:17,042] Trial 22 finished with value: -0.3100481558807439 and parameters: {'lookback': 24, 'entry_threshold': 3.0, 'exit_threshold': 0.5, 'hold_bars': 24, 'sl_atr_mult': 2.5, 'tp_rr_mult': 1.0}. Best is trial 9 with value: 1.6589624212134395.
[I 2026-06-02 19:10:17,194] Trial 20 finished with value: -1.1684972762970591 and parameters: {'lookback': 24, 'entry_threshold': 3.0, 'exit_threshold': 0.25, 'hold_bars': 18, 'sl_atr_mult': 2.5, 'tp_rr_mult': 1.0}. Best is trial 9 with value: 1.6589624212134395.
[I 2026-06-02 19:10:17,256] Trial 21 finished with value: 0.5615594438151414 and parameters: {'lookback': 24, 'entry_threshold': 2.5, 'exit_threshold': 0.25, 'hold_bars': 24, 'sl_atr_mult': 2.5, 'tp_rr_mult': 1.0}. Best is trial 9 with value: 1.6589624212134395.
[I 2026-06-02 19:10:17,259] Trial 23 finished with value: -1.1684972762970591 and parameters: {'lookback': 24, 'entry_threshold': 3.0, 'exit_threshold': 0.25, 'hold_bars': 24, 'sl_atr_mult': 2.5, 'tp_rr_mult': 1.5}. Best is trial 9 with value: 1.6589624212134395.
[I 2026-06-02 19:10:17,567] Trial 24 finished with value: -1.1684972762970591 and parameters: {'lookback': 24, 'entry_threshold': 3.0, 'exit_threshold': 0.25, 'hold_bars': 24, 'sl_atr_mult': 2.5, 'tp_rr_mult': 1.0}. Best is trial 9 with value: 1.6589624212134395.
C:\Users\הלל\Desktop\algo projects\trading-research-factory\walk forward engine\.venv\lib\site-packages\optuna\samplers\_tpe\sampler.py:319: ExperimentalWarning: ``multivariate`` option is an experimental feature. The interface can change in the future.
  warnings.warn(
[I 2026-06-02 19:10:18,029] A new study created in memory with name: no-name-85084db2-b73a-4ae6-b302-b6033a087098
[I 2026-06-02 19:10:22,499] Trial 2 finished with value: -0.05233505682758957 and parameters: {'lookback': 48, 'entry_threshold': 3.0, 'exit_threshold': -0.25, 'hold_bars': 6, 'sl_atr_mult': 1.5, 'tp_rr_mult': 1.0}. Best is trial 2 with value: -0.05233505682758957.
[I 2026-06-02 19:10:22,777] Trial 1 finished with value: -0.08089722378205703 and parameters: {'lookback': 96, 'entry_threshold': 1.5, 'exit_threshold': 0.5, 'hold_bars': 12, 'sl_atr_mult': 1.5, 'tp_rr_mult': 2.5}. Best is trial 2 with value: -0.05233505682758957.
[I 2026-06-02 19:10:23,025] Trial 0 finished with value: -0.2957547218140712 and parameters: {'lookback': 24, 'entry_threshold': 3.0, 'exit_threshold': 0.0, 'hold_bars': 12, 'sl_atr_mult': 2.5, 'tp_rr_mult': 2.0}. Best is trial 2 with value: -0.05233505682758957.
[I 2026-06-02 19:10:23,091] Trial 3 finished with value: -0.6448832843159608 and parameters: {'lookback': 96, 'entry_threshold': 1.5, 'exit_threshold': 0.5, 'hold_bars': 18, 'sl_atr_mult': 2.5, 'tp_rr_mult': 2.0}. Best is trial 2 with value: -0.05233505682758957.
[I 2026-06-02 19:10:23,174] Trial 4 finished with value: 0.5020363029539264 and parameters: {'lookback': 48, 'entry_threshold': 2.5, 'exit_threshold': -0.25, 'hold_bars': 24, 'sl_atr_mult': 2.5, 'tp_rr_mult': 1.5}. Best is trial 4 with value: 0.5020363029539264.
[I 2026-06-02 19:10:23,280] Trial 7 finished with value: 1.0162197843081249 and parameters: {'lookback': 72, 'entry_threshold': 3.0, 'exit_threshold': 0.25, 'hold_bars': 12, 'sl_atr_mult': 2.5, 'tp_rr_mult': 1.5}. Best is trial 7 with value: 1.0162197843081249.
[I 2026-06-02 19:10:23,289] Trial 5 finished with value: 1.2706685245328753 and parameters: {'lookback': 72, 'entry_threshold': 2.5, 'exit_threshold': 0.5, 'hold_bars': 18, 'sl_atr_mult': 2.5, 'tp_rr_mult': 1.5}. Best is trial 5 with value: 1.2706685245328753.
[I 2026-06-02 19:10:23,350] Trial 6 finished with value: -2.27960283348554 and parameters: {'lookback': 72, 'entry_threshold': 1.5, 'exit_threshold': 0.5, 'hold_bars': 24, 'sl_atr_mult': 2.5, 'tp_rr_mult': 1.0}. Best is trial 5 with value: 1.2706685245328753.
[I 2026-06-02 19:10:28,457] Trial 9 finished with value: -0.3139545892826778 and parameters: {'lookback': 24, 'entry_threshold': 3.0, 'exit_threshold': 0.5, 'hold_bars': 6, 'sl_atr_mult': 2.0, 'tp_rr_mult': 1.5}. Best is trial 5 with value: 1.2706685245328753.
[I 2026-06-02 19:10:28,957] Trial 11 finished with value: 0.8701402077258172 and parameters: {'lookback': 48, 'entry_threshold': 3.0, 'exit_threshold': 0.25, 'hold_bars': 24, 'sl_atr_mult': 1.5, 'tp_rr_mult': 2.5}. Best is trial 5 with value: 1.2706685245328753.
