[I 2026-06-02 19:06:44,650] Trial 24 finished with value: 0.7011087301139065 and parameters: {'lookback': 96, 'entry_threshold': 2.0, 'exit_threshold': 0.25, 'hold_bars': 24, 'sl_atr_mult': 2.0, 'tp_rr_mult': 2.5}. Best is trial 11 with value: 0.7521490906282166.
C:\Users\הלל\Desktop\algo projects\trading-research-factory\walk forward engine\.venv\lib\site-packages\optuna\samplers\_tpe\sampler.py:319: ExperimentalWarning: ``multivariate`` option is an experimental feature. The interface can change in the future.
  warnings.warn(
[I 2026-06-02 19:06:45,091] A new study created in memory with name: no-name-65749e29-0597-476f-baed-e75d053cf4bc
[I 2026-06-02 19:06:49,009] Trial 6 finished with value: -2.1607375538385085 and parameters: {'lookback': 24, 'entry_threshold': 1.5, 'exit_threshold': 0.25, 'hold_bars': 24, 'sl_atr_mult': 2.0, 'tp_rr_mult': 2.5}. Best is trial 6 with value: -2.1607375538385085.
[I 2026-06-02 19:06:49,116] Trial 7 finished with value: 0.5774541896087991 and parameters: {'lookback': 24, 'entry_threshold': 3.0, 'exit_threshold': 0.5, 'hold_bars': 18, 'sl_atr_mult': 1.5, 'tp_rr_mult': 1.5}. Best is trial 7 with value: 0.5774541896087991.
[I 2026-06-02 19:06:49,175] Trial 0 finished with value: -1.4002968400985008 and parameters: {'lookback': 24, 'entry_threshold': 2.5, 'exit_threshold': 0.25, 'hold_bars': 24, 'sl_atr_mult': 1.5, 'tp_rr_mult': 2.5}. Best is trial 7 with value: 0.5774541896087991.
[I 2026-06-02 19:06:49,307] Trial 3 finished with value: -2.225452191080572 and parameters: {'lookback': 48, 'entry_threshold': 2.0, 'exit_threshold': 0.25, 'hold_bars': 6, 'sl_atr_mult': 1.5, 'tp_rr_mult': 1.5}. Best is trial 7 with value: 0.5774541896087991.
[I 2026-06-02 19:06:49,384] Trial 4 finished with value: -2.546895255259087 and parameters: {'lookback': 72, 'entry_threshold': 1.5, 'exit_threshold': 0.5, 'hold_bars': 6, 'sl_atr_mult': 1.5, 'tp_rr_mult': 2.0}. Best is trial 7 with value: 0.5774541896087991.
[I 2026-06-02 19:06:49,510] Trial 5 finished with value: -2.025193176172587 and parameters: {'lookback': 96, 'entry_threshold': 2.5, 'exit_threshold': -0.25, 'hold_bars': 6, 'sl_atr_mult': 1.5, 'tp_rr_mult': 1.0}. Best is trial 7 with value: 0.5774541896087991.
[I 2026-06-02 19:06:49,562] Trial 2 finished with value: 0.2117992739196744 and parameters: {'lookback': 24, 'entry_threshold': 2.5, 'exit_threshold': 0.5, 'hold_bars': 18, 'sl_atr_mult': 2.0, 'tp_rr_mult': 2.5}. Best is trial 7 with value: 0.5774541896087991.
[I 2026-06-02 19:06:49,762] Trial 1 finished with value: -4.602615176368458 and parameters: {'lookback': 96, 'entry_threshold': 1.5, 'exit_threshold': -0.25, 'hold_bars': 18, 'sl_atr_mult': 2.0, 'tp_rr_mult': 1.0}. Best is trial 7 with value: 0.5774541896087991.
[I 2026-06-02 19:06:53,170] Trial 10 finished with value: -2.052899859303265 and parameters: {'lookback': 24, 'entry_threshold': 2.5, 'exit_threshold': -0.25, 'hold_bars': 18, 'sl_atr_mult': 1.5, 'tp_rr_mult': 2.0}. Best is trial 7 with value: 0.5774541896087991.
[I 2026-06-02 19:06:53,485] Trial 8 finished with value: -1.5108916755934965 and parameters: {'lookback': 72, 'entry_threshold': 3.0, 'exit_threshold': 0.0, 'hold_bars': 18, 'sl_atr_mult': 2.0, 'tp_rr_mult': 1.0}. Best is trial 7 with value: 0.5774541896087991.
[I 2026-06-02 19:06:53,643] Trial 9 finished with value: -2.6444520669558145 and parameters: {'lookback': 72, 'entry_threshold': 1.5, 'exit_threshold': 0.5, 'hold_bars': 18, 'sl_atr_mult': 2.5, 'tp_rr_mult': 1.0}. Best is trial 7 with value: 0.5774541896087991.
[I 2026-06-02 19:06:53,764] Trial 12 finished with value: 0.012713706387419652 and parameters: {'lookback': 24, 'entry_threshold': 3.0, 'exit_threshold': 0.25, 'hold_bars': 24, 'sl_atr_mult': 1.5, 'tp_rr_mult': 1.0}. Best is trial 7 with value: 0.5774541896087991.
[I 2026-06-02 19:06:54,008] Trial 13 finished with value: -5.5350926775675315 and parameters: {'lookback': 72, 'entry_threshold': 1.5, 'exit_threshold': -0.25, 'hold_bars': 24, 'sl_atr_mult': 2.5, 'tp_rr_mult': 2.0}. Best is trial 7 with value: 0.5774541896087991.
[I 2026-06-02 19:06:54,047] Trial 11 finished with value: 0.38589438861976155 and parameters: {'lookback': 24, 'entry_threshold': 3.0, 'exit_threshold': 0.5, 'hold_bars': 12, 'sl_atr_mult': 1.5, 'tp_rr_mult': 1.0}. Best is trial 7 with value: 0.5774541896087991.
[I 2026-06-02 19:06:54,273] Trial 14 finished with value: -2.105529058860789 and parameters: {'lookback': 96, 'entry_threshold': 2.0, 'exit_threshold': 0.0, 'hold_bars': 18, 'sl_atr_mult': 2.5, 'tp_rr_mult': 1.5}. Best is trial 7 with value: 0.5774541896087991.
[I 2026-06-02 19:06:54,374] Trial 15 finished with value: -2.192070797319742 and parameters: {'lookback': 48, 'entry_threshold': 2.0, 'exit_threshold': 0.25, 'hold_bars': 6, 'sl_atr_mult': 1.5, 'tp_rr_mult': 2.0}. Best is trial 7 with value: 0.5774541896087991.
[I 2026-06-02 19:06:57,846] Trial 16 finished with value: -5.318546100419428 and parameters: {'lookback': 48, 'entry_threshold': 1.5, 'exit_threshold': -0.25, 'hold_bars': 6, 'sl_atr_mult': 2.0, 'tp_rr_mult': 1.0}. Best is trial 7 with value: 0.5774541896087991.
[I 2026-06-02 19:06:58,189] Trial 20 finished with value: 0.6295138799635761 and parameters: {'lookback': 24, 'entry_threshold': 3.0, 'exit_threshold': 0.5, 'hold_bars': 12, 'sl_atr_mult': 2.0, 'tp_rr_mult': 2.5}. Best is trial 20 with value: 0.6295138799635761.
[I 2026-06-02 19:06:58,290] Trial 19 finished with value: -0.05794848432253955 and parameters: {'lookback': 24, 'entry_threshold': 2.5, 'exit_threshold': 0.5, 'hold_bars': 12, 'sl_atr_mult': 2.5, 'tp_rr_mult': 2.5}. Best is trial 20 with value: 0.6295138799635761.
[I 2026-06-02 19:06:58,381] Trial 18 finished with value: 0.09691026929963695 and parameters: {'lookback': 48, 'entry_threshold': 3.0, 'exit_threshold': 0.5, 'hold_bars': 18, 'sl_atr_mult': 1.5, 'tp_rr_mult': 1.5}. Best is trial 20 with value: 0.6295138799635761.
[I 2026-06-02 19:06:58,424] Trial 17 finished with value: 0.6625485267527849 and parameters: {'lookback': 72, 'entry_threshold': 2.5, 'exit_threshold': 0.5, 'hold_bars': 24, 'sl_atr_mult': 1.5, 'tp_rr_mult': 1.5}. Best is trial 17 with value: 0.6625485267527849.
[I 2026-06-02 19:06:58,577] Trial 21 finished with value: 0.09691026929963695 and parameters: {'lookback': 48, 'entry_threshold': 3.0, 'exit_threshold': 0.5, 'hold_bars': 12, 'sl_atr_mult': 1.5, 'tp_rr_mult': 1.5}. Best is trial 17 with value: 0.6625485267527849.
[I 2026-06-02 19:06:58,706] Trial 22 finished with value: 0.09691026929963695 and parameters: {'lookback': 48, 'entry_threshold': 3.0, 'exit_threshold': 0.5, 'hold_bars': 12, 'sl_atr_mult': 1.5, 'tp_rr_mult': 1.5}. Best is trial 17 with value: 0.6625485267527849.
[I 2026-06-02 19:06:58,758] Trial 23 finished with value: 0.38589438861976155 and parameters: {'lookback': 24, 'entry_threshold': 3.0, 'exit_threshold': 0.5, 'hold_bars': 12, 'sl_atr_mult': 1.5, 'tp_rr_mult': 1.0}. Best is trial 17 with value: 0.6625485267527849.
[I 2026-06-02 19:06:58,993] Trial 24 finished with value: 0.5774541896087991 and parameters: {'lookback': 24, 'entry_threshold': 3.0, 'exit_threshold': 0.5, 'hold_bars': 12, 'sl_atr_mult': 1.5, 'tp_rr_mult': 1.5}. Best is trial 17 with value: 0.6625485267527849.
C:\Users\הלל\Desktop\algo projects\trading-research-factory\walk forward engine\.venv\lib\site-packages\optuna\samplers\_tpe\sampler.py:319: ExperimentalWarning: ``multivariate`` option is an experimental feature. The interface can change in the future.
  warnings.warn(
[I 2026-06-02 19:06:59,451] A new study created in memory with name: no-name-2f3bda3a-f31d-4cbd-b504-55416bc6e2a8
[I 2026-06-02 19:07:03,728] Trial 5 finished with value: -4.234544805919209 and parameters: {'lookback': 48, 'entry_threshold': 1.5, 'exit_threshold': 0.0, 'hold_bars': 24, 'sl_atr_mult': 1.5, 'tp_rr_mult': 1.0}. Best is trial 5 with value: -4.234544805919209.
[I 2026-06-02 19:07:03,747] Trial 2 finished with value: -1.7232973581074613 and parameters: {'lookback': 96, 'entry_threshold': 2.0, 'exit_threshold': 0.25, 'hold_bars': 18, 'sl_atr_mult': 2.0, 'tp_rr_mult': 2.5}. Best is trial 2 with value: -1.7232973581074613.
[I 2026-06-02 19:07:04,053] Trial 4 finished with value: -4.061609227772386 and parameters: {'lookback': 72, 'entry_threshold': 1.5, 'exit_threshold': -0.25, 'hold_bars': 24, 'sl_atr_mult': 1.5, 'tp_rr_mult': 1.5}. Best is trial 2 with value: -1.7232973581074613.
[I 2026-06-02 19:07:04,112] Trial 1 finished with value: -1.030258703511431 and parameters: {'lookback': 72, 'entry_threshold': 3.0, 'exit_threshold': 0.5, 'hold_bars': 12, 'sl_atr_mult': 2.5, 'tp_rr_mult': 1.0}. Best is trial 1 with value: -1.030258703511431.
[I 2026-06-02 19:07:04,324] Trial 3 finished with value: -1.7051780833487942 and parameters: {'lookback': 96, 'entry_threshold': 3.0, 'exit_threshold': 0.25, 'hold_bars': 24, 'sl_atr_mult': 1.5, 'tp_rr_mult': 1.5}. Best is trial 1 with value: -1.030258703511431.
[I 2026-06-02 19:07:04,338] Trial 0 finished with value: -1.9562929208479563 and parameters: {'lookback': 96, 'entry_threshold': 2.5, 'exit_threshold': 0.25, 'hold_bars': 12, 'sl_atr_mult': 1.5, 'tp_rr_mult': 2.0}. Best is trial 1 with value: -1.030258703511431.
[I 2026-06-02 19:07:04,379] Trial 7 finished with value: -1.9518121566709499 and parameters: {'lookback': 96, 'entry_threshold': 3.0, 'exit_threshold': 0.0, 'hold_bars': 6, 'sl_atr_mult': 1.5, 'tp_rr_mult': 2.5}. Best is trial 1 with value: -1.030258703511431.
[I 2026-06-02 19:07:04,623] Trial 6 finished with value: -3.8439699750410323 and parameters: {'lookback': 96, 'entry_threshold': 1.5, 'exit_threshold': -0.25, 'hold_bars': 24, 'sl_atr_mult': 1.5, 'tp_rr_mult': 2.5}. Best is trial 1 with value: -1.030258703511431.
[I 2026-06-02 19:07:08,022] Trial 9 finished with value: -2.434476401297918 and parameters: {'lookback': 48, 'entry_threshold': 2.0, 'exit_threshold': -0.25, 'hold_bars': 12, 'sl_atr_mult': 1.5, 'tp_rr_mult': 2.0}. Best is trial 1 with value: -1.030258703511431.
[I 2026-06-02 19:07:08,290] Trial 12 finished with value: -2.5844729250058642 and parameters: {'lookback': 48, 'entry_threshold': 1.5, 'exit_threshold': 0.25, 'hold_bars': 18, 'sl_atr_mult': 2.5, 'tp_rr_mult': 1.0}. Best is trial 1 with value: -1.030258703511431.
[I 2026-06-02 19:07:08,322] Trial 8 finished with value: -2.1437820233529585 and parameters: {'lookback': 96, 'entry_threshold': 3.0, 'exit_threshold': 0.0, 'hold_bars': 6, 'sl_atr_mult': 2.0, 'tp_rr_mult': 2.5}. Best is trial 1 with value: -1.030258703511431.
[I 2026-06-02 19:07:08,390] Trial 10 finished with value: 0.40314631690172276 and parameters: {'lookback': 48, 'entry_threshold': 3.0, 'exit_threshold': 0.5, 'hold_bars': 24, 'sl_atr_mult': 1.5, 'tp_rr_mult': 2.5}. Best is trial 10 with value: 0.40314631690172276.
[I 2026-06-02 19:07:08,676] Trial 13 finished with value: -1.7041457556468806 and parameters: {'lookback': 24, 'entry_threshold': 2.5, 'exit_threshold': 0.25, 'hold_bars': 18, 'sl_atr_mult': 2.0, 'tp_rr_mult': 2.5}. Best is trial 10 with value: 0.40314631690172276.
[I 2026-06-02 19:07:08,755] Trial 14 finished with value: -0.7645451425465805 and parameters: {'lookback': 48, 'entry_threshold': 3.0, 'exit_threshold': 0.25, 'hold_bars': 12, 'sl_atr_mult': 2.5, 'tp_rr_mult': 1.5}. Best is trial 10 with value: 0.40314631690172276.
[I 2026-06-02 19:07:08,999] Trial 11 finished with value: -2.7659398725083975 and parameters: {'lookback': 96, 'entry_threshold': 2.5, 'exit_threshold': 0.0, 'hold_bars': 12, 'sl_atr_mult': 1.5, 'tp_rr_mult': 1.5}. Best is trial 10 with value: 0.40314631690172276.
[I 2026-06-02 19:07:09,407] Trial 15 finished with value: -2.263815745450299 and parameters: {'lookback': 72, 'entry_threshold': 2.0, 'exit_threshold': 0.0, 'hold_bars': 6, 'sl_atr_mult': 1.5, 'tp_rr_mult': 1.0}. Best is trial 10 with value: 0.40314631690172276.
[I 2026-06-02 19:07:13,136] Trial 19 finished with value: -0.27235530001410785 and parameters: {'lookback': 48, 'entry_threshold': 3.0, 'exit_threshold': 0.5, 'hold_bars': 12, 'sl_atr_mult': 2.5, 'tp_rr_mult': 1.0}. Best is trial 10 with value: 0.40314631690172276.
[I 2026-06-02 19:07:13,404] Trial 17 finished with value: -0.27235530001410785 and parameters: {'lookback': 48, 'entry_threshold': 3.0, 'exit_threshold': 0.5, 'hold_bars': 12, 'sl_atr_mult': 2.5, 'tp_rr_mult': 1.0}. Best is trial 10 with value: 0.40314631690172276.
[I 2026-06-02 19:07:13,527] Trial 16 finished with value: -4.474073724602618 and parameters: {'lookback': 24, 'entry_threshold': 1.5, 'exit_threshold': -0.25, 'hold_bars': 24, 'sl_atr_mult': 2.5, 'tp_rr_mult': 1.0}. Best is trial 10 with value: 0.40314631690172276.
[I 2026-06-02 19:07:13,546] Trial 20 finished with value: 0.40314631690172276 and parameters: {'lookback': 48, 'entry_threshold': 3.0, 'exit_threshold': 0.5, 'hold_bars': 24, 'sl_atr_mult': 1.5, 'tp_rr_mult': 2.5}. Best is trial 10 with value: 0.40314631690172276.
[I 2026-06-02 19:07:13,795] Trial 22 finished with value: -0.21382051912263172 and parameters: {'lookback': 48, 'entry_threshold': 3.0, 'exit_threshold': 0.25, 'hold_bars': 24, 'sl_atr_mult': 1.5, 'tp_rr_mult': 2.0}. Best is trial 10 with value: 0.40314631690172276.
[I 2026-06-02 19:07:13,812] Trial 18 finished with value: -1.030258703511431 and parameters: {'lookback': 72, 'entry_threshold': 3.0, 'exit_threshold': 0.5, 'hold_bars': 12, 'sl_atr_mult': 2.5, 'tp_rr_mult': 1.5}. Best is trial 10 with value: 0.40314631690172276.
[I 2026-06-02 19:07:13,906] Trial 21 finished with value: -0.8431266774824105 and parameters: {'lookback': 72, 'entry_threshold': 3.0, 'exit_threshold': 0.5, 'hold_bars': 24, 'sl_atr_mult': 1.5, 'tp_rr_mult': 2.5}. Best is trial 10 with value: 0.40314631690172276.
[I 2026-06-02 19:07:13,995] Trial 23 finished with value: 0.40314631690172276 and parameters: {'lookback': 48, 'entry_threshold': 3.0, 'exit_threshold': 0.5, 'hold_bars': 18, 'sl_atr_mult': 1.5, 'tp_rr_mult': 2.0}. Best is trial 10 with value: 0.40314631690172276.
[I 2026-06-02 19:07:14,255] Trial 24 finished with value: 0.40314631690172276 and parameters: {'lookback': 48, 'entry_threshold': 3.0, 'exit_threshold': 0.5, 'hold_bars': 24, 'sl_atr_mult': 1.5, 'tp_rr_mult': 2.5}. Best is trial 10 with value: 0.40314631690172276.
C:\Users\הלל\Desktop\algo projects\trading-research-factory\walk forward engine\.venv\lib\site-packages\optuna\samplers\_tpe\sampler.py:319: ExperimentalWarning: ``multivariate`` option is an experimental feature. The interface can change in the future.
  warnings.warn(
[I 2026-06-02 19:07:14,804] A new study created in memory with name: no-name-4d18c59e-4b78-424a-888d-54e3084c7360
[I 2026-06-02 19:07:19,120] Trial 0 finished with value: -1.9193048674175774 and parameters: {'lookback': 24, 'entry_threshold': 2.5, 'exit_threshold': -0.25, 'hold_bars': 6, 'sl_atr_mult': 2.0, 'tp_rr_mult': 1.5}. Best is trial 0 with value: -1.9193048674175774.
[I 2026-06-02 19:07:19,286] Trial 1 finished with value: -2.6516800765206394 and parameters: {'lookback': 48, 'entry_threshold': 2.0, 'exit_threshold': 0.5, 'hold_bars': 6, 'sl_atr_mult': 1.5, 'tp_rr_mult': 1.5}. Best is trial 0 with value: -1.9193048674175774.
[I 2026-06-02 19:07:19,289] Trial 3 finished with value: -2.9415440854345007 and parameters: {'lookback': 24, 'entry_threshold': 2.0, 'exit_threshold': 0.0, 'hold_bars': 6, 'sl_atr_mult': 2.0, 'tp_rr_mult': 2.0}. Best is trial 0 with value: -1.9193048674175774.
[I 2026-06-02 19:07:19,454] Trial 4 finished with value: -2.1692388349920426 and parameters: {'lookback': 72, 'entry_threshold': 3.0, 'exit_threshold': 0.0, 'hold_bars': 6, 'sl_atr_mult': 2.5, 'tp_rr_mult': 1.5}. Best is trial 0 with value: -1.9193048674175774.
[I 2026-06-02 19:07:19,543] Trial 2 finished with value: -2.7941501709087806 and parameters: {'lookback': 24, 'entry_threshold': 2.0, 'exit_threshold': 0.5, 'hold_bars': 18, 'sl_atr_mult': 2.5, 'tp_rr_mult': 2.0}. Best is trial 0 with value: -1.9193048674175774.
[I 2026-06-02 19:07:19,551] Trial 7 finished with value: -4.368615670190659 and parameters: {'lookback': 48, 'entry_threshold': 1.5, 'exit_threshold': 0.0, 'hold_bars': 6, 'sl_atr_mult': 2.5, 'tp_rr_mult': 1.5}. Best is trial 0 with value: -1.9193048674175774.
[I 2026-06-02 19:07:19,721] Trial 5 finished with value: -5.889936215112745 and parameters: {'lookback': 24, 'entry_threshold': 1.5, 'exit_threshold': -0.25, 'hold_bars': 12, 'sl_atr_mult': 1.5, 'tp_rr_mult': 1.0}. Best is trial 0 with value: -1.9193048674175774.
[I 2026-06-02 19:07:19,759] Trial 6 finished with value: -4.94209309681532 and parameters: {'lookback': 72, 'entry_threshold': 1.5, 'exit_threshold': -0.25, 'hold_bars': 24, 'sl_atr_mult': 2.0, 'tp_rr_mult': 2.0}. Best is trial 0 with value: -1.9193048674175774.
[I 2026-06-02 19:07:23,391] Trial 8 finished with value: -1.5650985172172942 and parameters: {'lookback': 48, 'entry_threshold': 3.0, 'exit_threshold': 0.0, 'hold_bars': 18, 'sl_atr_mult': 1.5, 'tp_rr_mult': 2.0}. Best is trial 8 with value: -1.5650985172172942.
[I 2026-06-02 19:07:23,614] Trial 9 finished with value: -2.4476952847070996 and parameters: {'lookback': 96, 'entry_threshold': 3.0, 'exit_threshold': 0.25, 'hold_bars': 24, 'sl_atr_mult': 2.0, 'tp_rr_mult': 2.5}. Best is trial 8 with value: -1.5650985172172942.
[I 2026-06-02 19:07:23,941] Trial 13 finished with value: -1.0322442392258575 and parameters: {'lookback': 48, 'entry_threshold': 2.5, 'exit_threshold': 0.25, 'hold_bars': 6, 'sl_atr_mult': 1.5, 'tp_rr_mult': 1.5}. Best is trial 13 with value: -1.0322442392258575.
[I 2026-06-02 19:07:24,068] Trial 15 finished with value: -1.6587859112308725 and parameters: {'lookback': 72, 'entry_threshold': 2.5, 'exit_threshold': 0.0, 'hold_bars': 24, 'sl_atr_mult': 2.5, 'tp_rr_mult': 2.5}. Best is trial 13 with value: -1.0322442392258575.
[I 2026-06-02 19:07:24,158] Trial 10 finished with value: -1.7618319402079348 and parameters: {'lookback': 72, 'entry_threshold': 3.0, 'exit_threshold': -0.25, 'hold_bars': 12, 'sl_atr_mult': 1.5, 'tp_rr_mult': 2.5}. Best is trial 13 with value: -1.0322442392258575.
[I 2026-06-02 19:07:24,208] Trial 14 finished with value: -5.568324115514345 and parameters: {'lookback': 96, 'entry_threshold': 1.5, 'exit_threshold': 0.0, 'hold_bars': 6, 'sl_atr_mult': 1.5, 'tp_rr_mult': 1.0}. Best is trial 13 with value: -1.0322442392258575.
[I 2026-06-02 19:07:24,236] Trial 11 finished with value: -1.4060158532786393 and parameters: {'lookback': 72, 'entry_threshold': 2.0, 'exit_threshold': 0.0, 'hold_bars': 12, 'sl_atr_mult': 2.5, 'tp_rr_mult': 2.5}. Best is trial 13 with value: -1.0322442392258575.
[I 2026-06-02 19:07:24,520] Trial 12 finished with value: -4.406007522297986 and parameters: {'lookback': 48, 'entry_threshold': 1.5, 'exit_threshold': 0.25, 'hold_bars': 18, 'sl_atr_mult': 2.0, 'tp_rr_mult': 1.5}. Best is trial 13 with value: -1.0322442392258575.
[I 2026-06-02 19:07:28,226] Trial 17 finished with value: -1.943366018156946 and parameters: {'lookback': 72, 'entry_threshold': 3.0, 'exit_threshold': 0.0, 'hold_bars': 18, 'sl_atr_mult': 1.5, 'tp_rr_mult': 1.5}. Best is trial 13 with value: -1.0322442392258575.
[I 2026-06-02 19:07:28,259] Trial 16 finished with value: -4.938261319652466 and parameters: {'lookback': 96, 'entry_threshold': 1.5, 'exit_threshold': 0.0, 'hold_bars': 24, 'sl_atr_mult': 2.5, 'tp_rr_mult': 1.5}. Best is trial 13 with value: -1.0322442392258575.
[I 2026-06-02 19:07:28,562] Trial 20 finished with value: -1.5650985172172942 and parameters: {'lookback': 48, 'entry_threshold': 3.0, 'exit_threshold': 0.0, 'hold_bars': 12, 'sl_atr_mult': 1.5, 'tp_rr_mult': 1.5}. Best is trial 13 with value: -1.0322442392258575.
[I 2026-06-02 19:07:28,586] Trial 22 finished with value: -1.4060158532786393 and parameters: {'lookback': 72, 'entry_threshold': 2.0, 'exit_threshold': 0.0, 'hold_bars': 12, 'sl_atr_mult': 2.5, 'tp_rr_mult': 2.5}. Best is trial 13 with value: -1.0322442392258575.
[I 2026-06-02 19:07:28,636] Trial 21 finished with value: -1.5880160614848 and parameters: {'lookback': 48, 'entry_threshold': 3.0, 'exit_threshold': 0.0, 'hold_bars': 6, 'sl_atr_mult': 1.5, 'tp_rr_mult': 1.0}. Best is trial 13 with value: -1.0322442392258575.
[I 2026-06-02 19:07:28,753] Trial 18 finished with value: -1.6504254970895373 and parameters: {'lookback': 24, 'entry_threshold': 2.5, 'exit_threshold': 0.0, 'hold_bars': 18, 'sl_atr_mult': 1.5, 'tp_rr_mult': 2.0}. Best is trial 13 with value: -1.0322442392258575.
[I 2026-06-02 19:07:28,871] Trial 23 finished with value: -2.4399222542375005 and parameters: {'lookback': 96, 'entry_threshold': 2.0, 'exit_threshold': 0.0, 'hold_bars': 12, 'sl_atr_mult': 2.5, 'tp_rr_mult': 2.5}. Best is trial 13 with value: -1.0322442392258575.
[I 2026-06-02 19:07:28,885] Trial 19 finished with value: -2.115555590504874 and parameters: {'lookback': 72, 'entry_threshold': 3.0, 'exit_threshold': 0.25, 'hold_bars': 6, 'sl_atr_mult': 1.5, 'tp_rr_mult': 1.5}. Best is trial 13 with value: -1.0322442392258575.
[I 2026-06-02 19:07:29,169] Trial 24 finished with value: -0.8824024950722376 and parameters: {'lookback': 24, 'entry_threshold': 3.0, 'exit_threshold': 0.5, 'hold_bars': 6, 'sl_atr_mult': 1.5, 'tp_rr_mult': 2.0}. Best is trial 24 with value: -0.8824024950722376.
C:\Users\הלל\Desktop\algo projects\trading-research-factory\walk forward engine\.venv\lib\site-packages\optuna\samplers\_tpe\sampler.py:319: ExperimentalWarning: ``multivariate`` option is an experimental feature. The interface can change in the future.
  warnings.warn(
[I 2026-06-02 19:07:29,620] A new study created in memory with name: no-name-a0a76204-f33a-4736-888a-ae5ff58bf746
[I 2026-06-02 19:07:33,559] Trial 0 finished with value: -2.029984374456245 and parameters: {'lookback': 72, 'entry_threshold': 3.0, 'exit_threshold': -0.25, 'hold_bars': 18, 'sl_atr_mult': 1.5, 'tp_rr_mult': 1.0}. Best is trial 0 with value: -2.029984374456245.
