[I 2026-06-02 19:21:02,481] Trial 23 finished with value: -3.2215020323890293 and parameters: {'lookback': 96, 'entry_threshold': 1.5, 'exit_threshold': 0.0, 'hold_bars': 24, 'sl_atr_mult': 2.0, 'tp_rr_mult': 2.5}. Best is trial 21 with value: 0.5203240418326458.
[I 2026-06-02 19:21:03,112] Trial 24 finished with value: -1.1325322588226598 and parameters: {'lookback': 96, 'entry_threshold': 2.0, 'exit_threshold': 0.25, 'hold_bars': 24, 'sl_atr_mult': 2.0, 'tp_rr_mult': 2.5}. Best is trial 21 with value: 0.5203240418326458.
C:\Users\הלל\Desktop\algo projects\trading-research-factory\walk forward engine\.venv\lib\site-packages\optuna\samplers\_tpe\sampler.py:319: ExperimentalWarning: ``multivariate`` option is an experimental feature. The interface can change in the future.
  warnings.warn(
[I 2026-06-02 19:21:04,230] A new study created in memory with name: no-name-fd73927b-d154-46ea-8f4e-dc8c96980f8a
[I 2026-06-02 19:21:10,243] Trial 3 finished with value: -4.437692083492712 and parameters: {'lookback': 24, 'entry_threshold': 1.5, 'exit_threshold': -0.25, 'hold_bars': 18, 'sl_atr_mult': 2.5, 'tp_rr_mult': 1.0}. Best is trial 3 with value: -4.437692083492712.
[I 2026-06-02 19:21:10,559] Trial 4 finished with value: 1.000759197423739 and parameters: {'lookback': 48, 'entry_threshold': 2.5, 'exit_threshold': 0.25, 'hold_bars': 18, 'sl_atr_mult': 2.5, 'tp_rr_mult': 1.5}. Best is trial 4 with value: 1.000759197423739.
[I 2026-06-02 19:21:10,648] Trial 5 finished with value: 1.007994279697634 and parameters: {'lookback': 48, 'entry_threshold': 2.5, 'exit_threshold': 0.25, 'hold_bars': 24, 'sl_atr_mult': 2.5, 'tp_rr_mult': 2.0}. Best is trial 5 with value: 1.007994279697634.
[I 2026-06-02 19:21:10,816] Trial 7 finished with value: -0.8834911541161119 and parameters: {'lookback': 96, 'entry_threshold': 2.0, 'exit_threshold': 0.0, 'hold_bars': 18, 'sl_atr_mult': 2.0, 'tp_rr_mult': 1.5}. Best is trial 5 with value: 1.007994279697634.
[I 2026-06-02 19:21:10,974] Trial 1 finished with value: -0.21953901097007691 and parameters: {'lookback': 48, 'entry_threshold': 3.0, 'exit_threshold': 0.0, 'hold_bars': 24, 'sl_atr_mult': 2.0, 'tp_rr_mult': 1.0}. Best is trial 5 with value: 1.007994279697634.
[I 2026-06-02 19:21:11,437] Trial 2 finished with value: 2.1270069194553147 and parameters: {'lookback': 24, 'entry_threshold': 2.5, 'exit_threshold': 0.25, 'hold_bars': 6, 'sl_atr_mult': 2.0, 'tp_rr_mult': 2.0}. Best is trial 2 with value: 2.1270069194553147.
[I 2026-06-02 19:21:11,448] Trial 0 finished with value: 1.4408406873987052 and parameters: {'lookback': 24, 'entry_threshold': 3.0, 'exit_threshold': 0.0, 'hold_bars': 6, 'sl_atr_mult': 2.5, 'tp_rr_mult': 2.0}. Best is trial 2 with value: 2.1270069194553147.
[I 2026-06-02 19:21:11,522] Trial 6 finished with value: 1.3852306387282707 and parameters: {'lookback': 24, 'entry_threshold': 3.0, 'exit_threshold': -0.25, 'hold_bars': 24, 'sl_atr_mult': 2.5, 'tp_rr_mult': 2.5}. Best is trial 2 with value: 2.1270069194553147.
[I 2026-06-02 19:21:17,580] Trial 10 finished with value: 1.2492009388629643 and parameters: {'lookback': 24, 'entry_threshold': 2.5, 'exit_threshold': -0.25, 'hold_bars': 24, 'sl_atr_mult': 2.0, 'tp_rr_mult': 1.5}. Best is trial 2 with value: 2.1270069194553147.
[I 2026-06-02 19:21:17,879] Trial 9 finished with value: -1.2878185707371483 and parameters: {'lookback': 72, 'entry_threshold': 2.0, 'exit_threshold': 0.0, 'hold_bars': 24, 'sl_atr_mult': 2.0, 'tp_rr_mult': 2.0}. Best is trial 2 with value: 2.1270069194553147.
[I 2026-06-02 19:21:17,923] Trial 12 finished with value: 1.1023783155618703 and parameters: {'lookback': 48, 'entry_threshold': 2.5, 'exit_threshold': 0.25, 'hold_bars': 18, 'sl_atr_mult': 2.0, 'tp_rr_mult': 2.5}. Best is trial 2 with value: 2.1270069194553147.
[I 2026-06-02 19:21:18,447] Trial 15 finished with value: 0.9039648597629334 and parameters: {'lookback': 24, 'entry_threshold': 2.0, 'exit_threshold': 0.0, 'hold_bars': 18, 'sl_atr_mult': 2.0, 'tp_rr_mult': 2.0}. Best is trial 2 with value: 2.1270069194553147.
[I 2026-06-02 19:21:18,670] Trial 8 finished with value: -3.199424324805463 and parameters: {'lookback': 72, 'entry_threshold': 2.0, 'exit_threshold': 0.5, 'hold_bars': 24, 'sl_atr_mult': 1.5, 'tp_rr_mult': 1.5}. Best is trial 2 with value: 2.1270069194553147.
[I 2026-06-02 19:21:18,825] Trial 11 finished with value: -1.2940274188905396 and parameters: {'lookback': 96, 'entry_threshold': 2.5, 'exit_threshold': -0.25, 'hold_bars': 18, 'sl_atr_mult': 2.5, 'tp_rr_mult': 1.0}. Best is trial 2 with value: 2.1270069194553147.
[I 2026-06-02 19:21:19,201] Trial 13 finished with value: 0.04464020576441267 and parameters: {'lookback': 96, 'entry_threshold': 3.0, 'exit_threshold': 0.0, 'hold_bars': 6, 'sl_atr_mult': 2.5, 'tp_rr_mult': 2.5}. Best is trial 2 with value: 2.1270069194553147.
[I 2026-06-02 19:21:19,222] Trial 14 finished with value: -0.6821627141761714 and parameters: {'lookback': 96, 'entry_threshold': 2.5, 'exit_threshold': -0.25, 'hold_bars': 24, 'sl_atr_mult': 2.0, 'tp_rr_mult': 2.0}. Best is trial 2 with value: 2.1270069194553147.
[I 2026-06-02 19:21:25,396] Trial 16 finished with value: 0.7560038790150246 and parameters: {'lookback': 24, 'entry_threshold': 2.0, 'exit_threshold': 0.0, 'hold_bars': 12, 'sl_atr_mult': 2.5, 'tp_rr_mult': 1.5}. Best is trial 2 with value: 2.1270069194553147.
[I 2026-06-02 19:21:25,983] Trial 17 finished with value: -0.015113143538748527 and parameters: {'lookback': 24, 'entry_threshold': 2.0, 'exit_threshold': 0.25, 'hold_bars': 6, 'sl_atr_mult': 1.5, 'tp_rr_mult': 2.5}. Best is trial 2 with value: 2.1270069194553147.
[I 2026-06-02 19:21:26,011] Trial 18 finished with value: 1.2603579656813158 and parameters: {'lookback': 24, 'entry_threshold': 3.0, 'exit_threshold': 0.25, 'hold_bars': 6, 'sl_atr_mult': 2.5, 'tp_rr_mult': 2.0}. Best is trial 2 with value: 2.1270069194553147.
[I 2026-06-02 19:21:26,392] Trial 20 finished with value: 1.4408406873987052 and parameters: {'lookback': 24, 'entry_threshold': 3.0, 'exit_threshold': 0.0, 'hold_bars': 6, 'sl_atr_mult': 2.5, 'tp_rr_mult': 2.0}. Best is trial 2 with value: 2.1270069194553147.
[I 2026-06-02 19:21:26,406] Trial 21 finished with value: 1.4408406873987052 and parameters: {'lookback': 24, 'entry_threshold': 3.0, 'exit_threshold': 0.0, 'hold_bars': 6, 'sl_atr_mult': 2.5, 'tp_rr_mult': 2.5}. Best is trial 2 with value: 2.1270069194553147.
[I 2026-06-02 19:21:26,584] Trial 19 finished with value: 1.3345167987259978 and parameters: {'lookback': 24, 'entry_threshold': 3.0, 'exit_threshold': -0.25, 'hold_bars': 6, 'sl_atr_mult': 2.5, 'tp_rr_mult': 1.5}. Best is trial 2 with value: 2.1270069194553147.
[I 2026-06-02 19:21:26,637] Trial 23 finished with value: 1.4408406873987052 and parameters: {'lookback': 24, 'entry_threshold': 3.0, 'exit_threshold': 0.0, 'hold_bars': 6, 'sl_atr_mult': 2.5, 'tp_rr_mult': 2.0}. Best is trial 2 with value: 2.1270069194553147.
[I 2026-06-02 19:21:26,878] Trial 22 finished with value: 1.4408406873987052 and parameters: {'lookback': 24, 'entry_threshold': 3.0, 'exit_threshold': 0.0, 'hold_bars': 6, 'sl_atr_mult': 2.5, 'tp_rr_mult': 2.0}. Best is trial 2 with value: 2.1270069194553147.
[I 2026-06-02 19:21:27,311] Trial 24 finished with value: 1.2603579656813158 and parameters: {'lookback': 24, 'entry_threshold': 3.0, 'exit_threshold': 0.25, 'hold_bars': 6, 'sl_atr_mult': 2.5, 'tp_rr_mult': 2.0}. Best is trial 2 with value: 2.1270069194553147.
C:\Users\הלל\Desktop\algo projects\trading-research-factory\walk forward engine\.venv\lib\site-packages\optuna\samplers\_tpe\sampler.py:319: ExperimentalWarning: ``multivariate`` option is an experimental feature. The interface can change in the future.
  warnings.warn(
[I 2026-06-02 19:21:28,057] A new study created in memory with name: no-name-e8e08949-6a51-43d2-95e2-9adb192248fb
[I 2026-06-02 19:21:34,963] Trial 0 finished with value: -0.1251360312784732 and parameters: {'lookback': 96, 'entry_threshold': 2.5, 'exit_threshold': 0.25, 'hold_bars': 12, 'sl_atr_mult': 2.5, 'tp_rr_mult': 2.5}. Best is trial 0 with value: -0.1251360312784732.
[I 2026-06-02 19:21:35,066] Trial 7 finished with value: -2.5014985844165185 and parameters: {'lookback': 24, 'entry_threshold': 2.0, 'exit_threshold': 0.5, 'hold_bars': 18, 'sl_atr_mult': 2.5, 'tp_rr_mult': 1.5}. Best is trial 0 with value: -0.1251360312784732.
[I 2026-06-02 19:21:35,134] Trial 5 finished with value: -1.957987540365754 and parameters: {'lookback': 24, 'entry_threshold': 2.0, 'exit_threshold': 0.25, 'hold_bars': 18, 'sl_atr_mult': 1.5, 'tp_rr_mult': 1.0}. Best is trial 0 with value: -0.1251360312784732.
[I 2026-06-02 19:21:35,811] Trial 1 finished with value: -2.5217740163950872 and parameters: {'lookback': 72, 'entry_threshold': 2.0, 'exit_threshold': 0.0, 'hold_bars': 24, 'sl_atr_mult': 2.0, 'tp_rr_mult': 1.5}. Best is trial 0 with value: -0.1251360312784732.
[I 2026-06-02 19:21:35,959] Trial 4 finished with value: -1.0005683901586762 and parameters: {'lookback': 72, 'entry_threshold': 3.0, 'exit_threshold': 0.5, 'hold_bars': 6, 'sl_atr_mult': 2.0, 'tp_rr_mult': 1.5}. Best is trial 0 with value: -0.1251360312784732.
[I 2026-06-02 19:21:36,009] Trial 3 finished with value: -1.2515616580808564 and parameters: {'lookback': 72, 'entry_threshold': 3.0, 'exit_threshold': 0.25, 'hold_bars': 24, 'sl_atr_mult': 2.0, 'tp_rr_mult': 1.0}. Best is trial 0 with value: -0.1251360312784732.
[I 2026-06-02 19:21:36,139] Trial 2 finished with value: -1.7283499572313168 and parameters: {'lookback': 96, 'entry_threshold': 2.5, 'exit_threshold': 0.5, 'hold_bars': 12, 'sl_atr_mult': 2.0, 'tp_rr_mult': 2.5}. Best is trial 0 with value: -0.1251360312784732.
[I 2026-06-02 19:21:36,243] Trial 6 finished with value: -0.9858116506129007 and parameters: {'lookback': 96, 'entry_threshold': 2.5, 'exit_threshold': 0.25, 'hold_bars': 18, 'sl_atr_mult': 2.5, 'tp_rr_mult': 1.0}. Best is trial 0 with value: -0.1251360312784732.
[I 2026-06-02 19:21:44,501] Trial 15 finished with value: -0.9302511701448463 and parameters: {'lookback': 48, 'entry_threshold': 2.0, 'exit_threshold': 0.25, 'hold_bars': 18, 'sl_atr_mult': 2.5, 'tp_rr_mult': 2.0}. Best is trial 0 with value: -0.1251360312784732.
[I 2026-06-02 19:21:45,313] Trial 10 finished with value: -4.526776191269871 and parameters: {'lookback': 24, 'entry_threshold': 1.5, 'exit_threshold': 0.5, 'hold_bars': 12, 'sl_atr_mult': 2.0, 'tp_rr_mult': 2.0}. Best is trial 0 with value: -0.1251360312784732.
[I 2026-06-02 19:21:45,459] Trial 9 finished with value: -2.7460331744962265 and parameters: {'lookback': 72, 'entry_threshold': 2.0, 'exit_threshold': 0.0, 'hold_bars': 12, 'sl_atr_mult': 1.5, 'tp_rr_mult': 2.0}. Best is trial 0 with value: -0.1251360312784732.
[I 2026-06-02 19:21:45,463] Trial 12 finished with value: -0.4079693440442506 and parameters: {'lookback': 24, 'entry_threshold': 2.5, 'exit_threshold': 0.5, 'hold_bars': 18, 'sl_atr_mult': 1.5, 'tp_rr_mult': 2.0}. Best is trial 0 with value: -0.1251360312784732.
[I 2026-06-02 19:21:45,770] Trial 14 finished with value: -2.604512834949049 and parameters: {'lookback': 48, 'entry_threshold': 2.0, 'exit_threshold': 0.5, 'hold_bars': 12, 'sl_atr_mult': 1.5, 'tp_rr_mult': 1.0}. Best is trial 0 with value: -0.1251360312784732.
[I 2026-06-02 19:21:45,841] Trial 8 finished with value: -0.9386696869850042 and parameters: {'lookback': 72, 'entry_threshold': 3.0, 'exit_threshold': 0.5, 'hold_bars': 12, 'sl_atr_mult': 1.5, 'tp_rr_mult': 1.5}. Best is trial 0 with value: -0.1251360312784732.
[I 2026-06-02 19:21:47,016] Trial 11 finished with value: -0.8487855278386824 and parameters: {'lookback': 72, 'entry_threshold': 2.5, 'exit_threshold': 0.0, 'hold_bars': 6, 'sl_atr_mult': 2.5, 'tp_rr_mult': 1.0}. Best is trial 0 with value: -0.1251360312784732.
[I 2026-06-02 19:21:47,103] Trial 13 finished with value: -2.064735225968354 and parameters: {'lookback': 96, 'entry_threshold': 2.0, 'exit_threshold': -0.25, 'hold_bars': 18, 'sl_atr_mult': 1.5, 'tp_rr_mult': 2.5}. Best is trial 0 with value: -0.1251360312784732.
[I 2026-06-02 19:21:52,958] Trial 16 finished with value: -0.6471297493043525 and parameters: {'lookback': 24, 'entry_threshold': 2.0, 'exit_threshold': 0.0, 'hold_bars': 12, 'sl_atr_mult': 2.0, 'tp_rr_mult': 1.5}. Best is trial 0 with value: -0.1251360312784732.
[I 2026-06-02 19:21:53,040] Trial 18 finished with value: 0.8752839617780535 and parameters: {'lookback': 24, 'entry_threshold': 3.0, 'exit_threshold': 0.25, 'hold_bars': 18, 'sl_atr_mult': 1.5, 'tp_rr_mult': 2.0}. Best is trial 18 with value: 0.8752839617780535.
[I 2026-06-02 19:21:53,313] Trial 17 finished with value: -1.8174176120271934 and parameters: {'lookback': 96, 'entry_threshold': 2.0, 'exit_threshold': 0.0, 'hold_bars': 6, 'sl_atr_mult': 2.5, 'tp_rr_mult': 1.5}. Best is trial 18 with value: 0.8752839617780535.
[I 2026-06-02 19:21:53,427] Trial 21 finished with value: -0.4079693440442506 and parameters: {'lookback': 24, 'entry_threshold': 2.5, 'exit_threshold': 0.5, 'hold_bars': 24, 'sl_atr_mult': 1.5, 'tp_rr_mult': 2.0}. Best is trial 18 with value: 0.8752839617780535.
[I 2026-06-02 19:21:53,680] Trial 19 finished with value: -2.1472647939059635 and parameters: {'lookback': 24, 'entry_threshold': 2.0, 'exit_threshold': 0.5, 'hold_bars': 24, 'sl_atr_mult': 1.5, 'tp_rr_mult': 2.0}. Best is trial 18 with value: 0.8752839617780535.
[I 2026-06-02 19:21:53,691] Trial 20 finished with value: -0.30999592604661763 and parameters: {'lookback': 72, 'entry_threshold': 2.5, 'exit_threshold': -0.25, 'hold_bars': 6, 'sl_atr_mult': 2.5, 'tp_rr_mult': 2.5}. Best is trial 18 with value: 0.8752839617780535.
[I 2026-06-02 19:21:53,900] Trial 22 finished with value: 0.2991334406356738 and parameters: {'lookback': 24, 'entry_threshold': 3.0, 'exit_threshold': 0.5, 'hold_bars': 18, 'sl_atr_mult': 1.5, 'tp_rr_mult': 2.5}. Best is trial 18 with value: 0.8752839617780535.
[I 2026-06-02 19:21:53,973] Trial 23 finished with value: 0.8752839617780535 and parameters: {'lookback': 24, 'entry_threshold': 3.0, 'exit_threshold': 0.25, 'hold_bars': 24, 'sl_atr_mult': 1.5, 'tp_rr_mult': 2.0}. Best is trial 18 with value: 0.8752839617780535.
[I 2026-06-02 19:21:54,395] Trial 24 finished with value: 0.2527532680762299 and parameters: {'lookback': 24, 'entry_threshold': 3.0, 'exit_threshold': 0.5, 'hold_bars': 18, 'sl_atr_mult': 2.0, 'tp_rr_mult': 2.0}. Best is trial 18 with value: 0.8752839617780535.
C:\Users\הלל\Desktop\algo projects\trading-research-factory\walk forward engine\.venv\lib\site-packages\optuna\samplers\_tpe\sampler.py:319: ExperimentalWarning: ``multivariate`` option is an experimental feature. The interface can change in the future.
  warnings.warn(
[I 2026-06-02 19:21:55,122] A new study created in memory with name: no-name-6df914b5-315a-4705-9891-47fb122ebac7
[I 2026-06-02 19:22:01,032] Trial 1 finished with value: -3.169256524658102 and parameters: {'lookback': 96, 'entry_threshold': 1.5, 'exit_threshold': 0.0, 'hold_bars': 18, 'sl_atr_mult': 2.5, 'tp_rr_mult': 2.5}. Best is trial 1 with value: -3.169256524658102.
[I 2026-06-02 19:22:01,587] Trial 2 finished with value: -3.1315844320208956 and parameters: {'lookback': 96, 'entry_threshold': 1.5, 'exit_threshold': 0.0, 'hold_bars': 18, 'sl_atr_mult': 2.0, 'tp_rr_mult': 2.0}. Best is trial 2 with value: -3.1315844320208956.
[I 2026-06-02 19:22:01,708] Trial 0 finished with value: 0.3353703448990417 and parameters: {'lookback': 24, 'entry_threshold': 2.5, 'exit_threshold': 0.5, 'hold_bars': 6, 'sl_atr_mult': 2.5, 'tp_rr_mult': 2.5}. Best is trial 0 with value: 0.3353703448990417.
[I 2026-06-02 19:22:01,761] Trial 6 finished with value: -3.094637935021672 and parameters: {'lookback': 48, 'entry_threshold': 1.5, 'exit_threshold': 0.5, 'hold_bars': 24, 'sl_atr_mult': 2.5, 'tp_rr_mult': 2.0}. Best is trial 0 with value: 0.3353703448990417.
[I 2026-06-02 19:22:01,852] Trial 4 finished with value: -4.300061774478925 and parameters: {'lookback': 96, 'entry_threshold': 1.5, 'exit_threshold': -0.25, 'hold_bars': 24, 'sl_atr_mult': 2.0, 'tp_rr_mult': 1.0}. Best is trial 0 with value: 0.3353703448990417.
[I 2026-06-02 19:22:01,953] Trial 3 finished with value: -4.982497050999243 and parameters: {'lookback': 24, 'entry_threshold': 1.5, 'exit_threshold': 0.5, 'hold_bars': 18, 'sl_atr_mult': 2.5, 'tp_rr_mult': 2.0}. Best is trial 0 with value: 0.3353703448990417.
[I 2026-06-02 19:22:02,376] Trial 7 finished with value: 0.10333983066397966 and parameters: {'lookback': 96, 'entry_threshold': 3.0, 'exit_threshold': 0.0, 'hold_bars': 18, 'sl_atr_mult': 1.5, 'tp_rr_mult': 2.0}. Best is trial 0 with value: 0.3353703448990417.
[I 2026-06-02 19:22:02,513] Trial 5 finished with value: 0.09049258935804173 and parameters: {'lookback': 96, 'entry_threshold': 3.0, 'exit_threshold': -0.25, 'hold_bars': 18, 'sl_atr_mult': 2.0, 'tp_rr_mult': 1.0}. Best is trial 0 with value: 0.3353703448990417.
[I 2026-06-02 19:22:09,014] Trial 8 finished with value: -0.2915305079893328 and parameters: {'lookback': 24, 'entry_threshold': 2.5, 'exit_threshold': 0.5, 'hold_bars': 24, 'sl_atr_mult': 1.5, 'tp_rr_mult': 2.0}. Best is trial 0 with value: 0.3353703448990417.
[I 2026-06-02 19:22:09,398] Trial 9 finished with value: -0.6074988008743171 and parameters: {'lookback': 48, 'entry_threshold': 2.5, 'exit_threshold': -0.25, 'hold_bars': 6, 'sl_atr_mult': 1.5, 'tp_rr_mult': 2.0}. Best is trial 0 with value: 0.3353703448990417.
[I 2026-06-02 19:22:09,696] Trial 11 finished with value: 0.44149879744744636 and parameters: {'lookback': 24, 'entry_threshold': 3.0, 'exit_threshold': 0.25, 'hold_bars': 24, 'sl_atr_mult': 2.0, 'tp_rr_mult': 2.0}. Best is trial 11 with value: 0.44149879744744636.
[I 2026-06-02 19:22:09,922] Trial 10 finished with value: -0.9564982139317526 and parameters: {'lookback': 72, 'entry_threshold': 3.0, 'exit_threshold': 0.0, 'hold_bars': 12, 'sl_atr_mult': 1.5, 'tp_rr_mult': 1.0}. Best is trial 11 with value: 0.44149879744744636.
[I 2026-06-02 19:22:10,449] Trial 12 finished with value: -1.9685349542972534 and parameters: {'lookback': 48, 'entry_threshold': 2.5, 'exit_threshold': 0.5, 'hold_bars': 24, 'sl_atr_mult': 2.0, 'tp_rr_mult': 2.5}. Best is trial 11 with value: 0.44149879744744636.
[I 2026-06-02 19:22:10,725] Trial 14 finished with value: 0.6795206249563335 and parameters: {'lookback': 24, 'entry_threshold': 2.5, 'exit_threshold': 0.5, 'hold_bars': 18, 'sl_atr_mult': 2.5, 'tp_rr_mult': 2.0}. Best is trial 14 with value: 0.6795206249563335.
[I 2026-06-02 19:22:10,953] Trial 15 finished with value: -3.2110241383486415 and parameters: {'lookback': 48, 'entry_threshold': 1.5, 'exit_threshold': -0.25, 'hold_bars': 6, 'sl_atr_mult': 2.0, 'tp_rr_mult': 2.5}. Best is trial 14 with value: 0.6795206249563335.
[I 2026-06-02 19:22:11,204] Trial 13 finished with value: -1.714144318636015 and parameters: {'lookback': 48, 'entry_threshold': 2.5, 'exit_threshold': 0.0, 'hold_bars': 18, 'sl_atr_mult': 2.0, 'tp_rr_mult': 1.0}. Best is trial 14 with value: 0.6795206249563335.
[I 2026-06-02 19:22:17,266] Trial 16 finished with value: -0.022903844137493495 and parameters: {'lookback': 24, 'entry_threshold': 3.0, 'exit_threshold': -0.25, 'hold_bars': 18, 'sl_atr_mult': 1.5, 'tp_rr_mult': 2.0}. Best is trial 14 with value: 0.6795206249563335.
[I 2026-06-02 19:22:17,796] Trial 17 finished with value: 0.2999416113064041 and parameters: {'lookback': 24, 'entry_threshold': 2.5, 'exit_threshold': 0.5, 'hold_bars': 6, 'sl_atr_mult': 2.5, 'tp_rr_mult': 2.0}. Best is trial 14 with value: 0.6795206249563335.
[I 2026-06-02 19:22:18,146] Trial 19 finished with value: -0.5696088953054668 and parameters: {'lookback': 24, 'entry_threshold': 3.0, 'exit_threshold': 0.5, 'hold_bars': 6, 'sl_atr_mult': 2.5, 'tp_rr_mult': 2.5}. Best is trial 14 with value: 0.6795206249563335.
[I 2026-06-02 19:22:18,921] Trial 21 finished with value: -0.31618661697459205 and parameters: {'lookback': 48, 'entry_threshold': 3.0, 'exit_threshold': 0.0, 'hold_bars': 24, 'sl_atr_mult': 2.0, 'tp_rr_mult': 2.0}. Best is trial 14 with value: 0.6795206249563335.
[I 2026-06-02 19:22:18,940] Trial 18 finished with value: 0.3353703448990417 and parameters: {'lookback': 24, 'entry_threshold': 2.5, 'exit_threshold': 0.5, 'hold_bars': 6, 'sl_atr_mult': 2.5, 'tp_rr_mult': 2.5}. Best is trial 14 with value: 0.6795206249563335.
[I 2026-06-02 19:22:19,065] Trial 20 finished with value: -0.8492803555939117 and parameters: {'lookback': 48, 'entry_threshold': 2.5, 'exit_threshold': 0.25, 'hold_bars': 6, 'sl_atr_mult': 2.5, 'tp_rr_mult': 2.5}. Best is trial 14 with value: 0.6795206249563335.
[I 2026-06-02 19:22:19,104] Trial 22 finished with value: -0.31618661697459205 and parameters: {'lookback': 48, 'entry_threshold': 3.0, 'exit_threshold': 0.0, 'hold_bars': 24, 'sl_atr_mult': 2.0, 'tp_rr_mult': 2.0}. Best is trial 14 with value: 0.6795206249563335.
[I 2026-06-02 19:22:19,156] Trial 23 finished with value: -0.5110427388275309 and parameters: {'lookback': 48, 'entry_threshold': 2.5, 'exit_threshold': 0.0, 'hold_bars': 18, 'sl_atr_mult': 2.5, 'tp_rr_mult': 2.0}. Best is trial 14 with value: 0.6795206249563335.
[I 2026-06-02 19:22:19,800] Trial 24 finished with value: 0.20755217438811133 and parameters: {'lookback': 24, 'entry_threshold': 2.5, 'exit_threshold': 0.5, 'hold_bars': 24, 'sl_atr_mult': 2.5, 'tp_rr_mult': 1.5}. Best is trial 14 with value: 0.6795206249563335.
C:\Users\הלל\Desktop\algo projects\trading-research-factory\walk forward engine\.venv\lib\site-packages\optuna\samplers\_tpe\sampler.py:319: ExperimentalWarning: ``multivariate`` option is an experimental feature. The interface can change in the future.
  warnings.warn(
[I 2026-06-02 19:22:21,028] A new study created in memory with name: no-name-afbad516-801e-4e59-9367-c2605bb6b224
