[I 2026-06-02 19:12:39,237] Trial 18 finished with value: 0.543113196871978 and parameters: {'lookback': 48, 'entry_threshold': 3.0, 'exit_threshold': 0.5, 'hold_bars': 12, 'sl_atr_mult': 2.0, 'tp_rr_mult': 1.0}. Best is trial 4 with value: 1.8963501006631107.
[I 2026-06-02 19:12:39,585] Trial 20 finished with value: 1.8963501006631107 and parameters: {'lookback': 72, 'entry_threshold': 3.0, 'exit_threshold': 0.5, 'hold_bars': 12, 'sl_atr_mult': 1.5, 'tp_rr_mult': 1.0}. Best is trial 4 with value: 1.8963501006631107.
[I 2026-06-02 19:12:39,790] Trial 19 finished with value: 0.16599745619836725 and parameters: {'lookback': 96, 'entry_threshold': 3.0, 'exit_threshold': 0.5, 'hold_bars': 18, 'sl_atr_mult': 1.5, 'tp_rr_mult': 1.0}. Best is trial 4 with value: 1.8963501006631107.
[I 2026-06-02 19:12:39,957] Trial 22 finished with value: -0.09964926546464456 and parameters: {'lookback': 96, 'entry_threshold': 2.5, 'exit_threshold': 0.5, 'hold_bars': 18, 'sl_atr_mult': 1.5, 'tp_rr_mult': 1.0}. Best is trial 4 with value: 1.8963501006631107.
[I 2026-06-02 19:12:40,095] Trial 23 finished with value: 1.8963501006631107 and parameters: {'lookback': 72, 'entry_threshold': 3.0, 'exit_threshold': 0.5, 'hold_bars': 12, 'sl_atr_mult': 1.5, 'tp_rr_mult': 1.0}. Best is trial 4 with value: 1.8963501006631107.
[I 2026-06-02 19:12:40,168] Trial 21 finished with value: 2.493369459429498 and parameters: {'lookback': 72, 'entry_threshold': 3.0, 'exit_threshold': 0.5, 'hold_bars': 12, 'sl_atr_mult': 2.0, 'tp_rr_mult': 1.5}. Best is trial 21 with value: 2.493369459429498.
[I 2026-06-02 19:12:40,778] Trial 24 finished with value: -0.25151804732227806 and parameters: {'lookback': 48, 'entry_threshold': 3.0, 'exit_threshold': 0.25, 'hold_bars': 12, 'sl_atr_mult': 1.5, 'tp_rr_mult': 1.0}. Best is trial 21 with value: 2.493369459429498.
C:\Users\הלל\Desktop\algo projects\trading-research-factory\walk forward engine\.venv\lib\site-packages\optuna\samplers\_tpe\sampler.py:319: ExperimentalWarning: ``multivariate`` option is an experimental feature. The interface can change in the future.
  warnings.warn(
[I 2026-06-02 19:12:42,092] A new study created in memory with name: no-name-fa3990b9-947f-4287-bd0c-79c079a23eee
[I 2026-06-02 19:12:47,345] Trial 4 finished with value: -0.7146044650319543 and parameters: {'lookback': 24, 'entry_threshold': 3.0, 'exit_threshold': 0.0, 'hold_bars': 18, 'sl_atr_mult': 2.5, 'tp_rr_mult': 2.0}. Best is trial 4 with value: -0.7146044650319543.
[I 2026-06-02 19:12:47,450] Trial 0 finished with value: -2.008872455594156 and parameters: {'lookback': 24, 'entry_threshold': 2.0, 'exit_threshold': 0.25, 'hold_bars': 24, 'sl_atr_mult': 2.5, 'tp_rr_mult': 2.0}. Best is trial 4 with value: -0.7146044650319543.
[I 2026-06-02 19:12:47,525] Trial 7 finished with value: 0.18904443914051747 and parameters: {'lookback': 48, 'entry_threshold': 2.5, 'exit_threshold': 0.5, 'hold_bars': 6, 'sl_atr_mult': 2.5, 'tp_rr_mult': 2.0}. Best is trial 7 with value: 0.18904443914051747.
[I 2026-06-02 19:12:47,703] Trial 1 finished with value: 1.0445544161551163 and parameters: {'lookback': 72, 'entry_threshold': 2.5, 'exit_threshold': 0.25, 'hold_bars': 18, 'sl_atr_mult': 2.5, 'tp_rr_mult': 1.5}. Best is trial 1 with value: 1.0445544161551163.
[I 2026-06-02 19:12:47,747] Trial 5 finished with value: 0.015666677907893275 and parameters: {'lookback': 48, 'entry_threshold': 2.0, 'exit_threshold': -0.25, 'hold_bars': 12, 'sl_atr_mult': 2.5, 'tp_rr_mult': 1.0}. Best is trial 1 with value: 1.0445544161551163.
[I 2026-06-02 19:12:47,854] Trial 6 finished with value: -1.4945512363639035 and parameters: {'lookback': 72, 'entry_threshold': 1.5, 'exit_threshold': -0.25, 'hold_bars': 24, 'sl_atr_mult': 1.5, 'tp_rr_mult': 2.0}. Best is trial 1 with value: 1.0445544161551163.
[I 2026-06-02 19:12:47,977] Trial 3 finished with value: 1.2002101594326822 and parameters: {'lookback': 96, 'entry_threshold': 2.0, 'exit_threshold': 0.0, 'hold_bars': 6, 'sl_atr_mult': 2.5, 'tp_rr_mult': 2.5}. Best is trial 3 with value: 1.2002101594326822.
[I 2026-06-02 19:12:48,027] Trial 2 finished with value: 0.6283670668697281 and parameters: {'lookback': 96, 'entry_threshold': 3.0, 'exit_threshold': -0.25, 'hold_bars': 12, 'sl_atr_mult': 1.5, 'tp_rr_mult': 2.0}. Best is trial 3 with value: 1.2002101594326822.
[I 2026-06-02 19:12:51,915] Trial 11 finished with value: 0.45392627994216167 and parameters: {'lookback': 48, 'entry_threshold': 2.5, 'exit_threshold': 0.0, 'hold_bars': 6, 'sl_atr_mult': 2.5, 'tp_rr_mult': 1.5}. Best is trial 3 with value: 1.2002101594326822.
[I 2026-06-02 19:12:51,986] Trial 10 finished with value: 0.5826943973420168 and parameters: {'lookback': 48, 'entry_threshold': 3.0, 'exit_threshold': 0.0, 'hold_bars': 6, 'sl_atr_mult': 2.0, 'tp_rr_mult': 2.0}. Best is trial 3 with value: 1.2002101594326822.
[I 2026-06-02 19:12:52,201] Trial 9 finished with value: -0.19070742599238713 and parameters: {'lookback': 48, 'entry_threshold': 2.5, 'exit_threshold': 0.0, 'hold_bars': 12, 'sl_atr_mult': 2.0, 'tp_rr_mult': 1.0}. Best is trial 3 with value: 1.2002101594326822.
[I 2026-06-02 19:12:52,292] Trial 12 finished with value: -4.946563093743068 and parameters: {'lookback': 24, 'entry_threshold': 1.5, 'exit_threshold': 0.0, 'hold_bars': 24, 'sl_atr_mult': 1.5, 'tp_rr_mult': 1.0}. Best is trial 3 with value: 1.2002101594326822.
[I 2026-06-02 19:12:52,478] Trial 14 finished with value: -2.3556589635940153 and parameters: {'lookback': 24, 'entry_threshold': 2.0, 'exit_threshold': 0.0, 'hold_bars': 6, 'sl_atr_mult': 2.5, 'tp_rr_mult': 2.0}. Best is trial 3 with value: 1.2002101594326822.
[I 2026-06-02 19:12:52,595] Trial 13 finished with value: 0.7229724206495365 and parameters: {'lookback': 24, 'entry_threshold': 3.0, 'exit_threshold': 0.5, 'hold_bars': 24, 'sl_atr_mult': 2.5, 'tp_rr_mult': 1.0}. Best is trial 3 with value: 1.2002101594326822.
[I 2026-06-02 19:12:52,634] Trial 8 finished with value: 1.9003721999817496 and parameters: {'lookback': 96, 'entry_threshold': 2.0, 'exit_threshold': 0.25, 'hold_bars': 24, 'sl_atr_mult': 2.5, 'tp_rr_mult': 2.0}. Best is trial 8 with value: 1.9003721999817496.
[I 2026-06-02 19:12:52,871] Trial 15 finished with value: -3.4206141574763342 and parameters: {'lookback': 24, 'entry_threshold': 1.5, 'exit_threshold': 0.25, 'hold_bars': 24, 'sl_atr_mult': 2.0, 'tp_rr_mult': 2.0}. Best is trial 8 with value: 1.9003721999817496.
[I 2026-06-02 19:12:56,136] Trial 16 finished with value: 0.6844593712894304 and parameters: {'lookback': 48, 'entry_threshold': 3.0, 'exit_threshold': 0.0, 'hold_bars': 24, 'sl_atr_mult': 2.5, 'tp_rr_mult': 2.5}. Best is trial 8 with value: 1.9003721999817496.
[I 2026-06-02 19:12:56,309] Trial 18 finished with value: 0.5000213443638054 and parameters: {'lookback': 96, 'entry_threshold': 2.5, 'exit_threshold': 0.0, 'hold_bars': 6, 'sl_atr_mult': 2.5, 'tp_rr_mult': 2.5}. Best is trial 8 with value: 1.9003721999817496.
[I 2026-06-02 19:12:56,464] Trial 22 finished with value: 1.5666090816917786 and parameters: {'lookback': 96, 'entry_threshold': 2.0, 'exit_threshold': 0.25, 'hold_bars': 6, 'sl_atr_mult': 2.5, 'tp_rr_mult': 2.5}. Best is trial 8 with value: 1.9003721999817496.
[I 2026-06-02 19:12:56,523] Trial 17 finished with value: 0.099694155470257 and parameters: {'lookback': 96, 'entry_threshold': 1.5, 'exit_threshold': 0.0, 'hold_bars': 6, 'sl_atr_mult': 2.0, 'tp_rr_mult': 2.5}. Best is trial 8 with value: 1.9003721999817496.
[I 2026-06-02 19:12:56,698] Trial 19 finished with value: -0.08489599237931172 and parameters: {'lookback': 96, 'entry_threshold': 1.5, 'exit_threshold': 0.0, 'hold_bars': 6, 'sl_atr_mult': 2.5, 'tp_rr_mult': 2.0}. Best is trial 8 with value: 1.9003721999817496.
[I 2026-06-02 19:12:56,698] Trial 21 finished with value: 1.2002101594326822 and parameters: {'lookback': 96, 'entry_threshold': 2.0, 'exit_threshold': 0.0, 'hold_bars': 6, 'sl_atr_mult': 2.5, 'tp_rr_mult': 2.5}. Best is trial 8 with value: 1.9003721999817496.
[I 2026-06-02 19:12:56,846] Trial 20 finished with value: 0.03173079417252361 and parameters: {'lookback': 96, 'entry_threshold': 1.5, 'exit_threshold': 0.0, 'hold_bars': 6, 'sl_atr_mult': 2.5, 'tp_rr_mult': 2.5}. Best is trial 8 with value: 1.9003721999817496.
[I 2026-06-02 19:12:56,868] Trial 23 finished with value: 1.5666090816917786 and parameters: {'lookback': 96, 'entry_threshold': 2.0, 'exit_threshold': 0.25, 'hold_bars': 6, 'sl_atr_mult': 2.5, 'tp_rr_mult': 2.5}. Best is trial 8 with value: 1.9003721999817496.
[I 2026-06-02 19:12:57,099] Trial 24 finished with value: 1.013787522949838 and parameters: {'lookback': 96, 'entry_threshold': 2.0, 'exit_threshold': -0.25, 'hold_bars': 6, 'sl_atr_mult': 2.5, 'tp_rr_mult': 2.5}. Best is trial 8 with value: 1.9003721999817496.
C:\Users\הלל\Desktop\algo projects\trading-research-factory\walk forward engine\.venv\lib\site-packages\optuna\samplers\_tpe\sampler.py:319: ExperimentalWarning: ``multivariate`` option is an experimental feature. The interface can change in the future.
  warnings.warn(
[I 2026-06-02 19:12:57,477] A new study created in memory with name: no-name-e46dd8d0-8342-40aa-b49d-8f38e9918c57
[I 2026-06-02 19:13:01,092] Trial 0 finished with value: -1.534161618843257 and parameters: {'lookback': 48, 'entry_threshold': 3.0, 'exit_threshold': -0.25, 'hold_bars': 6, 'sl_atr_mult': 2.5, 'tp_rr_mult': 1.0}. Best is trial 0 with value: -1.534161618843257.
[I 2026-06-02 19:13:01,175] Trial 2 finished with value: -3.9785849887612077 and parameters: {'lookback': 24, 'entry_threshold': 2.0, 'exit_threshold': -0.25, 'hold_bars': 6, 'sl_atr_mult': 2.5, 'tp_rr_mult': 2.5}. Best is trial 0 with value: -1.534161618843257.
[I 2026-06-02 19:13:01,181] Trial 1 finished with value: -5.287731683959873 and parameters: {'lookback': 48, 'entry_threshold': 1.5, 'exit_threshold': 0.5, 'hold_bars': 6, 'sl_atr_mult': 2.5, 'tp_rr_mult': 2.5}. Best is trial 0 with value: -1.534161618843257.
[I 2026-06-02 19:13:01,618] Trial 6 finished with value: -1.336928854163844 and parameters: {'lookback': 48, 'entry_threshold': 2.5, 'exit_threshold': 0.5, 'hold_bars': 24, 'sl_atr_mult': 2.5, 'tp_rr_mult': 2.5}. Best is trial 6 with value: -1.336928854163844.
[I 2026-06-02 19:13:01,738] Trial 4 finished with value: -1.8228501923328586 and parameters: {'lookback': 96, 'entry_threshold': 3.0, 'exit_threshold': 0.0, 'hold_bars': 12, 'sl_atr_mult': 1.5, 'tp_rr_mult': 1.5}. Best is trial 6 with value: -1.336928854163844.
[I 2026-06-02 19:13:01,764] Trial 7 finished with value: -4.116107803317538 and parameters: {'lookback': 24, 'entry_threshold': 2.0, 'exit_threshold': -0.25, 'hold_bars': 12, 'sl_atr_mult': 1.5, 'tp_rr_mult': 1.5}. Best is trial 6 with value: -1.336928854163844.
[I 2026-06-02 19:13:01,840] Trial 3 finished with value: -0.8850284054496965 and parameters: {'lookback': 72, 'entry_threshold': 2.5, 'exit_threshold': -0.25, 'hold_bars': 12, 'sl_atr_mult': 2.5, 'tp_rr_mult': 1.5}. Best is trial 3 with value: -0.8850284054496965.
[I 2026-06-02 19:13:02,051] Trial 5 finished with value: -1.5670068000502058 and parameters: {'lookback': 96, 'entry_threshold': 2.0, 'exit_threshold': 0.5, 'hold_bars': 18, 'sl_atr_mult': 2.5, 'tp_rr_mult': 2.0}. Best is trial 3 with value: -0.8850284054496965.
[I 2026-06-02 19:13:05,492] Trial 8 finished with value: -2.5736251217979946 and parameters: {'lookback': 24, 'entry_threshold': 2.5, 'exit_threshold': -0.25, 'hold_bars': 6, 'sl_atr_mult': 1.5, 'tp_rr_mult': 2.0}. Best is trial 3 with value: -0.8850284054496965.
[I 2026-06-02 19:13:05,549] Trial 10 finished with value: -2.6130660128248193 and parameters: {'lookback': 24, 'entry_threshold': 2.5, 'exit_threshold': -0.25, 'hold_bars': 6, 'sl_atr_mult': 2.0, 'tp_rr_mult': 2.0}. Best is trial 3 with value: -0.8850284054496965.
[I 2026-06-02 19:13:05,787] Trial 9 finished with value: -1.949575959023477 and parameters: {'lookback': 24, 'entry_threshold': 3.0, 'exit_threshold': 0.0, 'hold_bars': 18, 'sl_atr_mult': 2.0, 'tp_rr_mult': 2.0}. Best is trial 3 with value: -0.8850284054496965.
[I 2026-06-02 19:13:06,115] Trial 12 finished with value: -6.095950221290725 and parameters: {'lookback': 48, 'entry_threshold': 1.5, 'exit_threshold': 0.5, 'hold_bars': 12, 'sl_atr_mult': 1.5, 'tp_rr_mult': 1.5}. Best is trial 3 with value: -0.8850284054496965.
[I 2026-06-02 19:13:06,400] Trial 14 finished with value: -0.6788949179283376 and parameters: {'lookback': 72, 'entry_threshold': 2.5, 'exit_threshold': -0.25, 'hold_bars': 12, 'sl_atr_mult': 1.5, 'tp_rr_mult': 2.0}. Best is trial 14 with value: -0.6788949179283376.
[I 2026-06-02 19:13:06,421] Trial 13 finished with value: -4.083403195921502 and parameters: {'lookback': 24, 'entry_threshold': 2.0, 'exit_threshold': 0.25, 'hold_bars': 24, 'sl_atr_mult': 1.5, 'tp_rr_mult': 1.5}. Best is trial 14 with value: -0.6788949179283376.
[I 2026-06-02 19:13:06,603] Trial 15 finished with value: -1.534161618843257 and parameters: {'lookback': 48, 'entry_threshold': 3.0, 'exit_threshold': -0.25, 'hold_bars': 6, 'sl_atr_mult': 2.5, 'tp_rr_mult': 1.0}. Best is trial 14 with value: -0.6788949179283376.
[I 2026-06-02 19:13:06,735] Trial 11 finished with value: -4.348552319157109 and parameters: {'lookback': 72, 'entry_threshold': 1.5, 'exit_threshold': 0.5, 'hold_bars': 6, 'sl_atr_mult': 2.5, 'tp_rr_mult': 2.0}. Best is trial 14 with value: -0.6788949179283376.
[I 2026-06-02 19:13:09,690] Trial 16 finished with value: -1.6249806356876122 and parameters: {'lookback': 24, 'entry_threshold': 3.0, 'exit_threshold': -0.25, 'hold_bars': 18, 'sl_atr_mult': 1.5, 'tp_rr_mult': 2.5}. Best is trial 14 with value: -0.6788949179283376.
[I 2026-06-02 19:13:09,916] Trial 18 finished with value: -1.5664275324411636 and parameters: {'lookback': 48, 'entry_threshold': 2.5, 'exit_threshold': 0.25, 'hold_bars': 24, 'sl_atr_mult': 2.5, 'tp_rr_mult': 2.5}. Best is trial 14 with value: -0.6788949179283376.
[I 2026-06-02 19:13:10,025] Trial 17 finished with value: -2.849455328717801 and parameters: {'lookback': 96, 'entry_threshold': 2.0, 'exit_threshold': -0.25, 'hold_bars': 18, 'sl_atr_mult': 2.5, 'tp_rr_mult': 2.0}. Best is trial 14 with value: -0.6788949179283376.
[I 2026-06-02 19:13:10,295] Trial 21 finished with value: -2.9397757964554914 and parameters: {'lookback': 72, 'entry_threshold': 2.0, 'exit_threshold': 0.0, 'hold_bars': 12, 'sl_atr_mult': 2.5, 'tp_rr_mult': 1.5}. Best is trial 14 with value: -0.6788949179283376.
[I 2026-06-02 19:13:10,358] Trial 19 finished with value: -1.336928854163844 and parameters: {'lookback': 48, 'entry_threshold': 2.5, 'exit_threshold': 0.5, 'hold_bars': 24, 'sl_atr_mult': 2.5, 'tp_rr_mult': 2.5}. Best is trial 14 with value: -0.6788949179283376.
[I 2026-06-02 19:13:10,550] Trial 20 finished with value: -2.4918311597370333 and parameters: {'lookback': 96, 'entry_threshold': 2.5, 'exit_threshold': 0.0, 'hold_bars': 12, 'sl_atr_mult': 2.5, 'tp_rr_mult': 1.5}. Best is trial 14 with value: -0.6788949179283376.
[I 2026-06-02 19:13:10,562] Trial 22 finished with value: -0.9039030000408157 and parameters: {'lookback': 72, 'entry_threshold': 2.5, 'exit_threshold': -0.25, 'hold_bars': 12, 'sl_atr_mult': 2.5, 'tp_rr_mult': 2.0}. Best is trial 14 with value: -0.6788949179283376.
[I 2026-06-02 19:13:10,738] Trial 23 finished with value: -0.2691615806266649 and parameters: {'lookback': 72, 'entry_threshold': 2.5, 'exit_threshold': -0.25, 'hold_bars': 18, 'sl_atr_mult': 1.5, 'tp_rr_mult': 2.5}. Best is trial 23 with value: -0.2691615806266649.
[I 2026-06-02 19:13:11,097] Trial 24 finished with value: -2.6065153830090164 and parameters: {'lookback': 72, 'entry_threshold': 2.0, 'exit_threshold': -0.25, 'hold_bars': 12, 'sl_atr_mult': 2.0, 'tp_rr_mult': 2.0}. Best is trial 23 with value: -0.2691615806266649.
C:\Users\הלל\Desktop\algo projects\trading-research-factory\walk forward engine\.venv\lib\site-packages\optuna\samplers\_tpe\sampler.py:319: ExperimentalWarning: ``multivariate`` option is an experimental feature. The interface can change in the future.
  warnings.warn(
[I 2026-06-02 19:13:11,841] A new study created in memory with name: no-name-05f45497-7d87-41a7-aa7f-b5ac2802ce1d
[I 2026-06-02 19:13:17,376] Trial 5 finished with value: -7.157864424437039 and parameters: {'lookback': 48, 'entry_threshold': 1.5, 'exit_threshold': 0.25, 'hold_bars': 24, 'sl_atr_mult': 2.5, 'tp_rr_mult': 1.5}. Best is trial 5 with value: -7.157864424437039.
[I 2026-06-02 19:13:17,525] Trial 7 finished with value: -4.878657610339584 and parameters: {'lookback': 48, 'entry_threshold': 2.5, 'exit_threshold': 0.5, 'hold_bars': 12, 'sl_atr_mult': 1.5, 'tp_rr_mult': 1.0}. Best is trial 7 with value: -4.878657610339584.
[I 2026-06-02 19:13:17,576] Trial 4 finished with value: -5.023113210632012 and parameters: {'lookback': 48, 'entry_threshold': 3.0, 'exit_threshold': 0.25, 'hold_bars': 6, 'sl_atr_mult': 2.5, 'tp_rr_mult': 2.5}. Best is trial 7 with value: -4.878657610339584.
[I 2026-06-02 19:13:17,724] Trial 1 finished with value: -5.436261712555511 and parameters: {'lookback': 48, 'entry_threshold': 2.5, 'exit_threshold': -0.25, 'hold_bars': 18, 'sl_atr_mult': 2.5, 'tp_rr_mult': 2.5}. Best is trial 7 with value: -4.878657610339584.
[I 2026-06-02 19:13:17,986] Trial 2 finished with value: -7.240958636078614 and parameters: {'lookback': 72, 'entry_threshold': 1.5, 'exit_threshold': 0.0, 'hold_bars': 18, 'sl_atr_mult': 2.5, 'tp_rr_mult': 1.0}. Best is trial 7 with value: -4.878657610339584.
[I 2026-06-02 19:13:18,275] Trial 0 finished with value: -4.897701485821197 and parameters: {'lookback': 72, 'entry_threshold': 3.0, 'exit_threshold': 0.0, 'hold_bars': 18, 'sl_atr_mult': 2.5, 'tp_rr_mult': 2.0}. Best is trial 7 with value: -4.878657610339584.
[I 2026-06-02 19:13:18,357] Trial 3 finished with value: -6.571865412626691 and parameters: {'lookback': 72, 'entry_threshold': 1.5, 'exit_threshold': 0.0, 'hold_bars': 18, 'sl_atr_mult': 2.5, 'tp_rr_mult': 2.0}. Best is trial 7 with value: -4.878657610339584.
[I 2026-06-02 19:13:18,375] Trial 6 finished with value: -6.003542457311967 and parameters: {'lookback': 48, 'entry_threshold': 2.0, 'exit_threshold': 0.0, 'hold_bars': 12, 'sl_atr_mult': 2.0, 'tp_rr_mult': 1.0}. Best is trial 7 with value: -4.878657610339584.
[I 2026-06-02 19:13:21,745] Trial 8 finished with value: -4.660085825374256 and parameters: {'lookback': 72, 'entry_threshold': 2.5, 'exit_threshold': 0.25, 'hold_bars': 18, 'sl_atr_mult': 2.0, 'tp_rr_mult': 1.0}. Best is trial 8 with value: -4.660085825374256.
[I 2026-06-02 19:13:22,007] Trial 10 finished with value: -7.42022259384027 and parameters: {'lookback': 48, 'entry_threshold': 1.5, 'exit_threshold': 0.25, 'hold_bars': 18, 'sl_atr_mult': 1.5, 'tp_rr_mult': 1.0}. Best is trial 8 with value: -4.660085825374256.
[I 2026-06-02 19:13:22,048] Trial 11 finished with value: -4.760042493285361 and parameters: {'lookback': 96, 'entry_threshold': 2.5, 'exit_threshold': 0.0, 'hold_bars': 12, 'sl_atr_mult': 2.5, 'tp_rr_mult': 1.5}. Best is trial 8 with value: -4.660085825374256.
[I 2026-06-02 19:13:22,225] Trial 9 finished with value: -3.48609343692819 and parameters: {'lookback': 72, 'entry_threshold': 2.0, 'exit_threshold': 0.5, 'hold_bars': 12, 'sl_atr_mult': 2.0, 'tp_rr_mult': 1.5}. Best is trial 9 with value: -3.48609343692819.
[I 2026-06-02 19:13:22,478] Trial 13 finished with value: -3.4827538547135477 and parameters: {'lookback': 24, 'entry_threshold': 3.0, 'exit_threshold': 0.25, 'hold_bars': 24, 'sl_atr_mult': 2.5, 'tp_rr_mult': 1.5}. Best is trial 13 with value: -3.4827538547135477.
[I 2026-06-02 19:13:22,669] Trial 12 finished with value: -7.372160306150075 and parameters: {'lookback': 72, 'entry_threshold': 1.5, 'exit_threshold': 0.0, 'hold_bars': 12, 'sl_atr_mult': 1.5, 'tp_rr_mult': 1.0}. Best is trial 13 with value: -3.4827538547135477.
[I 2026-06-02 19:13:22,804] Trial 14 finished with value: -3.1198674164376756 and parameters: {'lookback': 96, 'entry_threshold': 2.5, 'exit_threshold': 0.5, 'hold_bars': 12, 'sl_atr_mult': 2.5, 'tp_rr_mult': 2.5}. Best is trial 14 with value: -3.1198674164376756.
[I 2026-06-02 19:13:23,244] Trial 15 finished with value: -5.595987116407968 and parameters: {'lookback': 24, 'entry_threshold': 2.5, 'exit_threshold': 0.25, 'hold_bars': 12, 'sl_atr_mult': 2.0, 'tp_rr_mult': 1.5}. Best is trial 14 with value: -3.1198674164376756.
[I 2026-06-02 19:13:28,281] Trial 17 finished with value: -5.2458273143627165 and parameters: {'lookback': 96, 'entry_threshold': 3.0, 'exit_threshold': 0.25, 'hold_bars': 24, 'sl_atr_mult': 2.0, 'tp_rr_mult': 1.0}. Best is trial 14 with value: -3.1198674164376756.
[I 2026-06-02 19:13:28,479] Trial 21 finished with value: -3.4827538547135477 and parameters: {'lookback': 24, 'entry_threshold': 3.0, 'exit_threshold': 0.25, 'hold_bars': 18, 'sl_atr_mult': 2.5, 'tp_rr_mult': 1.5}. Best is trial 14 with value: -3.1198674164376756.
[I 2026-06-02 19:13:28,508] Trial 16 finished with value: -5.151536992574905 and parameters: {'lookback': 72, 'entry_threshold': 3.0, 'exit_threshold': 0.0, 'hold_bars': 12, 'sl_atr_mult': 1.5, 'tp_rr_mult': 1.5}. Best is trial 14 with value: -3.1198674164376756.
[I 2026-06-02 19:13:28,713] Trial 20 finished with value: -3.4036350390024523 and parameters: {'lookback': 24, 'entry_threshold': 3.0, 'exit_threshold': 0.5, 'hold_bars': 24, 'sl_atr_mult': 2.5, 'tp_rr_mult': 1.5}. Best is trial 14 with value: -3.1198674164376756.
[I 2026-06-02 19:13:28,737] Trial 22 finished with value: -3.627309373520823 and parameters: {'lookback': 24, 'entry_threshold': 3.0, 'exit_threshold': 0.25, 'hold_bars': 24, 'sl_atr_mult': 2.5, 'tp_rr_mult': 1.0}. Best is trial 14 with value: -3.1198674164376756.
