[I 2026-06-02 19:19:04,725] Trial 17 finished with value: 0.3357238950164168 and parameters: {'lookback': 48, 'entry_threshold': 3.0, 'exit_threshold': 0.25, 'hold_bars': 18, 'sl_atr_mult': 2.0, 'tp_rr_mult': 1.0}. Best is trial 8 with value: 0.3357238950164168.
[I 2026-06-02 19:19:05,181] Trial 16 finished with value: -0.8824337394629185 and parameters: {'lookback': 72, 'entry_threshold': 2.5, 'exit_threshold': -0.25, 'hold_bars': 6, 'sl_atr_mult': 2.0, 'tp_rr_mult': 2.0}. Best is trial 8 with value: 0.3357238950164168.
[I 2026-06-02 19:19:05,277] Trial 20 finished with value: -0.7968362729369686 and parameters: {'lookback': 24, 'entry_threshold': 3.0, 'exit_threshold': 0.5, 'hold_bars': 18, 'sl_atr_mult': 2.0, 'tp_rr_mult': 1.5}. Best is trial 8 with value: 0.3357238950164168.
[I 2026-06-02 19:19:05,690] Trial 18 finished with value: -1.1678473866302888 and parameters: {'lookback': 48, 'entry_threshold': 2.5, 'exit_threshold': 0.5, 'hold_bars': 18, 'sl_atr_mult': 2.0, 'tp_rr_mult': 2.5}. Best is trial 8 with value: 0.3357238950164168.
[I 2026-06-02 19:19:05,824] Trial 21 finished with value: -0.7746050555034509 and parameters: {'lookback': 48, 'entry_threshold': 2.5, 'exit_threshold': 0.25, 'hold_bars': 24, 'sl_atr_mult': 2.0, 'tp_rr_mult': 2.5}. Best is trial 8 with value: 0.3357238950164168.
[I 2026-06-02 19:19:05,824] Trial 19 finished with value: 0.3357238950164168 and parameters: {'lookback': 48, 'entry_threshold': 3.0, 'exit_threshold': 0.25, 'hold_bars': 12, 'sl_atr_mult': 2.0, 'tp_rr_mult': 1.0}. Best is trial 8 with value: 0.3357238950164168.
[I 2026-06-02 19:19:05,999] Trial 22 finished with value: -0.09787847195228098 and parameters: {'lookback': 96, 'entry_threshold': 2.5, 'exit_threshold': 0.5, 'hold_bars': 24, 'sl_atr_mult': 1.5, 'tp_rr_mult': 2.0}. Best is trial 8 with value: 0.3357238950164168.
[I 2026-06-02 19:19:06,128] Trial 23 finished with value: -0.8287330005299017 and parameters: {'lookback': 24, 'entry_threshold': 3.0, 'exit_threshold': 0.5, 'hold_bars': 18, 'sl_atr_mult': 2.0, 'tp_rr_mult': 1.0}. Best is trial 8 with value: 0.3357238950164168.
[I 2026-06-02 19:19:06,361] Trial 24 finished with value: 0.3244285024166597 and parameters: {'lookback': 48, 'entry_threshold': 3.0, 'exit_threshold': 0.25, 'hold_bars': 18, 'sl_atr_mult': 1.5, 'tp_rr_mult': 1.0}. Best is trial 8 with value: 0.3357238950164168.
C:\Users\הלל\Desktop\algo projects\trading-research-factory\walk forward engine\.venv\lib\site-packages\optuna\samplers\_tpe\sampler.py:319: ExperimentalWarning: ``multivariate`` option is an experimental feature. The interface can change in the future.
  warnings.warn(
[I 2026-06-02 19:19:06,946] A new study created in memory with name: no-name-5b783b8a-6aa3-4b21-a191-27275cc34680
[I 2026-06-02 19:19:12,025] Trial 0 finished with value: -2.0085978037159222 and parameters: {'lookback': 48, 'entry_threshold': 1.5, 'exit_threshold': 0.25, 'hold_bars': 18, 'sl_atr_mult': 2.5, 'tp_rr_mult': 2.0}. Best is trial 0 with value: -2.0085978037159222.
[I 2026-06-02 19:19:12,225] Trial 2 finished with value: 1.529822129000764 and parameters: {'lookback': 24, 'entry_threshold': 2.5, 'exit_threshold': 0.0, 'hold_bars': 6, 'sl_atr_mult': 1.5, 'tp_rr_mult': 1.5}. Best is trial 2 with value: 1.529822129000764.
[I 2026-06-02 19:19:12,431] Trial 4 finished with value: 2.2998159976042944 and parameters: {'lookback': 48, 'entry_threshold': 3.0, 'exit_threshold': 0.0, 'hold_bars': 18, 'sl_atr_mult': 2.5, 'tp_rr_mult': 2.0}. Best is trial 4 with value: 2.2998159976042944.
[I 2026-06-02 19:19:12,508] Trial 1 finished with value: 2.156703683760159 and parameters: {'lookback': 48, 'entry_threshold': 3.0, 'exit_threshold': 0.5, 'hold_bars': 12, 'sl_atr_mult': 2.5, 'tp_rr_mult': 1.0}. Best is trial 4 with value: 2.2998159976042944.
[I 2026-06-02 19:19:12,539] Trial 5 finished with value: 0.8840683564856923 and parameters: {'lookback': 48, 'entry_threshold': 2.5, 'exit_threshold': 0.5, 'hold_bars': 18, 'sl_atr_mult': 2.0, 'tp_rr_mult': 1.0}. Best is trial 4 with value: 2.2998159976042944.
[I 2026-06-02 19:19:12,677] Trial 3 finished with value: -0.8349170648890307 and parameters: {'lookback': 48, 'entry_threshold': 2.0, 'exit_threshold': 0.25, 'hold_bars': 18, 'sl_atr_mult': 1.5, 'tp_rr_mult': 1.0}. Best is trial 4 with value: 2.2998159976042944.
[I 2026-06-02 19:19:12,778] Trial 7 finished with value: 1.9045261364193882 and parameters: {'lookback': 48, 'entry_threshold': 3.0, 'exit_threshold': -0.25, 'hold_bars': 12, 'sl_atr_mult': 1.5, 'tp_rr_mult': 1.5}. Best is trial 4 with value: 2.2998159976042944.
[I 2026-06-02 19:19:12,938] Trial 6 finished with value: 0.889083024430067 and parameters: {'lookback': 72, 'entry_threshold': 2.5, 'exit_threshold': 0.0, 'hold_bars': 24, 'sl_atr_mult': 2.0, 'tp_rr_mult': 1.5}. Best is trial 4 with value: 2.2998159976042944.
[I 2026-06-02 19:19:17,443] Trial 8 finished with value: 1.9364368845749913 and parameters: {'lookback': 48, 'entry_threshold': 3.0, 'exit_threshold': 0.5, 'hold_bars': 12, 'sl_atr_mult': 2.0, 'tp_rr_mult': 2.5}. Best is trial 4 with value: 2.2998159976042944.
[I 2026-06-02 19:19:17,777] Trial 10 finished with value: 1.076992012016994 and parameters: {'lookback': 96, 'entry_threshold': 3.0, 'exit_threshold': 0.25, 'hold_bars': 6, 'sl_atr_mult': 2.0, 'tp_rr_mult': 1.0}. Best is trial 4 with value: 2.2998159976042944.
[I 2026-06-02 19:19:17,921] Trial 9 finished with value: 1.338943516670475 and parameters: {'lookback': 48, 'entry_threshold': 2.5, 'exit_threshold': 0.0, 'hold_bars': 6, 'sl_atr_mult': 1.5, 'tp_rr_mult': 1.5}. Best is trial 4 with value: 2.2998159976042944.
[I 2026-06-02 19:19:18,171] Trial 11 finished with value: -4.379893224577035 and parameters: {'lookback': 72, 'entry_threshold': 1.5, 'exit_threshold': -0.25, 'hold_bars': 12, 'sl_atr_mult': 2.5, 'tp_rr_mult': 1.5}. Best is trial 4 with value: 2.2998159976042944.
[I 2026-06-02 19:19:18,213] Trial 12 finished with value: -2.8898457830845836 and parameters: {'lookback': 72, 'entry_threshold': 1.5, 'exit_threshold': 0.5, 'hold_bars': 6, 'sl_atr_mult': 1.5, 'tp_rr_mult': 1.5}. Best is trial 4 with value: 2.2998159976042944.
[I 2026-06-02 19:19:18,581] Trial 15 finished with value: -0.42531350550409364 and parameters: {'lookback': 24, 'entry_threshold': 2.0, 'exit_threshold': 0.25, 'hold_bars': 12, 'sl_atr_mult': 2.5, 'tp_rr_mult': 1.5}. Best is trial 4 with value: 2.2998159976042944.
[I 2026-06-02 19:19:18,704] Trial 13 finished with value: -3.425070576828446 and parameters: {'lookback': 72, 'entry_threshold': 1.5, 'exit_threshold': 0.0, 'hold_bars': 12, 'sl_atr_mult': 1.5, 'tp_rr_mult': 1.0}. Best is trial 4 with value: 2.2998159976042944.
[I 2026-06-02 19:19:18,711] Trial 14 finished with value: -3.0463330870600345 and parameters: {'lookback': 96, 'entry_threshold': 1.5, 'exit_threshold': -0.25, 'hold_bars': 6, 'sl_atr_mult': 1.5, 'tp_rr_mult': 2.0}. Best is trial 4 with value: 2.2998159976042944.
[I 2026-06-02 19:19:22,752] Trial 16 finished with value: 0.9805345248851505 and parameters: {'lookback': 24, 'entry_threshold': 3.0, 'exit_threshold': -0.25, 'hold_bars': 18, 'sl_atr_mult': 2.5, 'tp_rr_mult': 2.5}. Best is trial 4 with value: 2.2998159976042944.
[I 2026-06-02 19:19:23,132] Trial 20 finished with value: 1.4816537377317385 and parameters: {'lookback': 24, 'entry_threshold': 3.0, 'exit_threshold': 0.0, 'hold_bars': 18, 'sl_atr_mult': 2.5, 'tp_rr_mult': 2.0}. Best is trial 4 with value: 2.2998159976042944.
[I 2026-06-02 19:19:23,312] Trial 17 finished with value: 1.8377240033489737 and parameters: {'lookback': 48, 'entry_threshold': 3.0, 'exit_threshold': -0.25, 'hold_bars': 18, 'sl_atr_mult': 2.5, 'tp_rr_mult': 2.5}. Best is trial 4 with value: 2.2998159976042944.
[I 2026-06-02 19:19:23,635] Trial 19 finished with value: 2.2998159976042944 and parameters: {'lookback': 48, 'entry_threshold': 3.0, 'exit_threshold': 0.0, 'hold_bars': 18, 'sl_atr_mult': 2.5, 'tp_rr_mult': 2.0}. Best is trial 4 with value: 2.2998159976042944.
[I 2026-06-02 19:19:23,785] Trial 21 finished with value: 2.3228255486463403 and parameters: {'lookback': 48, 'entry_threshold': 3.0, 'exit_threshold': 0.25, 'hold_bars': 6, 'sl_atr_mult': 2.5, 'tp_rr_mult': 1.0}. Best is trial 21 with value: 2.3228255486463403.
[I 2026-06-02 19:19:23,806] Trial 18 finished with value: 2.3228255486463403 and parameters: {'lookback': 48, 'entry_threshold': 3.0, 'exit_threshold': 0.25, 'hold_bars': 24, 'sl_atr_mult': 2.5, 'tp_rr_mult': 2.0}. Best is trial 21 with value: 2.3228255486463403.
[I 2026-06-02 19:19:23,974] Trial 22 finished with value: 1.693278893652385 and parameters: {'lookback': 72, 'entry_threshold': 3.0, 'exit_threshold': 0.0, 'hold_bars': 18, 'sl_atr_mult': 2.5, 'tp_rr_mult': 2.5}. Best is trial 21 with value: 2.3228255486463403.
[I 2026-06-02 19:19:24,018] Trial 23 finished with value: 1.8377240033489737 and parameters: {'lookback': 48, 'entry_threshold': 3.0, 'exit_threshold': -0.25, 'hold_bars': 24, 'sl_atr_mult': 2.5, 'tp_rr_mult': 2.5}. Best is trial 21 with value: 2.3228255486463403.
[I 2026-06-02 19:19:24,316] Trial 24 finished with value: 2.177102694440436 and parameters: {'lookback': 24, 'entry_threshold': 3.0, 'exit_threshold': 0.5, 'hold_bars': 12, 'sl_atr_mult': 2.5, 'tp_rr_mult': 1.0}. Best is trial 21 with value: 2.3228255486463403.
C:\Users\הלל\Desktop\algo projects\trading-research-factory\walk forward engine\.venv\lib\site-packages\optuna\samplers\_tpe\sampler.py:319: ExperimentalWarning: ``multivariate`` option is an experimental feature. The interface can change in the future.
  warnings.warn(
[I 2026-06-02 19:19:25,089] A new study created in memory with name: no-name-a70e07d6-b9da-4ded-9cdb-f0501066b0c7
[I 2026-06-02 19:19:29,459] Trial 0 finished with value: 2.043149227484657 and parameters: {'lookback': 48, 'entry_threshold': 3.0, 'exit_threshold': 0.5, 'hold_bars': 24, 'sl_atr_mult': 1.5, 'tp_rr_mult': 2.5}. Best is trial 0 with value: 2.043149227484657.
[I 2026-06-02 19:19:29,822] Trial 1 finished with value: -0.5591933006032586 and parameters: {'lookback': 48, 'entry_threshold': 1.5, 'exit_threshold': 0.25, 'hold_bars': 12, 'sl_atr_mult': 1.5, 'tp_rr_mult': 1.5}. Best is trial 0 with value: 2.043149227484657.
[I 2026-06-02 19:19:30,059] Trial 4 finished with value: 1.9137837143943204 and parameters: {'lookback': 24, 'entry_threshold': 2.0, 'exit_threshold': 0.5, 'hold_bars': 12, 'sl_atr_mult': 1.5, 'tp_rr_mult': 1.5}. Best is trial 0 with value: 2.043149227484657.
[I 2026-06-02 19:19:30,214] Trial 7 finished with value: 1.1666421041596964 and parameters: {'lookback': 48, 'entry_threshold': 2.5, 'exit_threshold': 0.5, 'hold_bars': 24, 'sl_atr_mult': 2.5, 'tp_rr_mult': 2.0}. Best is trial 0 with value: 2.043149227484657.
[I 2026-06-02 19:19:30,283] Trial 5 finished with value: 1.3890613235828733 and parameters: {'lookback': 72, 'entry_threshold': 3.0, 'exit_threshold': 0.5, 'hold_bars': 12, 'sl_atr_mult': 2.0, 'tp_rr_mult': 2.5}. Best is trial 0 with value: 2.043149227484657.
[I 2026-06-02 19:19:30,523] Trial 3 finished with value: -2.5701759539543763 and parameters: {'lookback': 72, 'entry_threshold': 1.5, 'exit_threshold': -0.25, 'hold_bars': 18, 'sl_atr_mult': 2.0, 'tp_rr_mult': 2.0}. Best is trial 0 with value: 2.043149227484657.
[I 2026-06-02 19:19:30,620] Trial 6 finished with value: -0.03293409938377773 and parameters: {'lookback': 48, 'entry_threshold': 2.0, 'exit_threshold': 0.5, 'hold_bars': 24, 'sl_atr_mult': 2.5, 'tp_rr_mult': 2.0}. Best is trial 0 with value: 2.043149227484657.
[I 2026-06-02 19:19:30,646] Trial 2 finished with value: -0.8632330985079497 and parameters: {'lookback': 72, 'entry_threshold': 2.0, 'exit_threshold': 0.25, 'hold_bars': 12, 'sl_atr_mult': 2.5, 'tp_rr_mult': 2.5}. Best is trial 0 with value: 2.043149227484657.
[I 2026-06-02 19:19:34,836] Trial 8 finished with value: 2.1340341959487867 and parameters: {'lookback': 96, 'entry_threshold': 3.0, 'exit_threshold': 0.25, 'hold_bars': 18, 'sl_atr_mult': 1.5, 'tp_rr_mult': 2.0}. Best is trial 8 with value: 2.1340341959487867.
[I 2026-06-02 19:19:35,190] Trial 9 finished with value: 1.6897463802722037 and parameters: {'lookback': 48, 'entry_threshold': 3.0, 'exit_threshold': -0.25, 'hold_bars': 12, 'sl_atr_mult': 1.5, 'tp_rr_mult': 2.0}. Best is trial 8 with value: 2.1340341959487867.
[I 2026-06-02 19:19:35,590] Trial 11 finished with value: 1.1666421041596964 and parameters: {'lookback': 48, 'entry_threshold': 2.5, 'exit_threshold': 0.5, 'hold_bars': 18, 'sl_atr_mult': 2.5, 'tp_rr_mult': 2.0}. Best is trial 8 with value: 2.1340341959487867.
[I 2026-06-02 19:19:35,640] Trial 13 finished with value: 1.7363908574313325 and parameters: {'lookback': 48, 'entry_threshold': 3.0, 'exit_threshold': -0.25, 'hold_bars': 12, 'sl_atr_mult': 2.5, 'tp_rr_mult': 1.5}. Best is trial 8 with value: 2.1340341959487867.
[I 2026-06-02 19:19:35,761] Trial 10 finished with value: -1.1187291947371347 and parameters: {'lookback': 72, 'entry_threshold': 2.0, 'exit_threshold': -0.25, 'hold_bars': 12, 'sl_atr_mult': 2.0, 'tp_rr_mult': 1.5}. Best is trial 8 with value: 2.1340341959487867.
[I 2026-06-02 19:19:36,181] Trial 14 finished with value: -0.4966714133920516 and parameters: {'lookback': 48, 'entry_threshold': 2.0, 'exit_threshold': -0.25, 'hold_bars': 12, 'sl_atr_mult': 1.5, 'tp_rr_mult': 1.5}. Best is trial 8 with value: 2.1340341959487867.
[I 2026-06-02 19:19:36,227] Trial 15 finished with value: 1.577684690020054 and parameters: {'lookback': 24, 'entry_threshold': 2.0, 'exit_threshold': 0.25, 'hold_bars': 24, 'sl_atr_mult': 2.5, 'tp_rr_mult': 2.5}. Best is trial 8 with value: 2.1340341959487867.
[I 2026-06-02 19:19:36,243] Trial 12 finished with value: -0.7179685700217725 and parameters: {'lookback': 96, 'entry_threshold': 2.0, 'exit_threshold': 0.25, 'hold_bars': 12, 'sl_atr_mult': 2.5, 'tp_rr_mult': 2.0}. Best is trial 8 with value: 2.1340341959487867.
[I 2026-06-02 19:19:40,751] Trial 16 finished with value: 0.0067288033374021915 and parameters: {'lookback': 48, 'entry_threshold': 1.5, 'exit_threshold': 0.0, 'hold_bars': 12, 'sl_atr_mult': 2.0, 'tp_rr_mult': 2.5}. Best is trial 8 with value: 2.1340341959487867.
[I 2026-06-02 19:19:41,172] Trial 17 finished with value: 2.1234411015128805 and parameters: {'lookback': 96, 'entry_threshold': 3.0, 'exit_threshold': 0.5, 'hold_bars': 12, 'sl_atr_mult': 1.5, 'tp_rr_mult': 1.5}. Best is trial 8 with value: 2.1340341959487867.
[I 2026-06-02 19:19:41,303] Trial 20 finished with value: 2.043149227484657 and parameters: {'lookback': 48, 'entry_threshold': 3.0, 'exit_threshold': 0.5, 'hold_bars': 24, 'sl_atr_mult': 1.5, 'tp_rr_mult': 2.5}. Best is trial 8 with value: 2.1340341959487867.
[I 2026-06-02 19:19:41,363] Trial 18 finished with value: 1.6382750100813488 and parameters: {'lookback': 72, 'entry_threshold': 3.0, 'exit_threshold': 0.25, 'hold_bars': 24, 'sl_atr_mult': 1.5, 'tp_rr_mult': 2.5}. Best is trial 8 with value: 2.1340341959487867.
[I 2026-06-02 19:19:41,524] Trial 19 finished with value: 1.8699913752944948 and parameters: {'lookback': 96, 'entry_threshold': 3.0, 'exit_threshold': 0.25, 'hold_bars': 18, 'sl_atr_mult': 2.0, 'tp_rr_mult': 1.5}. Best is trial 8 with value: 2.1340341959487867.
[I 2026-06-02 19:19:41,813] Trial 21 finished with value: 1.6382750100813488 and parameters: {'lookback': 72, 'entry_threshold': 3.0, 'exit_threshold': 0.5, 'hold_bars': 24, 'sl_atr_mult': 1.5, 'tp_rr_mult': 2.5}. Best is trial 8 with value: 2.1340341959487867.
[I 2026-06-02 19:19:41,813] Trial 22 finished with value: 0.7643234339533661 and parameters: {'lookback': 24, 'entry_threshold': 3.0, 'exit_threshold': 0.25, 'hold_bars': 24, 'sl_atr_mult': 1.5, 'tp_rr_mult': 2.5}. Best is trial 8 with value: 2.1340341959487867.
[I 2026-06-02 19:19:41,843] Trial 23 finished with value: 1.476491172915518 and parameters: {'lookback': 24, 'entry_threshold': 3.0, 'exit_threshold': 0.5, 'hold_bars': 24, 'sl_atr_mult': 1.5, 'tp_rr_mult': 2.5}. Best is trial 8 with value: 2.1340341959487867.
[I 2026-06-02 19:19:42,119] Trial 24 finished with value: 2.043149227484657 and parameters: {'lookback': 48, 'entry_threshold': 3.0, 'exit_threshold': 0.5, 'hold_bars': 24, 'sl_atr_mult': 1.5, 'tp_rr_mult': 2.0}. Best is trial 8 with value: 2.1340341959487867.
C:\Users\הלל\Desktop\algo projects\trading-research-factory\walk forward engine\.venv\lib\site-packages\optuna\samplers\_tpe\sampler.py:319: ExperimentalWarning: ``multivariate`` option is an experimental feature. The interface can change in the future.
  warnings.warn(
[I 2026-06-02 19:19:42,606] A new study created in memory with name: no-name-1c7ca569-12a0-466e-9179-a62078cf25c0
[I 2026-06-02 19:19:47,070] Trial 6 finished with value: -1.5870040694708516 and parameters: {'lookback': 48, 'entry_threshold': 2.0, 'exit_threshold': 0.5, 'hold_bars': 18, 'sl_atr_mult': 1.5, 'tp_rr_mult': 1.0}. Best is trial 6 with value: -1.5870040694708516.
[I 2026-06-02 19:19:47,299] Trial 1 finished with value: -0.9452136385644315 and parameters: {'lookback': 48, 'entry_threshold': 2.5, 'exit_threshold': 0.0, 'hold_bars': 6, 'sl_atr_mult': 2.0, 'tp_rr_mult': 2.5}. Best is trial 1 with value: -0.9452136385644315.
[I 2026-06-02 19:19:47,523] Trial 0 finished with value: 0.3839393361442603 and parameters: {'lookback': 48, 'entry_threshold': 3.0, 'exit_threshold': -0.25, 'hold_bars': 12, 'sl_atr_mult': 2.5, 'tp_rr_mult': 1.0}. Best is trial 0 with value: 0.3839393361442603.
[I 2026-06-02 19:19:47,570] Trial 4 finished with value: -2.9014090983278322 and parameters: {'lookback': 48, 'entry_threshold': 2.0, 'exit_threshold': -0.25, 'hold_bars': 24, 'sl_atr_mult': 2.0, 'tp_rr_mult': 1.0}. Best is trial 0 with value: 0.3839393361442603.
[I 2026-06-02 19:19:47,606] Trial 5 finished with value: -1.22697928155108 and parameters: {'lookback': 96, 'entry_threshold': 1.5, 'exit_threshold': 0.25, 'hold_bars': 18, 'sl_atr_mult': 2.0, 'tp_rr_mult': 2.0}. Best is trial 0 with value: 0.3839393361442603.
[I 2026-06-02 19:19:47,733] Trial 7 finished with value: -2.043743367567481 and parameters: {'lookback': 72, 'entry_threshold': 1.5, 'exit_threshold': 0.0, 'hold_bars': 12, 'sl_atr_mult': 2.5, 'tp_rr_mult': 1.5}. Best is trial 0 with value: 0.3839393361442603.
[I 2026-06-02 19:19:47,966] Trial 2 finished with value: -1.3890985223894177 and parameters: {'lookback': 48, 'entry_threshold': 2.0, 'exit_threshold': 0.5, 'hold_bars': 24, 'sl_atr_mult': 2.5, 'tp_rr_mult': 1.5}. Best is trial 0 with value: 0.3839393361442603.
[I 2026-06-02 19:19:48,108] Trial 3 finished with value: 0.7759014039023296 and parameters: {'lookback': 96, 'entry_threshold': 3.0, 'exit_threshold': 0.5, 'hold_bars': 12, 'sl_atr_mult': 2.0, 'tp_rr_mult': 1.5}. Best is trial 3 with value: 0.7759014039023296.
[I 2026-06-02 19:19:52,509] Trial 8 finished with value: 1.1656249973122328 and parameters: {'lookback': 96, 'entry_threshold': 3.0, 'exit_threshold': -0.25, 'hold_bars': 24, 'sl_atr_mult': 2.5, 'tp_rr_mult': 2.0}. Best is trial 8 with value: 1.1656249973122328.
[I 2026-06-02 19:19:52,582] Trial 9 finished with value: 0.10169951968291596 and parameters: {'lookback': 48, 'entry_threshold': 3.0, 'exit_threshold': 0.0, 'hold_bars': 18, 'sl_atr_mult': 2.0, 'tp_rr_mult': 1.5}. Best is trial 8 with value: 1.1656249973122328.
[I 2026-06-02 19:19:52,613] Trial 13 finished with value: -1.2023193928134839 and parameters: {'lookback': 48, 'entry_threshold': 2.5, 'exit_threshold': 0.0, 'hold_bars': 12, 'sl_atr_mult': 1.5, 'tp_rr_mult': 2.5}. Best is trial 8 with value: 1.1656249973122328.
[I 2026-06-02 19:19:52,749] Trial 11 finished with value: -1.687579138196033 and parameters: {'lookback': 48, 'entry_threshold': 1.5, 'exit_threshold': 0.25, 'hold_bars': 24, 'sl_atr_mult': 1.5, 'tp_rr_mult': 1.5}. Best is trial 8 with value: 1.1656249973122328.
[I 2026-06-02 19:19:52,759] Trial 10 finished with value: 0.9069039484566833 and parameters: {'lookback': 24, 'entry_threshold': 2.5, 'exit_threshold': 0.25, 'hold_bars': 6, 'sl_atr_mult': 2.0, 'tp_rr_mult': 2.5}. Best is trial 8 with value: 1.1656249973122328.
[I 2026-06-02 19:19:53,134] Trial 12 finished with value: -2.6171754282966964 and parameters: {'lookback': 96, 'entry_threshold': 2.0, 'exit_threshold': 0.0, 'hold_bars': 6, 'sl_atr_mult': 1.5, 'tp_rr_mult': 1.5}. Best is trial 8 with value: 1.1656249973122328.
[I 2026-06-02 19:19:53,349] Trial 15 finished with value: 0.18963753196211677 and parameters: {'lookback': 24, 'entry_threshold': 2.5, 'exit_threshold': -0.25, 'hold_bars': 24, 'sl_atr_mult': 2.0, 'tp_rr_mult': 1.5}. Best is trial 8 with value: 1.1656249973122328.
[I 2026-06-02 19:19:53,372] Trial 14 finished with value: -1.107829133581294 and parameters: {'lookback': 72, 'entry_threshold': 2.5, 'exit_threshold': 0.5, 'hold_bars': 6, 'sl_atr_mult': 1.5, 'tp_rr_mult': 1.0}. Best is trial 8 with value: 1.1656249973122328.
[I 2026-06-02 19:19:57,502] Trial 18 finished with value: -1.0622246754909774 and parameters: {'lookback': 96, 'entry_threshold': 2.5, 'exit_threshold': -0.25, 'hold_bars': 24, 'sl_atr_mult': 2.5, 'tp_rr_mult': 2.5}. Best is trial 8 with value: 1.1656249973122328.
[I 2026-06-02 19:19:57,599] Trial 16 finished with value: -0.3287129865935228 and parameters: {'lookback': 24, 'entry_threshold': 2.0, 'exit_threshold': -0.25, 'hold_bars': 6, 'sl_atr_mult': 1.5, 'tp_rr_mult': 2.0}. Best is trial 8 with value: 1.1656249973122328.
[I 2026-06-02 19:19:57,646] Trial 17 finished with value: -1.0622246754909774 and parameters: {'lookback': 96, 'entry_threshold': 2.5, 'exit_threshold': -0.25, 'hold_bars': 24, 'sl_atr_mult': 2.5, 'tp_rr_mult': 2.5}. Best is trial 8 with value: 1.1656249973122328.
[I 2026-06-02 19:19:57,950] Trial 20 finished with value: -1.0622246754909774 and parameters: {'lookback': 96, 'entry_threshold': 2.5, 'exit_threshold': -0.25, 'hold_bars': 24, 'sl_atr_mult': 2.5, 'tp_rr_mult': 2.0}. Best is trial 8 with value: 1.1656249973122328.
