[I 2026-06-02 19:16:29,525] Trial 1 finished with value: -1.7553349900539663 and parameters: {'lookback': 96, 'entry_threshold': 3.0, 'exit_threshold': 0.25, 'hold_bars': 6, 'sl_atr_mult': 1.5, 'tp_rr_mult': 2.0}. Best is trial 4 with value: -0.01403681387550635.
[I 2026-06-02 19:16:32,850] Trial 8 finished with value: -1.6148250788422542 and parameters: {'lookback': 48, 'entry_threshold': 3.0, 'exit_threshold': 0.0, 'hold_bars': 12, 'sl_atr_mult': 1.5, 'tp_rr_mult': 2.5}. Best is trial 4 with value: -0.01403681387550635.
[I 2026-06-02 19:16:33,061] Trial 9 finished with value: -0.14869296853665542 and parameters: {'lookback': 24, 'entry_threshold': 2.5, 'exit_threshold': 0.25, 'hold_bars': 12, 'sl_atr_mult': 1.5, 'tp_rr_mult': 2.0}. Best is trial 4 with value: -0.01403681387550635.
[I 2026-06-02 19:16:33,172] Trial 11 finished with value: -3.6360009795282195 and parameters: {'lookback': 72, 'entry_threshold': 1.5, 'exit_threshold': -0.25, 'hold_bars': 18, 'sl_atr_mult': 2.0, 'tp_rr_mult': 1.5}. Best is trial 4 with value: -0.01403681387550635.
[I 2026-06-02 19:16:33,323] Trial 12 finished with value: -0.42586645701762754 and parameters: {'lookback': 24, 'entry_threshold': 2.5, 'exit_threshold': -0.25, 'hold_bars': 6, 'sl_atr_mult': 1.5, 'tp_rr_mult': 2.5}. Best is trial 4 with value: -0.01403681387550635.
[I 2026-06-02 19:16:33,566] Trial 10 finished with value: -2.401931733515605 and parameters: {'lookback': 96, 'entry_threshold': 2.5, 'exit_threshold': 0.5, 'hold_bars': 12, 'sl_atr_mult': 1.5, 'tp_rr_mult': 2.0}. Best is trial 4 with value: -0.01403681387550635.
[I 2026-06-02 19:16:33,592] Trial 14 finished with value: -5.603783069733633 and parameters: {'lookback': 48, 'entry_threshold': 1.5, 'exit_threshold': 0.5, 'hold_bars': 18, 'sl_atr_mult': 2.0, 'tp_rr_mult': 1.0}. Best is trial 4 with value: -0.01403681387550635.
[I 2026-06-02 19:16:33,619] Trial 13 finished with value: -6.0538915873440535 and parameters: {'lookback': 96, 'entry_threshold': 2.0, 'exit_threshold': 0.5, 'hold_bars': 18, 'sl_atr_mult': 1.5, 'tp_rr_mult': 1.0}. Best is trial 4 with value: -0.01403681387550635.
[I 2026-06-02 19:16:33,926] Trial 15 finished with value: -0.4134787746328835 and parameters: {'lookback': 48, 'entry_threshold': 2.5, 'exit_threshold': 0.5, 'hold_bars': 6, 'sl_atr_mult': 2.0, 'tp_rr_mult': 2.0}. Best is trial 4 with value: -0.01403681387550635.
[I 2026-06-02 19:16:37,224] Trial 16 finished with value: -1.4295670753266578 and parameters: {'lookback': 96, 'entry_threshold': 2.5, 'exit_threshold': 0.5, 'hold_bars': 18, 'sl_atr_mult': 2.0, 'tp_rr_mult': 2.5}. Best is trial 4 with value: -0.01403681387550635.
[I 2026-06-02 19:16:37,624] Trial 22 finished with value: -2.710954499825182 and parameters: {'lookback': 48, 'entry_threshold': 2.0, 'exit_threshold': 0.5, 'hold_bars': 12, 'sl_atr_mult': 2.5, 'tp_rr_mult': 2.0}. Best is trial 4 with value: -0.01403681387550635.
[I 2026-06-02 19:16:37,657] Trial 21 finished with value: -4.17759629014749 and parameters: {'lookback': 24, 'entry_threshold': 2.0, 'exit_threshold': 0.25, 'hold_bars': 6, 'sl_atr_mult': 1.5, 'tp_rr_mult': 2.0}. Best is trial 4 with value: -0.01403681387550635.
[I 2026-06-02 19:16:37,698] Trial 20 finished with value: -1.673442221619408 and parameters: {'lookback': 24, 'entry_threshold': 2.5, 'exit_threshold': 0.0, 'hold_bars': 18, 'sl_atr_mult': 1.5, 'tp_rr_mult': 1.5}. Best is trial 4 with value: -0.01403681387550635.
[I 2026-06-02 19:16:37,737] Trial 17 finished with value: -3.1733201445501855 and parameters: {'lookback': 24, 'entry_threshold': 2.0, 'exit_threshold': 0.5, 'hold_bars': 24, 'sl_atr_mult': 2.5, 'tp_rr_mult': 1.5}. Best is trial 4 with value: -0.01403681387550635.
[I 2026-06-02 19:16:37,759] Trial 18 finished with value: -2.36989080791811 and parameters: {'lookback': 48, 'entry_threshold': 2.0, 'exit_threshold': 0.5, 'hold_bars': 18, 'sl_atr_mult': 2.5, 'tp_rr_mult': 2.5}. Best is trial 4 with value: -0.01403681387550635.
[I 2026-06-02 19:16:37,822] Trial 19 finished with value: -3.166395638028771 and parameters: {'lookback': 24, 'entry_threshold': 2.0, 'exit_threshold': 0.5, 'hold_bars': 12, 'sl_atr_mult': 2.0, 'tp_rr_mult': 2.0}. Best is trial 4 with value: -0.01403681387550635.
[I 2026-06-02 19:16:37,952] Trial 23 finished with value: -2.079407319644889 and parameters: {'lookback': 72, 'entry_threshold': 3.0, 'exit_threshold': 0.25, 'hold_bars': 24, 'sl_atr_mult': 2.5, 'tp_rr_mult': 2.5}. Best is trial 4 with value: -0.01403681387550635.
[I 2026-06-02 19:16:38,172] Trial 24 finished with value: -1.126636405549266 and parameters: {'lookback': 24, 'entry_threshold': 3.0, 'exit_threshold': 0.5, 'hold_bars': 18, 'sl_atr_mult': 1.5, 'tp_rr_mult': 2.5}. Best is trial 4 with value: -0.01403681387550635.
C:\Users\הלל\Desktop\algo projects\trading-research-factory\walk forward engine\.venv\lib\site-packages\optuna\samplers\_tpe\sampler.py:319: ExperimentalWarning: ``multivariate`` option is an experimental feature. The interface can change in the future.
  warnings.warn(
[I 2026-06-02 19:16:38,581] A new study created in memory with name: no-name-5a461153-3a5b-4f11-995e-dd2b57ce3e90
[I 2026-06-02 19:16:42,259] Trial 3 finished with value: -0.750664138593446 and parameters: {'lookback': 24, 'entry_threshold': 3.0, 'exit_threshold': 0.5, 'hold_bars': 18, 'sl_atr_mult': 1.5, 'tp_rr_mult': 1.5}. Best is trial 3 with value: -0.750664138593446.
[I 2026-06-02 19:16:42,304] Trial 1 finished with value: -5.998156495749634 and parameters: {'lookback': 24, 'entry_threshold': 1.5, 'exit_threshold': 0.25, 'hold_bars': 6, 'sl_atr_mult': 2.0, 'tp_rr_mult': 1.5}. Best is trial 3 with value: -0.750664138593446.
[I 2026-06-02 19:16:42,581] Trial 4 finished with value: -0.03569888078322822 and parameters: {'lookback': 96, 'entry_threshold': 3.0, 'exit_threshold': 0.5, 'hold_bars': 24, 'sl_atr_mult': 1.5, 'tp_rr_mult': 2.5}. Best is trial 4 with value: -0.03569888078322822.
[I 2026-06-02 19:16:42,604] Trial 0 finished with value: -3.7171713325546003 and parameters: {'lookback': 96, 'entry_threshold': 1.5, 'exit_threshold': 0.25, 'hold_bars': 18, 'sl_atr_mult': 2.0, 'tp_rr_mult': 2.0}. Best is trial 4 with value: -0.03569888078322822.
[I 2026-06-02 19:16:42,701] Trial 5 finished with value: -3.821167161359201 and parameters: {'lookback': 72, 'entry_threshold': 2.5, 'exit_threshold': 0.0, 'hold_bars': 6, 'sl_atr_mult': 2.5, 'tp_rr_mult': 1.5}. Best is trial 4 with value: -0.03569888078322822.
[I 2026-06-02 19:16:42,942] Trial 2 finished with value: -0.7376297684196013 and parameters: {'lookback': 72, 'entry_threshold': 3.0, 'exit_threshold': 0.5, 'hold_bars': 12, 'sl_atr_mult': 2.5, 'tp_rr_mult': 2.0}. Best is trial 4 with value: -0.03569888078322822.
[I 2026-06-02 19:16:42,970] Trial 6 finished with value: -5.049416758004953 and parameters: {'lookback': 72, 'entry_threshold': 1.5, 'exit_threshold': 0.5, 'hold_bars': 24, 'sl_atr_mult': 2.0, 'tp_rr_mult': 1.0}. Best is trial 4 with value: -0.03569888078322822.
[I 2026-06-02 19:16:43,006] Trial 7 finished with value: -4.86325938705711 and parameters: {'lookback': 96, 'entry_threshold': 2.0, 'exit_threshold': -0.25, 'hold_bars': 24, 'sl_atr_mult': 2.0, 'tp_rr_mult': 1.5}. Best is trial 4 with value: -0.03569888078322822.
[I 2026-06-02 19:16:46,341] Trial 9 finished with value: -4.9998303468828045 and parameters: {'lookback': 48, 'entry_threshold': 2.0, 'exit_threshold': 0.0, 'hold_bars': 6, 'sl_atr_mult': 2.0, 'tp_rr_mult': 2.5}. Best is trial 4 with value: -0.03569888078322822.
[I 2026-06-02 19:16:46,490] Trial 8 finished with value: -4.494117359595555 and parameters: {'lookback': 72, 'entry_threshold': 2.0, 'exit_threshold': 0.5, 'hold_bars': 24, 'sl_atr_mult': 2.0, 'tp_rr_mult': 2.0}. Best is trial 4 with value: -0.03569888078322822.
[I 2026-06-02 19:16:46,856] Trial 15 finished with value: -1.9482675237513007 and parameters: {'lookback': 96, 'entry_threshold': 2.5, 'exit_threshold': 0.25, 'hold_bars': 12, 'sl_atr_mult': 2.0, 'tp_rr_mult': 1.0}. Best is trial 4 with value: -0.03569888078322822.
[I 2026-06-02 19:16:47,145] Trial 12 finished with value: -4.334718774437861 and parameters: {'lookback': 48, 'entry_threshold': 2.0, 'exit_threshold': 0.5, 'hold_bars': 12, 'sl_atr_mult': 2.5, 'tp_rr_mult': 2.0}. Best is trial 4 with value: -0.03569888078322822.
[I 2026-06-02 19:16:47,194] Trial 11 finished with value: -2.0586186513209124 and parameters: {'lookback': 24, 'entry_threshold': 2.5, 'exit_threshold': 0.5, 'hold_bars': 6, 'sl_atr_mult': 2.5, 'tp_rr_mult': 2.0}. Best is trial 4 with value: -0.03569888078322822.
[I 2026-06-02 19:16:47,413] Trial 10 finished with value: -5.134638612113845 and parameters: {'lookback': 72, 'entry_threshold': 2.0, 'exit_threshold': -0.25, 'hold_bars': 6, 'sl_atr_mult': 2.0, 'tp_rr_mult': 1.0}. Best is trial 4 with value: -0.03569888078322822.
[I 2026-06-02 19:16:47,463] Trial 14 finished with value: -4.894489472858527 and parameters: {'lookback': 72, 'entry_threshold': 2.0, 'exit_threshold': 0.5, 'hold_bars': 12, 'sl_atr_mult': 1.5, 'tp_rr_mult': 1.0}. Best is trial 4 with value: -0.03569888078322822.
[I 2026-06-02 19:16:47,502] Trial 13 finished with value: -0.348280144947255 and parameters: {'lookback': 48, 'entry_threshold': 3.0, 'exit_threshold': -0.25, 'hold_bars': 24, 'sl_atr_mult': 2.5, 'tp_rr_mult': 2.0}. Best is trial 4 with value: -0.03569888078322822.
[I 2026-06-02 19:16:51,247] Trial 16 finished with value: -3.901244129663479 and parameters: {'lookback': 96, 'entry_threshold': 2.0, 'exit_threshold': 0.25, 'hold_bars': 12, 'sl_atr_mult': 2.5, 'tp_rr_mult': 1.0}. Best is trial 4 with value: -0.03569888078322822.
[I 2026-06-02 19:16:51,640] Trial 18 finished with value: -0.03569888078322822 and parameters: {'lookback': 96, 'entry_threshold': 3.0, 'exit_threshold': 0.5, 'hold_bars': 18, 'sl_atr_mult': 1.5, 'tp_rr_mult': 2.5}. Best is trial 4 with value: -0.03569888078322822.
[I 2026-06-02 19:16:51,792] Trial 19 finished with value: -1.3088833540327856 and parameters: {'lookback': 72, 'entry_threshold': 3.0, 'exit_threshold': 0.25, 'hold_bars': 18, 'sl_atr_mult': 1.5, 'tp_rr_mult': 2.5}. Best is trial 4 with value: -0.03569888078322822.
[I 2026-06-02 19:16:51,807] Trial 17 finished with value: 0.250745775600895 and parameters: {'lookback': 96, 'entry_threshold': 3.0, 'exit_threshold': 0.25, 'hold_bars': 18, 'sl_atr_mult': 1.5, 'tp_rr_mult': 2.5}. Best is trial 17 with value: 0.250745775600895.
[I 2026-06-02 19:16:51,985] Trial 21 finished with value: 0.250745775600895 and parameters: {'lookback': 96, 'entry_threshold': 3.0, 'exit_threshold': 0.25, 'hold_bars': 24, 'sl_atr_mult': 1.5, 'tp_rr_mult': 2.5}. Best is trial 17 with value: 0.250745775600895.
[I 2026-06-02 19:16:52,018] Trial 20 finished with value: -0.3199705266880365 and parameters: {'lookback': 96, 'entry_threshold': 3.0, 'exit_threshold': 0.5, 'hold_bars': 24, 'sl_atr_mult': 1.5, 'tp_rr_mult': 2.0}. Best is trial 17 with value: 0.250745775600895.
[I 2026-06-02 19:16:52,135] Trial 23 finished with value: -0.03569888078322822 and parameters: {'lookback': 96, 'entry_threshold': 3.0, 'exit_threshold': 0.5, 'hold_bars': 24, 'sl_atr_mult': 1.5, 'tp_rr_mult': 2.5}. Best is trial 17 with value: 0.250745775600895.
[I 2026-06-02 19:16:52,183] Trial 22 finished with value: -0.3199705266880365 and parameters: {'lookback': 96, 'entry_threshold': 3.0, 'exit_threshold': 0.5, 'hold_bars': 24, 'sl_atr_mult': 1.5, 'tp_rr_mult': 2.0}. Best is trial 17 with value: 0.250745775600895.
[I 2026-06-02 19:16:52,398] Trial 24 finished with value: -0.3199705266880365 and parameters: {'lookback': 96, 'entry_threshold': 3.0, 'exit_threshold': 0.5, 'hold_bars': 18, 'sl_atr_mult': 1.5, 'tp_rr_mult': 2.0}. Best is trial 17 with value: 0.250745775600895.
C:\Users\הלל\Desktop\algo projects\trading-research-factory\walk forward engine\.venv\lib\site-packages\optuna\samplers\_tpe\sampler.py:319: ExperimentalWarning: ``multivariate`` option is an experimental feature. The interface can change in the future.
  warnings.warn(
[I 2026-06-02 19:16:52,797] A new study created in memory with name: no-name-7f7eaea7-2205-4258-b71e-b270e45b021f
[I 2026-06-02 19:16:56,894] Trial 5 finished with value: -1.3378063337098334 and parameters: {'lookback': 48, 'entry_threshold': 3.0, 'exit_threshold': 0.0, 'hold_bars': 18, 'sl_atr_mult': 2.5, 'tp_rr_mult': 2.5}. Best is trial 5 with value: -1.3378063337098334.
[I 2026-06-02 19:16:56,931] Trial 1 finished with value: -3.809042213253525 and parameters: {'lookback': 72, 'entry_threshold': 2.0, 'exit_threshold': 0.25, 'hold_bars': 6, 'sl_atr_mult': 2.5, 'tp_rr_mult': 2.5}. Best is trial 5 with value: -1.3378063337098334.
[I 2026-06-02 19:16:56,964] Trial 7 finished with value: -2.8648418270504217 and parameters: {'lookback': 24, 'entry_threshold': 3.0, 'exit_threshold': 0.5, 'hold_bars': 6, 'sl_atr_mult': 2.0, 'tp_rr_mult': 2.0}. Best is trial 5 with value: -1.3378063337098334.
[I 2026-06-02 19:16:57,177] Trial 4 finished with value: -3.667457066297639 and parameters: {'lookback': 72, 'entry_threshold': 2.0, 'exit_threshold': 0.5, 'hold_bars': 18, 'sl_atr_mult': 1.5, 'tp_rr_mult': 2.0}. Best is trial 5 with value: -1.3378063337098334.
[I 2026-06-02 19:16:57,220] Trial 0 finished with value: -2.2016429927857204 and parameters: {'lookback': 48, 'entry_threshold': 2.5, 'exit_threshold': 0.0, 'hold_bars': 6, 'sl_atr_mult': 2.5, 'tp_rr_mult': 1.5}. Best is trial 5 with value: -1.3378063337098334.
[I 2026-06-02 19:16:57,306] Trial 3 finished with value: -4.6125010062221525 and parameters: {'lookback': 96, 'entry_threshold': 2.0, 'exit_threshold': -0.25, 'hold_bars': 6, 'sl_atr_mult': 2.5, 'tp_rr_mult': 2.0}. Best is trial 5 with value: -1.3378063337098334.
[I 2026-06-02 19:16:57,417] Trial 2 finished with value: -1.2270929341797026 and parameters: {'lookback': 96, 'entry_threshold': 2.5, 'exit_threshold': 0.25, 'hold_bars': 24, 'sl_atr_mult': 2.5, 'tp_rr_mult': 1.5}. Best is trial 2 with value: -1.2270929341797026.
[I 2026-06-02 19:16:57,528] Trial 6 finished with value: -2.101739445369522 and parameters: {'lookback': 96, 'entry_threshold': 2.5, 'exit_threshold': 0.5, 'hold_bars': 24, 'sl_atr_mult': 2.5, 'tp_rr_mult': 1.0}. Best is trial 2 with value: -1.2270929341797026.
[I 2026-06-02 19:17:01,702] Trial 8 finished with value: -2.878846903379441 and parameters: {'lookback': 24, 'entry_threshold': 2.5, 'exit_threshold': -0.25, 'hold_bars': 12, 'sl_atr_mult': 2.0, 'tp_rr_mult': 2.0}. Best is trial 2 with value: -1.2270929341797026.
[I 2026-06-02 19:17:01,898] Trial 12 finished with value: -4.520395313422941 and parameters: {'lookback': 24, 'entry_threshold': 2.0, 'exit_threshold': 0.0, 'hold_bars': 12, 'sl_atr_mult': 2.5, 'tp_rr_mult': 1.0}. Best is trial 2 with value: -1.2270929341797026.
[I 2026-06-02 19:17:02,292] Trial 9 finished with value: -1.296057533444726 and parameters: {'lookback': 96, 'entry_threshold': 3.0, 'exit_threshold': 0.5, 'hold_bars': 24, 'sl_atr_mult': 2.0, 'tp_rr_mult': 1.5}. Best is trial 2 with value: -1.2270929341797026.
[I 2026-06-02 19:17:02,401] Trial 10 finished with value: -3.509714538454153 and parameters: {'lookback': 96, 'entry_threshold': 2.0, 'exit_threshold': 0.0, 'hold_bars': 12, 'sl_atr_mult': 2.5, 'tp_rr_mult': 2.5}. Best is trial 2 with value: -1.2270929341797026.
[I 2026-06-02 19:17:02,600] Trial 14 finished with value: -4.160582895324293 and parameters: {'lookback': 96, 'entry_threshold': 2.0, 'exit_threshold': 0.25, 'hold_bars': 12, 'sl_atr_mult': 2.0, 'tp_rr_mult': 1.0}. Best is trial 2 with value: -1.2270929341797026.
[I 2026-06-02 19:17:02,646] Trial 13 finished with value: -0.756014226287831 and parameters: {'lookback': 96, 'entry_threshold': 3.0, 'exit_threshold': 0.0, 'hold_bars': 12, 'sl_atr_mult': 2.5, 'tp_rr_mult': 1.0}. Best is trial 13 with value: -0.756014226287831.
[I 2026-06-02 19:17:02,653] Trial 11 finished with value: -4.566980473165627 and parameters: {'lookback': 24, 'entry_threshold': 2.5, 'exit_threshold': 0.25, 'hold_bars': 12, 'sl_atr_mult': 2.0, 'tp_rr_mult': 1.0}. Best is trial 13 with value: -0.756014226287831.
[I 2026-06-02 19:17:03,074] Trial 15 finished with value: -0.08472473324173477 and parameters: {'lookback': 96, 'entry_threshold': 3.0, 'exit_threshold': 0.25, 'hold_bars': 12, 'sl_atr_mult': 1.5, 'tp_rr_mult': 2.5}. Best is trial 15 with value: -0.08472473324173477.
[I 2026-06-02 19:17:07,201] Trial 17 finished with value: -3.3873412574201334 and parameters: {'lookback': 96, 'entry_threshold': 2.0, 'exit_threshold': 0.5, 'hold_bars': 24, 'sl_atr_mult': 2.5, 'tp_rr_mult': 2.5}. Best is trial 15 with value: -0.08472473324173477.
[I 2026-06-02 19:17:07,564] Trial 16 finished with value: -3.312154425944727 and parameters: {'lookback': 96, 'entry_threshold': 1.5, 'exit_threshold': 0.25, 'hold_bars': 18, 'sl_atr_mult': 2.5, 'tp_rr_mult': 1.0}. Best is trial 15 with value: -0.08472473324173477.
[I 2026-06-02 19:17:07,611] Trial 20 finished with value: -0.756014226287831 and parameters: {'lookback': 96, 'entry_threshold': 3.0, 'exit_threshold': 0.0, 'hold_bars': 12, 'sl_atr_mult': 2.5, 'tp_rr_mult': 1.0}. Best is trial 15 with value: -0.08472473324173477.
[I 2026-06-02 19:17:07,638] Trial 22 finished with value: -0.756014226287831 and parameters: {'lookback': 96, 'entry_threshold': 3.0, 'exit_threshold': 0.0, 'hold_bars': 12, 'sl_atr_mult': 2.5, 'tp_rr_mult': 1.0}. Best is trial 15 with value: -0.08472473324173477.
[I 2026-06-02 19:17:07,913] Trial 18 finished with value: -1.6665421999262926 and parameters: {'lookback': 96, 'entry_threshold': 2.5, 'exit_threshold': 0.5, 'hold_bars': 24, 'sl_atr_mult': 2.0, 'tp_rr_mult': 2.0}. Best is trial 15 with value: -0.08472473324173477.
[I 2026-06-02 19:17:08,006] Trial 19 finished with value: -1.7130218309451604 and parameters: {'lookback': 96, 'entry_threshold': 3.0, 'exit_threshold': 0.5, 'hold_bars': 18, 'sl_atr_mult': 1.5, 'tp_rr_mult': 1.0}. Best is trial 15 with value: -0.08472473324173477.
[I 2026-06-02 19:17:08,047] Trial 23 finished with value: -0.38160117959482515 and parameters: {'lookback': 96, 'entry_threshold': 3.0, 'exit_threshold': 0.25, 'hold_bars': 12, 'sl_atr_mult': 1.5, 'tp_rr_mult': 2.0}. Best is trial 15 with value: -0.08472473324173477.
[I 2026-06-02 19:17:08,064] Trial 21 finished with value: -0.7705877274944577 and parameters: {'lookback': 96, 'entry_threshold': 3.0, 'exit_threshold': -0.25, 'hold_bars': 12, 'sl_atr_mult': 2.5, 'tp_rr_mult': 1.0}. Best is trial 15 with value: -0.08472473324173477.
[I 2026-06-02 19:17:08,307] Trial 24 finished with value: -0.08472473324173477 and parameters: {'lookback': 96, 'entry_threshold': 3.0, 'exit_threshold': 0.25, 'hold_bars': 18, 'sl_atr_mult': 1.5, 'tp_rr_mult': 2.5}. Best is trial 15 with value: -0.08472473324173477.
C:\Users\הלל\Desktop\algo projects\trading-research-factory\walk forward engine\.venv\lib\site-packages\optuna\samplers\_tpe\sampler.py:319: ExperimentalWarning: ``multivariate`` option is an experimental feature. The interface can change in the future.
  warnings.warn(
[I 2026-06-02 19:17:08,897] A new study created in memory with name: no-name-132724c1-a86d-4cfa-b66b-63742cfdb209
[I 2026-06-02 19:17:12,904] Trial 6 finished with value: -5.0610757889963605 and parameters: {'lookback': 24, 'entry_threshold': 2.0, 'exit_threshold': -0.25, 'hold_bars': 24, 'sl_atr_mult': 1.5, 'tp_rr_mult': 2.0}. Best is trial 6 with value: -5.0610757889963605.
[I 2026-06-02 19:17:12,987] Trial 3 finished with value: -3.145247203023487 and parameters: {'lookback': 24, 'entry_threshold': 2.5, 'exit_threshold': 0.5, 'hold_bars': 24, 'sl_atr_mult': 1.5, 'tp_rr_mult': 2.5}. Best is trial 3 with value: -3.145247203023487.
[I 2026-06-02 19:17:13,150] Trial 1 finished with value: -3.111850963608421 and parameters: {'lookback': 24, 'entry_threshold': 3.0, 'exit_threshold': -0.25, 'hold_bars': 18, 'sl_atr_mult': 1.5, 'tp_rr_mult': 1.0}. Best is trial 1 with value: -3.111850963608421.
[I 2026-06-02 19:17:13,158] Trial 7 finished with value: -2.5646265136918505 and parameters: {'lookback': 48, 'entry_threshold': 1.5, 'exit_threshold': 0.25, 'hold_bars': 6, 'sl_atr_mult': 2.5, 'tp_rr_mult': 2.0}. Best is trial 7 with value: -2.5646265136918505.
[I 2026-06-02 19:17:13,251] Trial 4 finished with value: -3.3157801147929016 and parameters: {'lookback': 72, 'entry_threshold': 3.0, 'exit_threshold': 0.25, 'hold_bars': 6, 'sl_atr_mult': 2.5, 'tp_rr_mult': 1.0}. Best is trial 7 with value: -2.5646265136918505.
[I 2026-06-02 19:17:13,367] Trial 5 finished with value: -3.669569821287878 and parameters: {'lookback': 48, 'entry_threshold': 2.0, 'exit_threshold': 0.25, 'hold_bars': 18, 'sl_atr_mult': 2.0, 'tp_rr_mult': 2.0}. Best is trial 7 with value: -2.5646265136918505.
[I 2026-06-02 19:17:13,376] Trial 0 finished with value: -3.571897178662345 and parameters: {'lookback': 72, 'entry_threshold': 2.5, 'exit_threshold': -0.25, 'hold_bars': 18, 'sl_atr_mult': 1.5, 'tp_rr_mult': 1.5}. Best is trial 7 with value: -2.5646265136918505.
[I 2026-06-02 19:17:13,459] Trial 2 finished with value: -4.585927923840196 and parameters: {'lookback': 48, 'entry_threshold': 2.5, 'exit_threshold': -0.25, 'hold_bars': 6, 'sl_atr_mult': 2.0, 'tp_rr_mult': 2.0}. Best is trial 7 with value: -2.5646265136918505.
[I 2026-06-02 19:17:17,635] Trial 15 finished with value: -4.235557769794073 and parameters: {'lookback': 48, 'entry_threshold': 3.0, 'exit_threshold': -0.25, 'hold_bars': 18, 'sl_atr_mult': 2.0, 'tp_rr_mult': 2.5}. Best is trial 7 with value: -2.5646265136918505.
[I 2026-06-02 19:17:17,812] Trial 8 finished with value: -5.231492155606606 and parameters: {'lookback': 24, 'entry_threshold': 2.5, 'exit_threshold': 0.25, 'hold_bars': 24, 'sl_atr_mult': 2.5, 'tp_rr_mult': 1.5}. Best is trial 7 with value: -2.5646265136918505.
