[I 2026-06-02 19:22:26,763] Trial 1 finished with value: -4.111930316665923 and parameters: {'lookback': 48, 'entry_threshold': 2.0, 'exit_threshold': 0.25, 'hold_bars': 24, 'sl_atr_mult': 1.5, 'tp_rr_mult': 2.5}. Best is trial 1 with value: -4.111930316665923.
[I 2026-06-02 19:22:27,324] Trial 0 finished with value: -3.480580877348026 and parameters: {'lookback': 72, 'entry_threshold': 2.0, 'exit_threshold': -0.25, 'hold_bars': 24, 'sl_atr_mult': 1.5, 'tp_rr_mult': 2.5}. Best is trial 0 with value: -3.480580877348026.
[I 2026-06-02 19:22:27,360] Trial 2 finished with value: -4.637607815937627 and parameters: {'lookback': 72, 'entry_threshold': 2.0, 'exit_threshold': -0.25, 'hold_bars': 24, 'sl_atr_mult': 1.5, 'tp_rr_mult': 1.0}. Best is trial 0 with value: -3.480580877348026.
[I 2026-06-02 19:22:27,535] Trial 6 finished with value: -3.0003753290482673 and parameters: {'lookback': 24, 'entry_threshold': 2.0, 'exit_threshold': 0.5, 'hold_bars': 12, 'sl_atr_mult': 2.0, 'tp_rr_mult': 2.0}. Best is trial 6 with value: -3.0003753290482673.
[I 2026-06-02 19:22:27,794] Trial 3 finished with value: -4.411820753839147 and parameters: {'lookback': 96, 'entry_threshold': 1.5, 'exit_threshold': 0.25, 'hold_bars': 24, 'sl_atr_mult': 2.0, 'tp_rr_mult': 2.0}. Best is trial 6 with value: -3.0003753290482673.
[I 2026-06-02 19:22:27,838] Trial 7 finished with value: -4.9239647240479245 and parameters: {'lookback': 48, 'entry_threshold': 1.5, 'exit_threshold': 0.0, 'hold_bars': 12, 'sl_atr_mult': 2.5, 'tp_rr_mult': 1.0}. Best is trial 6 with value: -3.0003753290482673.
[I 2026-06-02 19:22:28,277] Trial 4 finished with value: -3.7026487386919205 and parameters: {'lookback': 96, 'entry_threshold': 2.5, 'exit_threshold': 0.5, 'hold_bars': 6, 'sl_atr_mult': 1.5, 'tp_rr_mult': 2.0}. Best is trial 6 with value: -3.0003753290482673.
[I 2026-06-02 19:22:28,431] Trial 5 finished with value: -2.094932401402707 and parameters: {'lookback': 72, 'entry_threshold': 3.0, 'exit_threshold': 0.0, 'hold_bars': 12, 'sl_atr_mult': 2.0, 'tp_rr_mult': 1.5}. Best is trial 5 with value: -2.094932401402707.
[I 2026-06-02 19:22:34,054] Trial 8 finished with value: -3.463297921316536 and parameters: {'lookback': 72, 'entry_threshold': 1.5, 'exit_threshold': 0.5, 'hold_bars': 6, 'sl_atr_mult': 2.5, 'tp_rr_mult': 1.5}. Best is trial 5 with value: -2.094932401402707.
[I 2026-06-02 19:22:34,056] Trial 11 finished with value: -3.412132750613332 and parameters: {'lookback': 96, 'entry_threshold': 3.0, 'exit_threshold': 0.25, 'hold_bars': 18, 'sl_atr_mult': 1.5, 'tp_rr_mult': 1.5}. Best is trial 5 with value: -2.094932401402707.
[I 2026-06-02 19:22:34,070] Trial 10 finished with value: -2.627279227361315 and parameters: {'lookback': 48, 'entry_threshold': 3.0, 'exit_threshold': 0.0, 'hold_bars': 18, 'sl_atr_mult': 2.0, 'tp_rr_mult': 1.5}. Best is trial 5 with value: -2.094932401402707.
[I 2026-06-02 19:22:34,626] Trial 13 finished with value: -3.7155958380123226 and parameters: {'lookback': 72, 'entry_threshold': 1.5, 'exit_threshold': 0.5, 'hold_bars': 12, 'sl_atr_mult': 2.0, 'tp_rr_mult': 1.0}. Best is trial 5 with value: -2.094932401402707.
[I 2026-06-02 19:22:34,869] Trial 12 finished with value: -4.43201291459554 and parameters: {'lookback': 48, 'entry_threshold': 1.5, 'exit_threshold': -0.25, 'hold_bars': 12, 'sl_atr_mult': 1.5, 'tp_rr_mult': 2.5}. Best is trial 5 with value: -2.094932401402707.
[I 2026-06-02 19:22:34,960] Trial 9 finished with value: -3.389074475867017 and parameters: {'lookback': 72, 'entry_threshold': 2.5, 'exit_threshold': 0.0, 'hold_bars': 18, 'sl_atr_mult': 1.5, 'tp_rr_mult': 1.5}. Best is trial 5 with value: -2.094932401402707.
[I 2026-06-02 19:22:35,252] Trial 15 finished with value: -2.5224296429260162 and parameters: {'lookback': 24, 'entry_threshold': 2.0, 'exit_threshold': 0.25, 'hold_bars': 6, 'sl_atr_mult': 2.5, 'tp_rr_mult': 2.5}. Best is trial 5 with value: -2.094932401402707.
[I 2026-06-02 19:22:35,278] Trial 14 finished with value: -5.366339774421827 and parameters: {'lookback': 48, 'entry_threshold': 1.5, 'exit_threshold': 0.25, 'hold_bars': 18, 'sl_atr_mult': 2.0, 'tp_rr_mult': 1.0}. Best is trial 5 with value: -2.094932401402707.
[I 2026-06-02 19:22:40,965] Trial 16 finished with value: -3.2547569495802793 and parameters: {'lookback': 48, 'entry_threshold': 3.0, 'exit_threshold': 0.25, 'hold_bars': 12, 'sl_atr_mult': 2.0, 'tp_rr_mult': 1.5}. Best is trial 5 with value: -2.094932401402707.
[I 2026-06-02 19:22:41,094] Trial 17 finished with value: -3.1722196519036996 and parameters: {'lookback': 48, 'entry_threshold': 3.0, 'exit_threshold': 0.0, 'hold_bars': 12, 'sl_atr_mult': 2.0, 'tp_rr_mult': 1.0}. Best is trial 5 with value: -2.094932401402707.
[I 2026-06-02 19:22:41,669] Trial 22 finished with value: -5.636817300498868 and parameters: {'lookback': 24, 'entry_threshold': 1.5, 'exit_threshold': 0.0, 'hold_bars': 6, 'sl_atr_mult': 2.5, 'tp_rr_mult': 2.5}. Best is trial 5 with value: -2.094932401402707.
[I 2026-06-02 19:22:41,780] Trial 21 finished with value: -2.4792532061766037 and parameters: {'lookback': 72, 'entry_threshold': 3.0, 'exit_threshold': 0.25, 'hold_bars': 12, 'sl_atr_mult': 2.5, 'tp_rr_mult': 1.0}. Best is trial 5 with value: -2.094932401402707.
[I 2026-06-02 19:22:41,784] Trial 18 finished with value: -3.027412930660533 and parameters: {'lookback': 72, 'entry_threshold': 2.5, 'exit_threshold': 0.0, 'hold_bars': 12, 'sl_atr_mult': 2.0, 'tp_rr_mult': 1.5}. Best is trial 5 with value: -2.094932401402707.
[I 2026-06-02 19:22:41,915] Trial 19 finished with value: -0.9657771164477992 and parameters: {'lookback': 48, 'entry_threshold': 3.0, 'exit_threshold': -0.25, 'hold_bars': 12, 'sl_atr_mult': 2.0, 'tp_rr_mult': 1.5}. Best is trial 19 with value: -0.9657771164477992.
[I 2026-06-02 19:22:41,967] Trial 23 finished with value: -2.5224296429260162 and parameters: {'lookback': 24, 'entry_threshold': 2.0, 'exit_threshold': 0.25, 'hold_bars': 6, 'sl_atr_mult': 2.5, 'tp_rr_mult': 2.5}. Best is trial 19 with value: -0.9657771164477992.
[I 2026-06-02 19:22:42,019] Trial 20 finished with value: -0.7823672424749989 and parameters: {'lookback': 72, 'entry_threshold': 3.0, 'exit_threshold': -0.25, 'hold_bars': 12, 'sl_atr_mult': 2.0, 'tp_rr_mult': 1.5}. Best is trial 20 with value: -0.7823672424749989.
[I 2026-06-02 19:22:42,494] Trial 24 finished with value: -4.0657683692483335 and parameters: {'lookback': 48, 'entry_threshold': 2.0, 'exit_threshold': 0.25, 'hold_bars': 6, 'sl_atr_mult': 2.5, 'tp_rr_mult': 2.5}. Best is trial 20 with value: -0.7823672424749989.
