[I 2026-06-02 19:17:18,113] Trial 10 finished with value: -4.29020714023628 and parameters: {'lookback': 72, 'entry_threshold': 1.5, 'exit_threshold': 0.25, 'hold_bars': 18, 'sl_atr_mult': 2.5, 'tp_rr_mult': 1.5}. Best is trial 7 with value: -2.5646265136918505.
[I 2026-06-02 19:17:18,206] Trial 9 finished with value: -2.534750359917691 and parameters: {'lookback': 48, 'entry_threshold': 1.5, 'exit_threshold': -0.25, 'hold_bars': 24, 'sl_atr_mult': 2.0, 'tp_rr_mult': 2.5}. Best is trial 9 with value: -2.534750359917691.
[I 2026-06-02 19:17:18,290] Trial 12 finished with value: -4.401648987849287 and parameters: {'lookback': 48, 'entry_threshold': 2.5, 'exit_threshold': -0.25, 'hold_bars': 6, 'sl_atr_mult': 1.5, 'tp_rr_mult': 2.0}. Best is trial 9 with value: -2.534750359917691.
[I 2026-06-02 19:17:18,683] Trial 11 finished with value: -3.6285510127699885 and parameters: {'lookback': 96, 'entry_threshold': 2.5, 'exit_threshold': -0.25, 'hold_bars': 6, 'sl_atr_mult': 1.5, 'tp_rr_mult': 1.0}. Best is trial 9 with value: -2.534750359917691.
[I 2026-06-02 19:17:18,721] Trial 14 finished with value: -4.8620633833522096 and parameters: {'lookback': 48, 'entry_threshold': 2.0, 'exit_threshold': 0.0, 'hold_bars': 24, 'sl_atr_mult': 2.0, 'tp_rr_mult': 1.0}. Best is trial 9 with value: -2.534750359917691.
[I 2026-06-02 19:17:18,948] Trial 13 finished with value: -2.958345470575631 and parameters: {'lookback': 96, 'entry_threshold': 1.5, 'exit_threshold': 0.5, 'hold_bars': 18, 'sl_atr_mult': 1.5, 'tp_rr_mult': 2.0}. Best is trial 9 with value: -2.534750359917691.
[I 2026-06-02 19:17:23,240] Trial 18 finished with value: -3.015184549078944 and parameters: {'lookback': 24, 'entry_threshold': 3.0, 'exit_threshold': 0.0, 'hold_bars': 18, 'sl_atr_mult': 2.0, 'tp_rr_mult': 1.0}. Best is trial 9 with value: -2.534750359917691.
[I 2026-06-02 19:17:23,368] Trial 16 finished with value: -2.870562607657123 and parameters: {'lookback': 24, 'entry_threshold': 3.0, 'exit_threshold': -0.25, 'hold_bars': 18, 'sl_atr_mult': 2.0, 'tp_rr_mult': 2.0}. Best is trial 9 with value: -2.534750359917691.
[I 2026-06-02 19:17:23,570] Trial 20 finished with value: -2.5646265136918505 and parameters: {'lookback': 48, 'entry_threshold': 1.5, 'exit_threshold': 0.25, 'hold_bars': 6, 'sl_atr_mult': 2.5, 'tp_rr_mult': 2.0}. Best is trial 9 with value: -2.534750359917691.
[I 2026-06-02 19:17:23,712] Trial 17 finished with value: -2.7928450876174176 and parameters: {'lookback': 24, 'entry_threshold': 1.5, 'exit_threshold': 0.25, 'hold_bars': 6, 'sl_atr_mult': 2.5, 'tp_rr_mult': 2.5}. Best is trial 9 with value: -2.534750359917691.
[I 2026-06-02 19:17:24,031] Trial 23 finished with value: -3.388607613012212 and parameters: {'lookback': 72, 'entry_threshold': 1.5, 'exit_threshold': -0.25, 'hold_bars': 24, 'sl_atr_mult': 2.0, 'tp_rr_mult': 2.5}. Best is trial 9 with value: -2.534750359917691.
[I 2026-06-02 19:17:24,082] Trial 22 finished with value: -3.0315143754556106 and parameters: {'lookback': 24, 'entry_threshold': 1.5, 'exit_threshold': 0.25, 'hold_bars': 6, 'sl_atr_mult': 2.5, 'tp_rr_mult': 1.5}. Best is trial 9 with value: -2.534750359917691.
[I 2026-06-02 19:17:24,109] Trial 21 finished with value: -3.388607613012212 and parameters: {'lookback': 72, 'entry_threshold': 1.5, 'exit_threshold': -0.25, 'hold_bars': 24, 'sl_atr_mult': 2.0, 'tp_rr_mult': 2.5}. Best is trial 9 with value: -2.534750359917691.
[I 2026-06-02 19:17:24,286] Trial 19 finished with value: -3.388607613012212 and parameters: {'lookback': 72, 'entry_threshold': 1.5, 'exit_threshold': -0.25, 'hold_bars': 18, 'sl_atr_mult': 2.0, 'tp_rr_mult': 2.5}. Best is trial 9 with value: -2.534750359917691.
[I 2026-06-02 19:17:24,726] Trial 24 finished with value: -2.418046132815761 and parameters: {'lookback': 48, 'entry_threshold': 1.5, 'exit_threshold': 0.5, 'hold_bars': 6, 'sl_atr_mult': 2.5, 'tp_rr_mult': 2.0}. Best is trial 24 with value: -2.418046132815761.
C:\Users\הלל\Desktop\algo projects\trading-research-factory\walk forward engine\.venv\lib\site-packages\optuna\samplers\_tpe\sampler.py:319: ExperimentalWarning: ``multivariate`` option is an experimental feature. The interface can change in the future.
  warnings.warn(
[I 2026-06-02 19:17:25,463] A new study created in memory with name: no-name-5c663c7a-ada6-43eb-b71b-ef9ade468907
[I 2026-06-02 19:17:29,458] Trial 6 finished with value: -3.489995967516087 and parameters: {'lookback': 24, 'entry_threshold': 2.0, 'exit_threshold': 0.5, 'hold_bars': 6, 'sl_atr_mult': 1.5, 'tp_rr_mult': 2.5}. Best is trial 6 with value: -3.489995967516087.
[I 2026-06-02 19:17:29,611] Trial 3 finished with value: -0.5404676279774304 and parameters: {'lookback': 48, 'entry_threshold': 2.0, 'exit_threshold': 0.5, 'hold_bars': 24, 'sl_atr_mult': 1.5, 'tp_rr_mult': 2.5}. Best is trial 3 with value: -0.5404676279774304.
[I 2026-06-02 19:17:29,792] Trial 1 finished with value: -1.929173050487964 and parameters: {'lookback': 72, 'entry_threshold': 1.5, 'exit_threshold': 0.25, 'hold_bars': 6, 'sl_atr_mult': 2.5, 'tp_rr_mult': 2.5}. Best is trial 3 with value: -0.5404676279774304.
[I 2026-06-02 19:17:29,902] Trial 0 finished with value: -1.4904227969107227 and parameters: {'lookback': 72, 'entry_threshold': 3.0, 'exit_threshold': 0.25, 'hold_bars': 24, 'sl_atr_mult': 2.5, 'tp_rr_mult': 2.5}. Best is trial 3 with value: -0.5404676279774304.
[I 2026-06-02 19:17:29,979] Trial 4 finished with value: -0.7832276613649899 and parameters: {'lookback': 24, 'entry_threshold': 1.5, 'exit_threshold': 0.0, 'hold_bars': 18, 'sl_atr_mult': 1.5, 'tp_rr_mult': 1.5}. Best is trial 3 with value: -0.5404676279774304.
[I 2026-06-02 19:17:29,979] Trial 5 finished with value: -1.23090082961947 and parameters: {'lookback': 72, 'entry_threshold': 2.0, 'exit_threshold': -0.25, 'hold_bars': 18, 'sl_atr_mult': 2.5, 'tp_rr_mult': 1.5}. Best is trial 3 with value: -0.5404676279774304.
[I 2026-06-02 19:17:29,979] Trial 7 finished with value: -1.1534823863944415 and parameters: {'lookback': 96, 'entry_threshold': 1.5, 'exit_threshold': 0.5, 'hold_bars': 18, 'sl_atr_mult': 1.5, 'tp_rr_mult': 2.0}. Best is trial 3 with value: -0.5404676279774304.
[I 2026-06-02 19:17:30,065] Trial 2 finished with value: -1.6101269333995112 and parameters: {'lookback': 96, 'entry_threshold': 1.5, 'exit_threshold': 0.5, 'hold_bars': 6, 'sl_atr_mult': 1.5, 'tp_rr_mult': 2.5}. Best is trial 3 with value: -0.5404676279774304.
[I 2026-06-02 19:17:34,144] Trial 9 finished with value: -1.756500313136638 and parameters: {'lookback': 24, 'entry_threshold': 3.0, 'exit_threshold': -0.25, 'hold_bars': 24, 'sl_atr_mult': 2.5, 'tp_rr_mult': 1.0}. Best is trial 3 with value: -0.5404676279774304.
[I 2026-06-02 19:17:34,340] Trial 8 finished with value: -0.45256828638930613 and parameters: {'lookback': 24, 'entry_threshold': 1.5, 'exit_threshold': 0.25, 'hold_bars': 18, 'sl_atr_mult': 2.5, 'tp_rr_mult': 1.5}. Best is trial 8 with value: -0.45256828638930613.
[I 2026-06-02 19:17:34,390] Trial 13 finished with value: -3.0011674986744175 and parameters: {'lookback': 48, 'entry_threshold': 2.5, 'exit_threshold': 0.0, 'hold_bars': 6, 'sl_atr_mult': 2.0, 'tp_rr_mult': 1.5}. Best is trial 8 with value: -0.45256828638930613.
[I 2026-06-02 19:17:34,790] Trial 10 finished with value: -1.1519401010934927 and parameters: {'lookback': 24, 'entry_threshold': 3.0, 'exit_threshold': 0.5, 'hold_bars': 6, 'sl_atr_mult': 2.5, 'tp_rr_mult': 1.5}. Best is trial 8 with value: -0.45256828638930613.
[I 2026-06-02 19:17:35,150] Trial 15 finished with value: -0.6790127521748118 and parameters: {'lookback': 48, 'entry_threshold': 2.0, 'exit_threshold': 0.5, 'hold_bars': 24, 'sl_atr_mult': 2.5, 'tp_rr_mult': 2.5}. Best is trial 8 with value: -0.45256828638930613.
[I 2026-06-02 19:17:35,345] Trial 12 finished with value: -2.0693874961316783 and parameters: {'lookback': 96, 'entry_threshold': 1.5, 'exit_threshold': 0.25, 'hold_bars': 12, 'sl_atr_mult': 2.5, 'tp_rr_mult': 2.5}. Best is trial 8 with value: -0.45256828638930613.
[I 2026-06-02 19:17:35,474] Trial 11 finished with value: -2.3687657601299774 and parameters: {'lookback': 72, 'entry_threshold': 2.0, 'exit_threshold': 0.0, 'hold_bars': 12, 'sl_atr_mult': 2.5, 'tp_rr_mult': 1.5}. Best is trial 8 with value: -0.45256828638930613.
[I 2026-06-02 19:17:35,561] Trial 14 finished with value: -1.6715965945015279 and parameters: {'lookback': 96, 'entry_threshold': 1.5, 'exit_threshold': 0.25, 'hold_bars': 18, 'sl_atr_mult': 2.0, 'tp_rr_mult': 1.5}. Best is trial 8 with value: -0.45256828638930613.
[I 2026-06-02 19:17:39,621] Trial 16 finished with value: -2.033625752707646 and parameters: {'lookback': 48, 'entry_threshold': 3.0, 'exit_threshold': 0.0, 'hold_bars': 12, 'sl_atr_mult': 2.5, 'tp_rr_mult': 2.0}. Best is trial 8 with value: -0.45256828638930613.
[I 2026-06-02 19:17:39,877] Trial 17 finished with value: -1.6292962760217653 and parameters: {'lookback': 24, 'entry_threshold': 1.5, 'exit_threshold': 0.0, 'hold_bars': 18, 'sl_atr_mult': 2.5, 'tp_rr_mult': 1.0}. Best is trial 8 with value: -0.45256828638930613.
[I 2026-06-02 19:17:40,132] Trial 20 finished with value: -4.84807239755034 and parameters: {'lookback': 24, 'entry_threshold': 2.0, 'exit_threshold': 0.25, 'hold_bars': 18, 'sl_atr_mult': 2.5, 'tp_rr_mult': 1.0}. Best is trial 8 with value: -0.45256828638930613.
[I 2026-06-02 19:17:40,248] Trial 18 finished with value: -2.2256137188731224 and parameters: {'lookback': 72, 'entry_threshold': 2.5, 'exit_threshold': 0.5, 'hold_bars': 24, 'sl_atr_mult': 1.5, 'tp_rr_mult': 2.5}. Best is trial 8 with value: -0.45256828638930613.
[I 2026-06-02 19:17:40,248] Trial 19 finished with value: -0.45256828638930613 and parameters: {'lookback': 24, 'entry_threshold': 1.5, 'exit_threshold': 0.25, 'hold_bars': 18, 'sl_atr_mult': 2.5, 'tp_rr_mult': 1.5}. Best is trial 8 with value: -0.45256828638930613.
[I 2026-06-02 19:17:40,431] Trial 21 finished with value: 0.25219363741614464 and parameters: {'lookback': 48, 'entry_threshold': 2.0, 'exit_threshold': 0.25, 'hold_bars': 24, 'sl_atr_mult': 1.5, 'tp_rr_mult': 2.5}. Best is trial 21 with value: 0.25219363741614464.
[I 2026-06-02 19:17:40,439] Trial 22 finished with value: -1.796056435632547 and parameters: {'lookback': 24, 'entry_threshold': 2.5, 'exit_threshold': 0.5, 'hold_bars': 24, 'sl_atr_mult': 1.5, 'tp_rr_mult': 2.0}. Best is trial 21 with value: 0.25219363741614464.
[I 2026-06-02 19:17:40,542] Trial 23 finished with value: -4.84807239755034 and parameters: {'lookback': 24, 'entry_threshold': 2.0, 'exit_threshold': 0.25, 'hold_bars': 18, 'sl_atr_mult': 2.5, 'tp_rr_mult': 1.5}. Best is trial 21 with value: 0.25219363741614464.
[I 2026-06-02 19:17:40,767] Trial 24 finished with value: 0.8709974962635857 and parameters: {'lookback': 24, 'entry_threshold': 1.5, 'exit_threshold': 0.5, 'hold_bars': 24, 'sl_atr_mult': 1.5, 'tp_rr_mult': 2.5}. Best is trial 24 with value: 0.8709974962635857.
C:\Users\הלל\Desktop\algo projects\trading-research-factory\walk forward engine\.venv\lib\site-packages\optuna\samplers\_tpe\sampler.py:319: ExperimentalWarning: ``multivariate`` option is an experimental feature. The interface can change in the future.
  warnings.warn(
[I 2026-06-02 19:17:41,246] A new study created in memory with name: no-name-2091386e-f4c3-4d02-b255-1d77684f7232
[I 2026-06-02 19:17:44,884] Trial 0 finished with value: -0.16511814801901564 and parameters: {'lookback': 24, 'entry_threshold': 2.5, 'exit_threshold': 0.25, 'hold_bars': 12, 'sl_atr_mult': 1.5, 'tp_rr_mult': 2.5}. Best is trial 0 with value: -0.16511814801901564.
[I 2026-06-02 19:17:45,134] Trial 1 finished with value: 0.9302397067524196 and parameters: {'lookback': 96, 'entry_threshold': 3.0, 'exit_threshold': -0.25, 'hold_bars': 12, 'sl_atr_mult': 1.5, 'tp_rr_mult': 1.5}. Best is trial 1 with value: 0.9302397067524196.
[I 2026-06-02 19:17:45,263] Trial 6 finished with value: -1.8861633041000732 and parameters: {'lookback': 24, 'entry_threshold': 2.0, 'exit_threshold': 0.5, 'hold_bars': 24, 'sl_atr_mult': 2.0, 'tp_rr_mult': 1.0}. Best is trial 1 with value: 0.9302397067524196.
[I 2026-06-02 19:17:45,398] Trial 3 finished with value: 1.7321028750264826 and parameters: {'lookback': 72, 'entry_threshold': 3.0, 'exit_threshold': 0.0, 'hold_bars': 18, 'sl_atr_mult': 1.5, 'tp_rr_mult': 1.0}. Best is trial 3 with value: 1.7321028750264826.
[I 2026-06-02 19:17:45,410] Trial 7 finished with value: 0.49578972120256753 and parameters: {'lookback': 48, 'entry_threshold': 2.0, 'exit_threshold': 0.5, 'hold_bars': 6, 'sl_atr_mult': 2.0, 'tp_rr_mult': 1.0}. Best is trial 3 with value: 1.7321028750264826.
[I 2026-06-02 19:17:45,473] Trial 2 finished with value: 0.2518243400660706 and parameters: {'lookback': 48, 'entry_threshold': 2.5, 'exit_threshold': 0.0, 'hold_bars': 12, 'sl_atr_mult': 2.0, 'tp_rr_mult': 2.0}. Best is trial 3 with value: 1.7321028750264826.
[I 2026-06-02 19:17:45,678] Trial 4 finished with value: -2.4911232289158476 and parameters: {'lookback': 48, 'entry_threshold': 1.5, 'exit_threshold': -0.25, 'hold_bars': 24, 'sl_atr_mult': 2.0, 'tp_rr_mult': 1.5}. Best is trial 3 with value: 1.7321028750264826.
[I 2026-06-02 19:17:45,713] Trial 5 finished with value: -0.8592253587138434 and parameters: {'lookback': 24, 'entry_threshold': 2.5, 'exit_threshold': 0.0, 'hold_bars': 18, 'sl_atr_mult': 2.0, 'tp_rr_mult': 1.5}. Best is trial 3 with value: 1.7321028750264826.
[I 2026-06-02 19:17:49,143] Trial 9 finished with value: 1.256577782397997 and parameters: {'lookback': 24, 'entry_threshold': 3.0, 'exit_threshold': 0.0, 'hold_bars': 24, 'sl_atr_mult': 2.5, 'tp_rr_mult': 1.5}. Best is trial 3 with value: 1.7321028750264826.
[I 2026-06-02 19:17:49,404] Trial 8 finished with value: -2.4774401885300024 and parameters: {'lookback': 96, 'entry_threshold': 1.5, 'exit_threshold': -0.25, 'hold_bars': 24, 'sl_atr_mult': 1.5, 'tp_rr_mult': 1.0}. Best is trial 3 with value: 1.7321028750264826.
[I 2026-06-02 19:17:49,568] Trial 11 finished with value: 1.256577782397997 and parameters: {'lookback': 24, 'entry_threshold': 3.0, 'exit_threshold': 0.0, 'hold_bars': 18, 'sl_atr_mult': 2.0, 'tp_rr_mult': 1.0}. Best is trial 3 with value: 1.7321028750264826.
[I 2026-06-02 19:17:49,786] Trial 15 finished with value: -1.548785361503048 and parameters: {'lookback': 48, 'entry_threshold': 1.5, 'exit_threshold': 0.25, 'hold_bars': 6, 'sl_atr_mult': 1.5, 'tp_rr_mult': 2.0}. Best is trial 3 with value: 1.7321028750264826.
[I 2026-06-02 19:17:49,849] Trial 10 finished with value: -1.7116648207937213 and parameters: {'lookback': 96, 'entry_threshold': 1.5, 'exit_threshold': -0.25, 'hold_bars': 24, 'sl_atr_mult': 2.0, 'tp_rr_mult': 1.5}. Best is trial 3 with value: 1.7321028750264826.
[I 2026-06-02 19:17:49,904] Trial 12 finished with value: 1.4587524560952805 and parameters: {'lookback': 96, 'entry_threshold': 3.0, 'exit_threshold': -0.25, 'hold_bars': 24, 'sl_atr_mult': 1.5, 'tp_rr_mult': 1.0}. Best is trial 3 with value: 1.7321028750264826.
[I 2026-06-02 19:17:50,241] Trial 13 finished with value: -0.934460134631099 and parameters: {'lookback': 72, 'entry_threshold': 1.5, 'exit_threshold': -0.25, 'hold_bars': 18, 'sl_atr_mult': 2.5, 'tp_rr_mult': 2.5}. Best is trial 3 with value: 1.7321028750264826.
[I 2026-06-02 19:17:50,255] Trial 14 finished with value: 1.256577782397997 and parameters: {'lookback': 24, 'entry_threshold': 3.0, 'exit_threshold': 0.0, 'hold_bars': 12, 'sl_atr_mult': 2.0, 'tp_rr_mult': 1.0}. Best is trial 3 with value: 1.7321028750264826.
[I 2026-06-02 19:17:53,603] Trial 16 finished with value: 0.13569215966496442 and parameters: {'lookback': 48, 'entry_threshold': 3.0, 'exit_threshold': -0.25, 'hold_bars': 18, 'sl_atr_mult': 1.5, 'tp_rr_mult': 2.0}. Best is trial 3 with value: 1.7321028750264826.
[I 2026-06-02 19:17:53,917] Trial 17 finished with value: 1.7321028750264826 and parameters: {'lookback': 72, 'entry_threshold': 3.0, 'exit_threshold': 0.0, 'hold_bars': 24, 'sl_atr_mult': 1.5, 'tp_rr_mult': 1.0}. Best is trial 3 with value: 1.7321028750264826.
[I 2026-06-02 19:17:54,098] Trial 19 finished with value: 1.64862575025345 and parameters: {'lookback': 24, 'entry_threshold': 3.0, 'exit_threshold': 0.25, 'hold_bars': 24, 'sl_atr_mult': 2.5, 'tp_rr_mult': 2.0}. Best is trial 3 with value: 1.7321028750264826.
[I 2026-06-02 19:17:54,130] Trial 18 finished with value: 1.0265933455231895 and parameters: {'lookback': 48, 'entry_threshold': 3.0, 'exit_threshold': 0.0, 'hold_bars': 24, 'sl_atr_mult': 2.5, 'tp_rr_mult': 2.0}. Best is trial 3 with value: 1.7321028750264826.
[I 2026-06-02 19:17:54,198] Trial 20 finished with value: 0.2690326757840506 and parameters: {'lookback': 24, 'entry_threshold': 3.0, 'exit_threshold': -0.25, 'hold_bars': 24, 'sl_atr_mult': 2.5, 'tp_rr_mult': 2.0}. Best is trial 3 with value: 1.7321028750264826.
[I 2026-06-02 19:17:54,324] Trial 21 finished with value: 1.4587524560952805 and parameters: {'lookback': 96, 'entry_threshold': 3.0, 'exit_threshold': -0.25, 'hold_bars': 24, 'sl_atr_mult': 1.5, 'tp_rr_mult': 1.0}. Best is trial 3 with value: 1.7321028750264826.
[I 2026-06-02 19:17:54,612] Trial 22 finished with value: 0.8527466715999263 and parameters: {'lookback': 72, 'entry_threshold': 3.0, 'exit_threshold': 0.0, 'hold_bars': 24, 'sl_atr_mult': 2.0, 'tp_rr_mult': 1.0}. Best is trial 3 with value: 1.7321028750264826.
[I 2026-06-02 19:17:54,659] Trial 23 finished with value: 1.50484215343661 and parameters: {'lookback': 72, 'entry_threshold': 3.0, 'exit_threshold': -0.25, 'hold_bars': 24, 'sl_atr_mult': 1.5, 'tp_rr_mult': 1.0}. Best is trial 3 with value: 1.7321028750264826.
[I 2026-06-02 19:17:54,905] Trial 24 finished with value: 1.4587524560952805 and parameters: {'lookback': 96, 'entry_threshold': 3.0, 'exit_threshold': -0.25, 'hold_bars': 24, 'sl_atr_mult': 1.5, 'tp_rr_mult': 1.0}. Best is trial 3 with value: 1.7321028750264826.
C:\Users\הלל\Desktop\algo projects\trading-research-factory\walk forward engine\.venv\lib\site-packages\optuna\samplers\_tpe\sampler.py:319: ExperimentalWarning: ``multivariate`` option is an experimental feature. The interface can change in the future.
  warnings.warn(
[I 2026-06-02 19:17:55,359] A new study created in memory with name: no-name-14367a4c-26b3-48c7-b659-ec54066b72dc
[I 2026-06-02 19:17:59,007] Trial 0 finished with value: -3.9793432613265556 and parameters: {'lookback': 24, 'entry_threshold': 1.5, 'exit_threshold': 0.0, 'hold_bars': 18, 'sl_atr_mult': 1.5, 'tp_rr_mult': 2.0}. Best is trial 0 with value: -3.9793432613265556.
[I 2026-06-02 19:17:59,261] Trial 6 finished with value: -1.611796431462324 and parameters: {'lookback': 96, 'entry_threshold': 1.5, 'exit_threshold': 0.5, 'hold_bars': 12, 'sl_atr_mult': 2.0, 'tp_rr_mult': 2.5}. Best is trial 6 with value: -1.611796431462324.
[I 2026-06-02 19:17:59,456] Trial 2 finished with value: 0.2993464385221263 and parameters: {'lookback': 48, 'entry_threshold': 3.0, 'exit_threshold': 0.25, 'hold_bars': 18, 'sl_atr_mult': 1.5, 'tp_rr_mult': 1.0}. Best is trial 2 with value: 0.2993464385221263.
[I 2026-06-02 19:17:59,525] Trial 5 finished with value: 0.9080649550572126 and parameters: {'lookback': 72, 'entry_threshold': 3.0, 'exit_threshold': 0.0, 'hold_bars': 24, 'sl_atr_mult': 1.5, 'tp_rr_mult': 1.0}. Best is trial 5 with value: 0.9080649550572126.
[I 2026-06-02 19:17:59,577] Trial 4 finished with value: -1.474730258199184 and parameters: {'lookback': 72, 'entry_threshold': 2.0, 'exit_threshold': 0.25, 'hold_bars': 24, 'sl_atr_mult': 2.0, 'tp_rr_mult': 1.5}. Best is trial 5 with value: 0.9080649550572126.
[I 2026-06-02 19:17:59,618] Trial 7 finished with value: -3.9793432613265556 and parameters: {'lookback': 24, 'entry_threshold': 1.5, 'exit_threshold': 0.0, 'hold_bars': 12, 'sl_atr_mult': 1.5, 'tp_rr_mult': 2.5}. Best is trial 5 with value: 0.9080649550572126.
[I 2026-06-02 19:17:59,847] Trial 3 finished with value: -1.65197270764373 and parameters: {'lookback': 72, 'entry_threshold': 2.0, 'exit_threshold': 0.25, 'hold_bars': 6, 'sl_atr_mult': 2.5, 'tp_rr_mult': 2.5}. Best is trial 5 with value: 0.9080649550572126.
[I 2026-06-02 19:17:59,884] Trial 1 finished with value: 0.5678836746602952 and parameters: {'lookback': 72, 'entry_threshold': 3.0, 'exit_threshold': 0.5, 'hold_bars': 6, 'sl_atr_mult': 2.5, 'tp_rr_mult': 1.0}. Best is trial 5 with value: 0.9080649550572126.
[I 2026-06-02 19:18:03,429] Trial 8 finished with value: -2.9174201507955835 and parameters: {'lookback': 24, 'entry_threshold': 2.0, 'exit_threshold': 0.5, 'hold_bars': 12, 'sl_atr_mult': 1.5, 'tp_rr_mult': 1.0}. Best is trial 5 with value: 0.9080649550572126.
[I 2026-06-02 19:18:03,682] Trial 9 finished with value: -2.957838847003564 and parameters: {'lookback': 72, 'entry_threshold': 1.5, 'exit_threshold': -0.25, 'hold_bars': 6, 'sl_atr_mult': 2.0, 'tp_rr_mult': 1.5}. Best is trial 5 with value: 0.9080649550572126.
[I 2026-06-02 19:18:03,928] Trial 13 finished with value: -2.3394443118321417 and parameters: {'lookback': 24, 'entry_threshold': 2.0, 'exit_threshold': 0.25, 'hold_bars': 6, 'sl_atr_mult': 2.5, 'tp_rr_mult': 2.5}. Best is trial 5 with value: 0.9080649550572126.
[I 2026-06-02 19:18:04,041] Trial 12 finished with value: -3.513220198034142 and parameters: {'lookback': 48, 'entry_threshold': 1.5, 'exit_threshold': 0.25, 'hold_bars': 18, 'sl_atr_mult': 1.5, 'tp_rr_mult': 2.5}. Best is trial 5 with value: 0.9080649550572126.
[I 2026-06-02 19:18:04,548] Trial 14 finished with value: -3.346344224844778 and parameters: {'lookback': 72, 'entry_threshold': 1.5, 'exit_threshold': 0.25, 'hold_bars': 18, 'sl_atr_mult': 2.0, 'tp_rr_mult': 1.0}. Best is trial 5 with value: 0.9080649550572126.
