[I 2026-06-02 19:19:58,005] Trial 21 finished with value: 1.1448478084595546 and parameters: {'lookback': 96, 'entry_threshold': 3.0, 'exit_threshold': 0.0, 'hold_bars': 18, 'sl_atr_mult': 2.5, 'tp_rr_mult': 2.5}. Best is trial 8 with value: 1.1656249973122328.
[I 2026-06-02 19:19:58,085] Trial 19 finished with value: 0.6734449187141697 and parameters: {'lookback': 96, 'entry_threshold': 3.0, 'exit_threshold': -0.25, 'hold_bars': 24, 'sl_atr_mult': 2.0, 'tp_rr_mult': 2.0}. Best is trial 8 with value: 1.1656249973122328.
[I 2026-06-02 19:19:58,133] Trial 22 finished with value: 1.1656249973122328 and parameters: {'lookback': 96, 'entry_threshold': 3.0, 'exit_threshold': -0.25, 'hold_bars': 24, 'sl_atr_mult': 2.5, 'tp_rr_mult': 2.0}. Best is trial 8 with value: 1.1656249973122328.
[I 2026-06-02 19:19:58,226] Trial 23 finished with value: -1.0622246754909774 and parameters: {'lookback': 96, 'entry_threshold': 2.5, 'exit_threshold': -0.25, 'hold_bars': 24, 'sl_atr_mult': 2.5, 'tp_rr_mult': 2.0}. Best is trial 8 with value: 1.1656249973122328.
[I 2026-06-02 19:19:58,488] Trial 24 finished with value: 1.1656249973122328 and parameters: {'lookback': 96, 'entry_threshold': 3.0, 'exit_threshold': -0.25, 'hold_bars': 24, 'sl_atr_mult': 2.5, 'tp_rr_mult': 1.5}. Best is trial 8 with value: 1.1656249973122328.
C:\Users\הלל\Desktop\algo projects\trading-research-factory\walk forward engine\.venv\lib\site-packages\optuna\samplers\_tpe\sampler.py:319: ExperimentalWarning: ``multivariate`` option is an experimental feature. The interface can change in the future.
  warnings.warn(
[I 2026-06-02 19:19:58,983] A new study created in memory with name: no-name-d356545c-4c92-4d5f-ae0c-7404dce53c6a
[I 2026-06-02 19:20:03,666] Trial 1 finished with value: -1.678392180053968 and parameters: {'lookback': 24, 'entry_threshold': 2.0, 'exit_threshold': -0.25, 'hold_bars': 6, 'sl_atr_mult': 2.0, 'tp_rr_mult': 1.5}. Best is trial 1 with value: -1.678392180053968.
[I 2026-06-02 19:20:03,900] Trial 6 finished with value: -3.8691758951691613 and parameters: {'lookback': 48, 'entry_threshold': 1.5, 'exit_threshold': -0.25, 'hold_bars': 6, 'sl_atr_mult': 2.0, 'tp_rr_mult': 1.5}. Best is trial 1 with value: -1.678392180053968.
[I 2026-06-02 19:20:04,009] Trial 2 finished with value: 0.3957502689130185 and parameters: {'lookback': 24, 'entry_threshold': 2.0, 'exit_threshold': 0.25, 'hold_bars': 18, 'sl_atr_mult': 2.5, 'tp_rr_mult': 2.5}. Best is trial 2 with value: 0.3957502689130185.
[I 2026-06-02 19:20:04,073] Trial 0 finished with value: -2.3837632444137538 and parameters: {'lookback': 48, 'entry_threshold': 2.0, 'exit_threshold': 0.25, 'hold_bars': 12, 'sl_atr_mult': 1.5, 'tp_rr_mult': 2.0}. Best is trial 2 with value: 0.3957502689130185.
[I 2026-06-02 19:20:04,216] Trial 5 finished with value: 0.20690478584462949 and parameters: {'lookback': 48, 'entry_threshold': 3.0, 'exit_threshold': 0.5, 'hold_bars': 24, 'sl_atr_mult': 2.0, 'tp_rr_mult': 1.0}. Best is trial 2 with value: 0.3957502689130185.
[I 2026-06-02 19:20:04,639] Trial 7 finished with value: -2.2698005677078186 and parameters: {'lookback': 96, 'entry_threshold': 2.0, 'exit_threshold': 0.0, 'hold_bars': 24, 'sl_atr_mult': 2.0, 'tp_rr_mult': 2.5}. Best is trial 2 with value: 0.3957502689130185.
[I 2026-06-02 19:20:04,677] Trial 4 finished with value: -1.8030763928743254 and parameters: {'lookback': 72, 'entry_threshold': 2.5, 'exit_threshold': 0.5, 'hold_bars': 24, 'sl_atr_mult': 1.5, 'tp_rr_mult': 1.0}. Best is trial 2 with value: 0.3957502689130185.
[I 2026-06-02 19:20:04,682] Trial 3 finished with value: 0.19971351136900267 and parameters: {'lookback': 72, 'entry_threshold': 3.0, 'exit_threshold': 0.5, 'hold_bars': 6, 'sl_atr_mult': 2.5, 'tp_rr_mult': 1.5}. Best is trial 2 with value: 0.3957502689130185.
[I 2026-06-02 19:20:08,306] Trial 8 finished with value: -2.3844440774729283 and parameters: {'lookback': 48, 'entry_threshold': 2.5, 'exit_threshold': 0.25, 'hold_bars': 18, 'sl_atr_mult': 2.0, 'tp_rr_mult': 1.0}. Best is trial 2 with value: 0.3957502689130185.
[I 2026-06-02 19:20:09,056] Trial 11 finished with value: -0.49604147001370036 and parameters: {'lookback': 48, 'entry_threshold': 3.0, 'exit_threshold': -0.25, 'hold_bars': 18, 'sl_atr_mult': 2.5, 'tp_rr_mult': 1.0}. Best is trial 2 with value: 0.3957502689130185.
[I 2026-06-02 19:20:09,056] Trial 9 finished with value: -2.7485319648646476 and parameters: {'lookback': 48, 'entry_threshold': 2.5, 'exit_threshold': 0.0, 'hold_bars': 12, 'sl_atr_mult': 2.0, 'tp_rr_mult': 1.0}. Best is trial 2 with value: 0.3957502689130185.
[I 2026-06-02 19:20:09,291] Trial 10 finished with value: 0.17950210533676256 and parameters: {'lookback': 24, 'entry_threshold': 2.5, 'exit_threshold': 0.25, 'hold_bars': 24, 'sl_atr_mult': 2.5, 'tp_rr_mult': 2.5}. Best is trial 2 with value: 0.3957502689130185.
[I 2026-06-02 19:20:09,334] Trial 12 finished with value: -0.8799461670511349 and parameters: {'lookback': 24, 'entry_threshold': 2.5, 'exit_threshold': 0.5, 'hold_bars': 12, 'sl_atr_mult': 1.5, 'tp_rr_mult': 2.0}. Best is trial 2 with value: 0.3957502689130185.
[I 2026-06-02 19:20:09,779] Trial 15 finished with value: -0.49604147001370036 and parameters: {'lookback': 48, 'entry_threshold': 3.0, 'exit_threshold': -0.25, 'hold_bars': 12, 'sl_atr_mult': 2.5, 'tp_rr_mult': 2.0}. Best is trial 2 with value: 0.3957502689130185.
[I 2026-06-02 19:20:09,861] Trial 13 finished with value: -2.044205908497385 and parameters: {'lookback': 72, 'entry_threshold': 2.5, 'exit_threshold': 0.0, 'hold_bars': 12, 'sl_atr_mult': 2.5, 'tp_rr_mult': 1.0}. Best is trial 2 with value: 0.3957502689130185.
[I 2026-06-02 19:20:10,135] Trial 14 finished with value: -0.3584222154535849 and parameters: {'lookback': 72, 'entry_threshold': 3.0, 'exit_threshold': 0.0, 'hold_bars': 24, 'sl_atr_mult': 1.5, 'tp_rr_mult': 1.0}. Best is trial 2 with value: 0.3957502689130185.
[I 2026-06-02 19:20:13,453] Trial 16 finished with value: -2.317817295044426 and parameters: {'lookback': 48, 'entry_threshold': 2.0, 'exit_threshold': 0.25, 'hold_bars': 6, 'sl_atr_mult': 2.5, 'tp_rr_mult': 1.0}. Best is trial 2 with value: 0.3957502689130185.
[I 2026-06-02 19:20:14,063] Trial 17 finished with value: 0.0648917170724727 and parameters: {'lookback': 24, 'entry_threshold': 2.0, 'exit_threshold': 0.0, 'hold_bars': 24, 'sl_atr_mult': 2.5, 'tp_rr_mult': 2.5}. Best is trial 2 with value: 0.3957502689130185.
[I 2026-06-02 19:20:14,289] Trial 18 finished with value: -1.811515684258427 and parameters: {'lookback': 24, 'entry_threshold': 1.5, 'exit_threshold': 0.25, 'hold_bars': 18, 'sl_atr_mult': 2.5, 'tp_rr_mult': 2.5}. Best is trial 2 with value: 0.3957502689130185.
[I 2026-06-02 19:20:14,521] Trial 19 finished with value: -0.5590667801549649 and parameters: {'lookback': 24, 'entry_threshold': 3.0, 'exit_threshold': 0.5, 'hold_bars': 24, 'sl_atr_mult': 2.0, 'tp_rr_mult': 1.0}. Best is trial 2 with value: 0.3957502689130185.
[I 2026-06-02 19:20:14,554] Trial 20 finished with value: -0.5590667801549649 and parameters: {'lookback': 24, 'entry_threshold': 3.0, 'exit_threshold': 0.5, 'hold_bars': 24, 'sl_atr_mult': 2.5, 'tp_rr_mult': 1.0}. Best is trial 2 with value: 0.3957502689130185.
[I 2026-06-02 19:20:14,731] Trial 22 finished with value: -0.1156967355709352 and parameters: {'lookback': 24, 'entry_threshold': 2.0, 'exit_threshold': 0.0, 'hold_bars': 18, 'sl_atr_mult': 2.0, 'tp_rr_mult': 2.5}. Best is trial 2 with value: 0.3957502689130185.
[I 2026-06-02 19:20:14,887] Trial 21 finished with value: 0.20690478584462949 and parameters: {'lookback': 48, 'entry_threshold': 3.0, 'exit_threshold': 0.5, 'hold_bars': 24, 'sl_atr_mult': 2.0, 'tp_rr_mult': 1.0}. Best is trial 2 with value: 0.3957502689130185.
[I 2026-06-02 19:20:14,892] Trial 23 finished with value: 0.0648917170724727 and parameters: {'lookback': 24, 'entry_threshold': 2.0, 'exit_threshold': 0.0, 'hold_bars': 12, 'sl_atr_mult': 2.5, 'tp_rr_mult': 2.5}. Best is trial 2 with value: 0.3957502689130185.
[I 2026-06-02 19:20:15,137] Trial 24 finished with value: -2.0796791417750735 and parameters: {'lookback': 24, 'entry_threshold': 1.5, 'exit_threshold': 0.25, 'hold_bars': 12, 'sl_atr_mult': 2.5, 'tp_rr_mult': 2.0}. Best is trial 2 with value: 0.3957502689130185.
C:\Users\הלל\Desktop\algo projects\trading-research-factory\walk forward engine\.venv\lib\site-packages\optuna\samplers\_tpe\sampler.py:319: ExperimentalWarning: ``multivariate`` option is an experimental feature. The interface can change in the future.
  warnings.warn(
[I 2026-06-02 19:20:15,618] A new study created in memory with name: no-name-53878c5c-760f-4b4e-b6eb-cc9ed3f2afaf
[I 2026-06-02 19:20:19,932] Trial 0 finished with value: -4.268729650825917 and parameters: {'lookback': 72, 'entry_threshold': 2.5, 'exit_threshold': -0.25, 'hold_bars': 6, 'sl_atr_mult': 1.5, 'tp_rr_mult': 1.5}. Best is trial 0 with value: -4.268729650825917.
[I 2026-06-02 19:20:20,175] Trial 1 finished with value: -0.6131961598554894 and parameters: {'lookback': 48, 'entry_threshold': 3.0, 'exit_threshold': 0.5, 'hold_bars': 6, 'sl_atr_mult': 1.5, 'tp_rr_mult': 1.5}. Best is trial 1 with value: -0.6131961598554894.
[I 2026-06-02 19:20:20,492] Trial 2 finished with value: -1.7945545089325932 and parameters: {'lookback': 96, 'entry_threshold': 1.5, 'exit_threshold': 0.5, 'hold_bars': 6, 'sl_atr_mult': 1.5, 'tp_rr_mult': 2.0}. Best is trial 1 with value: -0.6131961598554894.
[I 2026-06-02 19:20:20,494] Trial 6 finished with value: -5.0858870725842955 and parameters: {'lookback': 48, 'entry_threshold': 1.5, 'exit_threshold': 0.0, 'hold_bars': 24, 'sl_atr_mult': 1.5, 'tp_rr_mult': 1.5}. Best is trial 1 with value: -0.6131961598554894.
[I 2026-06-02 19:20:20,627] Trial 3 finished with value: -3.0239997534185066 and parameters: {'lookback': 96, 'entry_threshold': 1.5, 'exit_threshold': -0.25, 'hold_bars': 24, 'sl_atr_mult': 2.5, 'tp_rr_mult': 2.5}. Best is trial 1 with value: -0.6131961598554894.
[I 2026-06-02 19:20:20,664] Trial 4 finished with value: -2.031916092126551 and parameters: {'lookback': 96, 'entry_threshold': 3.0, 'exit_threshold': 0.25, 'hold_bars': 18, 'sl_atr_mult': 2.0, 'tp_rr_mult': 2.0}. Best is trial 1 with value: -0.6131961598554894.
[I 2026-06-02 19:20:20,789] Trial 5 finished with value: -2.6508685187357575 and parameters: {'lookback': 72, 'entry_threshold': 1.5, 'exit_threshold': 0.0, 'hold_bars': 18, 'sl_atr_mult': 2.0, 'tp_rr_mult': 2.0}. Best is trial 1 with value: -0.6131961598554894.
[I 2026-06-02 19:20:20,893] Trial 7 finished with value: -2.0148723788138265 and parameters: {'lookback': 96, 'entry_threshold': 3.0, 'exit_threshold': 0.5, 'hold_bars': 12, 'sl_atr_mult': 2.5, 'tp_rr_mult': 1.0}. Best is trial 1 with value: -0.6131961598554894.
[I 2026-06-02 19:20:25,275] Trial 8 finished with value: -4.747454258672838 and parameters: {'lookback': 24, 'entry_threshold': 1.5, 'exit_threshold': 0.0, 'hold_bars': 12, 'sl_atr_mult': 1.5, 'tp_rr_mult': 1.5}. Best is trial 1 with value: -0.6131961598554894.
[I 2026-06-02 19:20:25,713] Trial 10 finished with value: -2.2422941396509026 and parameters: {'lookback': 24, 'entry_threshold': 2.0, 'exit_threshold': 0.25, 'hold_bars': 6, 'sl_atr_mult': 1.5, 'tp_rr_mult': 1.5}. Best is trial 1 with value: -0.6131961598554894.
[I 2026-06-02 19:20:26,096] Trial 12 finished with value: -3.8098509275655226 and parameters: {'lookback': 24, 'entry_threshold': 1.5, 'exit_threshold': 0.25, 'hold_bars': 18, 'sl_atr_mult': 2.0, 'tp_rr_mult': 1.5}. Best is trial 1 with value: -0.6131961598554894.
[I 2026-06-02 19:20:26,383] Trial 9 finished with value: -3.8703403690106253 and parameters: {'lookback': 72, 'entry_threshold': 2.5, 'exit_threshold': 0.25, 'hold_bars': 24, 'sl_atr_mult': 2.5, 'tp_rr_mult': 1.0}. Best is trial 1 with value: -0.6131961598554894.
[I 2026-06-02 19:20:26,815] Trial 15 finished with value: -1.2692787351244375 and parameters: {'lookback': 24, 'entry_threshold': 2.5, 'exit_threshold': 0.5, 'hold_bars': 18, 'sl_atr_mult': 2.0, 'tp_rr_mult': 2.0}. Best is trial 1 with value: -0.6131961598554894.
[I 2026-06-02 19:20:26,869] Trial 11 finished with value: -3.8605862569743525 and parameters: {'lookback': 72, 'entry_threshold': 1.5, 'exit_threshold': -0.25, 'hold_bars': 24, 'sl_atr_mult': 1.5, 'tp_rr_mult': 2.0}. Best is trial 1 with value: -0.6131961598554894.
[I 2026-06-02 19:20:26,963] Trial 13 finished with value: -1.9959644954033093 and parameters: {'lookback': 72, 'entry_threshold': 2.0, 'exit_threshold': -0.25, 'hold_bars': 6, 'sl_atr_mult': 1.5, 'tp_rr_mult': 2.0}. Best is trial 1 with value: -0.6131961598554894.
[I 2026-06-02 19:20:27,101] Trial 14 finished with value: -2.962933952322795 and parameters: {'lookback': 96, 'entry_threshold': 2.5, 'exit_threshold': 0.5, 'hold_bars': 6, 'sl_atr_mult': 2.5, 'tp_rr_mult': 2.0}. Best is trial 1 with value: -0.6131961598554894.
[I 2026-06-02 19:20:33,677] Trial 16 finished with value: -2.183080002201762 and parameters: {'lookback': 48, 'entry_threshold': 2.5, 'exit_threshold': 0.0, 'hold_bars': 12, 'sl_atr_mult': 2.5, 'tp_rr_mult': 1.5}. Best is trial 1 with value: -0.6131961598554894.
[I 2026-06-02 19:20:34,370] Trial 19 finished with value: -0.2533017958092427 and parameters: {'lookback': 72, 'entry_threshold': 2.0, 'exit_threshold': 0.5, 'hold_bars': 6, 'sl_atr_mult': 1.5, 'tp_rr_mult': 2.5}. Best is trial 19 with value: -0.2533017958092427.
[I 2026-06-02 19:20:34,478] Trial 18 finished with value: -0.9141957346011977 and parameters: {'lookback': 72, 'entry_threshold': 3.0, 'exit_threshold': 0.5, 'hold_bars': 6, 'sl_atr_mult': 1.5, 'tp_rr_mult': 1.5}. Best is trial 19 with value: -0.2533017958092427.
[I 2026-06-02 19:20:34,907] Trial 17 finished with value: -0.9141957346011977 and parameters: {'lookback': 72, 'entry_threshold': 3.0, 'exit_threshold': 0.5, 'hold_bars': 6, 'sl_atr_mult': 1.5, 'tp_rr_mult': 2.5}. Best is trial 19 with value: -0.2533017958092427.
[I 2026-06-02 19:20:34,943] Trial 22 finished with value: -0.4130802224682172 and parameters: {'lookback': 48, 'entry_threshold': 3.0, 'exit_threshold': 0.5, 'hold_bars': 6, 'sl_atr_mult': 1.5, 'tp_rr_mult': 2.0}. Best is trial 19 with value: -0.2533017958092427.
[I 2026-06-02 19:20:35,168] Trial 23 finished with value: -0.9141957346011977 and parameters: {'lookback': 72, 'entry_threshold': 3.0, 'exit_threshold': 0.5, 'hold_bars': 6, 'sl_atr_mult': 1.5, 'tp_rr_mult': 1.5}. Best is trial 19 with value: -0.2533017958092427.
[I 2026-06-02 19:20:35,305] Trial 20 finished with value: -0.98739700109483 and parameters: {'lookback': 72, 'entry_threshold': 3.0, 'exit_threshold': 0.5, 'hold_bars': 6, 'sl_atr_mult': 1.5, 'tp_rr_mult': 1.0}. Best is trial 19 with value: -0.2533017958092427.
[I 2026-06-02 19:20:35,870] Trial 21 finished with value: -0.4130802224682172 and parameters: {'lookback': 48, 'entry_threshold': 3.0, 'exit_threshold': 0.5, 'hold_bars': 6, 'sl_atr_mult': 1.5, 'tp_rr_mult': 2.0}. Best is trial 19 with value: -0.2533017958092427.
[I 2026-06-02 19:20:36,534] Trial 24 finished with value: -2.381468557667369 and parameters: {'lookback': 24, 'entry_threshold': 3.0, 'exit_threshold': 0.5, 'hold_bars': 6, 'sl_atr_mult': 1.5, 'tp_rr_mult': 1.0}. Best is trial 19 with value: -0.2533017958092427.
C:\Users\הלל\Desktop\algo projects\trading-research-factory\walk forward engine\.venv\lib\site-packages\optuna\samplers\_tpe\sampler.py:319: ExperimentalWarning: ``multivariate`` option is an experimental feature. The interface can change in the future.
  warnings.warn(
[I 2026-06-02 19:20:37,469] A new study created in memory with name: no-name-dc85f598-4994-4046-a58a-354f8e64f6f7
[I 2026-06-02 19:20:44,778] Trial 5 finished with value: -0.5738620512133005 and parameters: {'lookback': 48, 'entry_threshold': 2.0, 'exit_threshold': -0.25, 'hold_bars': 18, 'sl_atr_mult': 1.5, 'tp_rr_mult': 2.0}. Best is trial 5 with value: -0.5738620512133005.
[I 2026-06-02 19:20:45,098] Trial 4 finished with value: -0.2266836062274577 and parameters: {'lookback': 24, 'entry_threshold': 2.0, 'exit_threshold': 0.25, 'hold_bars': 18, 'sl_atr_mult': 1.5, 'tp_rr_mult': 2.5}. Best is trial 4 with value: -0.2266836062274577.
[I 2026-06-02 19:20:45,328] Trial 1 finished with value: -0.7310334020063849 and parameters: {'lookback': 24, 'entry_threshold': 2.5, 'exit_threshold': 0.5, 'hold_bars': 6, 'sl_atr_mult': 2.0, 'tp_rr_mult': 1.5}. Best is trial 4 with value: -0.2266836062274577.
[I 2026-06-02 19:20:45,500] Trial 3 finished with value: -3.0382518253969777 and parameters: {'lookback': 48, 'entry_threshold': 1.5, 'exit_threshold': 0.0, 'hold_bars': 24, 'sl_atr_mult': 2.0, 'tp_rr_mult': 1.0}. Best is trial 4 with value: -0.2266836062274577.
[I 2026-06-02 19:20:45,504] Trial 6 finished with value: -0.6198329840916433 and parameters: {'lookback': 24, 'entry_threshold': 2.0, 'exit_threshold': 0.0, 'hold_bars': 6, 'sl_atr_mult': 1.5, 'tp_rr_mult': 2.5}. Best is trial 4 with value: -0.2266836062274577.
[I 2026-06-02 19:20:45,570] Trial 7 finished with value: -2.4957260923469566 and parameters: {'lookback': 24, 'entry_threshold': 1.5, 'exit_threshold': 0.0, 'hold_bars': 18, 'sl_atr_mult': 2.0, 'tp_rr_mult': 1.5}. Best is trial 4 with value: -0.2266836062274577.
[I 2026-06-02 19:20:45,731] Trial 2 finished with value: -1.9800963846084467 and parameters: {'lookback': 96, 'entry_threshold': 3.0, 'exit_threshold': -0.25, 'hold_bars': 18, 'sl_atr_mult': 2.0, 'tp_rr_mult': 2.0}. Best is trial 4 with value: -0.2266836062274577.
[I 2026-06-02 19:20:46,156] Trial 0 finished with value: -1.3496154549393025 and parameters: {'lookback': 72, 'entry_threshold': 2.0, 'exit_threshold': 0.0, 'hold_bars': 12, 'sl_atr_mult': 1.5, 'tp_rr_mult': 2.5}. Best is trial 4 with value: -0.2266836062274577.
[I 2026-06-02 19:20:52,655] Trial 8 finished with value: 0.18091789174457643 and parameters: {'lookback': 96, 'entry_threshold': 2.0, 'exit_threshold': 0.0, 'hold_bars': 24, 'sl_atr_mult': 2.0, 'tp_rr_mult': 2.5}. Best is trial 8 with value: 0.18091789174457643.
[I 2026-06-02 19:20:52,961] Trial 12 finished with value: -0.6198329840916433 and parameters: {'lookback': 24, 'entry_threshold': 2.0, 'exit_threshold': 0.0, 'hold_bars': 6, 'sl_atr_mult': 1.5, 'tp_rr_mult': 2.5}. Best is trial 8 with value: 0.18091789174457643.
[I 2026-06-02 19:20:53,011] Trial 9 finished with value: -1.8554630786894324 and parameters: {'lookback': 24, 'entry_threshold': 3.0, 'exit_threshold': 0.5, 'hold_bars': 24, 'sl_atr_mult': 2.0, 'tp_rr_mult': 1.0}. Best is trial 8 with value: 0.18091789174457643.
[I 2026-06-02 19:20:53,228] Trial 10 finished with value: -1.6666155425192841 and parameters: {'lookback': 48, 'entry_threshold': 3.0, 'exit_threshold': 0.0, 'hold_bars': 24, 'sl_atr_mult': 2.0, 'tp_rr_mult': 1.0}. Best is trial 8 with value: 0.18091789174457643.
[I 2026-06-02 19:20:53,783] Trial 13 finished with value: -1.0841525974597506 and parameters: {'lookback': 24, 'entry_threshold': 2.5, 'exit_threshold': 0.25, 'hold_bars': 24, 'sl_atr_mult': 2.0, 'tp_rr_mult': 1.0}. Best is trial 8 with value: 0.18091789174457643.
[I 2026-06-02 19:20:53,814] Trial 11 finished with value: -1.2612292629257758 and parameters: {'lookback': 96, 'entry_threshold': 2.0, 'exit_threshold': 0.0, 'hold_bars': 12, 'sl_atr_mult': 1.5, 'tp_rr_mult': 2.0}. Best is trial 8 with value: 0.18091789174457643.
[I 2026-06-02 19:20:54,291] Trial 14 finished with value: -5.723411244492375 and parameters: {'lookback': 96, 'entry_threshold': 1.5, 'exit_threshold': 0.25, 'hold_bars': 24, 'sl_atr_mult': 2.0, 'tp_rr_mult': 1.0}. Best is trial 8 with value: 0.18091789174457643.
[I 2026-06-02 19:20:54,895] Trial 15 finished with value: -1.367824745471857 and parameters: {'lookback': 48, 'entry_threshold': 3.0, 'exit_threshold': -0.25, 'hold_bars': 6, 'sl_atr_mult': 1.5, 'tp_rr_mult': 2.0}. Best is trial 8 with value: 0.18091789174457643.
[I 2026-06-02 19:21:00,467] Trial 16 finished with value: 0.40322075261885854 and parameters: {'lookback': 24, 'entry_threshold': 2.0, 'exit_threshold': 0.0, 'hold_bars': 6, 'sl_atr_mult': 2.5, 'tp_rr_mult': 2.5}. Best is trial 16 with value: 0.40322075261885854.
[I 2026-06-02 19:21:01,241] Trial 19 finished with value: 0.18091789174457643 and parameters: {'lookback': 96, 'entry_threshold': 2.0, 'exit_threshold': 0.0, 'hold_bars': 24, 'sl_atr_mult': 2.0, 'tp_rr_mult': 2.5}. Best is trial 16 with value: 0.40322075261885854.
[I 2026-06-02 19:21:01,403] Trial 21 finished with value: 0.5203240418326458 and parameters: {'lookback': 24, 'entry_threshold': 2.0, 'exit_threshold': 0.25, 'hold_bars': 24, 'sl_atr_mult': 2.0, 'tp_rr_mult': 2.5}. Best is trial 21 with value: 0.5203240418326458.
[I 2026-06-02 19:21:01,739] Trial 17 finished with value: -3.101709208616998 and parameters: {'lookback': 72, 'entry_threshold': 2.5, 'exit_threshold': 0.25, 'hold_bars': 24, 'sl_atr_mult': 1.5, 'tp_rr_mult': 2.5}. Best is trial 21 with value: 0.5203240418326458.
[I 2026-06-02 19:21:01,758] Trial 20 finished with value: -0.15962264307424792 and parameters: {'lookback': 72, 'entry_threshold': 2.0, 'exit_threshold': 0.0, 'hold_bars': 24, 'sl_atr_mult': 2.0, 'tp_rr_mult': 2.5}. Best is trial 21 with value: 0.5203240418326458.
[I 2026-06-02 19:21:01,974] Trial 18 finished with value: -1.493131786032593 and parameters: {'lookback': 72, 'entry_threshold': 2.0, 'exit_threshold': 0.25, 'hold_bars': 24, 'sl_atr_mult': 2.0, 'tp_rr_mult': 2.5}. Best is trial 21 with value: 0.5203240418326458.
[I 2026-06-02 19:21:02,336] Trial 22 finished with value: -3.584980228046728 and parameters: {'lookback': 96, 'entry_threshold': 2.5, 'exit_threshold': 0.25, 'hold_bars': 24, 'sl_atr_mult': 2.0, 'tp_rr_mult': 2.5}. Best is trial 21 with value: 0.5203240418326458.
