[I 2026-05-31 01:09:14,059] Trial 30 finished with value: -1.3942186979355178 and parameters: {'bb_period': 25, 'bb_std': 1.5, 'width_period': 20, 'squeeze_pct': 10.0, 'momentum_period': 25, 'hold_bars': 24, 'sl_atr_mult': 1.5, 'atr_period': 18}. Best is trial 16 with value: 2.667016797811419.
C:\Users\הלל\Desktop\algo projects\trading-research-factory\walk forward engine\.venv\lib\site-packages\optuna\distributions.py:700: UserWarning: The distribution is specified by [10, 20] and step=4, but the range is not divisible by `step`. It will be replaced by [10, 18].
  warnings.warn(
C:\Users\הלל\Desktop\algo projects\trading-research-factory\walk forward engine\.venv\lib\site-packages\optuna\distributions.py:700: UserWarning: The distribution is specified by [10, 20] and step=4, but the range is not divisible by `step`. It will be replaced by [10, 18].
  warnings.warn(
[I 2026-05-31 01:09:14,622] Trial 31 finished with value: 0.701230931347319 and parameters: {'bb_period': 20, 'bb_std': 1.5, 'width_period': 20, 'squeeze_pct': 15.0, 'momentum_period': 20, 'hold_bars': 36, 'sl_atr_mult': 1.5, 'atr_period': 18}. Best is trial 16 with value: 2.667016797811419.
C:\Users\הלל\Desktop\algo projects\trading-research-factory\walk forward engine\.venv\lib\site-packages\optuna\distributions.py:700: UserWarning: The distribution is specified by [10, 20] and step=4, but the range is not divisible by `step`. It will be replaced by [10, 18].
  warnings.warn(
[I 2026-05-31 01:09:20,457] Trial 32 finished with value: 3.037360082350088 and parameters: {'bb_period': 20, 'bb_std': 1.5, 'width_period': 20, 'squeeze_pct': 10.0, 'momentum_period': 30, 'hold_bars': 36, 'sl_atr_mult': 1.5, 'atr_period': 18}. Best is trial 32 with value: 3.037360082350088.
[I 2026-05-31 01:09:20,783] Trial 33 finished with value: 1.7785615842869935 and parameters: {'bb_period': 20, 'bb_std': 1.5, 'width_period': 20, 'squeeze_pct': 10.0, 'momentum_period': 25, 'hold_bars': 48, 'sl_atr_mult': 1.5, 'atr_period': 18}. Best is trial 32 with value: 3.037360082350088.
C:\Users\הלל\Desktop\algo projects\trading-research-factory\walk forward engine\.venv\lib\site-packages\optuna\distributions.py:700: UserWarning: The distribution is specified by [10, 20] and step=4, but the range is not divisible by `step`. It will be replaced by [10, 18].
  warnings.warn(
[I 2026-05-31 01:09:21,034] Trial 34 finished with value: 0.6975213729441914 and parameters: {'bb_period': 20, 'bb_std': 1.5, 'width_period': 30, 'squeeze_pct': 15.0, 'momentum_period': 20, 'hold_bars': 48, 'sl_atr_mult': 2.0, 'atr_period': 18}. Best is trial 32 with value: 3.037360082350088.
[I 2026-05-31 01:09:21,284] Trial 36 finished with value: -1.094439909147891 and parameters: {'bb_period': 25, 'bb_std': 1.5, 'width_period': 20, 'squeeze_pct': 10.0, 'momentum_period': 25, 'hold_bars': 24, 'sl_atr_mult': 2.5, 'atr_period': 14}. Best is trial 32 with value: 3.037360082350088.
[I 2026-05-31 01:09:21,373] Trial 35 finished with value: -0.4349750112328076 and parameters: {'bb_period': 25, 'bb_std': 1.5, 'width_period': 10, 'squeeze_pct': 10.0, 'momentum_period': 25, 'hold_bars': 36, 'sl_atr_mult': 1.5, 'atr_period': 18}. Best is trial 32 with value: 3.037360082350088.
C:\Users\הלל\Desktop\algo projects\trading-research-factory\walk forward engine\.venv\lib\site-packages\optuna\distributions.py:700: UserWarning: The distribution is specified by [10, 20] and step=4, but the range is not divisible by `step`. It will be replaced by [10, 18].
  warnings.warn(
[I 2026-05-31 01:09:21,635] Trial 37 finished with value: -0.4349750112328076 and parameters: {'bb_period': 25, 'bb_std': 2.0, 'width_period': 10, 'squeeze_pct': 10.0, 'momentum_period': 25, 'hold_bars': 36, 'sl_atr_mult': 1.5, 'atr_period': 18}. Best is trial 32 with value: 3.037360082350088.
C:\Users\הלל\Desktop\algo projects\trading-research-factory\walk forward engine\.venv\lib\site-packages\optuna\distributions.py:700: UserWarning: The distribution is specified by [10, 20] and step=4, but the range is not divisible by `step`. It will be replaced by [10, 18].
  warnings.warn(
C:\Users\הלל\Desktop\algo projects\trading-research-factory\walk forward engine\.venv\lib\site-packages\optuna\distributions.py:700: UserWarning: The distribution is specified by [10, 20] and step=4, but the range is not divisible by `step`. It will be replaced by [10, 18].
  warnings.warn(
C:\Users\הלל\Desktop\algo projects\trading-research-factory\walk forward engine\.venv\lib\site-packages\optuna\distributions.py:700: UserWarning: The distribution is specified by [10, 20] and step=4, but the range is not divisible by `step`. It will be replaced by [10, 18].
  warnings.warn(
C:\Users\הלל\Desktop\algo projects\trading-research-factory\walk forward engine\.venv\lib\site-packages\optuna\distributions.py:700: UserWarning: The distribution is specified by [10, 20] and step=4, but the range is not divisible by `step`. It will be replaced by [10, 18].
  warnings.warn(
[I 2026-05-31 01:09:22,113] Trial 38 finished with value: 1.3692887581064377 and parameters: {'bb_period': 20, 'bb_std': 1.5, 'width_period': 20, 'squeeze_pct': 15.0, 'momentum_period': 20, 'hold_bars': 36, 'sl_atr_mult': 2.5, 'atr_period': 14}. Best is trial 32 with value: 3.037360082350088.
C:\Users\הלל\Desktop\algo projects\trading-research-factory\walk forward engine\.venv\lib\site-packages\optuna\distributions.py:700: UserWarning: The distribution is specified by [10, 20] and step=4, but the range is not divisible by `step`. It will be replaced by [10, 18].
  warnings.warn(
[I 2026-05-31 01:09:22,529] Trial 39 finished with value: 0.5509777614345805 and parameters: {'bb_period': 20, 'bb_std': 1.5, 'width_period': 10, 'squeeze_pct': 10.0, 'momentum_period': 30, 'hold_bars': 36, 'sl_atr_mult': 2.0, 'atr_period': 14}. Best is trial 32 with value: 3.037360082350088.
C:\Users\הלל\Desktop\algo projects\trading-research-factory\walk forward engine\.venv\lib\site-packages\optuna\distributions.py:700: UserWarning: The distribution is specified by [10, 20] and step=4, but the range is not divisible by `step`. It will be replaced by [10, 18].
  warnings.warn(
[I 2026-05-31 01:09:29,693] Trial 40 finished with value: -0.24580932290786564 and parameters: {'bb_period': 25, 'bb_std': 1.5, 'width_period': 20, 'squeeze_pct': 10.0, 'momentum_period': 25, 'hold_bars': 36, 'sl_atr_mult': 2.5, 'atr_period': 10}. Best is trial 32 with value: 3.037360082350088.
[I 2026-05-31 01:09:30,039] Trial 41 finished with value: 1.7642443297086383 and parameters: {'bb_period': 20, 'bb_std': 1.5, 'width_period': 20, 'squeeze_pct': 10.0, 'momentum_period': 20, 'hold_bars': 36, 'sl_atr_mult': 2.5, 'atr_period': 14}. Best is trial 32 with value: 3.037360082350088.
C:\Users\הלל\Desktop\algo projects\trading-research-factory\walk forward engine\.venv\lib\site-packages\optuna\distributions.py:700: UserWarning: The distribution is specified by [10, 20] and step=4, but the range is not divisible by `step`. It will be replaced by [10, 18].
  warnings.warn(
[I 2026-05-31 01:09:30,226] Trial 44 finished with value: 0.8358352512987927 and parameters: {'bb_period': 15, 'bb_std': 2.0, 'width_period': 20, 'squeeze_pct': 10.0, 'momentum_period': 30, 'hold_bars': 36, 'sl_atr_mult': 1.5, 'atr_period': 18}. Best is trial 32 with value: 3.037360082350088.
[I 2026-05-31 01:09:30,557] Trial 45 finished with value: 2.481964676217703 and parameters: {'bb_period': 20, 'bb_std': 1.5, 'width_period': 30, 'squeeze_pct': 15.0, 'momentum_period': 30, 'hold_bars': 36, 'sl_atr_mult': 2.0, 'atr_period': 14}. Best is trial 32 with value: 3.037360082350088.
[I 2026-05-31 01:09:30,557] Trial 43 finished with value: -1.5396171382708428 and parameters: {'bb_period': 25, 'bb_std': 1.5, 'width_period': 10, 'squeeze_pct': 10.0, 'momentum_period': 20, 'hold_bars': 36, 'sl_atr_mult': 2.0, 'atr_period': 14}. Best is trial 32 with value: 3.037360082350088.
[I 2026-05-31 01:09:30,666] Trial 42 finished with value: 0.11786897618110488 and parameters: {'bb_period': 25, 'bb_std': 1.5, 'width_period': 20, 'squeeze_pct': 15.0, 'momentum_period': 25, 'hold_bars': 36, 'sl_atr_mult': 2.5, 'atr_period': 14}. Best is trial 32 with value: 3.037360082350088.
C:\Users\הלל\Desktop\algo projects\trading-research-factory\walk forward engine\.venv\lib\site-packages\optuna\distributions.py:700: UserWarning: The distribution is specified by [10, 20] and step=4, but the range is not divisible by `step`. It will be replaced by [10, 18].
  warnings.warn(
C:\Users\הלל\Desktop\algo projects\trading-research-factory\walk forward engine\.venv\lib\site-packages\optuna\distributions.py:700: UserWarning: The distribution is specified by [10, 20] and step=4, but the range is not divisible by `step`. It will be replaced by [10, 18].
  warnings.warn(
C:\Users\הלל\Desktop\algo projects\trading-research-factory\walk forward engine\.venv\lib\site-packages\optuna\distributions.py:700: UserWarning: The distribution is specified by [10, 20] and step=4, but the range is not divisible by `step`. It will be replaced by [10, 18].
  warnings.warn(
C:\Users\הלל\Desktop\algo projects\trading-research-factory\walk forward engine\.venv\lib\site-packages\optuna\distributions.py:700: UserWarning: The distribution is specified by [10, 20] and step=4, but the range is not divisible by `step`. It will be replaced by [10, 18].
  warnings.warn(
C:\Users\הלל\Desktop\algo projects\trading-research-factory\walk forward engine\.venv\lib\site-packages\optuna\distributions.py:700: UserWarning: The distribution is specified by [10, 20] and step=4, but the range is not divisible by `step`. It will be replaced by [10, 18].
  warnings.warn(
[I 2026-05-31 01:09:31,179] Trial 46 finished with value: 3.1376321694039393 and parameters: {'bb_period': 20, 'bb_std': 1.5, 'width_period': 20, 'squeeze_pct': 10.0, 'momentum_period': 30, 'hold_bars': 36, 'sl_atr_mult': 1.5, 'atr_period': 14}. Best is trial 46 with value: 3.1376321694039393.
C:\Users\הלל\Desktop\algo projects\trading-research-factory\walk forward engine\.venv\lib\site-packages\optuna\distributions.py:700: UserWarning: The distribution is specified by [10, 20] and step=4, but the range is not divisible by `step`. It will be replaced by [10, 18].
  warnings.warn(
[I 2026-05-31 01:09:31,801] Trial 47 finished with value: 3.037360082350088 and parameters: {'bb_period': 20, 'bb_std': 1.5, 'width_period': 20, 'squeeze_pct': 10.0, 'momentum_period': 30, 'hold_bars': 36, 'sl_atr_mult': 1.5, 'atr_period': 18}. Best is trial 46 with value: 3.1376321694039393.
C:\Users\הלל\Desktop\algo projects\trading-research-factory\walk forward engine\.venv\lib\site-packages\optuna\distributions.py:700: UserWarning: The distribution is specified by [10, 20] and step=4, but the range is not divisible by `step`. It will be replaced by [10, 18].
  warnings.warn(
[I 2026-05-31 01:09:37,970] Trial 53 finished with value: 1.6189568618621493 and parameters: {'bb_period': 20, 'bb_std': 1.5, 'width_period': 30, 'squeeze_pct': 20.0, 'momentum_period': 30, 'hold_bars': 36, 'sl_atr_mult': 2.0, 'atr_period': 14}. Best is trial 46 with value: 3.1376321694039393.
[I 2026-05-31 01:09:38,221] Trial 50 finished with value: 3.44402949334443 and parameters: {'bb_period': 20, 'bb_std': 1.5, 'width_period': 30, 'squeeze_pct': 10.0, 'momentum_period': 30, 'hold_bars': 36, 'sl_atr_mult': 1.5, 'atr_period': 18}. Best is trial 50 with value: 3.44402949334443.
[I 2026-05-31 01:09:38,248] Trial 48 finished with value: 2.889168980652676 and parameters: {'bb_period': 20, 'bb_std': 1.5, 'width_period': 30, 'squeeze_pct': 10.0, 'momentum_period': 25, 'hold_bars': 36, 'sl_atr_mult': 2.0, 'atr_period': 14}. Best is trial 50 with value: 3.44402949334443.
[I 2026-05-31 01:09:38,598] Trial 49 finished with value: 3.413780457339154 and parameters: {'bb_period': 20, 'bb_std': 1.5, 'width_period': 30, 'squeeze_pct': 10.0, 'momentum_period': 25, 'hold_bars': 36, 'sl_atr_mult': 1.5, 'atr_period': 18}. Best is trial 50 with value: 3.44402949334443.
[I 2026-05-31 01:09:38,649] Trial 51 finished with value: 0.3466694851755595 and parameters: {'bb_period': 15, 'bb_std': 1.5, 'width_period': 30, 'squeeze_pct': 15.0, 'momentum_period': 30, 'hold_bars': 48, 'sl_atr_mult': 2.0, 'atr_period': 10}. Best is trial 50 with value: 3.44402949334443.
C:\Users\הלל\Desktop\algo projects\trading-research-factory\walk forward engine\.venv\lib\site-packages\optuna\distributions.py:700: UserWarning: The distribution is specified by [10, 20] and step=4, but the range is not divisible by `step`. It will be replaced by [10, 18].
  warnings.warn(
[I 2026-05-31 01:09:39,004] Trial 52 finished with value: 0.5899108598175085 and parameters: {'bb_period': 15, 'bb_std': 1.5, 'width_period': 30, 'squeeze_pct': 15.0, 'momentum_period': 30, 'hold_bars': 24, 'sl_atr_mult': 1.5, 'atr_period': 14}. Best is trial 50 with value: 3.44402949334443.
C:\Users\הלל\Desktop\algo projects\trading-research-factory\walk forward engine\.venv\lib\site-packages\optuna\distributions.py:700: UserWarning: The distribution is specified by [10, 20] and step=4, but the range is not divisible by `step`. It will be replaced by [10, 18].
  warnings.warn(
C:\Users\הלל\Desktop\algo projects\trading-research-factory\walk forward engine\.venv\lib\site-packages\optuna\distributions.py:700: UserWarning: The distribution is specified by [10, 20] and step=4, but the range is not divisible by `step`. It will be replaced by [10, 18].
  warnings.warn(
C:\Users\הלל\Desktop\algo projects\trading-research-factory\walk forward engine\.venv\lib\site-packages\optuna\distributions.py:700: UserWarning: The distribution is specified by [10, 20] and step=4, but the range is not divisible by `step`. It will be replaced by [10, 18].
  warnings.warn(
C:\Users\הלל\Desktop\algo projects\trading-research-factory\walk forward engine\.venv\lib\site-packages\optuna\distributions.py:700: UserWarning: The distribution is specified by [10, 20] and step=4, but the range is not divisible by `step`. It will be replaced by [10, 18].
  warnings.warn(
[I 2026-05-31 01:09:39,301] Trial 54 finished with value: -0.518735079015358 and parameters: {'bb_period': 25, 'bb_std': 1.5, 'width_period': 20, 'squeeze_pct': 10.0, 'momentum_period': 25, 'hold_bars': 36, 'sl_atr_mult': 1.5, 'atr_period': 10}. Best is trial 50 with value: 3.44402949334443.
C:\Users\הלל\Desktop\algo projects\trading-research-factory\walk forward engine\.venv\lib\site-packages\optuna\distributions.py:700: UserWarning: The distribution is specified by [10, 20] and step=4, but the range is not divisible by `step`. It will be replaced by [10, 18].
  warnings.warn(
C:\Users\הלל\Desktop\algo projects\trading-research-factory\walk forward engine\.venv\lib\site-packages\optuna\distributions.py:700: UserWarning: The distribution is specified by [10, 20] and step=4, but the range is not divisible by `step`. It will be replaced by [10, 18].
  warnings.warn(
[I 2026-05-31 01:09:39,832] Trial 55 finished with value: 3.037360082350088 and parameters: {'bb_period': 20, 'bb_std': 1.5, 'width_period': 20, 'squeeze_pct': 10.0, 'momentum_period': 30, 'hold_bars': 36, 'sl_atr_mult': 1.5, 'atr_period': 18}. Best is trial 50 with value: 3.44402949334443.
C:\Users\הלל\Desktop\algo projects\trading-research-factory\walk forward engine\.venv\lib\site-packages\optuna\distributions.py:700: UserWarning: The distribution is specified by [10, 20] and step=4, but the range is not divisible by `step`. It will be replaced by [10, 18].
  warnings.warn(
[I 2026-05-31 01:09:45,854] Trial 56 finished with value: 0.044503120330278895 and parameters: {'bb_period': 25, 'bb_std': 1.5, 'width_period': 20, 'squeeze_pct': 10.0, 'momentum_period': 30, 'hold_bars': 36, 'sl_atr_mult': 1.5, 'atr_period': 14}. Best is trial 50 with value: 3.44402949334443.
[I 2026-05-31 01:09:45,966] Trial 57 finished with value: 3.333005578059475 and parameters: {'bb_period': 20, 'bb_std': 1.5, 'width_period': 30, 'squeeze_pct': 10.0, 'momentum_period': 30, 'hold_bars': 36, 'sl_atr_mult': 2.0, 'atr_period': 18}. Best is trial 50 with value: 3.44402949334443.
[I 2026-05-31 01:09:46,124] Trial 58 finished with value: 3.1376321694039393 and parameters: {'bb_period': 20, 'bb_std': 1.5, 'width_period': 20, 'squeeze_pct': 10.0, 'momentum_period': 30, 'hold_bars': 36, 'sl_atr_mult': 1.5, 'atr_period': 14}. Best is trial 50 with value: 3.44402949334443.
[I 2026-05-31 01:09:46,388] Trial 59 finished with value: -0.5906758261579691 and parameters: {'bb_period': 25, 'bb_std': 1.5, 'width_period': 30, 'squeeze_pct': 10.0, 'momentum_period': 30, 'hold_bars': 36, 'sl_atr_mult': 1.5, 'atr_period': 18}. Best is trial 50 with value: 3.44402949334443.
C:\Users\הלל\Desktop\algo projects\trading-research-factory\walk forward engine\.venv\lib\site-packages\optuna\distributions.py:700: UserWarning: The distribution is specified by [10, 20] and step=4, but the range is not divisible by `step`. It will be replaced by [10, 18].
  warnings.warn(
[I 2026-05-31 01:09:46,626] Trial 60 finished with value: 3.333005578059475 and parameters: {'bb_period': 20, 'bb_std': 1.5, 'width_period': 30, 'squeeze_pct': 10.0, 'momentum_period': 30, 'hold_bars': 36, 'sl_atr_mult': 2.0, 'atr_period': 18}. Best is trial 50 with value: 3.44402949334443.
C:\Users\הלל\Desktop\algo projects\trading-research-factory\walk forward engine\.venv\lib\site-packages\optuna\distributions.py:700: UserWarning: The distribution is specified by [10, 20] and step=4, but the range is not divisible by `step`. It will be replaced by [10, 18].
  warnings.warn(
[I 2026-05-31 01:09:46,842] Trial 61 finished with value: 3.44402949334443 and parameters: {'bb_period': 20, 'bb_std': 1.5, 'width_period': 30, 'squeeze_pct': 10.0, 'momentum_period': 30, 'hold_bars': 36, 'sl_atr_mult': 1.5, 'atr_period': 18}. Best is trial 50 with value: 3.44402949334443.
C:\Users\הלל\Desktop\algo projects\trading-research-factory\walk forward engine\.venv\lib\site-packages\optuna\distributions.py:700: UserWarning: The distribution is specified by [10, 20] and step=4, but the range is not divisible by `step`. It will be replaced by [10, 18].
  warnings.warn(
[I 2026-05-31 01:09:47,108] Trial 62 finished with value: 2.2861380902877877 and parameters: {'bb_period': 20, 'bb_std': 1.5, 'width_period': 30, 'squeeze_pct': 10.0, 'momentum_period': 30, 'hold_bars': 24, 'sl_atr_mult': 2.0, 'atr_period': 18}. Best is trial 50 with value: 3.44402949334443.
C:\Users\הלל\Desktop\algo projects\trading-research-factory\walk forward engine\.venv\lib\site-packages\optuna\distributions.py:700: UserWarning: The distribution is specified by [10, 20] and step=4, but the range is not divisible by `step`. It will be replaced by [10, 18].
  warnings.warn(
C:\Users\הלל\Desktop\algo projects\trading-research-factory\walk forward engine\.venv\lib\site-packages\optuna\distributions.py:700: UserWarning: The distribution is specified by [10, 20] and step=4, but the range is not divisible by `step`. It will be replaced by [10, 18].
  warnings.warn(
C:\Users\הלל\Desktop\algo projects\trading-research-factory\walk forward engine\.venv\lib\site-packages\optuna\distributions.py:700: UserWarning: The distribution is specified by [10, 20] and step=4, but the range is not divisible by `step`. It will be replaced by [10, 18].
  warnings.warn(
C:\Users\הלל\Desktop\algo projects\trading-research-factory\walk forward engine\.venv\lib\site-packages\optuna\distributions.py:700: UserWarning: The distribution is specified by [10, 20] and step=4, but the range is not divisible by `step`. It will be replaced by [10, 18].
  warnings.warn(
[I 2026-05-31 01:09:47,616] Trial 63 finished with value: -0.5906758261579691 and parameters: {'bb_period': 25, 'bb_std': 1.5, 'width_period': 30, 'squeeze_pct': 10.0, 'momentum_period': 30, 'hold_bars': 36, 'sl_atr_mult': 1.5, 'atr_period': 18}. Best is trial 50 with value: 3.44402949334443.
C:\Users\הלל\Desktop\algo projects\trading-research-factory\walk forward engine\.venv\lib\site-packages\optuna\distributions.py:700: UserWarning: The distribution is specified by [10, 20] and step=4, but the range is not divisible by `step`. It will be replaced by [10, 18].
  warnings.warn(
[I 2026-05-31 01:09:53,893] Trial 64 finished with value: 0.314789311848706 and parameters: {'bb_period': 25, 'bb_std': 1.5, 'width_period': 30, 'squeeze_pct': 15.0, 'momentum_period': 30, 'hold_bars': 36, 'sl_atr_mult': 1.5, 'atr_period': 18}. Best is trial 50 with value: 3.44402949334443.
[I 2026-05-31 01:09:54,195] Trial 65 finished with value: 3.333005578059475 and parameters: {'bb_period': 20, 'bb_std': 1.5, 'width_period': 30, 'squeeze_pct': 10.0, 'momentum_period': 30, 'hold_bars': 36, 'sl_atr_mult': 2.0, 'atr_period': 18}. Best is trial 50 with value: 3.44402949334443.
[I 2026-05-31 01:09:54,606] Trial 66 finished with value: 2.189421854069004 and parameters: {'bb_period': 15, 'bb_std': 1.5, 'width_period': 30, 'squeeze_pct': 10.0, 'momentum_period': 30, 'hold_bars': 36, 'sl_atr_mult': 2.0, 'atr_period': 18}. Best is trial 50 with value: 3.44402949334443.
[I 2026-05-31 01:09:54,691] Trial 67 finished with value: 2.053263661395828 and parameters: {'bb_period': 20, 'bb_std': 1.5, 'width_period': 30, 'squeeze_pct': 10.0, 'momentum_period': 30, 'hold_bars': 48, 'sl_atr_mult': 2.0, 'atr_period': 18}. Best is trial 50 with value: 3.44402949334443.
