[I 2026-05-31 01:03:40,295] Trial 97 finished with value: -1.4742765944713654 and parameters: {'bb_period': 15, 'bb_std': 2.5, 'width_period': 30, 'squeeze_pct': 15.0, 'momentum_period': 25, 'hold_bars': 24, 'sl_atr_mult': 1.5, 'atr_period': 18}. Best is trial 84 with value: 2.073167864889304.
[I 2026-05-31 01:03:40,451] Trial 96 finished with value: -0.9895964682512646 and parameters: {'bb_period': 25, 'bb_std': 1.5, 'width_period': 10, 'squeeze_pct': 20.0, 'momentum_period': 20, 'hold_bars': 24, 'sl_atr_mult': 3.0, 'atr_period': 14}. Best is trial 84 with value: 2.073167864889304.
[I 2026-05-31 01:03:40,616] Trial 99 finished with value: 0.8098210683959788 and parameters: {'bb_period': 10, 'bb_std': 1.5, 'width_period': 10, 'squeeze_pct': 15.0, 'momentum_period': 10, 'hold_bars': 12, 'sl_atr_mult': 2.5, 'atr_period': 18}. Best is trial 84 with value: 2.073167864889304.
[I 2026-05-31 01:03:40,630] Trial 98 finished with value: -1.1935405818517866 and parameters: {'bb_period': 15, 'bb_std': 1.5, 'width_period': 10, 'squeeze_pct': 10.0, 'momentum_period': 25, 'hold_bars': 24, 'sl_atr_mult': 1.5, 'atr_period': 18}. Best is trial 84 with value: 2.073167864889304.
C:\Users\הלל\Desktop\algo projects\trading-research-factory\walk forward engine\.venv\lib\site-packages\optuna\samplers\_tpe\sampler.py:319: ExperimentalWarning: ``multivariate`` option is an experimental feature. The interface can change in the future.
  warnings.warn(
[I 2026-05-31 01:03:41,188] A new study created in memory with name: no-name-8fa398b0-35c1-4500-bb52-d5310ea63dcb
C:\Users\הלל\Desktop\algo projects\trading-research-factory\walk forward engine\.venv\lib\site-packages\optuna\distributions.py:700: UserWarning: The distribution is specified by [10, 20] and step=4, but the range is not divisible by `step`. It will be replaced by [10, 18].
  warnings.warn(
C:\Users\הלל\Desktop\algo projects\trading-research-factory\walk forward engine\.venv\lib\site-packages\optuna\distributions.py:700: UserWarning: The distribution is specified by [10, 20] and step=4, but the range is not divisible by `step`. It will be replaced by [10, 18].
  warnings.warn(
C:\Users\הלל\Desktop\algo projects\trading-research-factory\walk forward engine\.venv\lib\site-packages\optuna\distributions.py:700: UserWarning: The distribution is specified by [10, 20] and step=4, but the range is not divisible by `step`. It will be replaced by [10, 18].
  warnings.warn(
C:\Users\הלל\Desktop\algo projects\trading-research-factory\walk forward engine\.venv\lib\site-packages\optuna\distributions.py:700: UserWarning: The distribution is specified by [10, 20] and step=4, but the range is not divisible by `step`. It will be replaced by [10, 18].
  warnings.warn(
[I 2026-05-31 01:03:48,264] Trial 0 finished with value: 1.1416819706669286 and parameters: {'bb_period': 25, 'bb_std': 2.5, 'width_period': 30, 'squeeze_pct': 15.0, 'momentum_period': 15, 'hold_bars': 36, 'sl_atr_mult': 2.0, 'atr_period': 10}. Best is trial 0 with value: 1.1416819706669286.
C:\Users\הלל\Desktop\algo projects\trading-research-factory\walk forward engine\.venv\lib\site-packages\optuna\distributions.py:700: UserWarning: The distribution is specified by [10, 20] and step=4, but the range is not divisible by `step`. It will be replaced by [10, 18].
  warnings.warn(
[I 2026-05-31 01:03:48,633] Trial 5 finished with value: -0.441297240564217 and parameters: {'bb_period': 20, 'bb_std': 1.5, 'width_period': 30, 'squeeze_pct': 25.0, 'momentum_period': 20, 'hold_bars': 12, 'sl_atr_mult': 2.5, 'atr_period': 18}. Best is trial 0 with value: 1.1416819706669286.
C:\Users\הלל\Desktop\algo projects\trading-research-factory\walk forward engine\.venv\lib\site-packages\optuna\distributions.py:700: UserWarning: The distribution is specified by [10, 20] and step=4, but the range is not divisible by `step`. It will be replaced by [10, 18].
  warnings.warn(
[I 2026-05-31 01:03:48,826] Trial 1 finished with value: -0.6007876228197442 and parameters: {'bb_period': 15, 'bb_std': 1.5, 'width_period': 10, 'squeeze_pct': 15.0, 'momentum_period': 20, 'hold_bars': 48, 'sl_atr_mult': 2.5, 'atr_period': 14}. Best is trial 0 with value: 1.1416819706669286.
[I 2026-05-31 01:03:48,856] Trial 6 finished with value: 0.85123298335745 and parameters: {'bb_period': 25, 'bb_std': 2.0, 'width_period': 10, 'squeeze_pct': 10.0, 'momentum_period': 10, 'hold_bars': 12, 'sl_atr_mult': 2.0, 'atr_period': 18}. Best is trial 0 with value: 1.1416819706669286.
C:\Users\הלל\Desktop\algo projects\trading-research-factory\walk forward engine\.venv\lib\site-packages\optuna\distributions.py:700: UserWarning: The distribution is specified by [10, 20] and step=4, but the range is not divisible by `step`. It will be replaced by [10, 18].
  warnings.warn(
C:\Users\הלל\Desktop\algo projects\trading-research-factory\walk forward engine\.venv\lib\site-packages\optuna\distributions.py:700: UserWarning: The distribution is specified by [10, 20] and step=4, but the range is not divisible by `step`. It will be replaced by [10, 18].
  warnings.warn(
[I 2026-05-31 01:03:48,966] Trial 2 finished with value: -0.1290790280385729 and parameters: {'bb_period': 15, 'bb_std': 2.0, 'width_period': 20, 'squeeze_pct': 25.0, 'momentum_period': 25, 'hold_bars': 48, 'sl_atr_mult': 1.5, 'atr_period': 18}. Best is trial 0 with value: 1.1416819706669286.
[I 2026-05-31 01:03:48,994] Trial 7 finished with value: 1.060937600937667 and parameters: {'bb_period': 25, 'bb_std': 2.5, 'width_period': 10, 'squeeze_pct': 15.0, 'momentum_period': 25, 'hold_bars': 36, 'sl_atr_mult': 2.5, 'atr_period': 18}. Best is trial 0 with value: 1.1416819706669286.
C:\Users\הלל\Desktop\algo projects\trading-research-factory\walk forward engine\.venv\lib\site-packages\optuna\distributions.py:700: UserWarning: The distribution is specified by [10, 20] and step=4, but the range is not divisible by `step`. It will be replaced by [10, 18].
  warnings.warn(
C:\Users\הלל\Desktop\algo projects\trading-research-factory\walk forward engine\.venv\lib\site-packages\optuna\distributions.py:700: UserWarning: The distribution is specified by [10, 20] and step=4, but the range is not divisible by `step`. It will be replaced by [10, 18].
  warnings.warn(
[I 2026-05-31 01:03:49,111] Trial 4 finished with value: 1.3794381521076504 and parameters: {'bb_period': 15, 'bb_std': 2.5, 'width_period': 10, 'squeeze_pct': 25.0, 'momentum_period': 20, 'hold_bars': 24, 'sl_atr_mult': 2.0, 'atr_period': 14}. Best is trial 4 with value: 1.3794381521076504.
C:\Users\הלל\Desktop\algo projects\trading-research-factory\walk forward engine\.venv\lib\site-packages\optuna\distributions.py:700: UserWarning: The distribution is specified by [10, 20] and step=4, but the range is not divisible by `step`. It will be replaced by [10, 18].
  warnings.warn(
[I 2026-05-31 01:03:49,200] Trial 3 finished with value: 1.2996595703659528 and parameters: {'bb_period': 10, 'bb_std': 2.5, 'width_period': 20, 'squeeze_pct': 20.0, 'momentum_period': 30, 'hold_bars': 36, 'sl_atr_mult': 3.0, 'atr_period': 14}. Best is trial 4 with value: 1.3794381521076504.
C:\Users\הלל\Desktop\algo projects\trading-research-factory\walk forward engine\.venv\lib\site-packages\optuna\distributions.py:700: UserWarning: The distribution is specified by [10, 20] and step=4, but the range is not divisible by `step`. It will be replaced by [10, 18].
  warnings.warn(
[I 2026-05-31 01:03:55,678] Trial 8 finished with value: 2.570928549948473 and parameters: {'bb_period': 10, 'bb_std': 2.0, 'width_period': 10, 'squeeze_pct': 15.0, 'momentum_period': 10, 'hold_bars': 36, 'sl_atr_mult': 1.5, 'atr_period': 10}. Best is trial 8 with value: 2.570928549948473.
C:\Users\הלל\Desktop\algo projects\trading-research-factory\walk forward engine\.venv\lib\site-packages\optuna\distributions.py:700: UserWarning: The distribution is specified by [10, 20] and step=4, but the range is not divisible by `step`. It will be replaced by [10, 18].
  warnings.warn(
[I 2026-05-31 01:03:55,939] Trial 10 finished with value: 0.44681272543147194 and parameters: {'bb_period': 25, 'bb_std': 2.0, 'width_period': 30, 'squeeze_pct': 25.0, 'momentum_period': 10, 'hold_bars': 36, 'sl_atr_mult': 1.5, 'atr_period': 10}. Best is trial 8 with value: 2.570928549948473.
C:\Users\הלל\Desktop\algo projects\trading-research-factory\walk forward engine\.venv\lib\site-packages\optuna\distributions.py:700: UserWarning: The distribution is specified by [10, 20] and step=4, but the range is not divisible by `step`. It will be replaced by [10, 18].
  warnings.warn(
[I 2026-05-31 01:03:56,130] Trial 9 finished with value: 1.0439898073995564 and parameters: {'bb_period': 20, 'bb_std': 1.5, 'width_period': 20, 'squeeze_pct': 15.0, 'momentum_period': 10, 'hold_bars': 12, 'sl_atr_mult': 2.0, 'atr_period': 14}. Best is trial 8 with value: 2.570928549948473.
[I 2026-05-31 01:03:56,157] Trial 11 finished with value: 1.0452807244240474 and parameters: {'bb_period': 15, 'bb_std': 2.0, 'width_period': 20, 'squeeze_pct': 25.0, 'momentum_period': 30, 'hold_bars': 12, 'sl_atr_mult': 1.5, 'atr_period': 14}. Best is trial 8 with value: 2.570928549948473.
C:\Users\הלל\Desktop\algo projects\trading-research-factory\walk forward engine\.venv\lib\site-packages\optuna\distributions.py:700: UserWarning: The distribution is specified by [10, 20] and step=4, but the range is not divisible by `step`. It will be replaced by [10, 18].
  warnings.warn(
[I 2026-05-31 01:03:56,488] Trial 14 finished with value: -0.9681081917351956 and parameters: {'bb_period': 25, 'bb_std': 2.0, 'width_period': 20, 'squeeze_pct': 15.0, 'momentum_period': 25, 'hold_bars': 12, 'sl_atr_mult': 3.0, 'atr_period': 10}. Best is trial 8 with value: 2.570928549948473.
[I 2026-05-31 01:03:56,519] Trial 15 finished with value: 0.07490491709468453 and parameters: {'bb_period': 20, 'bb_std': 2.5, 'width_period': 30, 'squeeze_pct': 20.0, 'momentum_period': 15, 'hold_bars': 12, 'sl_atr_mult': 3.0, 'atr_period': 10}. Best is trial 8 with value: 2.570928549948473.
C:\Users\הלל\Desktop\algo projects\trading-research-factory\walk forward engine\.venv\lib\site-packages\optuna\distributions.py:700: UserWarning: The distribution is specified by [10, 20] and step=4, but the range is not divisible by `step`. It will be replaced by [10, 18].
  warnings.warn(
C:\Users\הלל\Desktop\algo projects\trading-research-factory\walk forward engine\.venv\lib\site-packages\optuna\distributions.py:700: UserWarning: The distribution is specified by [10, 20] and step=4, but the range is not divisible by `step`. It will be replaced by [10, 18].
  warnings.warn(
C:\Users\הלל\Desktop\algo projects\trading-research-factory\walk forward engine\.venv\lib\site-packages\optuna\distributions.py:700: UserWarning: The distribution is specified by [10, 20] and step=4, but the range is not divisible by `step`. It will be replaced by [10, 18].
  warnings.warn(
[I 2026-05-31 01:03:56,836] Trial 12 finished with value: 1.1037389408071334 and parameters: {'bb_period': 15, 'bb_std': 2.0, 'width_period': 30, 'squeeze_pct': 10.0, 'momentum_period': 20, 'hold_bars': 12, 'sl_atr_mult': 1.5, 'atr_period': 14}. Best is trial 8 with value: 2.570928549948473.
C:\Users\הלל\Desktop\algo projects\trading-research-factory\walk forward engine\.venv\lib\site-packages\optuna\distributions.py:700: UserWarning: The distribution is specified by [10, 20] and step=4, but the range is not divisible by `step`. It will be replaced by [10, 18].
  warnings.warn(
[I 2026-05-31 01:03:57,023] Trial 13 finished with value: 1.0137877543760305 and parameters: {'bb_period': 25, 'bb_std': 2.0, 'width_period': 10, 'squeeze_pct': 15.0, 'momentum_period': 20, 'hold_bars': 48, 'sl_atr_mult': 1.5, 'atr_period': 18}. Best is trial 8 with value: 2.570928549948473.
C:\Users\הלל\Desktop\algo projects\trading-research-factory\walk forward engine\.venv\lib\site-packages\optuna\distributions.py:700: UserWarning: The distribution is specified by [10, 20] and step=4, but the range is not divisible by `step`. It will be replaced by [10, 18].
  warnings.warn(
[I 2026-05-31 01:04:03,293] Trial 16 finished with value: -0.5005884965562698 and parameters: {'bb_period': 15, 'bb_std': 1.5, 'width_period': 30, 'squeeze_pct': 10.0, 'momentum_period': 10, 'hold_bars': 24, 'sl_atr_mult': 3.0, 'atr_period': 18}. Best is trial 8 with value: 2.570928549948473.
C:\Users\הלל\Desktop\algo projects\trading-research-factory\walk forward engine\.venv\lib\site-packages\optuna\distributions.py:700: UserWarning: The distribution is specified by [10, 20] and step=4, but the range is not divisible by `step`. It will be replaced by [10, 18].
  warnings.warn(
[I 2026-05-31 01:04:03,627] Trial 17 finished with value: 1.7404029940454584 and parameters: {'bb_period': 15, 'bb_std': 2.0, 'width_period': 20, 'squeeze_pct': 10.0, 'momentum_period': 20, 'hold_bars': 24, 'sl_atr_mult': 1.5, 'atr_period': 10}. Best is trial 8 with value: 2.570928549948473.
C:\Users\הלל\Desktop\algo projects\trading-research-factory\walk forward engine\.venv\lib\site-packages\optuna\distributions.py:700: UserWarning: The distribution is specified by [10, 20] and step=4, but the range is not divisible by `step`. It will be replaced by [10, 18].
  warnings.warn(
[I 2026-05-31 01:04:03,921] Trial 19 finished with value: 0.7894310891559689 and parameters: {'bb_period': 20, 'bb_std': 2.5, 'width_period': 10, 'squeeze_pct': 25.0, 'momentum_period': 20, 'hold_bars': 24, 'sl_atr_mult': 2.0, 'atr_period': 14}. Best is trial 8 with value: 2.570928549948473.
[I 2026-05-31 01:04:04,011] Trial 20 finished with value: 2.344660167854944 and parameters: {'bb_period': 10, 'bb_std': 2.0, 'width_period': 10, 'squeeze_pct': 15.0, 'momentum_period': 10, 'hold_bars': 36, 'sl_atr_mult': 2.0, 'atr_period': 10}. Best is trial 8 with value: 2.570928549948473.
C:\Users\הלל\Desktop\algo projects\trading-research-factory\walk forward engine\.venv\lib\site-packages\optuna\distributions.py:700: UserWarning: The distribution is specified by [10, 20] and step=4, but the range is not divisible by `step`. It will be replaced by [10, 18].
  warnings.warn(
C:\Users\הלל\Desktop\algo projects\trading-research-factory\walk forward engine\.venv\lib\site-packages\optuna\distributions.py:700: UserWarning: The distribution is specified by [10, 20] and step=4, but the range is not divisible by `step`. It will be replaced by [10, 18].
  warnings.warn(
[I 2026-05-31 01:04:04,287] Trial 22 finished with value: 1.5944600973318452 and parameters: {'bb_period': 10, 'bb_std': 1.5, 'width_period': 10, 'squeeze_pct': 20.0, 'momentum_period': 10, 'hold_bars': 36, 'sl_atr_mult': 1.5, 'atr_period': 10}. Best is trial 8 with value: 2.570928549948473.
C:\Users\הלל\Desktop\algo projects\trading-research-factory\walk forward engine\.venv\lib\site-packages\optuna\distributions.py:700: UserWarning: The distribution is specified by [10, 20] and step=4, but the range is not divisible by `step`. It will be replaced by [10, 18].
  warnings.warn(
[I 2026-05-31 01:04:04,645] Trial 21 finished with value: 1.5944600973318452 and parameters: {'bb_period': 10, 'bb_std': 2.0, 'width_period': 10, 'squeeze_pct': 20.0, 'momentum_period': 10, 'hold_bars': 36, 'sl_atr_mult': 1.5, 'atr_period': 10}. Best is trial 8 with value: 2.570928549948473.
[I 2026-05-31 01:04:04,757] Trial 18 finished with value: 0.07248521157604264 and parameters: {'bb_period': 15, 'bb_std': 2.5, 'width_period': 10, 'squeeze_pct': 15.0, 'momentum_period': 10, 'hold_bars': 36, 'sl_atr_mult': 1.5, 'atr_period': 10}. Best is trial 8 with value: 2.570928549948473.
[I 2026-05-31 01:04:04,822] Trial 23 finished with value: 1.339960955481522 and parameters: {'bb_period': 10, 'bb_std': 2.0, 'width_period': 10, 'squeeze_pct': 15.0, 'momentum_period': 15, 'hold_bars': 24, 'sl_atr_mult': 1.5, 'atr_period': 10}. Best is trial 8 with value: 2.570928549948473.
C:\Users\הלל\Desktop\algo projects\trading-research-factory\walk forward engine\.venv\lib\site-packages\optuna\distributions.py:700: UserWarning: The distribution is specified by [10, 20] and step=4, but the range is not divisible by `step`. It will be replaced by [10, 18].
  warnings.warn(
C:\Users\הלל\Desktop\algo projects\trading-research-factory\walk forward engine\.venv\lib\site-packages\optuna\distributions.py:700: UserWarning: The distribution is specified by [10, 20] and step=4, but the range is not divisible by `step`. It will be replaced by [10, 18].
  warnings.warn(
C:\Users\הלל\Desktop\algo projects\trading-research-factory\walk forward engine\.venv\lib\site-packages\optuna\distributions.py:700: UserWarning: The distribution is specified by [10, 20] and step=4, but the range is not divisible by `step`. It will be replaced by [10, 18].
  warnings.warn(
[I 2026-05-31 01:04:11,167] Trial 26 finished with value: 1.8198254064027959 and parameters: {'bb_period': 10, 'bb_std': 2.0, 'width_period': 10, 'squeeze_pct': 15.0, 'momentum_period': 15, 'hold_bars': 36, 'sl_atr_mult': 1.5, 'atr_period': 10}. Best is trial 8 with value: 2.570928549948473.
[I 2026-05-31 01:04:11,401] Trial 24 finished with value: 0.5140633126695389 and parameters: {'bb_period': 10, 'bb_std': 2.0, 'width_period': 10, 'squeeze_pct': 10.0, 'momentum_period': 15, 'hold_bars': 48, 'sl_atr_mult': 1.5, 'atr_period': 10}. Best is trial 8 with value: 2.570928549948473.
[I 2026-05-31 01:04:11,464] Trial 25 finished with value: 1.5944600973318452 and parameters: {'bb_period': 10, 'bb_std': 1.5, 'width_period': 10, 'squeeze_pct': 20.0, 'momentum_period': 10, 'hold_bars': 36, 'sl_atr_mult': 1.5, 'atr_period': 10}. Best is trial 8 with value: 2.570928549948473.
C:\Users\הלל\Desktop\algo projects\trading-research-factory\walk forward engine\.venv\lib\site-packages\optuna\distributions.py:700: UserWarning: The distribution is specified by [10, 20] and step=4, but the range is not divisible by `step`. It will be replaced by [10, 18].
  warnings.warn(
[I 2026-05-31 01:04:11,815] Trial 28 finished with value: 2.344660167854944 and parameters: {'bb_period': 10, 'bb_std': 2.5, 'width_period': 10, 'squeeze_pct': 15.0, 'momentum_period': 10, 'hold_bars': 36, 'sl_atr_mult': 2.0, 'atr_period': 10}. Best is trial 8 with value: 2.570928549948473.
C:\Users\הלל\Desktop\algo projects\trading-research-factory\walk forward engine\.venv\lib\site-packages\optuna\distributions.py:700: UserWarning: The distribution is specified by [10, 20] and step=4, but the range is not divisible by `step`. It will be replaced by [10, 18].
  warnings.warn(
[I 2026-05-31 01:04:11,932] Trial 27 finished with value: -0.24286185738365137 and parameters: {'bb_period': 10, 'bb_std': 2.0, 'width_period': 10, 'squeeze_pct': 20.0, 'momentum_period': 10, 'hold_bars': 48, 'sl_atr_mult': 2.0, 'atr_period': 10}. Best is trial 8 with value: 2.570928549948473.
C:\Users\הלל\Desktop\algo projects\trading-research-factory\walk forward engine\.venv\lib\site-packages\optuna\distributions.py:700: UserWarning: The distribution is specified by [10, 20] and step=4, but the range is not divisible by `step`. It will be replaced by [10, 18].
  warnings.warn(
C:\Users\הלל\Desktop\algo projects\trading-research-factory\walk forward engine\.venv\lib\site-packages\optuna\distributions.py:700: UserWarning: The distribution is specified by [10, 20] and step=4, but the range is not divisible by `step`. It will be replaced by [10, 18].
  warnings.warn(
[I 2026-05-31 01:04:12,498] Trial 29 finished with value: 1.9100369081118944 and parameters: {'bb_period': 10, 'bb_std': 2.0, 'width_period': 10, 'squeeze_pct': 10.0, 'momentum_period': 10, 'hold_bars': 24, 'sl_atr_mult': 2.5, 'atr_period': 10}. Best is trial 8 with value: 2.570928549948473.
[I 2026-05-31 01:04:12,498] Trial 30 finished with value: 2.599049045868224 and parameters: {'bb_period': 10, 'bb_std': 2.0, 'width_period': 10, 'squeeze_pct': 10.0, 'momentum_period': 15, 'hold_bars': 36, 'sl_atr_mult': 2.5, 'atr_period': 10}. Best is trial 30 with value: 2.599049045868224.
C:\Users\הלל\Desktop\algo projects\trading-research-factory\walk forward engine\.venv\lib\site-packages\optuna\distributions.py:700: UserWarning: The distribution is specified by [10, 20] and step=4, but the range is not divisible by `step`. It will be replaced by [10, 18].
  warnings.warn(
[I 2026-05-31 01:04:12,841] Trial 31 finished with value: 0.8495850400104924 and parameters: {'bb_period': 15, 'bb_std': 2.0, 'width_period': 20, 'squeeze_pct': 10.0, 'momentum_period': 20, 'hold_bars': 24, 'sl_atr_mult': 2.5, 'atr_period': 10}. Best is trial 30 with value: 2.599049045868224.
C:\Users\הלל\Desktop\algo projects\trading-research-factory\walk forward engine\.venv\lib\site-packages\optuna\distributions.py:700: UserWarning: The distribution is specified by [10, 20] and step=4, but the range is not divisible by `step`. It will be replaced by [10, 18].
  warnings.warn(
C:\Users\הלל\Desktop\algo projects\trading-research-factory\walk forward engine\.venv\lib\site-packages\optuna\distributions.py:700: UserWarning: The distribution is specified by [10, 20] and step=4, but the range is not divisible by `step`. It will be replaced by [10, 18].
  warnings.warn(
C:\Users\הלל\Desktop\algo projects\trading-research-factory\walk forward engine\.venv\lib\site-packages\optuna\distributions.py:700: UserWarning: The distribution is specified by [10, 20] and step=4, but the range is not divisible by `step`. It will be replaced by [10, 18].
  warnings.warn(
[I 2026-05-31 01:04:20,054] Trial 33 finished with value: 0.3474685483758585 and parameters: {'bb_period': 10, 'bb_std': 2.5, 'width_period': 10, 'squeeze_pct': 10.0, 'momentum_period': 10, 'hold_bars': 48, 'sl_atr_mult': 2.5, 'atr_period': 10}. Best is trial 30 with value: 2.599049045868224.
