[I 2026-05-31 01:23:42,777] Trial 86 finished with value: 2.95430555276565 and parameters: {'bb_period': 10, 'bb_std': 1.5, 'width_period': 10, 'squeeze_pct': 10.0, 'momentum_period': 20, 'hold_bars': 48, 'sl_atr_mult': 2.0, 'atr_period': 18}. Best is trial 80 with value: 3.6510179754145935.
C:\Users\הלל\Desktop\algo projects\trading-research-factory\walk forward engine\.venv\lib\site-packages\optuna\distributions.py:700: UserWarning: The distribution is specified by [10, 20] and step=4, but the range is not divisible by `step`. It will be replaced by [10, 18].
  warnings.warn(
C:\Users\הלל\Desktop\algo projects\trading-research-factory\walk forward engine\.venv\lib\site-packages\optuna\distributions.py:700: UserWarning: The distribution is specified by [10, 20] and step=4, but the range is not divisible by `step`. It will be replaced by [10, 18].
  warnings.warn(
C:\Users\הלל\Desktop\algo projects\trading-research-factory\walk forward engine\.venv\lib\site-packages\optuna\distributions.py:700: UserWarning: The distribution is specified by [10, 20] and step=4, but the range is not divisible by `step`. It will be replaced by [10, 18].
  warnings.warn(
C:\Users\הלל\Desktop\algo projects\trading-research-factory\walk forward engine\.venv\lib\site-packages\optuna\distributions.py:700: UserWarning: The distribution is specified by [10, 20] and step=4, but the range is not divisible by `step`. It will be replaced by [10, 18].
  warnings.warn(
[I 2026-05-31 01:23:43,770] Trial 87 finished with value: 3.6510179754145935 and parameters: {'bb_period': 10, 'bb_std': 2.0, 'width_period': 10, 'squeeze_pct': 10.0, 'momentum_period': 20, 'hold_bars': 48, 'sl_atr_mult': 1.5, 'atr_period': 18}. Best is trial 80 with value: 3.6510179754145935.
C:\Users\הלל\Desktop\algo projects\trading-research-factory\walk forward engine\.venv\lib\site-packages\optuna\distributions.py:700: UserWarning: The distribution is specified by [10, 20] and step=4, but the range is not divisible by `step`. It will be replaced by [10, 18].
  warnings.warn(
[I 2026-05-31 01:23:49,104] Trial 88 finished with value: -0.030973167550229788 and parameters: {'bb_period': 10, 'bb_std': 2.0, 'width_period': 10, 'squeeze_pct': 10.0, 'momentum_period': 20, 'hold_bars': 36, 'sl_atr_mult': 1.5, 'atr_period': 18}. Best is trial 80 with value: 3.6510179754145935.
[I 2026-05-31 01:23:49,387] Trial 89 finished with value: 3.6510179754145935 and parameters: {'bb_period': 10, 'bb_std': 2.0, 'width_period': 10, 'squeeze_pct': 10.0, 'momentum_period': 20, 'hold_bars': 48, 'sl_atr_mult': 1.5, 'atr_period': 18}. Best is trial 80 with value: 3.6510179754145935.
[I 2026-05-31 01:23:49,773] Trial 90 finished with value: 3.4956532253482226 and parameters: {'bb_period': 10, 'bb_std': 2.0, 'width_period': 10, 'squeeze_pct': 10.0, 'momentum_period': 25, 'hold_bars': 48, 'sl_atr_mult': 1.5, 'atr_period': 18}. Best is trial 80 with value: 3.6510179754145935.
[I 2026-05-31 01:23:50,088] Trial 92 finished with value: 2.248630860648042 and parameters: {'bb_period': 10, 'bb_std': 2.0, 'width_period': 20, 'squeeze_pct': 10.0, 'momentum_period': 15, 'hold_bars': 48, 'sl_atr_mult': 1.5, 'atr_period': 14}. Best is trial 80 with value: 3.6510179754145935.
[I 2026-05-31 01:23:50,268] Trial 91 finished with value: 3.743577895374626 and parameters: {'bb_period': 10, 'bb_std': 2.0, 'width_period': 10, 'squeeze_pct': 10.0, 'momentum_period': 20, 'hold_bars': 48, 'sl_atr_mult': 1.5, 'atr_period': 14}. Best is trial 91 with value: 3.743577895374626.
C:\Users\הלל\Desktop\algo projects\trading-research-factory\walk forward engine\.venv\lib\site-packages\optuna\distributions.py:700: UserWarning: The distribution is specified by [10, 20] and step=4, but the range is not divisible by `step`. It will be replaced by [10, 18].
  warnings.warn(
C:\Users\הלל\Desktop\algo projects\trading-research-factory\walk forward engine\.venv\lib\site-packages\optuna\distributions.py:700: UserWarning: The distribution is specified by [10, 20] and step=4, but the range is not divisible by `step`. It will be replaced by [10, 18].
  warnings.warn(
[I 2026-05-31 01:23:50,605] Trial 93 finished with value: 1.1338595249838948 and parameters: {'bb_period': 10, 'bb_std': 2.0, 'width_period': 10, 'squeeze_pct': 15.0, 'momentum_period': 15, 'hold_bars': 48, 'sl_atr_mult': 1.5, 'atr_period': 18}. Best is trial 91 with value: 3.743577895374626.
C:\Users\הלל\Desktop\algo projects\trading-research-factory\walk forward engine\.venv\lib\site-packages\optuna\distributions.py:700: UserWarning: The distribution is specified by [10, 20] and step=4, but the range is not divisible by `step`. It will be replaced by [10, 18].
  warnings.warn(
C:\Users\הלל\Desktop\algo projects\trading-research-factory\walk forward engine\.venv\lib\site-packages\optuna\distributions.py:700: UserWarning: The distribution is specified by [10, 20] and step=4, but the range is not divisible by `step`. It will be replaced by [10, 18].
  warnings.warn(
[I 2026-05-31 01:23:50,901] Trial 94 finished with value: 1.5137156993151915 and parameters: {'bb_period': 10, 'bb_std': 2.0, 'width_period': 10, 'squeeze_pct': 15.0, 'momentum_period': 20, 'hold_bars': 48, 'sl_atr_mult': 2.0, 'atr_period': 18}. Best is trial 91 with value: 3.743577895374626.
[I 2026-05-31 01:23:51,307] Trial 95 finished with value: 0.17668066904662605 and parameters: {'bb_period': 10, 'bb_std': 2.0, 'width_period': 10, 'squeeze_pct': 10.0, 'momentum_period': 15, 'hold_bars': 36, 'sl_atr_mult': 2.0, 'atr_period': 18}. Best is trial 91 with value: 3.743577895374626.
[I 2026-05-31 01:23:53,874] Trial 96 finished with value: 3.317644548843828 and parameters: {'bb_period': 10, 'bb_std': 2.0, 'width_period': 10, 'squeeze_pct': 10.0, 'momentum_period': 15, 'hold_bars': 48, 'sl_atr_mult': 1.5, 'atr_period': 14}. Best is trial 91 with value: 3.743577895374626.
[I 2026-05-31 01:23:54,048] Trial 97 finished with value: 1.0495899094697563 and parameters: {'bb_period': 10, 'bb_std': 2.0, 'width_period': 10, 'squeeze_pct': 15.0, 'momentum_period': 10, 'hold_bars': 48, 'sl_atr_mult': 1.5, 'atr_period': 18}. Best is trial 91 with value: 3.743577895374626.
[I 2026-05-31 01:23:54,198] Trial 98 finished with value: 3.317644548843828 and parameters: {'bb_period': 10, 'bb_std': 2.0, 'width_period': 10, 'squeeze_pct': 10.0, 'momentum_period': 15, 'hold_bars': 48, 'sl_atr_mult': 1.5, 'atr_period': 14}. Best is trial 91 with value: 3.743577895374626.
[I 2026-05-31 01:23:54,234] Trial 99 finished with value: 1.1338595249838948 and parameters: {'bb_period': 10, 'bb_std': 2.0, 'width_period': 10, 'squeeze_pct': 15.0, 'momentum_period': 15, 'hold_bars': 48, 'sl_atr_mult': 1.5, 'atr_period': 18}. Best is trial 91 with value: 3.743577895374626.
C:\Users\הלל\Desktop\algo projects\trading-research-factory\walk forward engine\.venv\lib\site-packages\optuna\samplers\_tpe\sampler.py:319: ExperimentalWarning: ``multivariate`` option is an experimental feature. The interface can change in the future.
  warnings.warn(
[I 2026-05-31 01:23:54,872] A new study created in memory with name: no-name-4a244ca3-afa2-4021-ba71-c42229d2ee03
C:\Users\הלל\Desktop\algo projects\trading-research-factory\walk forward engine\.venv\lib\site-packages\optuna\distributions.py:700: UserWarning: The distribution is specified by [10, 20] and step=4, but the range is not divisible by `step`. It will be replaced by [10, 18].
  warnings.warn(
C:\Users\הלל\Desktop\algo projects\trading-research-factory\walk forward engine\.venv\lib\site-packages\optuna\distributions.py:700: UserWarning: The distribution is specified by [10, 20] and step=4, but the range is not divisible by `step`. It will be replaced by [10, 18].
  warnings.warn(
C:\Users\הלל\Desktop\algo projects\trading-research-factory\walk forward engine\.venv\lib\site-packages\optuna\distributions.py:700: UserWarning: The distribution is specified by [10, 20] and step=4, but the range is not divisible by `step`. It will be replaced by [10, 18].
  warnings.warn(
C:\Users\הלל\Desktop\algo projects\trading-research-factory\walk forward engine\.venv\lib\site-packages\optuna\distributions.py:700: UserWarning: The distribution is specified by [10, 20] and step=4, but the range is not divisible by `step`. It will be replaced by [10, 18].
  warnings.warn(
C:\Users\הלל\Desktop\algo projects\trading-research-factory\walk forward engine\.venv\lib\site-packages\optuna\distributions.py:700: UserWarning: The distribution is specified by [10, 20] and step=4, but the range is not divisible by `step`. It will be replaced by [10, 18].
  warnings.warn(
[I 2026-05-31 01:24:01,418] Trial 5 finished with value: 1.9864094134108794 and parameters: {'bb_period': 25, 'bb_std': 1.5, 'width_period': 30, 'squeeze_pct': 20.0, 'momentum_period': 10, 'hold_bars': 36, 'sl_atr_mult': 1.5, 'atr_period': 18}. Best is trial 5 with value: 1.9864094134108794.
C:\Users\הלל\Desktop\algo projects\trading-research-factory\walk forward engine\.venv\lib\site-packages\optuna\distributions.py:700: UserWarning: The distribution is specified by [10, 20] and step=4, but the range is not divisible by `step`. It will be replaced by [10, 18].
  warnings.warn(
[I 2026-05-31 01:24:01,761] Trial 2 finished with value: 1.4576593087083727 and parameters: {'bb_period': 25, 'bb_std': 1.5, 'width_period': 20, 'squeeze_pct': 25.0, 'momentum_period': 30, 'hold_bars': 12, 'sl_atr_mult': 3.0, 'atr_period': 18}. Best is trial 5 with value: 1.9864094134108794.
C:\Users\הלל\Desktop\algo projects\trading-research-factory\walk forward engine\.venv\lib\site-packages\optuna\distributions.py:700: UserWarning: The distribution is specified by [10, 20] and step=4, but the range is not divisible by `step`. It will be replaced by [10, 18].
  warnings.warn(
[I 2026-05-31 01:24:01,838] Trial 1 finished with value: -0.7008349646440856 and parameters: {'bb_period': 15, 'bb_std': 2.0, 'width_period': 20, 'squeeze_pct': 25.0, 'momentum_period': 20, 'hold_bars': 24, 'sl_atr_mult': 3.0, 'atr_period': 10}. Best is trial 5 with value: 1.9864094134108794.
C:\Users\הלל\Desktop\algo projects\trading-research-factory\walk forward engine\.venv\lib\site-packages\optuna\distributions.py:700: UserWarning: The distribution is specified by [10, 20] and step=4, but the range is not divisible by `step`. It will be replaced by [10, 18].
  warnings.warn(
[I 2026-05-31 01:24:01,907] Trial 0 finished with value: 1.3846466052210147 and parameters: {'bb_period': 15, 'bb_std': 1.5, 'width_period': 30, 'squeeze_pct': 25.0, 'momentum_period': 30, 'hold_bars': 48, 'sl_atr_mult': 2.0, 'atr_period': 18}. Best is trial 5 with value: 1.9864094134108794.
[I 2026-05-31 01:24:01,909] Trial 4 finished with value: 0.41029534918256255 and parameters: {'bb_period': 10, 'bb_std': 2.5, 'width_period': 20, 'squeeze_pct': 20.0, 'momentum_period': 20, 'hold_bars': 24, 'sl_atr_mult': 3.0, 'atr_period': 18}. Best is trial 5 with value: 1.9864094134108794.
C:\Users\הלל\Desktop\algo projects\trading-research-factory\walk forward engine\.venv\lib\site-packages\optuna\distributions.py:700: UserWarning: The distribution is specified by [10, 20] and step=4, but the range is not divisible by `step`. It will be replaced by [10, 18].
  warnings.warn(
C:\Users\הלל\Desktop\algo projects\trading-research-factory\walk forward engine\.venv\lib\site-packages\optuna\distributions.py:700: UserWarning: The distribution is specified by [10, 20] and step=4, but the range is not divisible by `step`. It will be replaced by [10, 18].
  warnings.warn(
[I 2026-05-31 01:24:02,144] Trial 3 finished with value: 0.041039512928675664 and parameters: {'bb_period': 15, 'bb_std': 2.0, 'width_period': 10, 'squeeze_pct': 20.0, 'momentum_period': 30, 'hold_bars': 36, 'sl_atr_mult': 2.0, 'atr_period': 10}. Best is trial 5 with value: 1.9864094134108794.
C:\Users\הלל\Desktop\algo projects\trading-research-factory\walk forward engine\.venv\lib\site-packages\optuna\distributions.py:700: UserWarning: The distribution is specified by [10, 20] and step=4, but the range is not divisible by `step`. It will be replaced by [10, 18].
  warnings.warn(
[I 2026-05-31 01:24:02,249] Trial 7 finished with value: 0.4152067783964833 and parameters: {'bb_period': 10, 'bb_std': 1.5, 'width_period': 20, 'squeeze_pct': 25.0, 'momentum_period': 10, 'hold_bars': 48, 'sl_atr_mult': 2.0, 'atr_period': 10}. Best is trial 5 with value: 1.9864094134108794.
C:\Users\הלל\Desktop\algo projects\trading-research-factory\walk forward engine\.venv\lib\site-packages\optuna\distributions.py:700: UserWarning: The distribution is specified by [10, 20] and step=4, but the range is not divisible by `step`. It will be replaced by [10, 18].
  warnings.warn(
[I 2026-05-31 01:24:02,455] Trial 6 finished with value: -4.496783326529288 and parameters: {'bb_period': 15, 'bb_std': 1.5, 'width_period': 10, 'squeeze_pct': 20.0, 'momentum_period': 10, 'hold_bars': 48, 'sl_atr_mult': 2.5, 'atr_period': 10}. Best is trial 5 with value: 1.9864094134108794.
C:\Users\הלל\Desktop\algo projects\trading-research-factory\walk forward engine\.venv\lib\site-packages\optuna\distributions.py:700: UserWarning: The distribution is specified by [10, 20] and step=4, but the range is not divisible by `step`. It will be replaced by [10, 18].
  warnings.warn(
[I 2026-05-31 01:24:08,739] Trial 8 finished with value: 1.4494711324062264 and parameters: {'bb_period': 25, 'bb_std': 2.5, 'width_period': 30, 'squeeze_pct': 15.0, 'momentum_period': 25, 'hold_bars': 12, 'sl_atr_mult': 3.0, 'atr_period': 14}. Best is trial 5 with value: 1.9864094134108794.
C:\Users\הלל\Desktop\algo projects\trading-research-factory\walk forward engine\.venv\lib\site-packages\optuna\distributions.py:700: UserWarning: The distribution is specified by [10, 20] and step=4, but the range is not divisible by `step`. It will be replaced by [10, 18].
  warnings.warn(
[I 2026-05-31 01:24:08,977] Trial 9 finished with value: -2.9538225925632142 and parameters: {'bb_period': 15, 'bb_std': 2.5, 'width_period': 20, 'squeeze_pct': 15.0, 'momentum_period': 15, 'hold_bars': 12, 'sl_atr_mult': 2.0, 'atr_period': 10}. Best is trial 5 with value: 1.9864094134108794.
[I 2026-05-31 01:24:09,034] Trial 13 finished with value: 0.5982606042696994 and parameters: {'bb_period': 25, 'bb_std': 2.0, 'width_period': 20, 'squeeze_pct': 25.0, 'momentum_period': 10, 'hold_bars': 48, 'sl_atr_mult': 3.0, 'atr_period': 14}. Best is trial 5 with value: 1.9864094134108794.
C:\Users\הלל\Desktop\algo projects\trading-research-factory\walk forward engine\.venv\lib\site-packages\optuna\distributions.py:700: UserWarning: The distribution is specified by [10, 20] and step=4, but the range is not divisible by `step`. It will be replaced by [10, 18].
  warnings.warn(
C:\Users\הלל\Desktop\algo projects\trading-research-factory\walk forward engine\.venv\lib\site-packages\optuna\distributions.py:700: UserWarning: The distribution is specified by [10, 20] and step=4, but the range is not divisible by `step`. It will be replaced by [10, 18].
  warnings.warn(
[I 2026-05-31 01:24:09,405] Trial 10 finished with value: 0.9029466211276557 and parameters: {'bb_period': 15, 'bb_std': 2.5, 'width_period': 20, 'squeeze_pct': 20.0, 'momentum_period': 25, 'hold_bars': 24, 'sl_atr_mult': 2.0, 'atr_period': 18}. Best is trial 5 with value: 1.9864094134108794.
[I 2026-05-31 01:24:09,497] Trial 14 finished with value: 0.3933612261070669 and parameters: {'bb_period': 15, 'bb_std': 2.5, 'width_period': 30, 'squeeze_pct': 25.0, 'momentum_period': 25, 'hold_bars': 36, 'sl_atr_mult': 2.0, 'atr_period': 18}. Best is trial 5 with value: 1.9864094134108794.
[I 2026-05-31 01:24:09,568] Trial 12 finished with value: -1.2227988244500414 and parameters: {'bb_period': 20, 'bb_std': 2.5, 'width_period': 10, 'squeeze_pct': 10.0, 'momentum_period': 30, 'hold_bars': 12, 'sl_atr_mult': 2.0, 'atr_period': 10}. Best is trial 5 with value: 1.9864094134108794.
C:\Users\הלל\Desktop\algo projects\trading-research-factory\walk forward engine\.venv\lib\site-packages\optuna\distributions.py:700: UserWarning: The distribution is specified by [10, 20] and step=4, but the range is not divisible by `step`. It will be replaced by [10, 18].
  warnings.warn(
C:\Users\הלל\Desktop\algo projects\trading-research-factory\walk forward engine\.venv\lib\site-packages\optuna\distributions.py:700: UserWarning: The distribution is specified by [10, 20] and step=4, but the range is not divisible by `step`. It will be replaced by [10, 18].
  warnings.warn(
C:\Users\הלל\Desktop\algo projects\trading-research-factory\walk forward engine\.venv\lib\site-packages\optuna\distributions.py:700: UserWarning: The distribution is specified by [10, 20] and step=4, but the range is not divisible by `step`. It will be replaced by [10, 18].
  warnings.warn(
[I 2026-05-31 01:24:09,984] Trial 11 finished with value: -0.4360406456355085 and parameters: {'bb_period': 25, 'bb_std': 2.0, 'width_period': 10, 'squeeze_pct': 15.0, 'momentum_period': 10, 'hold_bars': 12, 'sl_atr_mult': 1.5, 'atr_period': 14}. Best is trial 5 with value: 1.9864094134108794.
[I 2026-05-31 01:24:10,017] Trial 15 finished with value: -4.072369152093249 and parameters: {'bb_period': 10, 'bb_std': 2.0, 'width_period': 30, 'squeeze_pct': 10.0, 'momentum_period': 10, 'hold_bars': 12, 'sl_atr_mult': 3.0, 'atr_period': 10}. Best is trial 5 with value: 1.9864094134108794.
C:\Users\הלל\Desktop\algo projects\trading-research-factory\walk forward engine\.venv\lib\site-packages\optuna\distributions.py:700: UserWarning: The distribution is specified by [10, 20] and step=4, but the range is not divisible by `step`. It will be replaced by [10, 18].
  warnings.warn(
C:\Users\הלל\Desktop\algo projects\trading-research-factory\walk forward engine\.venv\lib\site-packages\optuna\distributions.py:700: UserWarning: The distribution is specified by [10, 20] and step=4, but the range is not divisible by `step`. It will be replaced by [10, 18].
  warnings.warn(
[I 2026-05-31 01:24:16,537] Trial 16 finished with value: -0.09158035899777119 and parameters: {'bb_period': 15, 'bb_std': 2.0, 'width_period': 30, 'squeeze_pct': 15.0, 'momentum_period': 30, 'hold_bars': 24, 'sl_atr_mult': 1.5, 'atr_period': 18}. Best is trial 5 with value: 1.9864094134108794.
C:\Users\הלל\Desktop\algo projects\trading-research-factory\walk forward engine\.venv\lib\site-packages\optuna\distributions.py:700: UserWarning: The distribution is specified by [10, 20] and step=4, but the range is not divisible by `step`. It will be replaced by [10, 18].
  warnings.warn(
[I 2026-05-31 01:24:17,078] Trial 17 finished with value: 1.2969918483756897 and parameters: {'bb_period': 25, 'bb_std': 1.5, 'width_period': 30, 'squeeze_pct': 25.0, 'momentum_period': 10, 'hold_bars': 36, 'sl_atr_mult': 1.5, 'atr_period': 14}. Best is trial 5 with value: 1.9864094134108794.
[I 2026-05-31 01:24:17,126] Trial 18 finished with value: 0.18553094789068153 and parameters: {'bb_period': 20, 'bb_std': 1.5, 'width_period': 20, 'squeeze_pct': 25.0, 'momentum_period': 30, 'hold_bars': 12, 'sl_atr_mult': 3.0, 'atr_period': 18}. Best is trial 5 with value: 1.9864094134108794.
C:\Users\הלל\Desktop\algo projects\trading-research-factory\walk forward engine\.venv\lib\site-packages\optuna\distributions.py:700: UserWarning: The distribution is specified by [10, 20] and step=4, but the range is not divisible by `step`. It will be replaced by [10, 18].
  warnings.warn(
C:\Users\הלל\Desktop\algo projects\trading-research-factory\walk forward engine\.venv\lib\site-packages\optuna\distributions.py:700: UserWarning: The distribution is specified by [10, 20] and step=4, but the range is not divisible by `step`. It will be replaced by [10, 18].
  warnings.warn(
[I 2026-05-31 01:24:17,532] Trial 21 finished with value: 2.0238104299456894 and parameters: {'bb_period': 25, 'bb_std': 1.5, 'width_period': 30, 'squeeze_pct': 15.0, 'momentum_period': 10, 'hold_bars': 36, 'sl_atr_mult': 2.0, 'atr_period': 18}. Best is trial 21 with value: 2.0238104299456894.
[I 2026-05-31 01:24:17,569] Trial 20 finished with value: 2.037775000643028 and parameters: {'bb_period': 20, 'bb_std': 1.5, 'width_period': 20, 'squeeze_pct': 25.0, 'momentum_period': 30, 'hold_bars': 24, 'sl_atr_mult': 3.0, 'atr_period': 18}. Best is trial 20 with value: 2.037775000643028.
C:\Users\הלל\Desktop\algo projects\trading-research-factory\walk forward engine\.venv\lib\site-packages\optuna\distributions.py:700: UserWarning: The distribution is specified by [10, 20] and step=4, but the range is not divisible by `step`. It will be replaced by [10, 18].
  warnings.warn(
C:\Users\הלל\Desktop\algo projects\trading-research-factory\walk forward engine\.venv\lib\site-packages\optuna\distributions.py:700: UserWarning: The distribution is specified by [10, 20] and step=4, but the range is not divisible by `step`. It will be replaced by [10, 18].
  warnings.warn(
[I 2026-05-31 01:24:17,897] Trial 19 finished with value: 1.4576593087083727 and parameters: {'bb_period': 25, 'bb_std': 2.0, 'width_period': 20, 'squeeze_pct': 25.0, 'momentum_period': 30, 'hold_bars': 12, 'sl_atr_mult': 3.0, 'atr_period': 18}. Best is trial 20 with value: 2.037775000643028.
[I 2026-05-31 01:24:17,960] Trial 22 finished with value: 1.6901701405123033 and parameters: {'bb_period': 25, 'bb_std': 1.5, 'width_period': 20, 'squeeze_pct': 25.0, 'momentum_period': 30, 'hold_bars': 12, 'sl_atr_mult': 2.5, 'atr_period': 18}. Best is trial 20 with value: 2.037775000643028.
C:\Users\הלל\Desktop\algo projects\trading-research-factory\walk forward engine\.venv\lib\site-packages\optuna\distributions.py:700: UserWarning: The distribution is specified by [10, 20] and step=4, but the range is not divisible by `step`. It will be replaced by [10, 18].
  warnings.warn(
