[I 2026-05-31 01:07:27,022] Trial 19 finished with value: -0.3452155664936339 and parameters: {'bb_period': 10, 'bb_std': 1.5, 'width_period': 20, 'squeeze_pct': 25.0, 'momentum_period': 10, 'hold_bars': 12, 'sl_atr_mult': 2.0, 'atr_period': 10}. Best is trial 15 with value: 2.5049113250486017.
[I 2026-05-31 01:07:27,049] Trial 20 finished with value: 1.513376892288762 and parameters: {'bb_period': 10, 'bb_std': 1.5, 'width_period': 30, 'squeeze_pct': 25.0, 'momentum_period': 10, 'hold_bars': 12, 'sl_atr_mult': 2.0, 'atr_period': 10}. Best is trial 15 with value: 2.5049113250486017.
[I 2026-05-31 01:07:27,101] Trial 22 finished with value: 2.3948570379624132 and parameters: {'bb_period': 10, 'bb_std': 2.5, 'width_period': 30, 'squeeze_pct': 25.0, 'momentum_period': 30, 'hold_bars': 24, 'sl_atr_mult': 3.0, 'atr_period': 10}. Best is trial 15 with value: 2.5049113250486017.
C:\Users\הלל\Desktop\algo projects\trading-research-factory\walk forward engine\.venv\lib\site-packages\optuna\distributions.py:700: UserWarning: The distribution is specified by [10, 20] and step=4, but the range is not divisible by `step`. It will be replaced by [10, 18].
  warnings.warn(
C:\Users\הלל\Desktop\algo projects\trading-research-factory\walk forward engine\.venv\lib\site-packages\optuna\distributions.py:700: UserWarning: The distribution is specified by [10, 20] and step=4, but the range is not divisible by `step`. It will be replaced by [10, 18].
  warnings.warn(
C:\Users\הלל\Desktop\algo projects\trading-research-factory\walk forward engine\.venv\lib\site-packages\optuna\distributions.py:700: UserWarning: The distribution is specified by [10, 20] and step=4, but the range is not divisible by `step`. It will be replaced by [10, 18].
  warnings.warn(
[I 2026-05-31 01:07:27,460] Trial 17 finished with value: 0.6140123399159284 and parameters: {'bb_period': 10, 'bb_std': 2.5, 'width_period': 10, 'squeeze_pct': 25.0, 'momentum_period': 30, 'hold_bars': 24, 'sl_atr_mult': 3.0, 'atr_period': 14}. Best is trial 15 with value: 2.5049113250486017.
C:\Users\הלל\Desktop\algo projects\trading-research-factory\walk forward engine\.venv\lib\site-packages\optuna\distributions.py:700: UserWarning: The distribution is specified by [10, 20] and step=4, but the range is not divisible by `step`. It will be replaced by [10, 18].
  warnings.warn(
C:\Users\הלל\Desktop\algo projects\trading-research-factory\walk forward engine\.venv\lib\site-packages\optuna\distributions.py:700: UserWarning: The distribution is specified by [10, 20] and step=4, but the range is not divisible by `step`. It will be replaced by [10, 18].
  warnings.warn(
[I 2026-05-31 01:07:27,852] Trial 23 finished with value: 2.4256818955746007 and parameters: {'bb_period': 10, 'bb_std': 2.5, 'width_period': 20, 'squeeze_pct': 15.0, 'momentum_period': 25, 'hold_bars': 36, 'sl_atr_mult': 3.0, 'atr_period': 10}. Best is trial 15 with value: 2.5049113250486017.
C:\Users\הלל\Desktop\algo projects\trading-research-factory\walk forward engine\.venv\lib\site-packages\optuna\distributions.py:700: UserWarning: The distribution is specified by [10, 20] and step=4, but the range is not divisible by `step`. It will be replaced by [10, 18].
  warnings.warn(
[I 2026-05-31 01:07:34,511] Trial 24 finished with value: 2.5049113250486017 and parameters: {'bb_period': 10, 'bb_std': 2.0, 'width_period': 20, 'squeeze_pct': 10.0, 'momentum_period': 25, 'hold_bars': 36, 'sl_atr_mult': 3.0, 'atr_period': 10}. Best is trial 15 with value: 2.5049113250486017.
[I 2026-05-31 01:07:34,825] Trial 25 finished with value: -0.5304294345791212 and parameters: {'bb_period': 15, 'bb_std': 2.0, 'width_period': 20, 'squeeze_pct': 10.0, 'momentum_period': 30, 'hold_bars': 36, 'sl_atr_mult': 3.0, 'atr_period': 10}. Best is trial 15 with value: 2.5049113250486017.
[I 2026-05-31 01:07:34,873] Trial 26 finished with value: 0.9193255914270586 and parameters: {'bb_period': 10, 'bb_std': 2.5, 'width_period': 20, 'squeeze_pct': 25.0, 'momentum_period': 20, 'hold_bars': 24, 'sl_atr_mult': 3.0, 'atr_period': 10}. Best is trial 15 with value: 2.5049113250486017.
[I 2026-05-31 01:07:35,128] Trial 28 finished with value: 0.8252223242290146 and parameters: {'bb_period': 10, 'bb_std': 2.5, 'width_period': 20, 'squeeze_pct': 15.0, 'momentum_period': 30, 'hold_bars': 48, 'sl_atr_mult': 3.0, 'atr_period': 10}. Best is trial 15 with value: 2.5049113250486017.
[I 2026-05-31 01:07:35,198] Trial 27 finished with value: -0.5027978494241794 and parameters: {'bb_period': 10, 'bb_std': 2.5, 'width_period': 20, 'squeeze_pct': 25.0, 'momentum_period': 30, 'hold_bars': 12, 'sl_atr_mult': 2.5, 'atr_period': 10}. Best is trial 15 with value: 2.5049113250486017.
C:\Users\הלל\Desktop\algo projects\trading-research-factory\walk forward engine\.venv\lib\site-packages\optuna\distributions.py:700: UserWarning: The distribution is specified by [10, 20] and step=4, but the range is not divisible by `step`. It will be replaced by [10, 18].
  warnings.warn(
[I 2026-05-31 01:07:35,376] Trial 29 finished with value: 2.3948570379624132 and parameters: {'bb_period': 10, 'bb_std': 2.5, 'width_period': 30, 'squeeze_pct': 25.0, 'momentum_period': 30, 'hold_bars': 24, 'sl_atr_mult': 3.0, 'atr_period': 10}. Best is trial 15 with value: 2.5049113250486017.
[I 2026-05-31 01:07:35,423] Trial 30 finished with value: 1.3098212161960636 and parameters: {'bb_period': 10, 'bb_std': 2.5, 'width_period': 30, 'squeeze_pct': 25.0, 'momentum_period': 30, 'hold_bars': 12, 'sl_atr_mult': 3.0, 'atr_period': 10}. Best is trial 15 with value: 2.5049113250486017.
C:\Users\הלל\Desktop\algo projects\trading-research-factory\walk forward engine\.venv\lib\site-packages\optuna\distributions.py:700: UserWarning: The distribution is specified by [10, 20] and step=4, but the range is not divisible by `step`. It will be replaced by [10, 18].
  warnings.warn(
C:\Users\הלל\Desktop\algo projects\trading-research-factory\walk forward engine\.venv\lib\site-packages\optuna\distributions.py:700: UserWarning: The distribution is specified by [10, 20] and step=4, but the range is not divisible by `step`. It will be replaced by [10, 18].
  warnings.warn(
C:\Users\הלל\Desktop\algo projects\trading-research-factory\walk forward engine\.venv\lib\site-packages\optuna\distributions.py:700: UserWarning: The distribution is specified by [10, 20] and step=4, but the range is not divisible by `step`. It will be replaced by [10, 18].
  warnings.warn(
C:\Users\הלל\Desktop\algo projects\trading-research-factory\walk forward engine\.venv\lib\site-packages\optuna\distributions.py:700: UserWarning: The distribution is specified by [10, 20] and step=4, but the range is not divisible by `step`. It will be replaced by [10, 18].
  warnings.warn(
C:\Users\הלל\Desktop\algo projects\trading-research-factory\walk forward engine\.venv\lib\site-packages\optuna\distributions.py:700: UserWarning: The distribution is specified by [10, 20] and step=4, but the range is not divisible by `step`. It will be replaced by [10, 18].
  warnings.warn(
[I 2026-05-31 01:07:36,038] Trial 31 finished with value: 2.7884656719032885 and parameters: {'bb_period': 10, 'bb_std': 2.5, 'width_period': 30, 'squeeze_pct': 25.0, 'momentum_period': 30, 'hold_bars': 24, 'sl_atr_mult': 2.0, 'atr_period': 10}. Best is trial 31 with value: 2.7884656719032885.
C:\Users\הלל\Desktop\algo projects\trading-research-factory\walk forward engine\.venv\lib\site-packages\optuna\distributions.py:700: UserWarning: The distribution is specified by [10, 20] and step=4, but the range is not divisible by `step`. It will be replaced by [10, 18].
  warnings.warn(
[I 2026-05-31 01:07:42,282] Trial 32 finished with value: 1.2265528650671167 and parameters: {'bb_period': 10, 'bb_std': 2.0, 'width_period': 10, 'squeeze_pct': 10.0, 'momentum_period': 25, 'hold_bars': 24, 'sl_atr_mult': 3.0, 'atr_period': 10}. Best is trial 31 with value: 2.7884656719032885.
[I 2026-05-31 01:07:42,697] Trial 33 finished with value: 1.8859638909144916 and parameters: {'bb_period': 10, 'bb_std': 2.0, 'width_period': 20, 'squeeze_pct': 15.0, 'momentum_period': 20, 'hold_bars': 48, 'sl_atr_mult': 3.0, 'atr_period': 10}. Best is trial 31 with value: 2.7884656719032885.
C:\Users\הלל\Desktop\algo projects\trading-research-factory\walk forward engine\.venv\lib\site-packages\optuna\distributions.py:700: UserWarning: The distribution is specified by [10, 20] and step=4, but the range is not divisible by `step`. It will be replaced by [10, 18].
  warnings.warn(
[I 2026-05-31 01:07:42,935] Trial 37 finished with value: 0.1632493798749209 and parameters: {'bb_period': 10, 'bb_std': 2.0, 'width_period': 30, 'squeeze_pct': 10.0, 'momentum_period': 20, 'hold_bars': 48, 'sl_atr_mult': 3.0, 'atr_period': 10}. Best is trial 31 with value: 2.7884656719032885.
[I 2026-05-31 01:07:43,174] Trial 36 finished with value: 2.591519980619851 and parameters: {'bb_period': 10, 'bb_std': 1.5, 'width_period': 20, 'squeeze_pct': 10.0, 'momentum_period': 20, 'hold_bars': 48, 'sl_atr_mult': 2.5, 'atr_period': 14}. Best is trial 31 with value: 2.7884656719032885.
C:\Users\הלל\Desktop\algo projects\trading-research-factory\walk forward engine\.venv\lib\site-packages\optuna\distributions.py:700: UserWarning: The distribution is specified by [10, 20] and step=4, but the range is not divisible by `step`. It will be replaced by [10, 18].
  warnings.warn(
[I 2026-05-31 01:07:43,388] Trial 34 finished with value: 2.4378638371926176 and parameters: {'bb_period': 10, 'bb_std': 1.5, 'width_period': 20, 'squeeze_pct': 15.0, 'momentum_period': 25, 'hold_bars': 36, 'sl_atr_mult': 2.5, 'atr_period': 10}. Best is trial 31 with value: 2.7884656719032885.
[I 2026-05-31 01:07:43,546] Trial 35 finished with value: 2.7004826857957305 and parameters: {'bb_period': 10, 'bb_std': 2.0, 'width_period': 20, 'squeeze_pct': 15.0, 'momentum_period': 20, 'hold_bars': 36, 'sl_atr_mult': 3.0, 'atr_period': 10}. Best is trial 31 with value: 2.7884656719032885.
C:\Users\הלל\Desktop\algo projects\trading-research-factory\walk forward engine\.venv\lib\site-packages\optuna\distributions.py:700: UserWarning: The distribution is specified by [10, 20] and step=4, but the range is not divisible by `step`. It will be replaced by [10, 18].
  warnings.warn(
C:\Users\הלל\Desktop\algo projects\trading-research-factory\walk forward engine\.venv\lib\site-packages\optuna\distributions.py:700: UserWarning: The distribution is specified by [10, 20] and step=4, but the range is not divisible by `step`. It will be replaced by [10, 18].
  warnings.warn(
[I 2026-05-31 01:07:43,842] Trial 38 finished with value: 2.7004826857957305 and parameters: {'bb_period': 10, 'bb_std': 2.0, 'width_period': 20, 'squeeze_pct': 15.0, 'momentum_period': 20, 'hold_bars': 36, 'sl_atr_mult': 3.0, 'atr_period': 10}. Best is trial 31 with value: 2.7884656719032885.
[I 2026-05-31 01:07:43,985] Trial 39 finished with value: 3.4623416328251397 and parameters: {'bb_period': 10, 'bb_std': 2.5, 'width_period': 30, 'squeeze_pct': 25.0, 'momentum_period': 30, 'hold_bars': 24, 'sl_atr_mult': 1.5, 'atr_period': 10}. Best is trial 39 with value: 3.4623416328251397.
C:\Users\הלל\Desktop\algo projects\trading-research-factory\walk forward engine\.venv\lib\site-packages\optuna\distributions.py:700: UserWarning: The distribution is specified by [10, 20] and step=4, but the range is not divisible by `step`. It will be replaced by [10, 18].
  warnings.warn(
C:\Users\הלל\Desktop\algo projects\trading-research-factory\walk forward engine\.venv\lib\site-packages\optuna\distributions.py:700: UserWarning: The distribution is specified by [10, 20] and step=4, but the range is not divisible by `step`. It will be replaced by [10, 18].
  warnings.warn(
C:\Users\הלל\Desktop\algo projects\trading-research-factory\walk forward engine\.venv\lib\site-packages\optuna\distributions.py:700: UserWarning: The distribution is specified by [10, 20] and step=4, but the range is not divisible by `step`. It will be replaced by [10, 18].
  warnings.warn(
C:\Users\הלל\Desktop\algo projects\trading-research-factory\walk forward engine\.venv\lib\site-packages\optuna\distributions.py:700: UserWarning: The distribution is specified by [10, 20] and step=4, but the range is not divisible by `step`. It will be replaced by [10, 18].
  warnings.warn(
[I 2026-05-31 01:07:50,257] Trial 40 finished with value: 3.4623416328251397 and parameters: {'bb_period': 10, 'bb_std': 2.5, 'width_period': 30, 'squeeze_pct': 25.0, 'momentum_period': 30, 'hold_bars': 24, 'sl_atr_mult': 1.5, 'atr_period': 10}. Best is trial 39 with value: 3.4623416328251397.
C:\Users\הלל\Desktop\algo projects\trading-research-factory\walk forward engine\.venv\lib\site-packages\optuna\distributions.py:700: UserWarning: The distribution is specified by [10, 20] and step=4, but the range is not divisible by `step`. It will be replaced by [10, 18].
  warnings.warn(
[I 2026-05-31 01:07:50,695] Trial 41 finished with value: 2.7287451924410537 and parameters: {'bb_period': 10, 'bb_std': 2.5, 'width_period': 30, 'squeeze_pct': 25.0, 'momentum_period': 30, 'hold_bars': 36, 'sl_atr_mult': 2.0, 'atr_period': 10}. Best is trial 39 with value: 3.4623416328251397.
[I 2026-05-31 01:07:50,820] Trial 42 finished with value: 2.8599800268910993 and parameters: {'bb_period': 10, 'bb_std': 2.0, 'width_period': 30, 'squeeze_pct': 25.0, 'momentum_period': 30, 'hold_bars': 24, 'sl_atr_mult': 2.0, 'atr_period': 14}. Best is trial 39 with value: 3.4623416328251397.
[I 2026-05-31 01:07:51,151] Trial 44 finished with value: 3.4623416328251397 and parameters: {'bb_period': 10, 'bb_std': 2.5, 'width_period': 30, 'squeeze_pct': 25.0, 'momentum_period': 30, 'hold_bars': 24, 'sl_atr_mult': 1.5, 'atr_period': 10}. Best is trial 39 with value: 3.4623416328251397.
[I 2026-05-31 01:07:51,323] Trial 45 finished with value: 1.0037882949831467 and parameters: {'bb_period': 15, 'bb_std': 2.5, 'width_period': 30, 'squeeze_pct': 25.0, 'momentum_period': 30, 'hold_bars': 24, 'sl_atr_mult': 1.5, 'atr_period': 10}. Best is trial 39 with value: 3.4623416328251397.
[I 2026-05-31 01:07:51,371] Trial 46 finished with value: 1.0037882949831467 and parameters: {'bb_period': 15, 'bb_std': 2.5, 'width_period': 30, 'squeeze_pct': 25.0, 'momentum_period': 30, 'hold_bars': 24, 'sl_atr_mult': 1.5, 'atr_period': 10}. Best is trial 39 with value: 3.4623416328251397.
[I 2026-05-31 01:07:51,498] Trial 43 finished with value: -0.8995863140571707 and parameters: {'bb_period': 15, 'bb_std': 1.5, 'width_period': 20, 'squeeze_pct': 10.0, 'momentum_period': 15, 'hold_bars': 48, 'sl_atr_mult': 2.5, 'atr_period': 14}. Best is trial 39 with value: 3.4623416328251397.
C:\Users\הלל\Desktop\algo projects\trading-research-factory\walk forward engine\.venv\lib\site-packages\optuna\distributions.py:700: UserWarning: The distribution is specified by [10, 20] and step=4, but the range is not divisible by `step`. It will be replaced by [10, 18].
  warnings.warn(
C:\Users\הלל\Desktop\algo projects\trading-research-factory\walk forward engine\.venv\lib\site-packages\optuna\distributions.py:700: UserWarning: The distribution is specified by [10, 20] and step=4, but the range is not divisible by `step`. It will be replaced by [10, 18].
  warnings.warn(
[I 2026-05-31 01:07:51,760] Trial 47 finished with value: 1.4572007528502524 and parameters: {'bb_period': 10, 'bb_std': 2.5, 'width_period': 30, 'squeeze_pct': 20.0, 'momentum_period': 30, 'hold_bars': 12, 'sl_atr_mult': 1.5, 'atr_period': 10}. Best is trial 39 with value: 3.4623416328251397.
C:\Users\הלל\Desktop\algo projects\trading-research-factory\walk forward engine\.venv\lib\site-packages\optuna\distributions.py:700: UserWarning: The distribution is specified by [10, 20] and step=4, but the range is not divisible by `step`. It will be replaced by [10, 18].
  warnings.warn(
C:\Users\הלל\Desktop\algo projects\trading-research-factory\walk forward engine\.venv\lib\site-packages\optuna\distributions.py:700: UserWarning: The distribution is specified by [10, 20] and step=4, but the range is not divisible by `step`. It will be replaced by [10, 18].
  warnings.warn(
C:\Users\הלל\Desktop\algo projects\trading-research-factory\walk forward engine\.venv\lib\site-packages\optuna\distributions.py:700: UserWarning: The distribution is specified by [10, 20] and step=4, but the range is not divisible by `step`. It will be replaced by [10, 18].
  warnings.warn(
C:\Users\הלל\Desktop\algo projects\trading-research-factory\walk forward engine\.venv\lib\site-packages\optuna\distributions.py:700: UserWarning: The distribution is specified by [10, 20] and step=4, but the range is not divisible by `step`. It will be replaced by [10, 18].
  warnings.warn(
C:\Users\הלל\Desktop\algo projects\trading-research-factory\walk forward engine\.venv\lib\site-packages\optuna\distributions.py:700: UserWarning: The distribution is specified by [10, 20] and step=4, but the range is not divisible by `step`. It will be replaced by [10, 18].
  warnings.warn(
[I 2026-05-31 01:07:57,932] Trial 48 finished with value: 3.4623416328251397 and parameters: {'bb_period': 10, 'bb_std': 2.5, 'width_period': 30, 'squeeze_pct': 25.0, 'momentum_period': 30, 'hold_bars': 24, 'sl_atr_mult': 1.5, 'atr_period': 10}. Best is trial 39 with value: 3.4623416328251397.
C:\Users\הלל\Desktop\algo projects\trading-research-factory\walk forward engine\.venv\lib\site-packages\optuna\distributions.py:700: UserWarning: The distribution is specified by [10, 20] and step=4, but the range is not divisible by `step`. It will be replaced by [10, 18].
  warnings.warn(
[I 2026-05-31 01:07:58,334] Trial 51 finished with value: 2.438497973490041 and parameters: {'bb_period': 10, 'bb_std': 2.0, 'width_period': 30, 'squeeze_pct': 25.0, 'momentum_period': 30, 'hold_bars': 12, 'sl_atr_mult': 1.5, 'atr_period': 10}. Best is trial 39 with value: 3.4623416328251397.
[I 2026-05-31 01:07:58,644] Trial 54 finished with value: 1.7799384746725317 and parameters: {'bb_period': 10, 'bb_std': 2.0, 'width_period': 30, 'squeeze_pct': 25.0, 'momentum_period': 30, 'hold_bars': 12, 'sl_atr_mult': 2.0, 'atr_period': 18}. Best is trial 39 with value: 3.4623416328251397.
[I 2026-05-31 01:07:58,709] Trial 49 finished with value: 3.4623416328251397 and parameters: {'bb_period': 10, 'bb_std': 2.5, 'width_period': 30, 'squeeze_pct': 25.0, 'momentum_period': 30, 'hold_bars': 24, 'sl_atr_mult': 1.5, 'atr_period': 10}. Best is trial 39 with value: 3.4623416328251397.
[I 2026-05-31 01:07:58,977] Trial 50 finished with value: 3.4623416328251397 and parameters: {'bb_period': 10, 'bb_std': 2.5, 'width_period': 30, 'squeeze_pct': 25.0, 'momentum_period': 30, 'hold_bars': 24, 'sl_atr_mult': 1.5, 'atr_period': 10}. Best is trial 39 with value: 3.4623416328251397.
[I 2026-05-31 01:07:59,095] Trial 55 finished with value: 0.761877643762425 and parameters: {'bb_period': 15, 'bb_std': 1.5, 'width_period': 30, 'squeeze_pct': 25.0, 'momentum_period': 30, 'hold_bars': 24, 'sl_atr_mult': 1.5, 'atr_period': 18}. Best is trial 39 with value: 3.4623416328251397.
C:\Users\הלל\Desktop\algo projects\trading-research-factory\walk forward engine\.venv\lib\site-packages\optuna\distributions.py:700: UserWarning: The distribution is specified by [10, 20] and step=4, but the range is not divisible by `step`. It will be replaced by [10, 18].
  warnings.warn(
[I 2026-05-31 01:07:59,365] Trial 53 finished with value: 1.4744323735771583 and parameters: {'bb_period': 10, 'bb_std': 2.5, 'width_period': 30, 'squeeze_pct': 20.0, 'momentum_period': 30, 'hold_bars': 12, 'sl_atr_mult': 1.5, 'atr_period': 14}. Best is trial 39 with value: 3.4623416328251397.
C:\Users\הלל\Desktop\algo projects\trading-research-factory\walk forward engine\.venv\lib\site-packages\optuna\distributions.py:700: UserWarning: The distribution is specified by [10, 20] and step=4, but the range is not divisible by `step`. It will be replaced by [10, 18].
  warnings.warn(
C:\Users\הלל\Desktop\algo projects\trading-research-factory\walk forward engine\.venv\lib\site-packages\optuna\distributions.py:700: UserWarning: The distribution is specified by [10, 20] and step=4, but the range is not divisible by `step`. It will be replaced by [10, 18].
  warnings.warn(
[I 2026-05-31 01:07:59,659] Trial 52 finished with value: 2.1538328159359263 and parameters: {'bb_period': 10, 'bb_std': 2.0, 'width_period': 20, 'squeeze_pct': 25.0, 'momentum_period': 25, 'hold_bars': 24, 'sl_atr_mult': 2.0, 'atr_period': 14}. Best is trial 39 with value: 3.4623416328251397.
C:\Users\הלל\Desktop\algo projects\trading-research-factory\walk forward engine\.venv\lib\site-packages\optuna\distributions.py:700: UserWarning: The distribution is specified by [10, 20] and step=4, but the range is not divisible by `step`. It will be replaced by [10, 18].
  warnings.warn(
C:\Users\הלל\Desktop\algo projects\trading-research-factory\walk forward engine\.venv\lib\site-packages\optuna\distributions.py:700: UserWarning: The distribution is specified by [10, 20] and step=4, but the range is not divisible by `step`. It will be replaced by [10, 18].
  warnings.warn(
C:\Users\הלל\Desktop\algo projects\trading-research-factory\walk forward engine\.venv\lib\site-packages\optuna\distributions.py:700: UserWarning: The distribution is specified by [10, 20] and step=4, but the range is not divisible by `step`. It will be replaced by [10, 18].
  warnings.warn(
C:\Users\הלל\Desktop\algo projects\trading-research-factory\walk forward engine\.venv\lib\site-packages\optuna\distributions.py:700: UserWarning: The distribution is specified by [10, 20] and step=4, but the range is not divisible by `step`. It will be replaced by [10, 18].
  warnings.warn(
