[I 2026-05-29 01:16:17,652] Trial 3 finished with value: -0.8151749133408231 and parameters: {'fast_sma_period': 11, 'slow_sma_period': 21, 'stop_loss_atr_multiplier': 2.0, 'atr_period': 14}. Best is trial 1 with value: -0.8151749133408231.
C:\Users\הלל\Desktop\algo projects\trading-research-factory\walk forward engine\.venv\lib\site-packages\optuna\distributions.py:700: UserWarning: The distribution is specified by [15, 34] and step=6, but the range is not divisible by `step`. It will be replaced by [15, 33].
  warnings.warn(
C:\Users\הלל\Desktop\algo projects\trading-research-factory\walk forward engine\.venv\lib\site-packages\optuna\distributions.py:700: UserWarning: The distribution is specified by [10, 20] and step=4, but the range is not divisible by `step`. It will be replaced by [10, 18].
  warnings.warn(
[I 2026-05-29 01:16:17,657] Trial 4 finished with value: -0.8151749133408231 and parameters: {'fast_sma_period': 5, 'slow_sma_period': 27, 'stop_loss_atr_multiplier': 2.0, 'atr_period': 14}. Best is trial 1 with value: -0.8151749133408231.
[I 2026-05-29 01:16:17,841] Trial 0 finished with value: -0.8151749133408231 and parameters: {'fast_sma_period': 8, 'slow_sma_period': 15, 'stop_loss_atr_multiplier': 2.0, 'atr_period': 18}. Best is trial 1 with value: -0.8151749133408231.
[I 2026-05-29 01:16:17,910] Trial 7 finished with value: -0.8151749133408231 and parameters: {'fast_sma_period': 5, 'slow_sma_period': 15, 'stop_loss_atr_multiplier': 2.5, 'atr_period': 18}. Best is trial 1 with value: -0.8151749133408231.
[I 2026-05-29 01:16:17,911] Trial 6 finished with value: -0.8151749133408231 and parameters: {'fast_sma_period': 11, 'slow_sma_period': 27, 'stop_loss_atr_multiplier': 1.0, 'atr_period': 14}. Best is trial 1 with value: -0.8151749133408231.
[I 2026-05-29 01:16:17,928] Trial 2 finished with value: -0.8151749133408231 and parameters: {'fast_sma_period': 5, 'slow_sma_period': 27, 'stop_loss_atr_multiplier': 2.5, 'atr_period': 14}. Best is trial 1 with value: -0.8151749133408231.
C:\Users\הלל\Desktop\algo projects\trading-research-factory\walk forward engine\.venv\lib\site-packages\optuna\distributions.py:700: UserWarning: The distribution is specified by [15, 34] and step=6, but the range is not divisible by `step`. It will be replaced by [15, 33].
  warnings.warn(
C:\Users\הלל\Desktop\algo projects\trading-research-factory\walk forward engine\.venv\lib\site-packages\optuna\distributions.py:700: UserWarning: The distribution is specified by [10, 20] and step=4, but the range is not divisible by `step`. It will be replaced by [10, 18].
  warnings.warn(
C:\Users\הלל\Desktop\algo projects\trading-research-factory\walk forward engine\.venv\lib\site-packages\optuna\distributions.py:700: UserWarning: The distribution is specified by [5, 12] and step=3, but the range is not divisible by `step`. It will be replaced by [5, 11].
  warnings.warn(
[I 2026-05-29 01:16:17,936] Trial 5 finished with value: -0.8151749133408231 and parameters: {'fast_sma_period': 5, 'slow_sma_period': 15, 'stop_loss_atr_multiplier': 1.5, 'atr_period': 18}. Best is trial 1 with value: -0.8151749133408231.
C:\Users\הלל\Desktop\algo projects\trading-research-factory\walk forward engine\.venv\lib\site-packages\optuna\distributions.py:700: UserWarning: The distribution is specified by [5, 12] and step=3, but the range is not divisible by `step`. It will be replaced by [5, 11].
  warnings.warn(
C:\Users\הלל\Desktop\algo projects\trading-research-factory\walk forward engine\.venv\lib\site-packages\optuna\distributions.py:700: UserWarning: The distribution is specified by [15, 34] and step=6, but the range is not divisible by `step`. It will be replaced by [15, 33].
  warnings.warn(
C:\Users\הלל\Desktop\algo projects\trading-research-factory\walk forward engine\.venv\lib\site-packages\optuna\distributions.py:700: UserWarning: The distribution is specified by [5, 12] and step=3, but the range is not divisible by `step`. It will be replaced by [5, 11].
  warnings.warn(
C:\Users\הלל\Desktop\algo projects\trading-research-factory\walk forward engine\.venv\lib\site-packages\optuna\distributions.py:700: UserWarning: The distribution is specified by [10, 20] and step=4, but the range is not divisible by `step`. It will be replaced by [10, 18].
  warnings.warn(
C:\Users\הלל\Desktop\algo projects\trading-research-factory\walk forward engine\.venv\lib\site-packages\optuna\distributions.py:700: UserWarning: The distribution is specified by [10, 20] and step=4, but the range is not divisible by `step`. It will be replaced by [10, 18].
  warnings.warn(
C:\Users\הלל\Desktop\algo projects\trading-research-factory\walk forward engine\.venv\lib\site-packages\optuna\distributions.py:700: UserWarning: The distribution is specified by [15, 34] and step=6, but the range is not divisible by `step`. It will be replaced by [15, 33].
  warnings.warn(
C:\Users\הלל\Desktop\algo projects\trading-research-factory\walk forward engine\.venv\lib\site-packages\optuna\distributions.py:700: UserWarning: The distribution is specified by [10, 20] and step=4, but the range is not divisible by `step`. It will be replaced by [10, 18].
  warnings.warn(
[I 2026-05-29 01:16:19,039] Trial 8 finished with value: -0.8151749133408231 and parameters: {'fast_sma_period': 8, 'slow_sma_period': 33, 'stop_loss_atr_multiplier': 1.0, 'atr_period': 10}. Best is trial 1 with value: -0.8151749133408231.
C:\Users\הלל\Desktop\algo projects\trading-research-factory\walk forward engine\.venv\lib\site-packages\optuna\distributions.py:700: UserWarning: The distribution is specified by [5, 12] and step=3, but the range is not divisible by `step`. It will be replaced by [5, 11].
  warnings.warn(
C:\Users\הלל\Desktop\algo projects\trading-research-factory\walk forward engine\.venv\lib\site-packages\optuna\distributions.py:700: UserWarning: The distribution is specified by [15, 34] and step=6, but the range is not divisible by `step`. It will be replaced by [15, 33].
  warnings.warn(
C:\Users\הלל\Desktop\algo projects\trading-research-factory\walk forward engine\.venv\lib\site-packages\optuna\distributions.py:700: UserWarning: The distribution is specified by [10, 20] and step=4, but the range is not divisible by `step`. It will be replaced by [10, 18].
  warnings.warn(
[I 2026-05-29 01:16:19,177] Trial 10 finished with value: -0.8151749133408231 and parameters: {'fast_sma_period': 11, 'slow_sma_period': 27, 'stop_loss_atr_multiplier': 2.5, 'atr_period': 10}. Best is trial 1 with value: -0.8151749133408231.
C:\Users\הלל\Desktop\algo projects\trading-research-factory\walk forward engine\.venv\lib\site-packages\optuna\distributions.py:700: UserWarning: The distribution is specified by [5, 12] and step=3, but the range is not divisible by `step`. It will be replaced by [5, 11].
  warnings.warn(
[I 2026-05-29 01:16:19,327] Trial 9 finished with value: -0.8151749133408231 and parameters: {'fast_sma_period': 11, 'slow_sma_period': 21, 'stop_loss_atr_multiplier': 2.5, 'atr_period': 18}. Best is trial 1 with value: -0.8151749133408231.
C:\Users\הלל\Desktop\algo projects\trading-research-factory\walk forward engine\.venv\lib\site-packages\optuna\distributions.py:700: UserWarning: The distribution is specified by [15, 34] and step=6, but the range is not divisible by `step`. It will be replaced by [15, 33].
  warnings.warn(
C:\Users\הלל\Desktop\algo projects\trading-research-factory\walk forward engine\.venv\lib\site-packages\optuna\distributions.py:700: UserWarning: The distribution is specified by [10, 20] and step=4, but the range is not divisible by `step`. It will be replaced by [10, 18].
  warnings.warn(
[I 2026-05-29 01:16:19,397] Trial 13 finished with value: -0.8151749133408231 and parameters: {'fast_sma_period': 8, 'slow_sma_period': 21, 'stop_loss_atr_multiplier': 2.5, 'atr_period': 10}. Best is trial 1 with value: -0.8151749133408231.
C:\Users\הלל\Desktop\algo projects\trading-research-factory\walk forward engine\.venv\lib\site-packages\optuna\distributions.py:700: UserWarning: The distribution is specified by [5, 12] and step=3, but the range is not divisible by `step`. It will be replaced by [5, 11].
  warnings.warn(
[I 2026-05-29 01:16:19,518] Trial 12 finished with value: -0.8151749133408231 and parameters: {'fast_sma_period': 5, 'slow_sma_period': 21, 'stop_loss_atr_multiplier': 1.5, 'atr_period': 14}. Best is trial 1 with value: -0.8151749133408231.
[I 2026-05-29 01:16:19,520] Trial 15 finished with value: -0.8151749133408231 and parameters: {'fast_sma_period': 5, 'slow_sma_period': 27, 'stop_loss_atr_multiplier': 2.5, 'atr_period': 14}. Best is trial 1 with value: -0.8151749133408231.
C:\Users\הלל\Desktop\algo projects\trading-research-factory\walk forward engine\.venv\lib\site-packages\optuna\distributions.py:700: UserWarning: The distribution is specified by [15, 34] and step=6, but the range is not divisible by `step`. It will be replaced by [15, 33].
  warnings.warn(
[I 2026-05-29 01:16:19,608] Trial 11 finished with value: -0.8151749133408231 and parameters: {'fast_sma_period': 8, 'slow_sma_period': 15, 'stop_loss_atr_multiplier': 1.0, 'atr_period': 10}. Best is trial 1 with value: -0.8151749133408231.
C:\Users\הלל\Desktop\algo projects\trading-research-factory\walk forward engine\.venv\lib\site-packages\optuna\distributions.py:700: UserWarning: The distribution is specified by [10, 20] and step=4, but the range is not divisible by `step`. It will be replaced by [10, 18].
  warnings.warn(
C:\Users\הלל\Desktop\algo projects\trading-research-factory\walk forward engine\.venv\lib\site-packages\optuna\distributions.py:700: UserWarning: The distribution is specified by [5, 12] and step=3, but the range is not divisible by `step`. It will be replaced by [5, 11].
  warnings.warn(
[I 2026-05-29 01:16:19,665] Trial 14 finished with value: -0.8151749133408231 and parameters: {'fast_sma_period': 5, 'slow_sma_period': 33, 'stop_loss_atr_multiplier': 1.0, 'atr_period': 10}. Best is trial 1 with value: -0.8151749133408231.
C:\Users\הלל\Desktop\algo projects\trading-research-factory\walk forward engine\.venv\lib\site-packages\optuna\distributions.py:700: UserWarning: The distribution is specified by [5, 12] and step=3, but the range is not divisible by `step`. It will be replaced by [5, 11].
  warnings.warn(
C:\Users\הלל\Desktop\algo projects\trading-research-factory\walk forward engine\.venv\lib\site-packages\optuna\distributions.py:700: UserWarning: The distribution is specified by [15, 34] and step=6, but the range is not divisible by `step`. It will be replaced by [15, 33].
  warnings.warn(
C:\Users\הלל\Desktop\algo projects\trading-research-factory\walk forward engine\.venv\lib\site-packages\optuna\distributions.py:700: UserWarning: The distribution is specified by [10, 20] and step=4, but the range is not divisible by `step`. It will be replaced by [10, 18].
  warnings.warn(
C:\Users\הלל\Desktop\algo projects\trading-research-factory\walk forward engine\.venv\lib\site-packages\optuna\distributions.py:700: UserWarning: The distribution is specified by [15, 34] and step=6, but the range is not divisible by `step`. It will be replaced by [15, 33].
  warnings.warn(
C:\Users\הלל\Desktop\algo projects\trading-research-factory\walk forward engine\.venv\lib\site-packages\optuna\distributions.py:700: UserWarning: The distribution is specified by [10, 20] and step=4, but the range is not divisible by `step`. It will be replaced by [10, 18].
  warnings.warn(
[I 2026-05-29 01:16:20,552] Trial 16 finished with value: -0.8151749133408231 and parameters: {'fast_sma_period': 5, 'slow_sma_period': 15, 'stop_loss_atr_multiplier': 1.0, 'atr_period': 14}. Best is trial 1 with value: -0.8151749133408231.
C:\Users\הלל\Desktop\algo projects\trading-research-factory\walk forward engine\.venv\lib\site-packages\optuna\distributions.py:700: UserWarning: The distribution is specified by [5, 12] and step=3, but the range is not divisible by `step`. It will be replaced by [5, 11].
  warnings.warn(
C:\Users\הלל\Desktop\algo projects\trading-research-factory\walk forward engine\.venv\lib\site-packages\optuna\distributions.py:700: UserWarning: The distribution is specified by [15, 34] and step=6, but the range is not divisible by `step`. It will be replaced by [15, 33].
  warnings.warn(
C:\Users\הלל\Desktop\algo projects\trading-research-factory\walk forward engine\.venv\lib\site-packages\optuna\distributions.py:700: UserWarning: The distribution is specified by [10, 20] and step=4, but the range is not divisible by `step`. It will be replaced by [10, 18].
  warnings.warn(
[I 2026-05-29 01:16:21,008] Trial 17 finished with value: -0.8151749133408231 and parameters: {'fast_sma_period': 8, 'slow_sma_period': 15, 'stop_loss_atr_multiplier': 1.0, 'atr_period': 10}. Best is trial 1 with value: -0.8151749133408231.
C:\Users\הלל\Desktop\algo projects\trading-research-factory\walk forward engine\.venv\lib\site-packages\optuna\distributions.py:700: UserWarning: The distribution is specified by [5, 12] and step=3, but the range is not divisible by `step`. It will be replaced by [5, 11].
  warnings.warn(
[I 2026-05-29 01:16:21,156] Trial 19 finished with value: -0.8151749133408231 and parameters: {'fast_sma_period': 11, 'slow_sma_period': 15, 'stop_loss_atr_multiplier': 1.5, 'atr_period': 18}. Best is trial 1 with value: -0.8151749133408231.
C:\Users\הלל\Desktop\algo projects\trading-research-factory\walk forward engine\.venv\lib\site-packages\optuna\distributions.py:700: UserWarning: The distribution is specified by [15, 34] and step=6, but the range is not divisible by `step`. It will be replaced by [15, 33].
  warnings.warn(
C:\Users\הלל\Desktop\algo projects\trading-research-factory\walk forward engine\.venv\lib\site-packages\optuna\distributions.py:700: UserWarning: The distribution is specified by [10, 20] and step=4, but the range is not divisible by `step`. It will be replaced by [10, 18].
  warnings.warn(
C:\Users\הלל\Desktop\algo projects\trading-research-factory\walk forward engine\.venv\lib\site-packages\optuna\distributions.py:700: UserWarning: The distribution is specified by [5, 12] and step=3, but the range is not divisible by `step`. It will be replaced by [5, 11].
  warnings.warn(
[I 2026-05-29 01:16:21,300] Trial 18 finished with value: -0.8151749133408231 and parameters: {'fast_sma_period': 8, 'slow_sma_period': 27, 'stop_loss_atr_multiplier': 1.5, 'atr_period': 18}. Best is trial 1 with value: -0.8151749133408231.
C:\Users\הלל\Desktop\algo projects\trading-research-factory\walk forward engine\.venv\lib\site-packages\optuna\distributions.py:700: UserWarning: The distribution is specified by [15, 34] and step=6, but the range is not divisible by `step`. It will be replaced by [15, 33].
  warnings.warn(
C:\Users\הלל\Desktop\algo projects\trading-research-factory\walk forward engine\.venv\lib\site-packages\optuna\distributions.py:700: UserWarning: The distribution is specified by [10, 20] and step=4, but the range is not divisible by `step`. It will be replaced by [10, 18].
  warnings.warn(
[I 2026-05-29 01:16:21,480] Trial 20 finished with value: -0.8151749133408231 and parameters: {'fast_sma_period': 8, 'slow_sma_period': 33, 'stop_loss_atr_multiplier': 1.5, 'atr_period': 18}. Best is trial 1 with value: -0.8151749133408231.
C:\Users\הלל\Desktop\algo projects\trading-research-factory\walk forward engine\.venv\lib\site-packages\optuna\distributions.py:700: UserWarning: The distribution is specified by [5, 12] and step=3, but the range is not divisible by `step`. It will be replaced by [5, 11].
  warnings.warn(
[I 2026-05-29 01:16:21,736] Trial 22 finished with value: -0.8151749133408231 and parameters: {'fast_sma_period': 11, 'slow_sma_period': 15, 'stop_loss_atr_multiplier': 1.0, 'atr_period': 18}. Best is trial 1 with value: -0.8151749133408231.
C:\Users\הלל\Desktop\algo projects\trading-research-factory\walk forward engine\.venv\lib\site-packages\optuna\distributions.py:700: UserWarning: The distribution is specified by [15, 34] and step=6, but the range is not divisible by `step`. It will be replaced by [15, 33].
  warnings.warn(
C:\Users\הלל\Desktop\algo projects\trading-research-factory\walk forward engine\.venv\lib\site-packages\optuna\distributions.py:700: UserWarning: The distribution is specified by [10, 20] and step=4, but the range is not divisible by `step`. It will be replaced by [10, 18].
  warnings.warn(
C:\Users\הלל\Desktop\algo projects\trading-research-factory\walk forward engine\.venv\lib\site-packages\optuna\distributions.py:700: UserWarning: The distribution is specified by [5, 12] and step=3, but the range is not divisible by `step`. It will be replaced by [5, 11].
  warnings.warn(
[I 2026-05-29 01:16:21,825] Trial 21 finished with value: -0.8151749133408231 and parameters: {'fast_sma_period': 11, 'slow_sma_period': 15, 'stop_loss_atr_multiplier': 1.5, 'atr_period': 18}. Best is trial 1 with value: -0.8151749133408231.
[I 2026-05-29 01:16:21,827] Trial 23 finished with value: -0.8151749133408231 and parameters: {'fast_sma_period': 11, 'slow_sma_period': 15, 'stop_loss_atr_multiplier': 1.0, 'atr_period': 18}. Best is trial 1 with value: -0.8151749133408231.
C:\Users\הלל\Desktop\algo projects\trading-research-factory\walk forward engine\.venv\lib\site-packages\optuna\distributions.py:700: UserWarning: The distribution is specified by [15, 34] and step=6, but the range is not divisible by `step`. It will be replaced by [15, 33].
  warnings.warn(
C:\Users\הלל\Desktop\algo projects\trading-research-factory\walk forward engine\.venv\lib\site-packages\optuna\distributions.py:700: UserWarning: The distribution is specified by [10, 20] and step=4, but the range is not divisible by `step`. It will be replaced by [10, 18].
  warnings.warn(
C:\Users\הלל\Desktop\algo projects\trading-research-factory\walk forward engine\.venv\lib\site-packages\optuna\distributions.py:700: UserWarning: The distribution is specified by [15, 34] and step=6, but the range is not divisible by `step`. It will be replaced by [15, 33].
  warnings.warn(
C:\Users\הלל\Desktop\algo projects\trading-research-factory\walk forward engine\.venv\lib\site-packages\optuna\distributions.py:700: UserWarning: The distribution is specified by [10, 20] and step=4, but the range is not divisible by `step`. It will be replaced by [10, 18].
  warnings.warn(
C:\Users\הלל\Desktop\algo projects\trading-research-factory\walk forward engine\.venv\lib\site-packages\optuna\distributions.py:700: UserWarning: The distribution is specified by [15, 34] and step=6, but the range is not divisible by `step`. It will be replaced by [15, 33].
  warnings.warn(
C:\Users\הלל\Desktop\algo projects\trading-research-factory\walk forward engine\.venv\lib\site-packages\optuna\distributions.py:700: UserWarning: The distribution is specified by [10, 20] and step=4, but the range is not divisible by `step`. It will be replaced by [10, 18].
  warnings.warn(
[I 2026-05-29 01:16:22,511] Trial 24 finished with value: -0.8151749133408231 and parameters: {'fast_sma_period': 11, 'slow_sma_period': 15, 'stop_loss_atr_multiplier': 1.0, 'atr_period': 18}. Best is trial 1 with value: -0.8151749133408231.
C:\Users\הלל\Desktop\algo projects\trading-research-factory\walk forward engine\.venv\lib\site-packages\optuna\distributions.py:700: UserWarning: The distribution is specified by [5, 12] and step=3, but the range is not divisible by `step`. It will be replaced by [5, 11].
  warnings.warn(
[I 2026-05-29 01:16:22,866] Trial 25 finished with value: -0.8151749133408231 and parameters: {'fast_sma_period': 11, 'slow_sma_period': 15, 'stop_loss_atr_multiplier': 1.5, 'atr_period': 18}. Best is trial 1 with value: -0.8151749133408231.
C:\Users\הלל\Desktop\algo projects\trading-research-factory\walk forward engine\.venv\lib\site-packages\optuna\distributions.py:700: UserWarning: The distribution is specified by [5, 12] and step=3, but the range is not divisible by `step`. It will be replaced by [5, 11].
  warnings.warn(
[I 2026-05-29 01:16:23,197] Trial 26 finished with value: -0.8151749133408231 and parameters: {'fast_sma_period': 8, 'slow_sma_period': 21, 'stop_loss_atr_multiplier': 1.0, 'atr_period': 18}. Best is trial 1 with value: -0.8151749133408231.
C:\Users\הלל\Desktop\algo projects\trading-research-factory\walk forward engine\.venv\lib\site-packages\optuna\distributions.py:700: UserWarning: The distribution is specified by [15, 34] and step=6, but the range is not divisible by `step`. It will be replaced by [15, 33].
  warnings.warn(
C:\Users\הלל\Desktop\algo projects\trading-research-factory\walk forward engine\.venv\lib\site-packages\optuna\distributions.py:700: UserWarning: The distribution is specified by [10, 20] and step=4, but the range is not divisible by `step`. It will be replaced by [10, 18].
  warnings.warn(
[I 2026-05-29 01:16:23,341] Trial 27 finished with value: -0.8151749133408231 and parameters: {'fast_sma_period': 8, 'slow_sma_period': 15, 'stop_loss_atr_multiplier': 2.0, 'atr_period': 18}. Best is trial 1 with value: -0.8151749133408231.
C:\Users\הלל\Desktop\algo projects\trading-research-factory\walk forward engine\.venv\lib\site-packages\optuna\distributions.py:700: UserWarning: The distribution is specified by [5, 12] and step=3, but the range is not divisible by `step`. It will be replaced by [5, 11].
  warnings.warn(
C:\Users\הלל\Desktop\algo projects\trading-research-factory\walk forward engine\.venv\lib\site-packages\optuna\distributions.py:700: UserWarning: The distribution is specified by [5, 12] and step=3, but the range is not divisible by `step`. It will be replaced by [5, 11].
  warnings.warn(
