[I 2026-05-29 01:16:54,771] Trial 0 finished with value: -0.5529109074549924 and parameters: {'fast_sma_period': 8, 'slow_sma_period': 33, 'stop_loss_atr_multiplier': 1.5, 'atr_period': 10}. Best is trial 1 with value: -0.5529109074549924.
C:\Users\הלל\Desktop\algo projects\trading-research-factory\walk forward engine\.venv\lib\site-packages\optuna\distributions.py:700: UserWarning: The distribution is specified by [5, 12] and step=3, but the range is not divisible by `step`. It will be replaced by [5, 11].
  warnings.warn(
[I 2026-05-29 01:16:54,826] Trial 2 finished with value: -0.5529109074549924 and parameters: {'fast_sma_period': 11, 'slow_sma_period': 21, 'stop_loss_atr_multiplier': 2.0, 'atr_period': 10}. Best is trial 1 with value: -0.5529109074549924.
C:\Users\הלל\Desktop\algo projects\trading-research-factory\walk forward engine\.venv\lib\site-packages\optuna\distributions.py:700: UserWarning: The distribution is specified by [15, 34] and step=6, but the range is not divisible by `step`. It will be replaced by [15, 33].
  warnings.warn(
C:\Users\הלל\Desktop\algo projects\trading-research-factory\walk forward engine\.venv\lib\site-packages\optuna\distributions.py:700: UserWarning: The distribution is specified by [10, 20] and step=4, but the range is not divisible by `step`. It will be replaced by [10, 18].
  warnings.warn(
C:\Users\הלל\Desktop\algo projects\trading-research-factory\walk forward engine\.venv\lib\site-packages\optuna\distributions.py:700: UserWarning: The distribution is specified by [5, 12] and step=3, but the range is not divisible by `step`. It will be replaced by [5, 11].
  warnings.warn(
C:\Users\הלל\Desktop\algo projects\trading-research-factory\walk forward engine\.venv\lib\site-packages\optuna\distributions.py:700: UserWarning: The distribution is specified by [15, 34] and step=6, but the range is not divisible by `step`. It will be replaced by [15, 33].
  warnings.warn(
C:\Users\הלל\Desktop\algo projects\trading-research-factory\walk forward engine\.venv\lib\site-packages\optuna\distributions.py:700: UserWarning: The distribution is specified by [10, 20] and step=4, but the range is not divisible by `step`. It will be replaced by [10, 18].
  warnings.warn(
[I 2026-05-29 01:16:55,004] Trial 5 finished with value: -0.5529109074549924 and parameters: {'fast_sma_period': 5, 'slow_sma_period': 33, 'stop_loss_atr_multiplier': 2.5, 'atr_period': 10}. Best is trial 1 with value: -0.5529109074549924.
[I 2026-05-29 01:16:55,035] Trial 3 finished with value: -0.5529109074549924 and parameters: {'fast_sma_period': 11, 'slow_sma_period': 27, 'stop_loss_atr_multiplier': 1.5, 'atr_period': 10}. Best is trial 1 with value: -0.5529109074549924.
C:\Users\הלל\Desktop\algo projects\trading-research-factory\walk forward engine\.venv\lib\site-packages\optuna\distributions.py:700: UserWarning: The distribution is specified by [5, 12] and step=3, but the range is not divisible by `step`. It will be replaced by [5, 11].
  warnings.warn(
C:\Users\הלל\Desktop\algo projects\trading-research-factory\walk forward engine\.venv\lib\site-packages\optuna\distributions.py:700: UserWarning: The distribution is specified by [15, 34] and step=6, but the range is not divisible by `step`. It will be replaced by [15, 33].
  warnings.warn(
C:\Users\הלל\Desktop\algo projects\trading-research-factory\walk forward engine\.venv\lib\site-packages\optuna\distributions.py:700: UserWarning: The distribution is specified by [10, 20] and step=4, but the range is not divisible by `step`. It will be replaced by [10, 18].
  warnings.warn(
[I 2026-05-29 01:16:55,109] Trial 7 finished with value: -0.5529109074549924 and parameters: {'fast_sma_period': 5, 'slow_sma_period': 27, 'stop_loss_atr_multiplier': 1.0, 'atr_period': 18}. Best is trial 1 with value: -0.5529109074549924.
[I 2026-05-29 01:16:55,128] Trial 6 finished with value: -0.5529109074549924 and parameters: {'fast_sma_period': 5, 'slow_sma_period': 27, 'stop_loss_atr_multiplier': 1.5, 'atr_period': 10}. Best is trial 1 with value: -0.5529109074549924.
C:\Users\הלל\Desktop\algo projects\trading-research-factory\walk forward engine\.venv\lib\site-packages\optuna\distributions.py:700: UserWarning: The distribution is specified by [5, 12] and step=3, but the range is not divisible by `step`. It will be replaced by [5, 11].
  warnings.warn(
C:\Users\הלל\Desktop\algo projects\trading-research-factory\walk forward engine\.venv\lib\site-packages\optuna\distributions.py:700: UserWarning: The distribution is specified by [15, 34] and step=6, but the range is not divisible by `step`. It will be replaced by [15, 33].
  warnings.warn(
C:\Users\הלל\Desktop\algo projects\trading-research-factory\walk forward engine\.venv\lib\site-packages\optuna\distributions.py:700: UserWarning: The distribution is specified by [10, 20] and step=4, but the range is not divisible by `step`. It will be replaced by [10, 18].
  warnings.warn(
[I 2026-05-29 01:16:55,138] Trial 4 finished with value: -0.5529109074549924 and parameters: {'fast_sma_period': 5, 'slow_sma_period': 21, 'stop_loss_atr_multiplier': 2.0, 'atr_period': 14}. Best is trial 1 with value: -0.5529109074549924.
C:\Users\הלל\Desktop\algo projects\trading-research-factory\walk forward engine\.venv\lib\site-packages\optuna\distributions.py:700: UserWarning: The distribution is specified by [5, 12] and step=3, but the range is not divisible by `step`. It will be replaced by [5, 11].
  warnings.warn(
C:\Users\הלל\Desktop\algo projects\trading-research-factory\walk forward engine\.venv\lib\site-packages\optuna\distributions.py:700: UserWarning: The distribution is specified by [15, 34] and step=6, but the range is not divisible by `step`. It will be replaced by [15, 33].
  warnings.warn(
C:\Users\הלל\Desktop\algo projects\trading-research-factory\walk forward engine\.venv\lib\site-packages\optuna\distributions.py:700: UserWarning: The distribution is specified by [10, 20] and step=4, but the range is not divisible by `step`. It will be replaced by [10, 18].
  warnings.warn(
[I 2026-05-29 01:16:56,087] Trial 12 finished with value: -0.5529109074549924 and parameters: {'fast_sma_period': 11, 'slow_sma_period': 21, 'stop_loss_atr_multiplier': 1.0, 'atr_period': 18}. Best is trial 1 with value: -0.5529109074549924.
C:\Users\הלל\Desktop\algo projects\trading-research-factory\walk forward engine\.venv\lib\site-packages\optuna\distributions.py:700: UserWarning: The distribution is specified by [5, 12] and step=3, but the range is not divisible by `step`. It will be replaced by [5, 11].
  warnings.warn(
[I 2026-05-29 01:16:56,176] Trial 9 finished with value: -0.5529109074549924 and parameters: {'fast_sma_period': 5, 'slow_sma_period': 27, 'stop_loss_atr_multiplier': 1.0, 'atr_period': 14}. Best is trial 1 with value: -0.5529109074549924.
[I 2026-05-29 01:16:56,177] Trial 8 finished with value: -0.5529109074549924 and parameters: {'fast_sma_period': 11, 'slow_sma_period': 15, 'stop_loss_atr_multiplier': 2.5, 'atr_period': 10}. Best is trial 1 with value: -0.5529109074549924.
[I 2026-05-29 01:16:56,216] Trial 10 finished with value: -0.5529109074549924 and parameters: {'fast_sma_period': 11, 'slow_sma_period': 33, 'stop_loss_atr_multiplier': 1.5, 'atr_period': 18}. Best is trial 1 with value: -0.5529109074549924.
C:\Users\הלל\Desktop\algo projects\trading-research-factory\walk forward engine\.venv\lib\site-packages\optuna\distributions.py:700: UserWarning: The distribution is specified by [15, 34] and step=6, but the range is not divisible by `step`. It will be replaced by [15, 33].
  warnings.warn(
C:\Users\הלל\Desktop\algo projects\trading-research-factory\walk forward engine\.venv\lib\site-packages\optuna\distributions.py:700: UserWarning: The distribution is specified by [10, 20] and step=4, but the range is not divisible by `step`. It will be replaced by [10, 18].
  warnings.warn(
C:\Users\הלל\Desktop\algo projects\trading-research-factory\walk forward engine\.venv\lib\site-packages\optuna\distributions.py:700: UserWarning: The distribution is specified by [5, 12] and step=3, but the range is not divisible by `step`. It will be replaced by [5, 11].
  warnings.warn(
[I 2026-05-29 01:16:56,325] Trial 11 finished with value: -0.5529109074549924 and parameters: {'fast_sma_period': 5, 'slow_sma_period': 15, 'stop_loss_atr_multiplier': 2.0, 'atr_period': 10}. Best is trial 1 with value: -0.5529109074549924.
C:\Users\הלל\Desktop\algo projects\trading-research-factory\walk forward engine\.venv\lib\site-packages\optuna\distributions.py:700: UserWarning: The distribution is specified by [15, 34] and step=6, but the range is not divisible by `step`. It will be replaced by [15, 33].
  warnings.warn(
C:\Users\הלל\Desktop\algo projects\trading-research-factory\walk forward engine\.venv\lib\site-packages\optuna\distributions.py:700: UserWarning: The distribution is specified by [10, 20] and step=4, but the range is not divisible by `step`. It will be replaced by [10, 18].
  warnings.warn(
C:\Users\הלל\Desktop\algo projects\trading-research-factory\walk forward engine\.venv\lib\site-packages\optuna\distributions.py:700: UserWarning: The distribution is specified by [5, 12] and step=3, but the range is not divisible by `step`. It will be replaced by [5, 11].
  warnings.warn(
C:\Users\הלל\Desktop\algo projects\trading-research-factory\walk forward engine\.venv\lib\site-packages\optuna\distributions.py:700: UserWarning: The distribution is specified by [15, 34] and step=6, but the range is not divisible by `step`. It will be replaced by [15, 33].
  warnings.warn(
C:\Users\הלל\Desktop\algo projects\trading-research-factory\walk forward engine\.venv\lib\site-packages\optuna\distributions.py:700: UserWarning: The distribution is specified by [10, 20] and step=4, but the range is not divisible by `step`. It will be replaced by [10, 18].
  warnings.warn(
C:\Users\הלל\Desktop\algo projects\trading-research-factory\walk forward engine\.venv\lib\site-packages\optuna\distributions.py:700: UserWarning: The distribution is specified by [15, 34] and step=6, but the range is not divisible by `step`. It will be replaced by [15, 33].
  warnings.warn(
C:\Users\הלל\Desktop\algo projects\trading-research-factory\walk forward engine\.venv\lib\site-packages\optuna\distributions.py:700: UserWarning: The distribution is specified by [10, 20] and step=4, but the range is not divisible by `step`. It will be replaced by [10, 18].
  warnings.warn(
[I 2026-05-29 01:16:56,736] Trial 14 finished with value: -0.5529109074549924 and parameters: {'fast_sma_period': 11, 'slow_sma_period': 21, 'stop_loss_atr_multiplier': 1.0, 'atr_period': 18}. Best is trial 1 with value: -0.5529109074549924.
[I 2026-05-29 01:16:56,788] Trial 13 finished with value: -0.5529109074549924 and parameters: {'fast_sma_period': 8, 'slow_sma_period': 21, 'stop_loss_atr_multiplier': 2.5, 'atr_period': 18}. Best is trial 1 with value: -0.5529109074549924.
C:\Users\הלל\Desktop\algo projects\trading-research-factory\walk forward engine\.venv\lib\site-packages\optuna\distributions.py:700: UserWarning: The distribution is specified by [5, 12] and step=3, but the range is not divisible by `step`. It will be replaced by [5, 11].
  warnings.warn(
[I 2026-05-29 01:16:56,793] Trial 15 finished with value: -0.5529109074549924 and parameters: {'fast_sma_period': 8, 'slow_sma_period': 33, 'stop_loss_atr_multiplier': 1.5, 'atr_period': 10}. Best is trial 1 with value: -0.5529109074549924.
C:\Users\הלל\Desktop\algo projects\trading-research-factory\walk forward engine\.venv\lib\site-packages\optuna\distributions.py:700: UserWarning: The distribution is specified by [15, 34] and step=6, but the range is not divisible by `step`. It will be replaced by [15, 33].
  warnings.warn(
C:\Users\הלל\Desktop\algo projects\trading-research-factory\walk forward engine\.venv\lib\site-packages\optuna\distributions.py:700: UserWarning: The distribution is specified by [10, 20] and step=4, but the range is not divisible by `step`. It will be replaced by [10, 18].
  warnings.warn(
C:\Users\הלל\Desktop\algo projects\trading-research-factory\walk forward engine\.venv\lib\site-packages\optuna\distributions.py:700: UserWarning: The distribution is specified by [15, 34] and step=6, but the range is not divisible by `step`. It will be replaced by [15, 33].
  warnings.warn(
C:\Users\הלל\Desktop\algo projects\trading-research-factory\walk forward engine\.venv\lib\site-packages\optuna\distributions.py:700: UserWarning: The distribution is specified by [10, 20] and step=4, but the range is not divisible by `step`. It will be replaced by [10, 18].
  warnings.warn(
[I 2026-05-29 01:16:57,616] Trial 16 finished with value: -0.5529109074549924 and parameters: {'fast_sma_period': 8, 'slow_sma_period': 33, 'stop_loss_atr_multiplier': 1.0, 'atr_period': 10}. Best is trial 1 with value: -0.5529109074549924.
C:\Users\הלל\Desktop\algo projects\trading-research-factory\walk forward engine\.venv\lib\site-packages\optuna\distributions.py:700: UserWarning: The distribution is specified by [5, 12] and step=3, but the range is not divisible by `step`. It will be replaced by [5, 11].
  warnings.warn(
C:\Users\הלל\Desktop\algo projects\trading-research-factory\walk forward engine\.venv\lib\site-packages\optuna\distributions.py:700: UserWarning: The distribution is specified by [15, 34] and step=6, but the range is not divisible by `step`. It will be replaced by [15, 33].
  warnings.warn(
C:\Users\הלל\Desktop\algo projects\trading-research-factory\walk forward engine\.venv\lib\site-packages\optuna\distributions.py:700: UserWarning: The distribution is specified by [10, 20] and step=4, but the range is not divisible by `step`. It will be replaced by [10, 18].
  warnings.warn(
[I 2026-05-29 01:16:58,086] Trial 18 finished with value: -0.5529109074549924 and parameters: {'fast_sma_period': 8, 'slow_sma_period': 33, 'stop_loss_atr_multiplier': 1.5, 'atr_period': 10}. Best is trial 1 with value: -0.5529109074549924.
[I 2026-05-29 01:16:58,095] Trial 19 finished with value: -0.5529109074549924 and parameters: {'fast_sma_period': 8, 'slow_sma_period': 33, 'stop_loss_atr_multiplier': 2.0, 'atr_period': 10}. Best is trial 1 with value: -0.5529109074549924.
C:\Users\הלל\Desktop\algo projects\trading-research-factory\walk forward engine\.venv\lib\site-packages\optuna\distributions.py:700: UserWarning: The distribution is specified by [5, 12] and step=3, but the range is not divisible by `step`. It will be replaced by [5, 11].
  warnings.warn(
[I 2026-05-29 01:16:58,202] Trial 20 finished with value: -0.5529109074549924 and parameters: {'fast_sma_period': 8, 'slow_sma_period': 33, 'stop_loss_atr_multiplier': 1.5, 'atr_period': 10}. Best is trial 1 with value: -0.5529109074549924.
[I 2026-05-29 01:16:58,204] Trial 17 finished with value: -0.5529109074549924 and parameters: {'fast_sma_period': 8, 'slow_sma_period': 33, 'stop_loss_atr_multiplier': 1.5, 'atr_period': 14}. Best is trial 1 with value: -0.5529109074549924.
C:\Users\הלל\Desktop\algo projects\trading-research-factory\walk forward engine\.venv\lib\site-packages\optuna\distributions.py:700: UserWarning: The distribution is specified by [15, 34] and step=6, but the range is not divisible by `step`. It will be replaced by [15, 33].
  warnings.warn(
C:\Users\הלל\Desktop\algo projects\trading-research-factory\walk forward engine\.venv\lib\site-packages\optuna\distributions.py:700: UserWarning: The distribution is specified by [5, 12] and step=3, but the range is not divisible by `step`. It will be replaced by [5, 11].
  warnings.warn(
C:\Users\הלל\Desktop\algo projects\trading-research-factory\walk forward engine\.venv\lib\site-packages\optuna\distributions.py:700: UserWarning: The distribution is specified by [10, 20] and step=4, but the range is not divisible by `step`. It will be replaced by [10, 18].
  warnings.warn(
C:\Users\הלל\Desktop\algo projects\trading-research-factory\walk forward engine\.venv\lib\site-packages\optuna\distributions.py:700: UserWarning: The distribution is specified by [15, 34] and step=6, but the range is not divisible by `step`. It will be replaced by [15, 33].
  warnings.warn(
C:\Users\הלל\Desktop\algo projects\trading-research-factory\walk forward engine\.venv\lib\site-packages\optuna\distributions.py:700: UserWarning: The distribution is specified by [10, 20] and step=4, but the range is not divisible by `step`. It will be replaced by [10, 18].
  warnings.warn(
C:\Users\הלל\Desktop\algo projects\trading-research-factory\walk forward engine\.venv\lib\site-packages\optuna\distributions.py:700: UserWarning: The distribution is specified by [15, 34] and step=6, but the range is not divisible by `step`. It will be replaced by [15, 33].
  warnings.warn(
C:\Users\הלל\Desktop\algo projects\trading-research-factory\walk forward engine\.venv\lib\site-packages\optuna\distributions.py:700: UserWarning: The distribution is specified by [10, 20] and step=4, but the range is not divisible by `step`. It will be replaced by [10, 18].
  warnings.warn(
[I 2026-05-29 01:16:58,512] Trial 21 finished with value: -0.5529109074549924 and parameters: {'fast_sma_period': 8, 'slow_sma_period': 33, 'stop_loss_atr_multiplier': 1.5, 'atr_period': 14}. Best is trial 1 with value: -0.5529109074549924.
C:\Users\הלל\Desktop\algo projects\trading-research-factory\walk forward engine\.venv\lib\site-packages\optuna\distributions.py:700: UserWarning: The distribution is specified by [15, 34] and step=6, but the range is not divisible by `step`. It will be replaced by [15, 33].
  warnings.warn(
C:\Users\הלל\Desktop\algo projects\trading-research-factory\walk forward engine\.venv\lib\site-packages\optuna\distributions.py:700: UserWarning: The distribution is specified by [10, 20] and step=4, but the range is not divisible by `step`. It will be replaced by [10, 18].
  warnings.warn(
C:\Users\הלל\Desktop\algo projects\trading-research-factory\walk forward engine\.venv\lib\site-packages\optuna\distributions.py:700: UserWarning: The distribution is specified by [5, 12] and step=3, but the range is not divisible by `step`. It will be replaced by [5, 11].
  warnings.warn(
[I 2026-05-29 01:16:58,643] Trial 23 finished with value: -0.5529109074549924 and parameters: {'fast_sma_period': 8, 'slow_sma_period': 33, 'stop_loss_atr_multiplier': 1.0, 'atr_period': 14}. Best is trial 1 with value: -0.5529109074549924.
C:\Users\הלל\Desktop\algo projects\trading-research-factory\walk forward engine\.venv\lib\site-packages\optuna\distributions.py:700: UserWarning: The distribution is specified by [15, 34] and step=6, but the range is not divisible by `step`. It will be replaced by [15, 33].
  warnings.warn(
C:\Users\הלל\Desktop\algo projects\trading-research-factory\walk forward engine\.venv\lib\site-packages\optuna\distributions.py:700: UserWarning: The distribution is specified by [10, 20] and step=4, but the range is not divisible by `step`. It will be replaced by [10, 18].
  warnings.warn(
[I 2026-05-29 01:16:58,843] Trial 22 finished with value: -0.5529109074549924 and parameters: {'fast_sma_period': 11, 'slow_sma_period': 33, 'stop_loss_atr_multiplier': 1.0, 'atr_period': 14}. Best is trial 1 with value: -0.5529109074549924.
C:\Users\הלל\Desktop\algo projects\trading-research-factory\walk forward engine\.venv\lib\site-packages\optuna\distributions.py:700: UserWarning: The distribution is specified by [5, 12] and step=3, but the range is not divisible by `step`. It will be replaced by [5, 11].
  warnings.warn(
C:\Users\הלל\Desktop\algo projects\trading-research-factory\walk forward engine\.venv\lib\site-packages\optuna\distributions.py:700: UserWarning: The distribution is specified by [15, 34] and step=6, but the range is not divisible by `step`. It will be replaced by [15, 33].
  warnings.warn(
C:\Users\הלל\Desktop\algo projects\trading-research-factory\walk forward engine\.venv\lib\site-packages\optuna\distributions.py:700: UserWarning: The distribution is specified by [10, 20] and step=4, but the range is not divisible by `step`. It will be replaced by [10, 18].
  warnings.warn(
C:\Users\הלל\Desktop\algo projects\trading-research-factory\walk forward engine\.venv\lib\site-packages\optuna\distributions.py:700: UserWarning: The distribution is specified by [15, 34] and step=6, but the range is not divisible by `step`. It will be replaced by [15, 33].
  warnings.warn(
C:\Users\הלל\Desktop\algo projects\trading-research-factory\walk forward engine\.venv\lib\site-packages\optuna\distributions.py:700: UserWarning: The distribution is specified by [10, 20] and step=4, but the range is not divisible by `step`. It will be replaced by [10, 18].
  warnings.warn(
[I 2026-05-29 01:16:59,503] Trial 24 finished with value: -0.5529109074549924 and parameters: {'fast_sma_period': 8, 'slow_sma_period': 15, 'stop_loss_atr_multiplier': 1.0, 'atr_period': 10}. Best is trial 1 with value: -0.5529109074549924.
C:\Users\הלל\Desktop\algo projects\trading-research-factory\walk forward engine\.venv\lib\site-packages\optuna\distributions.py:700: UserWarning: The distribution is specified by [5, 12] and step=3, but the range is not divisible by `step`. It will be replaced by [5, 11].
  warnings.warn(
C:\Users\הלל\Desktop\algo projects\trading-research-factory\walk forward engine\.venv\lib\site-packages\optuna\distributions.py:700: UserWarning: The distribution is specified by [15, 34] and step=6, but the range is not divisible by `step`. It will be replaced by [15, 33].
  warnings.warn(
C:\Users\הלל\Desktop\algo projects\trading-research-factory\walk forward engine\.venv\lib\site-packages\optuna\distributions.py:700: UserWarning: The distribution is specified by [10, 20] and step=4, but the range is not divisible by `step`. It will be replaced by [10, 18].
  warnings.warn(
