[I 2026-05-29 01:21:29,192] Trial 28 finished with value: -1.1893751460720485 and parameters: {'fast_sma_period': 11, 'slow_sma_period': 21, 'stop_loss_atr_multiplier': 2.0, 'atr_period': 18}. Best is trial 6 with value: -1.1893751460720485.
C:\Users\הלל\Desktop\algo projects\trading-research-factory\walk forward engine\.venv\lib\site-packages\optuna\distributions.py:700: UserWarning: The distribution is specified by [5, 12] and step=3, but the range is not divisible by `step`. It will be replaced by [5, 11].
  warnings.warn(
C:\Users\הלל\Desktop\algo projects\trading-research-factory\walk forward engine\.venv\lib\site-packages\optuna\distributions.py:700: UserWarning: The distribution is specified by [15, 34] and step=6, but the range is not divisible by `step`. It will be replaced by [15, 33].
  warnings.warn(
C:\Users\הלל\Desktop\algo projects\trading-research-factory\walk forward engine\.venv\lib\site-packages\optuna\distributions.py:700: UserWarning: The distribution is specified by [10, 20] and step=4, but the range is not divisible by `step`. It will be replaced by [10, 18].
  warnings.warn(
C:\Users\הלל\Desktop\algo projects\trading-research-factory\walk forward engine\.venv\lib\site-packages\optuna\distributions.py:700: UserWarning: The distribution is specified by [5, 12] and step=3, but the range is not divisible by `step`. It will be replaced by [5, 11].
  warnings.warn(
[I 2026-05-29 01:21:29,285] Trial 31 finished with value: -1.1893751460720485 and parameters: {'fast_sma_period': 11, 'slow_sma_period': 27, 'stop_loss_atr_multiplier': 2.0, 'atr_period': 14}. Best is trial 6 with value: -1.1893751460720485.
[I 2026-05-29 01:21:29,320] Trial 29 finished with value: -1.1893751460720485 and parameters: {'fast_sma_period': 11, 'slow_sma_period': 27, 'stop_loss_atr_multiplier': 2.5, 'atr_period': 14}. Best is trial 6 with value: -1.1893751460720485.
C:\Users\הלל\Desktop\algo projects\trading-research-factory\walk forward engine\.venv\lib\site-packages\optuna\distributions.py:700: UserWarning: The distribution is specified by [15, 34] and step=6, but the range is not divisible by `step`. It will be replaced by [15, 33].
  warnings.warn(
C:\Users\הלל\Desktop\algo projects\trading-research-factory\walk forward engine\.venv\lib\site-packages\optuna\distributions.py:700: UserWarning: The distribution is specified by [10, 20] and step=4, but the range is not divisible by `step`. It will be replaced by [10, 18].
  warnings.warn(
C:\Users\הלל\Desktop\algo projects\trading-research-factory\walk forward engine\.venv\lib\site-packages\optuna\distributions.py:700: UserWarning: The distribution is specified by [15, 34] and step=6, but the range is not divisible by `step`. It will be replaced by [15, 33].
  warnings.warn(
C:\Users\הלל\Desktop\algo projects\trading-research-factory\walk forward engine\.venv\lib\site-packages\optuna\distributions.py:700: UserWarning: The distribution is specified by [10, 20] and step=4, but the range is not divisible by `step`. It will be replaced by [10, 18].
  warnings.warn(
C:\Users\הלל\Desktop\algo projects\trading-research-factory\walk forward engine\.venv\lib\site-packages\optuna\distributions.py:700: UserWarning: The distribution is specified by [15, 34] and step=6, but the range is not divisible by `step`. It will be replaced by [15, 33].
  warnings.warn(
C:\Users\הלל\Desktop\algo projects\trading-research-factory\walk forward engine\.venv\lib\site-packages\optuna\distributions.py:700: UserWarning: The distribution is specified by [10, 20] and step=4, but the range is not divisible by `step`. It will be replaced by [10, 18].
  warnings.warn(
C:\Users\הלל\Desktop\algo projects\trading-research-factory\walk forward engine\.venv\lib\site-packages\optuna\distributions.py:700: UserWarning: The distribution is specified by [15, 34] and step=6, but the range is not divisible by `step`. It will be replaced by [15, 33].
  warnings.warn(
C:\Users\הלל\Desktop\algo projects\trading-research-factory\walk forward engine\.venv\lib\site-packages\optuna\distributions.py:700: UserWarning: The distribution is specified by [10, 20] and step=4, but the range is not divisible by `step`. It will be replaced by [10, 18].
  warnings.warn(
[I 2026-05-29 01:21:29,952] Trial 32 finished with value: -1.1893751460720485 and parameters: {'fast_sma_period': 11, 'slow_sma_period': 27, 'stop_loss_atr_multiplier': 2.5, 'atr_period': 14}. Best is trial 6 with value: -1.1893751460720485.
C:\Users\הלל\Desktop\algo projects\trading-research-factory\walk forward engine\.venv\lib\site-packages\optuna\distributions.py:700: UserWarning: The distribution is specified by [5, 12] and step=3, but the range is not divisible by `step`. It will be replaced by [5, 11].
  warnings.warn(
[I 2026-05-29 01:21:30,127] Trial 33 finished with value: -1.1893751460720485 and parameters: {'fast_sma_period': 11, 'slow_sma_period': 27, 'stop_loss_atr_multiplier': 2.5, 'atr_period': 14}. Best is trial 6 with value: -1.1893751460720485.
C:\Users\הלל\Desktop\algo projects\trading-research-factory\walk forward engine\.venv\lib\site-packages\optuna\distributions.py:700: UserWarning: The distribution is specified by [5, 12] and step=3, but the range is not divisible by `step`. It will be replaced by [5, 11].
  warnings.warn(
[I 2026-05-29 01:21:30,326] Trial 35 finished with value: -1.1893751460720485 and parameters: {'fast_sma_period': 11, 'slow_sma_period': 27, 'stop_loss_atr_multiplier': 2.5, 'atr_period': 14}. Best is trial 6 with value: -1.1893751460720485.
C:\Users\הלל\Desktop\algo projects\trading-research-factory\walk forward engine\.venv\lib\site-packages\optuna\distributions.py:700: UserWarning: The distribution is specified by [15, 34] and step=6, but the range is not divisible by `step`. It will be replaced by [15, 33].
  warnings.warn(
C:\Users\הלל\Desktop\algo projects\trading-research-factory\walk forward engine\.venv\lib\site-packages\optuna\distributions.py:700: UserWarning: The distribution is specified by [10, 20] and step=4, but the range is not divisible by `step`. It will be replaced by [10, 18].
  warnings.warn(
C:\Users\הלל\Desktop\algo projects\trading-research-factory\walk forward engine\.venv\lib\site-packages\optuna\distributions.py:700: UserWarning: The distribution is specified by [5, 12] and step=3, but the range is not divisible by `step`. It will be replaced by [5, 11].
  warnings.warn(
[I 2026-05-29 01:21:30,538] Trial 34 finished with value: -1.1893751460720485 and parameters: {'fast_sma_period': 11, 'slow_sma_period': 21, 'stop_loss_atr_multiplier': 2.5, 'atr_period': 18}. Best is trial 6 with value: -1.1893751460720485.
C:\Users\הלל\Desktop\algo projects\trading-research-factory\walk forward engine\.venv\lib\site-packages\optuna\distributions.py:700: UserWarning: The distribution is specified by [5, 12] and step=3, but the range is not divisible by `step`. It will be replaced by [5, 11].
  warnings.warn(
C:\Users\הלל\Desktop\algo projects\trading-research-factory\walk forward engine\.venv\lib\site-packages\optuna\distributions.py:700: UserWarning: The distribution is specified by [15, 34] and step=6, but the range is not divisible by `step`. It will be replaced by [15, 33].
  warnings.warn(
C:\Users\הלל\Desktop\algo projects\trading-research-factory\walk forward engine\.venv\lib\site-packages\optuna\distributions.py:700: UserWarning: The distribution is specified by [10, 20] and step=4, but the range is not divisible by `step`. It will be replaced by [10, 18].
  warnings.warn(
[I 2026-05-29 01:21:30,830] Trial 36 finished with value: -1.1893751460720485 and parameters: {'fast_sma_period': 11, 'slow_sma_period': 21, 'stop_loss_atr_multiplier': 2.5, 'atr_period': 14}. Best is trial 6 with value: -1.1893751460720485.
C:\Users\הלל\Desktop\algo projects\trading-research-factory\walk forward engine\.venv\lib\site-packages\optuna\distributions.py:700: UserWarning: The distribution is specified by [5, 12] and step=3, but the range is not divisible by `step`. It will be replaced by [5, 11].
  warnings.warn(
C:\Users\הלל\Desktop\algo projects\trading-research-factory\walk forward engine\.venv\lib\site-packages\optuna\distributions.py:700: UserWarning: The distribution is specified by [15, 34] and step=6, but the range is not divisible by `step`. It will be replaced by [15, 33].
  warnings.warn(
C:\Users\הלל\Desktop\algo projects\trading-research-factory\walk forward engine\.venv\lib\site-packages\optuna\distributions.py:700: UserWarning: The distribution is specified by [10, 20] and step=4, but the range is not divisible by `step`. It will be replaced by [10, 18].
  warnings.warn(
[I 2026-05-29 01:21:31,002] Trial 37 finished with value: -1.1893751460720485 and parameters: {'fast_sma_period': 11, 'slow_sma_period': 21, 'stop_loss_atr_multiplier': 2.5, 'atr_period': 14}. Best is trial 6 with value: -1.1893751460720485.
C:\Users\הלל\Desktop\algo projects\trading-research-factory\walk forward engine\.venv\lib\site-packages\optuna\distributions.py:700: UserWarning: The distribution is specified by [5, 12] and step=3, but the range is not divisible by `step`. It will be replaced by [5, 11].
  warnings.warn(
[I 2026-05-29 01:21:31,067] Trial 38 finished with value: -1.1893751460720485 and parameters: {'fast_sma_period': 11, 'slow_sma_period': 15, 'stop_loss_atr_multiplier': 2.5, 'atr_period': 14}. Best is trial 6 with value: -1.1893751460720485.
C:\Users\הלל\Desktop\algo projects\trading-research-factory\walk forward engine\.venv\lib\site-packages\optuna\distributions.py:700: UserWarning: The distribution is specified by [15, 34] and step=6, but the range is not divisible by `step`. It will be replaced by [15, 33].
  warnings.warn(
C:\Users\הלל\Desktop\algo projects\trading-research-factory\walk forward engine\.venv\lib\site-packages\optuna\distributions.py:700: UserWarning: The distribution is specified by [10, 20] and step=4, but the range is not divisible by `step`. It will be replaced by [10, 18].
  warnings.warn(
[I 2026-05-29 01:21:31,221] Trial 39 finished with value: -1.1893751460720485 and parameters: {'fast_sma_period': 11, 'slow_sma_period': 15, 'stop_loss_atr_multiplier': 1.0, 'atr_period': 18}. Best is trial 6 with value: -1.1893751460720485.
C:\Users\הלל\Desktop\algo projects\trading-research-factory\walk forward engine\.venv\lib\site-packages\optuna\distributions.py:700: UserWarning: The distribution is specified by [5, 12] and step=3, but the range is not divisible by `step`. It will be replaced by [5, 11].
  warnings.warn(
C:\Users\הלל\Desktop\algo projects\trading-research-factory\walk forward engine\.venv\lib\site-packages\optuna\distributions.py:700: UserWarning: The distribution is specified by [15, 34] and step=6, but the range is not divisible by `step`. It will be replaced by [15, 33].
  warnings.warn(
C:\Users\הלל\Desktop\algo projects\trading-research-factory\walk forward engine\.venv\lib\site-packages\optuna\distributions.py:700: UserWarning: The distribution is specified by [10, 20] and step=4, but the range is not divisible by `step`. It will be replaced by [10, 18].
  warnings.warn(
C:\Users\הלל\Desktop\algo projects\trading-research-factory\walk forward engine\.venv\lib\site-packages\optuna\distributions.py:700: UserWarning: The distribution is specified by [15, 34] and step=6, but the range is not divisible by `step`. It will be replaced by [15, 33].
  warnings.warn(
C:\Users\הלל\Desktop\algo projects\trading-research-factory\walk forward engine\.venv\lib\site-packages\optuna\distributions.py:700: UserWarning: The distribution is specified by [10, 20] and step=4, but the range is not divisible by `step`. It will be replaced by [10, 18].
  warnings.warn(
C:\Users\הלל\Desktop\algo projects\trading-research-factory\walk forward engine\.venv\lib\site-packages\optuna\distributions.py:700: UserWarning: The distribution is specified by [15, 34] and step=6, but the range is not divisible by `step`. It will be replaced by [15, 33].
  warnings.warn(
C:\Users\הלל\Desktop\algo projects\trading-research-factory\walk forward engine\.venv\lib\site-packages\optuna\distributions.py:700: UserWarning: The distribution is specified by [10, 20] and step=4, but the range is not divisible by `step`. It will be replaced by [10, 18].
  warnings.warn(
[I 2026-05-29 01:21:31,610] Trial 40 finished with value: -1.1893751460720485 and parameters: {'fast_sma_period': 11, 'slow_sma_period': 15, 'stop_loss_atr_multiplier': 2.5, 'atr_period': 14}. Best is trial 6 with value: -1.1893751460720485.
C:\Users\הלל\Desktop\algo projects\trading-research-factory\walk forward engine\.venv\lib\site-packages\optuna\distributions.py:700: UserWarning: The distribution is specified by [5, 12] and step=3, but the range is not divisible by `step`. It will be replaced by [5, 11].
  warnings.warn(
[I 2026-05-29 01:21:31,815] Trial 41 finished with value: -1.1893751460720485 and parameters: {'fast_sma_period': 11, 'slow_sma_period': 15, 'stop_loss_atr_multiplier': 2.5, 'atr_period': 14}. Best is trial 6 with value: -1.1893751460720485.
C:\Users\הלל\Desktop\algo projects\trading-research-factory\walk forward engine\.venv\lib\site-packages\optuna\distributions.py:700: UserWarning: The distribution is specified by [5, 12] and step=3, but the range is not divisible by `step`. It will be replaced by [5, 11].
  warnings.warn(
[I 2026-05-29 01:21:32,102] Trial 42 finished with value: -1.1893751460720485 and parameters: {'fast_sma_period': 11, 'slow_sma_period': 15, 'stop_loss_atr_multiplier': 2.5, 'atr_period': 14}. Best is trial 6 with value: -1.1893751460720485.
C:\Users\הלל\Desktop\algo projects\trading-research-factory\walk forward engine\.venv\lib\site-packages\optuna\distributions.py:700: UserWarning: The distribution is specified by [15, 34] and step=6, but the range is not divisible by `step`. It will be replaced by [15, 33].
  warnings.warn(
C:\Users\הלל\Desktop\algo projects\trading-research-factory\walk forward engine\.venv\lib\site-packages\optuna\distributions.py:700: UserWarning: The distribution is specified by [10, 20] and step=4, but the range is not divisible by `step`. It will be replaced by [10, 18].
  warnings.warn(
C:\Users\הלל\Desktop\algo projects\trading-research-factory\walk forward engine\.venv\lib\site-packages\optuna\distributions.py:700: UserWarning: The distribution is specified by [5, 12] and step=3, but the range is not divisible by `step`. It will be replaced by [5, 11].
  warnings.warn(
[I 2026-05-29 01:21:32,238] Trial 43 finished with value: -1.1893751460720485 and parameters: {'fast_sma_period': 11, 'slow_sma_period': 15, 'stop_loss_atr_multiplier': 2.5, 'atr_period': 14}. Best is trial 6 with value: -1.1893751460720485.
C:\Users\הלל\Desktop\algo projects\trading-research-factory\walk forward engine\.venv\lib\site-packages\optuna\distributions.py:700: UserWarning: The distribution is specified by [5, 12] and step=3, but the range is not divisible by `step`. It will be replaced by [5, 11].
  warnings.warn(
C:\Users\הלל\Desktop\algo projects\trading-research-factory\walk forward engine\.venv\lib\site-packages\optuna\distributions.py:700: UserWarning: The distribution is specified by [15, 34] and step=6, but the range is not divisible by `step`. It will be replaced by [15, 33].
  warnings.warn(
C:\Users\הלל\Desktop\algo projects\trading-research-factory\walk forward engine\.venv\lib\site-packages\optuna\distributions.py:700: UserWarning: The distribution is specified by [10, 20] and step=4, but the range is not divisible by `step`. It will be replaced by [10, 18].
  warnings.warn(
C:\Users\הלל\Desktop\algo projects\trading-research-factory\walk forward engine\.venv\lib\site-packages\optuna\distributions.py:700: UserWarning: The distribution is specified by [15, 34] and step=6, but the range is not divisible by `step`. It will be replaced by [15, 33].
  warnings.warn(
C:\Users\הלל\Desktop\algo projects\trading-research-factory\walk forward engine\.venv\lib\site-packages\optuna\distributions.py:700: UserWarning: The distribution is specified by [10, 20] and step=4, but the range is not divisible by `step`. It will be replaced by [10, 18].
  warnings.warn(
[I 2026-05-29 01:21:32,561] Trial 44 finished with value: -1.1893751460720485 and parameters: {'fast_sma_period': 11, 'slow_sma_period': 15, 'stop_loss_atr_multiplier': 2.5, 'atr_period': 14}. Best is trial 6 with value: -1.1893751460720485.
C:\Users\הלל\Desktop\algo projects\trading-research-factory\walk forward engine\.venv\lib\site-packages\optuna\distributions.py:700: UserWarning: The distribution is specified by [5, 12] and step=3, but the range is not divisible by `step`. It will be replaced by [5, 11].
  warnings.warn(
[I 2026-05-29 01:21:32,620] Trial 45 finished with value: -1.1893751460720485 and parameters: {'fast_sma_period': 11, 'slow_sma_period': 15, 'stop_loss_atr_multiplier': 2.0, 'atr_period': 14}. Best is trial 6 with value: -1.1893751460720485.
C:\Users\הלל\Desktop\algo projects\trading-research-factory\walk forward engine\.venv\lib\site-packages\optuna\distributions.py:700: UserWarning: The distribution is specified by [15, 34] and step=6, but the range is not divisible by `step`. It will be replaced by [15, 33].
  warnings.warn(
C:\Users\הלל\Desktop\algo projects\trading-research-factory\walk forward engine\.venv\lib\site-packages\optuna\distributions.py:700: UserWarning: The distribution is specified by [10, 20] and step=4, but the range is not divisible by `step`. It will be replaced by [10, 18].
  warnings.warn(
C:\Users\הלל\Desktop\algo projects\trading-research-factory\walk forward engine\.venv\lib\site-packages\optuna\distributions.py:700: UserWarning: The distribution is specified by [5, 12] and step=3, but the range is not divisible by `step`. It will be replaced by [5, 11].
  warnings.warn(
[I 2026-05-29 01:21:32,738] Trial 46 finished with value: -1.1893751460720485 and parameters: {'fast_sma_period': 11, 'slow_sma_period': 15, 'stop_loss_atr_multiplier': 1.0, 'atr_period': 18}. Best is trial 6 with value: -1.1893751460720485.
[I 2026-05-29 01:21:32,866] Trial 47 finished with value: -1.1893751460720485 and parameters: {'fast_sma_period': 11, 'slow_sma_period': 21, 'stop_loss_atr_multiplier': 1.0, 'atr_period': 18}. Best is trial 6 with value: -1.1893751460720485.
C:\Users\הלל\Desktop\algo projects\trading-research-factory\walk forward engine\.venv\lib\site-packages\optuna\distributions.py:700: UserWarning: The distribution is specified by [5, 12] and step=3, but the range is not divisible by `step`. It will be replaced by [5, 11].
  warnings.warn(
C:\Users\הלל\Desktop\algo projects\trading-research-factory\walk forward engine\.venv\lib\site-packages\optuna\distributions.py:700: UserWarning: The distribution is specified by [15, 34] and step=6, but the range is not divisible by `step`. It will be replaced by [15, 33].
  warnings.warn(
C:\Users\הלל\Desktop\algo projects\trading-research-factory\walk forward engine\.venv\lib\site-packages\optuna\distributions.py:700: UserWarning: The distribution is specified by [10, 20] and step=4, but the range is not divisible by `step`. It will be replaced by [10, 18].
  warnings.warn(
C:\Users\הלל\Desktop\algo projects\trading-research-factory\walk forward engine\.venv\lib\site-packages\optuna\distributions.py:700: UserWarning: The distribution is specified by [15, 34] and step=6, but the range is not divisible by `step`. It will be replaced by [15, 33].
  warnings.warn(
C:\Users\הלל\Desktop\algo projects\trading-research-factory\walk forward engine\.venv\lib\site-packages\optuna\distributions.py:700: UserWarning: The distribution is specified by [10, 20] and step=4, but the range is not divisible by `step`. It will be replaced by [10, 18].
  warnings.warn(
C:\Users\הלל\Desktop\algo projects\trading-research-factory\walk forward engine\.venv\lib\site-packages\optuna\distributions.py:700: UserWarning: The distribution is specified by [15, 34] and step=6, but the range is not divisible by `step`. It will be replaced by [15, 33].
  warnings.warn(
C:\Users\הלל\Desktop\algo projects\trading-research-factory\walk forward engine\.venv\lib\site-packages\optuna\distributions.py:700: UserWarning: The distribution is specified by [10, 20] and step=4, but the range is not divisible by `step`. It will be replaced by [10, 18].
  warnings.warn(
C:\Users\הלל\Desktop\algo projects\trading-research-factory\walk forward engine\.venv\lib\site-packages\optuna\distributions.py:700: UserWarning: The distribution is specified by [15, 34] and step=6, but the range is not divisible by `step`. It will be replaced by [15, 33].
  warnings.warn(
C:\Users\הלל\Desktop\algo projects\trading-research-factory\walk forward engine\.venv\lib\site-packages\optuna\distributions.py:700: UserWarning: The distribution is specified by [10, 20] and step=4, but the range is not divisible by `step`. It will be replaced by [10, 18].
  warnings.warn(
[I 2026-05-29 01:21:33,384] Trial 48 finished with value: -1.1893751460720485 and parameters: {'fast_sma_period': 11, 'slow_sma_period': 15, 'stop_loss_atr_multiplier': 1.0, 'atr_period': 10}. Best is trial 6 with value: -1.1893751460720485.
C:\Users\הלל\Desktop\algo projects\trading-research-factory\walk forward engine\.venv\lib\site-packages\optuna\distributions.py:700: UserWarning: The distribution is specified by [5, 12] and step=3, but the range is not divisible by `step`. It will be replaced by [5, 11].
  warnings.warn(
