[I 2026-05-29 01:21:24,400] Trial 4 finished with value: -1.1893751460720485 and parameters: {'fast_sma_period': 11, 'slow_sma_period': 15, 'stop_loss_atr_multiplier': 1.0, 'atr_period': 14}. Best is trial 6 with value: -1.1893751460720485.
C:\Users\הלל\Desktop\algo projects\trading-research-factory\walk forward engine\.venv\lib\site-packages\optuna\distributions.py:700: UserWarning: The distribution is specified by [5, 12] and step=3, but the range is not divisible by `step`. It will be replaced by [5, 11].
  warnings.warn(
C:\Users\הלל\Desktop\algo projects\trading-research-factory\walk forward engine\.venv\lib\site-packages\optuna\distributions.py:700: UserWarning: The distribution is specified by [15, 34] and step=6, but the range is not divisible by `step`. It will be replaced by [15, 33].
  warnings.warn(
C:\Users\הלל\Desktop\algo projects\trading-research-factory\walk forward engine\.venv\lib\site-packages\optuna\distributions.py:700: UserWarning: The distribution is specified by [10, 20] and step=4, but the range is not divisible by `step`. It will be replaced by [10, 18].
  warnings.warn(
C:\Users\הלל\Desktop\algo projects\trading-research-factory\walk forward engine\.venv\lib\site-packages\optuna\distributions.py:700: UserWarning: The distribution is specified by [15, 34] and step=6, but the range is not divisible by `step`. It will be replaced by [15, 33].
  warnings.warn(
C:\Users\הלל\Desktop\algo projects\trading-research-factory\walk forward engine\.venv\lib\site-packages\optuna\distributions.py:700: UserWarning: The distribution is specified by [5, 12] and step=3, but the range is not divisible by `step`. It will be replaced by [5, 11].
  warnings.warn(
C:\Users\הלל\Desktop\algo projects\trading-research-factory\walk forward engine\.venv\lib\site-packages\optuna\distributions.py:700: UserWarning: The distribution is specified by [10, 20] and step=4, but the range is not divisible by `step`. It will be replaced by [10, 18].
  warnings.warn(
[I 2026-05-29 01:21:24,506] Trial 7 finished with value: -1.1893751460720485 and parameters: {'fast_sma_period': 8, 'slow_sma_period': 21, 'stop_loss_atr_multiplier': 2.0, 'atr_period': 14}. Best is trial 6 with value: -1.1893751460720485.
C:\Users\הלל\Desktop\algo projects\trading-research-factory\walk forward engine\.venv\lib\site-packages\optuna\distributions.py:700: UserWarning: The distribution is specified by [5, 12] and step=3, but the range is not divisible by `step`. It will be replaced by [5, 11].
  warnings.warn(
C:\Users\הלל\Desktop\algo projects\trading-research-factory\walk forward engine\.venv\lib\site-packages\optuna\distributions.py:700: UserWarning: The distribution is specified by [15, 34] and step=6, but the range is not divisible by `step`. It will be replaced by [15, 33].
  warnings.warn(
C:\Users\הלל\Desktop\algo projects\trading-research-factory\walk forward engine\.venv\lib\site-packages\optuna\distributions.py:700: UserWarning: The distribution is specified by [10, 20] and step=4, but the range is not divisible by `step`. It will be replaced by [10, 18].
  warnings.warn(
[I 2026-05-29 01:21:25,327] Trial 9 finished with value: -1.1893751460720485 and parameters: {'fast_sma_period': 5, 'slow_sma_period': 15, 'stop_loss_atr_multiplier': 1.0, 'atr_period': 10}. Best is trial 6 with value: -1.1893751460720485.
C:\Users\הלל\Desktop\algo projects\trading-research-factory\walk forward engine\.venv\lib\site-packages\optuna\distributions.py:700: UserWarning: The distribution is specified by [5, 12] and step=3, but the range is not divisible by `step`. It will be replaced by [5, 11].
  warnings.warn(
C:\Users\הלל\Desktop\algo projects\trading-research-factory\walk forward engine\.venv\lib\site-packages\optuna\distributions.py:700: UserWarning: The distribution is specified by [15, 34] and step=6, but the range is not divisible by `step`. It will be replaced by [15, 33].
  warnings.warn(
C:\Users\הלל\Desktop\algo projects\trading-research-factory\walk forward engine\.venv\lib\site-packages\optuna\distributions.py:700: UserWarning: The distribution is specified by [10, 20] and step=4, but the range is not divisible by `step`. It will be replaced by [10, 18].
  warnings.warn(
[I 2026-05-29 01:21:25,490] Trial 8 finished with value: -1.1893751460720485 and parameters: {'fast_sma_period': 11, 'slow_sma_period': 33, 'stop_loss_atr_multiplier': 1.5, 'atr_period': 18}. Best is trial 6 with value: -1.1893751460720485.
C:\Users\הלל\Desktop\algo projects\trading-research-factory\walk forward engine\.venv\lib\site-packages\optuna\distributions.py:700: UserWarning: The distribution is specified by [5, 12] and step=3, but the range is not divisible by `step`. It will be replaced by [5, 11].
  warnings.warn(
[I 2026-05-29 01:21:25,658] Trial 12 finished with value: -1.1893751460720485 and parameters: {'fast_sma_period': 8, 'slow_sma_period': 15, 'stop_loss_atr_multiplier': 2.5, 'atr_period': 10}. Best is trial 6 with value: -1.1893751460720485.
C:\Users\הלל\Desktop\algo projects\trading-research-factory\walk forward engine\.venv\lib\site-packages\optuna\distributions.py:700: UserWarning: The distribution is specified by [15, 34] and step=6, but the range is not divisible by `step`. It will be replaced by [15, 33].
  warnings.warn(
C:\Users\הלל\Desktop\algo projects\trading-research-factory\walk forward engine\.venv\lib\site-packages\optuna\distributions.py:700: UserWarning: The distribution is specified by [10, 20] and step=4, but the range is not divisible by `step`. It will be replaced by [10, 18].
  warnings.warn(
[I 2026-05-29 01:21:25,835] Trial 14 finished with value: -1.1893751460720485 and parameters: {'fast_sma_period': 11, 'slow_sma_period': 27, 'stop_loss_atr_multiplier': 1.0, 'atr_period': 18}. Best is trial 6 with value: -1.1893751460720485.
[I 2026-05-29 01:21:25,869] Trial 13 finished with value: -1.1893751460720485 and parameters: {'fast_sma_period': 11, 'slow_sma_period': 21, 'stop_loss_atr_multiplier': 2.5, 'atr_period': 10}. Best is trial 6 with value: -1.1893751460720485.
[I 2026-05-29 01:21:25,879] Trial 10 finished with value: -1.1893751460720485 and parameters: {'fast_sma_period': 11, 'slow_sma_period': 27, 'stop_loss_atr_multiplier': 1.0, 'atr_period': 10}. Best is trial 6 with value: -1.1893751460720485.
C:\Users\הלל\Desktop\algo projects\trading-research-factory\walk forward engine\.venv\lib\site-packages\optuna\distributions.py:700: UserWarning: The distribution is specified by [5, 12] and step=3, but the range is not divisible by `step`. It will be replaced by [5, 11].
  warnings.warn(
C:\Users\הלל\Desktop\algo projects\trading-research-factory\walk forward engine\.venv\lib\site-packages\optuna\distributions.py:700: UserWarning: The distribution is specified by [15, 34] and step=6, but the range is not divisible by `step`. It will be replaced by [15, 33].
  warnings.warn(
C:\Users\הלל\Desktop\algo projects\trading-research-factory\walk forward engine\.venv\lib\site-packages\optuna\distributions.py:700: UserWarning: The distribution is specified by [10, 20] and step=4, but the range is not divisible by `step`. It will be replaced by [10, 18].
  warnings.warn(
[I 2026-05-29 01:21:25,920] Trial 11 finished with value: -1.1893751460720485 and parameters: {'fast_sma_period': 5, 'slow_sma_period': 15, 'stop_loss_atr_multiplier': 2.0, 'atr_period': 10}. Best is trial 6 with value: -1.1893751460720485.
C:\Users\הלל\Desktop\algo projects\trading-research-factory\walk forward engine\.venv\lib\site-packages\optuna\distributions.py:700: UserWarning: The distribution is specified by [5, 12] and step=3, but the range is not divisible by `step`. It will be replaced by [5, 11].
  warnings.warn(
C:\Users\הלל\Desktop\algo projects\trading-research-factory\walk forward engine\.venv\lib\site-packages\optuna\distributions.py:700: UserWarning: The distribution is specified by [15, 34] and step=6, but the range is not divisible by `step`. It will be replaced by [15, 33].
  warnings.warn(
C:\Users\הלל\Desktop\algo projects\trading-research-factory\walk forward engine\.venv\lib\site-packages\optuna\distributions.py:700: UserWarning: The distribution is specified by [10, 20] and step=4, but the range is not divisible by `step`. It will be replaced by [10, 18].
  warnings.warn(
C:\Users\הלל\Desktop\algo projects\trading-research-factory\walk forward engine\.venv\lib\site-packages\optuna\distributions.py:700: UserWarning: The distribution is specified by [15, 34] and step=6, but the range is not divisible by `step`. It will be replaced by [15, 33].
  warnings.warn(
C:\Users\הלל\Desktop\algo projects\trading-research-factory\walk forward engine\.venv\lib\site-packages\optuna\distributions.py:700: UserWarning: The distribution is specified by [10, 20] and step=4, but the range is not divisible by `step`. It will be replaced by [10, 18].
  warnings.warn(
[I 2026-05-29 01:21:26,122] Trial 15 finished with value: -1.1893751460720485 and parameters: {'fast_sma_period': 5, 'slow_sma_period': 21, 'stop_loss_atr_multiplier': 2.0, 'atr_period': 18}. Best is trial 6 with value: -1.1893751460720485.
C:\Users\הלל\Desktop\algo projects\trading-research-factory\walk forward engine\.venv\lib\site-packages\optuna\distributions.py:700: UserWarning: The distribution is specified by [5, 12] and step=3, but the range is not divisible by `step`. It will be replaced by [5, 11].
  warnings.warn(
C:\Users\הלל\Desktop\algo projects\trading-research-factory\walk forward engine\.venv\lib\site-packages\optuna\distributions.py:700: UserWarning: The distribution is specified by [15, 34] and step=6, but the range is not divisible by `step`. It will be replaced by [15, 33].
  warnings.warn(
C:\Users\הלל\Desktop\algo projects\trading-research-factory\walk forward engine\.venv\lib\site-packages\optuna\distributions.py:700: UserWarning: The distribution is specified by [10, 20] and step=4, but the range is not divisible by `step`. It will be replaced by [10, 18].
  warnings.warn(
[I 2026-05-29 01:21:26,759] Trial 16 finished with value: -1.1893751460720485 and parameters: {'fast_sma_period': 5, 'slow_sma_period': 15, 'stop_loss_atr_multiplier': 2.0, 'atr_period': 14}. Best is trial 6 with value: -1.1893751460720485.
C:\Users\הלל\Desktop\algo projects\trading-research-factory\walk forward engine\.venv\lib\site-packages\optuna\distributions.py:700: UserWarning: The distribution is specified by [5, 12] and step=3, but the range is not divisible by `step`. It will be replaced by [5, 11].
  warnings.warn(
C:\Users\הלל\Desktop\algo projects\trading-research-factory\walk forward engine\.venv\lib\site-packages\optuna\distributions.py:700: UserWarning: The distribution is specified by [15, 34] and step=6, but the range is not divisible by `step`. It will be replaced by [15, 33].
  warnings.warn(
C:\Users\הלל\Desktop\algo projects\trading-research-factory\walk forward engine\.venv\lib\site-packages\optuna\distributions.py:700: UserWarning: The distribution is specified by [10, 20] and step=4, but the range is not divisible by `step`. It will be replaced by [10, 18].
  warnings.warn(
[I 2026-05-29 01:21:27,120] Trial 17 finished with value: -1.1893751460720485 and parameters: {'fast_sma_period': 5, 'slow_sma_period': 33, 'stop_loss_atr_multiplier': 1.0, 'atr_period': 18}. Best is trial 6 with value: -1.1893751460720485.
C:\Users\הלל\Desktop\algo projects\trading-research-factory\walk forward engine\.venv\lib\site-packages\optuna\distributions.py:700: UserWarning: The distribution is specified by [5, 12] and step=3, but the range is not divisible by `step`. It will be replaced by [5, 11].
  warnings.warn(
[I 2026-05-29 01:21:27,385] Trial 18 finished with value: -1.1893751460720485 and parameters: {'fast_sma_period': 5, 'slow_sma_period': 33, 'stop_loss_atr_multiplier': 1.0, 'atr_period': 10}. Best is trial 6 with value: -1.1893751460720485.
C:\Users\הלל\Desktop\algo projects\trading-research-factory\walk forward engine\.venv\lib\site-packages\optuna\distributions.py:700: UserWarning: The distribution is specified by [15, 34] and step=6, but the range is not divisible by `step`. It will be replaced by [15, 33].
  warnings.warn(
C:\Users\הלל\Desktop\algo projects\trading-research-factory\walk forward engine\.venv\lib\site-packages\optuna\distributions.py:700: UserWarning: The distribution is specified by [10, 20] and step=4, but the range is not divisible by `step`. It will be replaced by [10, 18].
  warnings.warn(
[I 2026-05-29 01:21:27,453] Trial 21 finished with value: -1.1893751460720485 and parameters: {'fast_sma_period': 5, 'slow_sma_period': 27, 'stop_loss_atr_multiplier': 1.0, 'atr_period': 14}. Best is trial 6 with value: -1.1893751460720485.
C:\Users\הלל\Desktop\algo projects\trading-research-factory\walk forward engine\.venv\lib\site-packages\optuna\distributions.py:700: UserWarning: The distribution is specified by [5, 12] and step=3, but the range is not divisible by `step`. It will be replaced by [5, 11].
  warnings.warn(
[I 2026-05-29 01:21:27,560] Trial 22 finished with value: -1.1893751460720485 and parameters: {'fast_sma_period': 5, 'slow_sma_period': 27, 'stop_loss_atr_multiplier': 1.5, 'atr_period': 18}. Best is trial 6 with value: -1.1893751460720485.
[I 2026-05-29 01:21:27,566] Trial 23 finished with value: -1.1893751460720485 and parameters: {'fast_sma_period': 5, 'slow_sma_period': 33, 'stop_loss_atr_multiplier': 1.0, 'atr_period': 18}. Best is trial 6 with value: -1.1893751460720485.
C:\Users\הלל\Desktop\algo projects\trading-research-factory\walk forward engine\.venv\lib\site-packages\optuna\distributions.py:700: UserWarning: The distribution is specified by [15, 34] and step=6, but the range is not divisible by `step`. It will be replaced by [15, 33].
  warnings.warn(
C:\Users\הלל\Desktop\algo projects\trading-research-factory\walk forward engine\.venv\lib\site-packages\optuna\distributions.py:700: UserWarning: The distribution is specified by [10, 20] and step=4, but the range is not divisible by `step`. It will be replaced by [10, 18].
  warnings.warn(
[I 2026-05-29 01:21:27,572] Trial 20 finished with value: -1.1893751460720485 and parameters: {'fast_sma_period': 5, 'slow_sma_period': 33, 'stop_loss_atr_multiplier': 1.0, 'atr_period': 14}. Best is trial 6 with value: -1.1893751460720485.
[I 2026-05-29 01:21:27,588] Trial 19 finished with value: -1.1893751460720485 and parameters: {'fast_sma_period': 5, 'slow_sma_period': 27, 'stop_loss_atr_multiplier': 1.0, 'atr_period': 14}. Best is trial 6 with value: -1.1893751460720485.
C:\Users\הלל\Desktop\algo projects\trading-research-factory\walk forward engine\.venv\lib\site-packages\optuna\distributions.py:700: UserWarning: The distribution is specified by [5, 12] and step=3, but the range is not divisible by `step`. It will be replaced by [5, 11].
  warnings.warn(
C:\Users\הלל\Desktop\algo projects\trading-research-factory\walk forward engine\.venv\lib\site-packages\optuna\distributions.py:700: UserWarning: The distribution is specified by [15, 34] and step=6, but the range is not divisible by `step`. It will be replaced by [15, 33].
  warnings.warn(
C:\Users\הלל\Desktop\algo projects\trading-research-factory\walk forward engine\.venv\lib\site-packages\optuna\distributions.py:700: UserWarning: The distribution is specified by [10, 20] and step=4, but the range is not divisible by `step`. It will be replaced by [10, 18].
  warnings.warn(
C:\Users\הלל\Desktop\algo projects\trading-research-factory\walk forward engine\.venv\lib\site-packages\optuna\distributions.py:700: UserWarning: The distribution is specified by [5, 12] and step=3, but the range is not divisible by `step`. It will be replaced by [5, 11].
  warnings.warn(
C:\Users\הלל\Desktop\algo projects\trading-research-factory\walk forward engine\.venv\lib\site-packages\optuna\distributions.py:700: UserWarning: The distribution is specified by [15, 34] and step=6, but the range is not divisible by `step`. It will be replaced by [15, 33].
  warnings.warn(
C:\Users\הלל\Desktop\algo projects\trading-research-factory\walk forward engine\.venv\lib\site-packages\optuna\distributions.py:700: UserWarning: The distribution is specified by [10, 20] and step=4, but the range is not divisible by `step`. It will be replaced by [10, 18].
  warnings.warn(
C:\Users\הלל\Desktop\algo projects\trading-research-factory\walk forward engine\.venv\lib\site-packages\optuna\distributions.py:700: UserWarning: The distribution is specified by [15, 34] and step=6, but the range is not divisible by `step`. It will be replaced by [15, 33].
  warnings.warn(
C:\Users\הלל\Desktop\algo projects\trading-research-factory\walk forward engine\.venv\lib\site-packages\optuna\distributions.py:700: UserWarning: The distribution is specified by [10, 20] and step=4, but the range is not divisible by `step`. It will be replaced by [10, 18].
  warnings.warn(
[I 2026-05-29 01:21:28,324] Trial 24 finished with value: -1.1893751460720485 and parameters: {'fast_sma_period': 5, 'slow_sma_period': 27, 'stop_loss_atr_multiplier': 1.0, 'atr_period': 14}. Best is trial 6 with value: -1.1893751460720485.
C:\Users\הלל\Desktop\algo projects\trading-research-factory\walk forward engine\.venv\lib\site-packages\optuna\distributions.py:700: UserWarning: The distribution is specified by [5, 12] and step=3, but the range is not divisible by `step`. It will be replaced by [5, 11].
  warnings.warn(
[I 2026-05-29 01:21:28,500] Trial 25 finished with value: -1.1893751460720485 and parameters: {'fast_sma_period': 5, 'slow_sma_period': 27, 'stop_loss_atr_multiplier': 1.0, 'atr_period': 14}. Best is trial 6 with value: -1.1893751460720485.
C:\Users\הלל\Desktop\algo projects\trading-research-factory\walk forward engine\.venv\lib\site-packages\optuna\distributions.py:700: UserWarning: The distribution is specified by [5, 12] and step=3, but the range is not divisible by `step`. It will be replaced by [5, 11].
  warnings.warn(
C:\Users\הלל\Desktop\algo projects\trading-research-factory\walk forward engine\.venv\lib\site-packages\optuna\distributions.py:700: UserWarning: The distribution is specified by [15, 34] and step=6, but the range is not divisible by `step`. It will be replaced by [15, 33].
  warnings.warn(
C:\Users\הלל\Desktop\algo projects\trading-research-factory\walk forward engine\.venv\lib\site-packages\optuna\distributions.py:700: UserWarning: The distribution is specified by [10, 20] and step=4, but the range is not divisible by `step`. It will be replaced by [10, 18].
  warnings.warn(
[I 2026-05-29 01:21:28,795] Trial 27 finished with value: -1.1893751460720485 and parameters: {'fast_sma_period': 5, 'slow_sma_period': 33, 'stop_loss_atr_multiplier': 2.5, 'atr_period': 14}. Best is trial 6 with value: -1.1893751460720485.
[I 2026-05-29 01:21:28,797] Trial 26 finished with value: -1.1893751460720485 and parameters: {'fast_sma_period': 11, 'slow_sma_period': 21, 'stop_loss_atr_multiplier': 1.5, 'atr_period': 18}. Best is trial 6 with value: -1.1893751460720485.
C:\Users\הלל\Desktop\algo projects\trading-research-factory\walk forward engine\.venv\lib\site-packages\optuna\distributions.py:700: UserWarning: The distribution is specified by [5, 12] and step=3, but the range is not divisible by `step`. It will be replaced by [5, 11].
  warnings.warn(
C:\Users\הלל\Desktop\algo projects\trading-research-factory\walk forward engine\.venv\lib\site-packages\optuna\distributions.py:700: UserWarning: The distribution is specified by [15, 34] and step=6, but the range is not divisible by `step`. It will be replaced by [15, 33].
  warnings.warn(
C:\Users\הלל\Desktop\algo projects\trading-research-factory\walk forward engine\.venv\lib\site-packages\optuna\distributions.py:700: UserWarning: The distribution is specified by [10, 20] and step=4, but the range is not divisible by `step`. It will be replaced by [10, 18].
  warnings.warn(
C:\Users\הלל\Desktop\algo projects\trading-research-factory\walk forward engine\.venv\lib\site-packages\optuna\distributions.py:700: UserWarning: The distribution is specified by [15, 34] and step=6, but the range is not divisible by `step`. It will be replaced by [15, 33].
  warnings.warn(
[I 2026-05-29 01:21:29,170] Trial 30 finished with value: -1.1893751460720485 and parameters: {'fast_sma_period': 11, 'slow_sma_period': 27, 'stop_loss_atr_multiplier': 2.5, 'atr_period': 18}. Best is trial 6 with value: -1.1893751460720485.
C:\Users\הלל\Desktop\algo projects\trading-research-factory\walk forward engine\.venv\lib\site-packages\optuna\distributions.py:700: UserWarning: The distribution is specified by [10, 20] and step=4, but the range is not divisible by `step`. It will be replaced by [10, 18].
  warnings.warn(
