[I 2026-05-29 01:18:37,659] Trial 26 finished with value: -0.6310687493588601 and parameters: {'fast_sma_period': 5, 'slow_sma_period': 33, 'stop_loss_atr_multiplier': 2.0, 'atr_period': 10}. Best is trial 3 with value: -0.6310687493588601.
C:\Users\הלל\Desktop\algo projects\trading-research-factory\walk forward engine\.venv\lib\site-packages\optuna\distributions.py:700: UserWarning: The distribution is specified by [5, 12] and step=3, but the range is not divisible by `step`. It will be replaced by [5, 11].
  warnings.warn(
C:\Users\הלל\Desktop\algo projects\trading-research-factory\walk forward engine\.venv\lib\site-packages\optuna\distributions.py:700: UserWarning: The distribution is specified by [15, 34] and step=6, but the range is not divisible by `step`. It will be replaced by [15, 33].
  warnings.warn(
C:\Users\הלל\Desktop\algo projects\trading-research-factory\walk forward engine\.venv\lib\site-packages\optuna\distributions.py:700: UserWarning: The distribution is specified by [10, 20] and step=4, but the range is not divisible by `step`. It will be replaced by [10, 18].
  warnings.warn(
[I 2026-05-29 01:18:37,825] Trial 27 finished with value: -0.6310687493588601 and parameters: {'fast_sma_period': 5, 'slow_sma_period': 27, 'stop_loss_atr_multiplier': 2.5, 'atr_period': 10}. Best is trial 3 with value: -0.6310687493588601.
[I 2026-05-29 01:18:37,851] Trial 28 finished with value: -0.6310687493588601 and parameters: {'fast_sma_period': 5, 'slow_sma_period': 33, 'stop_loss_atr_multiplier': 1.5, 'atr_period': 18}. Best is trial 3 with value: -0.6310687493588601.
[I 2026-05-29 01:18:37,872] Trial 30 finished with value: -0.6310687493588601 and parameters: {'fast_sma_period': 5, 'slow_sma_period': 33, 'stop_loss_atr_multiplier': 1.0, 'atr_period': 18}. Best is trial 3 with value: -0.6310687493588601.
C:\Users\הלל\Desktop\algo projects\trading-research-factory\walk forward engine\.venv\lib\site-packages\optuna\distributions.py:700: UserWarning: The distribution is specified by [15, 34] and step=6, but the range is not divisible by `step`. It will be replaced by [15, 33].
  warnings.warn(
C:\Users\הלל\Desktop\algo projects\trading-research-factory\walk forward engine\.venv\lib\site-packages\optuna\distributions.py:700: UserWarning: The distribution is specified by [10, 20] and step=4, but the range is not divisible by `step`. It will be replaced by [10, 18].
  warnings.warn(
C:\Users\הלל\Desktop\algo projects\trading-research-factory\walk forward engine\.venv\lib\site-packages\optuna\distributions.py:700: UserWarning: The distribution is specified by [5, 12] and step=3, but the range is not divisible by `step`. It will be replaced by [5, 11].
  warnings.warn(
[I 2026-05-29 01:18:38,140] Trial 29 finished with value: -0.6310687493588601 and parameters: {'fast_sma_period': 5, 'slow_sma_period': 33, 'stop_loss_atr_multiplier': 1.0, 'atr_period': 18}. Best is trial 3 with value: -0.6310687493588601.
C:\Users\הלל\Desktop\algo projects\trading-research-factory\walk forward engine\.venv\lib\site-packages\optuna\distributions.py:700: UserWarning: The distribution is specified by [15, 34] and step=6, but the range is not divisible by `step`. It will be replaced by [15, 33].
  warnings.warn(
C:\Users\הלל\Desktop\algo projects\trading-research-factory\walk forward engine\.venv\lib\site-packages\optuna\distributions.py:700: UserWarning: The distribution is specified by [10, 20] and step=4, but the range is not divisible by `step`. It will be replaced by [10, 18].
  warnings.warn(
[I 2026-05-29 01:18:38,150] Trial 31 finished with value: -0.6310687493588601 and parameters: {'fast_sma_period': 5, 'slow_sma_period': 33, 'stop_loss_atr_multiplier': 2.0, 'atr_period': 14}. Best is trial 3 with value: -0.6310687493588601.
C:\Users\הלל\Desktop\algo projects\trading-research-factory\walk forward engine\.venv\lib\site-packages\optuna\distributions.py:700: UserWarning: The distribution is specified by [5, 12] and step=3, but the range is not divisible by `step`. It will be replaced by [5, 11].
  warnings.warn(
C:\Users\הלל\Desktop\algo projects\trading-research-factory\walk forward engine\.venv\lib\site-packages\optuna\distributions.py:700: UserWarning: The distribution is specified by [15, 34] and step=6, but the range is not divisible by `step`. It will be replaced by [15, 33].
  warnings.warn(
C:\Users\הלל\Desktop\algo projects\trading-research-factory\walk forward engine\.venv\lib\site-packages\optuna\distributions.py:700: UserWarning: The distribution is specified by [10, 20] and step=4, but the range is not divisible by `step`. It will be replaced by [10, 18].
  warnings.warn(
C:\Users\הלל\Desktop\algo projects\trading-research-factory\walk forward engine\.venv\lib\site-packages\optuna\distributions.py:700: UserWarning: The distribution is specified by [15, 34] and step=6, but the range is not divisible by `step`. It will be replaced by [15, 33].
  warnings.warn(
C:\Users\הלל\Desktop\algo projects\trading-research-factory\walk forward engine\.venv\lib\site-packages\optuna\distributions.py:700: UserWarning: The distribution is specified by [10, 20] and step=4, but the range is not divisible by `step`. It will be replaced by [10, 18].
  warnings.warn(
C:\Users\הלל\Desktop\algo projects\trading-research-factory\walk forward engine\.venv\lib\site-packages\optuna\distributions.py:700: UserWarning: The distribution is specified by [15, 34] and step=6, but the range is not divisible by `step`. It will be replaced by [15, 33].
  warnings.warn(
C:\Users\הלל\Desktop\algo projects\trading-research-factory\walk forward engine\.venv\lib\site-packages\optuna\distributions.py:700: UserWarning: The distribution is specified by [10, 20] and step=4, but the range is not divisible by `step`. It will be replaced by [10, 18].
  warnings.warn(
[I 2026-05-29 01:18:38,839] Trial 32 finished with value: -0.6310687493588601 and parameters: {'fast_sma_period': 5, 'slow_sma_period': 33, 'stop_loss_atr_multiplier': 2.5, 'atr_period': 14}. Best is trial 3 with value: -0.6310687493588601.
[I 2026-05-29 01:18:38,855] Trial 33 finished with value: -0.6310687493588601 and parameters: {'fast_sma_period': 8, 'slow_sma_period': 33, 'stop_loss_atr_multiplier': 1.0, 'atr_period': 18}. Best is trial 3 with value: -0.6310687493588601.
C:\Users\הלל\Desktop\algo projects\trading-research-factory\walk forward engine\.venv\lib\site-packages\optuna\distributions.py:700: UserWarning: The distribution is specified by [5, 12] and step=3, but the range is not divisible by `step`. It will be replaced by [5, 11].
  warnings.warn(
C:\Users\הלל\Desktop\algo projects\trading-research-factory\walk forward engine\.venv\lib\site-packages\optuna\distributions.py:700: UserWarning: The distribution is specified by [15, 34] and step=6, but the range is not divisible by `step`. It will be replaced by [15, 33].
  warnings.warn(
C:\Users\הלל\Desktop\algo projects\trading-research-factory\walk forward engine\.venv\lib\site-packages\optuna\distributions.py:700: UserWarning: The distribution is specified by [10, 20] and step=4, but the range is not divisible by `step`. It will be replaced by [10, 18].
  warnings.warn(
C:\Users\הלל\Desktop\algo projects\trading-research-factory\walk forward engine\.venv\lib\site-packages\optuna\distributions.py:700: UserWarning: The distribution is specified by [15, 34] and step=6, but the range is not divisible by `step`. It will be replaced by [15, 33].
  warnings.warn(
[I 2026-05-29 01:18:39,334] Trial 34 finished with value: -0.6310687493588601 and parameters: {'fast_sma_period': 5, 'slow_sma_period': 33, 'stop_loss_atr_multiplier': 1.0, 'atr_period': 14}. Best is trial 3 with value: -0.6310687493588601.
C:\Users\הלל\Desktop\algo projects\trading-research-factory\walk forward engine\.venv\lib\site-packages\optuna\distributions.py:700: UserWarning: The distribution is specified by [10, 20] and step=4, but the range is not divisible by `step`. It will be replaced by [10, 18].
  warnings.warn(
C:\Users\הלל\Desktop\algo projects\trading-research-factory\walk forward engine\.venv\lib\site-packages\optuna\distributions.py:700: UserWarning: The distribution is specified by [5, 12] and step=3, but the range is not divisible by `step`. It will be replaced by [5, 11].
  warnings.warn(
[I 2026-05-29 01:18:39,404] Trial 35 finished with value: -0.6310687493588601 and parameters: {'fast_sma_period': 5, 'slow_sma_period': 15, 'stop_loss_atr_multiplier': 1.0, 'atr_period': 10}. Best is trial 3 with value: -0.6310687493588601.
[I 2026-05-29 01:18:39,554] Trial 37 finished with value: -0.6310687493588601 and parameters: {'fast_sma_period': 5, 'slow_sma_period': 21, 'stop_loss_atr_multiplier': 1.5, 'atr_period': 14}. Best is trial 3 with value: -0.6310687493588601.
[I 2026-05-29 01:18:39,667] Trial 39 finished with value: -0.6310687493588601 and parameters: {'fast_sma_period': 5, 'slow_sma_period': 21, 'stop_loss_atr_multiplier': 1.0, 'atr_period': 10}. Best is trial 3 with value: -0.6310687493588601.
[I 2026-05-29 01:18:39,668] Trial 38 finished with value: -0.6310687493588601 and parameters: {'fast_sma_period': 5, 'slow_sma_period': 21, 'stop_loss_atr_multiplier': 1.0, 'atr_period': 14}. Best is trial 3 with value: -0.6310687493588601.
[I 2026-05-29 01:18:39,725] Trial 36 finished with value: -0.6310687493588601 and parameters: {'fast_sma_period': 5, 'slow_sma_period': 15, 'stop_loss_atr_multiplier': 1.0, 'atr_period': 10}. Best is trial 3 with value: -0.6310687493588601.
C:\Users\הלל\Desktop\algo projects\trading-research-factory\walk forward engine\.venv\lib\site-packages\optuna\distributions.py:700: UserWarning: The distribution is specified by [15, 34] and step=6, but the range is not divisible by `step`. It will be replaced by [15, 33].
  warnings.warn(
C:\Users\הלל\Desktop\algo projects\trading-research-factory\walk forward engine\.venv\lib\site-packages\optuna\distributions.py:700: UserWarning: The distribution is specified by [10, 20] and step=4, but the range is not divisible by `step`. It will be replaced by [10, 18].
  warnings.warn(
C:\Users\הלל\Desktop\algo projects\trading-research-factory\walk forward engine\.venv\lib\site-packages\optuna\distributions.py:700: UserWarning: The distribution is specified by [15, 34] and step=6, but the range is not divisible by `step`. It will be replaced by [15, 33].
  warnings.warn(
C:\Users\הלל\Desktop\algo projects\trading-research-factory\walk forward engine\.venv\lib\site-packages\optuna\distributions.py:700: UserWarning: The distribution is specified by [10, 20] and step=4, but the range is not divisible by `step`. It will be replaced by [10, 18].
  warnings.warn(
C:\Users\הלל\Desktop\algo projects\trading-research-factory\walk forward engine\.venv\lib\site-packages\optuna\distributions.py:700: UserWarning: The distribution is specified by [15, 34] and step=6, but the range is not divisible by `step`. It will be replaced by [15, 33].
  warnings.warn(
C:\Users\הלל\Desktop\algo projects\trading-research-factory\walk forward engine\.venv\lib\site-packages\optuna\distributions.py:700: UserWarning: The distribution is specified by [10, 20] and step=4, but the range is not divisible by `step`. It will be replaced by [10, 18].
  warnings.warn(
C:\Users\הלל\Desktop\algo projects\trading-research-factory\walk forward engine\.venv\lib\site-packages\optuna\distributions.py:700: UserWarning: The distribution is specified by [15, 34] and step=6, but the range is not divisible by `step`. It will be replaced by [15, 33].
  warnings.warn(
C:\Users\הלל\Desktop\algo projects\trading-research-factory\walk forward engine\.venv\lib\site-packages\optuna\distributions.py:700: UserWarning: The distribution is specified by [10, 20] and step=4, but the range is not divisible by `step`. It will be replaced by [10, 18].
  warnings.warn(
C:\Users\הלל\Desktop\algo projects\trading-research-factory\walk forward engine\.venv\lib\site-packages\optuna\distributions.py:700: UserWarning: The distribution is specified by [15, 34] and step=6, but the range is not divisible by `step`. It will be replaced by [15, 33].
  warnings.warn(
C:\Users\הלל\Desktop\algo projects\trading-research-factory\walk forward engine\.venv\lib\site-packages\optuna\distributions.py:700: UserWarning: The distribution is specified by [10, 20] and step=4, but the range is not divisible by `step`. It will be replaced by [10, 18].
  warnings.warn(
C:\Users\הלל\Desktop\algo projects\trading-research-factory\walk forward engine\.venv\lib\site-packages\optuna\distributions.py:700: UserWarning: The distribution is specified by [15, 34] and step=6, but the range is not divisible by `step`. It will be replaced by [15, 33].
  warnings.warn(
C:\Users\הלל\Desktop\algo projects\trading-research-factory\walk forward engine\.venv\lib\site-packages\optuna\distributions.py:700: UserWarning: The distribution is specified by [10, 20] and step=4, but the range is not divisible by `step`. It will be replaced by [10, 18].
  warnings.warn(
[I 2026-05-29 01:18:40,353] Trial 41 finished with value: -0.6310687493588601 and parameters: {'fast_sma_period': 5, 'slow_sma_period': 21, 'stop_loss_atr_multiplier': 1.5, 'atr_period': 10}. Best is trial 3 with value: -0.6310687493588601.
C:\Users\הלל\Desktop\algo projects\trading-research-factory\walk forward engine\.venv\lib\site-packages\optuna\distributions.py:700: UserWarning: The distribution is specified by [5, 12] and step=3, but the range is not divisible by `step`. It will be replaced by [5, 11].
  warnings.warn(
[I 2026-05-29 01:18:40,484] Trial 40 finished with value: -0.6310687493588601 and parameters: {'fast_sma_period': 5, 'slow_sma_period': 21, 'stop_loss_atr_multiplier': 1.0, 'atr_period': 14}. Best is trial 3 with value: -0.6310687493588601.
C:\Users\הלל\Desktop\algo projects\trading-research-factory\walk forward engine\.venv\lib\site-packages\optuna\distributions.py:700: UserWarning: The distribution is specified by [5, 12] and step=3, but the range is not divisible by `step`. It will be replaced by [5, 11].
  warnings.warn(
[I 2026-05-29 01:18:40,818] Trial 42 finished with value: -0.6310687493588601 and parameters: {'fast_sma_period': 5, 'slow_sma_period': 21, 'stop_loss_atr_multiplier': 1.0, 'atr_period': 14}. Best is trial 3 with value: -0.6310687493588601.
C:\Users\הלל\Desktop\algo projects\trading-research-factory\walk forward engine\.venv\lib\site-packages\optuna\distributions.py:700: UserWarning: The distribution is specified by [15, 34] and step=6, but the range is not divisible by `step`. It will be replaced by [15, 33].
  warnings.warn(
C:\Users\הלל\Desktop\algo projects\trading-research-factory\walk forward engine\.venv\lib\site-packages\optuna\distributions.py:700: UserWarning: The distribution is specified by [10, 20] and step=4, but the range is not divisible by `step`. It will be replaced by [10, 18].
  warnings.warn(
C:\Users\הלל\Desktop\algo projects\trading-research-factory\walk forward engine\.venv\lib\site-packages\optuna\distributions.py:700: UserWarning: The distribution is specified by [5, 12] and step=3, but the range is not divisible by `step`. It will be replaced by [5, 11].
  warnings.warn(
[I 2026-05-29 01:18:41,054] Trial 43 finished with value: -0.6310687493588601 and parameters: {'fast_sma_period': 5, 'slow_sma_period': 21, 'stop_loss_atr_multiplier': 1.0, 'atr_period': 14}. Best is trial 3 with value: -0.6310687493588601.
C:\Users\הלל\Desktop\algo projects\trading-research-factory\walk forward engine\.venv\lib\site-packages\optuna\distributions.py:700: UserWarning: The distribution is specified by [5, 12] and step=3, but the range is not divisible by `step`. It will be replaced by [5, 11].
  warnings.warn(
C:\Users\הלל\Desktop\algo projects\trading-research-factory\walk forward engine\.venv\lib\site-packages\optuna\distributions.py:700: UserWarning: The distribution is specified by [15, 34] and step=6, but the range is not divisible by `step`. It will be replaced by [15, 33].
  warnings.warn(
C:\Users\הלל\Desktop\algo projects\trading-research-factory\walk forward engine\.venv\lib\site-packages\optuna\distributions.py:700: UserWarning: The distribution is specified by [10, 20] and step=4, but the range is not divisible by `step`. It will be replaced by [10, 18].
  warnings.warn(
[I 2026-05-29 01:18:41,272] Trial 45 finished with value: -0.6310687493588601 and parameters: {'fast_sma_period': 8, 'slow_sma_period': 21, 'stop_loss_atr_multiplier': 2.0, 'atr_period': 14}. Best is trial 3 with value: -0.6310687493588601.
[I 2026-05-29 01:18:41,292] Trial 44 finished with value: -0.6310687493588601 and parameters: {'fast_sma_period': 5, 'slow_sma_period': 21, 'stop_loss_atr_multiplier': 1.0, 'atr_period': 14}. Best is trial 3 with value: -0.6310687493588601.
C:\Users\הלל\Desktop\algo projects\trading-research-factory\walk forward engine\.venv\lib\site-packages\optuna\distributions.py:700: UserWarning: The distribution is specified by [5, 12] and step=3, but the range is not divisible by `step`. It will be replaced by [5, 11].
  warnings.warn(
[I 2026-05-29 01:18:41,404] Trial 47 finished with value: -0.6310687493588601 and parameters: {'fast_sma_period': 8, 'slow_sma_period': 21, 'stop_loss_atr_multiplier': 2.0, 'atr_period': 14}. Best is trial 3 with value: -0.6310687493588601.
C:\Users\הלל\Desktop\algo projects\trading-research-factory\walk forward engine\.venv\lib\site-packages\optuna\distributions.py:700: UserWarning: The distribution is specified by [15, 34] and step=6, but the range is not divisible by `step`. It will be replaced by [15, 33].
  warnings.warn(
C:\Users\הלל\Desktop\algo projects\trading-research-factory\walk forward engine\.venv\lib\site-packages\optuna\distributions.py:700: UserWarning: The distribution is specified by [10, 20] and step=4, but the range is not divisible by `step`. It will be replaced by [10, 18].
  warnings.warn(
C:\Users\הלל\Desktop\algo projects\trading-research-factory\walk forward engine\.venv\lib\site-packages\optuna\distributions.py:700: UserWarning: The distribution is specified by [15, 34] and step=6, but the range is not divisible by `step`. It will be replaced by [15, 33].
  warnings.warn(
C:\Users\הלל\Desktop\algo projects\trading-research-factory\walk forward engine\.venv\lib\site-packages\optuna\distributions.py:700: UserWarning: The distribution is specified by [10, 20] and step=4, but the range is not divisible by `step`. It will be replaced by [10, 18].
  warnings.warn(
[I 2026-05-29 01:18:41,563] Trial 46 finished with value: -0.6310687493588601 and parameters: {'fast_sma_period': 8, 'slow_sma_period': 21, 'stop_loss_atr_multiplier': 2.0, 'atr_period': 14}. Best is trial 3 with value: -0.6310687493588601.
C:\Users\הלל\Desktop\algo projects\trading-research-factory\walk forward engine\.venv\lib\site-packages\optuna\distributions.py:700: UserWarning: The distribution is specified by [5, 12] and step=3, but the range is not divisible by `step`. It will be replaced by [5, 11].
  warnings.warn(
C:\Users\הלל\Desktop\algo projects\trading-research-factory\walk forward engine\.venv\lib\site-packages\optuna\distributions.py:700: UserWarning: The distribution is specified by [15, 34] and step=6, but the range is not divisible by `step`. It will be replaced by [15, 33].
  warnings.warn(
C:\Users\הלל\Desktop\algo projects\trading-research-factory\walk forward engine\.venv\lib\site-packages\optuna\distributions.py:700: UserWarning: The distribution is specified by [10, 20] and step=4, but the range is not divisible by `step`. It will be replaced by [10, 18].
  warnings.warn(
C:\Users\הלל\Desktop\algo projects\trading-research-factory\walk forward engine\.venv\lib\site-packages\optuna\distributions.py:700: UserWarning: The distribution is specified by [15, 34] and step=6, but the range is not divisible by `step`. It will be replaced by [15, 33].
  warnings.warn(
C:\Users\הלל\Desktop\algo projects\trading-research-factory\walk forward engine\.venv\lib\site-packages\optuna\distributions.py:700: UserWarning: The distribution is specified by [10, 20] and step=4, but the range is not divisible by `step`. It will be replaced by [10, 18].
  warnings.warn(
C:\Users\הלל\Desktop\algo projects\trading-research-factory\walk forward engine\.venv\lib\site-packages\optuna\distributions.py:700: UserWarning: The distribution is specified by [15, 34] and step=6, but the range is not divisible by `step`. It will be replaced by [15, 33].
  warnings.warn(
C:\Users\הלל\Desktop\algo projects\trading-research-factory\walk forward engine\.venv\lib\site-packages\optuna\distributions.py:700: UserWarning: The distribution is specified by [10, 20] and step=4, but the range is not divisible by `step`. It will be replaced by [10, 18].
  warnings.warn(
C:\Users\הלל\Desktop\algo projects\trading-research-factory\walk forward engine\.venv\lib\site-packages\optuna\distributions.py:700: UserWarning: The distribution is specified by [15, 34] and step=6, but the range is not divisible by `step`. It will be replaced by [15, 33].
  warnings.warn(
C:\Users\הלל\Desktop\algo projects\trading-research-factory\walk forward engine\.venv\lib\site-packages\optuna\distributions.py:700: UserWarning: The distribution is specified by [10, 20] and step=4, but the range is not divisible by `step`. It will be replaced by [10, 18].
  warnings.warn(
