[I 2026-05-29 16:26:53,765] Trial 2 finished with value: -9.6 and parameters: {'bb_period': 20, 'bb_std_extreme': 2.5, 'wick_ratio_min': 1.75, 'min_body_atr_pct': 0.1, 'rsi_h1_period': 14, 'rsi_kill_low': 35, 'rsi_kill_high': 65, 'atr_period': 14, 'atr_stop_mult': 2.0, 'min_rr_ratio': 1.0, 'session_start_london': 8, 'session_end_london': 16}. Best is trial 0 with value: -9.6.
[I 2026-05-29 16:26:53,784] Trial 7 finished with value: -9.6 and parameters: {'bb_period': 20, 'bb_std_extreme': 2.5, 'wick_ratio_min': 1.75, 'min_body_atr_pct': 0.1, 'rsi_h1_period': 14, 'rsi_kill_low': 35, 'rsi_kill_high': 65, 'atr_period': 14, 'atr_stop_mult': 2.0, 'min_rr_ratio': 1.0, 'session_start_london': 8, 'session_end_london': 16}. Best is trial 0 with value: -9.6.
[I 2026-05-29 16:26:54,744] Trial 8 finished with value: -9.6 and parameters: {'bb_period': 20, 'bb_std_extreme': 2.5, 'wick_ratio_min': 1.75, 'min_body_atr_pct': 0.1, 'rsi_h1_period': 14, 'rsi_kill_low': 35, 'rsi_kill_high': 65, 'atr_period': 14, 'atr_stop_mult': 2.0, 'min_rr_ratio': 1.0, 'session_start_london': 8, 'session_end_london': 16}. Best is trial 0 with value: -9.6.
[I 2026-05-29 16:26:55,165] Trial 9 finished with value: -9.6 and parameters: {'bb_period': 20, 'bb_std_extreme': 2.5, 'wick_ratio_min': 1.75, 'min_body_atr_pct': 0.1, 'rsi_h1_period': 14, 'rsi_kill_low': 35, 'rsi_kill_high': 65, 'atr_period': 14, 'atr_stop_mult': 2.0, 'min_rr_ratio': 1.0, 'session_start_london': 8, 'session_end_london': 16}. Best is trial 0 with value: -9.6.
[I 2026-05-29 16:26:55,412] Trial 10 finished with value: -9.6 and parameters: {'bb_period': 20, 'bb_std_extreme': 2.5, 'wick_ratio_min': 1.75, 'min_body_atr_pct': 0.1, 'rsi_h1_period': 14, 'rsi_kill_low': 35, 'rsi_kill_high': 65, 'atr_period': 14, 'atr_stop_mult': 2.0, 'min_rr_ratio': 1.0, 'session_start_london': 8, 'session_end_london': 16}. Best is trial 0 with value: -9.6.
[I 2026-05-29 16:26:55,713] Trial 13 finished with value: -9.6 and parameters: {'bb_period': 20, 'bb_std_extreme': 2.5, 'wick_ratio_min': 1.75, 'min_body_atr_pct': 0.1, 'rsi_h1_period': 14, 'rsi_kill_low': 35, 'rsi_kill_high': 65, 'atr_period': 14, 'atr_stop_mult': 2.0, 'min_rr_ratio': 1.0, 'session_start_london': 8, 'session_end_london': 16}. Best is trial 0 with value: -9.6.
[I 2026-05-29 16:26:55,806] Trial 12 finished with value: -9.6 and parameters: {'bb_period': 20, 'bb_std_extreme': 2.5, 'wick_ratio_min': 1.75, 'min_body_atr_pct': 0.1, 'rsi_h1_period': 14, 'rsi_kill_low': 35, 'rsi_kill_high': 65, 'atr_period': 14, 'atr_stop_mult': 2.0, 'min_rr_ratio': 1.0, 'session_start_london': 8, 'session_end_london': 16}. Best is trial 0 with value: -9.6.
[I 2026-05-29 16:26:55,975] Trial 11 finished with value: -9.6 and parameters: {'bb_period': 20, 'bb_std_extreme': 2.5, 'wick_ratio_min': 1.75, 'min_body_atr_pct': 0.1, 'rsi_h1_period': 14, 'rsi_kill_low': 35, 'rsi_kill_high': 65, 'atr_period': 14, 'atr_stop_mult': 2.0, 'min_rr_ratio': 1.0, 'session_start_london': 8, 'session_end_london': 16}. Best is trial 0 with value: -9.6.
[I 2026-05-29 16:26:55,999] Trial 15 finished with value: -9.6 and parameters: {'bb_period': 20, 'bb_std_extreme': 2.5, 'wick_ratio_min': 1.75, 'min_body_atr_pct': 0.1, 'rsi_h1_period': 14, 'rsi_kill_low': 35, 'rsi_kill_high': 65, 'atr_period': 14, 'atr_stop_mult': 2.0, 'min_rr_ratio': 1.0, 'session_start_london': 8, 'session_end_london': 16}. Best is trial 0 with value: -9.6.
[I 2026-05-29 16:26:56,095] Trial 14 finished with value: -9.6 and parameters: {'bb_period': 20, 'bb_std_extreme': 2.5, 'wick_ratio_min': 1.75, 'min_body_atr_pct': 0.1, 'rsi_h1_period': 14, 'rsi_kill_low': 35, 'rsi_kill_high': 65, 'atr_period': 14, 'atr_stop_mult': 2.0, 'min_rr_ratio': 1.0, 'session_start_london': 8, 'session_end_london': 16}. Best is trial 0 with value: -9.6.
[I 2026-05-29 16:26:56,198] Trial 16 finished with value: -9.6 and parameters: {'bb_period': 20, 'bb_std_extreme': 2.5, 'wick_ratio_min': 1.75, 'min_body_atr_pct': 0.1, 'rsi_h1_period': 14, 'rsi_kill_low': 35, 'rsi_kill_high': 65, 'atr_period': 14, 'atr_stop_mult': 2.0, 'min_rr_ratio': 1.0, 'session_start_london': 8, 'session_end_london': 16}. Best is trial 0 with value: -9.6.
[I 2026-05-29 16:26:56,646] Trial 17 finished with value: -9.6 and parameters: {'bb_period': 20, 'bb_std_extreme': 2.5, 'wick_ratio_min': 1.75, 'min_body_atr_pct': 0.1, 'rsi_h1_period': 14, 'rsi_kill_low': 35, 'rsi_kill_high': 65, 'atr_period': 14, 'atr_stop_mult': 2.0, 'min_rr_ratio': 1.0, 'session_start_london': 8, 'session_end_london': 16}. Best is trial 0 with value: -9.6.
[I 2026-05-29 16:26:56,711] Trial 18 finished with value: -9.6 and parameters: {'bb_period': 20, 'bb_std_extreme': 2.5, 'wick_ratio_min': 1.75, 'min_body_atr_pct': 0.1, 'rsi_h1_period': 14, 'rsi_kill_low': 35, 'rsi_kill_high': 65, 'atr_period': 14, 'atr_stop_mult': 2.0, 'min_rr_ratio': 1.0, 'session_start_london': 8, 'session_end_london': 16}. Best is trial 0 with value: -9.6.
[I 2026-05-29 16:26:56,771] Trial 19 finished with value: -9.6 and parameters: {'bb_period': 20, 'bb_std_extreme': 2.5, 'wick_ratio_min': 1.75, 'min_body_atr_pct': 0.1, 'rsi_h1_period': 14, 'rsi_kill_low': 35, 'rsi_kill_high': 65, 'atr_period': 14, 'atr_stop_mult': 2.0, 'min_rr_ratio': 1.0, 'session_start_london': 8, 'session_end_london': 16}. Best is trial 0 with value: -9.6.
C:\Users\הלל\Desktop\algo projects\trading-research-factory\walk forward engine\.venv\lib\site-packages\optuna\samplers\_tpe\sampler.py:319: ExperimentalWarning: ``multivariate`` option is an experimental feature. The interface can change in the future.
  warnings.warn(
[I 2026-05-29 16:26:57,195] A new study created in memory with name: no-name-9f61007a-f4db-448d-9795-612c46c2f793
[I 2026-05-29 16:26:58,581] Trial 0 finished with value: -1.0542811095953097 and parameters: {'bb_period': 20, 'bb_std_extreme': 2.5, 'wick_ratio_min': 1.75, 'min_body_atr_pct': 0.1, 'rsi_h1_period': 14, 'rsi_kill_low': 35, 'rsi_kill_high': 65, 'atr_period': 14, 'atr_stop_mult': 2.0, 'min_rr_ratio': 1.0, 'session_start_london': 8, 'session_end_london': 16}. Best is trial 0 with value: -1.0542811095953097.
[I 2026-05-29 16:26:59,055] Trial 3 finished with value: -1.0542811095953097 and parameters: {'bb_period': 20, 'bb_std_extreme': 2.5, 'wick_ratio_min': 1.75, 'min_body_atr_pct': 0.1, 'rsi_h1_period': 14, 'rsi_kill_low': 35, 'rsi_kill_high': 65, 'atr_period': 14, 'atr_stop_mult': 2.0, 'min_rr_ratio': 1.0, 'session_start_london': 8, 'session_end_london': 16}. Best is trial 0 with value: -1.0542811095953097.
[I 2026-05-29 16:26:59,427] Trial 1 finished with value: -1.0542811095953097 and parameters: {'bb_period': 20, 'bb_std_extreme': 2.5, 'wick_ratio_min': 1.75, 'min_body_atr_pct': 0.1, 'rsi_h1_period': 14, 'rsi_kill_low': 35, 'rsi_kill_high': 65, 'atr_period': 14, 'atr_stop_mult': 2.0, 'min_rr_ratio': 1.0, 'session_start_london': 8, 'session_end_london': 16}. Best is trial 0 with value: -1.0542811095953097.
[I 2026-05-29 16:26:59,701] Trial 2 finished with value: -1.0542811095953097 and parameters: {'bb_period': 20, 'bb_std_extreme': 2.5, 'wick_ratio_min': 1.75, 'min_body_atr_pct': 0.1, 'rsi_h1_period': 14, 'rsi_kill_low': 35, 'rsi_kill_high': 65, 'atr_period': 14, 'atr_stop_mult': 2.0, 'min_rr_ratio': 1.0, 'session_start_london': 8, 'session_end_london': 16}. Best is trial 0 with value: -1.0542811095953097.
[I 2026-05-29 16:26:59,970] Trial 6 finished with value: -1.0542811095953097 and parameters: {'bb_period': 20, 'bb_std_extreme': 2.5, 'wick_ratio_min': 1.75, 'min_body_atr_pct': 0.1, 'rsi_h1_period': 14, 'rsi_kill_low': 35, 'rsi_kill_high': 65, 'atr_period': 14, 'atr_stop_mult': 2.0, 'min_rr_ratio': 1.0, 'session_start_london': 8, 'session_end_london': 16}. Best is trial 0 with value: -1.0542811095953097.
[I 2026-05-29 16:27:00,020] Trial 4 finished with value: -1.0542811095953097 and parameters: {'bb_period': 20, 'bb_std_extreme': 2.5, 'wick_ratio_min': 1.75, 'min_body_atr_pct': 0.1, 'rsi_h1_period': 14, 'rsi_kill_low': 35, 'rsi_kill_high': 65, 'atr_period': 14, 'atr_stop_mult': 2.0, 'min_rr_ratio': 1.0, 'session_start_london': 8, 'session_end_london': 16}. Best is trial 0 with value: -1.0542811095953097.
[I 2026-05-29 16:27:00,462] Trial 5 finished with value: -1.0542811095953097 and parameters: {'bb_period': 20, 'bb_std_extreme': 2.5, 'wick_ratio_min': 1.75, 'min_body_atr_pct': 0.1, 'rsi_h1_period': 14, 'rsi_kill_low': 35, 'rsi_kill_high': 65, 'atr_period': 14, 'atr_stop_mult': 2.0, 'min_rr_ratio': 1.0, 'session_start_london': 8, 'session_end_london': 16}. Best is trial 0 with value: -1.0542811095953097.
[I 2026-05-29 16:27:00,537] Trial 7 finished with value: -1.0542811095953097 and parameters: {'bb_period': 20, 'bb_std_extreme': 2.5, 'wick_ratio_min': 1.75, 'min_body_atr_pct': 0.1, 'rsi_h1_period': 14, 'rsi_kill_low': 35, 'rsi_kill_high': 65, 'atr_period': 14, 'atr_stop_mult': 2.0, 'min_rr_ratio': 1.0, 'session_start_london': 8, 'session_end_london': 16}. Best is trial 0 with value: -1.0542811095953097.
[I 2026-05-29 16:27:01,395] Trial 8 finished with value: -1.0542811095953097 and parameters: {'bb_period': 20, 'bb_std_extreme': 2.5, 'wick_ratio_min': 1.75, 'min_body_atr_pct': 0.1, 'rsi_h1_period': 14, 'rsi_kill_low': 35, 'rsi_kill_high': 65, 'atr_period': 14, 'atr_stop_mult': 2.0, 'min_rr_ratio': 1.0, 'session_start_london': 8, 'session_end_london': 16}. Best is trial 0 with value: -1.0542811095953097.
[I 2026-05-29 16:27:01,909] Trial 9 finished with value: -1.0542811095953097 and parameters: {'bb_period': 20, 'bb_std_extreme': 2.5, 'wick_ratio_min': 1.75, 'min_body_atr_pct': 0.1, 'rsi_h1_period': 14, 'rsi_kill_low': 35, 'rsi_kill_high': 65, 'atr_period': 14, 'atr_stop_mult': 2.0, 'min_rr_ratio': 1.0, 'session_start_london': 8, 'session_end_london': 16}. Best is trial 0 with value: -1.0542811095953097.
[I 2026-05-29 16:27:02,228] Trial 10 finished with value: -1.0542811095953097 and parameters: {'bb_period': 20, 'bb_std_extreme': 2.5, 'wick_ratio_min': 1.75, 'min_body_atr_pct': 0.1, 'rsi_h1_period': 14, 'rsi_kill_low': 35, 'rsi_kill_high': 65, 'atr_period': 14, 'atr_stop_mult': 2.0, 'min_rr_ratio': 1.0, 'session_start_london': 8, 'session_end_london': 16}. Best is trial 0 with value: -1.0542811095953097.
[I 2026-05-29 16:27:02,263] Trial 11 finished with value: -1.0542811095953097 and parameters: {'bb_period': 20, 'bb_std_extreme': 2.5, 'wick_ratio_min': 1.75, 'min_body_atr_pct': 0.1, 'rsi_h1_period': 14, 'rsi_kill_low': 35, 'rsi_kill_high': 65, 'atr_period': 14, 'atr_stop_mult': 2.0, 'min_rr_ratio': 1.0, 'session_start_london': 8, 'session_end_london': 16}. Best is trial 0 with value: -1.0542811095953097.
[I 2026-05-29 16:27:02,776] Trial 12 finished with value: -1.0542811095953097 and parameters: {'bb_period': 20, 'bb_std_extreme': 2.5, 'wick_ratio_min': 1.75, 'min_body_atr_pct': 0.1, 'rsi_h1_period': 14, 'rsi_kill_low': 35, 'rsi_kill_high': 65, 'atr_period': 14, 'atr_stop_mult': 2.0, 'min_rr_ratio': 1.0, 'session_start_london': 8, 'session_end_london': 16}. Best is trial 0 with value: -1.0542811095953097.
[I 2026-05-29 16:27:02,867] Trial 13 finished with value: -1.0542811095953097 and parameters: {'bb_period': 20, 'bb_std_extreme': 2.5, 'wick_ratio_min': 1.75, 'min_body_atr_pct': 0.1, 'rsi_h1_period': 14, 'rsi_kill_low': 35, 'rsi_kill_high': 65, 'atr_period': 14, 'atr_stop_mult': 2.0, 'min_rr_ratio': 1.0, 'session_start_london': 8, 'session_end_london': 16}. Best is trial 0 with value: -1.0542811095953097.
[I 2026-05-29 16:27:03,076] Trial 14 finished with value: -1.0542811095953097 and parameters: {'bb_period': 20, 'bb_std_extreme': 2.5, 'wick_ratio_min': 1.75, 'min_body_atr_pct': 0.1, 'rsi_h1_period': 14, 'rsi_kill_low': 35, 'rsi_kill_high': 65, 'atr_period': 14, 'atr_stop_mult': 2.0, 'min_rr_ratio': 1.0, 'session_start_london': 8, 'session_end_london': 16}. Best is trial 0 with value: -1.0542811095953097.
[I 2026-05-29 16:27:03,087] Trial 15 finished with value: -1.0542811095953097 and parameters: {'bb_period': 20, 'bb_std_extreme': 2.5, 'wick_ratio_min': 1.75, 'min_body_atr_pct': 0.1, 'rsi_h1_period': 14, 'rsi_kill_low': 35, 'rsi_kill_high': 65, 'atr_period': 14, 'atr_stop_mult': 2.0, 'min_rr_ratio': 1.0, 'session_start_london': 8, 'session_end_london': 16}. Best is trial 0 with value: -1.0542811095953097.
[I 2026-05-29 16:27:03,209] Trial 16 finished with value: -1.0542811095953097 and parameters: {'bb_period': 20, 'bb_std_extreme': 2.5, 'wick_ratio_min': 1.75, 'min_body_atr_pct': 0.1, 'rsi_h1_period': 14, 'rsi_kill_low': 35, 'rsi_kill_high': 65, 'atr_period': 14, 'atr_stop_mult': 2.0, 'min_rr_ratio': 1.0, 'session_start_london': 8, 'session_end_london': 16}. Best is trial 0 with value: -1.0542811095953097.
[I 2026-05-29 16:27:03,454] Trial 17 finished with value: -1.0542811095953097 and parameters: {'bb_period': 20, 'bb_std_extreme': 2.5, 'wick_ratio_min': 1.75, 'min_body_atr_pct': 0.1, 'rsi_h1_period': 14, 'rsi_kill_low': 35, 'rsi_kill_high': 65, 'atr_period': 14, 'atr_stop_mult': 2.0, 'min_rr_ratio': 1.0, 'session_start_london': 8, 'session_end_london': 16}. Best is trial 0 with value: -1.0542811095953097.
[I 2026-05-29 16:27:03,564] Trial 19 finished with value: -1.0542811095953097 and parameters: {'bb_period': 20, 'bb_std_extreme': 2.5, 'wick_ratio_min': 1.75, 'min_body_atr_pct': 0.1, 'rsi_h1_period': 14, 'rsi_kill_low': 35, 'rsi_kill_high': 65, 'atr_period': 14, 'atr_stop_mult': 2.0, 'min_rr_ratio': 1.0, 'session_start_london': 8, 'session_end_london': 16}. Best is trial 0 with value: -1.0542811095953097.
[I 2026-05-29 16:27:03,631] Trial 18 finished with value: -1.0542811095953097 and parameters: {'bb_period': 20, 'bb_std_extreme': 2.5, 'wick_ratio_min': 1.75, 'min_body_atr_pct': 0.1, 'rsi_h1_period': 14, 'rsi_kill_low': 35, 'rsi_kill_high': 65, 'atr_period': 14, 'atr_stop_mult': 2.0, 'min_rr_ratio': 1.0, 'session_start_london': 8, 'session_end_london': 16}. Best is trial 0 with value: -1.0542811095953097.
C:\Users\הלל\Desktop\algo projects\trading-research-factory\walk forward engine\.venv\lib\site-packages\optuna\samplers\_tpe\sampler.py:319: ExperimentalWarning: ``multivariate`` option is an experimental feature. The interface can change in the future.
  warnings.warn(
[I 2026-05-29 16:27:04,273] A new study created in memory with name: no-name-42c62c34-b33a-4451-9fca-a64ba523e9d0
[I 2026-05-29 16:27:05,389] Trial 0 finished with value: -2.5623721484081363 and parameters: {'bb_period': 20, 'bb_std_extreme': 2.5, 'wick_ratio_min': 1.75, 'min_body_atr_pct': 0.1, 'rsi_h1_period': 14, 'rsi_kill_low': 35, 'rsi_kill_high': 65, 'atr_period': 14, 'atr_stop_mult': 2.0, 'min_rr_ratio': 1.0, 'session_start_london': 8, 'session_end_london': 16}. Best is trial 0 with value: -2.5623721484081363.
[I 2026-05-29 16:27:05,996] Trial 1 finished with value: -2.5623721484081363 and parameters: {'bb_period': 20, 'bb_std_extreme': 2.5, 'wick_ratio_min': 1.75, 'min_body_atr_pct': 0.1, 'rsi_h1_period': 14, 'rsi_kill_low': 35, 'rsi_kill_high': 65, 'atr_period': 14, 'atr_stop_mult': 2.0, 'min_rr_ratio': 1.0, 'session_start_london': 8, 'session_end_london': 16}. Best is trial 0 with value: -2.5623721484081363.
[I 2026-05-29 16:27:06,341] Trial 3 finished with value: -2.5623721484081363 and parameters: {'bb_period': 20, 'bb_std_extreme': 2.5, 'wick_ratio_min': 1.75, 'min_body_atr_pct': 0.1, 'rsi_h1_period': 14, 'rsi_kill_low': 35, 'rsi_kill_high': 65, 'atr_period': 14, 'atr_stop_mult': 2.0, 'min_rr_ratio': 1.0, 'session_start_london': 8, 'session_end_london': 16}. Best is trial 0 with value: -2.5623721484081363.
[I 2026-05-29 16:27:06,746] Trial 6 finished with value: -2.5623721484081363 and parameters: {'bb_period': 20, 'bb_std_extreme': 2.5, 'wick_ratio_min': 1.75, 'min_body_atr_pct': 0.1, 'rsi_h1_period': 14, 'rsi_kill_low': 35, 'rsi_kill_high': 65, 'atr_period': 14, 'atr_stop_mult': 2.0, 'min_rr_ratio': 1.0, 'session_start_london': 8, 'session_end_london': 16}. Best is trial 0 with value: -2.5623721484081363.
[I 2026-05-29 16:27:06,854] Trial 5 finished with value: -2.5623721484081363 and parameters: {'bb_period': 20, 'bb_std_extreme': 2.5, 'wick_ratio_min': 1.75, 'min_body_atr_pct': 0.1, 'rsi_h1_period': 14, 'rsi_kill_low': 35, 'rsi_kill_high': 65, 'atr_period': 14, 'atr_stop_mult': 2.0, 'min_rr_ratio': 1.0, 'session_start_london': 8, 'session_end_london': 16}. Best is trial 0 with value: -2.5623721484081363.
[I 2026-05-29 16:27:06,869] Trial 2 finished with value: -2.5623721484081363 and parameters: {'bb_period': 20, 'bb_std_extreme': 2.5, 'wick_ratio_min': 1.75, 'min_body_atr_pct': 0.1, 'rsi_h1_period': 14, 'rsi_kill_low': 35, 'rsi_kill_high': 65, 'atr_period': 14, 'atr_stop_mult': 2.0, 'min_rr_ratio': 1.0, 'session_start_london': 8, 'session_end_london': 16}. Best is trial 0 with value: -2.5623721484081363.
[I 2026-05-29 16:27:07,073] Trial 4 finished with value: -2.5623721484081363 and parameters: {'bb_period': 20, 'bb_std_extreme': 2.5, 'wick_ratio_min': 1.75, 'min_body_atr_pct': 0.1, 'rsi_h1_period': 14, 'rsi_kill_low': 35, 'rsi_kill_high': 65, 'atr_period': 14, 'atr_stop_mult': 2.0, 'min_rr_ratio': 1.0, 'session_start_london': 8, 'session_end_london': 16}. Best is trial 0 with value: -2.5623721484081363.
[I 2026-05-29 16:27:07,108] Trial 7 finished with value: -2.5623721484081363 and parameters: {'bb_period': 20, 'bb_std_extreme': 2.5, 'wick_ratio_min': 1.75, 'min_body_atr_pct': 0.1, 'rsi_h1_period': 14, 'rsi_kill_low': 35, 'rsi_kill_high': 65, 'atr_period': 14, 'atr_stop_mult': 2.0, 'min_rr_ratio': 1.0, 'session_start_london': 8, 'session_end_london': 16}. Best is trial 0 with value: -2.5623721484081363.
[I 2026-05-29 16:27:07,843] Trial 8 finished with value: -2.5623721484081363 and parameters: {'bb_period': 20, 'bb_std_extreme': 2.5, 'wick_ratio_min': 1.75, 'min_body_atr_pct': 0.1, 'rsi_h1_period': 14, 'rsi_kill_low': 35, 'rsi_kill_high': 65, 'atr_period': 14, 'atr_stop_mult': 2.0, 'min_rr_ratio': 1.0, 'session_start_london': 8, 'session_end_london': 16}. Best is trial 0 with value: -2.5623721484081363.
[I 2026-05-29 16:27:08,095] Trial 9 finished with value: -2.5623721484081363 and parameters: {'bb_period': 20, 'bb_std_extreme': 2.5, 'wick_ratio_min': 1.75, 'min_body_atr_pct': 0.1, 'rsi_h1_period': 14, 'rsi_kill_low': 35, 'rsi_kill_high': 65, 'atr_period': 14, 'atr_stop_mult': 2.0, 'min_rr_ratio': 1.0, 'session_start_london': 8, 'session_end_london': 16}. Best is trial 0 with value: -2.5623721484081363.
[I 2026-05-29 16:27:08,609] Trial 10 finished with value: -2.5623721484081363 and parameters: {'bb_period': 20, 'bb_std_extreme': 2.5, 'wick_ratio_min': 1.75, 'min_body_atr_pct': 0.1, 'rsi_h1_period': 14, 'rsi_kill_low': 35, 'rsi_kill_high': 65, 'atr_period': 14, 'atr_stop_mult': 2.0, 'min_rr_ratio': 1.0, 'session_start_london': 8, 'session_end_london': 16}. Best is trial 0 with value: -2.5623721484081363.
[I 2026-05-29 16:27:09,136] Trial 12 finished with value: -2.5623721484081363 and parameters: {'bb_period': 20, 'bb_std_extreme': 2.5, 'wick_ratio_min': 1.75, 'min_body_atr_pct': 0.1, 'rsi_h1_period': 14, 'rsi_kill_low': 35, 'rsi_kill_high': 65, 'atr_period': 14, 'atr_stop_mult': 2.0, 'min_rr_ratio': 1.0, 'session_start_london': 8, 'session_end_london': 16}. Best is trial 0 with value: -2.5623721484081363.
[I 2026-05-29 16:27:09,292] Trial 14 finished with value: -2.5623721484081363 and parameters: {'bb_period': 20, 'bb_std_extreme': 2.5, 'wick_ratio_min': 1.75, 'min_body_atr_pct': 0.1, 'rsi_h1_period': 14, 'rsi_kill_low': 35, 'rsi_kill_high': 65, 'atr_period': 14, 'atr_stop_mult': 2.0, 'min_rr_ratio': 1.0, 'session_start_london': 8, 'session_end_london': 16}. Best is trial 0 with value: -2.5623721484081363.
[I 2026-05-29 16:27:09,396] Trial 15 finished with value: -2.5623721484081363 and parameters: {'bb_period': 20, 'bb_std_extreme': 2.5, 'wick_ratio_min': 1.75, 'min_body_atr_pct': 0.1, 'rsi_h1_period': 14, 'rsi_kill_low': 35, 'rsi_kill_high': 65, 'atr_period': 14, 'atr_stop_mult': 2.0, 'min_rr_ratio': 1.0, 'session_start_london': 8, 'session_end_london': 16}. Best is trial 0 with value: -2.5623721484081363.
[I 2026-05-29 16:27:09,416] Trial 13 finished with value: -2.5623721484081363 and parameters: {'bb_period': 20, 'bb_std_extreme': 2.5, 'wick_ratio_min': 1.75, 'min_body_atr_pct': 0.1, 'rsi_h1_period': 14, 'rsi_kill_low': 35, 'rsi_kill_high': 65, 'atr_period': 14, 'atr_stop_mult': 2.0, 'min_rr_ratio': 1.0, 'session_start_london': 8, 'session_end_london': 16}. Best is trial 0 with value: -2.5623721484081363.
[I 2026-05-29 16:27:09,432] Trial 11 finished with value: -2.5623721484081363 and parameters: {'bb_period': 20, 'bb_std_extreme': 2.5, 'wick_ratio_min': 1.75, 'min_body_atr_pct': 0.1, 'rsi_h1_period': 14, 'rsi_kill_low': 35, 'rsi_kill_high': 65, 'atr_period': 14, 'atr_stop_mult': 2.0, 'min_rr_ratio': 1.0, 'session_start_london': 8, 'session_end_london': 16}. Best is trial 0 with value: -2.5623721484081363.
[I 2026-05-29 16:27:09,564] Trial 16 finished with value: -2.5623721484081363 and parameters: {'bb_period': 20, 'bb_std_extreme': 2.5, 'wick_ratio_min': 1.75, 'min_body_atr_pct': 0.1, 'rsi_h1_period': 14, 'rsi_kill_low': 35, 'rsi_kill_high': 65, 'atr_period': 14, 'atr_stop_mult': 2.0, 'min_rr_ratio': 1.0, 'session_start_london': 8, 'session_end_london': 16}. Best is trial 0 with value: -2.5623721484081363.
[I 2026-05-29 16:27:09,730] Trial 17 finished with value: -2.5623721484081363 and parameters: {'bb_period': 20, 'bb_std_extreme': 2.5, 'wick_ratio_min': 1.75, 'min_body_atr_pct': 0.1, 'rsi_h1_period': 14, 'rsi_kill_low': 35, 'rsi_kill_high': 65, 'atr_period': 14, 'atr_stop_mult': 2.0, 'min_rr_ratio': 1.0, 'session_start_london': 8, 'session_end_london': 16}. Best is trial 0 with value: -2.5623721484081363.
