[I 2026-05-29 16:30:45,959] Trial 3 finished with value: -2.6090586027586964 and parameters: {'bb_period': 20, 'bb_std_extreme': 2.5, 'wick_ratio_min': 1.75, 'min_body_atr_pct': 0.1, 'rsi_h1_period': 14, 'rsi_kill_low': 35, 'rsi_kill_high': 65, 'atr_period': 14, 'atr_stop_mult': 2.0, 'min_rr_ratio': 1.0, 'session_start_london': 8, 'session_end_london': 16}. Best is trial 0 with value: -2.6090586027586964.
[I 2026-05-29 16:30:46,047] Trial 1 finished with value: -2.6090586027586964 and parameters: {'bb_period': 20, 'bb_std_extreme': 2.5, 'wick_ratio_min': 1.75, 'min_body_atr_pct': 0.1, 'rsi_h1_period': 14, 'rsi_kill_low': 35, 'rsi_kill_high': 65, 'atr_period': 14, 'atr_stop_mult': 2.0, 'min_rr_ratio': 1.0, 'session_start_london': 8, 'session_end_london': 16}. Best is trial 0 with value: -2.6090586027586964.
[I 2026-05-29 16:30:46,300] Trial 6 finished with value: -2.6090586027586964 and parameters: {'bb_period': 20, 'bb_std_extreme': 2.5, 'wick_ratio_min': 1.75, 'min_body_atr_pct': 0.1, 'rsi_h1_period': 14, 'rsi_kill_low': 35, 'rsi_kill_high': 65, 'atr_period': 14, 'atr_stop_mult': 2.0, 'min_rr_ratio': 1.0, 'session_start_london': 8, 'session_end_london': 16}. Best is trial 0 with value: -2.6090586027586964.
[I 2026-05-29 16:30:46,323] Trial 5 finished with value: -2.6090586027586964 and parameters: {'bb_period': 20, 'bb_std_extreme': 2.5, 'wick_ratio_min': 1.75, 'min_body_atr_pct': 0.1, 'rsi_h1_period': 14, 'rsi_kill_low': 35, 'rsi_kill_high': 65, 'atr_period': 14, 'atr_stop_mult': 2.0, 'min_rr_ratio': 1.0, 'session_start_london': 8, 'session_end_london': 16}. Best is trial 0 with value: -2.6090586027586964.
[I 2026-05-29 16:30:46,331] Trial 4 finished with value: -2.6090586027586964 and parameters: {'bb_period': 20, 'bb_std_extreme': 2.5, 'wick_ratio_min': 1.75, 'min_body_atr_pct': 0.1, 'rsi_h1_period': 14, 'rsi_kill_low': 35, 'rsi_kill_high': 65, 'atr_period': 14, 'atr_stop_mult': 2.0, 'min_rr_ratio': 1.0, 'session_start_london': 8, 'session_end_london': 16}. Best is trial 0 with value: -2.6090586027586964.
[I 2026-05-29 16:30:46,948] Trial 8 finished with value: -2.6090586027586964 and parameters: {'bb_period': 20, 'bb_std_extreme': 2.5, 'wick_ratio_min': 1.75, 'min_body_atr_pct': 0.1, 'rsi_h1_period': 14, 'rsi_kill_low': 35, 'rsi_kill_high': 65, 'atr_period': 14, 'atr_stop_mult': 2.0, 'min_rr_ratio': 1.0, 'session_start_london': 8, 'session_end_london': 16}. Best is trial 0 with value: -2.6090586027586964.
[I 2026-05-29 16:30:47,120] Trial 9 finished with value: -2.6090586027586964 and parameters: {'bb_period': 20, 'bb_std_extreme': 2.5, 'wick_ratio_min': 1.75, 'min_body_atr_pct': 0.1, 'rsi_h1_period': 14, 'rsi_kill_low': 35, 'rsi_kill_high': 65, 'atr_period': 14, 'atr_stop_mult': 2.0, 'min_rr_ratio': 1.0, 'session_start_london': 8, 'session_end_london': 16}. Best is trial 0 with value: -2.6090586027586964.
[I 2026-05-29 16:30:47,706] Trial 11 finished with value: -2.6090586027586964 and parameters: {'bb_period': 20, 'bb_std_extreme': 2.5, 'wick_ratio_min': 1.75, 'min_body_atr_pct': 0.1, 'rsi_h1_period': 14, 'rsi_kill_low': 35, 'rsi_kill_high': 65, 'atr_period': 14, 'atr_stop_mult': 2.0, 'min_rr_ratio': 1.0, 'session_start_london': 8, 'session_end_london': 16}. Best is trial 0 with value: -2.6090586027586964.
[I 2026-05-29 16:30:47,916] Trial 10 finished with value: -2.6090586027586964 and parameters: {'bb_period': 20, 'bb_std_extreme': 2.5, 'wick_ratio_min': 1.75, 'min_body_atr_pct': 0.1, 'rsi_h1_period': 14, 'rsi_kill_low': 35, 'rsi_kill_high': 65, 'atr_period': 14, 'atr_stop_mult': 2.0, 'min_rr_ratio': 1.0, 'session_start_london': 8, 'session_end_london': 16}. Best is trial 0 with value: -2.6090586027586964.
[I 2026-05-29 16:30:47,921] Trial 13 finished with value: -2.6090586027586964 and parameters: {'bb_period': 20, 'bb_std_extreme': 2.5, 'wick_ratio_min': 1.75, 'min_body_atr_pct': 0.1, 'rsi_h1_period': 14, 'rsi_kill_low': 35, 'rsi_kill_high': 65, 'atr_period': 14, 'atr_stop_mult': 2.0, 'min_rr_ratio': 1.0, 'session_start_london': 8, 'session_end_london': 16}. Best is trial 0 with value: -2.6090586027586964.
[I 2026-05-29 16:30:47,983] Trial 12 finished with value: -2.6090586027586964 and parameters: {'bb_period': 20, 'bb_std_extreme': 2.5, 'wick_ratio_min': 1.75, 'min_body_atr_pct': 0.1, 'rsi_h1_period': 14, 'rsi_kill_low': 35, 'rsi_kill_high': 65, 'atr_period': 14, 'atr_stop_mult': 2.0, 'min_rr_ratio': 1.0, 'session_start_london': 8, 'session_end_london': 16}. Best is trial 0 with value: -2.6090586027586964.
[I 2026-05-29 16:30:48,078] Trial 15 finished with value: -2.6090586027586964 and parameters: {'bb_period': 20, 'bb_std_extreme': 2.5, 'wick_ratio_min': 1.75, 'min_body_atr_pct': 0.1, 'rsi_h1_period': 14, 'rsi_kill_low': 35, 'rsi_kill_high': 65, 'atr_period': 14, 'atr_stop_mult': 2.0, 'min_rr_ratio': 1.0, 'session_start_london': 8, 'session_end_london': 16}. Best is trial 0 with value: -2.6090586027586964.
[I 2026-05-29 16:30:48,082] Trial 14 finished with value: -2.6090586027586964 and parameters: {'bb_period': 20, 'bb_std_extreme': 2.5, 'wick_ratio_min': 1.75, 'min_body_atr_pct': 0.1, 'rsi_h1_period': 14, 'rsi_kill_low': 35, 'rsi_kill_high': 65, 'atr_period': 14, 'atr_stop_mult': 2.0, 'min_rr_ratio': 1.0, 'session_start_london': 8, 'session_end_london': 16}. Best is trial 0 with value: -2.6090586027586964.
[I 2026-05-29 16:30:48,251] Trial 16 finished with value: -2.6090586027586964 and parameters: {'bb_period': 20, 'bb_std_extreme': 2.5, 'wick_ratio_min': 1.75, 'min_body_atr_pct': 0.1, 'rsi_h1_period': 14, 'rsi_kill_low': 35, 'rsi_kill_high': 65, 'atr_period': 14, 'atr_stop_mult': 2.0, 'min_rr_ratio': 1.0, 'session_start_london': 8, 'session_end_london': 16}. Best is trial 0 with value: -2.6090586027586964.
[I 2026-05-29 16:30:48,320] Trial 17 finished with value: -2.6090586027586964 and parameters: {'bb_period': 20, 'bb_std_extreme': 2.5, 'wick_ratio_min': 1.75, 'min_body_atr_pct': 0.1, 'rsi_h1_period': 14, 'rsi_kill_low': 35, 'rsi_kill_high': 65, 'atr_period': 14, 'atr_stop_mult': 2.0, 'min_rr_ratio': 1.0, 'session_start_london': 8, 'session_end_london': 16}. Best is trial 0 with value: -2.6090586027586964.
[I 2026-05-29 16:30:48,469] Trial 19 finished with value: -2.6090586027586964 and parameters: {'bb_period': 20, 'bb_std_extreme': 2.5, 'wick_ratio_min': 1.75, 'min_body_atr_pct': 0.1, 'rsi_h1_period': 14, 'rsi_kill_low': 35, 'rsi_kill_high': 65, 'atr_period': 14, 'atr_stop_mult': 2.0, 'min_rr_ratio': 1.0, 'session_start_london': 8, 'session_end_london': 16}. Best is trial 0 with value: -2.6090586027586964.
[I 2026-05-29 16:30:48,511] Trial 18 finished with value: -2.6090586027586964 and parameters: {'bb_period': 20, 'bb_std_extreme': 2.5, 'wick_ratio_min': 1.75, 'min_body_atr_pct': 0.1, 'rsi_h1_period': 14, 'rsi_kill_low': 35, 'rsi_kill_high': 65, 'atr_period': 14, 'atr_stop_mult': 2.0, 'min_rr_ratio': 1.0, 'session_start_london': 8, 'session_end_london': 16}. Best is trial 0 with value: -2.6090586027586964.
C:\Users\הלל\Desktop\algo projects\trading-research-factory\walk forward engine\.venv\lib\site-packages\optuna\samplers\_tpe\sampler.py:319: ExperimentalWarning: ``multivariate`` option is an experimental feature. The interface can change in the future.
  warnings.warn(
[I 2026-05-29 16:30:48,969] A new study created in memory with name: no-name-81f196a4-fd2b-4fe6-9204-7d9c0ad959f3
[I 2026-05-29 16:30:49,959] Trial 1 finished with value: -2.452619800582535 and parameters: {'bb_period': 20, 'bb_std_extreme': 2.5, 'wick_ratio_min': 1.75, 'min_body_atr_pct': 0.1, 'rsi_h1_period': 14, 'rsi_kill_low': 35, 'rsi_kill_high': 65, 'atr_period': 14, 'atr_stop_mult': 2.0, 'min_rr_ratio': 1.0, 'session_start_london': 8, 'session_end_london': 16}. Best is trial 1 with value: -2.452619800582535.
[I 2026-05-29 16:30:50,420] Trial 0 finished with value: -2.452619800582535 and parameters: {'bb_period': 20, 'bb_std_extreme': 2.5, 'wick_ratio_min': 1.75, 'min_body_atr_pct': 0.1, 'rsi_h1_period': 14, 'rsi_kill_low': 35, 'rsi_kill_high': 65, 'atr_period': 14, 'atr_stop_mult': 2.0, 'min_rr_ratio': 1.0, 'session_start_london': 8, 'session_end_london': 16}. Best is trial 1 with value: -2.452619800582535.
[I 2026-05-29 16:30:50,485] Trial 4 finished with value: -2.452619800582535 and parameters: {'bb_period': 20, 'bb_std_extreme': 2.5, 'wick_ratio_min': 1.75, 'min_body_atr_pct': 0.1, 'rsi_h1_period': 14, 'rsi_kill_low': 35, 'rsi_kill_high': 65, 'atr_period': 14, 'atr_stop_mult': 2.0, 'min_rr_ratio': 1.0, 'session_start_london': 8, 'session_end_london': 16}. Best is trial 1 with value: -2.452619800582535.
[I 2026-05-29 16:30:50,647] Trial 2 finished with value: -2.452619800582535 and parameters: {'bb_period': 20, 'bb_std_extreme': 2.5, 'wick_ratio_min': 1.75, 'min_body_atr_pct': 0.1, 'rsi_h1_period': 14, 'rsi_kill_low': 35, 'rsi_kill_high': 65, 'atr_period': 14, 'atr_stop_mult': 2.0, 'min_rr_ratio': 1.0, 'session_start_london': 8, 'session_end_london': 16}. Best is trial 1 with value: -2.452619800582535.
[I 2026-05-29 16:30:50,871] Trial 3 finished with value: -2.452619800582535 and parameters: {'bb_period': 20, 'bb_std_extreme': 2.5, 'wick_ratio_min': 1.75, 'min_body_atr_pct': 0.1, 'rsi_h1_period': 14, 'rsi_kill_low': 35, 'rsi_kill_high': 65, 'atr_period': 14, 'atr_stop_mult': 2.0, 'min_rr_ratio': 1.0, 'session_start_london': 8, 'session_end_london': 16}. Best is trial 1 with value: -2.452619800582535.
[I 2026-05-29 16:30:50,888] Trial 5 finished with value: -2.452619800582535 and parameters: {'bb_period': 20, 'bb_std_extreme': 2.5, 'wick_ratio_min': 1.75, 'min_body_atr_pct': 0.1, 'rsi_h1_period': 14, 'rsi_kill_low': 35, 'rsi_kill_high': 65, 'atr_period': 14, 'atr_stop_mult': 2.0, 'min_rr_ratio': 1.0, 'session_start_london': 8, 'session_end_london': 16}. Best is trial 1 with value: -2.452619800582535.
[I 2026-05-29 16:30:51,003] Trial 7 finished with value: -2.452619800582535 and parameters: {'bb_period': 20, 'bb_std_extreme': 2.5, 'wick_ratio_min': 1.75, 'min_body_atr_pct': 0.1, 'rsi_h1_period': 14, 'rsi_kill_low': 35, 'rsi_kill_high': 65, 'atr_period': 14, 'atr_stop_mult': 2.0, 'min_rr_ratio': 1.0, 'session_start_london': 8, 'session_end_london': 16}. Best is trial 1 with value: -2.452619800582535.
[I 2026-05-29 16:30:51,044] Trial 6 finished with value: -2.452619800582535 and parameters: {'bb_period': 20, 'bb_std_extreme': 2.5, 'wick_ratio_min': 1.75, 'min_body_atr_pct': 0.1, 'rsi_h1_period': 14, 'rsi_kill_low': 35, 'rsi_kill_high': 65, 'atr_period': 14, 'atr_stop_mult': 2.0, 'min_rr_ratio': 1.0, 'session_start_london': 8, 'session_end_london': 16}. Best is trial 1 with value: -2.452619800582535.
[I 2026-05-29 16:30:51,552] Trial 8 finished with value: -2.452619800582535 and parameters: {'bb_period': 20, 'bb_std_extreme': 2.5, 'wick_ratio_min': 1.75, 'min_body_atr_pct': 0.1, 'rsi_h1_period': 14, 'rsi_kill_low': 35, 'rsi_kill_high': 65, 'atr_period': 14, 'atr_stop_mult': 2.0, 'min_rr_ratio': 1.0, 'session_start_london': 8, 'session_end_london': 16}. Best is trial 1 with value: -2.452619800582535.
[I 2026-05-29 16:30:52,060] Trial 9 finished with value: -2.452619800582535 and parameters: {'bb_period': 20, 'bb_std_extreme': 2.5, 'wick_ratio_min': 1.75, 'min_body_atr_pct': 0.1, 'rsi_h1_period': 14, 'rsi_kill_low': 35, 'rsi_kill_high': 65, 'atr_period': 14, 'atr_stop_mult': 2.0, 'min_rr_ratio': 1.0, 'session_start_london': 8, 'session_end_london': 16}. Best is trial 1 with value: -2.452619800582535.
[I 2026-05-29 16:30:52,072] Trial 10 finished with value: -2.452619800582535 and parameters: {'bb_period': 20, 'bb_std_extreme': 2.5, 'wick_ratio_min': 1.75, 'min_body_atr_pct': 0.1, 'rsi_h1_period': 14, 'rsi_kill_low': 35, 'rsi_kill_high': 65, 'atr_period': 14, 'atr_stop_mult': 2.0, 'min_rr_ratio': 1.0, 'session_start_london': 8, 'session_end_london': 16}. Best is trial 1 with value: -2.452619800582535.
[I 2026-05-29 16:30:52,376] Trial 11 finished with value: -2.452619800582535 and parameters: {'bb_period': 20, 'bb_std_extreme': 2.5, 'wick_ratio_min': 1.75, 'min_body_atr_pct': 0.1, 'rsi_h1_period': 14, 'rsi_kill_low': 35, 'rsi_kill_high': 65, 'atr_period': 14, 'atr_stop_mult': 2.0, 'min_rr_ratio': 1.0, 'session_start_london': 8, 'session_end_london': 16}. Best is trial 1 with value: -2.452619800582535.
[I 2026-05-29 16:30:52,694] Trial 12 finished with value: -2.452619800582535 and parameters: {'bb_period': 20, 'bb_std_extreme': 2.5, 'wick_ratio_min': 1.75, 'min_body_atr_pct': 0.1, 'rsi_h1_period': 14, 'rsi_kill_low': 35, 'rsi_kill_high': 65, 'atr_period': 14, 'atr_stop_mult': 2.0, 'min_rr_ratio': 1.0, 'session_start_london': 8, 'session_end_london': 16}. Best is trial 1 with value: -2.452619800582535.
[I 2026-05-29 16:30:52,782] Trial 13 finished with value: -2.452619800582535 and parameters: {'bb_period': 20, 'bb_std_extreme': 2.5, 'wick_ratio_min': 1.75, 'min_body_atr_pct': 0.1, 'rsi_h1_period': 14, 'rsi_kill_low': 35, 'rsi_kill_high': 65, 'atr_period': 14, 'atr_stop_mult': 2.0, 'min_rr_ratio': 1.0, 'session_start_london': 8, 'session_end_london': 16}. Best is trial 1 with value: -2.452619800582535.
[I 2026-05-29 16:30:52,929] Trial 14 finished with value: -2.452619800582535 and parameters: {'bb_period': 20, 'bb_std_extreme': 2.5, 'wick_ratio_min': 1.75, 'min_body_atr_pct': 0.1, 'rsi_h1_period': 14, 'rsi_kill_low': 35, 'rsi_kill_high': 65, 'atr_period': 14, 'atr_stop_mult': 2.0, 'min_rr_ratio': 1.0, 'session_start_london': 8, 'session_end_london': 16}. Best is trial 1 with value: -2.452619800582535.
[I 2026-05-29 16:30:53,012] Trial 15 finished with value: -2.452619800582535 and parameters: {'bb_period': 20, 'bb_std_extreme': 2.5, 'wick_ratio_min': 1.75, 'min_body_atr_pct': 0.1, 'rsi_h1_period': 14, 'rsi_kill_low': 35, 'rsi_kill_high': 65, 'atr_period': 14, 'atr_stop_mult': 2.0, 'min_rr_ratio': 1.0, 'session_start_london': 8, 'session_end_london': 16}. Best is trial 1 with value: -2.452619800582535.
[I 2026-05-29 16:30:53,026] Trial 16 finished with value: -2.452619800582535 and parameters: {'bb_period': 20, 'bb_std_extreme': 2.5, 'wick_ratio_min': 1.75, 'min_body_atr_pct': 0.1, 'rsi_h1_period': 14, 'rsi_kill_low': 35, 'rsi_kill_high': 65, 'atr_period': 14, 'atr_stop_mult': 2.0, 'min_rr_ratio': 1.0, 'session_start_london': 8, 'session_end_london': 16}. Best is trial 1 with value: -2.452619800582535.
[I 2026-05-29 16:30:53,414] Trial 18 finished with value: -2.452619800582535 and parameters: {'bb_period': 20, 'bb_std_extreme': 2.5, 'wick_ratio_min': 1.75, 'min_body_atr_pct': 0.1, 'rsi_h1_period': 14, 'rsi_kill_low': 35, 'rsi_kill_high': 65, 'atr_period': 14, 'atr_stop_mult': 2.0, 'min_rr_ratio': 1.0, 'session_start_london': 8, 'session_end_london': 16}. Best is trial 1 with value: -2.452619800582535.
[I 2026-05-29 16:30:53,551] Trial 17 finished with value: -2.452619800582535 and parameters: {'bb_period': 20, 'bb_std_extreme': 2.5, 'wick_ratio_min': 1.75, 'min_body_atr_pct': 0.1, 'rsi_h1_period': 14, 'rsi_kill_low': 35, 'rsi_kill_high': 65, 'atr_period': 14, 'atr_stop_mult': 2.0, 'min_rr_ratio': 1.0, 'session_start_london': 8, 'session_end_london': 16}. Best is trial 1 with value: -2.452619800582535.
[I 2026-05-29 16:30:53,663] Trial 19 finished with value: -2.452619800582535 and parameters: {'bb_period': 20, 'bb_std_extreme': 2.5, 'wick_ratio_min': 1.75, 'min_body_atr_pct': 0.1, 'rsi_h1_period': 14, 'rsi_kill_low': 35, 'rsi_kill_high': 65, 'atr_period': 14, 'atr_stop_mult': 2.0, 'min_rr_ratio': 1.0, 'session_start_london': 8, 'session_end_london': 16}. Best is trial 1 with value: -2.452619800582535.
C:\Users\הלל\Desktop\algo projects\trading-research-factory\walk forward engine\.venv\lib\site-packages\optuna\samplers\_tpe\sampler.py:319: ExperimentalWarning: ``multivariate`` option is an experimental feature. The interface can change in the future.
  warnings.warn(
[I 2026-05-29 16:30:54,072] A new study created in memory with name: no-name-b190f25c-3f89-4319-9f9b-38197027cbc7
[I 2026-05-29 16:30:55,177] Trial 2 finished with value: -2.5865523500520413 and parameters: {'bb_period': 20, 'bb_std_extreme': 2.5, 'wick_ratio_min': 1.75, 'min_body_atr_pct': 0.1, 'rsi_h1_period': 14, 'rsi_kill_low': 35, 'rsi_kill_high': 65, 'atr_period': 14, 'atr_stop_mult': 2.0, 'min_rr_ratio': 1.0, 'session_start_london': 8, 'session_end_london': 16}. Best is trial 2 with value: -2.5865523500520413.
[I 2026-05-29 16:30:55,560] Trial 1 finished with value: -2.5865523500520413 and parameters: {'bb_period': 20, 'bb_std_extreme': 2.5, 'wick_ratio_min': 1.75, 'min_body_atr_pct': 0.1, 'rsi_h1_period': 14, 'rsi_kill_low': 35, 'rsi_kill_high': 65, 'atr_period': 14, 'atr_stop_mult': 2.0, 'min_rr_ratio': 1.0, 'session_start_london': 8, 'session_end_london': 16}. Best is trial 2 with value: -2.5865523500520413.
[I 2026-05-29 16:30:55,865] Trial 3 finished with value: -2.5865523500520413 and parameters: {'bb_period': 20, 'bb_std_extreme': 2.5, 'wick_ratio_min': 1.75, 'min_body_atr_pct': 0.1, 'rsi_h1_period': 14, 'rsi_kill_low': 35, 'rsi_kill_high': 65, 'atr_period': 14, 'atr_stop_mult': 2.0, 'min_rr_ratio': 1.0, 'session_start_london': 8, 'session_end_london': 16}. Best is trial 2 with value: -2.5865523500520413.
[I 2026-05-29 16:30:56,085] Trial 4 finished with value: -2.5865523500520413 and parameters: {'bb_period': 20, 'bb_std_extreme': 2.5, 'wick_ratio_min': 1.75, 'min_body_atr_pct': 0.1, 'rsi_h1_period': 14, 'rsi_kill_low': 35, 'rsi_kill_high': 65, 'atr_period': 14, 'atr_stop_mult': 2.0, 'min_rr_ratio': 1.0, 'session_start_london': 8, 'session_end_london': 16}. Best is trial 2 with value: -2.5865523500520413.
[I 2026-05-29 16:30:56,124] Trial 5 finished with value: -2.5865523500520413 and parameters: {'bb_period': 20, 'bb_std_extreme': 2.5, 'wick_ratio_min': 1.75, 'min_body_atr_pct': 0.1, 'rsi_h1_period': 14, 'rsi_kill_low': 35, 'rsi_kill_high': 65, 'atr_period': 14, 'atr_stop_mult': 2.0, 'min_rr_ratio': 1.0, 'session_start_london': 8, 'session_end_london': 16}. Best is trial 2 with value: -2.5865523500520413.
[I 2026-05-29 16:30:56,222] Trial 7 finished with value: -2.5865523500520413 and parameters: {'bb_period': 20, 'bb_std_extreme': 2.5, 'wick_ratio_min': 1.75, 'min_body_atr_pct': 0.1, 'rsi_h1_period': 14, 'rsi_kill_low': 35, 'rsi_kill_high': 65, 'atr_period': 14, 'atr_stop_mult': 2.0, 'min_rr_ratio': 1.0, 'session_start_london': 8, 'session_end_london': 16}. Best is trial 2 with value: -2.5865523500520413.
[I 2026-05-29 16:30:56,233] Trial 0 finished with value: -2.5865523500520413 and parameters: {'bb_period': 20, 'bb_std_extreme': 2.5, 'wick_ratio_min': 1.75, 'min_body_atr_pct': 0.1, 'rsi_h1_period': 14, 'rsi_kill_low': 35, 'rsi_kill_high': 65, 'atr_period': 14, 'atr_stop_mult': 2.0, 'min_rr_ratio': 1.0, 'session_start_london': 8, 'session_end_london': 16}. Best is trial 2 with value: -2.5865523500520413.
[I 2026-05-29 16:30:56,299] Trial 6 finished with value: -2.5865523500520413 and parameters: {'bb_period': 20, 'bb_std_extreme': 2.5, 'wick_ratio_min': 1.75, 'min_body_atr_pct': 0.1, 'rsi_h1_period': 14, 'rsi_kill_low': 35, 'rsi_kill_high': 65, 'atr_period': 14, 'atr_stop_mult': 2.0, 'min_rr_ratio': 1.0, 'session_start_london': 8, 'session_end_london': 16}. Best is trial 2 with value: -2.5865523500520413.
[I 2026-05-29 16:30:56,850] Trial 8 finished with value: -2.5865523500520413 and parameters: {'bb_period': 20, 'bb_std_extreme': 2.5, 'wick_ratio_min': 1.75, 'min_body_atr_pct': 0.1, 'rsi_h1_period': 14, 'rsi_kill_low': 35, 'rsi_kill_high': 65, 'atr_period': 14, 'atr_stop_mult': 2.0, 'min_rr_ratio': 1.0, 'session_start_london': 8, 'session_end_london': 16}. Best is trial 2 with value: -2.5865523500520413.
[I 2026-05-29 16:30:57,142] Trial 9 finished with value: -2.5865523500520413 and parameters: {'bb_period': 20, 'bb_std_extreme': 2.5, 'wick_ratio_min': 1.75, 'min_body_atr_pct': 0.1, 'rsi_h1_period': 14, 'rsi_kill_low': 35, 'rsi_kill_high': 65, 'atr_period': 14, 'atr_stop_mult': 2.0, 'min_rr_ratio': 1.0, 'session_start_london': 8, 'session_end_london': 16}. Best is trial 2 with value: -2.5865523500520413.
[I 2026-05-29 16:30:57,277] Trial 10 finished with value: -2.5865523500520413 and parameters: {'bb_period': 20, 'bb_std_extreme': 2.5, 'wick_ratio_min': 1.75, 'min_body_atr_pct': 0.1, 'rsi_h1_period': 14, 'rsi_kill_low': 35, 'rsi_kill_high': 65, 'atr_period': 14, 'atr_stop_mult': 2.0, 'min_rr_ratio': 1.0, 'session_start_london': 8, 'session_end_london': 16}. Best is trial 2 with value: -2.5865523500520413.
[I 2026-05-29 16:30:57,521] Trial 11 finished with value: -2.5865523500520413 and parameters: {'bb_period': 20, 'bb_std_extreme': 2.5, 'wick_ratio_min': 1.75, 'min_body_atr_pct': 0.1, 'rsi_h1_period': 14, 'rsi_kill_low': 35, 'rsi_kill_high': 65, 'atr_period': 14, 'atr_stop_mult': 2.0, 'min_rr_ratio': 1.0, 'session_start_london': 8, 'session_end_london': 16}. Best is trial 2 with value: -2.5865523500520413.
[I 2026-05-29 16:30:57,956] Trial 12 finished with value: -2.5865523500520413 and parameters: {'bb_period': 20, 'bb_std_extreme': 2.5, 'wick_ratio_min': 1.75, 'min_body_atr_pct': 0.1, 'rsi_h1_period': 14, 'rsi_kill_low': 35, 'rsi_kill_high': 65, 'atr_period': 14, 'atr_stop_mult': 2.0, 'min_rr_ratio': 1.0, 'session_start_london': 8, 'session_end_london': 16}. Best is trial 2 with value: -2.5865523500520413.
[I 2026-05-29 16:30:58,071] Trial 14 finished with value: -2.5865523500520413 and parameters: {'bb_period': 20, 'bb_std_extreme': 2.5, 'wick_ratio_min': 1.75, 'min_body_atr_pct': 0.1, 'rsi_h1_period': 14, 'rsi_kill_low': 35, 'rsi_kill_high': 65, 'atr_period': 14, 'atr_stop_mult': 2.0, 'min_rr_ratio': 1.0, 'session_start_london': 8, 'session_end_london': 16}. Best is trial 2 with value: -2.5865523500520413.
