2026-05-28 22:46:38,140 - HighSpeedSmokeTest - [INFO] - 🚀 HIGH-SPEED SMOKE TEST STARTING
2026-05-28 22:46:38,140 - HighSpeedSmokeTest - [INFO] - ================================================================================
2026-05-28 22:46:38,141 - HighSpeedSmokeTest - [INFO] - CONFIGURABLE WALK-FORWARD ANALYSIS TEST RUNNER
2026-05-28 22:46:38,141 - HighSpeedSmokeTest - [INFO] - ================================================================================
2026-05-28 22:46:38,141 - HighSpeedSmokeTest - [INFO] - Start time: 2026-05-28 22:46:38.141906
2026-05-28 22:46:38,141 - HighSpeedSmokeTest - [INFO] - ================================================================================
2026-05-28 22:46:38,222 - HighSpeedSmokeTest - [INFO] - [22:46:38.222] === SMOKE TEST CHECKPOINT: CONFIGURABLE TEST RUNNER INITIALIZATION ===
C:\Users\הלל\Desktop\algo projects\trading-research-factory\walk forward engine\.venv\lib\site-packages\optuna\samplers\_tpe\sampler.py:319: ExperimentalWarning: ``multivariate`` option is an experimental feature. The interface can change in the future.
  warnings.warn(
[I 2026-05-28 22:47:59,723] A new study created in memory with name: no-name-2ee4a580-d19e-4a5e-ab9d-60f37babaa26
C:\Users\הלל\Desktop\algo projects\trading-research-factory\walk forward engine\.venv\lib\site-packages\optuna\distributions.py:700: UserWarning: The distribution is specified by [10, 20] and step=4, but the range is not divisible by `step`. It will be replaced by [10, 18].
  warnings.warn(
C:\Users\הלל\Desktop\algo projects\trading-research-factory\walk forward engine\.venv\lib\site-packages\optuna\distributions.py:700: UserWarning: The distribution is specified by [10, 20] and step=4, but the range is not divisible by `step`. It will be replaced by [10, 18].
  warnings.warn(
C:\Users\הלל\Desktop\algo projects\trading-research-factory\walk forward engine\.venv\lib\site-packages\optuna\distributions.py:700: UserWarning: The distribution is specified by [10, 20] and step=4, but the range is not divisible by `step`. It will be replaced by [10, 18].
  warnings.warn(
[I 2026-05-28 22:48:17,988] Trial 0 finished with value: -0.08440256731349954 and parameters: {'atr_period': 14, 'contraction_pct': 25.0, 'ema_fast': 10, 'ema_slow': 50, 'hold_bars': 12, 'sl_atr_multiplier': 2.5}. Best is trial 0 with value: -0.08440256731349954.
C:\Users\הלל\Desktop\algo projects\trading-research-factory\walk forward engine\.venv\lib\site-packages\optuna\distributions.py:700: UserWarning: The distribution is specified by [10, 20] and step=4, but the range is not divisible by `step`. It will be replaced by [10, 18].
  warnings.warn(
[I 2026-05-28 22:48:18,044] Trial 3 finished with value: 0.956651050990061 and parameters: {'atr_period': 10, 'contraction_pct': 30.0, 'ema_fast': 10, 'ema_slow': 40, 'hold_bars': 24, 'sl_atr_multiplier': 2.0}. Best is trial 3 with value: 0.956651050990061.
[I 2026-05-28 22:48:18,074] Trial 6 finished with value: 0.7245038922952175 and parameters: {'atr_period': 10, 'contraction_pct': 30.0, 'ema_fast': 10, 'ema_slow': 50, 'hold_bars': 24, 'sl_atr_multiplier': 1.5}. Best is trial 3 with value: 0.956651050990061.
[I 2026-05-28 22:48:18,086] Trial 2 finished with value: 0.04726084262922113 and parameters: {'atr_period': 10, 'contraction_pct': 25.0, 'ema_fast': 30, 'ema_slow': 60, 'hold_bars': 24, 'sl_atr_multiplier': 1.5}. Best is trial 3 with value: 0.956651050990061.
C:\Users\הלל\Desktop\algo projects\trading-research-factory\walk forward engine\.venv\lib\site-packages\optuna\distributions.py:700: UserWarning: The distribution is specified by [10, 20] and step=4, but the range is not divisible by `step`. It will be replaced by [10, 18].
  warnings.warn(
[I 2026-05-28 22:48:18,126] Trial 1 finished with value: -1.8081899827839725 and parameters: {'atr_period': 10, 'contraction_pct': 15.0, 'ema_fast': 30, 'ema_slow': 50, 'hold_bars': 36, 'sl_atr_multiplier': 2.0}. Best is trial 3 with value: 0.956651050990061.
[I 2026-05-28 22:48:18,172] Trial 7 finished with value: -0.9406783935455666 and parameters: {'atr_period': 14, 'contraction_pct': 20.0, 'ema_fast': 20, 'ema_slow': 50, 'hold_bars': 24, 'sl_atr_multiplier': 2.0}. Best is trial 3 with value: 0.956651050990061.
[I 2026-05-28 22:48:18,179] Trial 5 finished with value: -0.6116197374951629 and parameters: {'atr_period': 18, 'contraction_pct': 25.0, 'ema_fast': 10, 'ema_slow': 60, 'hold_bars': 24, 'sl_atr_multiplier': 1.5}. Best is trial 3 with value: 0.956651050990061.
[I 2026-05-28 22:48:18,190] Trial 4 finished with value: -1.2491256435047138 and parameters: {'atr_period': 14, 'contraction_pct': 30.0, 'ema_fast': 30, 'ema_slow': 60, 'hold_bars': 12, 'sl_atr_multiplier': 2.0}. Best is trial 3 with value: 0.956651050990061.
C:\Users\הלל\Desktop\algo projects\trading-research-factory\walk forward engine\.venv\lib\site-packages\optuna\distributions.py:700: UserWarning: The distribution is specified by [10, 20] and step=4, but the range is not divisible by `step`. It will be replaced by [10, 18].
  warnings.warn(
C:\Users\הלל\Desktop\algo projects\trading-research-factory\walk forward engine\.venv\lib\site-packages\optuna\distributions.py:700: UserWarning: The distribution is specified by [10, 20] and step=4, but the range is not divisible by `step`. It will be replaced by [10, 18].
  warnings.warn(
[I 2026-05-28 22:48:20,426] Trial 9 finished with value: -1.7613051606572783 and parameters: {'atr_period': 14, 'contraction_pct': 30.0, 'ema_fast': 30, 'ema_slow': 40, 'hold_bars': 36, 'sl_atr_multiplier': 2.0}. Best is trial 3 with value: 0.956651050990061.
C:\Users\הלל\Desktop\algo projects\trading-research-factory\walk forward engine\.venv\lib\site-packages\optuna\distributions.py:700: UserWarning: The distribution is specified by [10, 20] and step=4, but the range is not divisible by `step`. It will be replaced by [10, 18].
  warnings.warn(
[I 2026-05-28 22:48:20,886] Trial 12 finished with value: -0.9890593473605974 and parameters: {'atr_period': 14, 'contraction_pct': 25.0, 'ema_fast': 20, 'ema_slow': 50, 'hold_bars': 36, 'sl_atr_multiplier': 1.5}. Best is trial 3 with value: 0.956651050990061.
C:\Users\הלל\Desktop\algo projects\trading-research-factory\walk forward engine\.venv\lib\site-packages\optuna\distributions.py:700: UserWarning: The distribution is specified by [10, 20] and step=4, but the range is not divisible by `step`. It will be replaced by [10, 18].
  warnings.warn(
[I 2026-05-28 22:48:20,942] Trial 10 finished with value: -1.0613190017783187 and parameters: {'atr_period': 18, 'contraction_pct': 30.0, 'ema_fast': 30, 'ema_slow': 50, 'hold_bars': 36, 'sl_atr_multiplier': 2.0}. Best is trial 3 with value: 0.956651050990061.
C:\Users\הלל\Desktop\algo projects\trading-research-factory\walk forward engine\.venv\lib\site-packages\optuna\distributions.py:700: UserWarning: The distribution is specified by [10, 20] and step=4, but the range is not divisible by `step`. It will be replaced by [10, 18].
  warnings.warn(
[I 2026-05-28 22:48:21,051] Trial 13 finished with value: -0.9509112048301732 and parameters: {'atr_period': 14, 'contraction_pct': 20.0, 'ema_fast': 20, 'ema_slow': 50, 'hold_bars': 24, 'sl_atr_multiplier': 2.5}. Best is trial 3 with value: 0.956651050990061.
C:\Users\הלל\Desktop\algo projects\trading-research-factory\walk forward engine\.venv\lib\site-packages\optuna\distributions.py:700: UserWarning: The distribution is specified by [10, 20] and step=4, but the range is not divisible by `step`. It will be replaced by [10, 18].
  warnings.warn(
[I 2026-05-28 22:48:21,211] Trial 11 finished with value: -0.4368960285004879 and parameters: {'atr_period': 14, 'contraction_pct': 30.0, 'ema_fast': 20, 'ema_slow': 60, 'hold_bars': 12, 'sl_atr_multiplier': 2.0}. Best is trial 3 with value: 0.956651050990061.
[I 2026-05-28 22:48:21,225] Trial 15 finished with value: -0.9380533208558924 and parameters: {'atr_period': 18, 'contraction_pct': 30.0, 'ema_fast': 30, 'ema_slow': 40, 'hold_bars': 12, 'sl_atr_multiplier': 1.5}. Best is trial 3 with value: 0.956651050990061.
C:\Users\הלל\Desktop\algo projects\trading-research-factory\walk forward engine\.venv\lib\site-packages\optuna\distributions.py:700: UserWarning: The distribution is specified by [10, 20] and step=4, but the range is not divisible by `step`. It will be replaced by [10, 18].
  warnings.warn(
C:\Users\הלל\Desktop\algo projects\trading-research-factory\walk forward engine\.venv\lib\site-packages\optuna\distributions.py:700: UserWarning: The distribution is specified by [10, 20] and step=4, but the range is not divisible by `step`. It will be replaced by [10, 18].
  warnings.warn(
[I 2026-05-28 22:48:21,595] Trial 14 finished with value: -0.1399539565716186 and parameters: {'atr_period': 10, 'contraction_pct': 30.0, 'ema_fast': 10, 'ema_slow': 60, 'hold_bars': 36, 'sl_atr_multiplier': 2.5}. Best is trial 3 with value: 0.956651050990061.
[I 2026-05-28 22:48:21,599] Trial 8 finished with value: -1.1169259145983694 and parameters: {'atr_period': 18, 'contraction_pct': 30.0, 'ema_fast': 20, 'ema_slow': 50, 'hold_bars': 36, 'sl_atr_multiplier': 2.5}. Best is trial 3 with value: 0.956651050990061.
C:\Users\הלל\Desktop\algo projects\trading-research-factory\walk forward engine\.venv\lib\site-packages\optuna\distributions.py:700: UserWarning: The distribution is specified by [10, 20] and step=4, but the range is not divisible by `step`. It will be replaced by [10, 18].
  warnings.warn(
[I 2026-05-28 22:48:23,818] Trial 16 finished with value: -0.720369920674473 and parameters: {'atr_period': 18, 'contraction_pct': 25.0, 'ema_fast': 20, 'ema_slow': 40, 'hold_bars': 12, 'sl_atr_multiplier': 1.5}. Best is trial 3 with value: 0.956651050990061.
C:\Users\הלל\Desktop\algo projects\trading-research-factory\walk forward engine\.venv\lib\site-packages\optuna\distributions.py:700: UserWarning: The distribution is specified by [10, 20] and step=4, but the range is not divisible by `step`. It will be replaced by [10, 18].
  warnings.warn(
[I 2026-05-28 22:48:24,009] Trial 21 finished with value: 0.956651050990061 and parameters: {'atr_period': 10, 'contraction_pct': 30.0, 'ema_fast': 10, 'ema_slow': 40, 'hold_bars': 24, 'sl_atr_multiplier': 2.0}. Best is trial 3 with value: 0.956651050990061.
C:\Users\הלל\Desktop\algo projects\trading-research-factory\walk forward engine\.venv\lib\site-packages\optuna\distributions.py:700: UserWarning: The distribution is specified by [10, 20] and step=4, but the range is not divisible by `step`. It will be replaced by [10, 18].
  warnings.warn(
[I 2026-05-28 22:48:24,312] Trial 20 finished with value: 0.956651050990061 and parameters: {'atr_period': 10, 'contraction_pct': 30.0, 'ema_fast': 10, 'ema_slow': 40, 'hold_bars': 24, 'sl_atr_multiplier': 2.0}. Best is trial 3 with value: 0.956651050990061.
C:\Users\הלל\Desktop\algo projects\trading-research-factory\walk forward engine\.venv\lib\site-packages\optuna\distributions.py:700: UserWarning: The distribution is specified by [10, 20] and step=4, but the range is not divisible by `step`. It will be replaced by [10, 18].
  warnings.warn(
[I 2026-05-28 22:48:24,468] Trial 18 finished with value: 0.8815212662290985 and parameters: {'atr_period': 10, 'contraction_pct': 30.0, 'ema_fast': 10, 'ema_slow': 40, 'hold_bars': 24, 'sl_atr_multiplier': 1.5}. Best is trial 3 with value: 0.956651050990061.
C:\Users\הלל\Desktop\algo projects\trading-research-factory\walk forward engine\.venv\lib\site-packages\optuna\distributions.py:700: UserWarning: The distribution is specified by [10, 20] and step=4, but the range is not divisible by `step`. It will be replaced by [10, 18].
  warnings.warn(
[I 2026-05-28 22:48:24,567] Trial 19 finished with value: 0.956651050990061 and parameters: {'atr_period': 10, 'contraction_pct': 30.0, 'ema_fast': 10, 'ema_slow': 40, 'hold_bars': 24, 'sl_atr_multiplier': 2.0}. Best is trial 3 with value: 0.956651050990061.
C:\Users\הלל\Desktop\algo projects\trading-research-factory\walk forward engine\.venv\lib\site-packages\optuna\distributions.py:700: UserWarning: The distribution is specified by [10, 20] and step=4, but the range is not divisible by `step`. It will be replaced by [10, 18].
  warnings.warn(
[I 2026-05-28 22:48:24,710] Trial 17 finished with value: 1.894802049403513 and parameters: {'atr_period': 10, 'contraction_pct': 30.0, 'ema_fast': 20, 'ema_slow': 40, 'hold_bars': 12, 'sl_atr_multiplier': 2.0}. Best is trial 17 with value: 1.894802049403513.
C:\Users\הלל\Desktop\algo projects\trading-research-factory\walk forward engine\.venv\lib\site-packages\optuna\distributions.py:700: UserWarning: The distribution is specified by [10, 20] and step=4, but the range is not divisible by `step`. It will be replaced by [10, 18].
  warnings.warn(
[I 2026-05-28 22:48:24,921] Trial 22 finished with value: 0.8815212662290985 and parameters: {'atr_period': 10, 'contraction_pct': 30.0, 'ema_fast': 10, 'ema_slow': 40, 'hold_bars': 24, 'sl_atr_multiplier': 1.5}. Best is trial 17 with value: 1.894802049403513.
C:\Users\הלל\Desktop\algo projects\trading-research-factory\walk forward engine\.venv\lib\site-packages\optuna\distributions.py:700: UserWarning: The distribution is specified by [10, 20] and step=4, but the range is not divisible by `step`. It will be replaced by [10, 18].
  warnings.warn(
[I 2026-05-28 22:48:25,161] Trial 23 finished with value: 0.956651050990061 and parameters: {'atr_period': 10, 'contraction_pct': 30.0, 'ema_fast': 10, 'ema_slow': 40, 'hold_bars': 24, 'sl_atr_multiplier': 2.0}. Best is trial 17 with value: 1.894802049403513.
C:\Users\הלל\Desktop\algo projects\trading-research-factory\walk forward engine\.venv\lib\site-packages\optuna\distributions.py:700: UserWarning: The distribution is specified by [10, 20] and step=4, but the range is not divisible by `step`. It will be replaced by [10, 18].
  warnings.warn(
[I 2026-05-28 22:48:28,007] Trial 24 finished with value: 0.38885986199034345 and parameters: {'atr_period': 10, 'contraction_pct': 30.0, 'ema_fast': 10, 'ema_slow': 40, 'hold_bars': 36, 'sl_atr_multiplier': 2.0}. Best is trial 17 with value: 1.894802049403513.
[I 2026-05-28 22:48:28,009] Trial 25 finished with value: 0.45003046593817214 and parameters: {'atr_period': 10, 'contraction_pct': 30.0, 'ema_fast': 20, 'ema_slow': 40, 'hold_bars': 24, 'sl_atr_multiplier': 2.0}. Best is trial 17 with value: 1.894802049403513.
C:\Users\הלל\Desktop\algo projects\trading-research-factory\walk forward engine\.venv\lib\site-packages\optuna\distributions.py:700: UserWarning: The distribution is specified by [10, 20] and step=4, but the range is not divisible by `step`. It will be replaced by [10, 18].
  warnings.warn(
C:\Users\הלל\Desktop\algo projects\trading-research-factory\walk forward engine\.venv\lib\site-packages\optuna\distributions.py:700: UserWarning: The distribution is specified by [10, 20] and step=4, but the range is not divisible by `step`. It will be replaced by [10, 18].
  warnings.warn(
[I 2026-05-28 22:48:28,173] Trial 26 finished with value: 0.13087166765756786 and parameters: {'atr_period': 10, 'contraction_pct': 25.0, 'ema_fast': 10, 'ema_slow': 40, 'hold_bars': 36, 'sl_atr_multiplier': 2.5}. Best is trial 17 with value: 1.894802049403513.
C:\Users\הלל\Desktop\algo projects\trading-research-factory\walk forward engine\.venv\lib\site-packages\optuna\distributions.py:700: UserWarning: The distribution is specified by [10, 20] and step=4, but the range is not divisible by `step`. It will be replaced by [10, 18].
  warnings.warn(
[I 2026-05-28 22:48:28,451] Trial 27 finished with value: 2.0487154708055746 and parameters: {'atr_period': 10, 'contraction_pct': 25.0, 'ema_fast': 10, 'ema_slow': 40, 'hold_bars': 12, 'sl_atr_multiplier': 2.0}. Best is trial 27 with value: 2.0487154708055746.
C:\Users\הלל\Desktop\algo projects\trading-research-factory\walk forward engine\.venv\lib\site-packages\optuna\distributions.py:700: UserWarning: The distribution is specified by [10, 20] and step=4, but the range is not divisible by `step`. It will be replaced by [10, 18].
  warnings.warn(
[I 2026-05-28 22:48:28,483] Trial 29 finished with value: 0.46496995511289463 and parameters: {'atr_period': 10, 'contraction_pct': 30.0, 'ema_fast': 20, 'ema_slow': 40, 'hold_bars': 24, 'sl_atr_multiplier': 2.5}. Best is trial 27 with value: 2.0487154708055746.
[I 2026-05-28 22:48:28,665] Trial 28 finished with value: 0.2459332410435862 and parameters: {'atr_period': 10, 'contraction_pct': 30.0, 'ema_fast': 10, 'ema_slow': 40, 'hold_bars': 36, 'sl_atr_multiplier': 2.5}. Best is trial 27 with value: 2.0487154708055746.
[I 2026-05-28 22:48:29,219] Trial 30 finished with value: 1.1148926768072414 and parameters: {'atr_period': 10, 'contraction_pct': 25.0, 'ema_fast': 20, 'ema_slow': 40, 'hold_bars': 12, 'sl_atr_multiplier': 2.0}. Best is trial 27 with value: 2.0487154708055746.
C:\Users\הלל\Desktop\algo projects\trading-research-factory\walk forward engine\.venv\lib\site-packages\optuna\distributions.py:700: UserWarning: The distribution is specified by [10, 20] and step=4, but the range is not divisible by `step`. It will be replaced by [10, 18].
  warnings.warn(
[I 2026-05-28 22:48:29,505] Trial 31 finished with value: 1.894802049403513 and parameters: {'atr_period': 10, 'contraction_pct': 30.0, 'ema_fast': 20, 'ema_slow': 40, 'hold_bars': 12, 'sl_atr_multiplier': 2.0}. Best is trial 27 with value: 2.0487154708055746.
C:\Users\הלל\Desktop\algo projects\trading-research-factory\walk forward engine\.venv\lib\site-packages\optuna\distributions.py:700: UserWarning: The distribution is specified by [10, 20] and step=4, but the range is not divisible by `step`. It will be replaced by [10, 18].
  warnings.warn(
[I 2026-05-28 22:48:32,199] Trial 32 finished with value: 1.229891291456343 and parameters: {'atr_period': 10, 'contraction_pct': 25.0, 'ema_fast': 30, 'ema_slow': 40, 'hold_bars': 12, 'sl_atr_multiplier': 2.5}. Best is trial 27 with value: 2.0487154708055746.
C:\Users\הלל\Desktop\algo projects\trading-research-factory\walk forward engine\.venv\lib\site-packages\optuna\distributions.py:700: UserWarning: The distribution is specified by [10, 20] and step=4, but the range is not divisible by `step`. It will be replaced by [10, 18].
  warnings.warn(
[I 2026-05-28 22:48:32,587] Trial 34 finished with value: 1.2166885045916396 and parameters: {'atr_period': 14, 'contraction_pct': 30.0, 'ema_fast': 20, 'ema_slow': 40, 'hold_bars': 12, 'sl_atr_multiplier': 2.0}. Best is trial 27 with value: 2.0487154708055746.
[I 2026-05-28 22:48:32,609] Trial 33 finished with value: 1.229891291456343 and parameters: {'atr_period': 10, 'contraction_pct': 25.0, 'ema_fast': 30, 'ema_slow': 40, 'hold_bars': 12, 'sl_atr_multiplier': 2.5}. Best is trial 27 with value: 2.0487154708055746.
C:\Users\הלל\Desktop\algo projects\trading-research-factory\walk forward engine\.venv\lib\site-packages\optuna\distributions.py:700: UserWarning: The distribution is specified by [10, 20] and step=4, but the range is not divisible by `step`. It will be replaced by [10, 18].
  warnings.warn(
[I 2026-05-28 22:48:32,894] Trial 36 finished with value: 1.1148926768072414 and parameters: {'atr_period': 10, 'contraction_pct': 25.0, 'ema_fast': 20, 'ema_slow': 40, 'hold_bars': 12, 'sl_atr_multiplier': 2.0}. Best is trial 27 with value: 2.0487154708055746.
C:\Users\הלל\Desktop\algo projects\trading-research-factory\walk forward engine\.venv\lib\site-packages\optuna\distributions.py:700: UserWarning: The distribution is specified by [10, 20] and step=4, but the range is not divisible by `step`. It will be replaced by [10, 18].
  warnings.warn(
[I 2026-05-28 22:48:33,007] Trial 37 finished with value: 2.079486737917317 and parameters: {'atr_period': 10, 'contraction_pct': 25.0, 'ema_fast': 10, 'ema_slow': 40, 'hold_bars': 12, 'sl_atr_multiplier': 2.5}. Best is trial 37 with value: 2.079486737917317.
[I 2026-05-28 22:48:33,071] Trial 35 finished with value: 1.1148926768072414 and parameters: {'atr_period': 10, 'contraction_pct': 25.0, 'ema_fast': 20, 'ema_slow': 40, 'hold_bars': 12, 'sl_atr_multiplier': 2.0}. Best is trial 37 with value: 2.079486737917317.
[I 2026-05-28 22:48:33,792] Trial 38 finished with value: 1.1148926768072414 and parameters: {'atr_period': 10, 'contraction_pct': 25.0, 'ema_fast': 20, 'ema_slow': 40, 'hold_bars': 12, 'sl_atr_multiplier': 2.0}. Best is trial 37 with value: 2.079486737917317.
C:\Users\הלל\Desktop\algo projects\trading-research-factory\walk forward engine\.venv\lib\site-packages\optuna\distributions.py:700: UserWarning: The distribution is specified by [10, 20] and step=4, but the range is not divisible by `step`. It will be replaced by [10, 18].
  warnings.warn(
[I 2026-05-28 22:48:34,049] Trial 39 finished with value: 0.9967921722734798 and parameters: {'atr_period': 10, 'contraction_pct': 30.0, 'ema_fast': 30, 'ema_slow': 40, 'hold_bars': 12, 'sl_atr_multiplier': 2.0}. Best is trial 37 with value: 2.079486737917317.
C:\Users\הלל\Desktop\algo projects\trading-research-factory\walk forward engine\.venv\lib\site-packages\optuna\distributions.py:700: UserWarning: The distribution is specified by [10, 20] and step=4, but the range is not divisible by `step`. It will be replaced by [10, 18].
  warnings.warn(
[I 2026-05-28 22:48:36,684] Trial 40 finished with value: 1.229891291456343 and parameters: {'atr_period': 10, 'contraction_pct': 25.0, 'ema_fast': 30, 'ema_slow': 40, 'hold_bars': 12, 'sl_atr_multiplier': 2.5}. Best is trial 37 with value: 2.079486737917317.
C:\Users\הלל\Desktop\algo projects\trading-research-factory\walk forward engine\.venv\lib\site-packages\optuna\distributions.py:700: UserWarning: The distribution is specified by [10, 20] and step=4, but the range is not divisible by `step`. It will be replaced by [10, 18].
  warnings.warn(
