[I 2026-05-28 22:49:51,007] Trial 17 finished with value: 1.326212313390468 and parameters: {'atr_period': 18, 'contraction_pct': 20.0, 'ema_fast': 30, 'ema_slow': 60, 'hold_bars': 12, 'sl_atr_multiplier': 2.5}. Best is trial 2 with value: 1.9758411694248046.
C:\Users\הלל\Desktop\algo projects\trading-research-factory\walk forward engine\.venv\lib\site-packages\optuna\distributions.py:700: UserWarning: The distribution is specified by [10, 20] and step=4, but the range is not divisible by `step`. It will be replaced by [10, 18].
  warnings.warn(
[I 2026-05-28 22:49:51,284] Trial 18 finished with value: 1.3378735679010063 and parameters: {'atr_period': 14, 'contraction_pct': 30.0, 'ema_fast': 30, 'ema_slow': 60, 'hold_bars': 24, 'sl_atr_multiplier': 2.5}. Best is trial 2 with value: 1.9758411694248046.
C:\Users\הלל\Desktop\algo projects\trading-research-factory\walk forward engine\.venv\lib\site-packages\optuna\distributions.py:700: UserWarning: The distribution is specified by [10, 20] and step=4, but the range is not divisible by `step`. It will be replaced by [10, 18].
  warnings.warn(
[I 2026-05-28 22:49:51,613] Trial 19 finished with value: 1.3378735679010063 and parameters: {'atr_period': 14, 'contraction_pct': 30.0, 'ema_fast': 30, 'ema_slow': 60, 'hold_bars': 24, 'sl_atr_multiplier': 2.5}. Best is trial 2 with value: 1.9758411694248046.
C:\Users\הלל\Desktop\algo projects\trading-research-factory\walk forward engine\.venv\lib\site-packages\optuna\distributions.py:700: UserWarning: The distribution is specified by [10, 20] and step=4, but the range is not divisible by `step`. It will be replaced by [10, 18].
  warnings.warn(
[I 2026-05-28 22:49:51,836] Trial 21 finished with value: 2.071160638350954 and parameters: {'atr_period': 14, 'contraction_pct': 25.0, 'ema_fast': 30, 'ema_slow': 60, 'hold_bars': 24, 'sl_atr_multiplier': 2.5}. Best is trial 21 with value: 2.071160638350954.
C:\Users\הלל\Desktop\algo projects\trading-research-factory\walk forward engine\.venv\lib\site-packages\optuna\distributions.py:700: UserWarning: The distribution is specified by [10, 20] and step=4, but the range is not divisible by `step`. It will be replaced by [10, 18].
  warnings.warn(
[I 2026-05-28 22:49:51,912] Trial 22 finished with value: 2.071160638350954 and parameters: {'atr_period': 14, 'contraction_pct': 25.0, 'ema_fast': 30, 'ema_slow': 60, 'hold_bars': 24, 'sl_atr_multiplier': 2.5}. Best is trial 21 with value: 2.071160638350954.
C:\Users\הלל\Desktop\algo projects\trading-research-factory\walk forward engine\.venv\lib\site-packages\optuna\distributions.py:700: UserWarning: The distribution is specified by [10, 20] and step=4, but the range is not divisible by `step`. It will be replaced by [10, 18].
  warnings.warn(
[I 2026-05-28 22:49:52,306] Trial 20 finished with value: 1.3378735679010063 and parameters: {'atr_period': 14, 'contraction_pct': 30.0, 'ema_fast': 30, 'ema_slow': 60, 'hold_bars': 24, 'sl_atr_multiplier': 2.5}. Best is trial 21 with value: 2.071160638350954.
C:\Users\הלל\Desktop\algo projects\trading-research-factory\walk forward engine\.venv\lib\site-packages\optuna\distributions.py:700: UserWarning: The distribution is specified by [10, 20] and step=4, but the range is not divisible by `step`. It will be replaced by [10, 18].
  warnings.warn(
[I 2026-05-28 22:49:52,363] Trial 23 finished with value: 1.4572156649092802 and parameters: {'atr_period': 14, 'contraction_pct': 25.0, 'ema_fast': 30, 'ema_slow': 60, 'hold_bars': 12, 'sl_atr_multiplier': 2.0}. Best is trial 21 with value: 2.071160638350954.
[I 2026-05-28 22:49:54,291] Trial 24 finished with value: -0.5859376755112741 and parameters: {'atr_period': 18, 'contraction_pct': 30.0, 'ema_fast': 30, 'ema_slow': 60, 'hold_bars': 24, 'sl_atr_multiplier': 2.5}. Best is trial 21 with value: 2.071160638350954.
C:\Users\הלל\Desktop\algo projects\trading-research-factory\walk forward engine\.venv\lib\site-packages\optuna\distributions.py:700: UserWarning: The distribution is specified by [10, 20] and step=4, but the range is not divisible by `step`. It will be replaced by [10, 18].
  warnings.warn(
[I 2026-05-28 22:49:54,350] Trial 25 finished with value: 1.3378735679010063 and parameters: {'atr_period': 14, 'contraction_pct': 30.0, 'ema_fast': 30, 'ema_slow': 60, 'hold_bars': 24, 'sl_atr_multiplier': 2.5}. Best is trial 21 with value: 2.071160638350954.
[I 2026-05-28 22:49:54,860] Trial 26 finished with value: -0.16502625081135833 and parameters: {'atr_period': 18, 'contraction_pct': 30.0, 'ema_fast': 20, 'ema_slow': 60, 'hold_bars': 24, 'sl_atr_multiplier': 2.0}. Best is trial 21 with value: 2.071160638350954.
C:\Users\הלל\Desktop\algo projects\trading-research-factory\walk forward engine\.venv\lib\site-packages\optuna\distributions.py:700: UserWarning: The distribution is specified by [10, 20] and step=4, but the range is not divisible by `step`. It will be replaced by [10, 18].
  warnings.warn(
[I 2026-05-28 22:49:55,052] Trial 27 finished with value: 2.1651219181497288 and parameters: {'atr_period': 18, 'contraction_pct': 20.0, 'ema_fast': 20, 'ema_slow': 50, 'hold_bars': 12, 'sl_atr_multiplier': 1.5}. Best is trial 27 with value: 2.1651219181497288.
C:\Users\הלל\Desktop\algo projects\trading-research-factory\walk forward engine\.venv\lib\site-packages\optuna\distributions.py:700: UserWarning: The distribution is specified by [10, 20] and step=4, but the range is not divisible by `step`. It will be replaced by [10, 18].
  warnings.warn(
[I 2026-05-28 22:49:55,199] Trial 28 finished with value: 2.5689443849361946 and parameters: {'atr_period': 10, 'contraction_pct': 20.0, 'ema_fast': 30, 'ema_slow': 60, 'hold_bars': 24, 'sl_atr_multiplier': 2.5}. Best is trial 28 with value: 2.5689443849361946.
C:\Users\הלל\Desktop\algo projects\trading-research-factory\walk forward engine\.venv\lib\site-packages\optuna\distributions.py:700: UserWarning: The distribution is specified by [10, 20] and step=4, but the range is not divisible by `step`. It will be replaced by [10, 18].
  warnings.warn(
[I 2026-05-28 22:49:55,394] Trial 29 finished with value: 0.9864788101176604 and parameters: {'atr_period': 14, 'contraction_pct': 20.0, 'ema_fast': 30, 'ema_slow': 60, 'hold_bars': 36, 'sl_atr_multiplier': 2.5}. Best is trial 28 with value: 2.5689443849361946.
C:\Users\הלל\Desktop\algo projects\trading-research-factory\walk forward engine\.venv\lib\site-packages\optuna\distributions.py:700: UserWarning: The distribution is specified by [10, 20] and step=4, but the range is not divisible by `step`. It will be replaced by [10, 18].
  warnings.warn(
[I 2026-05-28 22:49:55,807] Trial 30 finished with value: 0.9122298485181161 and parameters: {'atr_period': 18, 'contraction_pct': 25.0, 'ema_fast': 20, 'ema_slow': 60, 'hold_bars': 12, 'sl_atr_multiplier': 2.0}. Best is trial 28 with value: 2.5689443849361946.
C:\Users\הלל\Desktop\algo projects\trading-research-factory\walk forward engine\.venv\lib\site-packages\optuna\distributions.py:700: UserWarning: The distribution is specified by [10, 20] and step=4, but the range is not divisible by `step`. It will be replaced by [10, 18].
  warnings.warn(
[I 2026-05-28 22:49:55,845] Trial 31 finished with value: 0.9122298485181161 and parameters: {'atr_period': 18, 'contraction_pct': 25.0, 'ema_fast': 20, 'ema_slow': 50, 'hold_bars': 12, 'sl_atr_multiplier': 2.0}. Best is trial 28 with value: 2.5689443849361946.
C:\Users\הלל\Desktop\algo projects\trading-research-factory\walk forward engine\.venv\lib\site-packages\optuna\distributions.py:700: UserWarning: The distribution is specified by [10, 20] and step=4, but the range is not divisible by `step`. It will be replaced by [10, 18].
  warnings.warn(
[I 2026-05-28 22:49:57,609] Trial 32 finished with value: 0.9864788101176604 and parameters: {'atr_period': 14, 'contraction_pct': 20.0, 'ema_fast': 30, 'ema_slow': 60, 'hold_bars': 36, 'sl_atr_multiplier': 2.5}. Best is trial 28 with value: 2.5689443849361946.
C:\Users\הלל\Desktop\algo projects\trading-research-factory\walk forward engine\.venv\lib\site-packages\optuna\distributions.py:700: UserWarning: The distribution is specified by [10, 20] and step=4, but the range is not divisible by `step`. It will be replaced by [10, 18].
  warnings.warn(
[I 2026-05-28 22:49:57,664] Trial 34 finished with value: 0.9864788101176604 and parameters: {'atr_period': 14, 'contraction_pct': 20.0, 'ema_fast': 30, 'ema_slow': 60, 'hold_bars': 36, 'sl_atr_multiplier': 2.5}. Best is trial 28 with value: 2.5689443849361946.
[I 2026-05-28 22:49:58,200] Trial 33 finished with value: 2.5689443849361946 and parameters: {'atr_period': 10, 'contraction_pct': 20.0, 'ema_fast': 30, 'ema_slow': 60, 'hold_bars': 24, 'sl_atr_multiplier': 2.5}. Best is trial 28 with value: 2.5689443849361946.
C:\Users\הלל\Desktop\algo projects\trading-research-factory\walk forward engine\.venv\lib\site-packages\optuna\distributions.py:700: UserWarning: The distribution is specified by [10, 20] and step=4, but the range is not divisible by `step`. It will be replaced by [10, 18].
  warnings.warn(
[I 2026-05-28 22:49:58,390] Trial 36 finished with value: 2.5586112551297253 and parameters: {'atr_period': 10, 'contraction_pct': 15.0, 'ema_fast': 30, 'ema_slow': 60, 'hold_bars': 12, 'sl_atr_multiplier': 2.5}. Best is trial 28 with value: 2.5689443849361946.
C:\Users\הלל\Desktop\algo projects\trading-research-factory\walk forward engine\.venv\lib\site-packages\optuna\distributions.py:700: UserWarning: The distribution is specified by [10, 20] and step=4, but the range is not divisible by `step`. It will be replaced by [10, 18].
  warnings.warn(
[I 2026-05-28 22:49:58,417] Trial 35 finished with value: 2.7108644242493187 and parameters: {'atr_period': 10, 'contraction_pct': 25.0, 'ema_fast': 30, 'ema_slow': 60, 'hold_bars': 36, 'sl_atr_multiplier': 2.0}. Best is trial 35 with value: 2.7108644242493187.
[I 2026-05-28 22:49:58,487] Trial 37 finished with value: 1.3063258468799404 and parameters: {'atr_period': 18, 'contraction_pct': 15.0, 'ema_fast': 20, 'ema_slow': 50, 'hold_bars': 12, 'sl_atr_multiplier': 1.5}. Best is trial 35 with value: 2.7108644242493187.
[I 2026-05-28 22:49:58,818] Trial 39 finished with value: 1.5891422809813573 and parameters: {'atr_period': 10, 'contraction_pct': 20.0, 'ema_fast': 30, 'ema_slow': 50, 'hold_bars': 24, 'sl_atr_multiplier': 2.5}. Best is trial 35 with value: 2.7108644242493187.
C:\Users\הלל\Desktop\algo projects\trading-research-factory\walk forward engine\.venv\lib\site-packages\optuna\distributions.py:700: UserWarning: The distribution is specified by [10, 20] and step=4, but the range is not divisible by `step`. It will be replaced by [10, 18].
  warnings.warn(
[I 2026-05-28 22:49:59,136] Trial 38 finished with value: 2.5689443849361946 and parameters: {'atr_period': 10, 'contraction_pct': 20.0, 'ema_fast': 30, 'ema_slow': 60, 'hold_bars': 24, 'sl_atr_multiplier': 2.5}. Best is trial 35 with value: 2.7108644242493187.
C:\Users\הלל\Desktop\algo projects\trading-research-factory\walk forward engine\.venv\lib\site-packages\optuna\distributions.py:700: UserWarning: The distribution is specified by [10, 20] and step=4, but the range is not divisible by `step`. It will be replaced by [10, 18].
  warnings.warn(
[I 2026-05-28 22:50:00,792] Trial 40 finished with value: 1.3063258468799404 and parameters: {'atr_period': 18, 'contraction_pct': 15.0, 'ema_fast': 20, 'ema_slow': 50, 'hold_bars': 12, 'sl_atr_multiplier': 1.5}. Best is trial 35 with value: 2.7108644242493187.
C:\Users\הלל\Desktop\algo projects\trading-research-factory\walk forward engine\.venv\lib\site-packages\optuna\distributions.py:700: UserWarning: The distribution is specified by [10, 20] and step=4, but the range is not divisible by `step`. It will be replaced by [10, 18].
  warnings.warn(
[I 2026-05-28 22:50:01,085] Trial 41 finished with value: 2.84298320885396 and parameters: {'atr_period': 10, 'contraction_pct': 15.0, 'ema_fast': 30, 'ema_slow': 60, 'hold_bars': 24, 'sl_atr_multiplier': 2.5}. Best is trial 41 with value: 2.84298320885396.
C:\Users\הלל\Desktop\algo projects\trading-research-factory\walk forward engine\.venv\lib\site-packages\optuna\distributions.py:700: UserWarning: The distribution is specified by [10, 20] and step=4, but the range is not divisible by `step`. It will be replaced by [10, 18].
  warnings.warn(
[I 2026-05-28 22:50:01,606] Trial 45 finished with value: 2.094251610621062 and parameters: {'atr_period': 10, 'contraction_pct': 15.0, 'ema_fast': 30, 'ema_slow': 50, 'hold_bars': 12, 'sl_atr_multiplier': 2.5}. Best is trial 41 with value: 2.84298320885396.
C:\Users\הלל\Desktop\algo projects\trading-research-factory\walk forward engine\.venv\lib\site-packages\optuna\distributions.py:700: UserWarning: The distribution is specified by [10, 20] and step=4, but the range is not divisible by `step`. It will be replaced by [10, 18].
  warnings.warn(
[I 2026-05-28 22:50:01,686] Trial 42 finished with value: 2.84298320885396 and parameters: {'atr_period': 10, 'contraction_pct': 15.0, 'ema_fast': 30, 'ema_slow': 60, 'hold_bars': 24, 'sl_atr_multiplier': 2.5}. Best is trial 41 with value: 2.84298320885396.
C:\Users\הלל\Desktop\algo projects\trading-research-factory\walk forward engine\.venv\lib\site-packages\optuna\distributions.py:700: UserWarning: The distribution is specified by [10, 20] and step=4, but the range is not divisible by `step`. It will be replaced by [10, 18].
  warnings.warn(
[I 2026-05-28 22:50:01,870] Trial 44 finished with value: 2.5586112551297253 and parameters: {'atr_period': 10, 'contraction_pct': 15.0, 'ema_fast': 30, 'ema_slow': 60, 'hold_bars': 12, 'sl_atr_multiplier': 2.5}. Best is trial 41 with value: 2.84298320885396.
[I 2026-05-28 22:50:01,896] Trial 43 finished with value: 2.5586112551297253 and parameters: {'atr_period': 10, 'contraction_pct': 15.0, 'ema_fast': 30, 'ema_slow': 60, 'hold_bars': 12, 'sl_atr_multiplier': 2.5}. Best is trial 41 with value: 2.84298320885396.
C:\Users\הלל\Desktop\algo projects\trading-research-factory\walk forward engine\.venv\lib\site-packages\optuna\distributions.py:700: UserWarning: The distribution is specified by [10, 20] and step=4, but the range is not divisible by `step`. It will be replaced by [10, 18].
  warnings.warn(
[I 2026-05-28 22:50:02,324] Trial 46 finished with value: 2.5586112551297253 and parameters: {'atr_period': 10, 'contraction_pct': 15.0, 'ema_fast': 30, 'ema_slow': 60, 'hold_bars': 12, 'sl_atr_multiplier': 2.5}. Best is trial 41 with value: 2.84298320885396.
C:\Users\הלל\Desktop\algo projects\trading-research-factory\walk forward engine\.venv\lib\site-packages\optuna\distributions.py:700: UserWarning: The distribution is specified by [10, 20] and step=4, but the range is not divisible by `step`. It will be replaced by [10, 18].
  warnings.warn(
[I 2026-05-28 22:50:02,720] Trial 47 finished with value: 2.9757029705703073 and parameters: {'atr_period': 10, 'contraction_pct': 25.0, 'ema_fast': 30, 'ema_slow': 60, 'hold_bars': 36, 'sl_atr_multiplier': 1.5}. Best is trial 47 with value: 2.9757029705703073.
C:\Users\הלל\Desktop\algo projects\trading-research-factory\walk forward engine\.venv\lib\site-packages\optuna\distributions.py:700: UserWarning: The distribution is specified by [10, 20] and step=4, but the range is not divisible by `step`. It will be replaced by [10, 18].
  warnings.warn(
[I 2026-05-28 22:50:04,543] Trial 48 finished with value: 2.5586112551297253 and parameters: {'atr_period': 10, 'contraction_pct': 15.0, 'ema_fast': 30, 'ema_slow': 60, 'hold_bars': 12, 'sl_atr_multiplier': 2.5}. Best is trial 47 with value: 2.9757029705703073.
C:\Users\הלל\Desktop\algo projects\trading-research-factory\walk forward engine\.venv\lib\site-packages\optuna\distributions.py:700: UserWarning: The distribution is specified by [10, 20] and step=4, but the range is not divisible by `step`. It will be replaced by [10, 18].
  warnings.warn(
[I 2026-05-28 22:50:04,766] Trial 49 finished with value: 2.7108644242493187 and parameters: {'atr_period': 10, 'contraction_pct': 25.0, 'ema_fast': 30, 'ema_slow': 60, 'hold_bars': 36, 'sl_atr_multiplier': 2.0}. Best is trial 47 with value: 2.9757029705703073.
C:\Users\הלל\Desktop\algo projects\trading-research-factory\walk forward engine\.venv\lib\site-packages\optuna\distributions.py:700: UserWarning: The distribution is specified by [10, 20] and step=4, but the range is not divisible by `step`. It will be replaced by [10, 18].
  warnings.warn(
[I 2026-05-28 22:50:05,019] Trial 50 finished with value: 2.9757029705703073 and parameters: {'atr_period': 10, 'contraction_pct': 25.0, 'ema_fast': 30, 'ema_slow': 60, 'hold_bars': 36, 'sl_atr_multiplier': 1.5}. Best is trial 47 with value: 2.9757029705703073.
C:\Users\הלל\Desktop\algo projects\trading-research-factory\walk forward engine\.venv\lib\site-packages\optuna\distributions.py:700: UserWarning: The distribution is specified by [10, 20] and step=4, but the range is not divisible by `step`. It will be replaced by [10, 18].
  warnings.warn(
[I 2026-05-28 22:50:05,334] Trial 52 finished with value: 2.7108644242493187 and parameters: {'atr_period': 10, 'contraction_pct': 25.0, 'ema_fast': 30, 'ema_slow': 60, 'hold_bars': 36, 'sl_atr_multiplier': 2.0}. Best is trial 47 with value: 2.9757029705703073.
C:\Users\הלל\Desktop\algo projects\trading-research-factory\walk forward engine\.venv\lib\site-packages\optuna\distributions.py:700: UserWarning: The distribution is specified by [10, 20] and step=4, but the range is not divisible by `step`. It will be replaced by [10, 18].
  warnings.warn(
[I 2026-05-28 22:50:05,472] Trial 51 finished with value: 2.7108644242493187 and parameters: {'atr_period': 10, 'contraction_pct': 25.0, 'ema_fast': 30, 'ema_slow': 60, 'hold_bars': 36, 'sl_atr_multiplier': 2.0}. Best is trial 47 with value: 2.9757029705703073.
C:\Users\הלל\Desktop\algo projects\trading-research-factory\walk forward engine\.venv\lib\site-packages\optuna\distributions.py:700: UserWarning: The distribution is specified by [10, 20] and step=4, but the range is not divisible by `step`. It will be replaced by [10, 18].
  warnings.warn(
[I 2026-05-28 22:50:05,584] Trial 53 finished with value: 1.7607154847656008 and parameters: {'atr_period': 10, 'contraction_pct': 20.0, 'ema_fast': 30, 'ema_slow': 50, 'hold_bars': 36, 'sl_atr_multiplier': 1.5}. Best is trial 47 with value: 2.9757029705703073.
C:\Users\הלל\Desktop\algo projects\trading-research-factory\walk forward engine\.venv\lib\site-packages\optuna\distributions.py:700: UserWarning: The distribution is specified by [10, 20] and step=4, but the range is not divisible by `step`. It will be replaced by [10, 18].
  warnings.warn(
[I 2026-05-28 22:50:05,771] Trial 54 finished with value: 2.1528906589612804 and parameters: {'atr_period': 10, 'contraction_pct': 20.0, 'ema_fast': 30, 'ema_slow': 60, 'hold_bars': 36, 'sl_atr_multiplier': 2.0}. Best is trial 47 with value: 2.9757029705703073.
C:\Users\הלל\Desktop\algo projects\trading-research-factory\walk forward engine\.venv\lib\site-packages\optuna\distributions.py:700: UserWarning: The distribution is specified by [10, 20] and step=4, but the range is not divisible by `step`. It will be replaced by [10, 18].
  warnings.warn(
[I 2026-05-28 22:50:06,112] Trial 55 finished with value: 2.9757029705703073 and parameters: {'atr_period': 10, 'contraction_pct': 25.0, 'ema_fast': 30, 'ema_slow': 60, 'hold_bars': 36, 'sl_atr_multiplier': 1.5}. Best is trial 47 with value: 2.9757029705703073.
C:\Users\הלל\Desktop\algo projects\trading-research-factory\walk forward engine\.venv\lib\site-packages\optuna\distributions.py:700: UserWarning: The distribution is specified by [10, 20] and step=4, but the range is not divisible by `step`. It will be replaced by [10, 18].
  warnings.warn(
[I 2026-05-28 22:50:08,164] Trial 56 finished with value: 1.9202134358310508 and parameters: {'atr_period': 10, 'contraction_pct': 30.0, 'ema_fast': 30, 'ema_slow': 60, 'hold_bars': 36, 'sl_atr_multiplier': 1.5}. Best is trial 47 with value: 2.9757029705703073.
C:\Users\הלל\Desktop\algo projects\trading-research-factory\walk forward engine\.venv\lib\site-packages\optuna\distributions.py:700: UserWarning: The distribution is specified by [10, 20] and step=4, but the range is not divisible by `step`. It will be replaced by [10, 18].
  warnings.warn(
[I 2026-05-28 22:50:08,518] Trial 57 finished with value: 2.9757029705703073 and parameters: {'atr_period': 10, 'contraction_pct': 25.0, 'ema_fast': 30, 'ema_slow': 60, 'hold_bars': 36, 'sl_atr_multiplier': 1.5}. Best is trial 47 with value: 2.9757029705703073.
C:\Users\הלל\Desktop\algo projects\trading-research-factory\walk forward engine\.venv\lib\site-packages\optuna\distributions.py:700: UserWarning: The distribution is specified by [10, 20] and step=4, but the range is not divisible by `step`. It will be replaced by [10, 18].
  warnings.warn(
[I 2026-05-28 22:50:08,647] Trial 58 finished with value: 2.9757029705703073 and parameters: {'atr_period': 10, 'contraction_pct': 25.0, 'ema_fast': 30, 'ema_slow': 60, 'hold_bars': 36, 'sl_atr_multiplier': 1.5}. Best is trial 47 with value: 2.9757029705703073.
C:\Users\הלל\Desktop\algo projects\trading-research-factory\walk forward engine\.venv\lib\site-packages\optuna\distributions.py:700: UserWarning: The distribution is specified by [10, 20] and step=4, but the range is not divisible by `step`. It will be replaced by [10, 18].
  warnings.warn(
