[I 2026-05-28 22:49:32,108] Trial 74 finished with value: 0.21071494120525883 and parameters: {'atr_period': 10, 'contraction_pct': 20.0, 'ema_fast': 30, 'ema_slow': 60, 'hold_bars': 24, 'sl_atr_multiplier': 1.5}. Best is trial 67 with value: 2.7251534735109817.
C:\Users\הלל\Desktop\algo projects\trading-research-factory\walk forward engine\.venv\lib\site-packages\optuna\distributions.py:700: UserWarning: The distribution is specified by [10, 20] and step=4, but the range is not divisible by `step`. It will be replaced by [10, 18].
  warnings.warn(
[I 2026-05-28 22:49:32,161] Trial 73 finished with value: -0.1727218467375881 and parameters: {'atr_period': 10, 'contraction_pct': 30.0, 'ema_fast': 20, 'ema_slow': 40, 'hold_bars': 24, 'sl_atr_multiplier': 1.5}. Best is trial 67 with value: 2.7251534735109817.
C:\Users\הלל\Desktop\algo projects\trading-research-factory\walk forward engine\.venv\lib\site-packages\optuna\distributions.py:700: UserWarning: The distribution is specified by [10, 20] and step=4, but the range is not divisible by `step`. It will be replaced by [10, 18].
  warnings.warn(
[I 2026-05-28 22:49:32,290] Trial 75 finished with value: 0.010892371897832187 and parameters: {'atr_period': 10, 'contraction_pct': 30.0, 'ema_fast': 30, 'ema_slow': 50, 'hold_bars': 24, 'sl_atr_multiplier': 2.5}. Best is trial 67 with value: 2.7251534735109817.
[I 2026-05-28 22:49:32,565] Trial 76 finished with value: 2.7251534735109817 and parameters: {'atr_period': 10, 'contraction_pct': 30.0, 'ema_fast': 30, 'ema_slow': 50, 'hold_bars': 12, 'sl_atr_multiplier': 2.5}. Best is trial 67 with value: 2.7251534735109817.
C:\Users\הלל\Desktop\algo projects\trading-research-factory\walk forward engine\.venv\lib\site-packages\optuna\distributions.py:700: UserWarning: The distribution is specified by [10, 20] and step=4, but the range is not divisible by `step`. It will be replaced by [10, 18].
  warnings.warn(
[I 2026-05-28 22:49:32,892] Trial 77 finished with value: 1.9913306579286032 and parameters: {'atr_period': 10, 'contraction_pct': 20.0, 'ema_fast': 20, 'ema_slow': 60, 'hold_bars': 12, 'sl_atr_multiplier': 1.5}. Best is trial 67 with value: 2.7251534735109817.
C:\Users\הלל\Desktop\algo projects\trading-research-factory\walk forward engine\.venv\lib\site-packages\optuna\distributions.py:700: UserWarning: The distribution is specified by [10, 20] and step=4, but the range is not divisible by `step`. It will be replaced by [10, 18].
  warnings.warn(
[I 2026-05-28 22:49:33,028] Trial 78 finished with value: 2.7251534735109817 and parameters: {'atr_period': 10, 'contraction_pct': 30.0, 'ema_fast': 30, 'ema_slow': 50, 'hold_bars': 12, 'sl_atr_multiplier': 2.5}. Best is trial 67 with value: 2.7251534735109817.
C:\Users\הלל\Desktop\algo projects\trading-research-factory\walk forward engine\.venv\lib\site-packages\optuna\distributions.py:700: UserWarning: The distribution is specified by [10, 20] and step=4, but the range is not divisible by `step`. It will be replaced by [10, 18].
  warnings.warn(
[I 2026-05-28 22:49:33,294] Trial 79 finished with value: 2.7251534735109817 and parameters: {'atr_period': 10, 'contraction_pct': 30.0, 'ema_fast': 30, 'ema_slow': 50, 'hold_bars': 12, 'sl_atr_multiplier': 2.5}. Best is trial 67 with value: 2.7251534735109817.
C:\Users\הלל\Desktop\algo projects\trading-research-factory\walk forward engine\.venv\lib\site-packages\optuna\distributions.py:700: UserWarning: The distribution is specified by [10, 20] and step=4, but the range is not divisible by `step`. It will be replaced by [10, 18].
  warnings.warn(
[I 2026-05-28 22:49:35,385] Trial 80 finished with value: 0.010892371897832187 and parameters: {'atr_period': 10, 'contraction_pct': 30.0, 'ema_fast': 30, 'ema_slow': 50, 'hold_bars': 24, 'sl_atr_multiplier': 2.5}. Best is trial 67 with value: 2.7251534735109817.
C:\Users\הלל\Desktop\algo projects\trading-research-factory\walk forward engine\.venv\lib\site-packages\optuna\distributions.py:700: UserWarning: The distribution is specified by [10, 20] and step=4, but the range is not divisible by `step`. It will be replaced by [10, 18].
  warnings.warn(
[I 2026-05-28 22:49:35,506] Trial 81 finished with value: 2.7251534735109817 and parameters: {'atr_period': 10, 'contraction_pct': 30.0, 'ema_fast': 30, 'ema_slow': 50, 'hold_bars': 12, 'sl_atr_multiplier': 2.5}. Best is trial 67 with value: 2.7251534735109817.
C:\Users\הלל\Desktop\algo projects\trading-research-factory\walk forward engine\.venv\lib\site-packages\optuna\distributions.py:700: UserWarning: The distribution is specified by [10, 20] and step=4, but the range is not divisible by `step`. It will be replaced by [10, 18].
  warnings.warn(
[I 2026-05-28 22:49:35,956] Trial 82 finished with value: 2.9318661997492406 and parameters: {'atr_period': 10, 'contraction_pct': 30.0, 'ema_fast': 30, 'ema_slow': 60, 'hold_bars': 12, 'sl_atr_multiplier': 2.5}. Best is trial 82 with value: 2.9318661997492406.
C:\Users\הלל\Desktop\algo projects\trading-research-factory\walk forward engine\.venv\lib\site-packages\optuna\distributions.py:700: UserWarning: The distribution is specified by [10, 20] and step=4, but the range is not divisible by `step`. It will be replaced by [10, 18].
  warnings.warn(
[I 2026-05-28 22:49:36,008] Trial 83 finished with value: 0.4750135244916282 and parameters: {'atr_period': 14, 'contraction_pct': 30.0, 'ema_fast': 30, 'ema_slow': 50, 'hold_bars': 12, 'sl_atr_multiplier': 2.5}. Best is trial 82 with value: 2.9318661997492406.
[I 2026-05-28 22:49:36,364] Trial 84 finished with value: 2.9318661997492406 and parameters: {'atr_period': 10, 'contraction_pct': 30.0, 'ema_fast': 30, 'ema_slow': 60, 'hold_bars': 12, 'sl_atr_multiplier': 2.5}. Best is trial 82 with value: 2.9318661997492406.
C:\Users\הלל\Desktop\algo projects\trading-research-factory\walk forward engine\.venv\lib\site-packages\optuna\distributions.py:700: UserWarning: The distribution is specified by [10, 20] and step=4, but the range is not divisible by `step`. It will be replaced by [10, 18].
  warnings.warn(
[I 2026-05-28 22:49:36,634] Trial 85 finished with value: 0.4750135244916282 and parameters: {'atr_period': 14, 'contraction_pct': 30.0, 'ema_fast': 30, 'ema_slow': 50, 'hold_bars': 12, 'sl_atr_multiplier': 2.5}. Best is trial 82 with value: 2.9318661997492406.
C:\Users\הלל\Desktop\algo projects\trading-research-factory\walk forward engine\.venv\lib\site-packages\optuna\distributions.py:700: UserWarning: The distribution is specified by [10, 20] and step=4, but the range is not divisible by `step`. It will be replaced by [10, 18].
  warnings.warn(
[I 2026-05-28 22:49:37,012] Trial 86 finished with value: 2.9318661997492406 and parameters: {'atr_period': 10, 'contraction_pct': 30.0, 'ema_fast': 30, 'ema_slow': 60, 'hold_bars': 12, 'sl_atr_multiplier': 2.5}. Best is trial 82 with value: 2.9318661997492406.
C:\Users\הלל\Desktop\algo projects\trading-research-factory\walk forward engine\.venv\lib\site-packages\optuna\distributions.py:700: UserWarning: The distribution is specified by [10, 20] and step=4, but the range is not divisible by `step`. It will be replaced by [10, 18].
  warnings.warn(
[I 2026-05-28 22:49:37,145] Trial 87 finished with value: 2.7251534735109817 and parameters: {'atr_period': 10, 'contraction_pct': 30.0, 'ema_fast': 30, 'ema_slow': 50, 'hold_bars': 12, 'sl_atr_multiplier': 2.5}. Best is trial 82 with value: 2.9318661997492406.
C:\Users\הלל\Desktop\algo projects\trading-research-factory\walk forward engine\.venv\lib\site-packages\optuna\distributions.py:700: UserWarning: The distribution is specified by [10, 20] and step=4, but the range is not divisible by `step`. It will be replaced by [10, 18].
  warnings.warn(
[I 2026-05-28 22:49:39,161] Trial 88 finished with value: 2.7251534735109817 and parameters: {'atr_period': 10, 'contraction_pct': 30.0, 'ema_fast': 30, 'ema_slow': 50, 'hold_bars': 12, 'sl_atr_multiplier': 2.5}. Best is trial 82 with value: 2.9318661997492406.
C:\Users\הלל\Desktop\algo projects\trading-research-factory\walk forward engine\.venv\lib\site-packages\optuna\distributions.py:700: UserWarning: The distribution is specified by [10, 20] and step=4, but the range is not divisible by `step`. It will be replaced by [10, 18].
  warnings.warn(
[I 2026-05-28 22:49:39,435] Trial 89 finished with value: 2.7251534735109817 and parameters: {'atr_period': 10, 'contraction_pct': 30.0, 'ema_fast': 30, 'ema_slow': 50, 'hold_bars': 12, 'sl_atr_multiplier': 2.5}. Best is trial 82 with value: 2.9318661997492406.
C:\Users\הלל\Desktop\algo projects\trading-research-factory\walk forward engine\.venv\lib\site-packages\optuna\distributions.py:700: UserWarning: The distribution is specified by [10, 20] and step=4, but the range is not divisible by `step`. It will be replaced by [10, 18].
  warnings.warn(
[I 2026-05-28 22:49:39,643] Trial 90 finished with value: 2.9318661997492406 and parameters: {'atr_period': 10, 'contraction_pct': 30.0, 'ema_fast': 30, 'ema_slow': 60, 'hold_bars': 12, 'sl_atr_multiplier': 2.5}. Best is trial 82 with value: 2.9318661997492406.
[I 2026-05-28 22:49:39,646] Trial 91 finished with value: 2.9318661997492406 and parameters: {'atr_period': 10, 'contraction_pct': 30.0, 'ema_fast': 30, 'ema_slow': 60, 'hold_bars': 12, 'sl_atr_multiplier': 2.5}. Best is trial 82 with value: 2.9318661997492406.
C:\Users\הלל\Desktop\algo projects\trading-research-factory\walk forward engine\.venv\lib\site-packages\optuna\distributions.py:700: UserWarning: The distribution is specified by [10, 20] and step=4, but the range is not divisible by `step`. It will be replaced by [10, 18].
  warnings.warn(
[I 2026-05-28 22:49:39,947] Trial 92 finished with value: 2.9318661997492406 and parameters: {'atr_period': 10, 'contraction_pct': 30.0, 'ema_fast': 30, 'ema_slow': 60, 'hold_bars': 12, 'sl_atr_multiplier': 2.5}. Best is trial 82 with value: 2.9318661997492406.
[I 2026-05-28 22:49:40,273] Trial 93 finished with value: 2.9318661997492406 and parameters: {'atr_period': 10, 'contraction_pct': 30.0, 'ema_fast': 30, 'ema_slow': 60, 'hold_bars': 12, 'sl_atr_multiplier': 2.5}. Best is trial 82 with value: 2.9318661997492406.
[I 2026-05-28 22:49:40,459] Trial 94 finished with value: 3.422381239753134 and parameters: {'atr_period': 10, 'contraction_pct': 25.0, 'ema_fast': 30, 'ema_slow': 60, 'hold_bars': 12, 'sl_atr_multiplier': 2.5}. Best is trial 94 with value: 3.422381239753134.
[I 2026-05-28 22:49:40,563] Trial 95 finished with value: 3.422381239753134 and parameters: {'atr_period': 10, 'contraction_pct': 25.0, 'ema_fast': 30, 'ema_slow': 60, 'hold_bars': 12, 'sl_atr_multiplier': 2.5}. Best is trial 94 with value: 3.422381239753134.
[I 2026-05-28 22:49:41,851] Trial 96 finished with value: 3.422381239753134 and parameters: {'atr_period': 10, 'contraction_pct': 25.0, 'ema_fast': 30, 'ema_slow': 60, 'hold_bars': 12, 'sl_atr_multiplier': 2.5}. Best is trial 94 with value: 3.422381239753134.
[I 2026-05-28 22:49:41,983] Trial 97 finished with value: 3.422381239753134 and parameters: {'atr_period': 10, 'contraction_pct': 25.0, 'ema_fast': 30, 'ema_slow': 60, 'hold_bars': 12, 'sl_atr_multiplier': 2.5}. Best is trial 94 with value: 3.422381239753134.
[I 2026-05-28 22:49:42,092] Trial 98 finished with value: 2.9318661997492406 and parameters: {'atr_period': 10, 'contraction_pct': 30.0, 'ema_fast': 30, 'ema_slow': 60, 'hold_bars': 12, 'sl_atr_multiplier': 2.5}. Best is trial 94 with value: 3.422381239753134.
[I 2026-05-28 22:49:42,125] Trial 99 finished with value: 2.9318661997492406 and parameters: {'atr_period': 10, 'contraction_pct': 30.0, 'ema_fast': 30, 'ema_slow': 60, 'hold_bars': 12, 'sl_atr_multiplier': 2.5}. Best is trial 94 with value: 3.422381239753134.
C:\Users\הלל\Desktop\algo projects\trading-research-factory\walk forward engine\.venv\lib\site-packages\optuna\samplers\_tpe\sampler.py:319: ExperimentalWarning: ``multivariate`` option is an experimental feature. The interface can change in the future.
  warnings.warn(
[I 2026-05-28 22:49:42,591] A new study created in memory with name: no-name-d4cb486c-750c-4503-a400-63fde49c3f3b
C:\Users\הלל\Desktop\algo projects\trading-research-factory\walk forward engine\.venv\lib\site-packages\optuna\distributions.py:700: UserWarning: The distribution is specified by [10, 20] and step=4, but the range is not divisible by `step`. It will be replaced by [10, 18].
  warnings.warn(
C:\Users\הלל\Desktop\algo projects\trading-research-factory\walk forward engine\.venv\lib\site-packages\optuna\distributions.py:700: UserWarning: The distribution is specified by [10, 20] and step=4, but the range is not divisible by `step`. It will be replaced by [10, 18].
  warnings.warn(
C:\Users\הלל\Desktop\algo projects\trading-research-factory\walk forward engine\.venv\lib\site-packages\optuna\distributions.py:700: UserWarning: The distribution is specified by [10, 20] and step=4, but the range is not divisible by `step`. It will be replaced by [10, 18].
  warnings.warn(
[I 2026-05-28 22:49:44,945] Trial 1 finished with value: -0.1576103607823749 and parameters: {'atr_period': 18, 'contraction_pct': 15.0, 'ema_fast': 20, 'ema_slow': 60, 'hold_bars': 24, 'sl_atr_multiplier': 2.0}. Best is trial 1 with value: -0.1576103607823749.
C:\Users\הלל\Desktop\algo projects\trading-research-factory\walk forward engine\.venv\lib\site-packages\optuna\distributions.py:700: UserWarning: The distribution is specified by [10, 20] and step=4, but the range is not divisible by `step`. It will be replaced by [10, 18].
  warnings.warn(
[I 2026-05-28 22:49:45,618] Trial 6 finished with value: 1.0036119145682862 and parameters: {'atr_period': 10, 'contraction_pct': 30.0, 'ema_fast': 20, 'ema_slow': 50, 'hold_bars': 12, 'sl_atr_multiplier': 1.5}. Best is trial 6 with value: 1.0036119145682862.
[I 2026-05-28 22:49:45,634] Trial 2 finished with value: 1.9758411694248046 and parameters: {'atr_period': 18, 'contraction_pct': 20.0, 'ema_fast': 20, 'ema_slow': 60, 'hold_bars': 12, 'sl_atr_multiplier': 2.0}. Best is trial 2 with value: 1.9758411694248046.
C:\Users\הלל\Desktop\algo projects\trading-research-factory\walk forward engine\.venv\lib\site-packages\optuna\distributions.py:700: UserWarning: The distribution is specified by [10, 20] and step=4, but the range is not divisible by `step`. It will be replaced by [10, 18].
  warnings.warn(
C:\Users\הלל\Desktop\algo projects\trading-research-factory\walk forward engine\.venv\lib\site-packages\optuna\distributions.py:700: UserWarning: The distribution is specified by [10, 20] and step=4, but the range is not divisible by `step`. It will be replaced by [10, 18].
  warnings.warn(
[I 2026-05-28 22:49:45,682] Trial 4 finished with value: 1.3378735679010063 and parameters: {'atr_period': 14, 'contraction_pct': 30.0, 'ema_fast': 30, 'ema_slow': 60, 'hold_bars': 24, 'sl_atr_multiplier': 2.5}. Best is trial 2 with value: 1.9758411694248046.
C:\Users\הלל\Desktop\algo projects\trading-research-factory\walk forward engine\.venv\lib\site-packages\optuna\distributions.py:700: UserWarning: The distribution is specified by [10, 20] and step=4, but the range is not divisible by `step`. It will be replaced by [10, 18].
  warnings.warn(
[I 2026-05-28 22:49:45,732] Trial 0 finished with value: -1.139046294446153 and parameters: {'atr_period': 18, 'contraction_pct': 15.0, 'ema_fast': 20, 'ema_slow': 40, 'hold_bars': 36, 'sl_atr_multiplier': 1.5}. Best is trial 2 with value: 1.9758411694248046.
[I 2026-05-28 22:49:45,831] Trial 3 finished with value: -0.29137976707055085 and parameters: {'atr_period': 18, 'contraction_pct': 15.0, 'ema_fast': 30, 'ema_slow': 40, 'hold_bars': 36, 'sl_atr_multiplier': 2.5}. Best is trial 2 with value: 1.9758411694248046.
C:\Users\הלל\Desktop\algo projects\trading-research-factory\walk forward engine\.venv\lib\site-packages\optuna\distributions.py:700: UserWarning: The distribution is specified by [10, 20] and step=4, but the range is not divisible by `step`. It will be replaced by [10, 18].
  warnings.warn(
[I 2026-05-28 22:49:45,930] Trial 5 finished with value: 0.2261203357875447 and parameters: {'atr_period': 14, 'contraction_pct': 30.0, 'ema_fast': 30, 'ema_slow': 40, 'hold_bars': 36, 'sl_atr_multiplier': 2.5}. Best is trial 2 with value: 1.9758411694248046.
C:\Users\הלל\Desktop\algo projects\trading-research-factory\walk forward engine\.venv\lib\site-packages\optuna\distributions.py:700: UserWarning: The distribution is specified by [10, 20] and step=4, but the range is not divisible by `step`. It will be replaced by [10, 18].
  warnings.warn(
[I 2026-05-28 22:49:46,084] Trial 7 finished with value: 0.42195518122167364 and parameters: {'atr_period': 10, 'contraction_pct': 15.0, 'ema_fast': 10, 'ema_slow': 50, 'hold_bars': 36, 'sl_atr_multiplier': 2.0}. Best is trial 2 with value: 1.9758411694248046.
C:\Users\הלל\Desktop\algo projects\trading-research-factory\walk forward engine\.venv\lib\site-packages\optuna\distributions.py:700: UserWarning: The distribution is specified by [10, 20] and step=4, but the range is not divisible by `step`. It will be replaced by [10, 18].
  warnings.warn(
[I 2026-05-28 22:49:47,782] Trial 12 finished with value: 0.42856404117372693 and parameters: {'atr_period': 10, 'contraction_pct': 30.0, 'ema_fast': 10, 'ema_slow': 60, 'hold_bars': 12, 'sl_atr_multiplier': 2.0}. Best is trial 2 with value: 1.9758411694248046.
C:\Users\הלל\Desktop\algo projects\trading-research-factory\walk forward engine\.venv\lib\site-packages\optuna\distributions.py:700: UserWarning: The distribution is specified by [10, 20] and step=4, but the range is not divisible by `step`. It will be replaced by [10, 18].
  warnings.warn(
[I 2026-05-28 22:49:48,023] Trial 8 finished with value: -0.048148325964996644 and parameters: {'atr_period': 14, 'contraction_pct': 20.0, 'ema_fast': 10, 'ema_slow': 40, 'hold_bars': 24, 'sl_atr_multiplier': 1.5}. Best is trial 2 with value: 1.9758411694248046.
C:\Users\הלל\Desktop\algo projects\trading-research-factory\walk forward engine\.venv\lib\site-packages\optuna\distributions.py:700: UserWarning: The distribution is specified by [10, 20] and step=4, but the range is not divisible by `step`. It will be replaced by [10, 18].
  warnings.warn(
[I 2026-05-28 22:49:48,290] Trial 9 finished with value: 1.0111006612629125 and parameters: {'atr_period': 14, 'contraction_pct': 25.0, 'ema_fast': 10, 'ema_slow': 60, 'hold_bars': 36, 'sl_atr_multiplier': 2.5}. Best is trial 2 with value: 1.9758411694248046.
C:\Users\הלל\Desktop\algo projects\trading-research-factory\walk forward engine\.venv\lib\site-packages\optuna\distributions.py:700: UserWarning: The distribution is specified by [10, 20] and step=4, but the range is not divisible by `step`. It will be replaced by [10, 18].
  warnings.warn(
[I 2026-05-28 22:49:48,362] Trial 13 finished with value: 0.06201367627217997 and parameters: {'atr_period': 14, 'contraction_pct': 30.0, 'ema_fast': 20, 'ema_slow': 40, 'hold_bars': 24, 'sl_atr_multiplier': 2.5}. Best is trial 2 with value: 1.9758411694248046.
C:\Users\הלל\Desktop\algo projects\trading-research-factory\walk forward engine\.venv\lib\site-packages\optuna\distributions.py:700: UserWarning: The distribution is specified by [10, 20] and step=4, but the range is not divisible by `step`. It will be replaced by [10, 18].
  warnings.warn(
[I 2026-05-28 22:49:48,882] Trial 11 finished with value: 1.1326085167322557 and parameters: {'atr_period': 10, 'contraction_pct': 30.0, 'ema_fast': 20, 'ema_slow': 50, 'hold_bars': 36, 'sl_atr_multiplier': 2.5}. Best is trial 2 with value: 1.9758411694248046.
C:\Users\הלל\Desktop\algo projects\trading-research-factory\walk forward engine\.venv\lib\site-packages\optuna\distributions.py:700: UserWarning: The distribution is specified by [10, 20] and step=4, but the range is not divisible by `step`. It will be replaced by [10, 18].
  warnings.warn(
[I 2026-05-28 22:49:48,918] Trial 14 finished with value: 0.2060939237960517 and parameters: {'atr_period': 14, 'contraction_pct': 30.0, 'ema_fast': 20, 'ema_slow': 40, 'hold_bars': 24, 'sl_atr_multiplier': 2.0}. Best is trial 2 with value: 1.9758411694248046.
[I 2026-05-28 22:49:48,980] Trial 10 finished with value: -0.34946199394562916 and parameters: {'atr_period': 14, 'contraction_pct': 20.0, 'ema_fast': 10, 'ema_slow': 60, 'hold_bars': 12, 'sl_atr_multiplier': 2.0}. Best is trial 2 with value: 1.9758411694248046.
C:\Users\הלל\Desktop\algo projects\trading-research-factory\walk forward engine\.venv\lib\site-packages\optuna\distributions.py:700: UserWarning: The distribution is specified by [10, 20] and step=4, but the range is not divisible by `step`. It will be replaced by [10, 18].
  warnings.warn(
[I 2026-05-28 22:49:49,307] Trial 15 finished with value: -0.12788213547114075 and parameters: {'atr_period': 18, 'contraction_pct': 15.0, 'ema_fast': 30, 'ema_slow': 60, 'hold_bars': 36, 'sl_atr_multiplier': 1.5}. Best is trial 2 with value: 1.9758411694248046.
C:\Users\הלל\Desktop\algo projects\trading-research-factory\walk forward engine\.venv\lib\site-packages\optuna\distributions.py:700: UserWarning: The distribution is specified by [10, 20] and step=4, but the range is not divisible by `step`. It will be replaced by [10, 18].
  warnings.warn(
[I 2026-05-28 22:49:50,802] Trial 16 finished with value: 1.2831737381677804 and parameters: {'atr_period': 14, 'contraction_pct': 25.0, 'ema_fast': 30, 'ema_slow': 50, 'hold_bars': 12, 'sl_atr_multiplier': 2.5}. Best is trial 2 with value: 1.9758411694248046.
C:\Users\הלל\Desktop\algo projects\trading-research-factory\walk forward engine\.venv\lib\site-packages\optuna\distributions.py:700: UserWarning: The distribution is specified by [10, 20] and step=4, but the range is not divisible by `step`. It will be replaced by [10, 18].
  warnings.warn(
