[I 2026-05-14 08:04:41,780] Trial 73 finished with value: 0.358024207715637 and parameters: {'atr_period': 10, 'contraction_pct': 25.0, 'ema_fast': 30, 'ema_slow': 50, 'hold_bars': 24, 'sl_atr_multiplier': 2.5}. Best is trial 39 with value: 3.422381239753134.
C:\Users\הלל\Desktop\algo projects\trading-research-factory\walk forward engine\.venv\lib\site-packages\optuna\distributions.py:700: UserWarning: The distribution is specified by [10, 20] and step=4, but the range is not divisible by `step`. It will be replaced by [10, 18].
  warnings.warn(
[I 2026-05-14 08:04:42,104] Trial 76 finished with value: 1.306547863078171 and parameters: {'atr_period': 10, 'contraction_pct': 25.0, 'ema_fast': 30, 'ema_slow': 60, 'hold_bars': 24, 'sl_atr_multiplier': 2.5}. Best is trial 39 with value: 3.422381239753134.
C:\Users\הלל\Desktop\algo projects\trading-research-factory\walk forward engine\.venv\lib\site-packages\optuna\distributions.py:700: UserWarning: The distribution is specified by [10, 20] and step=4, but the range is not divisible by `step`. It will be replaced by [10, 18].
  warnings.warn(
[I 2026-05-14 08:04:42,287] Trial 75 finished with value: 0.631510272215008 and parameters: {'atr_period': 10, 'contraction_pct': 25.0, 'ema_fast': 20, 'ema_slow': 60, 'hold_bars': 24, 'sl_atr_multiplier': 2.5}. Best is trial 39 with value: 3.422381239753134.
C:\Users\הלל\Desktop\algo projects\trading-research-factory\walk forward engine\.venv\lib\site-packages\optuna\distributions.py:700: UserWarning: The distribution is specified by [10, 20] and step=4, but the range is not divisible by `step`. It will be replaced by [10, 18].
  warnings.warn(
[I 2026-05-14 08:04:42,517] Trial 77 finished with value: 0.631510272215008 and parameters: {'atr_period': 10, 'contraction_pct': 25.0, 'ema_fast': 20, 'ema_slow': 60, 'hold_bars': 24, 'sl_atr_multiplier': 2.5}. Best is trial 39 with value: 3.422381239753134.
C:\Users\הלל\Desktop\algo projects\trading-research-factory\walk forward engine\.venv\lib\site-packages\optuna\distributions.py:700: UserWarning: The distribution is specified by [10, 20] and step=4, but the range is not divisible by `step`. It will be replaced by [10, 18].
  warnings.warn(
[I 2026-05-14 08:04:42,903] Trial 79 finished with value: 2.9780563730847094 and parameters: {'atr_period': 10, 'contraction_pct': 25.0, 'ema_fast': 20, 'ema_slow': 60, 'hold_bars': 12, 'sl_atr_multiplier': 2.5}. Best is trial 39 with value: 3.422381239753134.
C:\Users\הלל\Desktop\algo projects\trading-research-factory\walk forward engine\.venv\lib\site-packages\optuna\distributions.py:700: UserWarning: The distribution is specified by [10, 20] and step=4, but the range is not divisible by `step`. It will be replaced by [10, 18].
  warnings.warn(
[I 2026-05-14 08:04:43,054] Trial 78 finished with value: 2.9780563730847094 and parameters: {'atr_period': 10, 'contraction_pct': 25.0, 'ema_fast': 20, 'ema_slow': 60, 'hold_bars': 12, 'sl_atr_multiplier': 2.5}. Best is trial 39 with value: 3.422381239753134.
C:\Users\הלל\Desktop\algo projects\trading-research-factory\walk forward engine\.venv\lib\site-packages\optuna\distributions.py:700: UserWarning: The distribution is specified by [10, 20] and step=4, but the range is not divisible by `step`. It will be replaced by [10, 18].
  warnings.warn(
[I 2026-05-14 08:04:45,071] Trial 80 finished with value: 3.422381239753134 and parameters: {'atr_period': 10, 'contraction_pct': 25.0, 'ema_fast': 30, 'ema_slow': 60, 'hold_bars': 12, 'sl_atr_multiplier': 2.5}. Best is trial 39 with value: 3.422381239753134.
C:\Users\הלל\Desktop\algo projects\trading-research-factory\walk forward engine\.venv\lib\site-packages\optuna\distributions.py:700: UserWarning: The distribution is specified by [10, 20] and step=4, but the range is not divisible by `step`. It will be replaced by [10, 18].
  warnings.warn(
[I 2026-05-14 08:04:46,054] Trial 84 finished with value: 3.422381239753134 and parameters: {'atr_period': 10, 'contraction_pct': 25.0, 'ema_fast': 30, 'ema_slow': 60, 'hold_bars': 12, 'sl_atr_multiplier': 2.5}. Best is trial 39 with value: 3.422381239753134.
C:\Users\הלל\Desktop\algo projects\trading-research-factory\walk forward engine\.venv\lib\site-packages\optuna\distributions.py:700: UserWarning: The distribution is specified by [10, 20] and step=4, but the range is not divisible by `step`. It will be replaced by [10, 18].
  warnings.warn(
[I 2026-05-14 08:04:46,088] Trial 81 finished with value: 2.9780563730847094 and parameters: {'atr_period': 10, 'contraction_pct': 25.0, 'ema_fast': 20, 'ema_slow': 60, 'hold_bars': 12, 'sl_atr_multiplier': 2.5}. Best is trial 39 with value: 3.422381239753134.
C:\Users\הלל\Desktop\algo projects\trading-research-factory\walk forward engine\.venv\lib\site-packages\optuna\distributions.py:700: UserWarning: The distribution is specified by [10, 20] and step=4, but the range is not divisible by `step`. It will be replaced by [10, 18].
  warnings.warn(
[I 2026-05-14 08:04:46,536] Trial 82 finished with value: 2.9780563730847094 and parameters: {'atr_period': 10, 'contraction_pct': 25.0, 'ema_fast': 20, 'ema_slow': 60, 'hold_bars': 12, 'sl_atr_multiplier': 2.5}. Best is trial 39 with value: 3.422381239753134.
C:\Users\הלל\Desktop\algo projects\trading-research-factory\walk forward engine\.venv\lib\site-packages\optuna\distributions.py:700: UserWarning: The distribution is specified by [10, 20] and step=4, but the range is not divisible by `step`. It will be replaced by [10, 18].
  warnings.warn(
[I 2026-05-14 08:04:46,823] Trial 83 finished with value: 2.5695705006686556 and parameters: {'atr_period': 10, 'contraction_pct': 25.0, 'ema_fast': 30, 'ema_slow': 50, 'hold_bars': 12, 'sl_atr_multiplier': 2.0}. Best is trial 39 with value: 3.422381239753134.
C:\Users\הלל\Desktop\algo projects\trading-research-factory\walk forward engine\.venv\lib\site-packages\optuna\distributions.py:700: UserWarning: The distribution is specified by [10, 20] and step=4, but the range is not divisible by `step`. It will be replaced by [10, 18].
  warnings.warn(
[I 2026-05-14 08:04:47,234] Trial 85 finished with value: 3.3690001873855366 and parameters: {'atr_period': 10, 'contraction_pct': 25.0, 'ema_fast': 30, 'ema_slow': 60, 'hold_bars': 12, 'sl_atr_multiplier': 1.5}. Best is trial 39 with value: 3.422381239753134.
C:\Users\הלל\Desktop\algo projects\trading-research-factory\walk forward engine\.venv\lib\site-packages\optuna\distributions.py:700: UserWarning: The distribution is specified by [10, 20] and step=4, but the range is not divisible by `step`. It will be replaced by [10, 18].
  warnings.warn(
[I 2026-05-14 08:04:47,363] Trial 86 finished with value: 2.5695705006686556 and parameters: {'atr_period': 10, 'contraction_pct': 25.0, 'ema_fast': 30, 'ema_slow': 50, 'hold_bars': 12, 'sl_atr_multiplier': 2.0}. Best is trial 39 with value: 3.422381239753134.
C:\Users\הלל\Desktop\algo projects\trading-research-factory\walk forward engine\.venv\lib\site-packages\optuna\distributions.py:700: UserWarning: The distribution is specified by [10, 20] and step=4, but the range is not divisible by `step`. It will be replaced by [10, 18].
  warnings.warn(
[I 2026-05-14 08:04:47,472] Trial 87 finished with value: 2.8707478151410757 and parameters: {'atr_period': 10, 'contraction_pct': 30.0, 'ema_fast': 30, 'ema_slow': 60, 'hold_bars': 12, 'sl_atr_multiplier': 1.5}. Best is trial 39 with value: 3.422381239753134.
[I 2026-05-14 08:04:49,092] Trial 88 finished with value: 3.422381239753134 and parameters: {'atr_period': 10, 'contraction_pct': 25.0, 'ema_fast': 30, 'ema_slow': 60, 'hold_bars': 12, 'sl_atr_multiplier': 2.5}. Best is trial 39 with value: 3.422381239753134.
C:\Users\הלל\Desktop\algo projects\trading-research-factory\walk forward engine\.venv\lib\site-packages\optuna\distributions.py:700: UserWarning: The distribution is specified by [10, 20] and step=4, but the range is not divisible by `step`. It will be replaced by [10, 18].
  warnings.warn(
[I 2026-05-14 08:04:50,052] Trial 89 finished with value: 3.422381239753134 and parameters: {'atr_period': 10, 'contraction_pct': 25.0, 'ema_fast': 30, 'ema_slow': 60, 'hold_bars': 12, 'sl_atr_multiplier': 2.0}. Best is trial 39 with value: 3.422381239753134.
C:\Users\הלל\Desktop\algo projects\trading-research-factory\walk forward engine\.venv\lib\site-packages\optuna\distributions.py:700: UserWarning: The distribution is specified by [10, 20] and step=4, but the range is not divisible by `step`. It will be replaced by [10, 18].
  warnings.warn(
[I 2026-05-14 08:04:50,245] Trial 90 finished with value: 3.422381239753134 and parameters: {'atr_period': 10, 'contraction_pct': 25.0, 'ema_fast': 30, 'ema_slow': 60, 'hold_bars': 12, 'sl_atr_multiplier': 2.0}. Best is trial 39 with value: 3.422381239753134.
C:\Users\הלל\Desktop\algo projects\trading-research-factory\walk forward engine\.venv\lib\site-packages\optuna\distributions.py:700: UserWarning: The distribution is specified by [10, 20] and step=4, but the range is not divisible by `step`. It will be replaced by [10, 18].
  warnings.warn(
[I 2026-05-14 08:04:50,527] Trial 91 finished with value: 3.422381239753134 and parameters: {'atr_period': 10, 'contraction_pct': 25.0, 'ema_fast': 30, 'ema_slow': 60, 'hold_bars': 12, 'sl_atr_multiplier': 2.0}. Best is trial 39 with value: 3.422381239753134.
C:\Users\הלל\Desktop\algo projects\trading-research-factory\walk forward engine\.venv\lib\site-packages\optuna\distributions.py:700: UserWarning: The distribution is specified by [10, 20] and step=4, but the range is not divisible by `step`. It will be replaced by [10, 18].
  warnings.warn(
[I 2026-05-14 08:04:51,174] Trial 93 finished with value: 3.422381239753134 and parameters: {'atr_period': 10, 'contraction_pct': 25.0, 'ema_fast': 30, 'ema_slow': 60, 'hold_bars': 12, 'sl_atr_multiplier': 2.5}. Best is trial 39 with value: 3.422381239753134.
[I 2026-05-14 08:04:51,203] Trial 92 finished with value: 3.422381239753134 and parameters: {'atr_period': 10, 'contraction_pct': 25.0, 'ema_fast': 30, 'ema_slow': 60, 'hold_bars': 12, 'sl_atr_multiplier': 2.5}. Best is trial 39 with value: 3.422381239753134.
[I 2026-05-14 08:04:51,249] Trial 94 finished with value: 3.422381239753134 and parameters: {'atr_period': 10, 'contraction_pct': 25.0, 'ema_fast': 30, 'ema_slow': 60, 'hold_bars': 12, 'sl_atr_multiplier': 2.5}. Best is trial 39 with value: 3.422381239753134.
[I 2026-05-14 08:04:51,344] Trial 95 finished with value: 3.422381239753134 and parameters: {'atr_period': 10, 'contraction_pct': 25.0, 'ema_fast': 30, 'ema_slow': 60, 'hold_bars': 12, 'sl_atr_multiplier': 2.5}. Best is trial 39 with value: 3.422381239753134.
[I 2026-05-14 08:04:52,304] Trial 96 finished with value: 3.422381239753134 and parameters: {'atr_period': 10, 'contraction_pct': 25.0, 'ema_fast': 30, 'ema_slow': 60, 'hold_bars': 12, 'sl_atr_multiplier': 2.0}. Best is trial 39 with value: 3.422381239753134.
[I 2026-05-14 08:04:52,773] Trial 98 finished with value: 3.422381239753134 and parameters: {'atr_period': 10, 'contraction_pct': 25.0, 'ema_fast': 30, 'ema_slow': 60, 'hold_bars': 12, 'sl_atr_multiplier': 2.5}. Best is trial 39 with value: 3.422381239753134.
[I 2026-05-14 08:04:52,884] Trial 97 finished with value: -1.63158242769796 and parameters: {'atr_period': 18, 'contraction_pct': 15.0, 'ema_fast': 30, 'ema_slow': 60, 'hold_bars': 36, 'sl_atr_multiplier': 1.5}. Best is trial 39 with value: 3.422381239753134.
[I 2026-05-14 08:04:52,957] Trial 99 finished with value: 3.422381239753134 and parameters: {'atr_period': 10, 'contraction_pct': 25.0, 'ema_fast': 30, 'ema_slow': 60, 'hold_bars': 12, 'sl_atr_multiplier': 2.5}. Best is trial 39 with value: 3.422381239753134.
C:\Users\הלל\Desktop\algo projects\trading-research-factory\walk forward engine\.venv\lib\site-packages\optuna\samplers\_tpe\sampler.py:319: ExperimentalWarning: ``multivariate`` option is an experimental feature. The interface can change in the future.
  warnings.warn(
[I 2026-05-14 08:04:53,169] A new study created in memory with name: no-name-ffa75990-aeaa-4560-a940-16904b777fd7
C:\Users\הלל\Desktop\algo projects\trading-research-factory\walk forward engine\.venv\lib\site-packages\optuna\distributions.py:700: UserWarning: The distribution is specified by [10, 20] and step=4, but the range is not divisible by `step`. It will be replaced by [10, 18].
  warnings.warn(
C:\Users\הלל\Desktop\algo projects\trading-research-factory\walk forward engine\.venv\lib\site-packages\optuna\distributions.py:700: UserWarning: The distribution is specified by [10, 20] and step=4, but the range is not divisible by `step`. It will be replaced by [10, 18].
  warnings.warn(
C:\Users\הלל\Desktop\algo projects\trading-research-factory\walk forward engine\.venv\lib\site-packages\optuna\distributions.py:700: UserWarning: The distribution is specified by [10, 20] and step=4, but the range is not divisible by `step`. It will be replaced by [10, 18].
  warnings.warn(
C:\Users\הלל\Desktop\algo projects\trading-research-factory\walk forward engine\.venv\lib\site-packages\optuna\distributions.py:700: UserWarning: The distribution is specified by [10, 20] and step=4, but the range is not divisible by `step`. It will be replaced by [10, 18].
  warnings.warn(
C:\Users\הלל\Desktop\algo projects\trading-research-factory\walk forward engine\.venv\lib\site-packages\optuna\distributions.py:700: UserWarning: The distribution is specified by [10, 20] and step=4, but the range is not divisible by `step`. It will be replaced by [10, 18].
  warnings.warn(
C:\Users\הלל\Desktop\algo projects\trading-research-factory\walk forward engine\.venv\lib\site-packages\optuna\distributions.py:700: UserWarning: The distribution is specified by [10, 20] and step=4, but the range is not divisible by `step`. It will be replaced by [10, 18].
  warnings.warn(
[I 2026-05-14 08:04:55,391] Trial 3 finished with value: -1.572018499125563 and parameters: {'atr_period': 18, 'contraction_pct': 15.0, 'ema_fast': 10, 'ema_slow': 50, 'hold_bars': 36, 'sl_atr_multiplier': 2.5}. Best is trial 3 with value: -1.572018499125563.
C:\Users\הלל\Desktop\algo projects\trading-research-factory\walk forward engine\.venv\lib\site-packages\optuna\distributions.py:700: UserWarning: The distribution is specified by [10, 20] and step=4, but the range is not divisible by `step`. It will be replaced by [10, 18].
  warnings.warn(
[I 2026-05-14 08:04:55,550] Trial 1 finished with value: 0.06911155912244756 and parameters: {'atr_period': 10, 'contraction_pct': 30.0, 'ema_fast': 10, 'ema_slow': 40, 'hold_bars': 12, 'sl_atr_multiplier': 1.5}. Best is trial 1 with value: 0.06911155912244756.
C:\Users\הלל\Desktop\algo projects\trading-research-factory\walk forward engine\.venv\lib\site-packages\optuna\distributions.py:700: UserWarning: The distribution is specified by [10, 20] and step=4, but the range is not divisible by `step`. It will be replaced by [10, 18].
  warnings.warn(
[I 2026-05-14 08:04:55,867] Trial 4 finished with value: 1.1480785392293795 and parameters: {'atr_period': 18, 'contraction_pct': 25.0, 'ema_fast': 10, 'ema_slow': 50, 'hold_bars': 12, 'sl_atr_multiplier': 1.5}. Best is trial 4 with value: 1.1480785392293795.
C:\Users\הלל\Desktop\algo projects\trading-research-factory\walk forward engine\.venv\lib\site-packages\optuna\distributions.py:700: UserWarning: The distribution is specified by [10, 20] and step=4, but the range is not divisible by `step`. It will be replaced by [10, 18].
  warnings.warn(
[I 2026-05-14 08:04:56,346] Trial 5 finished with value: 0.8860084616287307 and parameters: {'atr_period': 10, 'contraction_pct': 25.0, 'ema_fast': 10, 'ema_slow': 50, 'hold_bars': 36, 'sl_atr_multiplier': 1.5}. Best is trial 4 with value: 1.1480785392293795.
[I 2026-05-14 08:04:56,377] Trial 7 finished with value: -0.6084985726384335 and parameters: {'atr_period': 14, 'contraction_pct': 25.0, 'ema_fast': 20, 'ema_slow': 40, 'hold_bars': 12, 'sl_atr_multiplier': 2.0}. Best is trial 4 with value: 1.1480785392293795.
[I 2026-05-14 08:04:56,399] Trial 0 finished with value: 1.3988974399929088 and parameters: {'atr_period': 18, 'contraction_pct': 30.0, 'ema_fast': 10, 'ema_slow': 50, 'hold_bars': 12, 'sl_atr_multiplier': 2.5}. Best is trial 0 with value: 1.3988974399929088.
C:\Users\הלל\Desktop\algo projects\trading-research-factory\walk forward engine\.venv\lib\site-packages\optuna\distributions.py:700: UserWarning: The distribution is specified by [10, 20] and step=4, but the range is not divisible by `step`. It will be replaced by [10, 18].
  warnings.warn(
C:\Users\הלל\Desktop\algo projects\trading-research-factory\walk forward engine\.venv\lib\site-packages\optuna\distributions.py:700: UserWarning: The distribution is specified by [10, 20] and step=4, but the range is not divisible by `step`. It will be replaced by [10, 18].
  warnings.warn(
[I 2026-05-14 08:04:56,474] Trial 2 finished with value: 2.0884437179934094 and parameters: {'atr_period': 14, 'contraction_pct': 15.0, 'ema_fast': 30, 'ema_slow': 60, 'hold_bars': 24, 'sl_atr_multiplier': 2.0}. Best is trial 2 with value: 2.0884437179934094.
C:\Users\הלל\Desktop\algo projects\trading-research-factory\walk forward engine\.venv\lib\site-packages\optuna\distributions.py:700: UserWarning: The distribution is specified by [10, 20] and step=4, but the range is not divisible by `step`. It will be replaced by [10, 18].
  warnings.warn(
[I 2026-05-14 08:04:56,528] Trial 6 finished with value: 0.4602846353223919 and parameters: {'atr_period': 10, 'contraction_pct': 20.0, 'ema_fast': 10, 'ema_slow': 40, 'hold_bars': 36, 'sl_atr_multiplier': 2.5}. Best is trial 2 with value: 2.0884437179934094.
C:\Users\הלל\Desktop\algo projects\trading-research-factory\walk forward engine\.venv\lib\site-packages\optuna\distributions.py:700: UserWarning: The distribution is specified by [10, 20] and step=4, but the range is not divisible by `step`. It will be replaced by [10, 18].
  warnings.warn(
[I 2026-05-14 08:04:58,203] Trial 8 finished with value: -0.5805573467926607 and parameters: {'atr_period': 18, 'contraction_pct': 25.0, 'ema_fast': 30, 'ema_slow': 40, 'hold_bars': 24, 'sl_atr_multiplier': 2.5}. Best is trial 2 with value: 2.0884437179934094.
C:\Users\הלל\Desktop\algo projects\trading-research-factory\walk forward engine\.venv\lib\site-packages\optuna\distributions.py:700: UserWarning: The distribution is specified by [10, 20] and step=4, but the range is not divisible by `step`. It will be replaced by [10, 18].
  warnings.warn(
[I 2026-05-14 08:04:58,329] Trial 9 finished with value: -0.6545900587581458 and parameters: {'atr_period': 18, 'contraction_pct': 30.0, 'ema_fast': 10, 'ema_slow': 60, 'hold_bars': 36, 'sl_atr_multiplier': 2.5}. Best is trial 2 with value: 2.0884437179934094.
C:\Users\הלל\Desktop\algo projects\trading-research-factory\walk forward engine\.venv\lib\site-packages\optuna\distributions.py:700: UserWarning: The distribution is specified by [10, 20] and step=4, but the range is not divisible by `step`. It will be replaced by [10, 18].
  warnings.warn(
[I 2026-05-14 08:04:59,168] Trial 11 finished with value: 1.1334782905188003 and parameters: {'atr_period': 14, 'contraction_pct': 20.0, 'ema_fast': 10, 'ema_slow': 60, 'hold_bars': 24, 'sl_atr_multiplier': 2.0}. Best is trial 2 with value: 2.0884437179934094.
C:\Users\הלל\Desktop\algo projects\trading-research-factory\walk forward engine\.venv\lib\site-packages\optuna\distributions.py:700: UserWarning: The distribution is specified by [10, 20] and step=4, but the range is not divisible by `step`. It will be replaced by [10, 18].
  warnings.warn(
[I 2026-05-14 08:04:59,233] Trial 15 finished with value: 1.5891422809813573 and parameters: {'atr_period': 10, 'contraction_pct': 20.0, 'ema_fast': 30, 'ema_slow': 50, 'hold_bars': 24, 'sl_atr_multiplier': 2.5}. Best is trial 2 with value: 2.0884437179934094.
C:\Users\הלל\Desktop\algo projects\trading-research-factory\walk forward engine\.venv\lib\site-packages\optuna\distributions.py:700: UserWarning: The distribution is specified by [10, 20] and step=4, but the range is not divisible by `step`. It will be replaced by [10, 18].
  warnings.warn(
[I 2026-05-14 08:04:59,519] Trial 13 finished with value: 2.4860841567353127 and parameters: {'atr_period': 14, 'contraction_pct': 20.0, 'ema_fast': 30, 'ema_slow': 60, 'hold_bars': 24, 'sl_atr_multiplier': 2.0}. Best is trial 13 with value: 2.4860841567353127.
C:\Users\הלל\Desktop\algo projects\trading-research-factory\walk forward engine\.venv\lib\site-packages\optuna\distributions.py:700: UserWarning: The distribution is specified by [10, 20] and step=4, but the range is not divisible by `step`. It will be replaced by [10, 18].
  warnings.warn(
[I 2026-05-14 08:04:59,567] Trial 12 finished with value: 1.094805377335343 and parameters: {'atr_period': 10, 'contraction_pct': 30.0, 'ema_fast': 20, 'ema_slow': 50, 'hold_bars': 12, 'sl_atr_multiplier': 2.5}. Best is trial 13 with value: 2.4860841567353127.
[I 2026-05-14 08:04:59,630] Trial 10 finished with value: -1.139046294446153 and parameters: {'atr_period': 18, 'contraction_pct': 15.0, 'ema_fast': 20, 'ema_slow': 40, 'hold_bars': 36, 'sl_atr_multiplier': 1.5}. Best is trial 13 with value: 2.4860841567353127.
C:\Users\הלל\Desktop\algo projects\trading-research-factory\walk forward engine\.venv\lib\site-packages\optuna\distributions.py:700: UserWarning: The distribution is specified by [10, 20] and step=4, but the range is not divisible by `step`. It will be replaced by [10, 18].
  warnings.warn(
