[I 2026-05-14 08:03:59,562] Trial 85 finished with value: 2.7789598543797482 and parameters: {'atr_period': 10, 'contraction_pct': 30.0, 'ema_fast': 10, 'ema_slow': 40, 'hold_bars': 12, 'sl_atr_multiplier': 2.5}. Best is trial 69 with value: 2.7789598543797482.
C:\Users\הלל\Desktop\algo projects\trading-research-factory\walk forward engine\.venv\lib\site-packages\optuna\distributions.py:700: UserWarning: The distribution is specified by [10, 20] and step=4, but the range is not divisible by `step`. It will be replaced by [10, 18].
  warnings.warn(
[I 2026-05-14 08:04:00,094] Trial 86 finished with value: 2.7789598543797482 and parameters: {'atr_period': 10, 'contraction_pct': 30.0, 'ema_fast': 10, 'ema_slow': 40, 'hold_bars': 12, 'sl_atr_multiplier': 2.5}. Best is trial 69 with value: 2.7789598543797482.
C:\Users\הלל\Desktop\algo projects\trading-research-factory\walk forward engine\.venv\lib\site-packages\optuna\distributions.py:700: UserWarning: The distribution is specified by [10, 20] and step=4, but the range is not divisible by `step`. It will be replaced by [10, 18].
  warnings.warn(
[I 2026-05-14 08:04:00,197] Trial 87 finished with value: 2.7789598543797482 and parameters: {'atr_period': 10, 'contraction_pct': 30.0, 'ema_fast': 10, 'ema_slow': 40, 'hold_bars': 12, 'sl_atr_multiplier': 2.5}. Best is trial 69 with value: 2.7789598543797482.
[I 2026-05-14 08:04:01,925] Trial 88 finished with value: 2.7789598543797482 and parameters: {'atr_period': 10, 'contraction_pct': 30.0, 'ema_fast': 10, 'ema_slow': 40, 'hold_bars': 12, 'sl_atr_multiplier': 2.5}. Best is trial 69 with value: 2.7789598543797482.
C:\Users\הלל\Desktop\algo projects\trading-research-factory\walk forward engine\.venv\lib\site-packages\optuna\distributions.py:700: UserWarning: The distribution is specified by [10, 20] and step=4, but the range is not divisible by `step`. It will be replaced by [10, 18].
  warnings.warn(
[I 2026-05-14 08:04:02,593] Trial 89 finished with value: 2.7789598543797482 and parameters: {'atr_period': 10, 'contraction_pct': 30.0, 'ema_fast': 10, 'ema_slow': 40, 'hold_bars': 12, 'sl_atr_multiplier': 2.5}. Best is trial 69 with value: 2.7789598543797482.
C:\Users\הלל\Desktop\algo projects\trading-research-factory\walk forward engine\.venv\lib\site-packages\optuna\distributions.py:700: UserWarning: The distribution is specified by [10, 20] and step=4, but the range is not divisible by `step`. It will be replaced by [10, 18].
  warnings.warn(
[I 2026-05-14 08:04:03,295] Trial 90 finished with value: 2.7789598543797482 and parameters: {'atr_period': 10, 'contraction_pct': 30.0, 'ema_fast': 10, 'ema_slow': 40, 'hold_bars': 12, 'sl_atr_multiplier': 2.5}. Best is trial 69 with value: 2.7789598543797482.
C:\Users\הלל\Desktop\algo projects\trading-research-factory\walk forward engine\.venv\lib\site-packages\optuna\distributions.py:700: UserWarning: The distribution is specified by [10, 20] and step=4, but the range is not divisible by `step`. It will be replaced by [10, 18].
  warnings.warn(
[I 2026-05-14 08:04:03,676] Trial 91 finished with value: 2.7789598543797482 and parameters: {'atr_period': 10, 'contraction_pct': 30.0, 'ema_fast': 10, 'ema_slow': 40, 'hold_bars': 12, 'sl_atr_multiplier': 2.5}. Best is trial 69 with value: 2.7789598543797482.
C:\Users\הלל\Desktop\algo projects\trading-research-factory\walk forward engine\.venv\lib\site-packages\optuna\distributions.py:700: UserWarning: The distribution is specified by [10, 20] and step=4, but the range is not divisible by `step`. It will be replaced by [10, 18].
  warnings.warn(
[I 2026-05-14 08:04:04,002] Trial 92 finished with value: 2.7789598543797482 and parameters: {'atr_period': 10, 'contraction_pct': 30.0, 'ema_fast': 10, 'ema_slow': 40, 'hold_bars': 12, 'sl_atr_multiplier': 2.5}. Best is trial 69 with value: 2.7789598543797482.
[I 2026-05-14 08:04:04,661] Trial 93 finished with value: 2.7789598543797482 and parameters: {'atr_period': 10, 'contraction_pct': 30.0, 'ema_fast': 10, 'ema_slow': 40, 'hold_bars': 12, 'sl_atr_multiplier': 2.5}. Best is trial 69 with value: 2.7789598543797482.
[I 2026-05-14 08:04:04,932] Trial 94 finished with value: 2.7789598543797482 and parameters: {'atr_period': 10, 'contraction_pct': 30.0, 'ema_fast': 10, 'ema_slow': 40, 'hold_bars': 12, 'sl_atr_multiplier': 2.5}. Best is trial 69 with value: 2.7789598543797482.
[I 2026-05-14 08:04:04,995] Trial 95 finished with value: -0.08264033709848496 and parameters: {'atr_period': 14, 'contraction_pct': 25.0, 'ema_fast': 10, 'ema_slow': 40, 'hold_bars': 24, 'sl_atr_multiplier': 2.5}. Best is trial 69 with value: 2.7789598543797482.
[I 2026-05-14 08:04:05,805] Trial 96 finished with value: 0.04302469903525893 and parameters: {'atr_period': 14, 'contraction_pct': 30.0, 'ema_fast': 10, 'ema_slow': 40, 'hold_bars': 24, 'sl_atr_multiplier': 2.5}. Best is trial 69 with value: 2.7789598543797482.
[I 2026-05-14 08:04:06,193] Trial 97 finished with value: 0.35880753643364344 and parameters: {'atr_period': 10, 'contraction_pct': 25.0, 'ema_fast': 10, 'ema_slow': 40, 'hold_bars': 24, 'sl_atr_multiplier': 2.5}. Best is trial 69 with value: 2.7789598543797482.
[I 2026-05-14 08:04:06,541] Trial 98 finished with value: 0.9682519490246928 and parameters: {'atr_period': 10, 'contraction_pct': 30.0, 'ema_fast': 10, 'ema_slow': 40, 'hold_bars': 24, 'sl_atr_multiplier': 2.5}. Best is trial 69 with value: 2.7789598543797482.
[I 2026-05-14 08:04:06,621] Trial 99 finished with value: 1.2986688528037726 and parameters: {'atr_period': 14, 'contraction_pct': 30.0, 'ema_fast': 10, 'ema_slow': 40, 'hold_bars': 12, 'sl_atr_multiplier': 2.5}. Best is trial 69 with value: 2.7789598543797482.
C:\Users\הלל\Desktop\algo projects\trading-research-factory\walk forward engine\.venv\lib\site-packages\optuna\samplers\_tpe\sampler.py:319: ExperimentalWarning: ``multivariate`` option is an experimental feature. The interface can change in the future.
  warnings.warn(
[I 2026-05-14 08:04:06,843] A new study created in memory with name: no-name-35e41c67-5a5d-4967-9c1d-912bd7132666
C:\Users\הלל\Desktop\algo projects\trading-research-factory\walk forward engine\.venv\lib\site-packages\optuna\distributions.py:700: UserWarning: The distribution is specified by [10, 20] and step=4, but the range is not divisible by `step`. It will be replaced by [10, 18].
  warnings.warn(
C:\Users\הלל\Desktop\algo projects\trading-research-factory\walk forward engine\.venv\lib\site-packages\optuna\distributions.py:700: UserWarning: The distribution is specified by [10, 20] and step=4, but the range is not divisible by `step`. It will be replaced by [10, 18].
  warnings.warn(
C:\Users\הלל\Desktop\algo projects\trading-research-factory\walk forward engine\.venv\lib\site-packages\optuna\distributions.py:700: UserWarning: The distribution is specified by [10, 20] and step=4, but the range is not divisible by `step`. It will be replaced by [10, 18].
  warnings.warn(
[I 2026-05-14 08:04:09,509] Trial 0 finished with value: -2.493073655808427 and parameters: {'atr_period': 10, 'contraction_pct': 15.0, 'ema_fast': 30, 'ema_slow': 40, 'hold_bars': 24, 'sl_atr_multiplier': 2.0}. Best is trial 0 with value: -2.493073655808427.
C:\Users\הלל\Desktop\algo projects\trading-research-factory\walk forward engine\.venv\lib\site-packages\optuna\distributions.py:700: UserWarning: The distribution is specified by [10, 20] and step=4, but the range is not divisible by `step`. It will be replaced by [10, 18].
  warnings.warn(
[I 2026-05-14 08:04:10,041] Trial 4 finished with value: -1.835139997272217 and parameters: {'atr_period': 14, 'contraction_pct': 25.0, 'ema_fast': 30, 'ema_slow': 40, 'hold_bars': 36, 'sl_atr_multiplier': 2.0}. Best is trial 4 with value: -1.835139997272217.
[I 2026-05-14 08:04:10,058] Trial 1 finished with value: -0.9229873577709405 and parameters: {'atr_period': 14, 'contraction_pct': 30.0, 'ema_fast': 30, 'ema_slow': 40, 'hold_bars': 24, 'sl_atr_multiplier': 2.0}. Best is trial 1 with value: -0.9229873577709405.
C:\Users\הלל\Desktop\algo projects\trading-research-factory\walk forward engine\.venv\lib\site-packages\optuna\distributions.py:700: UserWarning: The distribution is specified by [10, 20] and step=4, but the range is not divisible by `step`. It will be replaced by [10, 18].
  warnings.warn(
[I 2026-05-14 08:04:10,092] Trial 3 finished with value: -0.9502261617391754 and parameters: {'atr_period': 14, 'contraction_pct': 15.0, 'ema_fast': 20, 'ema_slow': 50, 'hold_bars': 24, 'sl_atr_multiplier': 2.5}. Best is trial 1 with value: -0.9229873577709405.
[I 2026-05-14 08:04:10,124] Trial 7 finished with value: -2.5244695922066565 and parameters: {'atr_period': 18, 'contraction_pct': 15.0, 'ema_fast': 10, 'ema_slow': 50, 'hold_bars': 24, 'sl_atr_multiplier': 2.0}. Best is trial 1 with value: -0.9229873577709405.
[I 2026-05-14 08:04:10,124] Trial 6 finished with value: -2.8991759449623173 and parameters: {'atr_period': 18, 'contraction_pct': 30.0, 'ema_fast': 30, 'ema_slow': 40, 'hold_bars': 36, 'sl_atr_multiplier': 2.0}. Best is trial 1 with value: -0.9229873577709405.
C:\Users\הלל\Desktop\algo projects\trading-research-factory\walk forward engine\.venv\lib\site-packages\optuna\distributions.py:700: UserWarning: The distribution is specified by [10, 20] and step=4, but the range is not divisible by `step`. It will be replaced by [10, 18].
  warnings.warn(
[I 2026-05-14 08:04:10,366] Trial 2 finished with value: -0.7060348573022079 and parameters: {'atr_period': 10, 'contraction_pct': 20.0, 'ema_fast': 30, 'ema_slow': 50, 'hold_bars': 24, 'sl_atr_multiplier': 1.5}. Best is trial 2 with value: -0.7060348573022079.
C:\Users\הלל\Desktop\algo projects\trading-research-factory\walk forward engine\.venv\lib\site-packages\optuna\distributions.py:700: UserWarning: The distribution is specified by [10, 20] and step=4, but the range is not divisible by `step`. It will be replaced by [10, 18].
  warnings.warn(
[I 2026-05-14 08:04:10,409] Trial 5 finished with value: -2.094864597698812 and parameters: {'atr_period': 18, 'contraction_pct': 25.0, 'ema_fast': 30, 'ema_slow': 50, 'hold_bars': 24, 'sl_atr_multiplier': 2.0}. Best is trial 2 with value: -0.7060348573022079.
C:\Users\הלל\Desktop\algo projects\trading-research-factory\walk forward engine\.venv\lib\site-packages\optuna\distributions.py:700: UserWarning: The distribution is specified by [10, 20] and step=4, but the range is not divisible by `step`. It will be replaced by [10, 18].
  warnings.warn(
[I 2026-05-14 08:04:11,806] Trial 8 finished with value: -0.9229873577709405 and parameters: {'atr_period': 14, 'contraction_pct': 30.0, 'ema_fast': 30, 'ema_slow': 40, 'hold_bars': 24, 'sl_atr_multiplier': 2.0}. Best is trial 2 with value: -0.7060348573022079.
C:\Users\הלל\Desktop\algo projects\trading-research-factory\walk forward engine\.venv\lib\site-packages\optuna\distributions.py:700: UserWarning: The distribution is specified by [10, 20] and step=4, but the range is not divisible by `step`. It will be replaced by [10, 18].
  warnings.warn(
[I 2026-05-14 08:04:12,462] Trial 10 finished with value: -0.6767978158074511 and parameters: {'atr_period': 14, 'contraction_pct': 15.0, 'ema_fast': 20, 'ema_slow': 50, 'hold_bars': 12, 'sl_atr_multiplier': 1.5}. Best is trial 10 with value: -0.6767978158074511.
C:\Users\הלל\Desktop\algo projects\trading-research-factory\walk forward engine\.venv\lib\site-packages\optuna\distributions.py:700: UserWarning: The distribution is specified by [10, 20] and step=4, but the range is not divisible by `step`. It will be replaced by [10, 18].
  warnings.warn(
[I 2026-05-14 08:04:12,737] Trial 12 finished with value: -1.494004779728559 and parameters: {'atr_period': 10, 'contraction_pct': 15.0, 'ema_fast': 30, 'ema_slow': 60, 'hold_bars': 24, 'sl_atr_multiplier': 2.5}. Best is trial 10 with value: -0.6767978158074511.
[I 2026-05-14 08:04:12,796] Trial 14 finished with value: 0.35218050312530635 and parameters: {'atr_period': 14, 'contraction_pct': 20.0, 'ema_fast': 10, 'ema_slow': 50, 'hold_bars': 12, 'sl_atr_multiplier': 1.5}. Best is trial 14 with value: 0.35218050312530635.
C:\Users\הלל\Desktop\algo projects\trading-research-factory\walk forward engine\.venv\lib\site-packages\optuna\distributions.py:700: UserWarning: The distribution is specified by [10, 20] and step=4, but the range is not divisible by `step`. It will be replaced by [10, 18].
  warnings.warn(
[I 2026-05-14 08:04:13,058] Trial 13 finished with value: -0.9229873577709405 and parameters: {'atr_period': 14, 'contraction_pct': 30.0, 'ema_fast': 30, 'ema_slow': 40, 'hold_bars': 24, 'sl_atr_multiplier': 2.0}. Best is trial 14 with value: 0.35218050312530635.
C:\Users\הלל\Desktop\algo projects\trading-research-factory\walk forward engine\.venv\lib\site-packages\optuna\distributions.py:700: UserWarning: The distribution is specified by [10, 20] and step=4, but the range is not divisible by `step`. It will be replaced by [10, 18].
  warnings.warn(
[I 2026-05-14 08:04:13,116] Trial 15 finished with value: -1.8356954369446947 and parameters: {'atr_period': 10, 'contraction_pct': 15.0, 'ema_fast': 10, 'ema_slow': 60, 'hold_bars': 12, 'sl_atr_multiplier': 2.0}. Best is trial 14 with value: 0.35218050312530635.
C:\Users\הלל\Desktop\algo projects\trading-research-factory\walk forward engine\.venv\lib\site-packages\optuna\distributions.py:700: UserWarning: The distribution is specified by [10, 20] and step=4, but the range is not divisible by `step`. It will be replaced by [10, 18].
  warnings.warn(
[I 2026-05-14 08:04:13,239] Trial 9 finished with value: -0.5836131527589743 and parameters: {'atr_period': 14, 'contraction_pct': 25.0, 'ema_fast': 10, 'ema_slow': 50, 'hold_bars': 24, 'sl_atr_multiplier': 2.0}. Best is trial 14 with value: 0.35218050312530635.
C:\Users\הלל\Desktop\algo projects\trading-research-factory\walk forward engine\.venv\lib\site-packages\optuna\distributions.py:700: UserWarning: The distribution is specified by [10, 20] and step=4, but the range is not divisible by `step`. It will be replaced by [10, 18].
  warnings.warn(
[I 2026-05-14 08:04:13,351] Trial 11 finished with value: 0.7199421781583637 and parameters: {'atr_period': 14, 'contraction_pct': 20.0, 'ema_fast': 20, 'ema_slow': 60, 'hold_bars': 12, 'sl_atr_multiplier': 2.0}. Best is trial 11 with value: 0.7199421781583637.
C:\Users\הלל\Desktop\algo projects\trading-research-factory\walk forward engine\.venv\lib\site-packages\optuna\distributions.py:700: UserWarning: The distribution is specified by [10, 20] and step=4, but the range is not divisible by `step`. It will be replaced by [10, 18].
  warnings.warn(
[I 2026-05-14 08:04:14,891] Trial 16 finished with value: -1.3081595490952829 and parameters: {'atr_period': 14, 'contraction_pct': 30.0, 'ema_fast': 30, 'ema_slow': 50, 'hold_bars': 24, 'sl_atr_multiplier': 2.0}. Best is trial 11 with value: 0.7199421781583637.
C:\Users\הלל\Desktop\algo projects\trading-research-factory\walk forward engine\.venv\lib\site-packages\optuna\distributions.py:700: UserWarning: The distribution is specified by [10, 20] and step=4, but the range is not divisible by `step`. It will be replaced by [10, 18].
  warnings.warn(
[I 2026-05-14 08:04:15,688] Trial 19 finished with value: 0.35218050312530635 and parameters: {'atr_period': 14, 'contraction_pct': 20.0, 'ema_fast': 10, 'ema_slow': 50, 'hold_bars': 12, 'sl_atr_multiplier': 1.5}. Best is trial 11 with value: 0.7199421781583637.
C:\Users\הלל\Desktop\algo projects\trading-research-factory\walk forward engine\.venv\lib\site-packages\optuna\distributions.py:700: UserWarning: The distribution is specified by [10, 20] and step=4, but the range is not divisible by `step`. It will be replaced by [10, 18].
  warnings.warn(
[I 2026-05-14 08:04:15,922] Trial 17 finished with value: -1.5079466691801697 and parameters: {'atr_period': 10, 'contraction_pct': 15.0, 'ema_fast': 10, 'ema_slow': 50, 'hold_bars': 12, 'sl_atr_multiplier': 1.5}. Best is trial 11 with value: 0.7199421781583637.
C:\Users\הלל\Desktop\algo projects\trading-research-factory\walk forward engine\.venv\lib\site-packages\optuna\distributions.py:700: UserWarning: The distribution is specified by [10, 20] and step=4, but the range is not divisible by `step`. It will be replaced by [10, 18].
  warnings.warn(
[I 2026-05-14 08:04:16,091] Trial 20 finished with value: 0.35218050312530635 and parameters: {'atr_period': 14, 'contraction_pct': 20.0, 'ema_fast': 10, 'ema_slow': 50, 'hold_bars': 12, 'sl_atr_multiplier': 1.5}. Best is trial 11 with value: 0.7199421781583637.
C:\Users\הלל\Desktop\algo projects\trading-research-factory\walk forward engine\.venv\lib\site-packages\optuna\distributions.py:700: UserWarning: The distribution is specified by [10, 20] and step=4, but the range is not divisible by `step`. It will be replaced by [10, 18].
  warnings.warn(
[I 2026-05-14 08:04:16,175] Trial 21 finished with value: 0.7759904579967184 and parameters: {'atr_period': 14, 'contraction_pct': 25.0, 'ema_fast': 10, 'ema_slow': 50, 'hold_bars': 12, 'sl_atr_multiplier': 1.5}. Best is trial 21 with value: 0.7759904579967184.
C:\Users\הלל\Desktop\algo projects\trading-research-factory\walk forward engine\.venv\lib\site-packages\optuna\distributions.py:700: UserWarning: The distribution is specified by [10, 20] and step=4, but the range is not divisible by `step`. It will be replaced by [10, 18].
  warnings.warn(
[I 2026-05-14 08:04:16,318] Trial 18 finished with value: -0.6767978158074511 and parameters: {'atr_period': 14, 'contraction_pct': 15.0, 'ema_fast': 20, 'ema_slow': 50, 'hold_bars': 12, 'sl_atr_multiplier': 1.5}. Best is trial 21 with value: 0.7759904579967184.
[I 2026-05-14 08:04:16,318] Trial 22 finished with value: -1.7589878049999796 and parameters: {'atr_period': 14, 'contraction_pct': 25.0, 'ema_fast': 10, 'ema_slow': 50, 'hold_bars': 36, 'sl_atr_multiplier': 1.5}. Best is trial 21 with value: 0.7759904579967184.
C:\Users\הלל\Desktop\algo projects\trading-research-factory\walk forward engine\.venv\lib\site-packages\optuna\distributions.py:700: UserWarning: The distribution is specified by [10, 20] and step=4, but the range is not divisible by `step`. It will be replaced by [10, 18].
  warnings.warn(
[I 2026-05-14 08:04:16,604] Trial 23 finished with value: -1.000329275021637 and parameters: {'atr_period': 18, 'contraction_pct': 25.0, 'ema_fast': 10, 'ema_slow': 50, 'hold_bars': 12, 'sl_atr_multiplier': 1.5}. Best is trial 21 with value: 0.7759904579967184.
C:\Users\הלל\Desktop\algo projects\trading-research-factory\walk forward engine\.venv\lib\site-packages\optuna\distributions.py:700: UserWarning: The distribution is specified by [10, 20] and step=4, but the range is not divisible by `step`. It will be replaced by [10, 18].
  warnings.warn(
[I 2026-05-14 08:04:18,041] Trial 24 finished with value: 2.0126563825379757 and parameters: {'atr_period': 10, 'contraction_pct': 25.0, 'ema_fast': 10, 'ema_slow': 50, 'hold_bars': 12, 'sl_atr_multiplier': 1.5}. Best is trial 24 with value: 2.0126563825379757.
C:\Users\הלל\Desktop\algo projects\trading-research-factory\walk forward engine\.venv\lib\site-packages\optuna\distributions.py:700: UserWarning: The distribution is specified by [10, 20] and step=4, but the range is not divisible by `step`. It will be replaced by [10, 18].
  warnings.warn(
[I 2026-05-14 08:04:18,477] Trial 25 finished with value: 0.5388496662687126 and parameters: {'atr_period': 14, 'contraction_pct': 25.0, 'ema_fast': 20, 'ema_slow': 60, 'hold_bars': 12, 'sl_atr_multiplier': 2.0}. Best is trial 24 with value: 2.0126563825379757.
C:\Users\הלל\Desktop\algo projects\trading-research-factory\walk forward engine\.venv\lib\site-packages\optuna\distributions.py:700: UserWarning: The distribution is specified by [10, 20] and step=4, but the range is not divisible by `step`. It will be replaced by [10, 18].
  warnings.warn(
[I 2026-05-14 08:04:18,762] Trial 27 finished with value: 0.1276006467412298 and parameters: {'atr_period': 18, 'contraction_pct': 15.0, 'ema_fast': 20, 'ema_slow': 60, 'hold_bars': 12, 'sl_atr_multiplier': 2.0}. Best is trial 24 with value: 2.0126563825379757.
C:\Users\הלל\Desktop\algo projects\trading-research-factory\walk forward engine\.venv\lib\site-packages\optuna\distributions.py:700: UserWarning: The distribution is specified by [10, 20] and step=4, but the range is not divisible by `step`. It will be replaced by [10, 18].
  warnings.warn(
[I 2026-05-14 08:04:19,008] Trial 26 finished with value: 2.9780563730847094 and parameters: {'atr_period': 10, 'contraction_pct': 25.0, 'ema_fast': 20, 'ema_slow': 60, 'hold_bars': 12, 'sl_atr_multiplier': 2.0}. Best is trial 26 with value: 2.9780563730847094.
C:\Users\הלל\Desktop\algo projects\trading-research-factory\walk forward engine\.venv\lib\site-packages\optuna\distributions.py:700: UserWarning: The distribution is specified by [10, 20] and step=4, but the range is not divisible by `step`. It will be replaced by [10, 18].
  warnings.warn(
[I 2026-05-14 08:04:19,057] Trial 28 finished with value: 0.5388496662687126 and parameters: {'atr_period': 14, 'contraction_pct': 25.0, 'ema_fast': 20, 'ema_slow': 60, 'hold_bars': 12, 'sl_atr_multiplier': 2.0}. Best is trial 26 with value: 2.9780563730847094.
C:\Users\הלל\Desktop\algo projects\trading-research-factory\walk forward engine\.venv\lib\site-packages\optuna\distributions.py:700: UserWarning: The distribution is specified by [10, 20] and step=4, but the range is not divisible by `step`. It will be replaced by [10, 18].
  warnings.warn(
