[I 2026-05-14 08:03:34,662] Trial 42 finished with value: 2.715701850347141 and parameters: {'atr_period': 10, 'contraction_pct': 30.0, 'ema_fast': 10, 'ema_slow': 50, 'hold_bars': 12, 'sl_atr_multiplier': 2.5}. Best is trial 28 with value: 2.7540328707066086.
C:\Users\הלל\Desktop\algo projects\trading-research-factory\walk forward engine\.venv\lib\site-packages\optuna\distributions.py:700: UserWarning: The distribution is specified by [10, 20] and step=4, but the range is not divisible by `step`. It will be replaced by [10, 18].
  warnings.warn(
[I 2026-05-14 08:03:35,362] Trial 45 finished with value: 0.7245038922952175 and parameters: {'atr_period': 10, 'contraction_pct': 30.0, 'ema_fast': 10, 'ema_slow': 50, 'hold_bars': 24, 'sl_atr_multiplier': 1.5}. Best is trial 28 with value: 2.7540328707066086.
C:\Users\הלל\Desktop\algo projects\trading-research-factory\walk forward engine\.venv\lib\site-packages\optuna\distributions.py:700: UserWarning: The distribution is specified by [10, 20] and step=4, but the range is not divisible by `step`. It will be replaced by [10, 18].
  warnings.warn(
[I 2026-05-14 08:03:35,412] Trial 44 finished with value: 2.6900035597035665 and parameters: {'atr_period': 10, 'contraction_pct': 30.0, 'ema_fast': 10, 'ema_slow': 50, 'hold_bars': 12, 'sl_atr_multiplier': 1.5}. Best is trial 28 with value: 2.7540328707066086.
C:\Users\הלל\Desktop\algo projects\trading-research-factory\walk forward engine\.venv\lib\site-packages\optuna\distributions.py:700: UserWarning: The distribution is specified by [10, 20] and step=4, but the range is not divisible by `step`. It will be replaced by [10, 18].
  warnings.warn(
[I 2026-05-14 08:03:35,613] Trial 47 finished with value: 0.8815212662290985 and parameters: {'atr_period': 10, 'contraction_pct': 30.0, 'ema_fast': 10, 'ema_slow': 40, 'hold_bars': 24, 'sl_atr_multiplier': 1.5}. Best is trial 28 with value: 2.7540328707066086.
C:\Users\הלל\Desktop\algo projects\trading-research-factory\walk forward engine\.venv\lib\site-packages\optuna\distributions.py:700: UserWarning: The distribution is specified by [10, 20] and step=4, but the range is not divisible by `step`. It will be replaced by [10, 18].
  warnings.warn(
[I 2026-05-14 08:03:35,662] Trial 43 finished with value: 2.6900035597035665 and parameters: {'atr_period': 10, 'contraction_pct': 30.0, 'ema_fast': 10, 'ema_slow': 50, 'hold_bars': 12, 'sl_atr_multiplier': 1.5}. Best is trial 28 with value: 2.7540328707066086.
C:\Users\הלל\Desktop\algo projects\trading-research-factory\walk forward engine\.venv\lib\site-packages\optuna\distributions.py:700: UserWarning: The distribution is specified by [10, 20] and step=4, but the range is not divisible by `step`. It will be replaced by [10, 18].
  warnings.warn(
[I 2026-05-14 08:03:35,893] Trial 46 finished with value: 0.7245038922952175 and parameters: {'atr_period': 10, 'contraction_pct': 30.0, 'ema_fast': 10, 'ema_slow': 50, 'hold_bars': 24, 'sl_atr_multiplier': 1.5}. Best is trial 28 with value: 2.7540328707066086.
[I 2026-05-14 08:03:38,254] Trial 49 finished with value: 2.7540328707066086 and parameters: {'atr_period': 10, 'contraction_pct': 30.0, 'ema_fast': 10, 'ema_slow': 40, 'hold_bars': 12, 'sl_atr_multiplier': 1.5}. Best is trial 28 with value: 2.7540328707066086.
C:\Users\הלל\Desktop\algo projects\trading-research-factory\walk forward engine\.venv\lib\site-packages\optuna\distributions.py:700: UserWarning: The distribution is specified by [10, 20] and step=4, but the range is not divisible by `step`. It will be replaced by [10, 18].
  warnings.warn(
[I 2026-05-14 08:03:38,383] Trial 48 finished with value: 0.7245038922952175 and parameters: {'atr_period': 10, 'contraction_pct': 30.0, 'ema_fast': 10, 'ema_slow': 50, 'hold_bars': 24, 'sl_atr_multiplier': 1.5}. Best is trial 28 with value: 2.7540328707066086.
[I 2026-05-14 08:03:39,146] Trial 51 finished with value: 2.715701850347141 and parameters: {'atr_period': 10, 'contraction_pct': 30.0, 'ema_fast': 10, 'ema_slow': 50, 'hold_bars': 12, 'sl_atr_multiplier': 2.5}. Best is trial 28 with value: 2.7540328707066086.
C:\Users\הלל\Desktop\algo projects\trading-research-factory\walk forward engine\.venv\lib\site-packages\optuna\distributions.py:700: UserWarning: The distribution is specified by [10, 20] and step=4, but the range is not divisible by `step`. It will be replaced by [10, 18].
  warnings.warn(
[I 2026-05-14 08:03:39,521] Trial 50 finished with value: 0.4958156657574371 and parameters: {'atr_period': 10, 'contraction_pct': 30.0, 'ema_fast': 10, 'ema_slow': 60, 'hold_bars': 24, 'sl_atr_multiplier': 2.5}. Best is trial 28 with value: 2.7540328707066086.
C:\Users\הלל\Desktop\algo projects\trading-research-factory\walk forward engine\.venv\lib\site-packages\optuna\distributions.py:700: UserWarning: The distribution is specified by [10, 20] and step=4, but the range is not divisible by `step`. It will be replaced by [10, 18].
  warnings.warn(
[I 2026-05-14 08:03:40,179] Trial 53 finished with value: 0.8142315056286187 and parameters: {'atr_period': 10, 'contraction_pct': 30.0, 'ema_fast': 10, 'ema_slow': 50, 'hold_bars': 24, 'sl_atr_multiplier': 2.5}. Best is trial 28 with value: 2.7540328707066086.
C:\Users\הלל\Desktop\algo projects\trading-research-factory\walk forward engine\.venv\lib\site-packages\optuna\distributions.py:700: UserWarning: The distribution is specified by [10, 20] and step=4, but the range is not divisible by `step`. It will be replaced by [10, 18].
  warnings.warn(
[I 2026-05-14 08:03:40,296] Trial 52 finished with value: 1.4028291701898594 and parameters: {'atr_period': 14, 'contraction_pct': 30.0, 'ema_fast': 10, 'ema_slow': 50, 'hold_bars': 12, 'sl_atr_multiplier': 2.5}. Best is trial 28 with value: 2.7540328707066086.
C:\Users\הלל\Desktop\algo projects\trading-research-factory\walk forward engine\.venv\lib\site-packages\optuna\distributions.py:700: UserWarning: The distribution is specified by [10, 20] and step=4, but the range is not divisible by `step`. It will be replaced by [10, 18].
  warnings.warn(
[I 2026-05-14 08:03:40,386] Trial 54 finished with value: 1.4028291701898594 and parameters: {'atr_period': 14, 'contraction_pct': 30.0, 'ema_fast': 10, 'ema_slow': 50, 'hold_bars': 12, 'sl_atr_multiplier': 2.5}. Best is trial 28 with value: 2.7540328707066086.
[I 2026-05-14 08:03:40,862] Trial 55 finished with value: 2.241413926388748 and parameters: {'atr_period': 10, 'contraction_pct': 30.0, 'ema_fast': 10, 'ema_slow': 60, 'hold_bars': 12, 'sl_atr_multiplier': 2.5}. Best is trial 28 with value: 2.7540328707066086.
C:\Users\הלל\Desktop\algo projects\trading-research-factory\walk forward engine\.venv\lib\site-packages\optuna\distributions.py:700: UserWarning: The distribution is specified by [10, 20] and step=4, but the range is not divisible by `step`. It will be replaced by [10, 18].
  warnings.warn(
[I 2026-05-14 08:03:42,771] Trial 57 finished with value: 0.5077720494030818 and parameters: {'atr_period': 10, 'contraction_pct': 30.0, 'ema_fast': 20, 'ema_slow': 50, 'hold_bars': 12, 'sl_atr_multiplier': 2.5}. Best is trial 28 with value: 2.7540328707066086.
C:\Users\הלל\Desktop\algo projects\trading-research-factory\walk forward engine\.venv\lib\site-packages\optuna\distributions.py:700: UserWarning: The distribution is specified by [10, 20] and step=4, but the range is not divisible by `step`. It will be replaced by [10, 18].
  warnings.warn(
[I 2026-05-14 08:03:43,145] Trial 56 finished with value: 2.715701850347141 and parameters: {'atr_period': 10, 'contraction_pct': 30.0, 'ema_fast': 10, 'ema_slow': 50, 'hold_bars': 12, 'sl_atr_multiplier': 2.5}. Best is trial 28 with value: 2.7540328707066086.
C:\Users\הלל\Desktop\algo projects\trading-research-factory\walk forward engine\.venv\lib\site-packages\optuna\distributions.py:700: UserWarning: The distribution is specified by [10, 20] and step=4, but the range is not divisible by `step`. It will be replaced by [10, 18].
  warnings.warn(
[I 2026-05-14 08:03:43,811] Trial 58 finished with value: 0.8142315056286187 and parameters: {'atr_period': 10, 'contraction_pct': 30.0, 'ema_fast': 10, 'ema_slow': 50, 'hold_bars': 24, 'sl_atr_multiplier': 2.5}. Best is trial 28 with value: 2.7540328707066086.
C:\Users\הלל\Desktop\algo projects\trading-research-factory\walk forward engine\.venv\lib\site-packages\optuna\distributions.py:700: UserWarning: The distribution is specified by [10, 20] and step=4, but the range is not divisible by `step`. It will be replaced by [10, 18].
  warnings.warn(
[I 2026-05-14 08:03:44,061] Trial 59 finished with value: 1.4028291701898594 and parameters: {'atr_period': 14, 'contraction_pct': 30.0, 'ema_fast': 10, 'ema_slow': 50, 'hold_bars': 12, 'sl_atr_multiplier': 2.5}. Best is trial 28 with value: 2.7540328707066086.
C:\Users\הלל\Desktop\algo projects\trading-research-factory\walk forward engine\.venv\lib\site-packages\optuna\distributions.py:700: UserWarning: The distribution is specified by [10, 20] and step=4, but the range is not divisible by `step`. It will be replaced by [10, 18].
  warnings.warn(
[I 2026-05-14 08:03:44,379] Trial 60 finished with value: 2.715701850347141 and parameters: {'atr_period': 10, 'contraction_pct': 30.0, 'ema_fast': 10, 'ema_slow': 50, 'hold_bars': 12, 'sl_atr_multiplier': 2.5}. Best is trial 28 with value: 2.7540328707066086.
C:\Users\הלל\Desktop\algo projects\trading-research-factory\walk forward engine\.venv\lib\site-packages\optuna\distributions.py:700: UserWarning: The distribution is specified by [10, 20] and step=4, but the range is not divisible by `step`. It will be replaced by [10, 18].
  warnings.warn(
[I 2026-05-14 08:03:44,832] Trial 62 finished with value: 1.4747967990533037 and parameters: {'atr_period': 10, 'contraction_pct': 25.0, 'ema_fast': 10, 'ema_slow': 60, 'hold_bars': 12, 'sl_atr_multiplier': 2.5}. Best is trial 28 with value: 2.7540328707066086.
C:\Users\הלל\Desktop\algo projects\trading-research-factory\walk forward engine\.venv\lib\site-packages\optuna\distributions.py:700: UserWarning: The distribution is specified by [10, 20] and step=4, but the range is not divisible by `step`. It will be replaced by [10, 18].
  warnings.warn(
[I 2026-05-14 08:03:45,010] Trial 61 finished with value: 2.241413926388748 and parameters: {'atr_period': 10, 'contraction_pct': 30.0, 'ema_fast': 10, 'ema_slow': 60, 'hold_bars': 12, 'sl_atr_multiplier': 2.5}. Best is trial 28 with value: 2.7540328707066086.
C:\Users\הלל\Desktop\algo projects\trading-research-factory\walk forward engine\.venv\lib\site-packages\optuna\distributions.py:700: UserWarning: The distribution is specified by [10, 20] and step=4, but the range is not divisible by `step`. It will be replaced by [10, 18].
  warnings.warn(
[I 2026-05-14 08:03:45,344] Trial 63 finished with value: 2.715701850347141 and parameters: {'atr_period': 10, 'contraction_pct': 30.0, 'ema_fast': 10, 'ema_slow': 50, 'hold_bars': 12, 'sl_atr_multiplier': 2.5}. Best is trial 28 with value: 2.7540328707066086.
C:\Users\הלל\Desktop\algo projects\trading-research-factory\walk forward engine\.venv\lib\site-packages\optuna\distributions.py:700: UserWarning: The distribution is specified by [10, 20] and step=4, but the range is not divisible by `step`. It will be replaced by [10, 18].
  warnings.warn(
[I 2026-05-14 08:03:47,278] Trial 64 finished with value: 2.7540328707066086 and parameters: {'atr_period': 10, 'contraction_pct': 30.0, 'ema_fast': 10, 'ema_slow': 40, 'hold_bars': 12, 'sl_atr_multiplier': 1.5}. Best is trial 28 with value: 2.7540328707066086.
C:\Users\הלל\Desktop\algo projects\trading-research-factory\walk forward engine\.venv\lib\site-packages\optuna\distributions.py:700: UserWarning: The distribution is specified by [10, 20] and step=4, but the range is not divisible by `step`. It will be replaced by [10, 18].
  warnings.warn(
[I 2026-05-14 08:03:47,456] Trial 65 finished with value: 2.7540328707066086 and parameters: {'atr_period': 10, 'contraction_pct': 30.0, 'ema_fast': 10, 'ema_slow': 40, 'hold_bars': 12, 'sl_atr_multiplier': 1.5}. Best is trial 28 with value: 2.7540328707066086.
C:\Users\הלל\Desktop\algo projects\trading-research-factory\walk forward engine\.venv\lib\site-packages\optuna\distributions.py:700: UserWarning: The distribution is specified by [10, 20] and step=4, but the range is not divisible by `step`. It will be replaced by [10, 18].
  warnings.warn(
[I 2026-05-14 08:03:48,515] Trial 66 finished with value: 2.7540328707066086 and parameters: {'atr_period': 10, 'contraction_pct': 30.0, 'ema_fast': 10, 'ema_slow': 40, 'hold_bars': 12, 'sl_atr_multiplier': 1.5}. Best is trial 28 with value: 2.7540328707066086.
C:\Users\הלל\Desktop\algo projects\trading-research-factory\walk forward engine\.venv\lib\site-packages\optuna\distributions.py:700: UserWarning: The distribution is specified by [10, 20] and step=4, but the range is not divisible by `step`. It will be replaced by [10, 18].
  warnings.warn(
[I 2026-05-14 08:03:48,777] Trial 67 finished with value: 2.7540328707066086 and parameters: {'atr_period': 10, 'contraction_pct': 30.0, 'ema_fast': 10, 'ema_slow': 40, 'hold_bars': 12, 'sl_atr_multiplier': 1.5}. Best is trial 28 with value: 2.7540328707066086.
C:\Users\הלל\Desktop\algo projects\trading-research-factory\walk forward engine\.venv\lib\site-packages\optuna\distributions.py:700: UserWarning: The distribution is specified by [10, 20] and step=4, but the range is not divisible by `step`. It will be replaced by [10, 18].
  warnings.warn(
[I 2026-05-14 08:03:48,814] Trial 68 finished with value: 2.7540328707066086 and parameters: {'atr_period': 10, 'contraction_pct': 30.0, 'ema_fast': 10, 'ema_slow': 40, 'hold_bars': 12, 'sl_atr_multiplier': 1.5}. Best is trial 28 with value: 2.7540328707066086.
[I 2026-05-14 08:03:49,397] Trial 69 finished with value: 2.7789598543797482 and parameters: {'atr_period': 10, 'contraction_pct': 30.0, 'ema_fast': 10, 'ema_slow': 40, 'hold_bars': 12, 'sl_atr_multiplier': 2.5}. Best is trial 69 with value: 2.7789598543797482.
C:\Users\הלל\Desktop\algo projects\trading-research-factory\walk forward engine\.venv\lib\site-packages\optuna\distributions.py:700: UserWarning: The distribution is specified by [10, 20] and step=4, but the range is not divisible by `step`. It will be replaced by [10, 18].
  warnings.warn(
[I 2026-05-14 08:03:49,527] Trial 70 finished with value: 2.7789598543797482 and parameters: {'atr_period': 10, 'contraction_pct': 30.0, 'ema_fast': 10, 'ema_slow': 40, 'hold_bars': 12, 'sl_atr_multiplier': 2.5}. Best is trial 69 with value: 2.7789598543797482.
[I 2026-05-14 08:03:49,844] Trial 71 finished with value: 2.7540328707066086 and parameters: {'atr_period': 10, 'contraction_pct': 30.0, 'ema_fast': 10, 'ema_slow': 40, 'hold_bars': 12, 'sl_atr_multiplier': 1.5}. Best is trial 69 with value: 2.7789598543797482.
C:\Users\הלל\Desktop\algo projects\trading-research-factory\walk forward engine\.venv\lib\site-packages\optuna\distributions.py:700: UserWarning: The distribution is specified by [10, 20] and step=4, but the range is not divisible by `step`. It will be replaced by [10, 18].
  warnings.warn(
[I 2026-05-14 08:03:51,810] Trial 72 finished with value: 2.7540328707066086 and parameters: {'atr_period': 10, 'contraction_pct': 30.0, 'ema_fast': 10, 'ema_slow': 40, 'hold_bars': 12, 'sl_atr_multiplier': 1.5}. Best is trial 69 with value: 2.7789598543797482.
C:\Users\הלל\Desktop\algo projects\trading-research-factory\walk forward engine\.venv\lib\site-packages\optuna\distributions.py:700: UserWarning: The distribution is specified by [10, 20] and step=4, but the range is not divisible by `step`. It will be replaced by [10, 18].
  warnings.warn(
[I 2026-05-14 08:03:52,018] Trial 73 finished with value: 2.7540328707066086 and parameters: {'atr_period': 10, 'contraction_pct': 30.0, 'ema_fast': 10, 'ema_slow': 40, 'hold_bars': 12, 'sl_atr_multiplier': 1.5}. Best is trial 69 with value: 2.7789598543797482.
C:\Users\הלל\Desktop\algo projects\trading-research-factory\walk forward engine\.venv\lib\site-packages\optuna\distributions.py:700: UserWarning: The distribution is specified by [10, 20] and step=4, but the range is not divisible by `step`. It will be replaced by [10, 18].
  warnings.warn(
[I 2026-05-14 08:03:52,827] Trial 74 finished with value: 2.7540328707066086 and parameters: {'atr_period': 10, 'contraction_pct': 30.0, 'ema_fast': 10, 'ema_slow': 40, 'hold_bars': 12, 'sl_atr_multiplier': 1.5}. Best is trial 69 with value: 2.7789598543797482.
C:\Users\הלל\Desktop\algo projects\trading-research-factory\walk forward engine\.venv\lib\site-packages\optuna\distributions.py:700: UserWarning: The distribution is specified by [10, 20] and step=4, but the range is not divisible by `step`. It will be replaced by [10, 18].
  warnings.warn(
[I 2026-05-14 08:03:53,353] Trial 75 finished with value: 2.7540328707066086 and parameters: {'atr_period': 10, 'contraction_pct': 30.0, 'ema_fast': 10, 'ema_slow': 40, 'hold_bars': 12, 'sl_atr_multiplier': 1.5}. Best is trial 69 with value: 2.7789598543797482.
C:\Users\הלל\Desktop\algo projects\trading-research-factory\walk forward engine\.venv\lib\site-packages\optuna\distributions.py:700: UserWarning: The distribution is specified by [10, 20] and step=4, but the range is not divisible by `step`. It will be replaced by [10, 18].
  warnings.warn(
[I 2026-05-14 08:03:53,532] Trial 76 finished with value: 2.7540328707066086 and parameters: {'atr_period': 10, 'contraction_pct': 30.0, 'ema_fast': 10, 'ema_slow': 40, 'hold_bars': 12, 'sl_atr_multiplier': 1.5}. Best is trial 69 with value: 2.7789598543797482.
[I 2026-05-14 08:03:53,956] Trial 77 finished with value: 2.079486737917317 and parameters: {'atr_period': 10, 'contraction_pct': 25.0, 'ema_fast': 10, 'ema_slow': 40, 'hold_bars': 12, 'sl_atr_multiplier': 2.5}. Best is trial 69 with value: 2.7789598543797482.
C:\Users\הלל\Desktop\algo projects\trading-research-factory\walk forward engine\.venv\lib\site-packages\optuna\distributions.py:700: UserWarning: The distribution is specified by [10, 20] and step=4, but the range is not divisible by `step`. It will be replaced by [10, 18].
  warnings.warn(
[I 2026-05-14 08:03:54,547] Trial 78 finished with value: 2.7789598543797482 and parameters: {'atr_period': 10, 'contraction_pct': 30.0, 'ema_fast': 10, 'ema_slow': 40, 'hold_bars': 12, 'sl_atr_multiplier': 2.5}. Best is trial 69 with value: 2.7789598543797482.
C:\Users\הלל\Desktop\algo projects\trading-research-factory\walk forward engine\.venv\lib\site-packages\optuna\distributions.py:700: UserWarning: The distribution is specified by [10, 20] and step=4, but the range is not divisible by `step`. It will be replaced by [10, 18].
  warnings.warn(
[I 2026-05-14 08:03:54,960] Trial 79 finished with value: 2.7789598543797482 and parameters: {'atr_period': 10, 'contraction_pct': 30.0, 'ema_fast': 10, 'ema_slow': 40, 'hold_bars': 12, 'sl_atr_multiplier': 2.5}. Best is trial 69 with value: 2.7789598543797482.
C:\Users\הלל\Desktop\algo projects\trading-research-factory\walk forward engine\.venv\lib\site-packages\optuna\distributions.py:700: UserWarning: The distribution is specified by [10, 20] and step=4, but the range is not divisible by `step`. It will be replaced by [10, 18].
  warnings.warn(
[I 2026-05-14 08:03:56,869] Trial 80 finished with value: 2.7789598543797482 and parameters: {'atr_period': 10, 'contraction_pct': 30.0, 'ema_fast': 10, 'ema_slow': 40, 'hold_bars': 12, 'sl_atr_multiplier': 2.5}. Best is trial 69 with value: 2.7789598543797482.
C:\Users\הלל\Desktop\algo projects\trading-research-factory\walk forward engine\.venv\lib\site-packages\optuna\distributions.py:700: UserWarning: The distribution is specified by [10, 20] and step=4, but the range is not divisible by `step`. It will be replaced by [10, 18].
  warnings.warn(
[I 2026-05-14 08:03:57,361] Trial 81 finished with value: 2.7789598543797482 and parameters: {'atr_period': 10, 'contraction_pct': 30.0, 'ema_fast': 10, 'ema_slow': 40, 'hold_bars': 12, 'sl_atr_multiplier': 2.5}. Best is trial 69 with value: 2.7789598543797482.
C:\Users\הלל\Desktop\algo projects\trading-research-factory\walk forward engine\.venv\lib\site-packages\optuna\distributions.py:700: UserWarning: The distribution is specified by [10, 20] and step=4, but the range is not divisible by `step`. It will be replaced by [10, 18].
  warnings.warn(
[I 2026-05-14 08:03:58,301] Trial 82 finished with value: 2.7789598543797482 and parameters: {'atr_period': 10, 'contraction_pct': 30.0, 'ema_fast': 10, 'ema_slow': 40, 'hold_bars': 12, 'sl_atr_multiplier': 2.5}. Best is trial 69 with value: 2.7789598543797482.
C:\Users\הלל\Desktop\algo projects\trading-research-factory\walk forward engine\.venv\lib\site-packages\optuna\distributions.py:700: UserWarning: The distribution is specified by [10, 20] and step=4, but the range is not divisible by `step`. It will be replaced by [10, 18].
  warnings.warn(
[I 2026-05-14 08:03:58,413] Trial 83 finished with value: 2.7789598543797482 and parameters: {'atr_period': 10, 'contraction_pct': 30.0, 'ema_fast': 10, 'ema_slow': 40, 'hold_bars': 12, 'sl_atr_multiplier': 2.5}. Best is trial 69 with value: 2.7789598543797482.
[I 2026-05-14 08:03:59,060] Trial 84 finished with value: 1.9218022624133249 and parameters: {'atr_period': 10, 'contraction_pct': 30.0, 'ema_fast': 20, 'ema_slow': 40, 'hold_bars': 12, 'sl_atr_multiplier': 2.5}. Best is trial 69 with value: 2.7789598543797482.
C:\Users\הלל\Desktop\algo projects\trading-research-factory\walk forward engine\.venv\lib\site-packages\optuna\distributions.py:700: UserWarning: The distribution is specified by [10, 20] and step=4, but the range is not divisible by `step`. It will be replaced by [10, 18].
  warnings.warn(
