2026-05-13 14:32:57,016 - HighSpeedSmokeTest - [INFO] - 🚀 HIGH-SPEED SMOKE TEST STARTING
2026-05-13 14:32:57,016 - HighSpeedSmokeTest - [INFO] - ================================================================================
2026-05-13 14:32:57,016 - HighSpeedSmokeTest - [INFO] - CONFIGURABLE WALK-FORWARD ANALYSIS TEST RUNNER
2026-05-13 14:32:57,016 - HighSpeedSmokeTest - [INFO] - ================================================================================
2026-05-13 14:32:57,016 - HighSpeedSmokeTest - [INFO] - Start time: 2026-05-13 14:32:57.016205
2026-05-13 14:32:57,016 - HighSpeedSmokeTest - [INFO] - ================================================================================
2026-05-13 14:32:57,028 - HighSpeedSmokeTest - [INFO] - [14:32:57.028] === SMOKE TEST CHECKPOINT: CONFIGURABLE TEST RUNNER INITIALIZATION ===
C:\Users\הלל\Desktop\algo projects\trading-research-factory\walk forward engine\.venv\lib\site-packages\optuna\samplers\_tpe\sampler.py:319: ExperimentalWarning: ``multivariate`` option is an experimental feature. The interface can change in the future.
  warnings.warn(
[I 2026-05-13 14:33:03,302] A new study created in memory with name: no-name-de8ebb22-bd73-42e5-9f59-110d65ac59e2
C:\Users\הלל\Desktop\algo projects\trading-research-factory\walk forward engine\.venv\lib\site-packages\optuna\distributions.py:700: UserWarning: The distribution is specified by [10, 20] and step=4, but the range is not divisible by `step`. It will be replaced by [10, 18].
  warnings.warn(
C:\Users\הלל\Desktop\algo projects\trading-research-factory\walk forward engine\.venv\lib\site-packages\optuna\distributions.py:700: UserWarning: The distribution is specified by [10, 20] and step=4, but the range is not divisible by `step`. It will be replaced by [10, 18].
  warnings.warn(
C:\Users\הלל\Desktop\algo projects\trading-research-factory\walk forward engine\.venv\lib\site-packages\optuna\distributions.py:700: UserWarning: The distribution is specified by [10, 20] and step=4, but the range is not divisible by `step`. It will be replaced by [10, 18].
  warnings.warn(
C:\Users\הלל\Desktop\algo projects\trading-research-factory\walk forward engine\.venv\lib\site-packages\optuna\distributions.py:700: UserWarning: The distribution is specified by [10, 20] and step=4, but the range is not divisible by `step`. It will be replaced by [10, 18].
  warnings.warn(
[I 2026-05-13 14:33:16,385] Trial 1 finished with value: -1.6815720770917768 and parameters: {'atr_period': 10, 'contraction_pct': 15.0, 'ema_fast': 10, 'ema_slow': 40, 'hold_bars': 12, 'sl_atr_multiplier': 2.5}. Best is trial 1 with value: -1.6815720770917768.
[I 2026-05-13 14:33:16,396] Trial 4 finished with value: 1.5559716213745816 and parameters: {'atr_period': 10, 'contraction_pct': 30.0, 'ema_fast': 30, 'ema_slow': 60, 'hold_bars': 12, 'sl_atr_multiplier': 1.5}. Best is trial 4 with value: 1.5559716213745816.
[I 2026-05-13 14:33:16,428] Trial 6 finished with value: -0.7798644912934962 and parameters: {'atr_period': 10, 'contraction_pct': 30.0, 'ema_fast': 20, 'ema_slow': 50, 'hold_bars': 36, 'sl_atr_multiplier': 2.0}. Best is trial 4 with value: 1.5559716213745816.
[I 2026-05-13 14:33:16,437] Trial 3 finished with value: -1.5272891612446056 and parameters: {'atr_period': 18, 'contraction_pct': 25.0, 'ema_fast': 30, 'ema_slow': 40, 'hold_bars': 36, 'sl_atr_multiplier': 2.0}. Best is trial 4 with value: 1.5559716213745816.
C:\Users\הלל\Desktop\algo projects\trading-research-factory\walk forward engine\.venv\lib\site-packages\optuna\distributions.py:700: UserWarning: The distribution is specified by [10, 20] and step=4, but the range is not divisible by `step`. It will be replaced by [10, 18].
  warnings.warn(
[I 2026-05-13 14:33:16,444] Trial 2 finished with value: 0.49400732753272375 and parameters: {'atr_period': 10, 'contraction_pct': 20.0, 'ema_fast': 30, 'ema_slow': 60, 'hold_bars': 36, 'sl_atr_multiplier': 2.5}. Best is trial 4 with value: 1.5559716213745816.
[I 2026-05-13 14:33:16,472] Trial 7 finished with value: -2.418771398157402 and parameters: {'atr_period': 14, 'contraction_pct': 25.0, 'ema_fast': 20, 'ema_slow': 60, 'hold_bars': 24, 'sl_atr_multiplier': 2.5}. Best is trial 4 with value: 1.5559716213745816.
[I 2026-05-13 14:33:16,490] Trial 0 finished with value: -2.1542469315620707 and parameters: {'atr_period': 10, 'contraction_pct': 15.0, 'ema_fast': 10, 'ema_slow': 50, 'hold_bars': 36, 'sl_atr_multiplier': 2.0}. Best is trial 4 with value: 1.5559716213745816.
[I 2026-05-13 14:33:16,504] Trial 5 finished with value: 0.3452273648163335 and parameters: {'atr_period': 14, 'contraction_pct': 30.0, 'ema_fast': 20, 'ema_slow': 50, 'hold_bars': 12, 'sl_atr_multiplier': 1.5}. Best is trial 4 with value: 1.5559716213745816.
[I 2026-05-13 14:33:20,993] Trial 11 finished with value: -0.9890593473605974 and parameters: {'atr_period': 14, 'contraction_pct': 25.0, 'ema_fast': 20, 'ema_slow': 50, 'hold_bars': 36, 'sl_atr_multiplier': 1.5}. Best is trial 4 with value: 1.5559716213745816.
[I 2026-05-13 14:33:21,035] Trial 10 finished with value: 0.06244060797538215 and parameters: {'atr_period': 18, 'contraction_pct': 25.0, 'ema_fast': 10, 'ema_slow': 50, 'hold_bars': 24, 'sl_atr_multiplier': 1.5}. Best is trial 4 with value: 1.5559716213745816.
C:\Users\הלל\Desktop\algo projects\trading-research-factory\walk forward engine\.venv\lib\site-packages\optuna\distributions.py:700: UserWarning: The distribution is specified by [10, 20] and step=4, but the range is not divisible by `step`. It will be replaced by [10, 18].
  warnings.warn(
[I 2026-05-13 14:33:21,599] Trial 9 finished with value: -2.2481701767765205 and parameters: {'atr_period': 10, 'contraction_pct': 15.0, 'ema_fast': 20, 'ema_slow': 40, 'hold_bars': 12, 'sl_atr_multiplier': 2.5}. Best is trial 4 with value: 1.5559716213745816.
C:\Users\הלל\Desktop\algo projects\trading-research-factory\walk forward engine\.venv\lib\site-packages\optuna\distributions.py:700: UserWarning: The distribution is specified by [10, 20] and step=4, but the range is not divisible by `step`. It will be replaced by [10, 18].
  warnings.warn(
C:\Users\הלל\Desktop\algo projects\trading-research-factory\walk forward engine\.venv\lib\site-packages\optuna\distributions.py:700: UserWarning: The distribution is specified by [10, 20] and step=4, but the range is not divisible by `step`. It will be replaced by [10, 18].
  warnings.warn(
[I 2026-05-13 14:33:22,022] Trial 12 finished with value: -1.4454214021316176 and parameters: {'atr_period': 10, 'contraction_pct': 15.0, 'ema_fast': 10, 'ema_slow': 50, 'hold_bars': 12, 'sl_atr_multiplier': 1.5}. Best is trial 4 with value: 1.5559716213745816.
C:\Users\הלל\Desktop\algo projects\trading-research-factory\walk forward engine\.venv\lib\site-packages\optuna\distributions.py:700: UserWarning: The distribution is specified by [10, 20] and step=4, but the range is not divisible by `step`. It will be replaced by [10, 18].
  warnings.warn(
[I 2026-05-13 14:33:22,380] Trial 13 finished with value: -0.7010959848029102 and parameters: {'atr_period': 14, 'contraction_pct': 20.0, 'ema_fast': 20, 'ema_slow': 50, 'hold_bars': 36, 'sl_atr_multiplier': 2.0}. Best is trial 4 with value: 1.5559716213745816.
C:\Users\הלל\Desktop\algo projects\trading-research-factory\walk forward engine\.venv\lib\site-packages\optuna\distributions.py:700: UserWarning: The distribution is specified by [10, 20] and step=4, but the range is not divisible by `step`. It will be replaced by [10, 18].
  warnings.warn(
[I 2026-05-13 14:33:23,191] Trial 14 finished with value: -0.8830480524590018 and parameters: {'atr_period': 10, 'contraction_pct': 20.0, 'ema_fast': 10, 'ema_slow': 40, 'hold_bars': 24, 'sl_atr_multiplier': 2.0}. Best is trial 4 with value: 1.5559716213745816.
C:\Users\הלל\Desktop\algo projects\trading-research-factory\walk forward engine\.venv\lib\site-packages\optuna\distributions.py:700: UserWarning: The distribution is specified by [10, 20] and step=4, but the range is not divisible by `step`. It will be replaced by [10, 18].
  warnings.warn(
[I 2026-05-13 14:33:23,417] Trial 8 finished with value: -0.9406783935455666 and parameters: {'atr_period': 14, 'contraction_pct': 20.0, 'ema_fast': 20, 'ema_slow': 50, 'hold_bars': 24, 'sl_atr_multiplier': 2.0}. Best is trial 4 with value: 1.5559716213745816.
C:\Users\הלל\Desktop\algo projects\trading-research-factory\walk forward engine\.venv\lib\site-packages\optuna\distributions.py:700: UserWarning: The distribution is specified by [10, 20] and step=4, but the range is not divisible by `step`. It will be replaced by [10, 18].
  warnings.warn(
[I 2026-05-13 14:33:23,699] Trial 15 finished with value: -2.1610479343198854 and parameters: {'atr_period': 14, 'contraction_pct': 15.0, 'ema_fast': 30, 'ema_slow': 50, 'hold_bars': 36, 'sl_atr_multiplier': 2.0}. Best is trial 4 with value: 1.5559716213745816.
C:\Users\הלל\Desktop\algo projects\trading-research-factory\walk forward engine\.venv\lib\site-packages\optuna\distributions.py:700: UserWarning: The distribution is specified by [10, 20] and step=4, but the range is not divisible by `step`. It will be replaced by [10, 18].
  warnings.warn(
[I 2026-05-13 14:33:27,039] Trial 18 finished with value: 1.604587467467978 and parameters: {'atr_period': 10, 'contraction_pct': 25.0, 'ema_fast': 30, 'ema_slow': 60, 'hold_bars': 12, 'sl_atr_multiplier': 1.5}. Best is trial 18 with value: 1.604587467467978.
C:\Users\הלל\Desktop\algo projects\trading-research-factory\walk forward engine\.venv\lib\site-packages\optuna\distributions.py:700: UserWarning: The distribution is specified by [10, 20] and step=4, but the range is not divisible by `step`. It will be replaced by [10, 18].
  warnings.warn(
[I 2026-05-13 14:33:28,072] Trial 16 finished with value: 0.8346132187844488 and parameters: {'atr_period': 10, 'contraction_pct': 20.0, 'ema_fast': 30, 'ema_slow': 50, 'hold_bars': 12, 'sl_atr_multiplier': 2.0}. Best is trial 18 with value: 1.604587467467978.
C:\Users\הלל\Desktop\algo projects\trading-research-factory\walk forward engine\.venv\lib\site-packages\optuna\distributions.py:700: UserWarning: The distribution is specified by [10, 20] and step=4, but the range is not divisible by `step`. It will be replaced by [10, 18].
  warnings.warn(
[I 2026-05-13 14:33:28,226] Trial 19 finished with value: 0.49400732753272375 and parameters: {'atr_period': 10, 'contraction_pct': 20.0, 'ema_fast': 30, 'ema_slow': 60, 'hold_bars': 36, 'sl_atr_multiplier': 2.5}. Best is trial 18 with value: 1.604587467467978.
C:\Users\הלל\Desktop\algo projects\trading-research-factory\walk forward engine\.venv\lib\site-packages\optuna\distributions.py:700: UserWarning: The distribution is specified by [10, 20] and step=4, but the range is not divisible by `step`. It will be replaced by [10, 18].
  warnings.warn(
[I 2026-05-13 14:33:28,952] Trial 17 finished with value: 0.4201587158566796 and parameters: {'atr_period': 10, 'contraction_pct': 25.0, 'ema_fast': 30, 'ema_slow': 60, 'hold_bars': 36, 'sl_atr_multiplier': 2.5}. Best is trial 18 with value: 1.604587467467978.
C:\Users\הלל\Desktop\algo projects\trading-research-factory\walk forward engine\.venv\lib\site-packages\optuna\distributions.py:700: UserWarning: The distribution is specified by [10, 20] and step=4, but the range is not divisible by `step`. It will be replaced by [10, 18].
  warnings.warn(
[I 2026-05-13 14:33:29,228] Trial 21 finished with value: 1.5559716213745816 and parameters: {'atr_period': 10, 'contraction_pct': 30.0, 'ema_fast': 30, 'ema_slow': 60, 'hold_bars': 12, 'sl_atr_multiplier': 1.5}. Best is trial 18 with value: 1.604587467467978.
[I 2026-05-13 14:33:29,321] Trial 20 finished with value: 0.49400732753272375 and parameters: {'atr_period': 10, 'contraction_pct': 20.0, 'ema_fast': 30, 'ema_slow': 60, 'hold_bars': 36, 'sl_atr_multiplier': 2.5}. Best is trial 18 with value: 1.604587467467978.
C:\Users\הלל\Desktop\algo projects\trading-research-factory\walk forward engine\.venv\lib\site-packages\optuna\distributions.py:700: UserWarning: The distribution is specified by [10, 20] and step=4, but the range is not divisible by `step`. It will be replaced by [10, 18].
  warnings.warn(
C:\Users\הלל\Desktop\algo projects\trading-research-factory\walk forward engine\.venv\lib\site-packages\optuna\distributions.py:700: UserWarning: The distribution is specified by [10, 20] and step=4, but the range is not divisible by `step`. It will be replaced by [10, 18].
  warnings.warn(
[I 2026-05-13 14:33:29,821] Trial 23 finished with value: 1.5559716213745816 and parameters: {'atr_period': 10, 'contraction_pct': 30.0, 'ema_fast': 30, 'ema_slow': 60, 'hold_bars': 12, 'sl_atr_multiplier': 1.5}. Best is trial 18 with value: 1.604587467467978.
C:\Users\הלל\Desktop\algo projects\trading-research-factory\walk forward engine\.venv\lib\site-packages\optuna\distributions.py:700: UserWarning: The distribution is specified by [10, 20] and step=4, but the range is not divisible by `step`. It will be replaced by [10, 18].
  warnings.warn(
[I 2026-05-13 14:33:29,894] Trial 22 finished with value: 1.604587467467978 and parameters: {'atr_period': 10, 'contraction_pct': 25.0, 'ema_fast': 30, 'ema_slow': 60, 'hold_bars': 12, 'sl_atr_multiplier': 1.5}. Best is trial 18 with value: 1.604587467467978.
[I 2026-05-13 14:33:32,864] Trial 24 finished with value: 0.8349019427465904 and parameters: {'atr_period': 10, 'contraction_pct': 20.0, 'ema_fast': 30, 'ema_slow': 60, 'hold_bars': 12, 'sl_atr_multiplier': 1.5}. Best is trial 18 with value: 1.604587467467978.
C:\Users\הלל\Desktop\algo projects\trading-research-factory\walk forward engine\.venv\lib\site-packages\optuna\distributions.py:700: UserWarning: The distribution is specified by [10, 20] and step=4, but the range is not divisible by `step`. It will be replaced by [10, 18].
  warnings.warn(
[I 2026-05-13 14:33:33,293] Trial 25 finished with value: 1.604587467467978 and parameters: {'atr_period': 10, 'contraction_pct': 25.0, 'ema_fast': 30, 'ema_slow': 60, 'hold_bars': 12, 'sl_atr_multiplier': 1.5}. Best is trial 18 with value: 1.604587467467978.
[I 2026-05-13 14:33:33,293] Trial 26 finished with value: 1.5559716213745816 and parameters: {'atr_period': 10, 'contraction_pct': 30.0, 'ema_fast': 30, 'ema_slow': 60, 'hold_bars': 12, 'sl_atr_multiplier': 1.5}. Best is trial 18 with value: 1.604587467467978.
C:\Users\הלל\Desktop\algo projects\trading-research-factory\walk forward engine\.venv\lib\site-packages\optuna\distributions.py:700: UserWarning: The distribution is specified by [10, 20] and step=4, but the range is not divisible by `step`. It will be replaced by [10, 18].
  warnings.warn(
[I 2026-05-13 14:33:33,665] Trial 27 finished with value: 0.04726084262922113 and parameters: {'atr_period': 10, 'contraction_pct': 25.0, 'ema_fast': 30, 'ema_slow': 60, 'hold_bars': 24, 'sl_atr_multiplier': 1.5}. Best is trial 18 with value: 1.604587467467978.
C:\Users\הלל\Desktop\algo projects\trading-research-factory\walk forward engine\.venv\lib\site-packages\optuna\distributions.py:700: UserWarning: The distribution is specified by [10, 20] and step=4, but the range is not divisible by `step`. It will be replaced by [10, 18].
  warnings.warn(
[I 2026-05-13 14:33:33,793] Trial 29 finished with value: 1.5559716213745816 and parameters: {'atr_period': 10, 'contraction_pct': 30.0, 'ema_fast': 30, 'ema_slow': 60, 'hold_bars': 12, 'sl_atr_multiplier': 1.5}. Best is trial 18 with value: 1.604587467467978.
C:\Users\הלל\Desktop\algo projects\trading-research-factory\walk forward engine\.venv\lib\site-packages\optuna\distributions.py:700: UserWarning: The distribution is specified by [10, 20] and step=4, but the range is not divisible by `step`. It will be replaced by [10, 18].
  warnings.warn(
[I 2026-05-13 14:33:34,055] Trial 31 finished with value: -1.2310111148079192 and parameters: {'atr_period': 10, 'contraction_pct': 20.0, 'ema_fast': 30, 'ema_slow': 60, 'hold_bars': 24, 'sl_atr_multiplier': 1.5}. Best is trial 18 with value: 1.604587467467978.
C:\Users\הלל\Desktop\algo projects\trading-research-factory\walk forward engine\.venv\lib\site-packages\optuna\distributions.py:700: UserWarning: The distribution is specified by [10, 20] and step=4, but the range is not divisible by `step`. It will be replaced by [10, 18].
  warnings.warn(
[I 2026-05-13 14:33:34,414] Trial 28 finished with value: 1.5559716213745816 and parameters: {'atr_period': 10, 'contraction_pct': 30.0, 'ema_fast': 30, 'ema_slow': 60, 'hold_bars': 12, 'sl_atr_multiplier': 1.5}. Best is trial 18 with value: 1.604587467467978.
C:\Users\הלל\Desktop\algo projects\trading-research-factory\walk forward engine\.venv\lib\site-packages\optuna\distributions.py:700: UserWarning: The distribution is specified by [10, 20] and step=4, but the range is not divisible by `step`. It will be replaced by [10, 18].
  warnings.warn(
[I 2026-05-13 14:33:34,527] Trial 30 finished with value: 0.4156383886866409 and parameters: {'atr_period': 14, 'contraction_pct': 20.0, 'ema_fast': 30, 'ema_slow': 60, 'hold_bars': 12, 'sl_atr_multiplier': 1.5}. Best is trial 18 with value: 1.604587467467978.
C:\Users\הלל\Desktop\algo projects\trading-research-factory\walk forward engine\.venv\lib\site-packages\optuna\distributions.py:700: UserWarning: The distribution is specified by [10, 20] and step=4, but the range is not divisible by `step`. It will be replaced by [10, 18].
  warnings.warn(
[I 2026-05-13 14:33:36,627] Trial 34 finished with value: 0.04726084262922113 and parameters: {'atr_period': 10, 'contraction_pct': 25.0, 'ema_fast': 20, 'ema_slow': 60, 'hold_bars': 24, 'sl_atr_multiplier': 1.5}. Best is trial 18 with value: 1.604587467467978.
C:\Users\הלל\Desktop\algo projects\trading-research-factory\walk forward engine\.venv\lib\site-packages\optuna\distributions.py:700: UserWarning: The distribution is specified by [10, 20] and step=4, but the range is not divisible by `step`. It will be replaced by [10, 18].
  warnings.warn(
[I 2026-05-13 14:33:36,871] Trial 32 finished with value: -2.2514546235296193 and parameters: {'atr_period': 14, 'contraction_pct': 25.0, 'ema_fast': 30, 'ema_slow': 60, 'hold_bars': 24, 'sl_atr_multiplier': 1.5}. Best is trial 18 with value: 1.604587467467978.
C:\Users\הלל\Desktop\algo projects\trading-research-factory\walk forward engine\.venv\lib\site-packages\optuna\distributions.py:700: UserWarning: The distribution is specified by [10, 20] and step=4, but the range is not divisible by `step`. It will be replaced by [10, 18].
  warnings.warn(
[I 2026-05-13 14:33:36,917] Trial 33 finished with value: 0.04726084262922113 and parameters: {'atr_period': 10, 'contraction_pct': 25.0, 'ema_fast': 30, 'ema_slow': 50, 'hold_bars': 24, 'sl_atr_multiplier': 1.5}. Best is trial 18 with value: 1.604587467467978.
C:\Users\הלל\Desktop\algo projects\trading-research-factory\walk forward engine\.venv\lib\site-packages\optuna\distributions.py:700: UserWarning: The distribution is specified by [10, 20] and step=4, but the range is not divisible by `step`. It will be replaced by [10, 18].
  warnings.warn(
[I 2026-05-13 14:33:37,017] Trial 35 finished with value: -0.8464500627585592 and parameters: {'atr_period': 14, 'contraction_pct': 25.0, 'ema_fast': 30, 'ema_slow': 50, 'hold_bars': 12, 'sl_atr_multiplier': 1.5}. Best is trial 18 with value: 1.604587467467978.
C:\Users\הלל\Desktop\algo projects\trading-research-factory\walk forward engine\.venv\lib\site-packages\optuna\distributions.py:700: UserWarning: The distribution is specified by [10, 20] and step=4, but the range is not divisible by `step`. It will be replaced by [10, 18].
  warnings.warn(
[I 2026-05-13 14:33:37,243] Trial 36 finished with value: 0.8349019427465904 and parameters: {'atr_period': 10, 'contraction_pct': 20.0, 'ema_fast': 20, 'ema_slow': 60, 'hold_bars': 12, 'sl_atr_multiplier': 1.5}. Best is trial 18 with value: 1.604587467467978.
C:\Users\הלל\Desktop\algo projects\trading-research-factory\walk forward engine\.venv\lib\site-packages\optuna\distributions.py:700: UserWarning: The distribution is specified by [10, 20] and step=4, but the range is not divisible by `step`. It will be replaced by [10, 18].
  warnings.warn(
[I 2026-05-13 14:33:37,604] Trial 37 finished with value: -0.8903788388180549 and parameters: {'atr_period': 14, 'contraction_pct': 25.0, 'ema_fast': 20, 'ema_slow': 60, 'hold_bars': 12, 'sl_atr_multiplier': 1.5}. Best is trial 18 with value: 1.604587467467978.
C:\Users\הלל\Desktop\algo projects\trading-research-factory\walk forward engine\.venv\lib\site-packages\optuna\distributions.py:700: UserWarning: The distribution is specified by [10, 20] and step=4, but the range is not divisible by `step`. It will be replaced by [10, 18].
  warnings.warn(
[I 2026-05-13 14:33:37,726] Trial 38 finished with value: -0.8903788388180549 and parameters: {'atr_period': 14, 'contraction_pct': 25.0, 'ema_fast': 30, 'ema_slow': 60, 'hold_bars': 12, 'sl_atr_multiplier': 1.5}. Best is trial 18 with value: 1.604587467467978.
C:\Users\הלל\Desktop\algo projects\trading-research-factory\walk forward engine\.venv\lib\site-packages\optuna\distributions.py:700: UserWarning: The distribution is specified by [10, 20] and step=4, but the range is not divisible by `step`. It will be replaced by [10, 18].
  warnings.warn(
