[I 2026-05-13 14:35:15,857] Trial 56 finished with value: 1.8698709221683607 and parameters: {'atr_period': 10, 'contraction_pct': 25.0, 'ema_fast': 30, 'ema_slow': 60, 'hold_bars': 12, 'sl_atr_multiplier': 2.0}. Best is trial 30 with value: 2.8332466429914462.
C:\Users\הלל\Desktop\algo projects\trading-research-factory\walk forward engine\.venv\lib\site-packages\optuna\distributions.py:700: UserWarning: The distribution is specified by [10, 20] and step=4, but the range is not divisible by `step`. It will be replaced by [10, 18].
  warnings.warn(
[I 2026-05-13 14:35:16,188] Trial 57 finished with value: -1.2477521581934847 and parameters: {'atr_period': 18, 'contraction_pct': 30.0, 'ema_fast': 30, 'ema_slow': 60, 'hold_bars': 36, 'sl_atr_multiplier': 2.0}. Best is trial 30 with value: 2.8332466429914462.
C:\Users\הלל\Desktop\algo projects\trading-research-factory\walk forward engine\.venv\lib\site-packages\optuna\distributions.py:700: UserWarning: The distribution is specified by [10, 20] and step=4, but the range is not divisible by `step`. It will be replaced by [10, 18].
  warnings.warn(
[I 2026-05-13 14:35:16,508] Trial 58 finished with value: 2.72659553013193 and parameters: {'atr_period': 10, 'contraction_pct': 20.0, 'ema_fast': 30, 'ema_slow': 60, 'hold_bars': 12, 'sl_atr_multiplier': 2.0}. Best is trial 30 with value: 2.8332466429914462.
C:\Users\הלל\Desktop\algo projects\trading-research-factory\walk forward engine\.venv\lib\site-packages\optuna\distributions.py:700: UserWarning: The distribution is specified by [10, 20] and step=4, but the range is not divisible by `step`. It will be replaced by [10, 18].
  warnings.warn(
[I 2026-05-13 14:35:16,717] Trial 59 finished with value: 1.8698709221683607 and parameters: {'atr_period': 10, 'contraction_pct': 25.0, 'ema_fast': 30, 'ema_slow': 60, 'hold_bars': 12, 'sl_atr_multiplier': 2.0}. Best is trial 30 with value: 2.8332466429914462.
C:\Users\הלל\Desktop\algo projects\trading-research-factory\walk forward engine\.venv\lib\site-packages\optuna\distributions.py:700: UserWarning: The distribution is specified by [10, 20] and step=4, but the range is not divisible by `step`. It will be replaced by [10, 18].
  warnings.warn(
[I 2026-05-13 14:35:16,854] Trial 60 finished with value: 2.72659553013193 and parameters: {'atr_period': 10, 'contraction_pct': 20.0, 'ema_fast': 30, 'ema_slow': 60, 'hold_bars': 12, 'sl_atr_multiplier': 2.0}. Best is trial 30 with value: 2.8332466429914462.
C:\Users\הלל\Desktop\algo projects\trading-research-factory\walk forward engine\.venv\lib\site-packages\optuna\distributions.py:700: UserWarning: The distribution is specified by [10, 20] and step=4, but the range is not divisible by `step`. It will be replaced by [10, 18].
  warnings.warn(
[I 2026-05-13 14:35:17,243] Trial 61 finished with value: 2.72659553013193 and parameters: {'atr_period': 10, 'contraction_pct': 20.0, 'ema_fast': 30, 'ema_slow': 60, 'hold_bars': 12, 'sl_atr_multiplier': 2.0}. Best is trial 30 with value: 2.8332466429914462.
C:\Users\הלל\Desktop\algo projects\trading-research-factory\walk forward engine\.venv\lib\site-packages\optuna\distributions.py:700: UserWarning: The distribution is specified by [10, 20] and step=4, but the range is not divisible by `step`. It will be replaced by [10, 18].
  warnings.warn(
[I 2026-05-13 14:35:17,327] Trial 63 finished with value: 1.8698709221683607 and parameters: {'atr_period': 10, 'contraction_pct': 25.0, 'ema_fast': 30, 'ema_slow': 60, 'hold_bars': 12, 'sl_atr_multiplier': 2.0}. Best is trial 30 with value: 2.8332466429914462.
[I 2026-05-13 14:35:17,345] Trial 62 finished with value: 1.8698709221683607 and parameters: {'atr_period': 10, 'contraction_pct': 25.0, 'ema_fast': 30, 'ema_slow': 60, 'hold_bars': 12, 'sl_atr_multiplier': 2.0}. Best is trial 30 with value: 2.8332466429914462.
[I 2026-05-13 14:35:20,430] Trial 64 finished with value: -0.22697990059506426 and parameters: {'atr_period': 18, 'contraction_pct': 30.0, 'ema_fast': 20, 'ema_slow': 50, 'hold_bars': 36, 'sl_atr_multiplier': 1.5}. Best is trial 30 with value: 2.8332466429914462.
C:\Users\הלל\Desktop\algo projects\trading-research-factory\walk forward engine\.venv\lib\site-packages\optuna\distributions.py:700: UserWarning: The distribution is specified by [10, 20] and step=4, but the range is not divisible by `step`. It will be replaced by [10, 18].
  warnings.warn(
[I 2026-05-13 14:35:20,852] Trial 65 finished with value: 0.49259955603812255 and parameters: {'atr_period': 14, 'contraction_pct': 20.0, 'ema_fast': 20, 'ema_slow': 60, 'hold_bars': 12, 'sl_atr_multiplier': 2.0}. Best is trial 30 with value: 2.8332466429914462.
C:\Users\הלל\Desktop\algo projects\trading-research-factory\walk forward engine\.venv\lib\site-packages\optuna\distributions.py:700: UserWarning: The distribution is specified by [10, 20] and step=4, but the range is not divisible by `step`. It will be replaced by [10, 18].
  warnings.warn(
[I 2026-05-13 14:35:21,497] Trial 66 finished with value: 2.6716906465614807 and parameters: {'atr_period': 10, 'contraction_pct': 20.0, 'ema_fast': 30, 'ema_slow': 60, 'hold_bars': 12, 'sl_atr_multiplier': 1.5}. Best is trial 30 with value: 2.8332466429914462.
C:\Users\הלל\Desktop\algo projects\trading-research-factory\walk forward engine\.venv\lib\site-packages\optuna\distributions.py:700: UserWarning: The distribution is specified by [10, 20] and step=4, but the range is not divisible by `step`. It will be replaced by [10, 18].
  warnings.warn(
[I 2026-05-13 14:35:21,559] Trial 67 finished with value: 1.3038936401872119 and parameters: {'atr_period': 14, 'contraction_pct': 20.0, 'ema_fast': 30, 'ema_slow': 60, 'hold_bars': 12, 'sl_atr_multiplier': 1.5}. Best is trial 30 with value: 2.8332466429914462.
[I 2026-05-13 14:35:22,012] Trial 68 finished with value: 2.180022335574411 and parameters: {'atr_period': 10, 'contraction_pct': 20.0, 'ema_fast': 20, 'ema_slow': 60, 'hold_bars': 12, 'sl_atr_multiplier': 2.0}. Best is trial 30 with value: 2.8332466429914462.
C:\Users\הלל\Desktop\algo projects\trading-research-factory\walk forward engine\.venv\lib\site-packages\optuna\distributions.py:700: UserWarning: The distribution is specified by [10, 20] and step=4, but the range is not divisible by `step`. It will be replaced by [10, 18].
  warnings.warn(
[I 2026-05-13 14:35:22,477] Trial 69 finished with value: 0.49259955603812255 and parameters: {'atr_period': 14, 'contraction_pct': 20.0, 'ema_fast': 20, 'ema_slow': 60, 'hold_bars': 12, 'sl_atr_multiplier': 2.0}. Best is trial 30 with value: 2.8332466429914462.
C:\Users\הלל\Desktop\algo projects\trading-research-factory\walk forward engine\.venv\lib\site-packages\optuna\distributions.py:700: UserWarning: The distribution is specified by [10, 20] and step=4, but the range is not divisible by `step`. It will be replaced by [10, 18].
  warnings.warn(
[I 2026-05-13 14:35:22,901] Trial 71 finished with value: 2.72659553013193 and parameters: {'atr_period': 10, 'contraction_pct': 20.0, 'ema_fast': 30, 'ema_slow': 60, 'hold_bars': 12, 'sl_atr_multiplier': 2.5}. Best is trial 30 with value: 2.8332466429914462.
C:\Users\הלל\Desktop\algo projects\trading-research-factory\walk forward engine\.venv\lib\site-packages\optuna\distributions.py:700: UserWarning: The distribution is specified by [10, 20] and step=4, but the range is not divisible by `step`. It will be replaced by [10, 18].
  warnings.warn(
[I 2026-05-13 14:35:23,099] Trial 70 finished with value: 2.1124727563458334 and parameters: {'atr_period': 10, 'contraction_pct': 20.0, 'ema_fast': 20, 'ema_slow': 60, 'hold_bars': 12, 'sl_atr_multiplier': 1.5}. Best is trial 30 with value: 2.8332466429914462.
C:\Users\הלל\Desktop\algo projects\trading-research-factory\walk forward engine\.venv\lib\site-packages\optuna\distributions.py:700: UserWarning: The distribution is specified by [10, 20] and step=4, but the range is not divisible by `step`. It will be replaced by [10, 18].
  warnings.warn(
[I 2026-05-13 14:35:25,399] Trial 72 finished with value: 2.72659553013193 and parameters: {'atr_period': 10, 'contraction_pct': 20.0, 'ema_fast': 30, 'ema_slow': 60, 'hold_bars': 12, 'sl_atr_multiplier': 2.5}. Best is trial 30 with value: 2.8332466429914462.
C:\Users\הלל\Desktop\algo projects\trading-research-factory\walk forward engine\.venv\lib\site-packages\optuna\distributions.py:700: UserWarning: The distribution is specified by [10, 20] and step=4, but the range is not divisible by `step`. It will be replaced by [10, 18].
  warnings.warn(
[I 2026-05-13 14:35:27,513] Trial 75 finished with value: 2.72659553013193 and parameters: {'atr_period': 10, 'contraction_pct': 20.0, 'ema_fast': 30, 'ema_slow': 60, 'hold_bars': 12, 'sl_atr_multiplier': 2.5}. Best is trial 30 with value: 2.8332466429914462.
C:\Users\הלל\Desktop\algo projects\trading-research-factory\walk forward engine\.venv\lib\site-packages\optuna\distributions.py:700: UserWarning: The distribution is specified by [10, 20] and step=4, but the range is not divisible by `step`. It will be replaced by [10, 18].
  warnings.warn(
[I 2026-05-13 14:35:27,969] Trial 73 finished with value: 2.72659553013193 and parameters: {'atr_period': 10, 'contraction_pct': 20.0, 'ema_fast': 30, 'ema_slow': 60, 'hold_bars': 12, 'sl_atr_multiplier': 2.5}. Best is trial 30 with value: 2.8332466429914462.
C:\Users\הלל\Desktop\algo projects\trading-research-factory\walk forward engine\.venv\lib\site-packages\optuna\distributions.py:700: UserWarning: The distribution is specified by [10, 20] and step=4, but the range is not divisible by `step`. It will be replaced by [10, 18].
  warnings.warn(
[I 2026-05-13 14:35:28,191] Trial 76 finished with value: 1.2853737287926537 and parameters: {'atr_period': 14, 'contraction_pct': 20.0, 'ema_fast': 30, 'ema_slow': 60, 'hold_bars': 12, 'sl_atr_multiplier': 2.0}. Best is trial 30 with value: 2.8332466429914462.
[I 2026-05-13 14:35:28,286] Trial 74 finished with value: 2.72659553013193 and parameters: {'atr_period': 10, 'contraction_pct': 20.0, 'ema_fast': 30, 'ema_slow': 60, 'hold_bars': 12, 'sl_atr_multiplier': 2.5}. Best is trial 30 with value: 2.8332466429914462.
[I 2026-05-13 14:35:28,963] Trial 78 finished with value: 2.72659553013193 and parameters: {'atr_period': 10, 'contraction_pct': 20.0, 'ema_fast': 30, 'ema_slow': 60, 'hold_bars': 12, 'sl_atr_multiplier': 2.0}. Best is trial 30 with value: 2.8332466429914462.
C:\Users\הלל\Desktop\algo projects\trading-research-factory\walk forward engine\.venv\lib\site-packages\optuna\distributions.py:700: UserWarning: The distribution is specified by [10, 20] and step=4, but the range is not divisible by `step`. It will be replaced by [10, 18].
  warnings.warn(
[I 2026-05-13 14:35:30,036] Trial 79 finished with value: 2.72659553013193 and parameters: {'atr_period': 10, 'contraction_pct': 20.0, 'ema_fast': 30, 'ema_slow': 60, 'hold_bars': 12, 'sl_atr_multiplier': 2.0}. Best is trial 30 with value: 2.8332466429914462.
C:\Users\הלל\Desktop\algo projects\trading-research-factory\walk forward engine\.venv\lib\site-packages\optuna\distributions.py:700: UserWarning: The distribution is specified by [10, 20] and step=4, but the range is not divisible by `step`. It will be replaced by [10, 18].
  warnings.warn(
[I 2026-05-13 14:35:30,234] Trial 77 finished with value: 2.72659553013193 and parameters: {'atr_period': 10, 'contraction_pct': 20.0, 'ema_fast': 30, 'ema_slow': 60, 'hold_bars': 12, 'sl_atr_multiplier': 2.5}. Best is trial 30 with value: 2.8332466429914462.
[I 2026-05-13 14:35:34,607] Trial 81 finished with value: 0.7211287896597114 and parameters: {'atr_period': 18, 'contraction_pct': 30.0, 'ema_fast': 10, 'ema_slow': 40, 'hold_bars': 12, 'sl_atr_multiplier': 2.0}. Best is trial 30 with value: 2.8332466429914462.
C:\Users\הלל\Desktop\algo projects\trading-research-factory\walk forward engine\.venv\lib\site-packages\optuna\distributions.py:700: UserWarning: The distribution is specified by [10, 20] and step=4, but the range is not divisible by `step`. It will be replaced by [10, 18].
  warnings.warn(
[I 2026-05-13 14:35:35,141] Trial 80 finished with value: 2.72659553013193 and parameters: {'atr_period': 10, 'contraction_pct': 20.0, 'ema_fast': 30, 'ema_slow': 60, 'hold_bars': 12, 'sl_atr_multiplier': 2.0}. Best is trial 30 with value: 2.8332466429914462.
C:\Users\הלל\Desktop\algo projects\trading-research-factory\walk forward engine\.venv\lib\site-packages\optuna\distributions.py:700: UserWarning: The distribution is specified by [10, 20] and step=4, but the range is not divisible by `step`. It will be replaced by [10, 18].
  warnings.warn(
[I 2026-05-13 14:35:35,594] Trial 83 finished with value: 2.72659553013193 and parameters: {'atr_period': 10, 'contraction_pct': 20.0, 'ema_fast': 30, 'ema_slow': 60, 'hold_bars': 12, 'sl_atr_multiplier': 2.0}. Best is trial 30 with value: 2.8332466429914462.
C:\Users\הלל\Desktop\algo projects\trading-research-factory\walk forward engine\.venv\lib\site-packages\optuna\distributions.py:700: UserWarning: The distribution is specified by [10, 20] and step=4, but the range is not divisible by `step`. It will be replaced by [10, 18].
  warnings.warn(
[I 2026-05-13 14:35:36,619] Trial 82 finished with value: 2.72659553013193 and parameters: {'atr_period': 10, 'contraction_pct': 20.0, 'ema_fast': 30, 'ema_slow': 60, 'hold_bars': 12, 'sl_atr_multiplier': 2.0}. Best is trial 30 with value: 2.8332466429914462.
C:\Users\הלל\Desktop\algo projects\trading-research-factory\walk forward engine\.venv\lib\site-packages\optuna\distributions.py:700: UserWarning: The distribution is specified by [10, 20] and step=4, but the range is not divisible by `step`. It will be replaced by [10, 18].
  warnings.warn(
[I 2026-05-13 14:35:36,976] Trial 84 finished with value: 2.72659553013193 and parameters: {'atr_period': 10, 'contraction_pct': 20.0, 'ema_fast': 30, 'ema_slow': 60, 'hold_bars': 12, 'sl_atr_multiplier': 2.0}. Best is trial 30 with value: 2.8332466429914462.
C:\Users\הלל\Desktop\algo projects\trading-research-factory\walk forward engine\.venv\lib\site-packages\optuna\distributions.py:700: UserWarning: The distribution is specified by [10, 20] and step=4, but the range is not divisible by `step`. It will be replaced by [10, 18].
  warnings.warn(
[I 2026-05-13 14:35:37,423] Trial 85 finished with value: 0.22984348820646897 and parameters: {'atr_period': 10, 'contraction_pct': 15.0, 'ema_fast': 10, 'ema_slow': 40, 'hold_bars': 12, 'sl_atr_multiplier': 1.5}. Best is trial 30 with value: 2.8332466429914462.
C:\Users\הלל\Desktop\algo projects\trading-research-factory\walk forward engine\.venv\lib\site-packages\optuna\distributions.py:700: UserWarning: The distribution is specified by [10, 20] and step=4, but the range is not divisible by `step`. It will be replaced by [10, 18].
  warnings.warn(
[I 2026-05-13 14:35:37,706] Trial 86 finished with value: 2.8332466429914462 and parameters: {'atr_period': 10, 'contraction_pct': 15.0, 'ema_fast': 30, 'ema_slow': 60, 'hold_bars': 24, 'sl_atr_multiplier': 2.0}. Best is trial 30 with value: 2.8332466429914462.
C:\Users\הלל\Desktop\algo projects\trading-research-factory\walk forward engine\.venv\lib\site-packages\optuna\distributions.py:700: UserWarning: The distribution is specified by [10, 20] and step=4, but the range is not divisible by `step`. It will be replaced by [10, 18].
  warnings.warn(
[I 2026-05-13 14:35:38,503] Trial 87 finished with value: 2.8332466429914462 and parameters: {'atr_period': 10, 'contraction_pct': 15.0, 'ema_fast': 30, 'ema_slow': 60, 'hold_bars': 24, 'sl_atr_multiplier': 2.0}. Best is trial 30 with value: 2.8332466429914462.
C:\Users\הלל\Desktop\algo projects\trading-research-factory\walk forward engine\.venv\lib\site-packages\optuna\distributions.py:700: UserWarning: The distribution is specified by [10, 20] and step=4, but the range is not divisible by `step`. It will be replaced by [10, 18].
  warnings.warn(
[I 2026-05-13 14:35:41,838] Trial 88 finished with value: 2.72659553013193 and parameters: {'atr_period': 10, 'contraction_pct': 20.0, 'ema_fast': 30, 'ema_slow': 60, 'hold_bars': 12, 'sl_atr_multiplier': 2.0}. Best is trial 30 with value: 2.8332466429914462.
C:\Users\הלל\Desktop\algo projects\trading-research-factory\walk forward engine\.venv\lib\site-packages\optuna\distributions.py:700: UserWarning: The distribution is specified by [10, 20] and step=4, but the range is not divisible by `step`. It will be replaced by [10, 18].
  warnings.warn(
[I 2026-05-13 14:35:42,181] Trial 90 finished with value: 2.72659553013193 and parameters: {'atr_period': 10, 'contraction_pct': 20.0, 'ema_fast': 30, 'ema_slow': 60, 'hold_bars': 12, 'sl_atr_multiplier': 2.0}. Best is trial 30 with value: 2.8332466429914462.
C:\Users\הלל\Desktop\algo projects\trading-research-factory\walk forward engine\.venv\lib\site-packages\optuna\distributions.py:700: UserWarning: The distribution is specified by [10, 20] and step=4, but the range is not divisible by `step`. It will be replaced by [10, 18].
  warnings.warn(
[I 2026-05-13 14:35:42,212] Trial 89 finished with value: -1.0556721153702315 and parameters: {'atr_period': 10, 'contraction_pct': 25.0, 'ema_fast': 20, 'ema_slow': 40, 'hold_bars': 24, 'sl_atr_multiplier': 2.5}. Best is trial 30 with value: 2.8332466429914462.
[I 2026-05-13 14:35:42,842] Trial 91 finished with value: -0.1425719488947936 and parameters: {'atr_period': 18, 'contraction_pct': 20.0, 'ema_fast': 10, 'ema_slow': 60, 'hold_bars': 24, 'sl_atr_multiplier': 1.5}. Best is trial 30 with value: 2.8332466429914462.
C:\Users\הלל\Desktop\algo projects\trading-research-factory\walk forward engine\.venv\lib\site-packages\optuna\distributions.py:700: UserWarning: The distribution is specified by [10, 20] and step=4, but the range is not divisible by `step`. It will be replaced by [10, 18].
  warnings.warn(
[I 2026-05-13 14:35:43,081] Trial 92 finished with value: 0.6465107307459143 and parameters: {'atr_period': 18, 'contraction_pct': 15.0, 'ema_fast': 30, 'ema_slow': 40, 'hold_bars': 12, 'sl_atr_multiplier': 2.0}. Best is trial 30 with value: 2.8332466429914462.
[I 2026-05-13 14:35:43,365] Trial 93 finished with value: 0.2565178962804879 and parameters: {'atr_period': 10, 'contraction_pct': 20.0, 'ema_fast': 10, 'ema_slow': 40, 'hold_bars': 24, 'sl_atr_multiplier': 2.5}. Best is trial 30 with value: 2.8332466429914462.
[I 2026-05-13 14:35:43,500] Trial 94 finished with value: -0.8185507021552818 and parameters: {'atr_period': 18, 'contraction_pct': 15.0, 'ema_fast': 30, 'ema_slow': 40, 'hold_bars': 24, 'sl_atr_multiplier': 2.5}. Best is trial 30 with value: 2.8332466429914462.
[I 2026-05-13 14:35:44,075] Trial 95 finished with value: 2.8332466429914462 and parameters: {'atr_period': 10, 'contraction_pct': 15.0, 'ema_fast': 30, 'ema_slow': 60, 'hold_bars': 24, 'sl_atr_multiplier': 2.0}. Best is trial 30 with value: 2.8332466429914462.
[I 2026-05-13 14:35:45,310] Trial 96 finished with value: 1.6890356549034904 and parameters: {'atr_period': 10, 'contraction_pct': 15.0, 'ema_fast': 20, 'ema_slow': 50, 'hold_bars': 24, 'sl_atr_multiplier': 2.0}. Best is trial 30 with value: 2.8332466429914462.
[I 2026-05-13 14:35:45,361] Trial 97 finished with value: 2.8332466429914462 and parameters: {'atr_period': 10, 'contraction_pct': 15.0, 'ema_fast': 30, 'ema_slow': 60, 'hold_bars': 24, 'sl_atr_multiplier': 2.0}. Best is trial 30 with value: 2.8332466429914462.
[I 2026-05-13 14:35:45,448] Trial 98 finished with value: 2.8332466429914462 and parameters: {'atr_period': 10, 'contraction_pct': 15.0, 'ema_fast': 30, 'ema_slow': 60, 'hold_bars': 24, 'sl_atr_multiplier': 2.0}. Best is trial 30 with value: 2.8332466429914462.
[I 2026-05-13 14:35:45,619] Trial 99 finished with value: 2.8332466429914462 and parameters: {'atr_period': 10, 'contraction_pct': 15.0, 'ema_fast': 30, 'ema_slow': 60, 'hold_bars': 24, 'sl_atr_multiplier': 2.0}. Best is trial 30 with value: 2.8332466429914462.
