[I 2026-05-13 14:33:57,838] Trial 82 finished with value: 0.05735012551025125 and parameters: {'atr_period': 10, 'contraction_pct': 25.0, 'ema_fast': 30, 'ema_slow': 60, 'hold_bars': 24, 'sl_atr_multiplier': 2.5}. Best is trial 61 with value: 1.7166101479371916.
C:\Users\הלל\Desktop\algo projects\trading-research-factory\walk forward engine\.venv\lib\site-packages\optuna\distributions.py:700: UserWarning: The distribution is specified by [10, 20] and step=4, but the range is not divisible by `step`. It will be replaced by [10, 18].
  warnings.warn(
[I 2026-05-13 14:33:57,943] Trial 85 finished with value: 0.8722360574685115 and parameters: {'atr_period': 10, 'contraction_pct': 20.0, 'ema_fast': 30, 'ema_slow': 50, 'hold_bars': 12, 'sl_atr_multiplier': 2.5}. Best is trial 61 with value: 1.7166101479371916.
C:\Users\הלל\Desktop\algo projects\trading-research-factory\walk forward engine\.venv\lib\site-packages\optuna\distributions.py:700: UserWarning: The distribution is specified by [10, 20] and step=4, but the range is not divisible by `step`. It will be replaced by [10, 18].
  warnings.warn(
[I 2026-05-13 14:33:58,101] Trial 83 finished with value: 0.8722360574685115 and parameters: {'atr_period': 10, 'contraction_pct': 20.0, 'ema_fast': 30, 'ema_slow': 50, 'hold_bars': 12, 'sl_atr_multiplier': 2.5}. Best is trial 61 with value: 1.7166101479371916.
[I 2026-05-13 14:33:58,587] Trial 86 finished with value: 1.7141286158308409 and parameters: {'atr_period': 10, 'contraction_pct': 25.0, 'ema_fast': 30, 'ema_slow': 60, 'hold_bars': 12, 'sl_atr_multiplier': 2.5}. Best is trial 61 with value: 1.7166101479371916.
C:\Users\הלל\Desktop\algo projects\trading-research-factory\walk forward engine\.venv\lib\site-packages\optuna\distributions.py:700: UserWarning: The distribution is specified by [10, 20] and step=4, but the range is not divisible by `step`. It will be replaced by [10, 18].
  warnings.warn(
[I 2026-05-13 14:33:58,617] Trial 87 finished with value: -1.8786837270731576 and parameters: {'atr_period': 18, 'contraction_pct': 20.0, 'ema_fast': 10, 'ema_slow': 40, 'hold_bars': 36, 'sl_atr_multiplier': 2.5}. Best is trial 61 with value: 1.7166101479371916.
[I 2026-05-13 14:33:59,980] Trial 88 finished with value: 1.7141286158308409 and parameters: {'atr_period': 10, 'contraction_pct': 25.0, 'ema_fast': 30, 'ema_slow': 60, 'hold_bars': 12, 'sl_atr_multiplier': 2.5}. Best is trial 61 with value: 1.7166101479371916.
C:\Users\הלל\Desktop\algo projects\trading-research-factory\walk forward engine\.venv\lib\site-packages\optuna\distributions.py:700: UserWarning: The distribution is specified by [10, 20] and step=4, but the range is not divisible by `step`. It will be replaced by [10, 18].
  warnings.warn(
[I 2026-05-13 14:34:00,528] Trial 89 finished with value: 1.7141286158308409 and parameters: {'atr_period': 10, 'contraction_pct': 25.0, 'ema_fast': 30, 'ema_slow': 60, 'hold_bars': 12, 'sl_atr_multiplier': 2.5}. Best is trial 61 with value: 1.7166101479371916.
C:\Users\הלל\Desktop\algo projects\trading-research-factory\walk forward engine\.venv\lib\site-packages\optuna\distributions.py:700: UserWarning: The distribution is specified by [10, 20] and step=4, but the range is not divisible by `step`. It will be replaced by [10, 18].
  warnings.warn(
[I 2026-05-13 14:34:00,924] Trial 90 finished with value: 1.7141286158308409 and parameters: {'atr_period': 10, 'contraction_pct': 25.0, 'ema_fast': 30, 'ema_slow': 60, 'hold_bars': 12, 'sl_atr_multiplier': 2.5}. Best is trial 61 with value: 1.7166101479371916.
C:\Users\הלל\Desktop\algo projects\trading-research-factory\walk forward engine\.venv\lib\site-packages\optuna\distributions.py:700: UserWarning: The distribution is specified by [10, 20] and step=4, but the range is not divisible by `step`. It will be replaced by [10, 18].
  warnings.warn(
[I 2026-05-13 14:34:01,363] Trial 92 finished with value: 1.7141286158308409 and parameters: {'atr_period': 10, 'contraction_pct': 25.0, 'ema_fast': 30, 'ema_slow': 60, 'hold_bars': 12, 'sl_atr_multiplier': 2.5}. Best is trial 61 with value: 1.7166101479371916.
C:\Users\הלל\Desktop\algo projects\trading-research-factory\walk forward engine\.venv\lib\site-packages\optuna\distributions.py:700: UserWarning: The distribution is specified by [10, 20] and step=4, but the range is not divisible by `step`. It will be replaced by [10, 18].
  warnings.warn(
[I 2026-05-13 14:34:01,570] Trial 91 finished with value: 1.7141286158308409 and parameters: {'atr_period': 10, 'contraction_pct': 25.0, 'ema_fast': 30, 'ema_slow': 60, 'hold_bars': 12, 'sl_atr_multiplier': 2.5}. Best is trial 61 with value: 1.7166101479371916.
[I 2026-05-13 14:34:01,610] Trial 93 finished with value: 1.7141286158308409 and parameters: {'atr_period': 10, 'contraction_pct': 25.0, 'ema_fast': 30, 'ema_slow': 60, 'hold_bars': 12, 'sl_atr_multiplier': 2.5}. Best is trial 61 with value: 1.7166101479371916.
[I 2026-05-13 14:34:01,914] Trial 95 finished with value: 1.7141286158308409 and parameters: {'atr_period': 10, 'contraction_pct': 25.0, 'ema_fast': 30, 'ema_slow': 60, 'hold_bars': 12, 'sl_atr_multiplier': 2.5}. Best is trial 61 with value: 1.7166101479371916.
[I 2026-05-13 14:34:01,968] Trial 94 finished with value: 1.7141286158308409 and parameters: {'atr_period': 10, 'contraction_pct': 25.0, 'ema_fast': 30, 'ema_slow': 60, 'hold_bars': 12, 'sl_atr_multiplier': 2.5}. Best is trial 61 with value: 1.7166101479371916.
[I 2026-05-13 14:34:02,876] Trial 96 finished with value: 1.7141286158308409 and parameters: {'atr_period': 10, 'contraction_pct': 25.0, 'ema_fast': 30, 'ema_slow': 60, 'hold_bars': 12, 'sl_atr_multiplier': 2.5}. Best is trial 61 with value: 1.7166101479371916.
[I 2026-05-13 14:34:03,262] Trial 97 finished with value: 1.7141286158308409 and parameters: {'atr_period': 10, 'contraction_pct': 25.0, 'ema_fast': 30, 'ema_slow': 60, 'hold_bars': 12, 'sl_atr_multiplier': 2.5}. Best is trial 61 with value: 1.7166101479371916.
[I 2026-05-13 14:34:03,319] Trial 98 finished with value: 1.7141286158308409 and parameters: {'atr_period': 10, 'contraction_pct': 25.0, 'ema_fast': 30, 'ema_slow': 60, 'hold_bars': 12, 'sl_atr_multiplier': 2.5}. Best is trial 61 with value: 1.7166101479371916.
[I 2026-05-13 14:34:03,396] Trial 99 finished with value: 1.7141286158308409 and parameters: {'atr_period': 10, 'contraction_pct': 25.0, 'ema_fast': 30, 'ema_slow': 60, 'hold_bars': 12, 'sl_atr_multiplier': 2.5}. Best is trial 61 with value: 1.7166101479371916.
C:\Users\הלל\Desktop\algo projects\trading-research-factory\walk forward engine\.venv\lib\site-packages\optuna\samplers\_tpe\sampler.py:319: ExperimentalWarning: ``multivariate`` option is an experimental feature. The interface can change in the future.
  warnings.warn(
[I 2026-05-13 14:34:03,561] A new study created in memory with name: no-name-752601e1-9ffb-4952-9a70-8d4295c43639
C:\Users\הלל\Desktop\algo projects\trading-research-factory\walk forward engine\.venv\lib\site-packages\optuna\distributions.py:700: UserWarning: The distribution is specified by [10, 20] and step=4, but the range is not divisible by `step`. It will be replaced by [10, 18].
  warnings.warn(
C:\Users\הלל\Desktop\algo projects\trading-research-factory\walk forward engine\.venv\lib\site-packages\optuna\distributions.py:700: UserWarning: The distribution is specified by [10, 20] and step=4, but the range is not divisible by `step`. It will be replaced by [10, 18].
  warnings.warn(
C:\Users\הלל\Desktop\algo projects\trading-research-factory\walk forward engine\.venv\lib\site-packages\optuna\distributions.py:700: UserWarning: The distribution is specified by [10, 20] and step=4, but the range is not divisible by `step`. It will be replaced by [10, 18].
  warnings.warn(
C:\Users\הלל\Desktop\algo projects\trading-research-factory\walk forward engine\.venv\lib\site-packages\optuna\distributions.py:700: UserWarning: The distribution is specified by [10, 20] and step=4, but the range is not divisible by `step`. It will be replaced by [10, 18].
  warnings.warn(
C:\Users\הלל\Desktop\algo projects\trading-research-factory\walk forward engine\.venv\lib\site-packages\optuna\distributions.py:700: UserWarning: The distribution is specified by [10, 20] and step=4, but the range is not divisible by `step`. It will be replaced by [10, 18].
  warnings.warn(
C:\Users\הלל\Desktop\algo projects\trading-research-factory\walk forward engine\.venv\lib\site-packages\optuna\distributions.py:700: UserWarning: The distribution is specified by [10, 20] and step=4, but the range is not divisible by `step`. It will be replaced by [10, 18].
  warnings.warn(
[I 2026-05-13 14:34:05,724] Trial 6 finished with value: -1.12054121643198 and parameters: {'atr_period': 10, 'contraction_pct': 30.0, 'ema_fast': 10, 'ema_slow': 60, 'hold_bars': 36, 'sl_atr_multiplier': 2.0}. Best is trial 6 with value: -1.12054121643198.
[I 2026-05-13 14:34:05,740] Trial 7 finished with value: -1.63158242769796 and parameters: {'atr_period': 18, 'contraction_pct': 15.0, 'ema_fast': 30, 'ema_slow': 60, 'hold_bars': 36, 'sl_atr_multiplier': 1.5}. Best is trial 6 with value: -1.12054121643198.
C:\Users\הלל\Desktop\algo projects\trading-research-factory\walk forward engine\.venv\lib\site-packages\optuna\distributions.py:700: UserWarning: The distribution is specified by [10, 20] and step=4, but the range is not divisible by `step`. It will be replaced by [10, 18].
  warnings.warn(
[I 2026-05-13 14:34:05,972] Trial 2 finished with value: 0.7817553918293947 and parameters: {'atr_period': 14, 'contraction_pct': 20.0, 'ema_fast': 30, 'ema_slow': 40, 'hold_bars': 12, 'sl_atr_multiplier': 2.5}. Best is trial 2 with value: 0.7817553918293947.
[I 2026-05-13 14:34:05,988] Trial 5 finished with value: -1.8285771233845804 and parameters: {'atr_period': 18, 'contraction_pct': 30.0, 'ema_fast': 10, 'ema_slow': 40, 'hold_bars': 24, 'sl_atr_multiplier': 1.5}. Best is trial 2 with value: 0.7817553918293947.
C:\Users\הלל\Desktop\algo projects\trading-research-factory\walk forward engine\.venv\lib\site-packages\optuna\distributions.py:700: UserWarning: The distribution is specified by [10, 20] and step=4, but the range is not divisible by `step`. It will be replaced by [10, 18].
  warnings.warn(
[I 2026-05-13 14:34:06,046] Trial 0 finished with value: -2.239221787404846 and parameters: {'atr_period': 18, 'contraction_pct': 30.0, 'ema_fast': 30, 'ema_slow': 60, 'hold_bars': 36, 'sl_atr_multiplier': 2.5}. Best is trial 2 with value: 0.7817553918293947.
[I 2026-05-13 14:34:06,068] Trial 1 finished with value: -1.350009493219026 and parameters: {'atr_period': 18, 'contraction_pct': 30.0, 'ema_fast': 10, 'ema_slow': 50, 'hold_bars': 24, 'sl_atr_multiplier': 2.5}. Best is trial 2 with value: 0.7817553918293947.
C:\Users\הלל\Desktop\algo projects\trading-research-factory\walk forward engine\.venv\lib\site-packages\optuna\distributions.py:700: UserWarning: The distribution is specified by [10, 20] and step=4, but the range is not divisible by `step`. It will be replaced by [10, 18].
  warnings.warn(
[I 2026-05-13 14:34:06,179] Trial 4 finished with value: -0.9229873577709405 and parameters: {'atr_period': 14, 'contraction_pct': 30.0, 'ema_fast': 20, 'ema_slow': 50, 'hold_bars': 24, 'sl_atr_multiplier': 2.0}. Best is trial 2 with value: 0.7817553918293947.
C:\Users\הלל\Desktop\algo projects\trading-research-factory\walk forward engine\.venv\lib\site-packages\optuna\distributions.py:700: UserWarning: The distribution is specified by [10, 20] and step=4, but the range is not divisible by `step`. It will be replaced by [10, 18].
  warnings.warn(
[I 2026-05-13 14:34:06,224] Trial 3 finished with value: -3.1083801219888025 and parameters: {'atr_period': 18, 'contraction_pct': 15.0, 'ema_fast': 30, 'ema_slow': 40, 'hold_bars': 36, 'sl_atr_multiplier': 2.5}. Best is trial 2 with value: 0.7817553918293947.
C:\Users\הלל\Desktop\algo projects\trading-research-factory\walk forward engine\.venv\lib\site-packages\optuna\distributions.py:700: UserWarning: The distribution is specified by [10, 20] and step=4, but the range is not divisible by `step`. It will be replaced by [10, 18].
  warnings.warn(
[I 2026-05-13 14:34:08,199] Trial 11 finished with value: -1.6460284510491205 and parameters: {'atr_period': 10, 'contraction_pct': 15.0, 'ema_fast': 30, 'ema_slow': 50, 'hold_bars': 36, 'sl_atr_multiplier': 2.5}. Best is trial 2 with value: 0.7817553918293947.
C:\Users\הלל\Desktop\algo projects\trading-research-factory\walk forward engine\.venv\lib\site-packages\optuna\distributions.py:700: UserWarning: The distribution is specified by [10, 20] and step=4, but the range is not divisible by `step`. It will be replaced by [10, 18].
  warnings.warn(
[I 2026-05-13 14:34:08,436] Trial 9 finished with value: 0.006200818538042422 and parameters: {'atr_period': 10, 'contraction_pct': 30.0, 'ema_fast': 30, 'ema_slow': 50, 'hold_bars': 24, 'sl_atr_multiplier': 2.0}. Best is trial 2 with value: 0.7817553918293947.
C:\Users\הלל\Desktop\algo projects\trading-research-factory\walk forward engine\.venv\lib\site-packages\optuna\distributions.py:700: UserWarning: The distribution is specified by [10, 20] and step=4, but the range is not divisible by `step`. It will be replaced by [10, 18].
  warnings.warn(
[I 2026-05-13 14:34:08,614] Trial 12 finished with value: -1.3879626687010302 and parameters: {'atr_period': 18, 'contraction_pct': 25.0, 'ema_fast': 20, 'ema_slow': 40, 'hold_bars': 12, 'sl_atr_multiplier': 1.5}. Best is trial 2 with value: 0.7817553918293947.
C:\Users\הלל\Desktop\algo projects\trading-research-factory\walk forward engine\.venv\lib\site-packages\optuna\distributions.py:700: UserWarning: The distribution is specified by [10, 20] and step=4, but the range is not divisible by `step`. It will be replaced by [10, 18].
  warnings.warn(
[I 2026-05-13 14:34:08,828] Trial 8 finished with value: -2.118187988141048 and parameters: {'atr_period': 18, 'contraction_pct': 20.0, 'ema_fast': 10, 'ema_slow': 50, 'hold_bars': 24, 'sl_atr_multiplier': 2.5}. Best is trial 2 with value: 0.7817553918293947.
C:\Users\הלל\Desktop\algo projects\trading-research-factory\walk forward engine\.venv\lib\site-packages\optuna\distributions.py:700: UserWarning: The distribution is specified by [10, 20] and step=4, but the range is not divisible by `step`. It will be replaced by [10, 18].
  warnings.warn(
[I 2026-05-13 14:34:08,874] Trial 13 finished with value: -0.9396637591192162 and parameters: {'atr_period': 14, 'contraction_pct': 15.0, 'ema_fast': 30, 'ema_slow': 50, 'hold_bars': 24, 'sl_atr_multiplier': 2.0}. Best is trial 2 with value: 0.7817553918293947.
C:\Users\הלל\Desktop\algo projects\trading-research-factory\walk forward engine\.venv\lib\site-packages\optuna\distributions.py:700: UserWarning: The distribution is specified by [10, 20] and step=4, but the range is not divisible by `step`. It will be replaced by [10, 18].
  warnings.warn(
[I 2026-05-13 14:34:08,975] Trial 10 finished with value: -0.9864217164334504 and parameters: {'atr_period': 10, 'contraction_pct': 15.0, 'ema_fast': 30, 'ema_slow': 60, 'hold_bars': 36, 'sl_atr_multiplier': 2.5}. Best is trial 2 with value: 0.7817553918293947.
C:\Users\הלל\Desktop\algo projects\trading-research-factory\walk forward engine\.venv\lib\site-packages\optuna\distributions.py:700: UserWarning: The distribution is specified by [10, 20] and step=4, but the range is not divisible by `step`. It will be replaced by [10, 18].
  warnings.warn(
[I 2026-05-13 14:34:09,267] Trial 14 finished with value: -0.8578917097658354 and parameters: {'atr_period': 10, 'contraction_pct': 30.0, 'ema_fast': 20, 'ema_slow': 50, 'hold_bars': 36, 'sl_atr_multiplier': 2.0}. Best is trial 2 with value: 0.7817553918293947.
C:\Users\הלל\Desktop\algo projects\trading-research-factory\walk forward engine\.venv\lib\site-packages\optuna\distributions.py:700: UserWarning: The distribution is specified by [10, 20] and step=4, but the range is not divisible by `step`. It will be replaced by [10, 18].
  warnings.warn(
[I 2026-05-13 14:34:09,423] Trial 15 finished with value: 0.358024207715637 and parameters: {'atr_period': 10, 'contraction_pct': 25.0, 'ema_fast': 30, 'ema_slow': 50, 'hold_bars': 24, 'sl_atr_multiplier': 2.5}. Best is trial 2 with value: 0.7817553918293947.
C:\Users\הלל\Desktop\algo projects\trading-research-factory\walk forward engine\.venv\lib\site-packages\optuna\distributions.py:700: UserWarning: The distribution is specified by [10, 20] and step=4, but the range is not divisible by `step`. It will be replaced by [10, 18].
  warnings.warn(
[I 2026-05-13 14:34:10,957] Trial 16 finished with value: -2.546615247605169 and parameters: {'atr_period': 18, 'contraction_pct': 20.0, 'ema_fast': 30, 'ema_slow': 60, 'hold_bars': 36, 'sl_atr_multiplier': 2.0}. Best is trial 2 with value: 0.7817553918293947.
C:\Users\הלל\Desktop\algo projects\trading-research-factory\walk forward engine\.venv\lib\site-packages\optuna\distributions.py:700: UserWarning: The distribution is specified by [10, 20] and step=4, but the range is not divisible by `step`. It will be replaced by [10, 18].
  warnings.warn(
[I 2026-05-13 14:34:11,745] Trial 20 finished with value: -1.6116330759325865 and parameters: {'atr_period': 18, 'contraction_pct': 20.0, 'ema_fast': 30, 'ema_slow': 40, 'hold_bars': 12, 'sl_atr_multiplier': 2.5}. Best is trial 2 with value: 0.7817553918293947.
C:\Users\הלל\Desktop\algo projects\trading-research-factory\walk forward engine\.venv\lib\site-packages\optuna\distributions.py:700: UserWarning: The distribution is specified by [10, 20] and step=4, but the range is not divisible by `step`. It will be replaced by [10, 18].
  warnings.warn(
[I 2026-05-13 14:34:11,875] Trial 18 finished with value: -0.5640522734553851 and parameters: {'atr_period': 14, 'contraction_pct': 15.0, 'ema_fast': 30, 'ema_slow': 40, 'hold_bars': 12, 'sl_atr_multiplier': 2.5}. Best is trial 2 with value: 0.7817553918293947.
[I 2026-05-13 14:34:11,955] Trial 21 finished with value: -1.6116330759325865 and parameters: {'atr_period': 18, 'contraction_pct': 20.0, 'ema_fast': 30, 'ema_slow': 40, 'hold_bars': 12, 'sl_atr_multiplier': 2.5}. Best is trial 2 with value: 0.7817553918293947.
[I 2026-05-13 14:34:11,989] Trial 19 finished with value: 0.7817553918293947 and parameters: {'atr_period': 14, 'contraction_pct': 20.0, 'ema_fast': 30, 'ema_slow': 40, 'hold_bars': 12, 'sl_atr_multiplier': 2.5}. Best is trial 2 with value: 0.7817553918293947.
[I 2026-05-13 14:34:12,000] Trial 17 finished with value: -0.08690526551852487 and parameters: {'atr_period': 14, 'contraction_pct': 15.0, 'ema_fast': 30, 'ema_slow': 50, 'hold_bars': 12, 'sl_atr_multiplier': 2.5}. Best is trial 2 with value: 0.7817553918293947.
[I 2026-05-13 14:34:12,693] Trial 22 finished with value: 0.7817553918293947 and parameters: {'atr_period': 14, 'contraction_pct': 20.0, 'ema_fast': 30, 'ema_slow': 40, 'hold_bars': 12, 'sl_atr_multiplier': 2.5}. Best is trial 2 with value: 0.7817553918293947.
C:\Users\הלל\Desktop\algo projects\trading-research-factory\walk forward engine\.venv\lib\site-packages\optuna\distributions.py:700: UserWarning: The distribution is specified by [10, 20] and step=4, but the range is not divisible by `step`. It will be replaced by [10, 18].
  warnings.warn(
[I 2026-05-13 14:34:12,725] Trial 23 finished with value: -1.6116330759325865 and parameters: {'atr_period': 18, 'contraction_pct': 20.0, 'ema_fast': 30, 'ema_slow': 40, 'hold_bars': 12, 'sl_atr_multiplier': 2.5}. Best is trial 2 with value: 0.7817553918293947.
[I 2026-05-13 14:34:14,326] Trial 24 finished with value: 0.7817553918293947 and parameters: {'atr_period': 14, 'contraction_pct': 20.0, 'ema_fast': 30, 'ema_slow': 40, 'hold_bars': 12, 'sl_atr_multiplier': 2.5}. Best is trial 2 with value: 0.7817553918293947.
C:\Users\הלל\Desktop\algo projects\trading-research-factory\walk forward engine\.venv\lib\site-packages\optuna\distributions.py:700: UserWarning: The distribution is specified by [10, 20] and step=4, but the range is not divisible by `step`. It will be replaced by [10, 18].
  warnings.warn(
[I 2026-05-13 14:34:15,066] Trial 26 finished with value: 1.1777667377720435 and parameters: {'atr_period': 10, 'contraction_pct': 25.0, 'ema_fast': 20, 'ema_slow': 40, 'hold_bars': 12, 'sl_atr_multiplier': 2.5}. Best is trial 26 with value: 1.1777667377720435.
C:\Users\הלל\Desktop\algo projects\trading-research-factory\walk forward engine\.venv\lib\site-packages\optuna\distributions.py:700: UserWarning: The distribution is specified by [10, 20] and step=4, but the range is not divisible by `step`. It will be replaced by [10, 18].
  warnings.warn(
[I 2026-05-13 14:34:15,182] Trial 27 finished with value: 1.1777667377720435 and parameters: {'atr_period': 10, 'contraction_pct': 25.0, 'ema_fast': 20, 'ema_slow': 40, 'hold_bars': 12, 'sl_atr_multiplier': 2.5}. Best is trial 26 with value: 1.1777667377720435.
C:\Users\הלל\Desktop\algo projects\trading-research-factory\walk forward engine\.venv\lib\site-packages\optuna\distributions.py:700: UserWarning: The distribution is specified by [10, 20] and step=4, but the range is not divisible by `step`. It will be replaced by [10, 18].
  warnings.warn(
[I 2026-05-13 14:34:15,583] Trial 29 finished with value: 1.306547863078171 and parameters: {'atr_period': 10, 'contraction_pct': 25.0, 'ema_fast': 30, 'ema_slow': 60, 'hold_bars': 24, 'sl_atr_multiplier': 2.5}. Best is trial 29 with value: 1.306547863078171.
C:\Users\הלל\Desktop\algo projects\trading-research-factory\walk forward engine\.venv\lib\site-packages\optuna\distributions.py:700: UserWarning: The distribution is specified by [10, 20] and step=4, but the range is not divisible by `step`. It will be replaced by [10, 18].
  warnings.warn(
