[I 2026-05-31 16:39:03,433] Trial 14 finished with value: -9.6 and parameters: {'atr_period': 13, 'st_multiplier': 3.5, 'vol_atr_period': 26, 'vol_scale_min': 0.25, 'vol_scale_max': 2.0, 'trail_mult': 3.0}. Best is trial 9 with value: 0.3698373790246208.
C:\Users\הלל\Desktop\algo projects\trading-research-factory\walk forward engine\.venv\lib\site-packages\optuna\distributions.py:685: UserWarning: The distribution is specified by [0.2, 0.3] and step=0.04999999999999999, but the range is not divisible by `step`. It will be replaced by [0.2, 0.3].
  warnings.warn(
C:\Users\הלל\Desktop\algo projects\trading-research-factory\walk forward engine\.venv\lib\site-packages\optuna\distributions.py:700: UserWarning: The distribution is specified by [7, 20] and step=3, but the range is not divisible by `step`. It will be replaced by [7, 19].
  warnings.warn(
C:\Users\הלל\Desktop\algo projects\trading-research-factory\walk forward engine\.venv\lib\site-packages\optuna\distributions.py:700: UserWarning: The distribution is specified by [7, 20] and step=3, but the range is not divisible by `step`. It will be replaced by [7, 19].
  warnings.warn(
[I 2026-05-31 16:39:03,520] Trial 15 finished with value: -1.4091479603932249 and parameters: {'atr_period': 19, 'st_multiplier': 2.0, 'vol_atr_period': 50, 'vol_scale_min': 0.3, 'vol_scale_max': 2.0, 'trail_mult': 1.5}. Best is trial 9 with value: 0.3698373790246208.
C:\Users\הלל\Desktop\algo projects\trading-research-factory\walk forward engine\.venv\lib\site-packages\optuna\distributions.py:700: UserWarning: The distribution is specified by [7, 20] and step=3, but the range is not divisible by `step`. It will be replaced by [7, 19].
  warnings.warn(
C:\Users\הלל\Desktop\algo projects\trading-research-factory\walk forward engine\.venv\lib\site-packages\optuna\distributions.py:685: UserWarning: The distribution is specified by [0.2, 0.3] and step=0.04999999999999999, but the range is not divisible by `step`. It will be replaced by [0.2, 0.3].
  warnings.warn(
C:\Users\הלל\Desktop\algo projects\trading-research-factory\walk forward engine\.venv\lib\site-packages\optuna\distributions.py:685: UserWarning: The distribution is specified by [0.2, 0.3] and step=0.04999999999999999, but the range is not divisible by `step`. It will be replaced by [0.2, 0.3].
  warnings.warn(
[I 2026-05-31 16:39:03,730] Trial 16 finished with value: -9.9 and parameters: {'atr_period': 7, 'st_multiplier': 4.0, 'vol_atr_period': 38, 'vol_scale_min': 0.2, 'vol_scale_max': 2.0, 'trail_mult': 2.0}. Best is trial 9 with value: 0.3698373790246208.
C:\Users\הלל\Desktop\algo projects\trading-research-factory\walk forward engine\.venv\lib\site-packages\optuna\distributions.py:685: UserWarning: The distribution is specified by [0.2, 0.3] and step=0.04999999999999999, but the range is not divisible by `step`. It will be replaced by [0.2, 0.3].
  warnings.warn(
C:\Users\הלל\Desktop\algo projects\trading-research-factory\walk forward engine\.venv\lib\site-packages\optuna\distributions.py:700: UserWarning: The distribution is specified by [7, 20] and step=3, but the range is not divisible by `step`. It will be replaced by [7, 19].
  warnings.warn(
C:\Users\הלל\Desktop\algo projects\trading-research-factory\walk forward engine\.venv\lib\site-packages\optuna\distributions.py:685: UserWarning: The distribution is specified by [0.2, 0.3] and step=0.04999999999999999, but the range is not divisible by `step`. It will be replaced by [0.2, 0.3].
  warnings.warn(
C:\Users\הלל\Desktop\algo projects\trading-research-factory\walk forward engine\.venv\lib\site-packages\optuna\distributions.py:685: UserWarning: The distribution is specified by [0.2, 0.3] and step=0.04999999999999999, but the range is not divisible by `step`. It will be replaced by [0.2, 0.3].
  warnings.warn(
[I 2026-05-31 16:39:04,420] Trial 17 finished with value: -1.007910709709411 and parameters: {'atr_period': 7, 'st_multiplier': 2.5, 'vol_atr_period': 38, 'vol_scale_min': 0.25, 'vol_scale_max': 2.5, 'trail_mult': 3.0}. Best is trial 9 with value: 0.3698373790246208.
[I 2026-05-31 16:39:04,489] Trial 19 finished with value: 0.05341204770751214 and parameters: {'atr_period': 7, 'st_multiplier': 2.0, 'vol_atr_period': 50, 'vol_scale_min': 0.2, 'vol_scale_max': 2.5, 'trail_mult': 3.0}. Best is trial 9 with value: 0.3698373790246208.
[I 2026-05-31 16:39:04,514] Trial 18 finished with value: -0.1071168940756808 and parameters: {'atr_period': 13, 'st_multiplier': 2.0, 'vol_atr_period': 14, 'vol_scale_min': 0.2, 'vol_scale_max': 2.0, 'trail_mult': 3.0}. Best is trial 9 with value: 0.3698373790246208.
[I 2026-05-31 16:39:04,649] Trial 23 finished with value: -0.028240888198372463 and parameters: {'atr_period': 10, 'st_multiplier': 2.0, 'vol_atr_period': 14, 'vol_scale_min': 0.2, 'vol_scale_max': 2.0, 'trail_mult': 3.0}. Best is trial 9 with value: 0.3698373790246208.
[I 2026-05-31 16:39:04,743] Trial 20 finished with value: -0.9565181017917279 and parameters: {'atr_period': 7, 'st_multiplier': 2.5, 'vol_atr_period': 44, 'vol_scale_min': 0.2, 'vol_scale_max': 2.5, 'trail_mult': 3.0}. Best is trial 9 with value: 0.3698373790246208.
[I 2026-05-31 16:39:04,757] Trial 22 finished with value: -0.9160257388512837 and parameters: {'atr_period': 7, 'st_multiplier': 2.5, 'vol_atr_period': 50, 'vol_scale_min': 0.2, 'vol_scale_max': 2.5, 'trail_mult': 3.0}. Best is trial 9 with value: 0.3698373790246208.
[I 2026-05-31 16:39:04,778] Trial 24 finished with value: 0.27554211897792985 and parameters: {'atr_period': 13, 'st_multiplier': 2.0, 'vol_atr_period': 26, 'vol_scale_min': 0.2, 'vol_scale_max': 2.0, 'trail_mult': 3.0}. Best is trial 9 with value: 0.3698373790246208.
[I 2026-05-31 16:39:04,810] Trial 21 finished with value: -0.9160257388512837 and parameters: {'atr_period': 7, 'st_multiplier': 2.5, 'vol_atr_period': 50, 'vol_scale_min': 0.2, 'vol_scale_max': 2.5, 'trail_mult': 3.0}. Best is trial 9 with value: 0.3698373790246208.
C:\Users\הלל\Desktop\algo projects\trading-research-factory\walk forward engine\.venv\lib\site-packages\optuna\samplers\_tpe\sampler.py:319: ExperimentalWarning: ``multivariate`` option is an experimental feature. The interface can change in the future.
  warnings.warn(
[I 2026-05-31 16:39:04,971] A new study created in memory with name: no-name-4cd4e340-006b-4a61-a9e2-332e82bf2d42
C:\Users\הלל\Desktop\algo projects\trading-research-factory\walk forward engine\.venv\lib\site-packages\optuna\distributions.py:700: UserWarning: The distribution is specified by [7, 20] and step=3, but the range is not divisible by `step`. It will be replaced by [7, 19].
  warnings.warn(
C:\Users\הלל\Desktop\algo projects\trading-research-factory\walk forward engine\.venv\lib\site-packages\optuna\distributions.py:685: UserWarning: The distribution is specified by [0.2, 0.3] and step=0.04999999999999999, but the range is not divisible by `step`. It will be replaced by [0.2, 0.3].
  warnings.warn(
C:\Users\הלל\Desktop\algo projects\trading-research-factory\walk forward engine\.venv\lib\site-packages\optuna\distributions.py:700: UserWarning: The distribution is specified by [7, 20] and step=3, but the range is not divisible by `step`. It will be replaced by [7, 19].
  warnings.warn(
C:\Users\הלל\Desktop\algo projects\trading-research-factory\walk forward engine\.venv\lib\site-packages\optuna\distributions.py:685: UserWarning: The distribution is specified by [0.2, 0.3] and step=0.04999999999999999, but the range is not divisible by `step`. It will be replaced by [0.2, 0.3].
  warnings.warn(
C:\Users\הלל\Desktop\algo projects\trading-research-factory\walk forward engine\.venv\lib\site-packages\optuna\distributions.py:700: UserWarning: The distribution is specified by [7, 20] and step=3, but the range is not divisible by `step`. It will be replaced by [7, 19].
  warnings.warn(
C:\Users\הלל\Desktop\algo projects\trading-research-factory\walk forward engine\.venv\lib\site-packages\optuna\distributions.py:685: UserWarning: The distribution is specified by [0.2, 0.3] and step=0.04999999999999999, but the range is not divisible by `step`. It will be replaced by [0.2, 0.3].
  warnings.warn(
[I 2026-05-31 16:39:05,659] Trial 0 finished with value: 0.2898099306214804 and parameters: {'atr_period': 13, 'st_multiplier': 3.0, 'vol_atr_period': 32, 'vol_scale_min': 0.3, 'vol_scale_max': 1.5, 'trail_mult': 2.5}. Best is trial 0 with value: 0.2898099306214804.
[I 2026-05-31 16:39:05,675] Trial 1 finished with value: -9.7 and parameters: {'atr_period': 7, 'st_multiplier': 4.0, 'vol_atr_period': 38, 'vol_scale_min': 0.25, 'vol_scale_max': 1.5, 'trail_mult': 2.0}. Best is trial 0 with value: 0.2898099306214804.
[I 2026-05-31 16:39:05,691] Trial 3 finished with value: 0.4591861568395542 and parameters: {'atr_period': 10, 'st_multiplier': 3.0, 'vol_atr_period': 20, 'vol_scale_min': 0.3, 'vol_scale_max': 2.5, 'trail_mult': 1.5}. Best is trial 3 with value: 0.4591861568395542.
C:\Users\הלל\Desktop\algo projects\trading-research-factory\walk forward engine\.venv\lib\site-packages\optuna\distributions.py:700: UserWarning: The distribution is specified by [7, 20] and step=3, but the range is not divisible by `step`. It will be replaced by [7, 19].
  warnings.warn(
[I 2026-05-31 16:39:05,778] Trial 4 finished with value: -9.8 and parameters: {'atr_period': 16, 'st_multiplier': 4.0, 'vol_atr_period': 32, 'vol_scale_min': 0.2, 'vol_scale_max': 1.5, 'trail_mult': 2.5}. Best is trial 3 with value: 0.4591861568395542.
[I 2026-05-31 16:39:05,795] Trial 2 finished with value: -0.16708309612556543 and parameters: {'atr_period': 10, 'st_multiplier': 2.0, 'vol_atr_period': 14, 'vol_scale_min': 0.25, 'vol_scale_max': 1.5, 'trail_mult': 2.0}. Best is trial 3 with value: 0.4591861568395542.
C:\Users\הלל\Desktop\algo projects\trading-research-factory\walk forward engine\.venv\lib\site-packages\optuna\distributions.py:685: UserWarning: The distribution is specified by [0.2, 0.3] and step=0.04999999999999999, but the range is not divisible by `step`. It will be replaced by [0.2, 0.3].
  warnings.warn(
[I 2026-05-31 16:39:05,825] Trial 6 finished with value: 0.38060750283480727 and parameters: {'atr_period': 13, 'st_multiplier': 3.0, 'vol_atr_period': 38, 'vol_scale_min': 0.2, 'vol_scale_max': 1.5, 'trail_mult': 2.0}. Best is trial 3 with value: 0.4591861568395542.
[I 2026-05-31 16:39:05,859] Trial 5 finished with value: -1.7509190044256568 and parameters: {'atr_period': 13, 'st_multiplier': 2.5, 'vol_atr_period': 14, 'vol_scale_min': 0.2, 'vol_scale_max': 1.5, 'trail_mult': 3.0}. Best is trial 3 with value: 0.4591861568395542.
[I 2026-05-31 16:39:05,907] Trial 7 finished with value: -9.8 and parameters: {'atr_period': 16, 'st_multiplier': 4.0, 'vol_atr_period': 32, 'vol_scale_min': 0.3, 'vol_scale_max': 2.5, 'trail_mult': 2.5}. Best is trial 3 with value: 0.4591861568395542.
C:\Users\הלל\Desktop\algo projects\trading-research-factory\walk forward engine\.venv\lib\site-packages\optuna\distributions.py:700: UserWarning: The distribution is specified by [7, 20] and step=3, but the range is not divisible by `step`. It will be replaced by [7, 19].
  warnings.warn(
C:\Users\הלל\Desktop\algo projects\trading-research-factory\walk forward engine\.venv\lib\site-packages\optuna\distributions.py:685: UserWarning: The distribution is specified by [0.2, 0.3] and step=0.04999999999999999, but the range is not divisible by `step`. It will be replaced by [0.2, 0.3].
  warnings.warn(
C:\Users\הלל\Desktop\algo projects\trading-research-factory\walk forward engine\.venv\lib\site-packages\optuna\distributions.py:685: UserWarning: The distribution is specified by [0.2, 0.3] and step=0.04999999999999999, but the range is not divisible by `step`. It will be replaced by [0.2, 0.3].
  warnings.warn(
C:\Users\הלל\Desktop\algo projects\trading-research-factory\walk forward engine\.venv\lib\site-packages\optuna\distributions.py:685: UserWarning: The distribution is specified by [0.2, 0.3] and step=0.04999999999999999, but the range is not divisible by `step`. It will be replaced by [0.2, 0.3].
  warnings.warn(
[I 2026-05-31 16:39:06,392] Trial 10 finished with value: -1.6061543863686363 and parameters: {'atr_period': 19, 'st_multiplier': 4.0, 'vol_atr_period': 20, 'vol_scale_min': 0.3, 'vol_scale_max': 1.5, 'trail_mult': 3.0}. Best is trial 3 with value: 0.4591861568395542.
C:\Users\הלל\Desktop\algo projects\trading-research-factory\walk forward engine\.venv\lib\site-packages\optuna\distributions.py:700: UserWarning: The distribution is specified by [7, 20] and step=3, but the range is not divisible by `step`. It will be replaced by [7, 19].
  warnings.warn(
C:\Users\הלל\Desktop\algo projects\trading-research-factory\walk forward engine\.venv\lib\site-packages\optuna\distributions.py:685: UserWarning: The distribution is specified by [0.2, 0.3] and step=0.04999999999999999, but the range is not divisible by `step`. It will be replaced by [0.2, 0.3].
  warnings.warn(
[I 2026-05-31 16:39:06,774] Trial 11 finished with value: -1.2521758031678996 and parameters: {'atr_period': 13, 'st_multiplier': 2.5, 'vol_atr_period': 44, 'vol_scale_min': 0.25, 'vol_scale_max': 1.5, 'trail_mult': 2.5}. Best is trial 3 with value: 0.4591861568395542.
[I 2026-05-31 16:39:06,783] Trial 8 finished with value: -2.2616408551813 and parameters: {'atr_period': 13, 'st_multiplier': 2.0, 'vol_atr_period': 32, 'vol_scale_min': 0.25, 'vol_scale_max': 2.5, 'trail_mult': 1.5}. Best is trial 3 with value: 0.4591861568395542.
[I 2026-05-31 16:39:06,807] Trial 12 finished with value: -9.8 and parameters: {'atr_period': 16, 'st_multiplier': 4.0, 'vol_atr_period': 44, 'vol_scale_min': 0.2, 'vol_scale_max': 2.5, 'trail_mult': 3.0}. Best is trial 3 with value: 0.4591861568395542.
C:\Users\הלל\Desktop\algo projects\trading-research-factory\walk forward engine\.venv\lib\site-packages\optuna\distributions.py:700: UserWarning: The distribution is specified by [7, 20] and step=3, but the range is not divisible by `step`. It will be replaced by [7, 19].
  warnings.warn(
[I 2026-05-31 16:39:06,894] Trial 13 finished with value: -0.23136171557198865 and parameters: {'atr_period': 13, 'st_multiplier': 3.5, 'vol_atr_period': 50, 'vol_scale_min': 0.3, 'vol_scale_max': 2.0, 'trail_mult': 2.0}. Best is trial 3 with value: 0.4591861568395542.
C:\Users\הלל\Desktop\algo projects\trading-research-factory\walk forward engine\.venv\lib\site-packages\optuna\distributions.py:700: UserWarning: The distribution is specified by [7, 20] and step=3, but the range is not divisible by `step`. It will be replaced by [7, 19].
  warnings.warn(
[I 2026-05-31 16:39:06,930] Trial 9 finished with value: -0.14926685857088964 and parameters: {'atr_period': 19, 'st_multiplier': 2.0, 'vol_atr_period': 26, 'vol_scale_min': 0.2, 'vol_scale_max': 2.0, 'trail_mult': 1.5}. Best is trial 3 with value: 0.4591861568395542.
[I 2026-05-31 16:39:06,958] Trial 14 finished with value: -9.8 and parameters: {'atr_period': 16, 'st_multiplier': 4.0, 'vol_atr_period': 38, 'vol_scale_min': 0.3, 'vol_scale_max': 2.5, 'trail_mult': 1.5}. Best is trial 3 with value: 0.4591861568395542.
C:\Users\הלל\Desktop\algo projects\trading-research-factory\walk forward engine\.venv\lib\site-packages\optuna\distributions.py:685: UserWarning: The distribution is specified by [0.2, 0.3] and step=0.04999999999999999, but the range is not divisible by `step`. It will be replaced by [0.2, 0.3].
  warnings.warn(
C:\Users\הלל\Desktop\algo projects\trading-research-factory\walk forward engine\.venv\lib\site-packages\optuna\distributions.py:685: UserWarning: The distribution is specified by [0.2, 0.3] and step=0.04999999999999999, but the range is not divisible by `step`. It will be replaced by [0.2, 0.3].
  warnings.warn(
C:\Users\הלל\Desktop\algo projects\trading-research-factory\walk forward engine\.venv\lib\site-packages\optuna\distributions.py:685: UserWarning: The distribution is specified by [0.2, 0.3] and step=0.04999999999999999, but the range is not divisible by `step`. It will be replaced by [0.2, 0.3].
  warnings.warn(
[I 2026-05-31 16:39:07,282] Trial 15 finished with value: -0.8078832150112177 and parameters: {'atr_period': 19, 'st_multiplier': 4.0, 'vol_atr_period': 26, 'vol_scale_min': 0.3, 'vol_scale_max': 2.0, 'trail_mult': 1.5}. Best is trial 3 with value: 0.4591861568395542.
C:\Users\הלל\Desktop\algo projects\trading-research-factory\walk forward engine\.venv\lib\site-packages\optuna\distributions.py:700: UserWarning: The distribution is specified by [7, 20] and step=3, but the range is not divisible by `step`. It will be replaced by [7, 19].
  warnings.warn(
C:\Users\הלל\Desktop\algo projects\trading-research-factory\walk forward engine\.venv\lib\site-packages\optuna\distributions.py:685: UserWarning: The distribution is specified by [0.2, 0.3] and step=0.04999999999999999, but the range is not divisible by `step`. It will be replaced by [0.2, 0.3].
  warnings.warn(
C:\Users\הלל\Desktop\algo projects\trading-research-factory\walk forward engine\.venv\lib\site-packages\optuna\distributions.py:685: UserWarning: The distribution is specified by [0.2, 0.3] and step=0.04999999999999999, but the range is not divisible by `step`. It will be replaced by [0.2, 0.3].
  warnings.warn(
[I 2026-05-31 16:39:07,629] Trial 16 finished with value: 0.08515974898715414 and parameters: {'atr_period': 10, 'st_multiplier': 2.0, 'vol_atr_period': 14, 'vol_scale_min': 0.25, 'vol_scale_max': 2.0, 'trail_mult': 1.5}. Best is trial 3 with value: 0.4591861568395542.
C:\Users\הלל\Desktop\algo projects\trading-research-factory\walk forward engine\.venv\lib\site-packages\optuna\distributions.py:685: UserWarning: The distribution is specified by [0.2, 0.3] and step=0.04999999999999999, but the range is not divisible by `step`. It will be replaced by [0.2, 0.3].
  warnings.warn(
C:\Users\הלל\Desktop\algo projects\trading-research-factory\walk forward engine\.venv\lib\site-packages\optuna\distributions.py:700: UserWarning: The distribution is specified by [7, 20] and step=3, but the range is not divisible by `step`. It will be replaced by [7, 19].
  warnings.warn(
C:\Users\הלל\Desktop\algo projects\trading-research-factory\walk forward engine\.venv\lib\site-packages\optuna\distributions.py:685: UserWarning: The distribution is specified by [0.2, 0.3] and step=0.04999999999999999, but the range is not divisible by `step`. It will be replaced by [0.2, 0.3].
  warnings.warn(
[I 2026-05-31 16:39:08,408] Trial 17 finished with value: -9.8 and parameters: {'atr_period': 10, 'st_multiplier': 4.0, 'vol_atr_period': 14, 'vol_scale_min': 0.25, 'vol_scale_max': 2.5, 'trail_mult': 1.5}. Best is trial 3 with value: 0.4591861568395542.
[I 2026-05-31 16:39:08,474] Trial 19 finished with value: -0.1997268091925506 and parameters: {'atr_period': 7, 'st_multiplier': 3.5, 'vol_atr_period': 14, 'vol_scale_min': 0.3, 'vol_scale_max': 2.5, 'trail_mult': 1.5}. Best is trial 3 with value: 0.4591861568395542.
[I 2026-05-31 16:39:08,498] Trial 18 finished with value: -0.1444793580967111 and parameters: {'atr_period': 13, 'st_multiplier': 3.5, 'vol_atr_period': 20, 'vol_scale_min': 0.3, 'vol_scale_max': 2.5, 'trail_mult': 1.5}. Best is trial 3 with value: 0.4591861568395542.
[I 2026-05-31 16:39:08,591] Trial 20 finished with value: -9.7 and parameters: {'atr_period': 7, 'st_multiplier': 4.0, 'vol_atr_period': 14, 'vol_scale_min': 0.3, 'vol_scale_max': 2.5, 'trail_mult': 1.5}. Best is trial 3 with value: 0.4591861568395542.
[I 2026-05-31 16:39:08,614] Trial 22 finished with value: 0.4591861568395542 and parameters: {'atr_period': 10, 'st_multiplier': 3.0, 'vol_atr_period': 20, 'vol_scale_min': 0.3, 'vol_scale_max': 2.5, 'trail_mult': 1.5}. Best is trial 3 with value: 0.4591861568395542.
[I 2026-05-31 16:39:08,630] Trial 21 finished with value: -0.1997268091925506 and parameters: {'atr_period': 7, 'st_multiplier': 3.5, 'vol_atr_period': 14, 'vol_scale_min': 0.3, 'vol_scale_max': 2.5, 'trail_mult': 1.5}. Best is trial 3 with value: 0.4591861568395542.
[I 2026-05-31 16:39:08,646] Trial 23 finished with value: -0.1997268091925506 and parameters: {'atr_period': 13, 'st_multiplier': 3.5, 'vol_atr_period': 14, 'vol_scale_min': 0.3, 'vol_scale_max': 2.5, 'trail_mult': 1.5}. Best is trial 3 with value: 0.4591861568395542.
