[I 2026-05-31 16:40:57,674] Trial 14 finished with value: -0.8163724109810343 and parameters: {'atr_period': 19, 'st_multiplier': 3.5, 'vol_atr_period': 44, 'vol_scale_min': 0.25, 'vol_scale_max': 1.5, 'trail_mult': 2.5}. Best is trial 13 with value: 0.7183284516604226.
C:\Users\הלל\Desktop\algo projects\trading-research-factory\walk forward engine\.venv\lib\site-packages\optuna\distributions.py:700: UserWarning: The distribution is specified by [7, 20] and step=3, but the range is not divisible by `step`. It will be replaced by [7, 19].
  warnings.warn(
C:\Users\הלל\Desktop\algo projects\trading-research-factory\walk forward engine\.venv\lib\site-packages\optuna\distributions.py:685: UserWarning: The distribution is specified by [0.2, 0.3] and step=0.04999999999999999, but the range is not divisible by `step`. It will be replaced by [0.2, 0.3].
  warnings.warn(
C:\Users\הלל\Desktop\algo projects\trading-research-factory\walk forward engine\.venv\lib\site-packages\optuna\distributions.py:685: UserWarning: The distribution is specified by [0.2, 0.3] and step=0.04999999999999999, but the range is not divisible by `step`. It will be replaced by [0.2, 0.3].
  warnings.warn(
C:\Users\הלל\Desktop\algo projects\trading-research-factory\walk forward engine\.venv\lib\site-packages\optuna\distributions.py:685: UserWarning: The distribution is specified by [0.2, 0.3] and step=0.04999999999999999, but the range is not divisible by `step`. It will be replaced by [0.2, 0.3].
  warnings.warn(
C:\Users\הלל\Desktop\algo projects\trading-research-factory\walk forward engine\.venv\lib\site-packages\optuna\distributions.py:685: UserWarning: The distribution is specified by [0.2, 0.3] and step=0.04999999999999999, but the range is not divisible by `step`. It will be replaced by [0.2, 0.3].
  warnings.warn(
C:\Users\הלל\Desktop\algo projects\trading-research-factory\walk forward engine\.venv\lib\site-packages\optuna\distributions.py:685: UserWarning: The distribution is specified by [0.2, 0.3] and step=0.04999999999999999, but the range is not divisible by `step`. It will be replaced by [0.2, 0.3].
  warnings.warn(
[I 2026-05-31 16:40:58,449] Trial 16 finished with value: -0.5385063586947113 and parameters: {'atr_period': 19, 'st_multiplier': 3.5, 'vol_atr_period': 44, 'vol_scale_min': 0.25, 'vol_scale_max': 1.5, 'trail_mult': 1.5}. Best is trial 13 with value: 0.7183284516604226.
C:\Users\הלל\Desktop\algo projects\trading-research-factory\walk forward engine\.venv\lib\site-packages\optuna\distributions.py:700: UserWarning: The distribution is specified by [7, 20] and step=3, but the range is not divisible by `step`. It will be replaced by [7, 19].
  warnings.warn(
[I 2026-05-31 16:40:58,598] Trial 17 finished with value: 0.8173105357359097 and parameters: {'atr_period': 10, 'st_multiplier': 2.5, 'vol_atr_period': 32, 'vol_scale_min': 0.3, 'vol_scale_max': 1.5, 'trail_mult': 1.5}. Best is trial 17 with value: 0.8173105357359097.
[I 2026-05-31 16:40:58,685] Trial 18 finished with value: -0.679090003264825 and parameters: {'atr_period': 7, 'st_multiplier': 3.5, 'vol_atr_period': 26, 'vol_scale_min': 0.25, 'vol_scale_max': 1.5, 'trail_mult': 2.0}. Best is trial 17 with value: 0.8173105357359097.
C:\Users\הלל\Desktop\algo projects\trading-research-factory\walk forward engine\.venv\lib\site-packages\optuna\distributions.py:685: UserWarning: The distribution is specified by [0.2, 0.3] and step=0.04999999999999999, but the range is not divisible by `step`. It will be replaced by [0.2, 0.3].
  warnings.warn(
[I 2026-05-31 16:40:58,872] Trial 23 finished with value: 0.7206753919920685 and parameters: {'atr_period': 13, 'st_multiplier': 2.5, 'vol_atr_period': 38, 'vol_scale_min': 0.2, 'vol_scale_max': 2.5, 'trail_mult': 1.5}. Best is trial 17 with value: 0.8173105357359097.
[I 2026-05-31 16:40:58,888] Trial 19 finished with value: 0.6717275935306531 and parameters: {'atr_period': 13, 'st_multiplier': 2.5, 'vol_atr_period': 20, 'vol_scale_min': 0.3, 'vol_scale_max': 2.0, 'trail_mult': 1.5}. Best is trial 17 with value: 0.8173105357359097.
[I 2026-05-31 16:40:59,047] Trial 22 finished with value: -0.9999709462389909 and parameters: {'atr_period': 13, 'st_multiplier': 3.0, 'vol_atr_period': 38, 'vol_scale_min': 0.2, 'vol_scale_max': 2.5, 'trail_mult': 1.5}. Best is trial 17 with value: 0.8173105357359097.
[I 2026-05-31 16:40:59,097] Trial 20 finished with value: 0.3378864426683708 and parameters: {'atr_period': 16, 'st_multiplier': 2.0, 'vol_atr_period': 38, 'vol_scale_min': 0.2, 'vol_scale_max': 2.5, 'trail_mult': 1.5}. Best is trial 17 with value: 0.8173105357359097.
[I 2026-05-31 16:40:59,143] Trial 21 finished with value: 0.3513969049164457 and parameters: {'atr_period': 13, 'st_multiplier': 2.5, 'vol_atr_period': 14, 'vol_scale_min': 0.3, 'vol_scale_max': 1.5, 'trail_mult': 2.0}. Best is trial 17 with value: 0.8173105357359097.
[I 2026-05-31 16:40:59,240] Trial 24 finished with value: 0.4836521847466604 and parameters: {'atr_period': 16, 'st_multiplier': 2.5, 'vol_atr_period': 20, 'vol_scale_min': 0.3, 'vol_scale_max': 2.0, 'trail_mult': 1.5}. Best is trial 17 with value: 0.8173105357359097.
C:\Users\הלל\Desktop\algo projects\trading-research-factory\walk forward engine\.venv\lib\site-packages\optuna\samplers\_tpe\sampler.py:319: ExperimentalWarning: ``multivariate`` option is an experimental feature. The interface can change in the future.
  warnings.warn(
[I 2026-05-31 16:40:59,477] A new study created in memory with name: no-name-9e60aef7-8842-4ef2-adbd-92061fcf5eff
C:\Users\הלל\Desktop\algo projects\trading-research-factory\walk forward engine\.venv\lib\site-packages\optuna\distributions.py:700: UserWarning: The distribution is specified by [7, 20] and step=3, but the range is not divisible by `step`. It will be replaced by [7, 19].
  warnings.warn(
C:\Users\הלל\Desktop\algo projects\trading-research-factory\walk forward engine\.venv\lib\site-packages\optuna\distributions.py:685: UserWarning: The distribution is specified by [0.2, 0.3] and step=0.04999999999999999, but the range is not divisible by `step`. It will be replaced by [0.2, 0.3].
  warnings.warn(
C:\Users\הלל\Desktop\algo projects\trading-research-factory\walk forward engine\.venv\lib\site-packages\optuna\distributions.py:700: UserWarning: The distribution is specified by [7, 20] and step=3, but the range is not divisible by `step`. It will be replaced by [7, 19].
  warnings.warn(
C:\Users\הלל\Desktop\algo projects\trading-research-factory\walk forward engine\.venv\lib\site-packages\optuna\distributions.py:685: UserWarning: The distribution is specified by [0.2, 0.3] and step=0.04999999999999999, but the range is not divisible by `step`. It will be replaced by [0.2, 0.3].
  warnings.warn(
C:\Users\הלל\Desktop\algo projects\trading-research-factory\walk forward engine\.venv\lib\site-packages\optuna\distributions.py:685: UserWarning: The distribution is specified by [0.2, 0.3] and step=0.04999999999999999, but the range is not divisible by `step`. It will be replaced by [0.2, 0.3].
  warnings.warn(
C:\Users\הלל\Desktop\algo projects\trading-research-factory\walk forward engine\.venv\lib\site-packages\optuna\distributions.py:685: UserWarning: The distribution is specified by [0.2, 0.3] and step=0.04999999999999999, but the range is not divisible by `step`. It will be replaced by [0.2, 0.3].
  warnings.warn(
[I 2026-05-31 16:41:00,033] Trial 3 finished with value: -0.06908047036429497 and parameters: {'atr_period': 7, 'st_multiplier': 3.0, 'vol_atr_period': 50, 'vol_scale_min': 0.2, 'vol_scale_max': 2.5, 'trail_mult': 2.5}. Best is trial 3 with value: -0.06908047036429497.
C:\Users\הלל\Desktop\algo projects\trading-research-factory\walk forward engine\.venv\lib\site-packages\optuna\distributions.py:700: UserWarning: The distribution is specified by [7, 20] and step=3, but the range is not divisible by `step`. It will be replaced by [7, 19].
  warnings.warn(
C:\Users\הלל\Desktop\algo projects\trading-research-factory\walk forward engine\.venv\lib\site-packages\optuna\distributions.py:685: UserWarning: The distribution is specified by [0.2, 0.3] and step=0.04999999999999999, but the range is not divisible by `step`. It will be replaced by [0.2, 0.3].
  warnings.warn(
[I 2026-05-31 16:41:00,224] Trial 0 finished with value: 0.00539912016265921 and parameters: {'atr_period': 7, 'st_multiplier': 2.5, 'vol_atr_period': 26, 'vol_scale_min': 0.25, 'vol_scale_max': 2.5, 'trail_mult': 2.0}. Best is trial 0 with value: 0.00539912016265921.
C:\Users\הלל\Desktop\algo projects\trading-research-factory\walk forward engine\.venv\lib\site-packages\optuna\distributions.py:700: UserWarning: The distribution is specified by [7, 20] and step=3, but the range is not divisible by `step`. It will be replaced by [7, 19].
  warnings.warn(
C:\Users\הלל\Desktop\algo projects\trading-research-factory\walk forward engine\.venv\lib\site-packages\optuna\distributions.py:685: UserWarning: The distribution is specified by [0.2, 0.3] and step=0.04999999999999999, but the range is not divisible by `step`. It will be replaced by [0.2, 0.3].
  warnings.warn(
[I 2026-05-31 16:41:00,352] Trial 4 finished with value: -0.3357943896347474 and parameters: {'atr_period': 7, 'st_multiplier': 3.0, 'vol_atr_period': 20, 'vol_scale_min': 0.3, 'vol_scale_max': 2.5, 'trail_mult': 3.0}. Best is trial 0 with value: 0.00539912016265921.
C:\Users\הלל\Desktop\algo projects\trading-research-factory\walk forward engine\.venv\lib\site-packages\optuna\distributions.py:700: UserWarning: The distribution is specified by [7, 20] and step=3, but the range is not divisible by `step`. It will be replaced by [7, 19].
  warnings.warn(
C:\Users\הלל\Desktop\algo projects\trading-research-factory\walk forward engine\.venv\lib\site-packages\optuna\distributions.py:685: UserWarning: The distribution is specified by [0.2, 0.3] and step=0.04999999999999999, but the range is not divisible by `step`. It will be replaced by [0.2, 0.3].
  warnings.warn(
[I 2026-05-31 16:41:00,426] Trial 2 finished with value: -1.192663186674299 and parameters: {'atr_period': 16, 'st_multiplier': 3.5, 'vol_atr_period': 50, 'vol_scale_min': 0.3, 'vol_scale_max': 2.5, 'trail_mult': 3.0}. Best is trial 0 with value: 0.00539912016265921.
C:\Users\הלל\Desktop\algo projects\trading-research-factory\walk forward engine\.venv\lib\site-packages\optuna\distributions.py:700: UserWarning: The distribution is specified by [7, 20] and step=3, but the range is not divisible by `step`. It will be replaced by [7, 19].
  warnings.warn(
C:\Users\הלל\Desktop\algo projects\trading-research-factory\walk forward engine\.venv\lib\site-packages\optuna\distributions.py:685: UserWarning: The distribution is specified by [0.2, 0.3] and step=0.04999999999999999, but the range is not divisible by `step`. It will be replaced by [0.2, 0.3].
  warnings.warn(
[I 2026-05-31 16:41:00,526] Trial 6 finished with value: -0.7680657247827061 and parameters: {'atr_period': 7, 'st_multiplier': 2.0, 'vol_atr_period': 14, 'vol_scale_min': 0.2, 'vol_scale_max': 2.0, 'trail_mult': 1.5}. Best is trial 0 with value: 0.00539912016265921.
[I 2026-05-31 16:41:00,542] Trial 1 finished with value: 0.6357634351436114 and parameters: {'atr_period': 19, 'st_multiplier': 2.0, 'vol_atr_period': 14, 'vol_scale_min': 0.2, 'vol_scale_max': 2.0, 'trail_mult': 2.5}. Best is trial 1 with value: 0.6357634351436114.
C:\Users\הלל\Desktop\algo projects\trading-research-factory\walk forward engine\.venv\lib\site-packages\optuna\distributions.py:700: UserWarning: The distribution is specified by [7, 20] and step=3, but the range is not divisible by `step`. It will be replaced by [7, 19].
  warnings.warn(
C:\Users\הלל\Desktop\algo projects\trading-research-factory\walk forward engine\.venv\lib\site-packages\optuna\distributions.py:685: UserWarning: The distribution is specified by [0.2, 0.3] and step=0.04999999999999999, but the range is not divisible by `step`. It will be replaced by [0.2, 0.3].
  warnings.warn(
C:\Users\הלל\Desktop\algo projects\trading-research-factory\walk forward engine\.venv\lib\site-packages\optuna\distributions.py:700: UserWarning: The distribution is specified by [7, 20] and step=3, but the range is not divisible by `step`. It will be replaced by [7, 19].
  warnings.warn(
C:\Users\הלל\Desktop\algo projects\trading-research-factory\walk forward engine\.venv\lib\site-packages\optuna\distributions.py:685: UserWarning: The distribution is specified by [0.2, 0.3] and step=0.04999999999999999, but the range is not divisible by `step`. It will be replaced by [0.2, 0.3].
  warnings.warn(
[I 2026-05-31 16:41:00,647] Trial 5 finished with value: 1.471885438383955 and parameters: {'atr_period': 19, 'st_multiplier': 2.5, 'vol_atr_period': 50, 'vol_scale_min': 0.2, 'vol_scale_max': 2.0, 'trail_mult': 2.0}. Best is trial 5 with value: 1.471885438383955.
C:\Users\הלל\Desktop\algo projects\trading-research-factory\walk forward engine\.venv\lib\site-packages\optuna\distributions.py:700: UserWarning: The distribution is specified by [7, 20] and step=3, but the range is not divisible by `step`. It will be replaced by [7, 19].
  warnings.warn(
C:\Users\הלל\Desktop\algo projects\trading-research-factory\walk forward engine\.venv\lib\site-packages\optuna\distributions.py:685: UserWarning: The distribution is specified by [0.2, 0.3] and step=0.04999999999999999, but the range is not divisible by `step`. It will be replaced by [0.2, 0.3].
  warnings.warn(
[I 2026-05-31 16:41:00,700] Trial 7 finished with value: -0.1803999823732031 and parameters: {'atr_period': 13, 'st_multiplier': 2.5, 'vol_atr_period': 44, 'vol_scale_min': 0.3, 'vol_scale_max': 2.5, 'trail_mult': 2.0}. Best is trial 5 with value: 1.471885438383955.
C:\Users\הלל\Desktop\algo projects\trading-research-factory\walk forward engine\.venv\lib\site-packages\optuna\distributions.py:700: UserWarning: The distribution is specified by [7, 20] and step=3, but the range is not divisible by `step`. It will be replaced by [7, 19].
  warnings.warn(
C:\Users\הלל\Desktop\algo projects\trading-research-factory\walk forward engine\.venv\lib\site-packages\optuna\distributions.py:685: UserWarning: The distribution is specified by [0.2, 0.3] and step=0.04999999999999999, but the range is not divisible by `step`. It will be replaced by [0.2, 0.3].
  warnings.warn(
[I 2026-05-31 16:41:01,067] Trial 8 finished with value: -9.6 and parameters: {'atr_period': 13, 'st_multiplier': 3.5, 'vol_atr_period': 14, 'vol_scale_min': 0.2, 'vol_scale_max': 2.5, 'trail_mult': 2.5}. Best is trial 5 with value: 1.471885438383955.
C:\Users\הלל\Desktop\algo projects\trading-research-factory\walk forward engine\.venv\lib\site-packages\optuna\distributions.py:700: UserWarning: The distribution is specified by [7, 20] and step=3, but the range is not divisible by `step`. It will be replaced by [7, 19].
  warnings.warn(
[I 2026-05-31 16:41:01,145] Trial 9 finished with value: 0.4843755374851096 and parameters: {'atr_period': 10, 'st_multiplier': 2.0, 'vol_atr_period': 44, 'vol_scale_min': 0.25, 'vol_scale_max': 2.5, 'trail_mult': 2.5}. Best is trial 5 with value: 1.471885438383955.
C:\Users\הלל\Desktop\algo projects\trading-research-factory\walk forward engine\.venv\lib\site-packages\optuna\distributions.py:700: UserWarning: The distribution is specified by [7, 20] and step=3, but the range is not divisible by `step`. It will be replaced by [7, 19].
  warnings.warn(
[I 2026-05-31 16:41:01,460] Trial 12 finished with value: 0.6543812520696978 and parameters: {'atr_period': 10, 'st_multiplier': 2.0, 'vol_atr_period': 50, 'vol_scale_min': 0.25, 'vol_scale_max': 1.5, 'trail_mult': 2.0}. Best is trial 5 with value: 1.471885438383955.
C:\Users\הלל\Desktop\algo projects\trading-research-factory\walk forward engine\.venv\lib\site-packages\optuna\distributions.py:685: UserWarning: The distribution is specified by [0.2, 0.3] and step=0.04999999999999999, but the range is not divisible by `step`. It will be replaced by [0.2, 0.3].
  warnings.warn(
C:\Users\הלל\Desktop\algo projects\trading-research-factory\walk forward engine\.venv\lib\site-packages\optuna\distributions.py:700: UserWarning: The distribution is specified by [7, 20] and step=3, but the range is not divisible by `step`. It will be replaced by [7, 19].
  warnings.warn(
[I 2026-05-31 16:41:01,576] Trial 14 finished with value: -1.5628787645683375 and parameters: {'atr_period': 19, 'st_multiplier': 3.5, 'vol_atr_period': 32, 'vol_scale_min': 0.2, 'vol_scale_max': 2.5, 'trail_mult': 3.0}. Best is trial 5 with value: 1.471885438383955.
C:\Users\הלל\Desktop\algo projects\trading-research-factory\walk forward engine\.venv\lib\site-packages\optuna\distributions.py:685: UserWarning: The distribution is specified by [0.2, 0.3] and step=0.04999999999999999, but the range is not divisible by `step`. It will be replaced by [0.2, 0.3].
  warnings.warn(
[I 2026-05-31 16:41:01,578] Trial 13 finished with value: 0.046784339388120585 and parameters: {'atr_period': 10, 'st_multiplier': 2.5, 'vol_atr_period': 32, 'vol_scale_min': 0.2, 'vol_scale_max': 1.5, 'trail_mult': 1.5}. Best is trial 5 with value: 1.471885438383955.
C:\Users\הלל\Desktop\algo projects\trading-research-factory\walk forward engine\.venv\lib\site-packages\optuna\distributions.py:700: UserWarning: The distribution is specified by [7, 20] and step=3, but the range is not divisible by `step`. It will be replaced by [7, 19].
  warnings.warn(
[I 2026-05-31 16:41:01,628] Trial 11 finished with value: 1.2738490558230917 and parameters: {'atr_period': 16, 'st_multiplier': 2.5, 'vol_atr_period': 38, 'vol_scale_min': 0.25, 'vol_scale_max': 1.5, 'trail_mult': 2.5}. Best is trial 5 with value: 1.471885438383955.
[I 2026-05-31 16:41:01,646] Trial 15 finished with value: 1.036813893290577 and parameters: {'atr_period': 16, 'st_multiplier': 2.0, 'vol_atr_period': 20, 'vol_scale_min': 0.25, 'vol_scale_max': 2.0, 'trail_mult': 1.5}. Best is trial 5 with value: 1.471885438383955.
[I 2026-05-31 16:41:01,664] Trial 10 finished with value: -2.0425378881211658 and parameters: {'atr_period': 13, 'st_multiplier': 3.0, 'vol_atr_period': 44, 'vol_scale_min': 0.25, 'vol_scale_max': 2.5, 'trail_mult': 2.0}. Best is trial 5 with value: 1.471885438383955.
C:\Users\הלל\Desktop\algo projects\trading-research-factory\walk forward engine\.venv\lib\site-packages\optuna\distributions.py:685: UserWarning: The distribution is specified by [0.2, 0.3] and step=0.04999999999999999, but the range is not divisible by `step`. It will be replaced by [0.2, 0.3].
  warnings.warn(
C:\Users\הלל\Desktop\algo projects\trading-research-factory\walk forward engine\.venv\lib\site-packages\optuna\distributions.py:685: UserWarning: The distribution is specified by [0.2, 0.3] and step=0.04999999999999999, but the range is not divisible by `step`. It will be replaced by [0.2, 0.3].
  warnings.warn(
C:\Users\הלל\Desktop\algo projects\trading-research-factory\walk forward engine\.venv\lib\site-packages\optuna\distributions.py:685: UserWarning: The distribution is specified by [0.2, 0.3] and step=0.04999999999999999, but the range is not divisible by `step`. It will be replaced by [0.2, 0.3].
  warnings.warn(
C:\Users\הלל\Desktop\algo projects\trading-research-factory\walk forward engine\.venv\lib\site-packages\optuna\distributions.py:685: UserWarning: The distribution is specified by [0.2, 0.3] and step=0.04999999999999999, but the range is not divisible by `step`. It will be replaced by [0.2, 0.3].
  warnings.warn(
C:\Users\הלל\Desktop\algo projects\trading-research-factory\walk forward engine\.venv\lib\site-packages\optuna\distributions.py:685: UserWarning: The distribution is specified by [0.2, 0.3] and step=0.04999999999999999, but the range is not divisible by `step`. It will be replaced by [0.2, 0.3].
  warnings.warn(
[I 2026-05-31 16:41:02,464] Trial 17 finished with value: 1.1971875948513326 and parameters: {'atr_period': 16, 'st_multiplier': 2.0, 'vol_atr_period': 44, 'vol_scale_min': 0.2, 'vol_scale_max': 2.0, 'trail_mult': 1.5}. Best is trial 5 with value: 1.471885438383955.
C:\Users\הלל\Desktop\algo projects\trading-research-factory\walk forward engine\.venv\lib\site-packages\optuna\distributions.py:700: UserWarning: The distribution is specified by [7, 20] and step=3, but the range is not divisible by `step`. It will be replaced by [7, 19].
  warnings.warn(
[I 2026-05-31 16:41:02,776] Trial 16 finished with value: -0.10849319219690742 and parameters: {'atr_period': 19, 'st_multiplier': 3.0, 'vol_atr_period': 50, 'vol_scale_min': 0.2, 'vol_scale_max': 2.0, 'trail_mult': 2.0}. Best is trial 5 with value: 1.471885438383955.
[I 2026-05-31 16:41:02,783] Trial 19 finished with value: -1.1614209656538848 and parameters: {'atr_period': 7, 'st_multiplier': 2.0, 'vol_atr_period': 50, 'vol_scale_min': 0.25, 'vol_scale_max': 1.5, 'trail_mult': 2.0}. Best is trial 5 with value: 1.471885438383955.
[I 2026-05-31 16:41:02,798] Trial 23 finished with value: 1.254137859250792 and parameters: {'atr_period': 19, 'st_multiplier': 2.5, 'vol_atr_period': 44, 'vol_scale_min': 0.2, 'vol_scale_max': 1.5, 'trail_mult': 2.5}. Best is trial 5 with value: 1.471885438383955.
C:\Users\הלל\Desktop\algo projects\trading-research-factory\walk forward engine\.venv\lib\site-packages\optuna\distributions.py:685: UserWarning: The distribution is specified by [0.2, 0.3] and step=0.04999999999999999, but the range is not divisible by `step`. It will be replaced by [0.2, 0.3].
  warnings.warn(
[I 2026-05-31 16:41:02,869] Trial 18 finished with value: -1.9255662699905678 and parameters: {'atr_period': 16, 'st_multiplier': 3.0, 'vol_atr_period': 44, 'vol_scale_min': 0.2, 'vol_scale_max': 2.0, 'trail_mult': 2.0}. Best is trial 5 with value: 1.471885438383955.
