[I 2026-05-31 16:40:10,382] Trial 15 finished with value: 0.4740055696693978 and parameters: {'atr_period': 13, 'st_multiplier': 3.0, 'vol_atr_period': 38, 'vol_scale_min': 0.3, 'vol_scale_max': 2.5, 'trail_mult': 2.5}. Best is trial 1 with value: 1.0508579522684969.
[I 2026-05-31 16:40:10,412] Trial 12 finished with value: -0.6205032849628453 and parameters: {'atr_period': 19, 'st_multiplier': 3.5, 'vol_atr_period': 14, 'vol_scale_min': 0.2, 'vol_scale_max': 2.0, 'trail_mult': 2.5}. Best is trial 1 with value: 1.0508579522684969.
C:\Users\הלל\Desktop\algo projects\trading-research-factory\walk forward engine\.venv\lib\site-packages\optuna\distributions.py:700: UserWarning: The distribution is specified by [7, 20] and step=3, but the range is not divisible by `step`. It will be replaced by [7, 19].
  warnings.warn(
C:\Users\הלל\Desktop\algo projects\trading-research-factory\walk forward engine\.venv\lib\site-packages\optuna\distributions.py:685: UserWarning: The distribution is specified by [0.2, 0.3] and step=0.04999999999999999, but the range is not divisible by `step`. It will be replaced by [0.2, 0.3].
  warnings.warn(
[I 2026-05-31 16:40:10,626] Trial 16 finished with value: 0.4082973947433815 and parameters: {'atr_period': 7, 'st_multiplier': 2.0, 'vol_atr_period': 50, 'vol_scale_min': 0.25, 'vol_scale_max': 2.0, 'trail_mult': 2.0}. Best is trial 1 with value: 1.0508579522684969.
C:\Users\הלל\Desktop\algo projects\trading-research-factory\walk forward engine\.venv\lib\site-packages\optuna\distributions.py:700: UserWarning: The distribution is specified by [7, 20] and step=3, but the range is not divisible by `step`. It will be replaced by [7, 19].
  warnings.warn(
C:\Users\הלל\Desktop\algo projects\trading-research-factory\walk forward engine\.venv\lib\site-packages\optuna\distributions.py:685: UserWarning: The distribution is specified by [0.2, 0.3] and step=0.04999999999999999, but the range is not divisible by `step`. It will be replaced by [0.2, 0.3].
  warnings.warn(
C:\Users\הלל\Desktop\algo projects\trading-research-factory\walk forward engine\.venv\lib\site-packages\optuna\distributions.py:685: UserWarning: The distribution is specified by [0.2, 0.3] and step=0.04999999999999999, but the range is not divisible by `step`. It will be replaced by [0.2, 0.3].
  warnings.warn(
[I 2026-05-31 16:40:11,051] Trial 17 finished with value: -2.824703612180105 and parameters: {'atr_period': 16, 'st_multiplier': 4.0, 'vol_atr_period': 44, 'vol_scale_min': 0.3, 'vol_scale_max': 1.5, 'trail_mult': 1.5}. Best is trial 1 with value: 1.0508579522684969.
C:\Users\הלל\Desktop\algo projects\trading-research-factory\walk forward engine\.venv\lib\site-packages\optuna\distributions.py:685: UserWarning: The distribution is specified by [0.2, 0.3] and step=0.04999999999999999, but the range is not divisible by `step`. It will be replaced by [0.2, 0.3].
  warnings.warn(
C:\Users\הלל\Desktop\algo projects\trading-research-factory\walk forward engine\.venv\lib\site-packages\optuna\distributions.py:685: UserWarning: The distribution is specified by [0.2, 0.3] and step=0.04999999999999999, but the range is not divisible by `step`. It will be replaced by [0.2, 0.3].
  warnings.warn(
C:\Users\הלל\Desktop\algo projects\trading-research-factory\walk forward engine\.venv\lib\site-packages\optuna\distributions.py:685: UserWarning: The distribution is specified by [0.2, 0.3] and step=0.04999999999999999, but the range is not divisible by `step`. It will be replaced by [0.2, 0.3].
  warnings.warn(
C:\Users\הלל\Desktop\algo projects\trading-research-factory\walk forward engine\.venv\lib\site-packages\optuna\distributions.py:685: UserWarning: The distribution is specified by [0.2, 0.3] and step=0.04999999999999999, but the range is not divisible by `step`. It will be replaced by [0.2, 0.3].
  warnings.warn(
[I 2026-05-31 16:40:11,490] Trial 19 finished with value: 0.9643389152588743 and parameters: {'atr_period': 7, 'st_multiplier': 3.5, 'vol_atr_period': 26, 'vol_scale_min': 0.2, 'vol_scale_max': 1.5, 'trail_mult': 1.5}. Best is trial 1 with value: 1.0508579522684969.
[I 2026-05-31 16:40:11,733] Trial 21 finished with value: 0.9643389152588743 and parameters: {'atr_period': 7, 'st_multiplier': 3.5, 'vol_atr_period': 26, 'vol_scale_min': 0.2, 'vol_scale_max': 1.5, 'trail_mult': 1.5}. Best is trial 1 with value: 1.0508579522684969.
[I 2026-05-31 16:40:11,964] Trial 18 finished with value: -2.430750700691113 and parameters: {'atr_period': 7, 'st_multiplier': 4.0, 'vol_atr_period': 14, 'vol_scale_min': 0.2, 'vol_scale_max': 1.5, 'trail_mult': 1.5}. Best is trial 1 with value: 1.0508579522684969.
[I 2026-05-31 16:40:12,034] Trial 24 finished with value: 0.742704113983979 and parameters: {'atr_period': 7, 'st_multiplier': 3.5, 'vol_atr_period': 20, 'vol_scale_min': 0.2, 'vol_scale_max': 1.5, 'trail_mult': 1.5}. Best is trial 1 with value: 1.0508579522684969.
[I 2026-05-31 16:40:12,136] Trial 20 finished with value: 0.9643389152588743 and parameters: {'atr_period': 7, 'st_multiplier': 3.5, 'vol_atr_period': 26, 'vol_scale_min': 0.2, 'vol_scale_max': 1.5, 'trail_mult': 1.5}. Best is trial 1 with value: 1.0508579522684969.
[I 2026-05-31 16:40:12,209] Trial 22 finished with value: -1.4214329606035538 and parameters: {'atr_period': 10, 'st_multiplier': 3.0, 'vol_atr_period': 20, 'vol_scale_min': 0.2, 'vol_scale_max': 1.5, 'trail_mult': 1.5}. Best is trial 1 with value: 1.0508579522684969.
[I 2026-05-31 16:40:12,224] Trial 23 finished with value: 0.6697546350899769 and parameters: {'atr_period': 7, 'st_multiplier': 3.5, 'vol_atr_period': 14, 'vol_scale_min': 0.2, 'vol_scale_max': 1.5, 'trail_mult': 1.5}. Best is trial 1 with value: 1.0508579522684969.
C:\Users\הלל\Desktop\algo projects\trading-research-factory\walk forward engine\.venv\lib\site-packages\optuna\samplers\_tpe\sampler.py:319: ExperimentalWarning: ``multivariate`` option is an experimental feature. The interface can change in the future.
  warnings.warn(
[I 2026-05-31 16:40:12,636] A new study created in memory with name: no-name-55ea24ce-c569-4319-87b9-c7fbb2d6bdae
C:\Users\הלל\Desktop\algo projects\trading-research-factory\walk forward engine\.venv\lib\site-packages\optuna\distributions.py:700: UserWarning: The distribution is specified by [7, 20] and step=3, but the range is not divisible by `step`. It will be replaced by [7, 19].
  warnings.warn(
C:\Users\הלל\Desktop\algo projects\trading-research-factory\walk forward engine\.venv\lib\site-packages\optuna\distributions.py:685: UserWarning: The distribution is specified by [0.2, 0.3] and step=0.04999999999999999, but the range is not divisible by `step`. It will be replaced by [0.2, 0.3].
  warnings.warn(
C:\Users\הלל\Desktop\algo projects\trading-research-factory\walk forward engine\.venv\lib\site-packages\optuna\distributions.py:700: UserWarning: The distribution is specified by [7, 20] and step=3, but the range is not divisible by `step`. It will be replaced by [7, 19].
  warnings.warn(
C:\Users\הלל\Desktop\algo projects\trading-research-factory\walk forward engine\.venv\lib\site-packages\optuna\distributions.py:685: UserWarning: The distribution is specified by [0.2, 0.3] and step=0.04999999999999999, but the range is not divisible by `step`. It will be replaced by [0.2, 0.3].
  warnings.warn(
[I 2026-05-31 16:40:13,421] Trial 1 finished with value: -0.5890714497171331 and parameters: {'atr_period': 7, 'st_multiplier': 4.0, 'vol_atr_period': 44, 'vol_scale_min': 0.3, 'vol_scale_max': 2.0, 'trail_mult': 2.5}. Best is trial 1 with value: -0.5890714497171331.
C:\Users\הלל\Desktop\algo projects\trading-research-factory\walk forward engine\.venv\lib\site-packages\optuna\distributions.py:700: UserWarning: The distribution is specified by [7, 20] and step=3, but the range is not divisible by `step`. It will be replaced by [7, 19].
  warnings.warn(
C:\Users\הלל\Desktop\algo projects\trading-research-factory\walk forward engine\.venv\lib\site-packages\optuna\distributions.py:685: UserWarning: The distribution is specified by [0.2, 0.3] and step=0.04999999999999999, but the range is not divisible by `step`. It will be replaced by [0.2, 0.3].
  warnings.warn(
[I 2026-05-31 16:40:13,546] Trial 0 finished with value: -1.7297481933488739 and parameters: {'atr_period': 19, 'st_multiplier': 4.0, 'vol_atr_period': 38, 'vol_scale_min': 0.3, 'vol_scale_max': 1.5, 'trail_mult': 2.5}. Best is trial 1 with value: -0.5890714497171331.
C:\Users\הלל\Desktop\algo projects\trading-research-factory\walk forward engine\.venv\lib\site-packages\optuna\distributions.py:700: UserWarning: The distribution is specified by [7, 20] and step=3, but the range is not divisible by `step`. It will be replaced by [7, 19].
  warnings.warn(
C:\Users\הלל\Desktop\algo projects\trading-research-factory\walk forward engine\.venv\lib\site-packages\optuna\distributions.py:685: UserWarning: The distribution is specified by [0.2, 0.3] and step=0.04999999999999999, but the range is not divisible by `step`. It will be replaced by [0.2, 0.3].
  warnings.warn(
[I 2026-05-31 16:40:13,690] Trial 2 finished with value: -0.23191921611400362 and parameters: {'atr_period': 19, 'st_multiplier': 2.0, 'vol_atr_period': 32, 'vol_scale_min': 0.2, 'vol_scale_max': 1.5, 'trail_mult': 2.5}. Best is trial 2 with value: -0.23191921611400362.
[I 2026-05-31 16:40:13,753] Trial 6 finished with value: 1.2255022596726508 and parameters: {'atr_period': 10, 'st_multiplier': 3.5, 'vol_atr_period': 38, 'vol_scale_min': 0.25, 'vol_scale_max': 2.5, 'trail_mult': 2.0}. Best is trial 6 with value: 1.2255022596726508.
C:\Users\הלל\Desktop\algo projects\trading-research-factory\walk forward engine\.venv\lib\site-packages\optuna\distributions.py:700: UserWarning: The distribution is specified by [7, 20] and step=3, but the range is not divisible by `step`. It will be replaced by [7, 19].
  warnings.warn(
C:\Users\הלל\Desktop\algo projects\trading-research-factory\walk forward engine\.venv\lib\site-packages\optuna\distributions.py:685: UserWarning: The distribution is specified by [0.2, 0.3] and step=0.04999999999999999, but the range is not divisible by `step`. It will be replaced by [0.2, 0.3].
  warnings.warn(
[I 2026-05-31 16:40:13,824] Trial 3 finished with value: -9.8 and parameters: {'atr_period': 13, 'st_multiplier': 4.0, 'vol_atr_period': 44, 'vol_scale_min': 0.3, 'vol_scale_max': 1.5, 'trail_mult': 2.5}. Best is trial 6 with value: 1.2255022596726508.
[I 2026-05-31 16:40:13,830] Trial 4 finished with value: -1.1400356828501006 and parameters: {'atr_period': 16, 'st_multiplier': 4.0, 'vol_atr_period': 50, 'vol_scale_min': 0.2, 'vol_scale_max': 2.5, 'trail_mult': 1.5}. Best is trial 6 with value: 1.2255022596726508.
C:\Users\הלל\Desktop\algo projects\trading-research-factory\walk forward engine\.venv\lib\site-packages\optuna\distributions.py:700: UserWarning: The distribution is specified by [7, 20] and step=3, but the range is not divisible by `step`. It will be replaced by [7, 19].
  warnings.warn(
C:\Users\הלל\Desktop\algo projects\trading-research-factory\walk forward engine\.venv\lib\site-packages\optuna\distributions.py:685: UserWarning: The distribution is specified by [0.2, 0.3] and step=0.04999999999999999, but the range is not divisible by `step`. It will be replaced by [0.2, 0.3].
  warnings.warn(
[I 2026-05-31 16:40:13,865] Trial 7 finished with value: -0.3037443150516032 and parameters: {'atr_period': 16, 'st_multiplier': 2.0, 'vol_atr_period': 32, 'vol_scale_min': 0.25, 'vol_scale_max': 2.0, 'trail_mult': 2.0}. Best is trial 6 with value: 1.2255022596726508.
[I 2026-05-31 16:40:13,949] Trial 5 finished with value: -0.46057121446693766 and parameters: {'atr_period': 19, 'st_multiplier': 2.5, 'vol_atr_period': 14, 'vol_scale_min': 0.2, 'vol_scale_max': 1.5, 'trail_mult': 2.5}. Best is trial 6 with value: 1.2255022596726508.
C:\Users\הלל\Desktop\algo projects\trading-research-factory\walk forward engine\.venv\lib\site-packages\optuna\distributions.py:700: UserWarning: The distribution is specified by [7, 20] and step=3, but the range is not divisible by `step`. It will be replaced by [7, 19].
  warnings.warn(
C:\Users\הלל\Desktop\algo projects\trading-research-factory\walk forward engine\.venv\lib\site-packages\optuna\distributions.py:685: UserWarning: The distribution is specified by [0.2, 0.3] and step=0.04999999999999999, but the range is not divisible by `step`. It will be replaced by [0.2, 0.3].
  warnings.warn(
[I 2026-05-31 16:40:14,291] Trial 8 finished with value: -2.0925245091828044 and parameters: {'atr_period': 16, 'st_multiplier': 4.0, 'vol_atr_period': 26, 'vol_scale_min': 0.2, 'vol_scale_max': 2.5, 'trail_mult': 3.0}. Best is trial 6 with value: 1.2255022596726508.
C:\Users\הלל\Desktop\algo projects\trading-research-factory\walk forward engine\.venv\lib\site-packages\optuna\distributions.py:700: UserWarning: The distribution is specified by [7, 20] and step=3, but the range is not divisible by `step`. It will be replaced by [7, 19].
  warnings.warn(
C:\Users\הלל\Desktop\algo projects\trading-research-factory\walk forward engine\.venv\lib\site-packages\optuna\distributions.py:685: UserWarning: The distribution is specified by [0.2, 0.3] and step=0.04999999999999999, but the range is not divisible by `step`. It will be replaced by [0.2, 0.3].
  warnings.warn(
[I 2026-05-31 16:40:14,496] Trial 9 finished with value: 0.14217329784739982 and parameters: {'atr_period': 19, 'st_multiplier': 2.0, 'vol_atr_period': 50, 'vol_scale_min': 0.2, 'vol_scale_max': 2.5, 'trail_mult': 2.0}. Best is trial 6 with value: 1.2255022596726508.
[I 2026-05-31 16:40:14,603] Trial 10 finished with value: -1.3711420197855697 and parameters: {'atr_period': 13, 'st_multiplier': 3.5, 'vol_atr_period': 20, 'vol_scale_min': 0.2, 'vol_scale_max': 2.0, 'trail_mult': 2.0}. Best is trial 6 with value: 1.2255022596726508.
C:\Users\הלל\Desktop\algo projects\trading-research-factory\walk forward engine\.venv\lib\site-packages\optuna\distributions.py:700: UserWarning: The distribution is specified by [7, 20] and step=3, but the range is not divisible by `step`. It will be replaced by [7, 19].
  warnings.warn(
C:\Users\הלל\Desktop\algo projects\trading-research-factory\walk forward engine\.venv\lib\site-packages\optuna\distributions.py:700: UserWarning: The distribution is specified by [7, 20] and step=3, but the range is not divisible by `step`. It will be replaced by [7, 19].
  warnings.warn(
C:\Users\הלל\Desktop\algo projects\trading-research-factory\walk forward engine\.venv\lib\site-packages\optuna\distributions.py:685: UserWarning: The distribution is specified by [0.2, 0.3] and step=0.04999999999999999, but the range is not divisible by `step`. It will be replaced by [0.2, 0.3].
  warnings.warn(
C:\Users\הלל\Desktop\algo projects\trading-research-factory\walk forward engine\.venv\lib\site-packages\optuna\distributions.py:685: UserWarning: The distribution is specified by [0.2, 0.3] and step=0.04999999999999999, but the range is not divisible by `step`. It will be replaced by [0.2, 0.3].
  warnings.warn(
[I 2026-05-31 16:40:15,227] Trial 11 finished with value: 0.934447048273592 and parameters: {'atr_period': 7, 'st_multiplier': 3.5, 'vol_atr_period': 26, 'vol_scale_min': 0.25, 'vol_scale_max': 2.5, 'trail_mult': 2.5}. Best is trial 6 with value: 1.2255022596726508.
C:\Users\הלל\Desktop\algo projects\trading-research-factory\walk forward engine\.venv\lib\site-packages\optuna\distributions.py:700: UserWarning: The distribution is specified by [7, 20] and step=3, but the range is not divisible by `step`. It will be replaced by [7, 19].
  warnings.warn(
[I 2026-05-31 16:40:15,348] Trial 14 finished with value: -0.9735374867735167 and parameters: {'atr_period': 10, 'st_multiplier': 3.0, 'vol_atr_period': 26, 'vol_scale_min': 0.25, 'vol_scale_max': 1.5, 'trail_mult': 3.0}. Best is trial 6 with value: 1.2255022596726508.
[I 2026-05-31 16:40:15,360] Trial 13 finished with value: -9.8 and parameters: {'atr_period': 13, 'st_multiplier': 4.0, 'vol_atr_period': 32, 'vol_scale_min': 0.3, 'vol_scale_max': 2.5, 'trail_mult': 2.0}. Best is trial 6 with value: 1.2255022596726508.
[I 2026-05-31 16:40:15,384] Trial 12 finished with value: 0.03810519177168717 and parameters: {'atr_period': 10, 'st_multiplier': 3.0, 'vol_atr_period': 38, 'vol_scale_min': 0.2, 'vol_scale_max': 1.5, 'trail_mult': 1.5}. Best is trial 6 with value: 1.2255022596726508.
C:\Users\הלל\Desktop\algo projects\trading-research-factory\walk forward engine\.venv\lib\site-packages\optuna\distributions.py:700: UserWarning: The distribution is specified by [7, 20] and step=3, but the range is not divisible by `step`. It will be replaced by [7, 19].
  warnings.warn(
C:\Users\הלל\Desktop\algo projects\trading-research-factory\walk forward engine\.venv\lib\site-packages\optuna\distributions.py:700: UserWarning: The distribution is specified by [7, 20] and step=3, but the range is not divisible by `step`. It will be replaced by [7, 19].
  warnings.warn(
C:\Users\הלל\Desktop\algo projects\trading-research-factory\walk forward engine\.venv\lib\site-packages\optuna\distributions.py:685: UserWarning: The distribution is specified by [0.2, 0.3] and step=0.04999999999999999, but the range is not divisible by `step`. It will be replaced by [0.2, 0.3].
  warnings.warn(
[I 2026-05-31 16:40:15,520] Trial 15 finished with value: -0.8808064944043332 and parameters: {'atr_period': 13, 'st_multiplier': 2.0, 'vol_atr_period': 14, 'vol_scale_min': 0.25, 'vol_scale_max': 2.5, 'trail_mult': 2.5}. Best is trial 6 with value: 1.2255022596726508.
C:\Users\הלל\Desktop\algo projects\trading-research-factory\walk forward engine\.venv\lib\site-packages\optuna\distributions.py:700: UserWarning: The distribution is specified by [7, 20] and step=3, but the range is not divisible by `step`. It will be replaced by [7, 19].
  warnings.warn(
C:\Users\הלל\Desktop\algo projects\trading-research-factory\walk forward engine\.venv\lib\site-packages\optuna\distributions.py:685: UserWarning: The distribution is specified by [0.2, 0.3] and step=0.04999999999999999, but the range is not divisible by `step`. It will be replaced by [0.2, 0.3].
  warnings.warn(
C:\Users\הלל\Desktop\algo projects\trading-research-factory\walk forward engine\.venv\lib\site-packages\optuna\distributions.py:685: UserWarning: The distribution is specified by [0.2, 0.3] and step=0.04999999999999999, but the range is not divisible by `step`. It will be replaced by [0.2, 0.3].
  warnings.warn(
[I 2026-05-31 16:40:15,944] Trial 16 finished with value: 0.3266788185624577 and parameters: {'atr_period': 13, 'st_multiplier': 2.5, 'vol_atr_period': 14, 'vol_scale_min': 0.25, 'vol_scale_max': 1.5, 'trail_mult': 2.0}. Best is trial 6 with value: 1.2255022596726508.
C:\Users\הלל\Desktop\algo projects\trading-research-factory\walk forward engine\.venv\lib\site-packages\optuna\distributions.py:685: UserWarning: The distribution is specified by [0.2, 0.3] and step=0.04999999999999999, but the range is not divisible by `step`. It will be replaced by [0.2, 0.3].
  warnings.warn(
C:\Users\הלל\Desktop\algo projects\trading-research-factory\walk forward engine\.venv\lib\site-packages\optuna\distributions.py:700: UserWarning: The distribution is specified by [7, 20] and step=3, but the range is not divisible by `step`. It will be replaced by [7, 19].
  warnings.warn(
C:\Users\הלל\Desktop\algo projects\trading-research-factory\walk forward engine\.venv\lib\site-packages\optuna\distributions.py:685: UserWarning: The distribution is specified by [0.2, 0.3] and step=0.04999999999999999, but the range is not divisible by `step`. It will be replaced by [0.2, 0.3].
  warnings.warn(
[I 2026-05-31 16:40:16,305] Trial 17 finished with value: 0.14217329784739982 and parameters: {'atr_period': 19, 'st_multiplier': 2.0, 'vol_atr_period': 50, 'vol_scale_min': 0.25, 'vol_scale_max': 2.5, 'trail_mult': 2.0}. Best is trial 6 with value: 1.2255022596726508.
C:\Users\הלל\Desktop\algo projects\trading-research-factory\walk forward engine\.venv\lib\site-packages\optuna\distributions.py:685: UserWarning: The distribution is specified by [0.2, 0.3] and step=0.04999999999999999, but the range is not divisible by `step`. It will be replaced by [0.2, 0.3].
  warnings.warn(
[I 2026-05-31 16:40:16,327] Trial 18 finished with value: 0.1437102977329966 and parameters: {'atr_period': 19, 'st_multiplier': 2.0, 'vol_atr_period': 44, 'vol_scale_min': 0.2, 'vol_scale_max': 2.5, 'trail_mult': 2.0}. Best is trial 6 with value: 1.2255022596726508.
[I 2026-05-31 16:40:16,904] Trial 19 finished with value: 1.003769486174182 and parameters: {'atr_period': 7, 'st_multiplier': 3.5, 'vol_atr_period': 32, 'vol_scale_min': 0.2, 'vol_scale_max': 2.5, 'trail_mult': 2.5}. Best is trial 6 with value: 1.2255022596726508.
[I 2026-05-31 16:40:17,084] Trial 21 finished with value: 1.1887281190781778 and parameters: {'atr_period': 7, 'st_multiplier': 3.5, 'vol_atr_period': 32, 'vol_scale_min': 0.2, 'vol_scale_max': 2.5, 'trail_mult': 2.0}. Best is trial 6 with value: 1.2255022596726508.
[I 2026-05-31 16:40:17,191] Trial 20 finished with value: 1.3335855255436444 and parameters: {'atr_period': 7, 'st_multiplier': 3.5, 'vol_atr_period': 26, 'vol_scale_min': 0.25, 'vol_scale_max': 2.5, 'trail_mult': 1.5}. Best is trial 20 with value: 1.3335855255436444.
[I 2026-05-31 16:40:17,255] Trial 22 finished with value: -0.6370974136461935 and parameters: {'atr_period': 7, 'st_multiplier': 3.0, 'vol_atr_period': 26, 'vol_scale_min': 0.25, 'vol_scale_max': 2.5, 'trail_mult': 2.5}. Best is trial 20 with value: 1.3335855255436444.
