[I 2026-05-31 16:41:02,909] Trial 22 finished with value: 1.471885438383955 and parameters: {'atr_period': 19, 'st_multiplier': 2.5, 'vol_atr_period': 50, 'vol_scale_min': 0.2, 'vol_scale_max': 2.0, 'trail_mult': 2.0}. Best is trial 5 with value: 1.471885438383955.
[I 2026-05-31 16:41:02,909] Trial 21 finished with value: 1.4589499456659154 and parameters: {'atr_period': 19, 'st_multiplier': 2.5, 'vol_atr_period': 44, 'vol_scale_min': 0.2, 'vol_scale_max': 2.0, 'trail_mult': 2.0}. Best is trial 5 with value: 1.471885438383955.
[I 2026-05-31 16:41:02,941] Trial 20 finished with value: 1.6673167494093784 and parameters: {'atr_period': 19, 'st_multiplier': 2.5, 'vol_atr_period': 44, 'vol_scale_min': 0.2, 'vol_scale_max': 2.0, 'trail_mult': 1.5}. Best is trial 20 with value: 1.6673167494093784.
[I 2026-05-31 16:41:03,010] Trial 24 finished with value: 1.0584682131888645 and parameters: {'atr_period': 16, 'st_multiplier': 2.5, 'vol_atr_period': 38, 'vol_scale_min': 0.3, 'vol_scale_max': 1.5, 'trail_mult': 3.0}. Best is trial 20 with value: 1.6673167494093784.
C:\Users\הלל\Desktop\algo projects\trading-research-factory\walk forward engine\.venv\lib\site-packages\optuna\samplers\_tpe\sampler.py:319: ExperimentalWarning: ``multivariate`` option is an experimental feature. The interface can change in the future.
  warnings.warn(
[I 2026-05-31 16:41:03,196] A new study created in memory with name: no-name-ddab842c-f442-492e-be38-692242b99ec6
C:\Users\הלל\Desktop\algo projects\trading-research-factory\walk forward engine\.venv\lib\site-packages\optuna\distributions.py:700: UserWarning: The distribution is specified by [7, 20] and step=3, but the range is not divisible by `step`. It will be replaced by [7, 19].
  warnings.warn(
C:\Users\הלל\Desktop\algo projects\trading-research-factory\walk forward engine\.venv\lib\site-packages\optuna\distributions.py:685: UserWarning: The distribution is specified by [0.2, 0.3] and step=0.04999999999999999, but the range is not divisible by `step`. It will be replaced by [0.2, 0.3].
  warnings.warn(
C:\Users\הלל\Desktop\algo projects\trading-research-factory\walk forward engine\.venv\lib\site-packages\optuna\distributions.py:700: UserWarning: The distribution is specified by [7, 20] and step=3, but the range is not divisible by `step`. It will be replaced by [7, 19].
  warnings.warn(
C:\Users\הלל\Desktop\algo projects\trading-research-factory\walk forward engine\.venv\lib\site-packages\optuna\distributions.py:685: UserWarning: The distribution is specified by [0.2, 0.3] and step=0.04999999999999999, but the range is not divisible by `step`. It will be replaced by [0.2, 0.3].
  warnings.warn(
C:\Users\הלל\Desktop\algo projects\trading-research-factory\walk forward engine\.venv\lib\site-packages\optuna\distributions.py:685: UserWarning: The distribution is specified by [0.2, 0.3] and step=0.04999999999999999, but the range is not divisible by `step`. It will be replaced by [0.2, 0.3].
  warnings.warn(
C:\Users\הלל\Desktop\algo projects\trading-research-factory\walk forward engine\.venv\lib\site-packages\optuna\distributions.py:685: UserWarning: The distribution is specified by [0.2, 0.3] and step=0.04999999999999999, but the range is not divisible by `step`. It will be replaced by [0.2, 0.3].
  warnings.warn(
[I 2026-05-31 16:41:03,720] Trial 0 finished with value: -0.07641925455004411 and parameters: {'atr_period': 19, 'st_multiplier': 3.0, 'vol_atr_period': 44, 'vol_scale_min': 0.2, 'vol_scale_max': 1.5, 'trail_mult': 2.5}. Best is trial 0 with value: -0.07641925455004411.
C:\Users\הלל\Desktop\algo projects\trading-research-factory\walk forward engine\.venv\lib\site-packages\optuna\distributions.py:700: UserWarning: The distribution is specified by [7, 20] and step=3, but the range is not divisible by `step`. It will be replaced by [7, 19].
  warnings.warn(
C:\Users\הלל\Desktop\algo projects\trading-research-factory\walk forward engine\.venv\lib\site-packages\optuna\distributions.py:685: UserWarning: The distribution is specified by [0.2, 0.3] and step=0.04999999999999999, but the range is not divisible by `step`. It will be replaced by [0.2, 0.3].
  warnings.warn(
[I 2026-05-31 16:41:03,880] Trial 1 finished with value: 2.0143683972402946 and parameters: {'atr_period': 19, 'st_multiplier': 2.0, 'vol_atr_period': 32, 'vol_scale_min': 0.2, 'vol_scale_max': 1.5, 'trail_mult': 1.5}. Best is trial 1 with value: 2.0143683972402946.
C:\Users\הלל\Desktop\algo projects\trading-research-factory\walk forward engine\.venv\lib\site-packages\optuna\distributions.py:700: UserWarning: The distribution is specified by [7, 20] and step=3, but the range is not divisible by `step`. It will be replaced by [7, 19].
  warnings.warn(
C:\Users\הלל\Desktop\algo projects\trading-research-factory\walk forward engine\.venv\lib\site-packages\optuna\distributions.py:685: UserWarning: The distribution is specified by [0.2, 0.3] and step=0.04999999999999999, but the range is not divisible by `step`. It will be replaced by [0.2, 0.3].
  warnings.warn(
[I 2026-05-31 16:41:04,168] Trial 6 finished with value: -2.613182942695468 and parameters: {'atr_period': 13, 'st_multiplier': 3.0, 'vol_atr_period': 20, 'vol_scale_min': 0.2, 'vol_scale_max': 2.0, 'trail_mult': 2.0}. Best is trial 1 with value: 2.0143683972402946.
[I 2026-05-31 16:41:04,168] Trial 3 finished with value: -3.4278461821510473 and parameters: {'atr_period': 13, 'st_multiplier': 3.0, 'vol_atr_period': 50, 'vol_scale_min': 0.3, 'vol_scale_max': 2.0, 'trail_mult': 3.0}. Best is trial 1 with value: 2.0143683972402946.
C:\Users\הלל\Desktop\algo projects\trading-research-factory\walk forward engine\.venv\lib\site-packages\optuna\distributions.py:700: UserWarning: The distribution is specified by [7, 20] and step=3, but the range is not divisible by `step`. It will be replaced by [7, 19].
  warnings.warn(
[I 2026-05-31 16:41:04,224] Trial 7 finished with value: 1.8997169625749193 and parameters: {'atr_period': 19, 'st_multiplier': 2.0, 'vol_atr_period': 32, 'vol_scale_min': 0.2, 'vol_scale_max': 1.5, 'trail_mult': 2.5}. Best is trial 1 with value: 2.0143683972402946.
[I 2026-05-31 16:41:04,229] Trial 2 finished with value: -0.181848044243083 and parameters: {'atr_period': 19, 'st_multiplier': 3.0, 'vol_atr_period': 26, 'vol_scale_min': 0.3, 'vol_scale_max': 1.5, 'trail_mult': 3.0}. Best is trial 1 with value: 2.0143683972402946.
C:\Users\הלל\Desktop\algo projects\trading-research-factory\walk forward engine\.venv\lib\site-packages\optuna\distributions.py:700: UserWarning: The distribution is specified by [7, 20] and step=3, but the range is not divisible by `step`. It will be replaced by [7, 19].
  warnings.warn(
C:\Users\הלל\Desktop\algo projects\trading-research-factory\walk forward engine\.venv\lib\site-packages\optuna\distributions.py:685: UserWarning: The distribution is specified by [0.2, 0.3] and step=0.04999999999999999, but the range is not divisible by `step`. It will be replaced by [0.2, 0.3].
  warnings.warn(
C:\Users\הלל\Desktop\algo projects\trading-research-factory\walk forward engine\.venv\lib\site-packages\optuna\distributions.py:685: UserWarning: The distribution is specified by [0.2, 0.3] and step=0.04999999999999999, but the range is not divisible by `step`. It will be replaced by [0.2, 0.3].
  warnings.warn(
[I 2026-05-31 16:41:04,309] Trial 5 finished with value: -9.8 and parameters: {'atr_period': 13, 'st_multiplier': 3.5, 'vol_atr_period': 32, 'vol_scale_min': 0.25, 'vol_scale_max': 2.5, 'trail_mult': 1.5}. Best is trial 1 with value: 2.0143683972402946.
[I 2026-05-31 16:41:04,309] Trial 4 finished with value: -0.008363704897599132 and parameters: {'atr_period': 10, 'st_multiplier': 2.5, 'vol_atr_period': 38, 'vol_scale_min': 0.2, 'vol_scale_max': 2.0, 'trail_mult': 1.5}. Best is trial 1 with value: 2.0143683972402946.
C:\Users\הלל\Desktop\algo projects\trading-research-factory\walk forward engine\.venv\lib\site-packages\optuna\distributions.py:685: UserWarning: The distribution is specified by [0.2, 0.3] and step=0.04999999999999999, but the range is not divisible by `step`. It will be replaced by [0.2, 0.3].
  warnings.warn(
C:\Users\הלל\Desktop\algo projects\trading-research-factory\walk forward engine\.venv\lib\site-packages\optuna\distributions.py:685: UserWarning: The distribution is specified by [0.2, 0.3] and step=0.04999999999999999, but the range is not divisible by `step`. It will be replaced by [0.2, 0.3].
  warnings.warn(
C:\Users\הלל\Desktop\algo projects\trading-research-factory\walk forward engine\.venv\lib\site-packages\optuna\distributions.py:700: UserWarning: The distribution is specified by [7, 20] and step=3, but the range is not divisible by `step`. It will be replaced by [7, 19].
  warnings.warn(
C:\Users\הלל\Desktop\algo projects\trading-research-factory\walk forward engine\.venv\lib\site-packages\optuna\distributions.py:685: UserWarning: The distribution is specified by [0.2, 0.3] and step=0.04999999999999999, but the range is not divisible by `step`. It will be replaced by [0.2, 0.3].
  warnings.warn(
[I 2026-05-31 16:41:04,599] Trial 8 finished with value: -9.6 and parameters: {'atr_period': 10, 'st_multiplier': 3.0, 'vol_atr_period': 26, 'vol_scale_min': 0.25, 'vol_scale_max': 1.5, 'trail_mult': 2.0}. Best is trial 1 with value: 2.0143683972402946.
C:\Users\הלל\Desktop\algo projects\trading-research-factory\walk forward engine\.venv\lib\site-packages\optuna\distributions.py:700: UserWarning: The distribution is specified by [7, 20] and step=3, but the range is not divisible by `step`. It will be replaced by [7, 19].
  warnings.warn(
C:\Users\הלל\Desktop\algo projects\trading-research-factory\walk forward engine\.venv\lib\site-packages\optuna\distributions.py:685: UserWarning: The distribution is specified by [0.2, 0.3] and step=0.04999999999999999, but the range is not divisible by `step`. It will be replaced by [0.2, 0.3].
  warnings.warn(
[I 2026-05-31 16:41:04,644] Trial 9 finished with value: -9.6 and parameters: {'atr_period': 10, 'st_multiplier': 3.0, 'vol_atr_period': 14, 'vol_scale_min': 0.25, 'vol_scale_max': 2.5, 'trail_mult': 2.0}. Best is trial 1 with value: 2.0143683972402946.
C:\Users\הלל\Desktop\algo projects\trading-research-factory\walk forward engine\.venv\lib\site-packages\optuna\distributions.py:700: UserWarning: The distribution is specified by [7, 20] and step=3, but the range is not divisible by `step`. It will be replaced by [7, 19].
  warnings.warn(
C:\Users\הלל\Desktop\algo projects\trading-research-factory\walk forward engine\.venv\lib\site-packages\optuna\distributions.py:685: UserWarning: The distribution is specified by [0.2, 0.3] and step=0.04999999999999999, but the range is not divisible by `step`. It will be replaced by [0.2, 0.3].
  warnings.warn(
[I 2026-05-31 16:41:05,136] Trial 10 finished with value: -9.8 and parameters: {'atr_period': 13, 'st_multiplier': 3.5, 'vol_atr_period': 44, 'vol_scale_min': 0.3, 'vol_scale_max': 2.5, 'trail_mult': 2.5}. Best is trial 1 with value: 2.0143683972402946.
C:\Users\הלל\Desktop\algo projects\trading-research-factory\walk forward engine\.venv\lib\site-packages\optuna\distributions.py:700: UserWarning: The distribution is specified by [7, 20] and step=3, but the range is not divisible by `step`. It will be replaced by [7, 19].
  warnings.warn(
[I 2026-05-31 16:41:05,264] Trial 11 finished with value: -2.1929188415754166 and parameters: {'atr_period': 16, 'st_multiplier': 3.0, 'vol_atr_period': 50, 'vol_scale_min': 0.3, 'vol_scale_max': 1.5, 'trail_mult': 2.0}. Best is trial 1 with value: 2.0143683972402946.
[I 2026-05-31 16:41:05,363] Trial 12 finished with value: -9.8 and parameters: {'atr_period': 7, 'st_multiplier': 3.5, 'vol_atr_period': 38, 'vol_scale_min': 0.2, 'vol_scale_max': 2.5, 'trail_mult': 3.0}. Best is trial 1 with value: 2.0143683972402946.
[I 2026-05-31 16:41:05,375] Trial 15 finished with value: -9.8 and parameters: {'atr_period': 16, 'st_multiplier': 4.0, 'vol_atr_period': 44, 'vol_scale_min': 0.2, 'vol_scale_max': 2.0, 'trail_mult': 2.0}. Best is trial 1 with value: 2.0143683972402946.
C:\Users\הלל\Desktop\algo projects\trading-research-factory\walk forward engine\.venv\lib\site-packages\optuna\distributions.py:700: UserWarning: The distribution is specified by [7, 20] and step=3, but the range is not divisible by `step`. It will be replaced by [7, 19].
  warnings.warn(
[I 2026-05-31 16:41:05,407] Trial 13 finished with value: -9.8 and parameters: {'atr_period': 10, 'st_multiplier': 4.0, 'vol_atr_period': 38, 'vol_scale_min': 0.3, 'vol_scale_max': 2.5, 'trail_mult': 2.0}. Best is trial 1 with value: 2.0143683972402946.
[I 2026-05-31 16:41:05,423] Trial 14 finished with value: -0.21530687481483457 and parameters: {'atr_period': 19, 'st_multiplier': 3.0, 'vol_atr_period': 50, 'vol_scale_min': 0.3, 'vol_scale_max': 1.5, 'trail_mult': 3.0}. Best is trial 1 with value: 2.0143683972402946.
C:\Users\הלל\Desktop\algo projects\trading-research-factory\walk forward engine\.venv\lib\site-packages\optuna\distributions.py:685: UserWarning: The distribution is specified by [0.2, 0.3] and step=0.04999999999999999, but the range is not divisible by `step`. It will be replaced by [0.2, 0.3].
  warnings.warn(
C:\Users\הלל\Desktop\algo projects\trading-research-factory\walk forward engine\.venv\lib\site-packages\optuna\distributions.py:700: UserWarning: The distribution is specified by [7, 20] and step=3, but the range is not divisible by `step`. It will be replaced by [7, 19].
  warnings.warn(
C:\Users\הלל\Desktop\algo projects\trading-research-factory\walk forward engine\.venv\lib\site-packages\optuna\distributions.py:685: UserWarning: The distribution is specified by [0.2, 0.3] and step=0.04999999999999999, but the range is not divisible by `step`. It will be replaced by [0.2, 0.3].
  warnings.warn(
[I 2026-05-31 16:41:05,651] Trial 16 finished with value: -9.6 and parameters: {'atr_period': 16, 'st_multiplier': 2.5, 'vol_atr_period': 26, 'vol_scale_min': 0.2, 'vol_scale_max': 2.0, 'trail_mult': 1.5}. Best is trial 1 with value: 2.0143683972402946.
C:\Users\הלל\Desktop\algo projects\trading-research-factory\walk forward engine\.venv\lib\site-packages\optuna\distributions.py:700: UserWarning: The distribution is specified by [7, 20] and step=3, but the range is not divisible by `step`. It will be replaced by [7, 19].
  warnings.warn(
C:\Users\הלל\Desktop\algo projects\trading-research-factory\walk forward engine\.venv\lib\site-packages\optuna\distributions.py:685: UserWarning: The distribution is specified by [0.2, 0.3] and step=0.04999999999999999, but the range is not divisible by `step`. It will be replaced by [0.2, 0.3].
  warnings.warn(
C:\Users\הלל\Desktop\algo projects\trading-research-factory\walk forward engine\.venv\lib\site-packages\optuna\distributions.py:685: UserWarning: The distribution is specified by [0.2, 0.3] and step=0.04999999999999999, but the range is not divisible by `step`. It will be replaced by [0.2, 0.3].
  warnings.warn(
C:\Users\הלל\Desktop\algo projects\trading-research-factory\walk forward engine\.venv\lib\site-packages\optuna\distributions.py:685: UserWarning: The distribution is specified by [0.2, 0.3] and step=0.04999999999999999, but the range is not divisible by `step`. It will be replaced by [0.2, 0.3].
  warnings.warn(
C:\Users\הלל\Desktop\algo projects\trading-research-factory\walk forward engine\.venv\lib\site-packages\optuna\distributions.py:685: UserWarning: The distribution is specified by [0.2, 0.3] and step=0.04999999999999999, but the range is not divisible by `step`. It will be replaced by [0.2, 0.3].
  warnings.warn(
C:\Users\הלל\Desktop\algo projects\trading-research-factory\walk forward engine\.venv\lib\site-packages\optuna\distributions.py:685: UserWarning: The distribution is specified by [0.2, 0.3] and step=0.04999999999999999, but the range is not divisible by `step`. It will be replaced by [0.2, 0.3].
  warnings.warn(
[I 2026-05-31 16:41:06,107] Trial 17 finished with value: 1.9939484796838245 and parameters: {'atr_period': 19, 'st_multiplier': 2.0, 'vol_atr_period': 20, 'vol_scale_min': 0.2, 'vol_scale_max': 1.5, 'trail_mult': 1.5}. Best is trial 1 with value: 2.0143683972402946.
[I 2026-05-31 16:41:06,377] Trial 18 finished with value: 1.9939484796838245 and parameters: {'atr_period': 19, 'st_multiplier': 2.0, 'vol_atr_period': 20, 'vol_scale_min': 0.25, 'vol_scale_max': 1.5, 'trail_mult': 1.5}. Best is trial 1 with value: 2.0143683972402946.
[I 2026-05-31 16:41:06,472] Trial 19 finished with value: 2.0143683972402946 and parameters: {'atr_period': 19, 'st_multiplier': 2.0, 'vol_atr_period': 32, 'vol_scale_min': 0.2, 'vol_scale_max': 1.5, 'trail_mult': 1.5}. Best is trial 1 with value: 2.0143683972402946.
[I 2026-05-31 16:41:06,570] Trial 20 finished with value: 2.2050425232006132 and parameters: {'atr_period': 19, 'st_multiplier': 2.0, 'vol_atr_period': 44, 'vol_scale_min': 0.2, 'vol_scale_max': 1.5, 'trail_mult': 1.5}. Best is trial 20 with value: 2.2050425232006132.
[I 2026-05-31 16:41:06,584] Trial 21 finished with value: 2.229577026657953 and parameters: {'atr_period': 19, 'st_multiplier': 2.0, 'vol_atr_period': 38, 'vol_scale_min': 0.2, 'vol_scale_max': 1.5, 'trail_mult': 1.5}. Best is trial 21 with value: 2.229577026657953.
[I 2026-05-31 16:41:06,600] Trial 22 finished with value: 1.8997169625749193 and parameters: {'atr_period': 19, 'st_multiplier': 2.0, 'vol_atr_period': 32, 'vol_scale_min': 0.2, 'vol_scale_max': 2.0, 'trail_mult': 2.5}. Best is trial 21 with value: 2.229577026657953.
[I 2026-05-31 16:41:06,640] Trial 23 finished with value: 2.2884001185729392 and parameters: {'atr_period': 16, 'st_multiplier': 2.0, 'vol_atr_period': 26, 'vol_scale_min': 0.2, 'vol_scale_max': 1.5, 'trail_mult': 1.5}. Best is trial 23 with value: 2.2884001185729392.
[I 2026-05-31 16:41:06,664] Trial 24 finished with value: 1.8938211841305526 and parameters: {'atr_period': 19, 'st_multiplier': 2.0, 'vol_atr_period': 20, 'vol_scale_min': 0.2, 'vol_scale_max': 1.5, 'trail_mult': 2.0}. Best is trial 23 with value: 2.2884001185729392.
C:\Users\הלל\Desktop\algo projects\trading-research-factory\walk forward engine\.venv\lib\site-packages\optuna\samplers\_tpe\sampler.py:319: ExperimentalWarning: ``multivariate`` option is an experimental feature. The interface can change in the future.
  warnings.warn(
[I 2026-05-31 16:41:06,854] A new study created in memory with name: no-name-2551b7e4-2f38-4a50-b78a-8eadddb38128
C:\Users\הלל\Desktop\algo projects\trading-research-factory\walk forward engine\.venv\lib\site-packages\optuna\distributions.py:700: UserWarning: The distribution is specified by [7, 20] and step=3, but the range is not divisible by `step`. It will be replaced by [7, 19].
  warnings.warn(
C:\Users\הלל\Desktop\algo projects\trading-research-factory\walk forward engine\.venv\lib\site-packages\optuna\distributions.py:685: UserWarning: The distribution is specified by [0.2, 0.3] and step=0.04999999999999999, but the range is not divisible by `step`. It will be replaced by [0.2, 0.3].
  warnings.warn(
C:\Users\הלל\Desktop\algo projects\trading-research-factory\walk forward engine\.venv\lib\site-packages\optuna\distributions.py:685: UserWarning: The distribution is specified by [0.2, 0.3] and step=0.04999999999999999, but the range is not divisible by `step`. It will be replaced by [0.2, 0.3].
  warnings.warn(
C:\Users\הלל\Desktop\algo projects\trading-research-factory\walk forward engine\.venv\lib\site-packages\optuna\distributions.py:700: UserWarning: The distribution is specified by [7, 20] and step=3, but the range is not divisible by `step`. It will be replaced by [7, 19].
  warnings.warn(
C:\Users\הלל\Desktop\algo projects\trading-research-factory\walk forward engine\.venv\lib\site-packages\optuna\distributions.py:685: UserWarning: The distribution is specified by [0.2, 0.3] and step=0.04999999999999999, but the range is not divisible by `step`. It will be replaced by [0.2, 0.3].
  warnings.warn(
[I 2026-05-31 16:41:07,395] Trial 0 finished with value: -9.6 and parameters: {'atr_period': 10, 'st_multiplier': 4.0, 'vol_atr_period': 26, 'vol_scale_min': 0.3, 'vol_scale_max': 2.0, 'trail_mult': 3.0}. Best is trial 0 with value: -9.6.
C:\Users\הלל\Desktop\algo projects\trading-research-factory\walk forward engine\.venv\lib\site-packages\optuna\distributions.py:700: UserWarning: The distribution is specified by [7, 20] and step=3, but the range is not divisible by `step`. It will be replaced by [7, 19].
  warnings.warn(
C:\Users\הלל\Desktop\algo projects\trading-research-factory\walk forward engine\.venv\lib\site-packages\optuna\distributions.py:685: UserWarning: The distribution is specified by [0.2, 0.3] and step=0.04999999999999999, but the range is not divisible by `step`. It will be replaced by [0.2, 0.3].
  warnings.warn(
[I 2026-05-31 16:41:07,661] Trial 3 finished with value: 3.5353191788907536 and parameters: {'atr_period': 10, 'st_multiplier': 2.5, 'vol_atr_period': 50, 'vol_scale_min': 0.25, 'vol_scale_max': 2.0, 'trail_mult': 3.0}. Best is trial 3 with value: 3.5353191788907536.
[I 2026-05-31 16:41:07,681] Trial 6 finished with value: -9.6 and parameters: {'atr_period': 7, 'st_multiplier': 3.5, 'vol_atr_period': 26, 'vol_scale_min': 0.25, 'vol_scale_max': 2.0, 'trail_mult': 2.0}. Best is trial 3 with value: 3.5353191788907536.
C:\Users\הלל\Desktop\algo projects\trading-research-factory\walk forward engine\.venv\lib\site-packages\optuna\distributions.py:700: UserWarning: The distribution is specified by [7, 20] and step=3, but the range is not divisible by `step`. It will be replaced by [7, 19].
  warnings.warn(
