[I 2026-05-31 16:39:59,604] Trial 0 finished with value: -1.6316368599255773 and parameters: {'atr_period': 13, 'st_multiplier': 4.0, 'vol_atr_period': 50, 'vol_scale_min': 0.3, 'vol_scale_max': 1.5, 'trail_mult': 1.5}. Best is trial 0 with value: -1.6316368599255773.
C:\Users\הלל\Desktop\algo projects\trading-research-factory\walk forward engine\.venv\lib\site-packages\optuna\distributions.py:700: UserWarning: The distribution is specified by [7, 20] and step=3, but the range is not divisible by `step`. It will be replaced by [7, 19].
  warnings.warn(
C:\Users\הלל\Desktop\algo projects\trading-research-factory\walk forward engine\.venv\lib\site-packages\optuna\distributions.py:685: UserWarning: The distribution is specified by [0.2, 0.3] and step=0.04999999999999999, but the range is not divisible by `step`. It will be replaced by [0.2, 0.3].
  warnings.warn(
[I 2026-05-31 16:39:59,888] Trial 2 finished with value: -2.0109124843488786 and parameters: {'atr_period': 10, 'st_multiplier': 4.0, 'vol_atr_period': 14, 'vol_scale_min': 0.25, 'vol_scale_max': 2.0, 'trail_mult': 2.5}. Best is trial 0 with value: -1.6316368599255773.
C:\Users\הלל\Desktop\algo projects\trading-research-factory\walk forward engine\.venv\lib\site-packages\optuna\distributions.py:700: UserWarning: The distribution is specified by [7, 20] and step=3, but the range is not divisible by `step`. It will be replaced by [7, 19].
  warnings.warn(
C:\Users\הלל\Desktop\algo projects\trading-research-factory\walk forward engine\.venv\lib\site-packages\optuna\distributions.py:685: UserWarning: The distribution is specified by [0.2, 0.3] and step=0.04999999999999999, but the range is not divisible by `step`. It will be replaced by [0.2, 0.3].
  warnings.warn(
[I 2026-05-31 16:39:59,936] Trial 4 finished with value: -0.9083049375147129 and parameters: {'atr_period': 13, 'st_multiplier': 3.0, 'vol_atr_period': 32, 'vol_scale_min': 0.3, 'vol_scale_max': 2.5, 'trail_mult': 2.0}. Best is trial 4 with value: -0.9083049375147129.
[I 2026-05-31 16:39:59,952] Trial 5 finished with value: -3.1684293680663775 and parameters: {'atr_period': 13, 'st_multiplier': 3.5, 'vol_atr_period': 14, 'vol_scale_min': 0.2, 'vol_scale_max': 1.5, 'trail_mult': 3.0}. Best is trial 4 with value: -0.9083049375147129.
C:\Users\הלל\Desktop\algo projects\trading-research-factory\walk forward engine\.venv\lib\site-packages\optuna\distributions.py:700: UserWarning: The distribution is specified by [7, 20] and step=3, but the range is not divisible by `step`. It will be replaced by [7, 19].
  warnings.warn(
C:\Users\הלל\Desktop\algo projects\trading-research-factory\walk forward engine\.venv\lib\site-packages\optuna\distributions.py:685: UserWarning: The distribution is specified by [0.2, 0.3] and step=0.04999999999999999, but the range is not divisible by `step`. It will be replaced by [0.2, 0.3].
  warnings.warn(
[I 2026-05-31 16:40:00,044] Trial 7 finished with value: -1.06656737800684 and parameters: {'atr_period': 19, 'st_multiplier': 3.0, 'vol_atr_period': 38, 'vol_scale_min': 0.2, 'vol_scale_max': 1.5, 'trail_mult': 2.5}. Best is trial 4 with value: -0.9083049375147129.
C:\Users\הלל\Desktop\algo projects\trading-research-factory\walk forward engine\.venv\lib\site-packages\optuna\distributions.py:685: UserWarning: The distribution is specified by [0.2, 0.3] and step=0.04999999999999999, but the range is not divisible by `step`. It will be replaced by [0.2, 0.3].
  warnings.warn(
C:\Users\הלל\Desktop\algo projects\trading-research-factory\walk forward engine\.venv\lib\site-packages\optuna\distributions.py:700: UserWarning: The distribution is specified by [7, 20] and step=3, but the range is not divisible by `step`. It will be replaced by [7, 19].
  warnings.warn(
[I 2026-05-31 16:40:00,074] Trial 6 finished with value: -2.060947400211437 and parameters: {'atr_period': 16, 'st_multiplier': 4.0, 'vol_atr_period': 44, 'vol_scale_min': 0.25, 'vol_scale_max': 1.5, 'trail_mult': 1.5}. Best is trial 4 with value: -0.9083049375147129.
[I 2026-05-31 16:40:00,074] Trial 1 finished with value: -1.0611436528800788 and parameters: {'atr_period': 13, 'st_multiplier': 2.5, 'vol_atr_period': 44, 'vol_scale_min': 0.25, 'vol_scale_max': 1.5, 'trail_mult': 2.0}. Best is trial 4 with value: -0.9083049375147129.
C:\Users\הלל\Desktop\algo projects\trading-research-factory\walk forward engine\.venv\lib\site-packages\optuna\distributions.py:685: UserWarning: The distribution is specified by [0.2, 0.3] and step=0.04999999999999999, but the range is not divisible by `step`. It will be replaced by [0.2, 0.3].
  warnings.warn(
[I 2026-05-31 16:40:00,074] Trial 3 finished with value: -1.810448599687959 and parameters: {'atr_period': 13, 'st_multiplier': 3.0, 'vol_atr_period': 26, 'vol_scale_min': 0.2, 'vol_scale_max': 2.0, 'trail_mult': 3.0}. Best is trial 4 with value: -0.9083049375147129.
C:\Users\הלל\Desktop\algo projects\trading-research-factory\walk forward engine\.venv\lib\site-packages\optuna\distributions.py:700: UserWarning: The distribution is specified by [7, 20] and step=3, but the range is not divisible by `step`. It will be replaced by [7, 19].
  warnings.warn(
C:\Users\הלל\Desktop\algo projects\trading-research-factory\walk forward engine\.venv\lib\site-packages\optuna\distributions.py:685: UserWarning: The distribution is specified by [0.2, 0.3] and step=0.04999999999999999, but the range is not divisible by `step`. It will be replaced by [0.2, 0.3].
  warnings.warn(
C:\Users\הלל\Desktop\algo projects\trading-research-factory\walk forward engine\.venv\lib\site-packages\optuna\distributions.py:685: UserWarning: The distribution is specified by [0.2, 0.3] and step=0.04999999999999999, but the range is not divisible by `step`. It will be replaced by [0.2, 0.3].
  warnings.warn(
C:\Users\הלל\Desktop\algo projects\trading-research-factory\walk forward engine\.venv\lib\site-packages\optuna\distributions.py:700: UserWarning: The distribution is specified by [7, 20] and step=3, but the range is not divisible by `step`. It will be replaced by [7, 19].
  warnings.warn(
C:\Users\הלל\Desktop\algo projects\trading-research-factory\walk forward engine\.venv\lib\site-packages\optuna\distributions.py:685: UserWarning: The distribution is specified by [0.2, 0.3] and step=0.04999999999999999, but the range is not divisible by `step`. It will be replaced by [0.2, 0.3].
  warnings.warn(
[I 2026-05-31 16:40:00,590] Trial 9 finished with value: -1.6316368599255773 and parameters: {'atr_period': 13, 'st_multiplier': 4.0, 'vol_atr_period': 50, 'vol_scale_min': 0.2, 'vol_scale_max': 1.5, 'trail_mult': 1.5}. Best is trial 4 with value: -0.9083049375147129.
[I 2026-05-31 16:40:00,602] Trial 8 finished with value: -0.5242799151640988 and parameters: {'atr_period': 16, 'st_multiplier': 2.5, 'vol_atr_period': 44, 'vol_scale_min': 0.25, 'vol_scale_max': 2.5, 'trail_mult': 3.0}. Best is trial 8 with value: -0.5242799151640988.
C:\Users\הלל\Desktop\algo projects\trading-research-factory\walk forward engine\.venv\lib\site-packages\optuna\distributions.py:700: UserWarning: The distribution is specified by [7, 20] and step=3, but the range is not divisible by `step`. It will be replaced by [7, 19].
  warnings.warn(
[I 2026-05-31 16:40:00,975] Trial 13 finished with value: -1.039349778950101 and parameters: {'atr_period': 10, 'st_multiplier': 2.5, 'vol_atr_period': 50, 'vol_scale_min': 0.3, 'vol_scale_max': 1.5, 'trail_mult': 1.5}. Best is trial 8 with value: -0.5242799151640988.
C:\Users\הלל\Desktop\algo projects\trading-research-factory\walk forward engine\.venv\lib\site-packages\optuna\distributions.py:685: UserWarning: The distribution is specified by [0.2, 0.3] and step=0.04999999999999999, but the range is not divisible by `step`. It will be replaced by [0.2, 0.3].
  warnings.warn(
C:\Users\הלל\Desktop\algo projects\trading-research-factory\walk forward engine\.venv\lib\site-packages\optuna\distributions.py:685: UserWarning: The distribution is specified by [0.2, 0.3] and step=0.04999999999999999, but the range is not divisible by `step`. It will be replaced by [0.2, 0.3].
  warnings.warn(
C:\Users\הלל\Desktop\algo projects\trading-research-factory\walk forward engine\.venv\lib\site-packages\optuna\distributions.py:700: UserWarning: The distribution is specified by [7, 20] and step=3, but the range is not divisible by `step`. It will be replaced by [7, 19].
  warnings.warn(
[I 2026-05-31 16:40:01,133] Trial 12 finished with value: -0.5461569961187674 and parameters: {'atr_period': 19, 'st_multiplier': 2.5, 'vol_atr_period': 44, 'vol_scale_min': 0.2, 'vol_scale_max': 2.5, 'trail_mult': 3.0}. Best is trial 8 with value: -0.5242799151640988.
[I 2026-05-31 16:40:01,135] Trial 14 finished with value: -1.0438861023828814 and parameters: {'atr_period': 10, 'st_multiplier': 2.5, 'vol_atr_period': 26, 'vol_scale_min': 0.25, 'vol_scale_max': 2.0, 'trail_mult': 1.5}. Best is trial 8 with value: -0.5242799151640988.
[I 2026-05-31 16:40:01,170] Trial 11 finished with value: -0.7574411440785992 and parameters: {'atr_period': 7, 'st_multiplier': 2.0, 'vol_atr_period': 38, 'vol_scale_min': 0.25, 'vol_scale_max': 1.5, 'trail_mult': 3.0}. Best is trial 8 with value: -0.5242799151640988.
[I 2026-05-31 16:40:01,170] Trial 10 finished with value: -3.731057934156864 and parameters: {'atr_period': 10, 'st_multiplier': 3.5, 'vol_atr_period': 44, 'vol_scale_min': 0.25, 'vol_scale_max': 2.0, 'trail_mult': 2.0}. Best is trial 8 with value: -0.5242799151640988.
[I 2026-05-31 16:40:01,342] Trial 15 finished with value: -0.18029522234952214 and parameters: {'atr_period': 7, 'st_multiplier': 4.0, 'vol_atr_period': 44, 'vol_scale_min': 0.2, 'vol_scale_max': 2.0, 'trail_mult': 3.0}. Best is trial 15 with value: -0.18029522234952214.
C:\Users\הלל\Desktop\algo projects\trading-research-factory\walk forward engine\.venv\lib\site-packages\optuna\distributions.py:685: UserWarning: The distribution is specified by [0.2, 0.3] and step=0.04999999999999999, but the range is not divisible by `step`. It will be replaced by [0.2, 0.3].
  warnings.warn(
C:\Users\הלל\Desktop\algo projects\trading-research-factory\walk forward engine\.venv\lib\site-packages\optuna\distributions.py:700: UserWarning: The distribution is specified by [7, 20] and step=3, but the range is not divisible by `step`. It will be replaced by [7, 19].
  warnings.warn(
C:\Users\הלל\Desktop\algo projects\trading-research-factory\walk forward engine\.venv\lib\site-packages\optuna\distributions.py:685: UserWarning: The distribution is specified by [0.2, 0.3] and step=0.04999999999999999, but the range is not divisible by `step`. It will be replaced by [0.2, 0.3].
  warnings.warn(
C:\Users\הלל\Desktop\algo projects\trading-research-factory\walk forward engine\.venv\lib\site-packages\optuna\distributions.py:685: UserWarning: The distribution is specified by [0.2, 0.3] and step=0.04999999999999999, but the range is not divisible by `step`. It will be replaced by [0.2, 0.3].
  warnings.warn(
C:\Users\הלל\Desktop\algo projects\trading-research-factory\walk forward engine\.venv\lib\site-packages\optuna\distributions.py:685: UserWarning: The distribution is specified by [0.2, 0.3] and step=0.04999999999999999, but the range is not divisible by `step`. It will be replaced by [0.2, 0.3].
  warnings.warn(
C:\Users\הלל\Desktop\algo projects\trading-research-factory\walk forward engine\.venv\lib\site-packages\optuna\distributions.py:685: UserWarning: The distribution is specified by [0.2, 0.3] and step=0.04999999999999999, but the range is not divisible by `step`. It will be replaced by [0.2, 0.3].
  warnings.warn(
[I 2026-05-31 16:40:02,130] Trial 17 finished with value: -0.7084396528343092 and parameters: {'atr_period': 16, 'st_multiplier': 2.5, 'vol_atr_period': 32, 'vol_scale_min': 0.25, 'vol_scale_max': 2.5, 'trail_mult': 3.0}. Best is trial 15 with value: -0.18029522234952214.
C:\Users\הלל\Desktop\algo projects\trading-research-factory\walk forward engine\.venv\lib\site-packages\optuna\distributions.py:700: UserWarning: The distribution is specified by [7, 20] and step=3, but the range is not divisible by `step`. It will be replaced by [7, 19].
  warnings.warn(
[I 2026-05-31 16:40:02,613] Trial 18 finished with value: -0.19276235896252775 and parameters: {'atr_period': 16, 'st_multiplier': 2.5, 'vol_atr_period': 50, 'vol_scale_min': 0.25, 'vol_scale_max': 2.5, 'trail_mult': 2.5}. Best is trial 15 with value: -0.18029522234952214.
[I 2026-05-31 16:40:02,615] Trial 16 finished with value: -0.828989816663716 and parameters: {'atr_period': 16, 'st_multiplier': 2.0, 'vol_atr_period': 38, 'vol_scale_min': 0.3, 'vol_scale_max': 2.5, 'trail_mult': 3.0}. Best is trial 15 with value: -0.18029522234952214.
C:\Users\הלל\Desktop\algo projects\trading-research-factory\walk forward engine\.venv\lib\site-packages\optuna\distributions.py:685: UserWarning: The distribution is specified by [0.2, 0.3] and step=0.04999999999999999, but the range is not divisible by `step`. It will be replaced by [0.2, 0.3].
  warnings.warn(
[I 2026-05-31 16:40:03,026] Trial 20 finished with value: -0.5461569961187674 and parameters: {'atr_period': 19, 'st_multiplier': 2.5, 'vol_atr_period': 44, 'vol_scale_min': 0.2, 'vol_scale_max': 2.5, 'trail_mult': 3.0}. Best is trial 15 with value: -0.18029522234952214.
[I 2026-05-31 16:40:03,141] Trial 19 finished with value: -0.5242799151640988 and parameters: {'atr_period': 16, 'st_multiplier': 2.5, 'vol_atr_period': 44, 'vol_scale_min': 0.25, 'vol_scale_max': 2.5, 'trail_mult': 3.0}. Best is trial 15 with value: -0.18029522234952214.
[I 2026-05-31 16:40:03,173] Trial 22 finished with value: -0.5480501104335624 and parameters: {'atr_period': 19, 'st_multiplier': 2.5, 'vol_atr_period': 50, 'vol_scale_min': 0.2, 'vol_scale_max': 2.5, 'trail_mult': 3.0}. Best is trial 15 with value: -0.18029522234952214.
[I 2026-05-31 16:40:03,173] Trial 21 finished with value: -0.5489746829762902 and parameters: {'atr_period': 16, 'st_multiplier': 2.5, 'vol_atr_period': 50, 'vol_scale_min': 0.2, 'vol_scale_max': 2.5, 'trail_mult': 3.0}. Best is trial 15 with value: -0.18029522234952214.
[I 2026-05-31 16:40:03,196] Trial 23 finished with value: -1.0324144707016754 and parameters: {'atr_period': 10, 'st_multiplier': 3.5, 'vol_atr_period': 50, 'vol_scale_min': 0.2, 'vol_scale_max': 2.0, 'trail_mult': 3.0}. Best is trial 15 with value: -0.18029522234952214.
[I 2026-05-31 16:40:03,271] Trial 24 finished with value: -0.16714694766006136 and parameters: {'atr_period': 7, 'st_multiplier': 4.0, 'vol_atr_period': 38, 'vol_scale_min': 0.2, 'vol_scale_max': 1.5, 'trail_mult': 3.0}. Best is trial 24 with value: -0.16714694766006136.
C:\Users\הלל\Desktop\algo projects\trading-research-factory\walk forward engine\.venv\lib\site-packages\optuna\samplers\_tpe\sampler.py:319: ExperimentalWarning: ``multivariate`` option is an experimental feature. The interface can change in the future.
  warnings.warn(
[I 2026-05-31 16:40:03,409] A new study created in memory with name: no-name-7bb39a2a-df7b-43f6-8abb-1b9925ae4329
C:\Users\הלל\Desktop\algo projects\trading-research-factory\walk forward engine\.venv\lib\site-packages\optuna\distributions.py:700: UserWarning: The distribution is specified by [7, 20] and step=3, but the range is not divisible by `step`. It will be replaced by [7, 19].
  warnings.warn(
C:\Users\הלל\Desktop\algo projects\trading-research-factory\walk forward engine\.venv\lib\site-packages\optuna\distributions.py:685: UserWarning: The distribution is specified by [0.2, 0.3] and step=0.04999999999999999, but the range is not divisible by `step`. It will be replaced by [0.2, 0.3].
  warnings.warn(
C:\Users\הלל\Desktop\algo projects\trading-research-factory\walk forward engine\.venv\lib\site-packages\optuna\distributions.py:700: UserWarning: The distribution is specified by [7, 20] and step=3, but the range is not divisible by `step`. It will be replaced by [7, 19].
  warnings.warn(
C:\Users\הלל\Desktop\algo projects\trading-research-factory\walk forward engine\.venv\lib\site-packages\optuna\distributions.py:685: UserWarning: The distribution is specified by [0.2, 0.3] and step=0.04999999999999999, but the range is not divisible by `step`. It will be replaced by [0.2, 0.3].
  warnings.warn(
[I 2026-05-31 16:40:04,247] Trial 0 finished with value: -1.1274620454701114 and parameters: {'atr_period': 16, 'st_multiplier': 3.5, 'vol_atr_period': 20, 'vol_scale_min': 0.3, 'vol_scale_max': 2.0, 'trail_mult': 3.0}. Best is trial 0 with value: -1.1274620454701114.
C:\Users\הלל\Desktop\algo projects\trading-research-factory\walk forward engine\.venv\lib\site-packages\optuna\distributions.py:700: UserWarning: The distribution is specified by [7, 20] and step=3, but the range is not divisible by `step`. It will be replaced by [7, 19].
  warnings.warn(
C:\Users\הלל\Desktop\algo projects\trading-research-factory\walk forward engine\.venv\lib\site-packages\optuna\distributions.py:685: UserWarning: The distribution is specified by [0.2, 0.3] and step=0.04999999999999999, but the range is not divisible by `step`. It will be replaced by [0.2, 0.3].
  warnings.warn(
[I 2026-05-31 16:40:04,354] Trial 2 finished with value: 0.03282959994788709 and parameters: {'atr_period': 7, 'st_multiplier': 3.5, 'vol_atr_period': 20, 'vol_scale_min': 0.3, 'vol_scale_max': 2.0, 'trail_mult': 2.5}. Best is trial 2 with value: 0.03282959994788709.
C:\Users\הלל\Desktop\algo projects\trading-research-factory\walk forward engine\.venv\lib\site-packages\optuna\distributions.py:700: UserWarning: The distribution is specified by [7, 20] and step=3, but the range is not divisible by `step`. It will be replaced by [7, 19].
  warnings.warn(
C:\Users\הלל\Desktop\algo projects\trading-research-factory\walk forward engine\.venv\lib\site-packages\optuna\distributions.py:685: UserWarning: The distribution is specified by [0.2, 0.3] and step=0.04999999999999999, but the range is not divisible by `step`. It will be replaced by [0.2, 0.3].
  warnings.warn(
[I 2026-05-31 16:40:04,770] Trial 6 finished with value: -2.4412443020210186 and parameters: {'atr_period': 13, 'st_multiplier': 4.0, 'vol_atr_period': 32, 'vol_scale_min': 0.3, 'vol_scale_max': 2.5, 'trail_mult': 2.0}. Best is trial 2 with value: 0.03282959994788709.
[I 2026-05-31 16:40:04,789] Trial 4 finished with value: -1.1760517258945655 and parameters: {'atr_period': 7, 'st_multiplier': 2.0, 'vol_atr_period': 38, 'vol_scale_min': 0.2, 'vol_scale_max': 1.5, 'trail_mult': 2.5}. Best is trial 2 with value: 0.03282959994788709.
C:\Users\הלל\Desktop\algo projects\trading-research-factory\walk forward engine\.venv\lib\site-packages\optuna\distributions.py:700: UserWarning: The distribution is specified by [7, 20] and step=3, but the range is not divisible by `step`. It will be replaced by [7, 19].
  warnings.warn(
C:\Users\הלל\Desktop\algo projects\trading-research-factory\walk forward engine\.venv\lib\site-packages\optuna\distributions.py:685: UserWarning: The distribution is specified by [0.2, 0.3] and step=0.04999999999999999, but the range is not divisible by `step`. It will be replaced by [0.2, 0.3].
  warnings.warn(
[I 2026-05-31 16:40:04,878] Trial 1 finished with value: -0.8993580352627628 and parameters: {'atr_period': 16, 'st_multiplier': 2.0, 'vol_atr_period': 32, 'vol_scale_min': 0.25, 'vol_scale_max': 2.5, 'trail_mult': 2.0}. Best is trial 2 with value: 0.03282959994788709.
[I 2026-05-31 16:40:04,892] Trial 7 finished with value: -0.08239195197448221 and parameters: {'atr_period': 13, 'st_multiplier': 3.0, 'vol_atr_period': 38, 'vol_scale_min': 0.25, 'vol_scale_max': 2.5, 'trail_mult': 2.0}. Best is trial 2 with value: 0.03282959994788709.
C:\Users\הלל\Desktop\algo projects\trading-research-factory\walk forward engine\.venv\lib\site-packages\optuna\distributions.py:700: UserWarning: The distribution is specified by [7, 20] and step=3, but the range is not divisible by `step`. It will be replaced by [7, 19].
  warnings.warn(
C:\Users\הלל\Desktop\algo projects\trading-research-factory\walk forward engine\.venv\lib\site-packages\optuna\distributions.py:685: UserWarning: The distribution is specified by [0.2, 0.3] and step=0.04999999999999999, but the range is not divisible by `step`. It will be replaced by [0.2, 0.3].
  warnings.warn(
[I 2026-05-31 16:40:05,078] Trial 3 finished with value: -1.1700061595585425 and parameters: {'atr_period': 10, 'st_multiplier': 2.0, 'vol_atr_period': 14, 'vol_scale_min': 0.3, 'vol_scale_max': 2.0, 'trail_mult': 2.0}. Best is trial 2 with value: 0.03282959994788709.
C:\Users\הלל\Desktop\algo projects\trading-research-factory\walk forward engine\.venv\lib\site-packages\optuna\distributions.py:700: UserWarning: The distribution is specified by [7, 20] and step=3, but the range is not divisible by `step`. It will be replaced by [7, 19].
  warnings.warn(
C:\Users\הלל\Desktop\algo projects\trading-research-factory\walk forward engine\.venv\lib\site-packages\optuna\distributions.py:685: UserWarning: The distribution is specified by [0.2, 0.3] and step=0.04999999999999999, but the range is not divisible by `step`. It will be replaced by [0.2, 0.3].
  warnings.warn(
