[I 2026-05-31 16:39:48,532] Trial 20 finished with value: 3.5296716228472422 and parameters: {'atr_period': 13, 'st_multiplier': 2.0, 'vol_atr_period': 20, 'vol_scale_min': 0.2, 'vol_scale_max': 2.0, 'trail_mult': 3.0}. Best is trial 16 with value: 4.013421668032636.
[I 2026-05-31 16:39:48,574] Trial 21 finished with value: 3.3858420532130697 and parameters: {'atr_period': 10, 'st_multiplier': 2.0, 'vol_atr_period': 26, 'vol_scale_min': 0.25, 'vol_scale_max': 2.5, 'trail_mult': 3.0}. Best is trial 16 with value: 4.013421668032636.
[I 2026-05-31 16:39:48,593] Trial 23 finished with value: 3.8538763407280032 and parameters: {'atr_period': 7, 'st_multiplier': 2.0, 'vol_atr_period': 50, 'vol_scale_min': 0.2, 'vol_scale_max': 2.5, 'trail_mult': 1.5}. Best is trial 16 with value: 4.013421668032636.
[I 2026-05-31 16:39:48,706] Trial 24 finished with value: 3.467250342130614 and parameters: {'atr_period': 16, 'st_multiplier': 2.0, 'vol_atr_period': 50, 'vol_scale_min': 0.3, 'vol_scale_max': 2.5, 'trail_mult': 1.5}. Best is trial 16 with value: 4.013421668032636.
C:\Users\הלל\Desktop\algo projects\trading-research-factory\walk forward engine\.venv\lib\site-packages\optuna\samplers\_tpe\sampler.py:319: ExperimentalWarning: ``multivariate`` option is an experimental feature. The interface can change in the future.
  warnings.warn(
[I 2026-05-31 16:39:49,021] A new study created in memory with name: no-name-e88ba746-de07-46ac-bc11-eca1f6964ecc
C:\Users\הלל\Desktop\algo projects\trading-research-factory\walk forward engine\.venv\lib\site-packages\optuna\distributions.py:700: UserWarning: The distribution is specified by [7, 20] and step=3, but the range is not divisible by `step`. It will be replaced by [7, 19].
  warnings.warn(
C:\Users\הלל\Desktop\algo projects\trading-research-factory\walk forward engine\.venv\lib\site-packages\optuna\distributions.py:685: UserWarning: The distribution is specified by [0.2, 0.3] and step=0.04999999999999999, but the range is not divisible by `step`. It will be replaced by [0.2, 0.3].
  warnings.warn(
C:\Users\הלל\Desktop\algo projects\trading-research-factory\walk forward engine\.venv\lib\site-packages\optuna\distributions.py:700: UserWarning: The distribution is specified by [7, 20] and step=3, but the range is not divisible by `step`. It will be replaced by [7, 19].
  warnings.warn(
C:\Users\הלל\Desktop\algo projects\trading-research-factory\walk forward engine\.venv\lib\site-packages\optuna\distributions.py:685: UserWarning: The distribution is specified by [0.2, 0.3] and step=0.04999999999999999, but the range is not divisible by `step`. It will be replaced by [0.2, 0.3].
  warnings.warn(
C:\Users\הלל\Desktop\algo projects\trading-research-factory\walk forward engine\.venv\lib\site-packages\optuna\distributions.py:700: UserWarning: The distribution is specified by [7, 20] and step=3, but the range is not divisible by `step`. It will be replaced by [7, 19].
  warnings.warn(
C:\Users\הלל\Desktop\algo projects\trading-research-factory\walk forward engine\.venv\lib\site-packages\optuna\distributions.py:685: UserWarning: The distribution is specified by [0.2, 0.3] and step=0.04999999999999999, but the range is not divisible by `step`. It will be replaced by [0.2, 0.3].
  warnings.warn(
C:\Users\הלל\Desktop\algo projects\trading-research-factory\walk forward engine\.venv\lib\site-packages\optuna\distributions.py:700: UserWarning: The distribution is specified by [7, 20] and step=3, but the range is not divisible by `step`. It will be replaced by [7, 19].
  warnings.warn(
C:\Users\הלל\Desktop\algo projects\trading-research-factory\walk forward engine\.venv\lib\site-packages\optuna\distributions.py:685: UserWarning: The distribution is specified by [0.2, 0.3] and step=0.04999999999999999, but the range is not divisible by `step`. It will be replaced by [0.2, 0.3].
  warnings.warn(
C:\Users\הלל\Desktop\algo projects\trading-research-factory\walk forward engine\.venv\lib\site-packages\optuna\distributions.py:700: UserWarning: The distribution is specified by [7, 20] and step=3, but the range is not divisible by `step`. It will be replaced by [7, 19].
  warnings.warn(
C:\Users\הלל\Desktop\algo projects\trading-research-factory\walk forward engine\.venv\lib\site-packages\optuna\distributions.py:685: UserWarning: The distribution is specified by [0.2, 0.3] and step=0.04999999999999999, but the range is not divisible by `step`. It will be replaced by [0.2, 0.3].
  warnings.warn(
C:\Users\הלל\Desktop\algo projects\trading-research-factory\walk forward engine\.venv\lib\site-packages\optuna\distributions.py:700: UserWarning: The distribution is specified by [7, 20] and step=3, but the range is not divisible by `step`. It will be replaced by [7, 19].
  warnings.warn(
C:\Users\הלל\Desktop\algo projects\trading-research-factory\walk forward engine\.venv\lib\site-packages\optuna\distributions.py:685: UserWarning: The distribution is specified by [0.2, 0.3] and step=0.04999999999999999, but the range is not divisible by `step`. It will be replaced by [0.2, 0.3].
  warnings.warn(
[I 2026-05-31 16:39:49,990] Trial 0 finished with value: -1.0756227027891478 and parameters: {'atr_period': 13, 'st_multiplier': 2.5, 'vol_atr_period': 26, 'vol_scale_min': 0.2, 'vol_scale_max': 1.5, 'trail_mult': 1.5}. Best is trial 0 with value: -1.0756227027891478.
C:\Users\הלל\Desktop\algo projects\trading-research-factory\walk forward engine\.venv\lib\site-packages\optuna\distributions.py:700: UserWarning: The distribution is specified by [7, 20] and step=3, but the range is not divisible by `step`. It will be replaced by [7, 19].
  warnings.warn(
C:\Users\הלל\Desktop\algo projects\trading-research-factory\walk forward engine\.venv\lib\site-packages\optuna\distributions.py:685: UserWarning: The distribution is specified by [0.2, 0.3] and step=0.04999999999999999, but the range is not divisible by `step`. It will be replaced by [0.2, 0.3].
  warnings.warn(
[I 2026-05-31 16:39:50,232] Trial 1 finished with value: 0.5586561504305763 and parameters: {'atr_period': 16, 'st_multiplier': 2.0, 'vol_atr_period': 38, 'vol_scale_min': 0.3, 'vol_scale_max': 2.5, 'trail_mult': 2.5}. Best is trial 1 with value: 0.5586561504305763.
C:\Users\הלל\Desktop\algo projects\trading-research-factory\walk forward engine\.venv\lib\site-packages\optuna\distributions.py:700: UserWarning: The distribution is specified by [7, 20] and step=3, but the range is not divisible by `step`. It will be replaced by [7, 19].
  warnings.warn(
[I 2026-05-31 16:39:50,340] Trial 3 finished with value: -2.125603449563851 and parameters: {'atr_period': 16, 'st_multiplier': 2.0, 'vol_atr_period': 26, 'vol_scale_min': 0.25, 'vol_scale_max': 2.5, 'trail_mult': 2.0}. Best is trial 1 with value: 0.5586561504305763.
C:\Users\הלל\Desktop\algo projects\trading-research-factory\walk forward engine\.venv\lib\site-packages\optuna\distributions.py:685: UserWarning: The distribution is specified by [0.2, 0.3] and step=0.04999999999999999, but the range is not divisible by `step`. It will be replaced by [0.2, 0.3].
  warnings.warn(
[I 2026-05-31 16:39:50,344] Trial 5 finished with value: 1.51112664603014 and parameters: {'atr_period': 13, 'st_multiplier': 3.0, 'vol_atr_period': 44, 'vol_scale_min': 0.25, 'vol_scale_max': 1.5, 'trail_mult': 2.0}. Best is trial 5 with value: 1.51112664603014.
C:\Users\הלל\Desktop\algo projects\trading-research-factory\walk forward engine\.venv\lib\site-packages\optuna\distributions.py:700: UserWarning: The distribution is specified by [7, 20] and step=3, but the range is not divisible by `step`. It will be replaced by [7, 19].
  warnings.warn(
[I 2026-05-31 16:39:50,402] Trial 6 finished with value: -1.0936187142921818 and parameters: {'atr_period': 16, 'st_multiplier': 3.0, 'vol_atr_period': 32, 'vol_scale_min': 0.25, 'vol_scale_max': 1.5, 'trail_mult': 2.0}. Best is trial 5 with value: 1.51112664603014.
[I 2026-05-31 16:39:50,447] Trial 4 finished with value: 0.7814701452401622 and parameters: {'atr_period': 10, 'st_multiplier': 2.0, 'vol_atr_period': 26, 'vol_scale_min': 0.25, 'vol_scale_max': 2.5, 'trail_mult': 2.5}. Best is trial 5 with value: 1.51112664603014.
C:\Users\הלל\Desktop\algo projects\trading-research-factory\walk forward engine\.venv\lib\site-packages\optuna\distributions.py:685: UserWarning: The distribution is specified by [0.2, 0.3] and step=0.04999999999999999, but the range is not divisible by `step`. It will be replaced by [0.2, 0.3].
  warnings.warn(
[I 2026-05-31 16:39:50,496] Trial 2 finished with value: 0.9872669158204108 and parameters: {'atr_period': 7, 'st_multiplier': 2.5, 'vol_atr_period': 32, 'vol_scale_min': 0.25, 'vol_scale_max': 2.0, 'trail_mult': 3.0}. Best is trial 5 with value: 1.51112664603014.
C:\Users\הלל\Desktop\algo projects\trading-research-factory\walk forward engine\.venv\lib\site-packages\optuna\distributions.py:700: UserWarning: The distribution is specified by [7, 20] and step=3, but the range is not divisible by `step`. It will be replaced by [7, 19].
  warnings.warn(
C:\Users\הלל\Desktop\algo projects\trading-research-factory\walk forward engine\.venv\lib\site-packages\optuna\distributions.py:685: UserWarning: The distribution is specified by [0.2, 0.3] and step=0.04999999999999999, but the range is not divisible by `step`. It will be replaced by [0.2, 0.3].
  warnings.warn(
C:\Users\הלל\Desktop\algo projects\trading-research-factory\walk forward engine\.venv\lib\site-packages\optuna\distributions.py:700: UserWarning: The distribution is specified by [7, 20] and step=3, but the range is not divisible by `step`. It will be replaced by [7, 19].
  warnings.warn(
C:\Users\הלל\Desktop\algo projects\trading-research-factory\walk forward engine\.venv\lib\site-packages\optuna\distributions.py:685: UserWarning: The distribution is specified by [0.2, 0.3] and step=0.04999999999999999, but the range is not divisible by `step`. It will be replaced by [0.2, 0.3].
  warnings.warn(
[I 2026-05-31 16:39:50,568] Trial 7 finished with value: -1.5308414198846059 and parameters: {'atr_period': 16, 'st_multiplier': 2.0, 'vol_atr_period': 50, 'vol_scale_min': 0.3, 'vol_scale_max': 2.5, 'trail_mult': 1.5}. Best is trial 5 with value: 1.51112664603014.
C:\Users\הלל\Desktop\algo projects\trading-research-factory\walk forward engine\.venv\lib\site-packages\optuna\distributions.py:700: UserWarning: The distribution is specified by [7, 20] and step=3, but the range is not divisible by `step`. It will be replaced by [7, 19].
  warnings.warn(
C:\Users\הלל\Desktop\algo projects\trading-research-factory\walk forward engine\.venv\lib\site-packages\optuna\distributions.py:685: UserWarning: The distribution is specified by [0.2, 0.3] and step=0.04999999999999999, but the range is not divisible by `step`. It will be replaced by [0.2, 0.3].
  warnings.warn(
[I 2026-05-31 16:39:51,247] Trial 8 finished with value: -2.6534652094010998 and parameters: {'atr_period': 19, 'st_multiplier': 4.0, 'vol_atr_period': 32, 'vol_scale_min': 0.3, 'vol_scale_max': 2.0, 'trail_mult': 3.0}. Best is trial 5 with value: 1.51112664603014.
C:\Users\הלל\Desktop\algo projects\trading-research-factory\walk forward engine\.venv\lib\site-packages\optuna\distributions.py:700: UserWarning: The distribution is specified by [7, 20] and step=3, but the range is not divisible by `step`. It will be replaced by [7, 19].
  warnings.warn(
C:\Users\הלל\Desktop\algo projects\trading-research-factory\walk forward engine\.venv\lib\site-packages\optuna\distributions.py:685: UserWarning: The distribution is specified by [0.2, 0.3] and step=0.04999999999999999, but the range is not divisible by `step`. It will be replaced by [0.2, 0.3].
  warnings.warn(
[I 2026-05-31 16:39:51,453] Trial 9 finished with value: -0.8145674753889303 and parameters: {'atr_period': 16, 'st_multiplier': 3.0, 'vol_atr_period': 20, 'vol_scale_min': 0.3, 'vol_scale_max': 2.5, 'trail_mult': 1.5}. Best is trial 5 with value: 1.51112664603014.
C:\Users\הלל\Desktop\algo projects\trading-research-factory\walk forward engine\.venv\lib\site-packages\optuna\distributions.py:700: UserWarning: The distribution is specified by [7, 20] and step=3, but the range is not divisible by `step`. It will be replaced by [7, 19].
  warnings.warn(
[I 2026-05-31 16:39:51,571] Trial 11 finished with value: -0.9535143261018109 and parameters: {'atr_period': 19, 'st_multiplier': 2.5, 'vol_atr_period': 38, 'vol_scale_min': 0.3, 'vol_scale_max': 1.5, 'trail_mult': 1.5}. Best is trial 5 with value: 1.51112664603014.
C:\Users\הלל\Desktop\algo projects\trading-research-factory\walk forward engine\.venv\lib\site-packages\optuna\distributions.py:685: UserWarning: The distribution is specified by [0.2, 0.3] and step=0.04999999999999999, but the range is not divisible by `step`. It will be replaced by [0.2, 0.3].
  warnings.warn(
C:\Users\הלל\Desktop\algo projects\trading-research-factory\walk forward engine\.venv\lib\site-packages\optuna\distributions.py:685: UserWarning: The distribution is specified by [0.2, 0.3] and step=0.04999999999999999, but the range is not divisible by `step`. It will be replaced by [0.2, 0.3].
  warnings.warn(
[I 2026-05-31 16:39:51,856] Trial 10 finished with value: -0.8592205487875062 and parameters: {'atr_period': 13, 'st_multiplier': 3.0, 'vol_atr_period': 20, 'vol_scale_min': 0.3, 'vol_scale_max': 2.0, 'trail_mult': 1.5}. Best is trial 5 with value: 1.51112664603014.
[I 2026-05-31 16:39:51,889] Trial 12 finished with value: 0.8075626629755782 and parameters: {'atr_period': 10, 'st_multiplier': 2.0, 'vol_atr_period': 20, 'vol_scale_min': 0.25, 'vol_scale_max': 2.5, 'trail_mult': 2.5}. Best is trial 5 with value: 1.51112664603014.
[I 2026-05-31 16:39:51,914] Trial 15 finished with value: 1.740630401318499 and parameters: {'atr_period': 7, 'st_multiplier': 4.0, 'vol_atr_period': 50, 'vol_scale_min': 0.25, 'vol_scale_max': 2.5, 'trail_mult': 2.5}. Best is trial 15 with value: 1.740630401318499.
[I 2026-05-31 16:39:51,917] Trial 13 finished with value: 0.4995089794830486 and parameters: {'atr_period': 19, 'st_multiplier': 2.0, 'vol_atr_period': 38, 'vol_scale_min': 0.2, 'vol_scale_max': 2.0, 'trail_mult': 3.0}. Best is trial 15 with value: 1.740630401318499.
C:\Users\הלל\Desktop\algo projects\trading-research-factory\walk forward engine\.venv\lib\site-packages\optuna\distributions.py:700: UserWarning: The distribution is specified by [7, 20] and step=3, but the range is not divisible by `step`. It will be replaced by [7, 19].
  warnings.warn(
C:\Users\הלל\Desktop\algo projects\trading-research-factory\walk forward engine\.venv\lib\site-packages\optuna\distributions.py:700: UserWarning: The distribution is specified by [7, 20] and step=3, but the range is not divisible by `step`. It will be replaced by [7, 19].
  warnings.warn(
[I 2026-05-31 16:39:52,066] Trial 14 finished with value: 0.25897883971114527 and parameters: {'atr_period': 10, 'st_multiplier': 4.0, 'vol_atr_period': 20, 'vol_scale_min': 0.3, 'vol_scale_max': 2.5, 'trail_mult': 1.5}. Best is trial 15 with value: 1.740630401318499.
C:\Users\הלל\Desktop\algo projects\trading-research-factory\walk forward engine\.venv\lib\site-packages\optuna\distributions.py:700: UserWarning: The distribution is specified by [7, 20] and step=3, but the range is not divisible by `step`. It will be replaced by [7, 19].
  warnings.warn(
C:\Users\הלל\Desktop\algo projects\trading-research-factory\walk forward engine\.venv\lib\site-packages\optuna\distributions.py:685: UserWarning: The distribution is specified by [0.2, 0.3] and step=0.04999999999999999, but the range is not divisible by `step`. It will be replaced by [0.2, 0.3].
  warnings.warn(
[I 2026-05-31 16:39:52,338] Trial 16 finished with value: -0.8313095796851591 and parameters: {'atr_period': 10, 'st_multiplier': 3.0, 'vol_atr_period': 38, 'vol_scale_min': 0.3, 'vol_scale_max': 1.5, 'trail_mult': 1.5}. Best is trial 15 with value: 1.740630401318499.
C:\Users\הלל\Desktop\algo projects\trading-research-factory\walk forward engine\.venv\lib\site-packages\optuna\distributions.py:700: UserWarning: The distribution is specified by [7, 20] and step=3, but the range is not divisible by `step`. It will be replaced by [7, 19].
  warnings.warn(
C:\Users\הלל\Desktop\algo projects\trading-research-factory\walk forward engine\.venv\lib\site-packages\optuna\distributions.py:685: UserWarning: The distribution is specified by [0.2, 0.3] and step=0.04999999999999999, but the range is not divisible by `step`. It will be replaced by [0.2, 0.3].
  warnings.warn(
C:\Users\הלל\Desktop\algo projects\trading-research-factory\walk forward engine\.venv\lib\site-packages\optuna\distributions.py:685: UserWarning: The distribution is specified by [0.2, 0.3] and step=0.04999999999999999, but the range is not divisible by `step`. It will be replaced by [0.2, 0.3].
  warnings.warn(
C:\Users\הלל\Desktop\algo projects\trading-research-factory\walk forward engine\.venv\lib\site-packages\optuna\distributions.py:685: UserWarning: The distribution is specified by [0.2, 0.3] and step=0.04999999999999999, but the range is not divisible by `step`. It will be replaced by [0.2, 0.3].
  warnings.warn(
[I 2026-05-31 16:39:52,770] Trial 17 finished with value: -0.8461684356885405 and parameters: {'atr_period': 13, 'st_multiplier': 3.0, 'vol_atr_period': 50, 'vol_scale_min': 0.25, 'vol_scale_max': 1.5, 'trail_mult': 1.5}. Best is trial 15 with value: 1.740630401318499.
C:\Users\הלל\Desktop\algo projects\trading-research-factory\walk forward engine\.venv\lib\site-packages\optuna\distributions.py:685: UserWarning: The distribution is specified by [0.2, 0.3] and step=0.04999999999999999, but the range is not divisible by `step`. It will be replaced by [0.2, 0.3].
  warnings.warn(
[I 2026-05-31 16:39:53,161] Trial 18 finished with value: 1.016288881288784 and parameters: {'atr_period': 7, 'st_multiplier': 2.5, 'vol_atr_period': 38, 'vol_scale_min': 0.25, 'vol_scale_max': 2.0, 'trail_mult': 3.0}. Best is trial 15 with value: 1.740630401318499.
[I 2026-05-31 16:39:53,602] Trial 21 finished with value: 1.7422164598728107 and parameters: {'atr_period': 7, 'st_multiplier': 4.0, 'vol_atr_period': 44, 'vol_scale_min': 0.2, 'vol_scale_max': 2.5, 'trail_mult': 2.5}. Best is trial 21 with value: 1.7422164598728107.
[I 2026-05-31 16:39:53,697] Trial 19 finished with value: 1.6242614404064648 and parameters: {'atr_period': 7, 'st_multiplier': 4.0, 'vol_atr_period': 44, 'vol_scale_min': 0.25, 'vol_scale_max': 2.5, 'trail_mult': 3.0}. Best is trial 21 with value: 1.7422164598728107.
[I 2026-05-31 16:39:53,789] Trial 23 finished with value: 1.432556604220832 and parameters: {'atr_period': 10, 'st_multiplier': 3.5, 'vol_atr_period': 44, 'vol_scale_min': 0.25, 'vol_scale_max': 2.5, 'trail_mult': 2.0}. Best is trial 21 with value: 1.7422164598728107.
[I 2026-05-31 16:39:53,843] Trial 20 finished with value: -9.6 and parameters: {'atr_period': 10, 'st_multiplier': 4.0, 'vol_atr_period': 50, 'vol_scale_min': 0.25, 'vol_scale_max': 2.5, 'trail_mult': 2.5}. Best is trial 21 with value: 1.7422164598728107.
[I 2026-05-31 16:39:53,892] Trial 22 finished with value: 1.309149393413025 and parameters: {'atr_period': 10, 'st_multiplier': 3.5, 'vol_atr_period': 44, 'vol_scale_min': 0.25, 'vol_scale_max': 2.5, 'trail_mult': 2.5}. Best is trial 21 with value: 1.7422164598728107.
