[I 2026-05-31 16:40:17,356] Trial 23 finished with value: -0.6623897117006248 and parameters: {'atr_period': 7, 'st_multiplier': 4.0, 'vol_atr_period': 38, 'vol_scale_min': 0.2, 'vol_scale_max': 2.5, 'trail_mult': 2.5}. Best is trial 20 with value: 1.3335855255436444.
[I 2026-05-31 16:40:17,359] Trial 24 finished with value: 0.8036731893647189 and parameters: {'atr_period': 7, 'st_multiplier': 3.5, 'vol_atr_period': 32, 'vol_scale_min': 0.25, 'vol_scale_max': 2.5, 'trail_mult': 3.0}. Best is trial 20 with value: 1.3335855255436444.
C:\Users\הלל\Desktop\algo projects\trading-research-factory\walk forward engine\.venv\lib\site-packages\optuna\samplers\_tpe\sampler.py:319: ExperimentalWarning: ``multivariate`` option is an experimental feature. The interface can change in the future.
  warnings.warn(
[I 2026-05-31 16:40:17,730] A new study created in memory with name: no-name-1820666f-7867-4eed-8957-817a42af9886
C:\Users\הלל\Desktop\algo projects\trading-research-factory\walk forward engine\.venv\lib\site-packages\optuna\distributions.py:700: UserWarning: The distribution is specified by [7, 20] and step=3, but the range is not divisible by `step`. It will be replaced by [7, 19].
  warnings.warn(
C:\Users\הלל\Desktop\algo projects\trading-research-factory\walk forward engine\.venv\lib\site-packages\optuna\distributions.py:685: UserWarning: The distribution is specified by [0.2, 0.3] and step=0.04999999999999999, but the range is not divisible by `step`. It will be replaced by [0.2, 0.3].
  warnings.warn(
C:\Users\הלל\Desktop\algo projects\trading-research-factory\walk forward engine\.venv\lib\site-packages\optuna\distributions.py:685: UserWarning: The distribution is specified by [0.2, 0.3] and step=0.04999999999999999, but the range is not divisible by `step`. It will be replaced by [0.2, 0.3].
  warnings.warn(
C:\Users\הלל\Desktop\algo projects\trading-research-factory\walk forward engine\.venv\lib\site-packages\optuna\distributions.py:685: UserWarning: The distribution is specified by [0.2, 0.3] and step=0.04999999999999999, but the range is not divisible by `step`. It will be replaced by [0.2, 0.3].
  warnings.warn(
C:\Users\הלל\Desktop\algo projects\trading-research-factory\walk forward engine\.venv\lib\site-packages\optuna\distributions.py:685: UserWarning: The distribution is specified by [0.2, 0.3] and step=0.04999999999999999, but the range is not divisible by `step`. It will be replaced by [0.2, 0.3].
  warnings.warn(
[I 2026-05-31 16:40:18,794] Trial 0 finished with value: 1.1435503981244723 and parameters: {'atr_period': 10, 'st_multiplier': 3.0, 'vol_atr_period': 14, 'vol_scale_min': 0.3, 'vol_scale_max': 2.0, 'trail_mult': 2.0}. Best is trial 0 with value: 1.1435503981244723.
[I 2026-05-31 16:40:18,818] Trial 2 finished with value: 1.2565750920755092 and parameters: {'atr_period': 10, 'st_multiplier': 4.0, 'vol_atr_period': 14, 'vol_scale_min': 0.3, 'vol_scale_max': 2.0, 'trail_mult': 2.5}. Best is trial 2 with value: 1.2565750920755092.
C:\Users\הלל\Desktop\algo projects\trading-research-factory\walk forward engine\.venv\lib\site-packages\optuna\distributions.py:700: UserWarning: The distribution is specified by [7, 20] and step=3, but the range is not divisible by `step`. It will be replaced by [7, 19].
  warnings.warn(
[I 2026-05-31 16:40:18,878] Trial 3 finished with value: 0.5937191072464462 and parameters: {'atr_period': 19, 'st_multiplier': 3.5, 'vol_atr_period': 20, 'vol_scale_min': 0.3, 'vol_scale_max': 2.5, 'trail_mult': 2.0}. Best is trial 2 with value: 1.2565750920755092.
C:\Users\הלל\Desktop\algo projects\trading-research-factory\walk forward engine\.venv\lib\site-packages\optuna\distributions.py:685: UserWarning: The distribution is specified by [0.2, 0.3] and step=0.04999999999999999, but the range is not divisible by `step`. It will be replaced by [0.2, 0.3].
  warnings.warn(
C:\Users\הלל\Desktop\algo projects\trading-research-factory\walk forward engine\.venv\lib\site-packages\optuna\distributions.py:700: UserWarning: The distribution is specified by [7, 20] and step=3, but the range is not divisible by `step`. It will be replaced by [7, 19].
  warnings.warn(
C:\Users\הלל\Desktop\algo projects\trading-research-factory\walk forward engine\.venv\lib\site-packages\optuna\distributions.py:685: UserWarning: The distribution is specified by [0.2, 0.3] and step=0.04999999999999999, but the range is not divisible by `step`. It will be replaced by [0.2, 0.3].
  warnings.warn(
[I 2026-05-31 16:40:19,060] Trial 4 finished with value: 1.069647810077678 and parameters: {'atr_period': 10, 'st_multiplier': 3.0, 'vol_atr_period': 26, 'vol_scale_min': 0.2, 'vol_scale_max': 2.0, 'trail_mult': 2.5}. Best is trial 2 with value: 1.2565750920755092.
[I 2026-05-31 16:40:19,085] Trial 7 finished with value: 1.3708060050940272 and parameters: {'atr_period': 10, 'st_multiplier': 2.0, 'vol_atr_period': 32, 'vol_scale_min': 0.2, 'vol_scale_max': 1.5, 'trail_mult': 3.0}. Best is trial 7 with value: 1.3708060050940272.
C:\Users\הלל\Desktop\algo projects\trading-research-factory\walk forward engine\.venv\lib\site-packages\optuna\distributions.py:700: UserWarning: The distribution is specified by [7, 20] and step=3, but the range is not divisible by `step`. It will be replaced by [7, 19].
  warnings.warn(
[I 2026-05-31 16:40:19,092] Trial 1 finished with value: 0.5693409407036291 and parameters: {'atr_period': 16, 'st_multiplier': 3.0, 'vol_atr_period': 14, 'vol_scale_min': 0.2, 'vol_scale_max': 2.0, 'trail_mult': 3.0}. Best is trial 7 with value: 1.3708060050940272.
C:\Users\הלל\Desktop\algo projects\trading-research-factory\walk forward engine\.venv\lib\site-packages\optuna\distributions.py:685: UserWarning: The distribution is specified by [0.2, 0.3] and step=0.04999999999999999, but the range is not divisible by `step`. It will be replaced by [0.2, 0.3].
  warnings.warn(
[I 2026-05-31 16:40:19,192] Trial 6 finished with value: 0.880275162021066 and parameters: {'atr_period': 7, 'st_multiplier': 2.0, 'vol_atr_period': 20, 'vol_scale_min': 0.2, 'vol_scale_max': 1.5, 'trail_mult': 3.0}. Best is trial 7 with value: 1.3708060050940272.
[I 2026-05-31 16:40:19,208] Trial 5 finished with value: 0.9735555259752513 and parameters: {'atr_period': 19, 'st_multiplier': 2.0, 'vol_atr_period': 50, 'vol_scale_min': 0.3, 'vol_scale_max': 2.5, 'trail_mult': 1.5}. Best is trial 7 with value: 1.3708060050940272.
C:\Users\הלל\Desktop\algo projects\trading-research-factory\walk forward engine\.venv\lib\site-packages\optuna\distributions.py:700: UserWarning: The distribution is specified by [7, 20] and step=3, but the range is not divisible by `step`. It will be replaced by [7, 19].
  warnings.warn(
C:\Users\הלל\Desktop\algo projects\trading-research-factory\walk forward engine\.venv\lib\site-packages\optuna\distributions.py:700: UserWarning: The distribution is specified by [7, 20] and step=3, but the range is not divisible by `step`. It will be replaced by [7, 19].
  warnings.warn(
C:\Users\הלל\Desktop\algo projects\trading-research-factory\walk forward engine\.venv\lib\site-packages\optuna\distributions.py:685: UserWarning: The distribution is specified by [0.2, 0.3] and step=0.04999999999999999, but the range is not divisible by `step`. It will be replaced by [0.2, 0.3].
  warnings.warn(
C:\Users\הלל\Desktop\algo projects\trading-research-factory\walk forward engine\.venv\lib\site-packages\optuna\distributions.py:685: UserWarning: The distribution is specified by [0.2, 0.3] and step=0.04999999999999999, but the range is not divisible by `step`. It will be replaced by [0.2, 0.3].
  warnings.warn(
C:\Users\הלל\Desktop\algo projects\trading-research-factory\walk forward engine\.venv\lib\site-packages\optuna\distributions.py:685: UserWarning: The distribution is specified by [0.2, 0.3] and step=0.04999999999999999, but the range is not divisible by `step`. It will be replaced by [0.2, 0.3].
  warnings.warn(
[I 2026-05-31 16:40:19,850] Trial 10 finished with value: 0.4950891932863803 and parameters: {'atr_period': 13, 'st_multiplier': 4.0, 'vol_atr_period': 50, 'vol_scale_min': 0.3, 'vol_scale_max': 2.5, 'trail_mult': 1.5}. Best is trial 7 with value: 1.3708060050940272.
C:\Users\הלל\Desktop\algo projects\trading-research-factory\walk forward engine\.venv\lib\site-packages\optuna\distributions.py:700: UserWarning: The distribution is specified by [7, 20] and step=3, but the range is not divisible by `step`. It will be replaced by [7, 19].
  warnings.warn(
[I 2026-05-31 16:40:19,947] Trial 8 finished with value: 1.236685673928635 and parameters: {'atr_period': 10, 'st_multiplier': 3.5, 'vol_atr_period': 14, 'vol_scale_min': 0.2, 'vol_scale_max': 2.5, 'trail_mult': 2.0}. Best is trial 7 with value: 1.3708060050940272.
C:\Users\הלל\Desktop\algo projects\trading-research-factory\walk forward engine\.venv\lib\site-packages\optuna\distributions.py:685: UserWarning: The distribution is specified by [0.2, 0.3] and step=0.04999999999999999, but the range is not divisible by `step`. It will be replaced by [0.2, 0.3].
  warnings.warn(
C:\Users\הלל\Desktop\algo projects\trading-research-factory\walk forward engine\.venv\lib\site-packages\optuna\distributions.py:700: UserWarning: The distribution is specified by [7, 20] and step=3, but the range is not divisible by `step`. It will be replaced by [7, 19].
  warnings.warn(
[I 2026-05-31 16:40:19,980] Trial 9 finished with value: 1.6474927251432456 and parameters: {'atr_period': 13, 'st_multiplier': 3.5, 'vol_atr_period': 44, 'vol_scale_min': 0.25, 'vol_scale_max': 1.5, 'trail_mult': 1.5}. Best is trial 9 with value: 1.6474927251432456.
C:\Users\הלל\Desktop\algo projects\trading-research-factory\walk forward engine\.venv\lib\site-packages\optuna\distributions.py:700: UserWarning: The distribution is specified by [7, 20] and step=3, but the range is not divisible by `step`. It will be replaced by [7, 19].
  warnings.warn(
[I 2026-05-31 16:40:20,246] Trial 14 finished with value: 0.9314587047629443 and parameters: {'atr_period': 7, 'st_multiplier': 2.5, 'vol_atr_period': 26, 'vol_scale_min': 0.3, 'vol_scale_max': 2.5, 'trail_mult': 2.0}. Best is trial 9 with value: 1.6474927251432456.
C:\Users\הלל\Desktop\algo projects\trading-research-factory\walk forward engine\.venv\lib\site-packages\optuna\distributions.py:700: UserWarning: The distribution is specified by [7, 20] and step=3, but the range is not divisible by `step`. It will be replaced by [7, 19].
  warnings.warn(
C:\Users\הלל\Desktop\algo projects\trading-research-factory\walk forward engine\.venv\lib\site-packages\optuna\distributions.py:685: UserWarning: The distribution is specified by [0.2, 0.3] and step=0.04999999999999999, but the range is not divisible by `step`. It will be replaced by [0.2, 0.3].
  warnings.warn(
[I 2026-05-31 16:40:20,362] Trial 13 finished with value: 1.569115712607571 and parameters: {'atr_period': 10, 'st_multiplier': 2.0, 'vol_atr_period': 44, 'vol_scale_min': 0.3, 'vol_scale_max': 2.0, 'trail_mult': 3.0}. Best is trial 9 with value: 1.6474927251432456.
[I 2026-05-31 16:40:20,397] Trial 15 finished with value: 0.8617769334421645 and parameters: {'atr_period': 13, 'st_multiplier': 2.0, 'vol_atr_period': 44, 'vol_scale_min': 0.2, 'vol_scale_max': 2.0, 'trail_mult': 1.5}. Best is trial 9 with value: 1.6474927251432456.
[I 2026-05-31 16:40:20,401] Trial 12 finished with value: 0.8219987070429705 and parameters: {'atr_period': 10, 'st_multiplier': 2.5, 'vol_atr_period': 38, 'vol_scale_min': 0.2, 'vol_scale_max': 2.5, 'trail_mult': 2.5}. Best is trial 9 with value: 1.6474927251432456.
[I 2026-05-31 16:40:20,422] Trial 11 finished with value: 1.2025039509301003 and parameters: {'atr_period': 16, 'st_multiplier': 3.0, 'vol_atr_period': 38, 'vol_scale_min': 0.3, 'vol_scale_max': 2.0, 'trail_mult': 2.0}. Best is trial 9 with value: 1.6474927251432456.
C:\Users\הלל\Desktop\algo projects\trading-research-factory\walk forward engine\.venv\lib\site-packages\optuna\distributions.py:700: UserWarning: The distribution is specified by [7, 20] and step=3, but the range is not divisible by `step`. It will be replaced by [7, 19].
  warnings.warn(
C:\Users\הלל\Desktop\algo projects\trading-research-factory\walk forward engine\.venv\lib\site-packages\optuna\distributions.py:685: UserWarning: The distribution is specified by [0.2, 0.3] and step=0.04999999999999999, but the range is not divisible by `step`. It will be replaced by [0.2, 0.3].
  warnings.warn(
C:\Users\הלל\Desktop\algo projects\trading-research-factory\walk forward engine\.venv\lib\site-packages\optuna\distributions.py:685: UserWarning: The distribution is specified by [0.2, 0.3] and step=0.04999999999999999, but the range is not divisible by `step`. It will be replaced by [0.2, 0.3].
  warnings.warn(
C:\Users\הלל\Desktop\algo projects\trading-research-factory\walk forward engine\.venv\lib\site-packages\optuna\distributions.py:685: UserWarning: The distribution is specified by [0.2, 0.3] and step=0.04999999999999999, but the range is not divisible by `step`. It will be replaced by [0.2, 0.3].
  warnings.warn(
C:\Users\הלל\Desktop\algo projects\trading-research-factory\walk forward engine\.venv\lib\site-packages\optuna\distributions.py:685: UserWarning: The distribution is specified by [0.2, 0.3] and step=0.04999999999999999, but the range is not divisible by `step`. It will be replaced by [0.2, 0.3].
  warnings.warn(
C:\Users\הלל\Desktop\algo projects\trading-research-factory\walk forward engine\.venv\lib\site-packages\optuna\distributions.py:685: UserWarning: The distribution is specified by [0.2, 0.3] and step=0.04999999999999999, but the range is not divisible by `step`. It will be replaced by [0.2, 0.3].
  warnings.warn(
C:\Users\הלל\Desktop\algo projects\trading-research-factory\walk forward engine\.venv\lib\site-packages\optuna\distributions.py:685: UserWarning: The distribution is specified by [0.2, 0.3] and step=0.04999999999999999, but the range is not divisible by `step`. It will be replaced by [0.2, 0.3].
  warnings.warn(
[I 2026-05-31 16:40:21,126] Trial 16 finished with value: 0.9948213656348049 and parameters: {'atr_period': 7, 'st_multiplier': 2.5, 'vol_atr_period': 44, 'vol_scale_min': 0.3, 'vol_scale_max': 2.5, 'trail_mult': 3.0}. Best is trial 9 with value: 1.6474927251432456.
C:\Users\הלל\Desktop\algo projects\trading-research-factory\walk forward engine\.venv\lib\site-packages\optuna\distributions.py:700: UserWarning: The distribution is specified by [7, 20] and step=3, but the range is not divisible by `step`. It will be replaced by [7, 19].
  warnings.warn(
[I 2026-05-31 16:40:21,192] Trial 17 finished with value: 1.3413693569454772 and parameters: {'atr_period': 13, 'st_multiplier': 3.0, 'vol_atr_period': 38, 'vol_scale_min': 0.25, 'vol_scale_max': 1.5, 'trail_mult': 1.5}. Best is trial 9 with value: 1.6474927251432456.
[I 2026-05-31 16:40:21,646] Trial 18 finished with value: 1.3123655811452197 and parameters: {'atr_period': 13, 'st_multiplier': 3.0, 'vol_atr_period': 32, 'vol_scale_min': 0.25, 'vol_scale_max': 1.5, 'trail_mult': 1.5}. Best is trial 9 with value: 1.6474927251432456.
C:\Users\הלל\Desktop\algo projects\trading-research-factory\walk forward engine\.venv\lib\site-packages\optuna\distributions.py:685: UserWarning: The distribution is specified by [0.2, 0.3] and step=0.04999999999999999, but the range is not divisible by `step`. It will be replaced by [0.2, 0.3].
  warnings.warn(
[I 2026-05-31 16:40:21,840] Trial 23 finished with value: 1.1106265287812966 and parameters: {'atr_period': 10, 'st_multiplier': 2.0, 'vol_atr_period': 38, 'vol_scale_min': 0.3, 'vol_scale_max': 2.0, 'trail_mult': 3.0}. Best is trial 9 with value: 1.6474927251432456.
[I 2026-05-31 16:40:21,884] Trial 22 finished with value: 1.5771352042832474 and parameters: {'atr_period': 7, 'st_multiplier': 2.0, 'vol_atr_period': 44, 'vol_scale_min': 0.3, 'vol_scale_max': 2.0, 'trail_mult': 3.0}. Best is trial 9 with value: 1.6474927251432456.
[I 2026-05-31 16:40:21,892] Trial 20 finished with value: 1.569115712607571 and parameters: {'atr_period': 10, 'st_multiplier': 2.0, 'vol_atr_period': 44, 'vol_scale_min': 0.3, 'vol_scale_max': 2.0, 'trail_mult': 3.0}. Best is trial 9 with value: 1.6474927251432456.
[I 2026-05-31 16:40:21,922] Trial 19 finished with value: 1.513185457484013 and parameters: {'atr_period': 16, 'st_multiplier': 3.5, 'vol_atr_period': 38, 'vol_scale_min': 0.25, 'vol_scale_max': 1.5, 'trail_mult': 1.5}. Best is trial 9 with value: 1.6474927251432456.
[I 2026-05-31 16:40:21,941] Trial 21 finished with value: 1.6903591224708892 and parameters: {'atr_period': 10, 'st_multiplier': 3.5, 'vol_atr_period': 50, 'vol_scale_min': 0.25, 'vol_scale_max': 1.5, 'trail_mult': 1.5}. Best is trial 21 with value: 1.6903591224708892.
[I 2026-05-31 16:40:22,048] Trial 24 finished with value: -9.6 and parameters: {'atr_period': 10, 'st_multiplier': 4.0, 'vol_atr_period': 44, 'vol_scale_min': 0.25, 'vol_scale_max': 1.5, 'trail_mult': 1.5}. Best is trial 21 with value: 1.6903591224708892.
C:\Users\הלל\Desktop\algo projects\trading-research-factory\walk forward engine\.venv\lib\site-packages\optuna\samplers\_tpe\sampler.py:319: ExperimentalWarning: ``multivariate`` option is an experimental feature. The interface can change in the future.
  warnings.warn(
[I 2026-05-31 16:40:22,308] A new study created in memory with name: no-name-02b5cb10-407d-40dd-bda9-b28be66c5cf6
C:\Users\הלל\Desktop\algo projects\trading-research-factory\walk forward engine\.venv\lib\site-packages\optuna\distributions.py:700: UserWarning: The distribution is specified by [7, 20] and step=3, but the range is not divisible by `step`. It will be replaced by [7, 19].
  warnings.warn(
C:\Users\הלל\Desktop\algo projects\trading-research-factory\walk forward engine\.venv\lib\site-packages\optuna\distributions.py:685: UserWarning: The distribution is specified by [0.2, 0.3] and step=0.04999999999999999, but the range is not divisible by `step`. It will be replaced by [0.2, 0.3].
  warnings.warn(
C:\Users\הלל\Desktop\algo projects\trading-research-factory\walk forward engine\.venv\lib\site-packages\optuna\distributions.py:700: UserWarning: The distribution is specified by [7, 20] and step=3, but the range is not divisible by `step`. It will be replaced by [7, 19].
  warnings.warn(
C:\Users\הלל\Desktop\algo projects\trading-research-factory\walk forward engine\.venv\lib\site-packages\optuna\distributions.py:685: UserWarning: The distribution is specified by [0.2, 0.3] and step=0.04999999999999999, but the range is not divisible by `step`. It will be replaced by [0.2, 0.3].
  warnings.warn(
C:\Users\הלל\Desktop\algo projects\trading-research-factory\walk forward engine\.venv\lib\site-packages\optuna\distributions.py:685: UserWarning: The distribution is specified by [0.2, 0.3] and step=0.04999999999999999, but the range is not divisible by `step`. It will be replaced by [0.2, 0.3].
  warnings.warn(
[I 2026-05-31 16:40:23,200] Trial 1 finished with value: 2.689251589147369 and parameters: {'atr_period': 13, 'st_multiplier': 2.0, 'vol_atr_period': 50, 'vol_scale_min': 0.3, 'vol_scale_max': 2.0, 'trail_mult': 2.5}. Best is trial 1 with value: 2.689251589147369.
[I 2026-05-31 16:40:23,210] Trial 0 finished with value: 2.3831987232161835 and parameters: {'atr_period': 13, 'st_multiplier': 2.5, 'vol_atr_period': 20, 'vol_scale_min': 0.3, 'vol_scale_max': 1.5, 'trail_mult': 2.5}. Best is trial 1 with value: 2.689251589147369.
C:\Users\הלל\Desktop\algo projects\trading-research-factory\walk forward engine\.venv\lib\site-packages\optuna\distributions.py:700: UserWarning: The distribution is specified by [7, 20] and step=3, but the range is not divisible by `step`. It will be replaced by [7, 19].
  warnings.warn(
C:\Users\הלל\Desktop\algo projects\trading-research-factory\walk forward engine\.venv\lib\site-packages\optuna\distributions.py:700: UserWarning: The distribution is specified by [7, 20] and step=3, but the range is not divisible by `step`. It will be replaced by [7, 19].
  warnings.warn(
C:\Users\הלל\Desktop\algo projects\trading-research-factory\walk forward engine\.venv\lib\site-packages\optuna\distributions.py:685: UserWarning: The distribution is specified by [0.2, 0.3] and step=0.04999999999999999, but the range is not divisible by `step`. It will be replaced by [0.2, 0.3].
  warnings.warn(
[I 2026-05-31 16:40:23,244] Trial 4 finished with value: 2.339465641422474 and parameters: {'atr_period': 19, 'st_multiplier': 3.5, 'vol_atr_period': 26, 'vol_scale_min': 0.2, 'vol_scale_max': 2.0, 'trail_mult': 3.0}. Best is trial 1 with value: 2.689251589147369.
C:\Users\הלל\Desktop\algo projects\trading-research-factory\walk forward engine\.venv\lib\site-packages\optuna\distributions.py:685: UserWarning: The distribution is specified by [0.2, 0.3] and step=0.04999999999999999, but the range is not divisible by `step`. It will be replaced by [0.2, 0.3].
  warnings.warn(
C:\Users\הלל\Desktop\algo projects\trading-research-factory\walk forward engine\.venv\lib\site-packages\optuna\distributions.py:700: UserWarning: The distribution is specified by [7, 20] and step=3, but the range is not divisible by `step`. It will be replaced by [7, 19].
  warnings.warn(
