[I 2026-05-31 16:41:07,681] Trial 1 finished with value: 3.324101906236734 and parameters: {'atr_period': 19, 'st_multiplier': 3.0, 'vol_atr_period': 32, 'vol_scale_min': 0.25, 'vol_scale_max': 1.5, 'trail_mult': 2.5}. Best is trial 3 with value: 3.5353191788907536.
C:\Users\הלל\Desktop\algo projects\trading-research-factory\walk forward engine\.venv\lib\site-packages\optuna\distributions.py:685: UserWarning: The distribution is specified by [0.2, 0.3] and step=0.04999999999999999, but the range is not divisible by `step`. It will be replaced by [0.2, 0.3].
  warnings.warn(
C:\Users\הלל\Desktop\algo projects\trading-research-factory\walk forward engine\.venv\lib\site-packages\optuna\distributions.py:700: UserWarning: The distribution is specified by [7, 20] and step=3, but the range is not divisible by `step`. It will be replaced by [7, 19].
  warnings.warn(
[I 2026-05-31 16:41:07,698] Trial 4 finished with value: -9.6 and parameters: {'atr_period': 16, 'st_multiplier': 2.5, 'vol_atr_period': 50, 'vol_scale_min': 0.2, 'vol_scale_max': 1.5, 'trail_mult': 3.0}. Best is trial 3 with value: 3.5353191788907536.
C:\Users\הלל\Desktop\algo projects\trading-research-factory\walk forward engine\.venv\lib\site-packages\optuna\distributions.py:685: UserWarning: The distribution is specified by [0.2, 0.3] and step=0.04999999999999999, but the range is not divisible by `step`. It will be replaced by [0.2, 0.3].
  warnings.warn(
[I 2026-05-31 16:41:07,764] Trial 2 finished with value: 4.787642012642528 and parameters: {'atr_period': 19, 'st_multiplier': 2.0, 'vol_atr_period': 32, 'vol_scale_min': 0.25, 'vol_scale_max': 2.0, 'trail_mult': 3.0}. Best is trial 2 with value: 4.787642012642528.
[I 2026-05-31 16:41:07,764] Trial 7 finished with value: -9.6 and parameters: {'atr_period': 10, 'st_multiplier': 3.5, 'vol_atr_period': 44, 'vol_scale_min': 0.2, 'vol_scale_max': 2.0, 'trail_mult': 3.0}. Best is trial 2 with value: 4.787642012642528.
[I 2026-05-31 16:41:07,793] Trial 5 finished with value: 4.108987482104306 and parameters: {'atr_period': 10, 'st_multiplier': 2.0, 'vol_atr_period': 32, 'vol_scale_min': 0.2, 'vol_scale_max': 1.5, 'trail_mult': 3.0}. Best is trial 2 with value: 4.787642012642528.
C:\Users\הלל\Desktop\algo projects\trading-research-factory\walk forward engine\.venv\lib\site-packages\optuna\distributions.py:700: UserWarning: The distribution is specified by [7, 20] and step=3, but the range is not divisible by `step`. It will be replaced by [7, 19].
  warnings.warn(
C:\Users\הלל\Desktop\algo projects\trading-research-factory\walk forward engine\.venv\lib\site-packages\optuna\distributions.py:685: UserWarning: The distribution is specified by [0.2, 0.3] and step=0.04999999999999999, but the range is not divisible by `step`. It will be replaced by [0.2, 0.3].
  warnings.warn(
C:\Users\הלל\Desktop\algo projects\trading-research-factory\walk forward engine\.venv\lib\site-packages\optuna\distributions.py:700: UserWarning: The distribution is specified by [7, 20] and step=3, but the range is not divisible by `step`. It will be replaced by [7, 19].
  warnings.warn(
C:\Users\הלל\Desktop\algo projects\trading-research-factory\walk forward engine\.venv\lib\site-packages\optuna\distributions.py:685: UserWarning: The distribution is specified by [0.2, 0.3] and step=0.04999999999999999, but the range is not divisible by `step`. It will be replaced by [0.2, 0.3].
  warnings.warn(
C:\Users\הלל\Desktop\algo projects\trading-research-factory\walk forward engine\.venv\lib\site-packages\optuna\distributions.py:685: UserWarning: The distribution is specified by [0.2, 0.3] and step=0.04999999999999999, but the range is not divisible by `step`. It will be replaced by [0.2, 0.3].
  warnings.warn(
[I 2026-05-31 16:41:08,147] Trial 8 finished with value: 3.4363169956195727 and parameters: {'atr_period': 19, 'st_multiplier': 3.0, 'vol_atr_period': 20, 'vol_scale_min': 0.3, 'vol_scale_max': 1.5, 'trail_mult': 2.0}. Best is trial 2 with value: 4.787642012642528.
C:\Users\הלל\Desktop\algo projects\trading-research-factory\walk forward engine\.venv\lib\site-packages\optuna\distributions.py:700: UserWarning: The distribution is specified by [7, 20] and step=3, but the range is not divisible by `step`. It will be replaced by [7, 19].
  warnings.warn(
C:\Users\הלל\Desktop\algo projects\trading-research-factory\walk forward engine\.venv\lib\site-packages\optuna\distributions.py:685: UserWarning: The distribution is specified by [0.2, 0.3] and step=0.04999999999999999, but the range is not divisible by `step`. It will be replaced by [0.2, 0.3].
  warnings.warn(
[I 2026-05-31 16:41:08,507] Trial 9 finished with value: 3.5971122132540154 and parameters: {'atr_period': 10, 'st_multiplier': 2.5, 'vol_atr_period': 26, 'vol_scale_min': 0.3, 'vol_scale_max': 2.5, 'trail_mult': 2.5}. Best is trial 2 with value: 4.787642012642528.
C:\Users\הלל\Desktop\algo projects\trading-research-factory\walk forward engine\.venv\lib\site-packages\optuna\distributions.py:700: UserWarning: The distribution is specified by [7, 20] and step=3, but the range is not divisible by `step`. It will be replaced by [7, 19].
  warnings.warn(
[I 2026-05-31 16:41:08,650] Trial 11 finished with value: -9.6 and parameters: {'atr_period': 19, 'st_multiplier': 3.5, 'vol_atr_period': 50, 'vol_scale_min': 0.3, 'vol_scale_max': 2.5, 'trail_mult': 1.5}. Best is trial 2 with value: 4.787642012642528.
[I 2026-05-31 16:41:08,698] Trial 10 finished with value: -9.8 and parameters: {'atr_period': 16, 'st_multiplier': 4.0, 'vol_atr_period': 44, 'vol_scale_min': 0.2, 'vol_scale_max': 2.5, 'trail_mult': 2.5}. Best is trial 2 with value: 4.787642012642528.
C:\Users\הלל\Desktop\algo projects\trading-research-factory\walk forward engine\.venv\lib\site-packages\optuna\distributions.py:700: UserWarning: The distribution is specified by [7, 20] and step=3, but the range is not divisible by `step`. It will be replaced by [7, 19].
  warnings.warn(
[I 2026-05-31 16:41:08,746] Trial 14 finished with value: -9.6 and parameters: {'atr_period': 16, 'st_multiplier': 3.5, 'vol_atr_period': 26, 'vol_scale_min': 0.2, 'vol_scale_max': 1.5, 'trail_mult': 3.0}. Best is trial 2 with value: 4.787642012642528.
C:\Users\הלל\Desktop\algo projects\trading-research-factory\walk forward engine\.venv\lib\site-packages\optuna\distributions.py:685: UserWarning: The distribution is specified by [0.2, 0.3] and step=0.04999999999999999, but the range is not divisible by `step`. It will be replaced by [0.2, 0.3].
  warnings.warn(
[I 2026-05-31 16:41:08,843] Trial 13 finished with value: -9.8 and parameters: {'atr_period': 16, 'st_multiplier': 4.0, 'vol_atr_period': 32, 'vol_scale_min': 0.3, 'vol_scale_max': 1.5, 'trail_mult': 2.5}. Best is trial 2 with value: 4.787642012642528.
[I 2026-05-31 16:41:08,857] Trial 12 finished with value: 3.995867091380664 and parameters: {'atr_period': 13, 'st_multiplier': 2.5, 'vol_atr_period': 32, 'vol_scale_min': 0.25, 'vol_scale_max': 1.5, 'trail_mult': 2.5}. Best is trial 2 with value: 4.787642012642528.
C:\Users\הלל\Desktop\algo projects\trading-research-factory\walk forward engine\.venv\lib\site-packages\optuna\distributions.py:700: UserWarning: The distribution is specified by [7, 20] and step=3, but the range is not divisible by `step`. It will be replaced by [7, 19].
  warnings.warn(
C:\Users\הלל\Desktop\algo projects\trading-research-factory\walk forward engine\.venv\lib\site-packages\optuna\distributions.py:685: UserWarning: The distribution is specified by [0.2, 0.3] and step=0.04999999999999999, but the range is not divisible by `step`. It will be replaced by [0.2, 0.3].
  warnings.warn(
C:\Users\הלל\Desktop\algo projects\trading-research-factory\walk forward engine\.venv\lib\site-packages\optuna\distributions.py:685: UserWarning: The distribution is specified by [0.2, 0.3] and step=0.04999999999999999, but the range is not divisible by `step`. It will be replaced by [0.2, 0.3].
  warnings.warn(
[I 2026-05-31 16:41:09,061] Trial 15 finished with value: -9.6 and parameters: {'atr_period': 16, 'st_multiplier': 2.5, 'vol_atr_period': 50, 'vol_scale_min': 0.2, 'vol_scale_max': 2.0, 'trail_mult': 2.0}. Best is trial 2 with value: 4.787642012642528.
C:\Users\הלל\Desktop\algo projects\trading-research-factory\walk forward engine\.venv\lib\site-packages\optuna\distributions.py:700: UserWarning: The distribution is specified by [7, 20] and step=3, but the range is not divisible by `step`. It will be replaced by [7, 19].
  warnings.warn(
C:\Users\הלל\Desktop\algo projects\trading-research-factory\walk forward engine\.venv\lib\site-packages\optuna\distributions.py:685: UserWarning: The distribution is specified by [0.2, 0.3] and step=0.04999999999999999, but the range is not divisible by `step`. It will be replaced by [0.2, 0.3].
  warnings.warn(
[I 2026-05-31 16:41:09,206] Trial 16 finished with value: 3.8550459779311113 and parameters: {'atr_period': 7, 'st_multiplier': 2.0, 'vol_atr_period': 32, 'vol_scale_min': 0.3, 'vol_scale_max': 2.5, 'trail_mult': 2.5}. Best is trial 2 with value: 4.787642012642528.
C:\Users\הלל\Desktop\algo projects\trading-research-factory\walk forward engine\.venv\lib\site-packages\optuna\distributions.py:700: UserWarning: The distribution is specified by [7, 20] and step=3, but the range is not divisible by `step`. It will be replaced by [7, 19].
  warnings.warn(
C:\Users\הלל\Desktop\algo projects\trading-research-factory\walk forward engine\.venv\lib\site-packages\optuna\distributions.py:685: UserWarning: The distribution is specified by [0.2, 0.3] and step=0.04999999999999999, but the range is not divisible by `step`. It will be replaced by [0.2, 0.3].
  warnings.warn(
C:\Users\הלל\Desktop\algo projects\trading-research-factory\walk forward engine\.venv\lib\site-packages\optuna\distributions.py:685: UserWarning: The distribution is specified by [0.2, 0.3] and step=0.04999999999999999, but the range is not divisible by `step`. It will be replaced by [0.2, 0.3].
  warnings.warn(
C:\Users\הלל\Desktop\algo projects\trading-research-factory\walk forward engine\.venv\lib\site-packages\optuna\distributions.py:685: UserWarning: The distribution is specified by [0.2, 0.3] and step=0.04999999999999999, but the range is not divisible by `step`. It will be replaced by [0.2, 0.3].
  warnings.warn(
C:\Users\הלל\Desktop\algo projects\trading-research-factory\walk forward engine\.venv\lib\site-packages\optuna\distributions.py:685: UserWarning: The distribution is specified by [0.2, 0.3] and step=0.04999999999999999, but the range is not divisible by `step`. It will be replaced by [0.2, 0.3].
  warnings.warn(
[I 2026-05-31 16:41:09,977] Trial 17 finished with value: 4.787642012642528 and parameters: {'atr_period': 19, 'st_multiplier': 2.0, 'vol_atr_period': 32, 'vol_scale_min': 0.2, 'vol_scale_max': 2.5, 'trail_mult': 3.0}. Best is trial 2 with value: 4.787642012642528.
[I 2026-05-31 16:41:10,096] Trial 19 finished with value: 3.7850405597917227 and parameters: {'atr_period': 10, 'st_multiplier': 2.0, 'vol_atr_period': 26, 'vol_scale_min': 0.2, 'vol_scale_max': 1.5, 'trail_mult': 2.5}. Best is trial 2 with value: 4.787642012642528.
[I 2026-05-31 16:41:10,172] Trial 18 finished with value: 4.49366078093596 and parameters: {'atr_period': 16, 'st_multiplier': 2.0, 'vol_atr_period': 26, 'vol_scale_min': 0.2, 'vol_scale_max': 2.0, 'trail_mult': 3.0}. Best is trial 2 with value: 4.787642012642528.
[I 2026-05-31 16:41:10,180] Trial 20 finished with value: 3.7510490668193426 and parameters: {'atr_period': 7, 'st_multiplier': 2.0, 'vol_atr_period': 26, 'vol_scale_min': 0.2, 'vol_scale_max': 1.5, 'trail_mult': 3.0}. Best is trial 2 with value: 4.787642012642528.
[I 2026-05-31 16:41:10,191] Trial 21 finished with value: 3.7510490668193426 and parameters: {'atr_period': 7, 'st_multiplier': 2.0, 'vol_atr_period': 26, 'vol_scale_min': 0.2, 'vol_scale_max': 2.0, 'trail_mult': 3.0}. Best is trial 2 with value: 4.787642012642528.
[I 2026-05-31 16:41:10,254] Trial 22 finished with value: 3.6673234448915504 and parameters: {'atr_period': 7, 'st_multiplier': 2.0, 'vol_atr_period': 38, 'vol_scale_min': 0.2, 'vol_scale_max': 1.5, 'trail_mult': 3.0}. Best is trial 2 with value: 4.787642012642528.
[I 2026-05-31 16:41:10,254] Trial 23 finished with value: 3.7510490668193426 and parameters: {'atr_period': 7, 'st_multiplier': 2.0, 'vol_atr_period': 26, 'vol_scale_min': 0.2, 'vol_scale_max': 2.0, 'trail_mult': 3.0}. Best is trial 2 with value: 4.787642012642528.
[I 2026-05-31 16:41:10,270] Trial 24 finished with value: 4.377163342091434 and parameters: {'atr_period': 16, 'st_multiplier': 2.0, 'vol_atr_period': 20, 'vol_scale_min': 0.2, 'vol_scale_max': 2.0, 'trail_mult': 3.0}. Best is trial 2 with value: 4.787642012642528.
C:\Users\הלל\Desktop\algo projects\trading-research-factory\walk forward engine\.venv\lib\site-packages\optuna\samplers\_tpe\sampler.py:319: ExperimentalWarning: ``multivariate`` option is an experimental feature. The interface can change in the future.
  warnings.warn(
[I 2026-05-31 16:41:10,450] A new study created in memory with name: no-name-cf2fba15-bf8c-4faa-8e1b-e0ecd11a7a3a
C:\Users\הלל\Desktop\algo projects\trading-research-factory\walk forward engine\.venv\lib\site-packages\optuna\distributions.py:700: UserWarning: The distribution is specified by [7, 20] and step=3, but the range is not divisible by `step`. It will be replaced by [7, 19].
  warnings.warn(
C:\Users\הלל\Desktop\algo projects\trading-research-factory\walk forward engine\.venv\lib\site-packages\optuna\distributions.py:685: UserWarning: The distribution is specified by [0.2, 0.3] and step=0.04999999999999999, but the range is not divisible by `step`. It will be replaced by [0.2, 0.3].
  warnings.warn(
C:\Users\הלל\Desktop\algo projects\trading-research-factory\walk forward engine\.venv\lib\site-packages\optuna\distributions.py:685: UserWarning: The distribution is specified by [0.2, 0.3] and step=0.04999999999999999, but the range is not divisible by `step`. It will be replaced by [0.2, 0.3].
  warnings.warn(
C:\Users\הלל\Desktop\algo projects\trading-research-factory\walk forward engine\.venv\lib\site-packages\optuna\distributions.py:700: UserWarning: The distribution is specified by [7, 20] and step=3, but the range is not divisible by `step`. It will be replaced by [7, 19].
  warnings.warn(
C:\Users\הלל\Desktop\algo projects\trading-research-factory\walk forward engine\.venv\lib\site-packages\optuna\distributions.py:685: UserWarning: The distribution is specified by [0.2, 0.3] and step=0.04999999999999999, but the range is not divisible by `step`. It will be replaced by [0.2, 0.3].
  warnings.warn(
[I 2026-05-31 16:41:11,098] Trial 2 finished with value: -9.7 and parameters: {'atr_period': 10, 'st_multiplier': 4.0, 'vol_atr_period': 50, 'vol_scale_min': 0.25, 'vol_scale_max': 1.5, 'trail_mult': 2.0}. Best is trial 2 with value: -9.7.
[I 2026-05-31 16:41:11,158] Trial 1 finished with value: -9.7 and parameters: {'atr_period': 10, 'st_multiplier': 4.0, 'vol_atr_period': 38, 'vol_scale_min': 0.25, 'vol_scale_max': 2.0, 'trail_mult': 2.0}. Best is trial 2 with value: -9.7.
C:\Users\הלל\Desktop\algo projects\trading-research-factory\walk forward engine\.venv\lib\site-packages\optuna\distributions.py:700: UserWarning: The distribution is specified by [7, 20] and step=3, but the range is not divisible by `step`. It will be replaced by [7, 19].
  warnings.warn(
C:\Users\הלל\Desktop\algo projects\trading-research-factory\walk forward engine\.venv\lib\site-packages\optuna\distributions.py:685: UserWarning: The distribution is specified by [0.2, 0.3] and step=0.04999999999999999, but the range is not divisible by `step`. It will be replaced by [0.2, 0.3].
  warnings.warn(
[I 2026-05-31 16:41:11,213] Trial 4 finished with value: 2.9875020652332243 and parameters: {'atr_period': 13, 'st_multiplier': 2.0, 'vol_atr_period': 44, 'vol_scale_min': 0.3, 'vol_scale_max': 1.5, 'trail_mult': 2.5}. Best is trial 4 with value: 2.9875020652332243.
C:\Users\הלל\Desktop\algo projects\trading-research-factory\walk forward engine\.venv\lib\site-packages\optuna\distributions.py:685: UserWarning: The distribution is specified by [0.2, 0.3] and step=0.04999999999999999, but the range is not divisible by `step`. It will be replaced by [0.2, 0.3].
  warnings.warn(
C:\Users\הלל\Desktop\algo projects\trading-research-factory\walk forward engine\.venv\lib\site-packages\optuna\distributions.py:700: UserWarning: The distribution is specified by [7, 20] and step=3, but the range is not divisible by `step`. It will be replaced by [7, 19].
  warnings.warn(
[I 2026-05-31 16:41:11,321] Trial 7 finished with value: -9.7 and parameters: {'atr_period': 10, 'st_multiplier': 4.0, 'vol_atr_period': 14, 'vol_scale_min': 0.3, 'vol_scale_max': 2.5, 'trail_mult': 3.0}. Best is trial 4 with value: 2.9875020652332243.
[I 2026-05-31 16:41:11,353] Trial 6 finished with value: -9.6 and parameters: {'atr_period': 16, 'st_multiplier': 3.0, 'vol_atr_period': 20, 'vol_scale_min': 0.3, 'vol_scale_max': 1.5, 'trail_mult': 1.5}. Best is trial 4 with value: 2.9875020652332243.
[I 2026-05-31 16:41:11,411] Trial 0 finished with value: 2.982815508349287 and parameters: {'atr_period': 16, 'st_multiplier': 2.0, 'vol_atr_period': 20, 'vol_scale_min': 0.3, 'vol_scale_max': 2.0, 'trail_mult': 2.0}. Best is trial 4 with value: 2.9875020652332243.
C:\Users\הלל\Desktop\algo projects\trading-research-factory\walk forward engine\.venv\lib\site-packages\optuna\distributions.py:700: UserWarning: The distribution is specified by [7, 20] and step=3, but the range is not divisible by `step`. It will be replaced by [7, 19].
  warnings.warn(
C:\Users\הלל\Desktop\algo projects\trading-research-factory\walk forward engine\.venv\lib\site-packages\optuna\distributions.py:685: UserWarning: The distribution is specified by [0.2, 0.3] and step=0.04999999999999999, but the range is not divisible by `step`. It will be replaced by [0.2, 0.3].
  warnings.warn(
C:\Users\הלל\Desktop\algo projects\trading-research-factory\walk forward engine\.venv\lib\site-packages\optuna\distributions.py:685: UserWarning: The distribution is specified by [0.2, 0.3] and step=0.04999999999999999, but the range is not divisible by `step`. It will be replaced by [0.2, 0.3].
  warnings.warn(
[I 2026-05-31 16:41:11,451] Trial 3 finished with value: -9.7 and parameters: {'atr_period': 10, 'st_multiplier': 3.5, 'vol_atr_period': 44, 'vol_scale_min': 0.3, 'vol_scale_max': 2.5, 'trail_mult': 2.5}. Best is trial 4 with value: 2.9875020652332243.
C:\Users\הלל\Desktop\algo projects\trading-research-factory\walk forward engine\.venv\lib\site-packages\optuna\distributions.py:700: UserWarning: The distribution is specified by [7, 20] and step=3, but the range is not divisible by `step`. It will be replaced by [7, 19].
  warnings.warn(
C:\Users\הלל\Desktop\algo projects\trading-research-factory\walk forward engine\.venv\lib\site-packages\optuna\distributions.py:685: UserWarning: The distribution is specified by [0.2, 0.3] and step=0.04999999999999999, but the range is not divisible by `step`. It will be replaced by [0.2, 0.3].
  warnings.warn(
[I 2026-05-31 16:41:11,453] Trial 5 finished with value: 2.3149995028227157 and parameters: {'atr_period': 10, 'st_multiplier': 3.0, 'vol_atr_period': 26, 'vol_scale_min': 0.2, 'vol_scale_max': 2.5, 'trail_mult': 2.5}. Best is trial 4 with value: 2.9875020652332243.
C:\Users\הלל\Desktop\algo projects\trading-research-factory\walk forward engine\.venv\lib\site-packages\optuna\distributions.py:700: UserWarning: The distribution is specified by [7, 20] and step=3, but the range is not divisible by `step`. It will be replaced by [7, 19].
  warnings.warn(
C:\Users\הלל\Desktop\algo projects\trading-research-factory\walk forward engine\.venv\lib\site-packages\optuna\distributions.py:685: UserWarning: The distribution is specified by [0.2, 0.3] and step=0.04999999999999999, but the range is not divisible by `step`. It will be replaced by [0.2, 0.3].
  warnings.warn(
C:\Users\הלל\Desktop\algo projects\trading-research-factory\walk forward engine\.venv\lib\site-packages\optuna\distributions.py:685: UserWarning: The distribution is specified by [0.2, 0.3] and step=0.04999999999999999, but the range is not divisible by `step`. It will be replaced by [0.2, 0.3].
  warnings.warn(
[I 2026-05-31 16:41:12,026] Trial 9 finished with value: -9.7 and parameters: {'atr_period': 10, 'st_multiplier': 4.0, 'vol_atr_period': 14, 'vol_scale_min': 0.2, 'vol_scale_max': 1.5, 'trail_mult': 3.0}. Best is trial 4 with value: 2.9875020652332243.
[I 2026-05-31 16:41:12,052] Trial 10 finished with value: -9.7 and parameters: {'atr_period': 10, 'st_multiplier': 3.5, 'vol_atr_period': 38, 'vol_scale_min': 0.25, 'vol_scale_max': 1.5, 'trail_mult': 2.5}. Best is trial 4 with value: 2.9875020652332243.
C:\Users\הלל\Desktop\algo projects\trading-research-factory\walk forward engine\.venv\lib\site-packages\optuna\distributions.py:700: UserWarning: The distribution is specified by [7, 20] and step=3, but the range is not divisible by `step`. It will be replaced by [7, 19].
  warnings.warn(
[I 2026-05-31 16:41:12,179] Trial 8 finished with value: 2.981199551594136 and parameters: {'atr_period': 10, 'st_multiplier': 2.0, 'vol_atr_period': 38, 'vol_scale_min': 0.2, 'vol_scale_max': 2.5, 'trail_mult': 2.0}. Best is trial 4 with value: 2.9875020652332243.
C:\Users\הלל\Desktop\algo projects\trading-research-factory\walk forward engine\.venv\lib\site-packages\optuna\distributions.py:700: UserWarning: The distribution is specified by [7, 20] and step=3, but the range is not divisible by `step`. It will be replaced by [7, 19].
  warnings.warn(
