[I 2026-05-31 16:40:40,344] Trial 21 finished with value: -9.8 and parameters: {'atr_period': 19, 'st_multiplier': 4.0, 'vol_atr_period': 20, 'vol_scale_min': 0.3, 'vol_scale_max': 2.5, 'trail_mult': 3.0}. Best is trial 14 with value: 2.871374268114885.
C:\Users\הלל\Desktop\algo projects\trading-research-factory\walk forward engine\.venv\lib\site-packages\optuna\samplers\_tpe\sampler.py:319: ExperimentalWarning: ``multivariate`` option is an experimental feature. The interface can change in the future.
  warnings.warn(
[I 2026-05-31 16:40:40,534] A new study created in memory with name: no-name-50acafe6-683f-4996-ab33-db88f2927c37
C:\Users\הלל\Desktop\algo projects\trading-research-factory\walk forward engine\.venv\lib\site-packages\optuna\distributions.py:700: UserWarning: The distribution is specified by [7, 20] and step=3, but the range is not divisible by `step`. It will be replaced by [7, 19].
  warnings.warn(
C:\Users\הלל\Desktop\algo projects\trading-research-factory\walk forward engine\.venv\lib\site-packages\optuna\distributions.py:685: UserWarning: The distribution is specified by [0.2, 0.3] and step=0.04999999999999999, but the range is not divisible by `step`. It will be replaced by [0.2, 0.3].
  warnings.warn(
C:\Users\הלל\Desktop\algo projects\trading-research-factory\walk forward engine\.venv\lib\site-packages\optuna\distributions.py:700: UserWarning: The distribution is specified by [7, 20] and step=3, but the range is not divisible by `step`. It will be replaced by [7, 19].
  warnings.warn(
C:\Users\הלל\Desktop\algo projects\trading-research-factory\walk forward engine\.venv\lib\site-packages\optuna\distributions.py:685: UserWarning: The distribution is specified by [0.2, 0.3] and step=0.04999999999999999, but the range is not divisible by `step`. It will be replaced by [0.2, 0.3].
  warnings.warn(
C:\Users\הלל\Desktop\algo projects\trading-research-factory\walk forward engine\.venv\lib\site-packages\optuna\distributions.py:700: UserWarning: The distribution is specified by [7, 20] and step=3, but the range is not divisible by `step`. It will be replaced by [7, 19].
  warnings.warn(
C:\Users\הלל\Desktop\algo projects\trading-research-factory\walk forward engine\.venv\lib\site-packages\optuna\distributions.py:700: UserWarning: The distribution is specified by [7, 20] and step=3, but the range is not divisible by `step`. It will be replaced by [7, 19].
  warnings.warn(
C:\Users\הלל\Desktop\algo projects\trading-research-factory\walk forward engine\.venv\lib\site-packages\optuna\distributions.py:700: UserWarning: The distribution is specified by [7, 20] and step=3, but the range is not divisible by `step`. It will be replaced by [7, 19].
  warnings.warn(
C:\Users\הלל\Desktop\algo projects\trading-research-factory\walk forward engine\.venv\lib\site-packages\optuna\distributions.py:685: UserWarning: The distribution is specified by [0.2, 0.3] and step=0.04999999999999999, but the range is not divisible by `step`. It will be replaced by [0.2, 0.3].
  warnings.warn(
C:\Users\הלל\Desktop\algo projects\trading-research-factory\walk forward engine\.venv\lib\site-packages\optuna\distributions.py:685: UserWarning: The distribution is specified by [0.2, 0.3] and step=0.04999999999999999, but the range is not divisible by `step`. It will be replaced by [0.2, 0.3].
  warnings.warn(
[I 2026-05-31 16:40:40,965] Trial 2 finished with value: -9.9 and parameters: {'atr_period': 16, 'st_multiplier': 3.5, 'vol_atr_period': 44, 'vol_scale_min': 0.3, 'vol_scale_max': 1.5, 'trail_mult': 1.5}. Best is trial 2 with value: -9.9.
C:\Users\הלל\Desktop\algo projects\trading-research-factory\walk forward engine\.venv\lib\site-packages\optuna\distributions.py:700: UserWarning: The distribution is specified by [7, 20] and step=3, but the range is not divisible by `step`. It will be replaced by [7, 19].
  warnings.warn(
C:\Users\הלל\Desktop\algo projects\trading-research-factory\walk forward engine\.venv\lib\site-packages\optuna\distributions.py:685: UserWarning: The distribution is specified by [0.2, 0.3] and step=0.04999999999999999, but the range is not divisible by `step`. It will be replaced by [0.2, 0.3].
  warnings.warn(
[I 2026-05-31 16:40:41,170] Trial 3 finished with value: 2.146494324729721 and parameters: {'atr_period': 16, 'st_multiplier': 3.0, 'vol_atr_period': 44, 'vol_scale_min': 0.25, 'vol_scale_max': 1.5, 'trail_mult': 3.0}. Best is trial 3 with value: 2.146494324729721.
[I 2026-05-31 16:40:41,186] Trial 1 finished with value: -9.9 and parameters: {'atr_period': 13, 'st_multiplier': 4.0, 'vol_atr_period': 38, 'vol_scale_min': 0.3, 'vol_scale_max': 2.5, 'trail_mult': 3.0}. Best is trial 3 with value: 2.146494324729721.
C:\Users\הלל\Desktop\algo projects\trading-research-factory\walk forward engine\.venv\lib\site-packages\optuna\distributions.py:700: UserWarning: The distribution is specified by [7, 20] and step=3, but the range is not divisible by `step`. It will be replaced by [7, 19].
  warnings.warn(
C:\Users\הלל\Desktop\algo projects\trading-research-factory\walk forward engine\.venv\lib\site-packages\optuna\distributions.py:685: UserWarning: The distribution is specified by [0.2, 0.3] and step=0.04999999999999999, but the range is not divisible by `step`. It will be replaced by [0.2, 0.3].
  warnings.warn(
C:\Users\הלל\Desktop\algo projects\trading-research-factory\walk forward engine\.venv\lib\site-packages\optuna\distributions.py:700: UserWarning: The distribution is specified by [7, 20] and step=3, but the range is not divisible by `step`. It will be replaced by [7, 19].
  warnings.warn(
C:\Users\הלל\Desktop\algo projects\trading-research-factory\walk forward engine\.venv\lib\site-packages\optuna\distributions.py:685: UserWarning: The distribution is specified by [0.2, 0.3] and step=0.04999999999999999, but the range is not divisible by `step`. It will be replaced by [0.2, 0.3].
  warnings.warn(
[I 2026-05-31 16:40:41,249] Trial 0 finished with value: -9.7 and parameters: {'atr_period': 10, 'st_multiplier': 3.5, 'vol_atr_period': 44, 'vol_scale_min': 0.25, 'vol_scale_max': 1.5, 'trail_mult': 2.0}. Best is trial 3 with value: 2.146494324729721.
C:\Users\הלל\Desktop\algo projects\trading-research-factory\walk forward engine\.venv\lib\site-packages\optuna\distributions.py:700: UserWarning: The distribution is specified by [7, 20] and step=3, but the range is not divisible by `step`. It will be replaced by [7, 19].
  warnings.warn(
[I 2026-05-31 16:40:41,315] Trial 4 finished with value: -9.9 and parameters: {'atr_period': 19, 'st_multiplier': 4.0, 'vol_atr_period': 44, 'vol_scale_min': 0.2, 'vol_scale_max': 1.5, 'trail_mult': 3.0}. Best is trial 3 with value: 2.146494324729721.
C:\Users\הלל\Desktop\algo projects\trading-research-factory\walk forward engine\.venv\lib\site-packages\optuna\distributions.py:685: UserWarning: The distribution is specified by [0.2, 0.3] and step=0.04999999999999999, but the range is not divisible by `step`. It will be replaced by [0.2, 0.3].
  warnings.warn(
C:\Users\הלל\Desktop\algo projects\trading-research-factory\walk forward engine\.venv\lib\site-packages\optuna\distributions.py:700: UserWarning: The distribution is specified by [7, 20] and step=3, but the range is not divisible by `step`. It will be replaced by [7, 19].
  warnings.warn(
C:\Users\הלל\Desktop\algo projects\trading-research-factory\walk forward engine\.venv\lib\site-packages\optuna\distributions.py:685: UserWarning: The distribution is specified by [0.2, 0.3] and step=0.04999999999999999, but the range is not divisible by `step`. It will be replaced by [0.2, 0.3].
  warnings.warn(
[I 2026-05-31 16:40:41,551] Trial 5 finished with value: -9.7 and parameters: {'atr_period': 13, 'st_multiplier': 3.5, 'vol_atr_period': 14, 'vol_scale_min': 0.2, 'vol_scale_max': 2.5, 'trail_mult': 3.0}. Best is trial 3 with value: 2.146494324729721.
C:\Users\הלל\Desktop\algo projects\trading-research-factory\walk forward engine\.venv\lib\site-packages\optuna\distributions.py:700: UserWarning: The distribution is specified by [7, 20] and step=3, but the range is not divisible by `step`. It will be replaced by [7, 19].
  warnings.warn(
C:\Users\הלל\Desktop\algo projects\trading-research-factory\walk forward engine\.venv\lib\site-packages\optuna\distributions.py:685: UserWarning: The distribution is specified by [0.2, 0.3] and step=0.04999999999999999, but the range is not divisible by `step`. It will be replaced by [0.2, 0.3].
  warnings.warn(
[I 2026-05-31 16:40:41,599] Trial 7 finished with value: 2.4174445528122783 and parameters: {'atr_period': 16, 'st_multiplier': 2.5, 'vol_atr_period': 26, 'vol_scale_min': 0.25, 'vol_scale_max': 1.5, 'trail_mult': 2.5}. Best is trial 7 with value: 2.4174445528122783.
[I 2026-05-31 16:40:41,633] Trial 6 finished with value: -9.7 and parameters: {'atr_period': 19, 'st_multiplier': 3.0, 'vol_atr_period': 32, 'vol_scale_min': 0.25, 'vol_scale_max': 2.5, 'trail_mult': 2.0}. Best is trial 7 with value: 2.4174445528122783.
C:\Users\הלל\Desktop\algo projects\trading-research-factory\walk forward engine\.venv\lib\site-packages\optuna\distributions.py:700: UserWarning: The distribution is specified by [7, 20] and step=3, but the range is not divisible by `step`. It will be replaced by [7, 19].
  warnings.warn(
C:\Users\הלל\Desktop\algo projects\trading-research-factory\walk forward engine\.venv\lib\site-packages\optuna\distributions.py:700: UserWarning: The distribution is specified by [7, 20] and step=3, but the range is not divisible by `step`. It will be replaced by [7, 19].
  warnings.warn(
C:\Users\הלל\Desktop\algo projects\trading-research-factory\walk forward engine\.venv\lib\site-packages\optuna\distributions.py:685: UserWarning: The distribution is specified by [0.2, 0.3] and step=0.04999999999999999, but the range is not divisible by `step`. It will be replaced by [0.2, 0.3].
  warnings.warn(
C:\Users\הלל\Desktop\algo projects\trading-research-factory\walk forward engine\.venv\lib\site-packages\optuna\distributions.py:685: UserWarning: The distribution is specified by [0.2, 0.3] and step=0.04999999999999999, but the range is not divisible by `step`. It will be replaced by [0.2, 0.3].
  warnings.warn(
[I 2026-05-31 16:40:41,774] Trial 8 finished with value: -9.7 and parameters: {'atr_period': 13, 'st_multiplier': 3.5, 'vol_atr_period': 44, 'vol_scale_min': 0.25, 'vol_scale_max': 2.5, 'trail_mult': 1.5}. Best is trial 7 with value: 2.4174445528122783.
C:\Users\הלל\Desktop\algo projects\trading-research-factory\walk forward engine\.venv\lib\site-packages\optuna\distributions.py:700: UserWarning: The distribution is specified by [7, 20] and step=3, but the range is not divisible by `step`. It will be replaced by [7, 19].
  warnings.warn(
C:\Users\הלל\Desktop\algo projects\trading-research-factory\walk forward engine\.venv\lib\site-packages\optuna\distributions.py:685: UserWarning: The distribution is specified by [0.2, 0.3] and step=0.04999999999999999, but the range is not divisible by `step`. It will be replaced by [0.2, 0.3].
  warnings.warn(
[I 2026-05-31 16:40:42,071] Trial 12 finished with value: 1.7179618868182962 and parameters: {'atr_period': 13, 'st_multiplier': 3.0, 'vol_atr_period': 38, 'vol_scale_min': 0.2, 'vol_scale_max': 1.5, 'trail_mult': 2.0}. Best is trial 7 with value: 2.4174445528122783.
C:\Users\הלל\Desktop\algo projects\trading-research-factory\walk forward engine\.venv\lib\site-packages\optuna\distributions.py:700: UserWarning: The distribution is specified by [7, 20] and step=3, but the range is not divisible by `step`. It will be replaced by [7, 19].
  warnings.warn(
[I 2026-05-31 16:40:42,123] Trial 11 finished with value: 2.5583110302181824 and parameters: {'atr_period': 7, 'st_multiplier': 2.5, 'vol_atr_period': 14, 'vol_scale_min': 0.2, 'vol_scale_max': 2.5, 'trail_mult': 2.0}. Best is trial 11 with value: 2.5583110302181824.
C:\Users\הלל\Desktop\algo projects\trading-research-factory\walk forward engine\.venv\lib\site-packages\optuna\distributions.py:700: UserWarning: The distribution is specified by [7, 20] and step=3, but the range is not divisible by `step`. It will be replaced by [7, 19].
  warnings.warn(
[I 2026-05-31 16:40:42,221] Trial 10 finished with value: 2.051181719734639 and parameters: {'atr_period': 7, 'st_multiplier': 2.0, 'vol_atr_period': 44, 'vol_scale_min': 0.25, 'vol_scale_max': 1.5, 'trail_mult': 2.0}. Best is trial 11 with value: 2.5583110302181824.
C:\Users\הלל\Desktop\algo projects\trading-research-factory\walk forward engine\.venv\lib\site-packages\optuna\distributions.py:700: UserWarning: The distribution is specified by [7, 20] and step=3, but the range is not divisible by `step`. It will be replaced by [7, 19].
  warnings.warn(
[I 2026-05-31 16:40:42,266] Trial 9 finished with value: 1.8557030039967273 and parameters: {'atr_period': 10, 'st_multiplier': 3.0, 'vol_atr_period': 20, 'vol_scale_min': 0.25, 'vol_scale_max': 2.5, 'trail_mult': 3.0}. Best is trial 11 with value: 2.5583110302181824.
[I 2026-05-31 16:40:42,297] Trial 14 finished with value: -9.9 and parameters: {'atr_period': 19, 'st_multiplier': 4.0, 'vol_atr_period': 26, 'vol_scale_min': 0.25, 'vol_scale_max': 1.5, 'trail_mult': 2.5}. Best is trial 11 with value: 2.5583110302181824.
C:\Users\הלל\Desktop\algo projects\trading-research-factory\walk forward engine\.venv\lib\site-packages\optuna\distributions.py:700: UserWarning: The distribution is specified by [7, 20] and step=3, but the range is not divisible by `step`. It will be replaced by [7, 19].
  warnings.warn(
C:\Users\הלל\Desktop\algo projects\trading-research-factory\walk forward engine\.venv\lib\site-packages\optuna\distributions.py:685: UserWarning: The distribution is specified by [0.2, 0.3] and step=0.04999999999999999, but the range is not divisible by `step`. It will be replaced by [0.2, 0.3].
  warnings.warn(
C:\Users\הלל\Desktop\algo projects\trading-research-factory\walk forward engine\.venv\lib\site-packages\optuna\distributions.py:685: UserWarning: The distribution is specified by [0.2, 0.3] and step=0.04999999999999999, but the range is not divisible by `step`. It will be replaced by [0.2, 0.3].
  warnings.warn(
[I 2026-05-31 16:40:42,528] Trial 16 finished with value: -9.9 and parameters: {'atr_period': 16, 'st_multiplier': 4.0, 'vol_atr_period': 26, 'vol_scale_min': 0.2, 'vol_scale_max': 1.5, 'trail_mult': 1.5}. Best is trial 11 with value: 2.5583110302181824.
C:\Users\הלל\Desktop\algo projects\trading-research-factory\walk forward engine\.venv\lib\site-packages\optuna\distributions.py:700: UserWarning: The distribution is specified by [7, 20] and step=3, but the range is not divisible by `step`. It will be replaced by [7, 19].
  warnings.warn(
C:\Users\הלל\Desktop\algo projects\trading-research-factory\walk forward engine\.venv\lib\site-packages\optuna\distributions.py:685: UserWarning: The distribution is specified by [0.2, 0.3] and step=0.04999999999999999, but the range is not divisible by `step`. It will be replaced by [0.2, 0.3].
  warnings.warn(
C:\Users\הלל\Desktop\algo projects\trading-research-factory\walk forward engine\.venv\lib\site-packages\optuna\distributions.py:685: UserWarning: The distribution is specified by [0.2, 0.3] and step=0.04999999999999999, but the range is not divisible by `step`. It will be replaced by [0.2, 0.3].
  warnings.warn(
[I 2026-05-31 16:40:42,745] Trial 13 finished with value: 1.606003278550347 and parameters: {'atr_period': 13, 'st_multiplier': 3.0, 'vol_atr_period': 50, 'vol_scale_min': 0.3, 'vol_scale_max': 2.0, 'trail_mult': 3.0}. Best is trial 11 with value: 2.5583110302181824.
C:\Users\הלל\Desktop\algo projects\trading-research-factory\walk forward engine\.venv\lib\site-packages\optuna\distributions.py:700: UserWarning: The distribution is specified by [7, 20] and step=3, but the range is not divisible by `step`. It will be replaced by [7, 19].
  warnings.warn(
C:\Users\הלל\Desktop\algo projects\trading-research-factory\walk forward engine\.venv\lib\site-packages\optuna\distributions.py:685: UserWarning: The distribution is specified by [0.2, 0.3] and step=0.04999999999999999, but the range is not divisible by `step`. It will be replaced by [0.2, 0.3].
  warnings.warn(
[I 2026-05-31 16:40:42,862] Trial 15 finished with value: -9.7 and parameters: {'atr_period': 10, 'st_multiplier': 3.5, 'vol_atr_period': 14, 'vol_scale_min': 0.2, 'vol_scale_max': 2.5, 'trail_mult': 2.0}. Best is trial 11 with value: 2.5583110302181824.
C:\Users\הלל\Desktop\algo projects\trading-research-factory\walk forward engine\.venv\lib\site-packages\optuna\distributions.py:685: UserWarning: The distribution is specified by [0.2, 0.3] and step=0.04999999999999999, but the range is not divisible by `step`. It will be replaced by [0.2, 0.3].
  warnings.warn(
C:\Users\הלל\Desktop\algo projects\trading-research-factory\walk forward engine\.venv\lib\site-packages\optuna\distributions.py:700: UserWarning: The distribution is specified by [7, 20] and step=3, but the range is not divisible by `step`. It will be replaced by [7, 19].
  warnings.warn(
C:\Users\הלל\Desktop\algo projects\trading-research-factory\walk forward engine\.venv\lib\site-packages\optuna\distributions.py:685: UserWarning: The distribution is specified by [0.2, 0.3] and step=0.04999999999999999, but the range is not divisible by `step`. It will be replaced by [0.2, 0.3].
  warnings.warn(
C:\Users\הלל\Desktop\algo projects\trading-research-factory\walk forward engine\.venv\lib\site-packages\optuna\distributions.py:685: UserWarning: The distribution is specified by [0.2, 0.3] and step=0.04999999999999999, but the range is not divisible by `step`. It will be replaced by [0.2, 0.3].
  warnings.warn(
[I 2026-05-31 16:40:43,429] Trial 17 finished with value: 2.5583110302181824 and parameters: {'atr_period': 7, 'st_multiplier': 2.5, 'vol_atr_period': 14, 'vol_scale_min': 0.2, 'vol_scale_max': 2.5, 'trail_mult': 2.0}. Best is trial 11 with value: 2.5583110302181824.
[I 2026-05-31 16:40:43,477] Trial 18 finished with value: 2.1867803260276824 and parameters: {'atr_period': 7, 'st_multiplier': 2.0, 'vol_atr_period': 14, 'vol_scale_min': 0.2, 'vol_scale_max': 2.5, 'trail_mult': 2.0}. Best is trial 11 with value: 2.5583110302181824.
[I 2026-05-31 16:40:43,488] Trial 19 finished with value: 2.6000890960012475 and parameters: {'atr_period': 7, 'st_multiplier': 2.5, 'vol_atr_period': 20, 'vol_scale_min': 0.25, 'vol_scale_max': 2.5, 'trail_mult': 2.0}. Best is trial 19 with value: 2.6000890960012475.
[I 2026-05-31 16:40:43,524] Trial 20 finished with value: 2.3390181245338972 and parameters: {'atr_period': 7, 'st_multiplier': 2.5, 'vol_atr_period': 26, 'vol_scale_min': 0.2, 'vol_scale_max': 2.5, 'trail_mult': 2.0}. Best is trial 19 with value: 2.6000890960012475.
[I 2026-05-31 16:40:43,601] Trial 21 finished with value: 2.3479442044362084 and parameters: {'atr_period': 10, 'st_multiplier': 2.0, 'vol_atr_period': 14, 'vol_scale_min': 0.2, 'vol_scale_max': 2.5, 'trail_mult': 1.5}. Best is trial 19 with value: 2.6000890960012475.
[I 2026-05-31 16:40:43,619] Trial 22 finished with value: 2.1867803260276824 and parameters: {'atr_period': 7, 'st_multiplier': 2.0, 'vol_atr_period': 14, 'vol_scale_min': 0.2, 'vol_scale_max': 2.5, 'trail_mult': 2.0}. Best is trial 19 with value: 2.6000890960012475.
[I 2026-05-31 16:40:43,682] Trial 23 finished with value: 2.47491248032737 and parameters: {'atr_period': 7, 'st_multiplier': 2.5, 'vol_atr_period': 20, 'vol_scale_min': 0.2, 'vol_scale_max': 2.0, 'trail_mult': 1.5}. Best is trial 19 with value: 2.6000890960012475.
[I 2026-05-31 16:40:43,734] Trial 24 finished with value: 2.1867803260276824 and parameters: {'atr_period': 7, 'st_multiplier': 2.0, 'vol_atr_period': 14, 'vol_scale_min': 0.25, 'vol_scale_max': 2.5, 'trail_mult': 2.0}. Best is trial 19 with value: 2.6000890960012475.
C:\Users\הלל\Desktop\algo projects\trading-research-factory\walk forward engine\.venv\lib\site-packages\optuna\samplers\_tpe\sampler.py:319: ExperimentalWarning: ``multivariate`` option is an experimental feature. The interface can change in the future.
  warnings.warn(
[I 2026-05-31 16:40:43,951] A new study created in memory with name: no-name-bc93aa9d-5254-4850-a7ca-2d72e8849d7a
C:\Users\הלל\Desktop\algo projects\trading-research-factory\walk forward engine\.venv\lib\site-packages\optuna\distributions.py:700: UserWarning: The distribution is specified by [7, 20] and step=3, but the range is not divisible by `step`. It will be replaced by [7, 19].
  warnings.warn(
C:\Users\הלל\Desktop\algo projects\trading-research-factory\walk forward engine\.venv\lib\site-packages\optuna\distributions.py:685: UserWarning: The distribution is specified by [0.2, 0.3] and step=0.04999999999999999, but the range is not divisible by `step`. It will be replaced by [0.2, 0.3].
  warnings.warn(
C:\Users\הלל\Desktop\algo projects\trading-research-factory\walk forward engine\.venv\lib\site-packages\optuna\distributions.py:700: UserWarning: The distribution is specified by [7, 20] and step=3, but the range is not divisible by `step`. It will be replaced by [7, 19].
  warnings.warn(
C:\Users\הלל\Desktop\algo projects\trading-research-factory\walk forward engine\.venv\lib\site-packages\optuna\distributions.py:685: UserWarning: The distribution is specified by [0.2, 0.3] and step=0.04999999999999999, but the range is not divisible by `step`. It will be replaced by [0.2, 0.3].
  warnings.warn(
C:\Users\הלל\Desktop\algo projects\trading-research-factory\walk forward engine\.venv\lib\site-packages\optuna\distributions.py:685: UserWarning: The distribution is specified by [0.2, 0.3] and step=0.04999999999999999, but the range is not divisible by `step`. It will be replaced by [0.2, 0.3].
  warnings.warn(
