[I 2026-05-31 16:39:08,664] Trial 24 finished with value: -0.6684255253713768 and parameters: {'atr_period': 7, 'st_multiplier': 3.0, 'vol_atr_period': 20, 'vol_scale_min': 0.3, 'vol_scale_max': 2.5, 'trail_mult': 2.5}. Best is trial 3 with value: 0.4591861568395542.
C:\Users\הלל\Desktop\algo projects\trading-research-factory\walk forward engine\.venv\lib\site-packages\optuna\samplers\_tpe\sampler.py:319: ExperimentalWarning: ``multivariate`` option is an experimental feature. The interface can change in the future.
  warnings.warn(
[I 2026-05-31 16:39:08,849] A new study created in memory with name: no-name-2bb4ba86-4af5-4b50-b664-8331301454d7
C:\Users\הלל\Desktop\algo projects\trading-research-factory\walk forward engine\.venv\lib\site-packages\optuna\distributions.py:700: UserWarning: The distribution is specified by [7, 20] and step=3, but the range is not divisible by `step`. It will be replaced by [7, 19].
  warnings.warn(
C:\Users\הלל\Desktop\algo projects\trading-research-factory\walk forward engine\.venv\lib\site-packages\optuna\distributions.py:685: UserWarning: The distribution is specified by [0.2, 0.3] and step=0.04999999999999999, but the range is not divisible by `step`. It will be replaced by [0.2, 0.3].
  warnings.warn(
C:\Users\הלל\Desktop\algo projects\trading-research-factory\walk forward engine\.venv\lib\site-packages\optuna\distributions.py:700: UserWarning: The distribution is specified by [7, 20] and step=3, but the range is not divisible by `step`. It will be replaced by [7, 19].
  warnings.warn(
C:\Users\הלל\Desktop\algo projects\trading-research-factory\walk forward engine\.venv\lib\site-packages\optuna\distributions.py:685: UserWarning: The distribution is specified by [0.2, 0.3] and step=0.04999999999999999, but the range is not divisible by `step`. It will be replaced by [0.2, 0.3].
  warnings.warn(
C:\Users\הלל\Desktop\algo projects\trading-research-factory\walk forward engine\.venv\lib\site-packages\optuna\distributions.py:700: UserWarning: The distribution is specified by [7, 20] and step=3, but the range is not divisible by `step`. It will be replaced by [7, 19].
  warnings.warn(
C:\Users\הלל\Desktop\algo projects\trading-research-factory\walk forward engine\.venv\lib\site-packages\optuna\distributions.py:700: UserWarning: The distribution is specified by [7, 20] and step=3, but the range is not divisible by `step`. It will be replaced by [7, 19].
  warnings.warn(
C:\Users\הלל\Desktop\algo projects\trading-research-factory\walk forward engine\.venv\lib\site-packages\optuna\distributions.py:685: UserWarning: The distribution is specified by [0.2, 0.3] and step=0.04999999999999999, but the range is not divisible by `step`. It will be replaced by [0.2, 0.3].
  warnings.warn(
[I 2026-05-31 16:39:09,457] Trial 1 finished with value: -9.9 and parameters: {'atr_period': 13, 'st_multiplier': 4.0, 'vol_atr_period': 38, 'vol_scale_min': 0.3, 'vol_scale_max': 2.5, 'trail_mult': 2.0}. Best is trial 1 with value: -9.9.
C:\Users\הלל\Desktop\algo projects\trading-research-factory\walk forward engine\.venv\lib\site-packages\optuna\distributions.py:700: UserWarning: The distribution is specified by [7, 20] and step=3, but the range is not divisible by `step`. It will be replaced by [7, 19].
  warnings.warn(
[I 2026-05-31 16:39:09,505] Trial 3 finished with value: 1.5741773994580295 and parameters: {'atr_period': 7, 'st_multiplier': 2.0, 'vol_atr_period': 32, 'vol_scale_min': 0.25, 'vol_scale_max': 1.5, 'trail_mult': 2.5}. Best is trial 3 with value: 1.5741773994580295.
C:\Users\הלל\Desktop\algo projects\trading-research-factory\walk forward engine\.venv\lib\site-packages\optuna\distributions.py:685: UserWarning: The distribution is specified by [0.2, 0.3] and step=0.04999999999999999, but the range is not divisible by `step`. It will be replaced by [0.2, 0.3].
  warnings.warn(
C:\Users\הלל\Desktop\algo projects\trading-research-factory\walk forward engine\.venv\lib\site-packages\optuna\distributions.py:700: UserWarning: The distribution is specified by [7, 20] and step=3, but the range is not divisible by `step`. It will be replaced by [7, 19].
  warnings.warn(
[I 2026-05-31 16:39:09,582] Trial 0 finished with value: 0.877194423908728 and parameters: {'atr_period': 7, 'st_multiplier': 3.5, 'vol_atr_period': 20, 'vol_scale_min': 0.3, 'vol_scale_max': 2.5, 'trail_mult': 3.0}. Best is trial 3 with value: 1.5741773994580295.
C:\Users\הלל\Desktop\algo projects\trading-research-factory\walk forward engine\.venv\lib\site-packages\optuna\distributions.py:685: UserWarning: The distribution is specified by [0.2, 0.3] and step=0.04999999999999999, but the range is not divisible by `step`. It will be replaced by [0.2, 0.3].
  warnings.warn(
C:\Users\הלל\Desktop\algo projects\trading-research-factory\walk forward engine\.venv\lib\site-packages\optuna\distributions.py:700: UserWarning: The distribution is specified by [7, 20] and step=3, but the range is not divisible by `step`. It will be replaced by [7, 19].
  warnings.warn(
C:\Users\הלל\Desktop\algo projects\trading-research-factory\walk forward engine\.venv\lib\site-packages\optuna\distributions.py:685: UserWarning: The distribution is specified by [0.2, 0.3] and step=0.04999999999999999, but the range is not divisible by `step`. It will be replaced by [0.2, 0.3].
  warnings.warn(
[I 2026-05-31 16:39:09,664] Trial 5 finished with value: -1.0274160821826557 and parameters: {'atr_period': 16, 'st_multiplier': 2.5, 'vol_atr_period': 38, 'vol_scale_min': 0.25, 'vol_scale_max': 1.5, 'trail_mult': 1.5}. Best is trial 3 with value: 1.5741773994580295.
C:\Users\הלל\Desktop\algo projects\trading-research-factory\walk forward engine\.venv\lib\site-packages\optuna\distributions.py:700: UserWarning: The distribution is specified by [7, 20] and step=3, but the range is not divisible by `step`. It will be replaced by [7, 19].
  warnings.warn(
C:\Users\הלל\Desktop\algo projects\trading-research-factory\walk forward engine\.venv\lib\site-packages\optuna\distributions.py:685: UserWarning: The distribution is specified by [0.2, 0.3] and step=0.04999999999999999, but the range is not divisible by `step`. It will be replaced by [0.2, 0.3].
  warnings.warn(
[I 2026-05-31 16:39:09,803] Trial 4 finished with value: -9.7 and parameters: {'atr_period': 10, 'st_multiplier': 3.5, 'vol_atr_period': 32, 'vol_scale_min': 0.25, 'vol_scale_max': 2.5, 'trail_mult': 3.0}. Best is trial 3 with value: 1.5741773994580295.
[I 2026-05-31 16:39:09,808] Trial 2 finished with value: 1.829514631005507 and parameters: {'atr_period': 13, 'st_multiplier': 2.0, 'vol_atr_period': 26, 'vol_scale_min': 0.2, 'vol_scale_max': 1.5, 'trail_mult': 2.5}. Best is trial 2 with value: 1.829514631005507.
[I 2026-05-31 16:39:09,835] Trial 7 finished with value: -1.1060821581413018 and parameters: {'atr_period': 13, 'st_multiplier': 2.5, 'vol_atr_period': 44, 'vol_scale_min': 0.25, 'vol_scale_max': 2.5, 'trail_mult': 1.5}. Best is trial 2 with value: 1.829514631005507.
C:\Users\הלל\Desktop\algo projects\trading-research-factory\walk forward engine\.venv\lib\site-packages\optuna\distributions.py:700: UserWarning: The distribution is specified by [7, 20] and step=3, but the range is not divisible by `step`. It will be replaced by [7, 19].
  warnings.warn(
C:\Users\הלל\Desktop\algo projects\trading-research-factory\walk forward engine\.venv\lib\site-packages\optuna\distributions.py:685: UserWarning: The distribution is specified by [0.2, 0.3] and step=0.04999999999999999, but the range is not divisible by `step`. It will be replaced by [0.2, 0.3].
  warnings.warn(
[I 2026-05-31 16:39:09,873] Trial 6 finished with value: 1.932200347556151 and parameters: {'atr_period': 13, 'st_multiplier': 3.0, 'vol_atr_period': 20, 'vol_scale_min': 0.25, 'vol_scale_max': 2.0, 'trail_mult': 2.0}. Best is trial 6 with value: 1.932200347556151.
C:\Users\הלל\Desktop\algo projects\trading-research-factory\walk forward engine\.venv\lib\site-packages\optuna\distributions.py:700: UserWarning: The distribution is specified by [7, 20] and step=3, but the range is not divisible by `step`. It will be replaced by [7, 19].
  warnings.warn(
C:\Users\הלל\Desktop\algo projects\trading-research-factory\walk forward engine\.venv\lib\site-packages\optuna\distributions.py:700: UserWarning: The distribution is specified by [7, 20] and step=3, but the range is not divisible by `step`. It will be replaced by [7, 19].
  warnings.warn(
C:\Users\הלל\Desktop\algo projects\trading-research-factory\walk forward engine\.venv\lib\site-packages\optuna\distributions.py:685: UserWarning: The distribution is specified by [0.2, 0.3] and step=0.04999999999999999, but the range is not divisible by `step`. It will be replaced by [0.2, 0.3].
  warnings.warn(
C:\Users\הלל\Desktop\algo projects\trading-research-factory\walk forward engine\.venv\lib\site-packages\optuna\distributions.py:700: UserWarning: The distribution is specified by [7, 20] and step=3, but the range is not divisible by `step`. It will be replaced by [7, 19].
  warnings.warn(
C:\Users\הלל\Desktop\algo projects\trading-research-factory\walk forward engine\.venv\lib\site-packages\optuna\distributions.py:685: UserWarning: The distribution is specified by [0.2, 0.3] and step=0.04999999999999999, but the range is not divisible by `step`. It will be replaced by [0.2, 0.3].
  warnings.warn(
C:\Users\הלל\Desktop\algo projects\trading-research-factory\walk forward engine\.venv\lib\site-packages\optuna\distributions.py:685: UserWarning: The distribution is specified by [0.2, 0.3] and step=0.04999999999999999, but the range is not divisible by `step`. It will be replaced by [0.2, 0.3].
  warnings.warn(
[I 2026-05-31 16:39:10,327] Trial 8 finished with value: -9.7 and parameters: {'atr_period': 19, 'st_multiplier': 4.0, 'vol_atr_period': 26, 'vol_scale_min': 0.2, 'vol_scale_max': 2.5, 'trail_mult': 1.5}. Best is trial 6 with value: 1.932200347556151.
[I 2026-05-31 16:39:10,327] Trial 9 finished with value: -9.7 and parameters: {'atr_period': 13, 'st_multiplier': 3.5, 'vol_atr_period': 44, 'vol_scale_min': 0.3, 'vol_scale_max': 2.5, 'trail_mult': 2.5}. Best is trial 6 with value: 1.932200347556151.
C:\Users\הלל\Desktop\algo projects\trading-research-factory\walk forward engine\.venv\lib\site-packages\optuna\distributions.py:700: UserWarning: The distribution is specified by [7, 20] and step=3, but the range is not divisible by `step`. It will be replaced by [7, 19].
  warnings.warn(
[I 2026-05-31 16:39:10,447] Trial 10 finished with value: -1.6908305055789068 and parameters: {'atr_period': 16, 'st_multiplier': 2.5, 'vol_atr_period': 32, 'vol_scale_min': 0.3, 'vol_scale_max': 2.0, 'trail_mult': 2.5}. Best is trial 6 with value: 1.932200347556151.
C:\Users\הלל\Desktop\algo projects\trading-research-factory\walk forward engine\.venv\lib\site-packages\optuna\distributions.py:700: UserWarning: The distribution is specified by [7, 20] and step=3, but the range is not divisible by `step`. It will be replaced by [7, 19].
  warnings.warn(
[I 2026-05-31 16:39:10,569] Trial 11 finished with value: 0.6995875870526623 and parameters: {'atr_period': 7, 'st_multiplier': 2.0, 'vol_atr_period': 20, 'vol_scale_min': 0.25, 'vol_scale_max': 2.0, 'trail_mult': 3.0}. Best is trial 6 with value: 1.932200347556151.
C:\Users\הלל\Desktop\algo projects\trading-research-factory\walk forward engine\.venv\lib\site-packages\optuna\distributions.py:685: UserWarning: The distribution is specified by [0.2, 0.3] and step=0.04999999999999999, but the range is not divisible by `step`. It will be replaced by [0.2, 0.3].
  warnings.warn(
[I 2026-05-31 16:39:10,665] Trial 13 finished with value: 0.3679970405984966 and parameters: {'atr_period': 10, 'st_multiplier': 2.5, 'vol_atr_period': 14, 'vol_scale_min': 0.3, 'vol_scale_max': 2.5, 'trail_mult': 3.0}. Best is trial 6 with value: 1.932200347556151.
C:\Users\הלל\Desktop\algo projects\trading-research-factory\walk forward engine\.venv\lib\site-packages\optuna\distributions.py:685: UserWarning: The distribution is specified by [0.2, 0.3] and step=0.04999999999999999, but the range is not divisible by `step`. It will be replaced by [0.2, 0.3].
  warnings.warn(
C:\Users\הלל\Desktop\algo projects\trading-research-factory\walk forward engine\.venv\lib\site-packages\optuna\distributions.py:700: UserWarning: The distribution is specified by [7, 20] and step=3, but the range is not divisible by `step`. It will be replaced by [7, 19].
  warnings.warn(
[I 2026-05-31 16:39:10,771] Trial 15 finished with value: 1.8824044675261347 and parameters: {'atr_period': 7, 'st_multiplier': 2.0, 'vol_atr_period': 38, 'vol_scale_min': 0.2, 'vol_scale_max': 2.0, 'trail_mult': 2.0}. Best is trial 6 with value: 1.932200347556151.
C:\Users\הלל\Desktop\algo projects\trading-research-factory\walk forward engine\.venv\lib\site-packages\optuna\distributions.py:700: UserWarning: The distribution is specified by [7, 20] and step=3, but the range is not divisible by `step`. It will be replaced by [7, 19].
  warnings.warn(
[I 2026-05-31 16:39:10,809] Trial 12 finished with value: -0.8536448287624464 and parameters: {'atr_period': 19, 'st_multiplier': 3.0, 'vol_atr_period': 26, 'vol_scale_min': 0.3, 'vol_scale_max': 1.5, 'trail_mult': 1.5}. Best is trial 6 with value: 1.932200347556151.
C:\Users\הלל\Desktop\algo projects\trading-research-factory\walk forward engine\.venv\lib\site-packages\optuna\distributions.py:685: UserWarning: The distribution is specified by [0.2, 0.3] and step=0.04999999999999999, but the range is not divisible by `step`. It will be replaced by [0.2, 0.3].
  warnings.warn(
[I 2026-05-31 16:39:10,840] Trial 14 finished with value: -9.6 and parameters: {'atr_period': 10, 'st_multiplier': 3.0, 'vol_atr_period': 26, 'vol_scale_min': 0.3, 'vol_scale_max': 2.5, 'trail_mult': 2.5}. Best is trial 6 with value: 1.932200347556151.
C:\Users\הלל\Desktop\algo projects\trading-research-factory\walk forward engine\.venv\lib\site-packages\optuna\distributions.py:700: UserWarning: The distribution is specified by [7, 20] and step=3, but the range is not divisible by `step`. It will be replaced by [7, 19].
  warnings.warn(
C:\Users\הלל\Desktop\algo projects\trading-research-factory\walk forward engine\.venv\lib\site-packages\optuna\distributions.py:685: UserWarning: The distribution is specified by [0.2, 0.3] and step=0.04999999999999999, but the range is not divisible by `step`. It will be replaced by [0.2, 0.3].
  warnings.warn(
C:\Users\הלל\Desktop\algo projects\trading-research-factory\walk forward engine\.venv\lib\site-packages\optuna\distributions.py:685: UserWarning: The distribution is specified by [0.2, 0.3] and step=0.04999999999999999, but the range is not divisible by `step`. It will be replaced by [0.2, 0.3].
  warnings.warn(
C:\Users\הלל\Desktop\algo projects\trading-research-factory\walk forward engine\.venv\lib\site-packages\optuna\distributions.py:685: UserWarning: The distribution is specified by [0.2, 0.3] and step=0.04999999999999999, but the range is not divisible by `step`. It will be replaced by [0.2, 0.3].
  warnings.warn(
C:\Users\הלל\Desktop\algo projects\trading-research-factory\walk forward engine\.venv\lib\site-packages\optuna\distributions.py:685: UserWarning: The distribution is specified by [0.2, 0.3] and step=0.04999999999999999, but the range is not divisible by `step`. It will be replaced by [0.2, 0.3].
  warnings.warn(
[I 2026-05-31 16:39:11,480] Trial 17 finished with value: 0.5549637973093633 and parameters: {'atr_period': 13, 'st_multiplier': 2.5, 'vol_atr_period': 14, 'vol_scale_min': 0.25, 'vol_scale_max': 2.5, 'trail_mult': 2.5}. Best is trial 6 with value: 1.932200347556151.
C:\Users\הלל\Desktop\algo projects\trading-research-factory\walk forward engine\.venv\lib\site-packages\optuna\distributions.py:700: UserWarning: The distribution is specified by [7, 20] and step=3, but the range is not divisible by `step`. It will be replaced by [7, 19].
  warnings.warn(
[I 2026-05-31 16:39:11,587] Trial 16 finished with value: -9.7 and parameters: {'atr_period': 13, 'st_multiplier': 3.5, 'vol_atr_period': 14, 'vol_scale_min': 0.3, 'vol_scale_max': 1.5, 'trail_mult': 2.0}. Best is trial 6 with value: 1.932200347556151.
[I 2026-05-31 16:39:11,676] Trial 18 finished with value: -2.0161005217336405 and parameters: {'atr_period': 16, 'st_multiplier': 2.5, 'vol_atr_period': 20, 'vol_scale_min': 0.2, 'vol_scale_max': 1.5, 'trail_mult': 2.5}. Best is trial 6 with value: 1.932200347556151.
[I 2026-05-31 16:39:11,780] Trial 19 finished with value: 1.112164983502191 and parameters: {'atr_period': 16, 'st_multiplier': 2.0, 'vol_atr_period': 20, 'vol_scale_min': 0.2, 'vol_scale_max': 1.5, 'trail_mult': 2.5}. Best is trial 6 with value: 1.932200347556151.
C:\Users\הלל\Desktop\algo projects\trading-research-factory\walk forward engine\.venv\lib\site-packages\optuna\distributions.py:685: UserWarning: The distribution is specified by [0.2, 0.3] and step=0.04999999999999999, but the range is not divisible by `step`. It will be replaced by [0.2, 0.3].
  warnings.warn(
[I 2026-05-31 16:39:11,859] Trial 20 finished with value: -1.6908305055789068 and parameters: {'atr_period': 16, 'st_multiplier': 2.5, 'vol_atr_period': 32, 'vol_scale_min': 0.2, 'vol_scale_max': 1.5, 'trail_mult': 2.5}. Best is trial 6 with value: 1.932200347556151.
[I 2026-05-31 16:39:11,873] Trial 22 finished with value: 0.8242138630942906 and parameters: {'atr_period': 7, 'st_multiplier': 2.0, 'vol_atr_period': 38, 'vol_scale_min': 0.25, 'vol_scale_max': 2.0, 'trail_mult': 1.5}. Best is trial 6 with value: 1.932200347556151.
[I 2026-05-31 16:39:11,932] Trial 21 finished with value: 1.9955541514192854 and parameters: {'atr_period': 7, 'st_multiplier': 2.5, 'vol_atr_period': 32, 'vol_scale_min': 0.2, 'vol_scale_max': 2.0, 'trail_mult': 1.5}. Best is trial 21 with value: 1.9955541514192854.
[I 2026-05-31 16:39:11,942] Trial 23 finished with value: 1.7777012538887575 and parameters: {'atr_period': 7, 'st_multiplier': 2.5, 'vol_atr_period': 50, 'vol_scale_min': 0.2, 'vol_scale_max': 2.0, 'trail_mult': 2.0}. Best is trial 21 with value: 1.9955541514192854.
[I 2026-05-31 16:39:11,992] Trial 24 finished with value: 1.7858676902774167 and parameters: {'atr_period': 7, 'st_multiplier': 2.5, 'vol_atr_period': 38, 'vol_scale_min': 0.2, 'vol_scale_max': 2.5, 'trail_mult': 2.0}. Best is trial 21 with value: 1.9955541514192854.
C:\Users\הלל\Desktop\algo projects\trading-research-factory\walk forward engine\.venv\lib\site-packages\optuna\samplers\_tpe\sampler.py:319: ExperimentalWarning: ``multivariate`` option is an experimental feature. The interface can change in the future.
  warnings.warn(
[I 2026-05-31 16:39:12,199] A new study created in memory with name: no-name-087b816a-a4c3-47ff-8b62-ebc441717018
C:\Users\הלל\Desktop\algo projects\trading-research-factory\walk forward engine\.venv\lib\site-packages\optuna\distributions.py:700: UserWarning: The distribution is specified by [7, 20] and step=3, but the range is not divisible by `step`. It will be replaced by [7, 19].
  warnings.warn(
C:\Users\הלל\Desktop\algo projects\trading-research-factory\walk forward engine\.venv\lib\site-packages\optuna\distributions.py:685: UserWarning: The distribution is specified by [0.2, 0.3] and step=0.04999999999999999, but the range is not divisible by `step`. It will be replaced by [0.2, 0.3].
  warnings.warn(
C:\Users\הלל\Desktop\algo projects\trading-research-factory\walk forward engine\.venv\lib\site-packages\optuna\distributions.py:685: UserWarning: The distribution is specified by [0.2, 0.3] and step=0.04999999999999999, but the range is not divisible by `step`. It will be replaced by [0.2, 0.3].
  warnings.warn(
C:\Users\הלל\Desktop\algo projects\trading-research-factory\walk forward engine\.venv\lib\site-packages\optuna\distributions.py:700: UserWarning: The distribution is specified by [7, 20] and step=3, but the range is not divisible by `step`. It will be replaced by [7, 19].
  warnings.warn(
C:\Users\הלל\Desktop\algo projects\trading-research-factory\walk forward engine\.venv\lib\site-packages\optuna\distributions.py:685: UserWarning: The distribution is specified by [0.2, 0.3] and step=0.04999999999999999, but the range is not divisible by `step`. It will be replaced by [0.2, 0.3].
  warnings.warn(
C:\Users\הלל\Desktop\algo projects\trading-research-factory\walk forward engine\.venv\lib\site-packages\optuna\distributions.py:685: UserWarning: The distribution is specified by [0.2, 0.3] and step=0.04999999999999999, but the range is not divisible by `step`. It will be replaced by [0.2, 0.3].
  warnings.warn(
C:\Users\הלל\Desktop\algo projects\trading-research-factory\walk forward engine\.venv\lib\site-packages\optuna\distributions.py:700: UserWarning: The distribution is specified by [7, 20] and step=3, but the range is not divisible by `step`. It will be replaced by [7, 19].
  warnings.warn(
C:\Users\הלל\Desktop\algo projects\trading-research-factory\walk forward engine\.venv\lib\site-packages\optuna\distributions.py:685: UserWarning: The distribution is specified by [0.2, 0.3] and step=0.04999999999999999, but the range is not divisible by `step`. It will be replaced by [0.2, 0.3].
  warnings.warn(
