[I 2026-05-31 16:40:48,472] Trial 7 finished with value: -9.6 and parameters: {'atr_period': 16, 'st_multiplier': 3.5, 'vol_atr_period': 26, 'vol_scale_min': 0.3, 'vol_scale_max': 1.5, 'trail_mult': 1.5}. Best is trial 0 with value: 0.1690993755626612.
C:\Users\הלל\Desktop\algo projects\trading-research-factory\walk forward engine\.venv\lib\site-packages\optuna\distributions.py:685: UserWarning: The distribution is specified by [0.2, 0.3] and step=0.04999999999999999, but the range is not divisible by `step`. It will be replaced by [0.2, 0.3].
  warnings.warn(
[I 2026-05-31 16:40:48,530] Trial 4 finished with value: -1.2917529985102714 and parameters: {'atr_period': 10, 'st_multiplier': 2.0, 'vol_atr_period': 50, 'vol_scale_min': 0.2, 'vol_scale_max': 1.5, 'trail_mult': 2.5}. Best is trial 0 with value: 0.1690993755626612.
C:\Users\הלל\Desktop\algo projects\trading-research-factory\walk forward engine\.venv\lib\site-packages\optuna\distributions.py:700: UserWarning: The distribution is specified by [7, 20] and step=3, but the range is not divisible by `step`. It will be replaced by [7, 19].
  warnings.warn(
[I 2026-05-31 16:40:48,536] Trial 5 finished with value: -0.6993918871636449 and parameters: {'atr_period': 10, 'st_multiplier': 2.0, 'vol_atr_period': 14, 'vol_scale_min': 0.25, 'vol_scale_max': 1.5, 'trail_mult': 2.0}. Best is trial 0 with value: 0.1690993755626612.
C:\Users\הלל\Desktop\algo projects\trading-research-factory\walk forward engine\.venv\lib\site-packages\optuna\distributions.py:700: UserWarning: The distribution is specified by [7, 20] and step=3, but the range is not divisible by `step`. It will be replaced by [7, 19].
  warnings.warn(
C:\Users\הלל\Desktop\algo projects\trading-research-factory\walk forward engine\.venv\lib\site-packages\optuna\distributions.py:685: UserWarning: The distribution is specified by [0.2, 0.3] and step=0.04999999999999999, but the range is not divisible by `step`. It will be replaced by [0.2, 0.3].
  warnings.warn(
C:\Users\הלל\Desktop\algo projects\trading-research-factory\walk forward engine\.venv\lib\site-packages\optuna\distributions.py:700: UserWarning: The distribution is specified by [7, 20] and step=3, but the range is not divisible by `step`. It will be replaced by [7, 19].
  warnings.warn(
C:\Users\הלל\Desktop\algo projects\trading-research-factory\walk forward engine\.venv\lib\site-packages\optuna\distributions.py:685: UserWarning: The distribution is specified by [0.2, 0.3] and step=0.04999999999999999, but the range is not divisible by `step`. It will be replaced by [0.2, 0.3].
  warnings.warn(
[I 2026-05-31 16:40:48,952] Trial 10 finished with value: -9.6 and parameters: {'atr_period': 16, 'st_multiplier': 3.5, 'vol_atr_period': 20, 'vol_scale_min': 0.2, 'vol_scale_max': 2.5, 'trail_mult': 3.0}. Best is trial 0 with value: 0.1690993755626612.
[I 2026-05-31 16:40:48,965] Trial 8 finished with value: -1.9071296236522415 and parameters: {'atr_period': 10, 'st_multiplier': 3.5, 'vol_atr_period': 14, 'vol_scale_min': 0.2, 'vol_scale_max': 2.5, 'trail_mult': 2.5}. Best is trial 0 with value: 0.1690993755626612.
C:\Users\הלל\Desktop\algo projects\trading-research-factory\walk forward engine\.venv\lib\site-packages\optuna\distributions.py:700: UserWarning: The distribution is specified by [7, 20] and step=3, but the range is not divisible by `step`. It will be replaced by [7, 19].
  warnings.warn(
[I 2026-05-31 16:40:49,059] Trial 9 finished with value: -9.7 and parameters: {'atr_period': 19, 'st_multiplier': 4.0, 'vol_atr_period': 44, 'vol_scale_min': 0.2, 'vol_scale_max': 2.5, 'trail_mult': 2.5}. Best is trial 0 with value: 0.1690993755626612.
C:\Users\הלל\Desktop\algo projects\trading-research-factory\walk forward engine\.venv\lib\site-packages\optuna\distributions.py:700: UserWarning: The distribution is specified by [7, 20] and step=3, but the range is not divisible by `step`. It will be replaced by [7, 19].
  warnings.warn(
C:\Users\הלל\Desktop\algo projects\trading-research-factory\walk forward engine\.venv\lib\site-packages\optuna\distributions.py:685: UserWarning: The distribution is specified by [0.2, 0.3] and step=0.04999999999999999, but the range is not divisible by `step`. It will be replaced by [0.2, 0.3].
  warnings.warn(
C:\Users\הלל\Desktop\algo projects\trading-research-factory\walk forward engine\.venv\lib\site-packages\optuna\distributions.py:685: UserWarning: The distribution is specified by [0.2, 0.3] and step=0.04999999999999999, but the range is not divisible by `step`. It will be replaced by [0.2, 0.3].
  warnings.warn(
[I 2026-05-31 16:40:49,472] Trial 11 finished with value: -0.7200835745472 and parameters: {'atr_period': 13, 'st_multiplier': 2.0, 'vol_atr_period': 50, 'vol_scale_min': 0.2, 'vol_scale_max': 2.0, 'trail_mult': 2.0}. Best is trial 0 with value: 0.1690993755626612.
[I 2026-05-31 16:40:49,492] Trial 13 finished with value: -9.7 and parameters: {'atr_period': 19, 'st_multiplier': 4.0, 'vol_atr_period': 14, 'vol_scale_min': 0.25, 'vol_scale_max': 2.0, 'trail_mult': 2.0}. Best is trial 0 with value: 0.1690993755626612.
[I 2026-05-31 16:40:49,551] Trial 12 finished with value: -9.7 and parameters: {'atr_period': 16, 'st_multiplier': 4.0, 'vol_atr_period': 32, 'vol_scale_min': 0.25, 'vol_scale_max': 2.0, 'trail_mult': 2.0}. Best is trial 0 with value: 0.1690993755626612.
C:\Users\הלל\Desktop\algo projects\trading-research-factory\walk forward engine\.venv\lib\site-packages\optuna\distributions.py:700: UserWarning: The distribution is specified by [7, 20] and step=3, but the range is not divisible by `step`. It will be replaced by [7, 19].
  warnings.warn(
C:\Users\הלל\Desktop\algo projects\trading-research-factory\walk forward engine\.venv\lib\site-packages\optuna\distributions.py:700: UserWarning: The distribution is specified by [7, 20] and step=3, but the range is not divisible by `step`. It will be replaced by [7, 19].
  warnings.warn(
[I 2026-05-31 16:40:49,616] Trial 15 finished with value: -1.53107509155851 and parameters: {'atr_period': 13, 'st_multiplier': 3.5, 'vol_atr_period': 44, 'vol_scale_min': 0.2, 'vol_scale_max': 2.0, 'trail_mult': 2.0}. Best is trial 0 with value: 0.1690993755626612.
C:\Users\הלל\Desktop\algo projects\trading-research-factory\walk forward engine\.venv\lib\site-packages\optuna\distributions.py:700: UserWarning: The distribution is specified by [7, 20] and step=3, but the range is not divisible by `step`. It will be replaced by [7, 19].
  warnings.warn(
C:\Users\הלל\Desktop\algo projects\trading-research-factory\walk forward engine\.venv\lib\site-packages\optuna\distributions.py:685: UserWarning: The distribution is specified by [0.2, 0.3] and step=0.04999999999999999, but the range is not divisible by `step`. It will be replaced by [0.2, 0.3].
  warnings.warn(
[I 2026-05-31 16:40:49,662] Trial 14 finished with value: -0.4127496915999904 and parameters: {'atr_period': 13, 'st_multiplier': 2.5, 'vol_atr_period': 32, 'vol_scale_min': 0.25, 'vol_scale_max': 2.5, 'trail_mult': 3.0}. Best is trial 0 with value: 0.1690993755626612.
C:\Users\הלל\Desktop\algo projects\trading-research-factory\walk forward engine\.venv\lib\site-packages\optuna\distributions.py:700: UserWarning: The distribution is specified by [7, 20] and step=3, but the range is not divisible by `step`. It will be replaced by [7, 19].
  warnings.warn(
C:\Users\הלל\Desktop\algo projects\trading-research-factory\walk forward engine\.venv\lib\site-packages\optuna\distributions.py:685: UserWarning: The distribution is specified by [0.2, 0.3] and step=0.04999999999999999, but the range is not divisible by `step`. It will be replaced by [0.2, 0.3].
  warnings.warn(
C:\Users\הלל\Desktop\algo projects\trading-research-factory\walk forward engine\.venv\lib\site-packages\optuna\distributions.py:685: UserWarning: The distribution is specified by [0.2, 0.3] and step=0.04999999999999999, but the range is not divisible by `step`. It will be replaced by [0.2, 0.3].
  warnings.warn(
C:\Users\הלל\Desktop\algo projects\trading-research-factory\walk forward engine\.venv\lib\site-packages\optuna\distributions.py:685: UserWarning: The distribution is specified by [0.2, 0.3] and step=0.04999999999999999, but the range is not divisible by `step`. It will be replaced by [0.2, 0.3].
  warnings.warn(
C:\Users\הלל\Desktop\algo projects\trading-research-factory\walk forward engine\.venv\lib\site-packages\optuna\distributions.py:685: UserWarning: The distribution is specified by [0.2, 0.3] and step=0.04999999999999999, but the range is not divisible by `step`. It will be replaced by [0.2, 0.3].
  warnings.warn(
C:\Users\הלל\Desktop\algo projects\trading-research-factory\walk forward engine\.venv\lib\site-packages\optuna\distributions.py:685: UserWarning: The distribution is specified by [0.2, 0.3] and step=0.04999999999999999, but the range is not divisible by `step`. It will be replaced by [0.2, 0.3].
  warnings.warn(
[I 2026-05-31 16:40:50,234] Trial 16 finished with value: -0.5448940945741747 and parameters: {'atr_period': 19, 'st_multiplier': 3.0, 'vol_atr_period': 50, 'vol_scale_min': 0.3, 'vol_scale_max': 1.5, 'trail_mult': 2.0}. Best is trial 0 with value: 0.1690993755626612.
C:\Users\הלל\Desktop\algo projects\trading-research-factory\walk forward engine\.venv\lib\site-packages\optuna\distributions.py:700: UserWarning: The distribution is specified by [7, 20] and step=3, but the range is not divisible by `step`. It will be replaced by [7, 19].
  warnings.warn(
[I 2026-05-31 16:40:50,265] Trial 17 finished with value: -0.02306374832278257 and parameters: {'atr_period': 19, 'st_multiplier': 3.5, 'vol_atr_period': 44, 'vol_scale_min': 0.2, 'vol_scale_max': 1.5, 'trail_mult': 2.0}. Best is trial 0 with value: 0.1690993755626612.
[I 2026-05-31 16:40:50,361] Trial 18 finished with value: -9.7 and parameters: {'atr_period': 19, 'st_multiplier': 4.0, 'vol_atr_period': 44, 'vol_scale_min': 0.2, 'vol_scale_max': 1.5, 'trail_mult': 1.5}. Best is trial 0 with value: 0.1690993755626612.
C:\Users\הלל\Desktop\algo projects\trading-research-factory\walk forward engine\.venv\lib\site-packages\optuna\distributions.py:685: UserWarning: The distribution is specified by [0.2, 0.3] and step=0.04999999999999999, but the range is not divisible by `step`. It will be replaced by [0.2, 0.3].
  warnings.warn(
[I 2026-05-31 16:40:50,711] Trial 20 finished with value: -0.6354918038021906 and parameters: {'atr_period': 10, 'st_multiplier': 2.0, 'vol_atr_period': 20, 'vol_scale_min': 0.25, 'vol_scale_max': 1.5, 'trail_mult': 2.0}. Best is trial 0 with value: 0.1690993755626612.
[I 2026-05-31 16:40:50,727] Trial 19 finished with value: 0.1690993755626612 and parameters: {'atr_period': 19, 'st_multiplier': 3.5, 'vol_atr_period': 50, 'vol_scale_min': 0.25, 'vol_scale_max': 1.5, 'trail_mult': 1.5}. Best is trial 0 with value: 0.1690993755626612.
[I 2026-05-31 16:40:50,732] Trial 21 finished with value: -0.7812085120733868 and parameters: {'atr_period': 13, 'st_multiplier': 2.0, 'vol_atr_period': 14, 'vol_scale_min': 0.25, 'vol_scale_max': 1.5, 'trail_mult': 2.0}. Best is trial 0 with value: 0.1690993755626612.
[I 2026-05-31 16:40:50,759] Trial 23 finished with value: 0.15871539391221517 and parameters: {'atr_period': 19, 'st_multiplier': 3.5, 'vol_atr_period': 44, 'vol_scale_min': 0.25, 'vol_scale_max': 1.5, 'trail_mult': 1.5}. Best is trial 0 with value: 0.1690993755626612.
[I 2026-05-31 16:40:50,807] Trial 22 finished with value: -0.3677050385179868 and parameters: {'atr_period': 7, 'st_multiplier': 2.0, 'vol_atr_period': 14, 'vol_scale_min': 0.25, 'vol_scale_max': 1.5, 'trail_mult': 2.0}. Best is trial 0 with value: 0.1690993755626612.
[I 2026-05-31 16:40:50,839] Trial 24 finished with value: -0.27644506528523327 and parameters: {'atr_period': 19, 'st_multiplier': 3.0, 'vol_atr_period': 38, 'vol_scale_min': 0.2, 'vol_scale_max': 1.5, 'trail_mult': 1.5}. Best is trial 0 with value: 0.1690993755626612.
C:\Users\הלל\Desktop\algo projects\trading-research-factory\walk forward engine\.venv\lib\site-packages\optuna\samplers\_tpe\sampler.py:319: ExperimentalWarning: ``multivariate`` option is an experimental feature. The interface can change in the future.
  warnings.warn(
[I 2026-05-31 16:40:50,997] A new study created in memory with name: no-name-d07e917f-c080-4715-a776-b7e9f5be8eb3
C:\Users\הלל\Desktop\algo projects\trading-research-factory\walk forward engine\.venv\lib\site-packages\optuna\distributions.py:700: UserWarning: The distribution is specified by [7, 20] and step=3, but the range is not divisible by `step`. It will be replaced by [7, 19].
  warnings.warn(
C:\Users\הלל\Desktop\algo projects\trading-research-factory\walk forward engine\.venv\lib\site-packages\optuna\distributions.py:685: UserWarning: The distribution is specified by [0.2, 0.3] and step=0.04999999999999999, but the range is not divisible by `step`. It will be replaced by [0.2, 0.3].
  warnings.warn(
C:\Users\הלל\Desktop\algo projects\trading-research-factory\walk forward engine\.venv\lib\site-packages\optuna\distributions.py:700: UserWarning: The distribution is specified by [7, 20] and step=3, but the range is not divisible by `step`. It will be replaced by [7, 19].
  warnings.warn(
C:\Users\הלל\Desktop\algo projects\trading-research-factory\walk forward engine\.venv\lib\site-packages\optuna\distributions.py:700: UserWarning: The distribution is specified by [7, 20] and step=3, but the range is not divisible by `step`. It will be replaced by [7, 19].
  warnings.warn(
C:\Users\הלל\Desktop\algo projects\trading-research-factory\walk forward engine\.venv\lib\site-packages\optuna\distributions.py:685: UserWarning: The distribution is specified by [0.2, 0.3] and step=0.04999999999999999, but the range is not divisible by `step`. It will be replaced by [0.2, 0.3].
  warnings.warn(
C:\Users\הלל\Desktop\algo projects\trading-research-factory\walk forward engine\.venv\lib\site-packages\optuna\distributions.py:685: UserWarning: The distribution is specified by [0.2, 0.3] and step=0.04999999999999999, but the range is not divisible by `step`. It will be replaced by [0.2, 0.3].
  warnings.warn(
[I 2026-05-31 16:40:51,681] Trial 0 finished with value: -1.040159211873173 and parameters: {'atr_period': 13, 'st_multiplier': 3.0, 'vol_atr_period': 20, 'vol_scale_min': 0.25, 'vol_scale_max': 2.5, 'trail_mult': 1.5}. Best is trial 0 with value: -1.040159211873173.
C:\Users\הלל\Desktop\algo projects\trading-research-factory\walk forward engine\.venv\lib\site-packages\optuna\distributions.py:700: UserWarning: The distribution is specified by [7, 20] and step=3, but the range is not divisible by `step`. It will be replaced by [7, 19].
  warnings.warn(
C:\Users\הלל\Desktop\algo projects\trading-research-factory\walk forward engine\.venv\lib\site-packages\optuna\distributions.py:685: UserWarning: The distribution is specified by [0.2, 0.3] and step=0.04999999999999999, but the range is not divisible by `step`. It will be replaced by [0.2, 0.3].
  warnings.warn(
[I 2026-05-31 16:40:51,712] Trial 1 finished with value: -9.7 and parameters: {'atr_period': 10, 'st_multiplier': 4.0, 'vol_atr_period': 14, 'vol_scale_min': 0.3, 'vol_scale_max': 1.5, 'trail_mult': 1.5}. Best is trial 0 with value: -1.040159211873173.
C:\Users\הלל\Desktop\algo projects\trading-research-factory\walk forward engine\.venv\lib\site-packages\optuna\distributions.py:700: UserWarning: The distribution is specified by [7, 20] and step=3, but the range is not divisible by `step`. It will be replaced by [7, 19].
  warnings.warn(
C:\Users\הלל\Desktop\algo projects\trading-research-factory\walk forward engine\.venv\lib\site-packages\optuna\distributions.py:685: UserWarning: The distribution is specified by [0.2, 0.3] and step=0.04999999999999999, but the range is not divisible by `step`. It will be replaced by [0.2, 0.3].
  warnings.warn(
[I 2026-05-31 16:40:51,797] Trial 2 finished with value: 0.6290451850663473 and parameters: {'atr_period': 13, 'st_multiplier': 3.0, 'vol_atr_period': 20, 'vol_scale_min': 0.2, 'vol_scale_max': 2.0, 'trail_mult': 3.0}. Best is trial 2 with value: 0.6290451850663473.
C:\Users\הלל\Desktop\algo projects\trading-research-factory\walk forward engine\.venv\lib\site-packages\optuna\distributions.py:700: UserWarning: The distribution is specified by [7, 20] and step=3, but the range is not divisible by `step`. It will be replaced by [7, 19].
  warnings.warn(
C:\Users\הלל\Desktop\algo projects\trading-research-factory\walk forward engine\.venv\lib\site-packages\optuna\distributions.py:685: UserWarning: The distribution is specified by [0.2, 0.3] and step=0.04999999999999999, but the range is not divisible by `step`. It will be replaced by [0.2, 0.3].
  warnings.warn(
[I 2026-05-31 16:40:51,887] Trial 6 finished with value: -9.7 and parameters: {'atr_period': 10, 'st_multiplier': 4.0, 'vol_atr_period': 20, 'vol_scale_min': 0.25, 'vol_scale_max': 1.5, 'trail_mult': 3.0}. Best is trial 2 with value: 0.6290451850663473.
C:\Users\הלל\Desktop\algo projects\trading-research-factory\walk forward engine\.venv\lib\site-packages\optuna\distributions.py:700: UserWarning: The distribution is specified by [7, 20] and step=3, but the range is not divisible by `step`. It will be replaced by [7, 19].
  warnings.warn(
C:\Users\הלל\Desktop\algo projects\trading-research-factory\walk forward engine\.venv\lib\site-packages\optuna\distributions.py:685: UserWarning: The distribution is specified by [0.2, 0.3] and step=0.04999999999999999, but the range is not divisible by `step`. It will be replaced by [0.2, 0.3].
  warnings.warn(
[I 2026-05-31 16:40:51,982] Trial 5 finished with value: -1.2187622061949965 and parameters: {'atr_period': 16, 'st_multiplier': 3.5, 'vol_atr_period': 20, 'vol_scale_min': 0.3, 'vol_scale_max': 1.5, 'trail_mult': 2.0}. Best is trial 2 with value: 0.6290451850663473.
C:\Users\הלל\Desktop\algo projects\trading-research-factory\walk forward engine\.venv\lib\site-packages\optuna\distributions.py:700: UserWarning: The distribution is specified by [7, 20] and step=3, but the range is not divisible by `step`. It will be replaced by [7, 19].
  warnings.warn(
C:\Users\הלל\Desktop\algo projects\trading-research-factory\walk forward engine\.venv\lib\site-packages\optuna\distributions.py:685: UserWarning: The distribution is specified by [0.2, 0.3] and step=0.04999999999999999, but the range is not divisible by `step`. It will be replaced by [0.2, 0.3].
  warnings.warn(
[I 2026-05-31 16:40:52,125] Trial 4 finished with value: 1.0412023414059883 and parameters: {'atr_period': 13, 'st_multiplier': 2.5, 'vol_atr_period': 14, 'vol_scale_min': 0.3, 'vol_scale_max': 1.5, 'trail_mult': 3.0}. Best is trial 4 with value: 1.0412023414059883.
[I 2026-05-31 16:40:52,125] Trial 7 finished with value: -9.8 and parameters: {'atr_period': 13, 'st_multiplier': 4.0, 'vol_atr_period': 50, 'vol_scale_min': 0.3, 'vol_scale_max': 2.0, 'trail_mult': 2.5}. Best is trial 4 with value: 1.0412023414059883.
[I 2026-05-31 16:40:52,125] Trial 3 finished with value: 0.2981662194197625 and parameters: {'atr_period': 10, 'st_multiplier': 3.5, 'vol_atr_period': 32, 'vol_scale_min': 0.3, 'vol_scale_max': 1.5, 'trail_mult': 2.0}. Best is trial 4 with value: 1.0412023414059883.
C:\Users\הלל\Desktop\algo projects\trading-research-factory\walk forward engine\.venv\lib\site-packages\optuna\distributions.py:700: UserWarning: The distribution is specified by [7, 20] and step=3, but the range is not divisible by `step`. It will be replaced by [7, 19].
  warnings.warn(
C:\Users\הלל\Desktop\algo projects\trading-research-factory\walk forward engine\.venv\lib\site-packages\optuna\distributions.py:685: UserWarning: The distribution is specified by [0.2, 0.3] and step=0.04999999999999999, but the range is not divisible by `step`. It will be replaced by [0.2, 0.3].
  warnings.warn(
C:\Users\הלל\Desktop\algo projects\trading-research-factory\walk forward engine\.venv\lib\site-packages\optuna\distributions.py:700: UserWarning: The distribution is specified by [7, 20] and step=3, but the range is not divisible by `step`. It will be replaced by [7, 19].
  warnings.warn(
C:\Users\הלל\Desktop\algo projects\trading-research-factory\walk forward engine\.venv\lib\site-packages\optuna\distributions.py:685: UserWarning: The distribution is specified by [0.2, 0.3] and step=0.04999999999999999, but the range is not divisible by `step`. It will be replaced by [0.2, 0.3].
  warnings.warn(
C:\Users\הלל\Desktop\algo projects\trading-research-factory\walk forward engine\.venv\lib\site-packages\optuna\distributions.py:685: UserWarning: The distribution is specified by [0.2, 0.3] and step=0.04999999999999999, but the range is not divisible by `step`. It will be replaced by [0.2, 0.3].
  warnings.warn(
[I 2026-05-31 16:40:52,473] Trial 8 finished with value: 1.0412023414059883 and parameters: {'atr_period': 13, 'st_multiplier': 2.5, 'vol_atr_period': 14, 'vol_scale_min': 0.25, 'vol_scale_max': 1.5, 'trail_mult': 3.0}. Best is trial 4 with value: 1.0412023414059883.
