[I 2026-06-01 15:56:56,860] Trial 6 finished with value: -2.582769443029964 and parameters: {'imbalance_lookback': 32, 'imbalance_threshold': 0.25, 'volume_lookback': 144, 'volume_ratio_min': 1.0, 'atr_period': 10, 'vol_lookback': 48, 'vol_ratio_min': 1.2, 'momentum_lookback': 6, 'max_hold_bars': 12, 'sl_atr_mult': 1.0, 'tp_atr_mult': 2.5, 'start_hour': 6, 'end_hour': 22}. Best is trial 3 with value: -1.573158738346748.
C:\Users\הלל\Desktop\algo projects\trading-research-factory\walk forward engine\.venv\lib\site-packages\optuna\distributions.py:700: UserWarning: The distribution is specified by [10, 20] and step=4, but the range is not divisible by `step`. It will be replaced by [10, 18].
  warnings.warn(
[I 2026-06-01 15:56:56,924] Trial 0 finished with value: -4.748687395347407 and parameters: {'imbalance_lookback': 24, 'imbalance_threshold': 0.18, 'volume_lookback': 48, 'volume_ratio_min': 1.0, 'atr_period': 14, 'vol_lookback': 192, 'vol_ratio_min': 1.2, 'momentum_lookback': 4, 'max_hold_bars': 8, 'sl_atr_mult': 2.0, 'tp_atr_mult': 2.5, 'start_hour': 7, 'end_hour': 20}. Best is trial 3 with value: -1.573158738346748.
C:\Users\הלל\Desktop\algo projects\trading-research-factory\walk forward engine\.venv\lib\site-packages\optuna\distributions.py:685: UserWarning: The distribution is specified by [0.18, 0.45] and step=0.07, but the range is not divisible by `step`. It will be replaced by [0.18, 0.39].
  warnings.warn(
[I 2026-06-01 15:56:56,947] Trial 7 finished with value: -6.181925949747959 and parameters: {'imbalance_lookback': 32, 'imbalance_threshold': 0.18, 'volume_lookback': 48, 'volume_ratio_min': 1.0, 'atr_period': 18, 'vol_lookback': 96, 'vol_ratio_min': 1.0, 'momentum_lookback': 6, 'max_hold_bars': 4, 'sl_atr_mult': 2.0, 'tp_atr_mult': 3.5, 'start_hour': 6, 'end_hour': 22}. Best is trial 3 with value: -1.573158738346748.
C:\Users\הלל\Desktop\algo projects\trading-research-factory\walk forward engine\.venv\lib\site-packages\optuna\distributions.py:685: UserWarning: The distribution is specified by [0.8, 1.2] and step=0.19999999999999996, but the range is not divisible by `step`. It will be replaced by [0.8, 1.2].
  warnings.warn(
[I 2026-06-01 15:56:56,999] Trial 5 finished with value: -7.294474092944321 and parameters: {'imbalance_lookback': 16, 'imbalance_threshold': 0.18, 'volume_lookback': 192, 'volume_ratio_min': 1.2, 'atr_period': 18, 'vol_lookback': 144, 'vol_ratio_min': 1.0, 'momentum_lookback': 8, 'max_hold_bars': 8, 'sl_atr_mult': 2.0, 'tp_atr_mult': 2.5, 'start_hour': 6, 'end_hour': 22}. Best is trial 3 with value: -1.573158738346748.
[I 2026-06-01 15:56:57,052] Trial 4 finished with value: -1.92365038652096 and parameters: {'imbalance_lookback': 32, 'imbalance_threshold': 0.32, 'volume_lookback': 96, 'volume_ratio_min': 0.8, 'atr_period': 10, 'vol_lookback': 144, 'vol_ratio_min': 0.8, 'momentum_lookback': 8, 'max_hold_bars': 4, 'sl_atr_mult': 1.5, 'tp_atr_mult': 3.5, 'start_hour': 6, 'end_hour': 22}. Best is trial 3 with value: -1.573158738346748.
[I 2026-06-01 15:56:57,520] Trial 8 finished with value: -2.4349634826247075 and parameters: {'imbalance_lookback': 16, 'imbalance_threshold': 0.39, 'volume_lookback': 192, 'volume_ratio_min': 1.2, 'atr_period': 14, 'vol_lookback': 192, 'vol_ratio_min': 1.2, 'momentum_lookback': 8, 'max_hold_bars': 8, 'sl_atr_mult': 1.5, 'tp_atr_mult': 3.5, 'start_hour': 6, 'end_hour': 22}. Best is trial 3 with value: -1.573158738346748.
[I 2026-06-01 15:56:57,608] Trial 10 finished with value: -2.23507587556909 and parameters: {'imbalance_lookback': 32, 'imbalance_threshold': 0.39, 'volume_lookback': 48, 'volume_ratio_min': 0.8, 'atr_period': 10, 'vol_lookback': 48, 'vol_ratio_min': 1.2, 'momentum_lookback': 8, 'max_hold_bars': 4, 'sl_atr_mult': 1.5, 'tp_atr_mult': 1.5, 'start_hour': 8, 'end_hour': 22}. Best is trial 3 with value: -1.573158738346748.
[I 2026-06-01 15:56:57,735] Trial 9 finished with value: -6.120215730735827 and parameters: {'imbalance_lookback': 24, 'imbalance_threshold': 0.25, 'volume_lookback': 144, 'volume_ratio_min': 0.8, 'atr_period': 10, 'vol_lookback': 96, 'vol_ratio_min': 0.8, 'momentum_lookback': 8, 'max_hold_bars': 4, 'sl_atr_mult': 1.0, 'tp_atr_mult': 3.5, 'start_hour': 8, 'end_hour': 18}. Best is trial 3 with value: -1.573158738346748.
[I 2026-06-01 15:56:57,740] Trial 11 finished with value: -6.601503260146073 and parameters: {'imbalance_lookback': 8, 'imbalance_threshold': 0.32, 'volume_lookback': 96, 'volume_ratio_min': 1.0, 'atr_period': 14, 'vol_lookback': 192, 'vol_ratio_min': 0.8, 'momentum_lookback': 6, 'max_hold_bars': 12, 'sl_atr_mult': 1.5, 'tp_atr_mult': 2.5, 'start_hour': 7, 'end_hour': 18}. Best is trial 3 with value: -1.573158738346748.
C:\Users\הלל\Desktop\algo projects\trading-research-factory\walk forward engine\.venv\lib\site-packages\optuna\samplers\_tpe\sampler.py:319: ExperimentalWarning: ``multivariate`` option is an experimental feature. The interface can change in the future.
  warnings.warn(
[I 2026-06-01 15:56:58,123] A new study created in memory with name: no-name-dd0393ae-d92a-4c8a-9215-3f3721d0dd37
C:\Users\הלל\Desktop\algo projects\trading-research-factory\walk forward engine\.venv\lib\site-packages\optuna\distributions.py:685: UserWarning: The distribution is specified by [0.18, 0.45] and step=0.07, but the range is not divisible by `step`. It will be replaced by [0.18, 0.39].
  warnings.warn(
C:\Users\הלל\Desktop\algo projects\trading-research-factory\walk forward engine\.venv\lib\site-packages\optuna\distributions.py:685: UserWarning: The distribution is specified by [0.8, 1.2] and step=0.19999999999999996, but the range is not divisible by `step`. It will be replaced by [0.8, 1.2].
  warnings.warn(
C:\Users\הלל\Desktop\algo projects\trading-research-factory\walk forward engine\.venv\lib\site-packages\optuna\distributions.py:700: UserWarning: The distribution is specified by [10, 20] and step=4, but the range is not divisible by `step`. It will be replaced by [10, 18].
  warnings.warn(
C:\Users\הלל\Desktop\algo projects\trading-research-factory\walk forward engine\.venv\lib\site-packages\optuna\distributions.py:685: UserWarning: The distribution is specified by [0.18, 0.45] and step=0.07, but the range is not divisible by `step`. It will be replaced by [0.18, 0.39].
  warnings.warn(
C:\Users\הלל\Desktop\algo projects\trading-research-factory\walk forward engine\.venv\lib\site-packages\optuna\distributions.py:685: UserWarning: The distribution is specified by [0.8, 1.2] and step=0.19999999999999996, but the range is not divisible by `step`. It will be replaced by [0.8, 1.2].
  warnings.warn(
C:\Users\הלל\Desktop\algo projects\trading-research-factory\walk forward engine\.venv\lib\site-packages\optuna\distributions.py:700: UserWarning: The distribution is specified by [10, 20] and step=4, but the range is not divisible by `step`. It will be replaced by [10, 18].
  warnings.warn(
C:\Users\הלל\Desktop\algo projects\trading-research-factory\walk forward engine\.venv\lib\site-packages\optuna\distributions.py:685: UserWarning: The distribution is specified by [0.8, 1.2] and step=0.19999999999999996, but the range is not divisible by `step`. It will be replaced by [0.8, 1.2].
  warnings.warn(
C:\Users\הלל\Desktop\algo projects\trading-research-factory\walk forward engine\.venv\lib\site-packages\optuna\distributions.py:700: UserWarning: The distribution is specified by [10, 20] and step=4, but the range is not divisible by `step`. It will be replaced by [10, 18].
  warnings.warn(
[I 2026-06-01 15:56:59,307] Trial 0 finished with value: -2.260767249639988 and parameters: {'imbalance_lookback': 32, 'imbalance_threshold': 0.32, 'volume_lookback': 192, 'volume_ratio_min': 0.8, 'atr_period': 10, 'vol_lookback': 144, 'vol_ratio_min': 1.0, 'momentum_lookback': 4, 'max_hold_bars': 8, 'sl_atr_mult': 1.5, 'tp_atr_mult': 1.5, 'start_hour': 8, 'end_hour': 22}. Best is trial 0 with value: -2.260767249639988.
C:\Users\הלל\Desktop\algo projects\trading-research-factory\walk forward engine\.venv\lib\site-packages\optuna\distributions.py:685: UserWarning: The distribution is specified by [0.18, 0.45] and step=0.07, but the range is not divisible by `step`. It will be replaced by [0.18, 0.39].
  warnings.warn(
C:\Users\הלל\Desktop\algo projects\trading-research-factory\walk forward engine\.venv\lib\site-packages\optuna\distributions.py:685: UserWarning: The distribution is specified by [0.8, 1.2] and step=0.19999999999999996, but the range is not divisible by `step`. It will be replaced by [0.8, 1.2].
  warnings.warn(
C:\Users\הלל\Desktop\algo projects\trading-research-factory\walk forward engine\.venv\lib\site-packages\optuna\distributions.py:700: UserWarning: The distribution is specified by [10, 20] and step=4, but the range is not divisible by `step`. It will be replaced by [10, 18].
  warnings.warn(
[I 2026-06-01 15:56:59,834] Trial 1 finished with value: -2.0288207465895303 and parameters: {'imbalance_lookback': 24, 'imbalance_threshold': 0.25, 'volume_lookback': 48, 'volume_ratio_min': 1.2, 'atr_period': 18, 'vol_lookback': 96, 'vol_ratio_min': 1.0, 'momentum_lookback': 2, 'max_hold_bars': 16, 'sl_atr_mult': 1.5, 'tp_atr_mult': 3.5, 'start_hour': 8, 'end_hour': 18}. Best is trial 1 with value: -2.0288207465895303.
[I 2026-06-01 15:56:59,863] Trial 2 finished with value: -2.91908491396791 and parameters: {'imbalance_lookback': 24, 'imbalance_threshold': 0.32, 'volume_lookback': 48, 'volume_ratio_min': 1.2, 'atr_period': 14, 'vol_lookback': 144, 'vol_ratio_min': 0.8, 'momentum_lookback': 4, 'max_hold_bars': 16, 'sl_atr_mult': 1.0, 'tp_atr_mult': 2.5, 'start_hour': 7, 'end_hour': 22}. Best is trial 1 with value: -2.0288207465895303.
C:\Users\הלל\Desktop\algo projects\trading-research-factory\walk forward engine\.venv\lib\site-packages\optuna\distributions.py:685: UserWarning: The distribution is specified by [0.18, 0.45] and step=0.07, but the range is not divisible by `step`. It will be replaced by [0.18, 0.39].
  warnings.warn(
C:\Users\הלל\Desktop\algo projects\trading-research-factory\walk forward engine\.venv\lib\site-packages\optuna\distributions.py:685: UserWarning: The distribution is specified by [0.8, 1.2] and step=0.19999999999999996, but the range is not divisible by `step`. It will be replaced by [0.8, 1.2].
  warnings.warn(
[I 2026-06-01 15:56:59,912] Trial 3 finished with value: -1.7395124680921055 and parameters: {'imbalance_lookback': 32, 'imbalance_threshold': 0.39, 'volume_lookback': 144, 'volume_ratio_min': 1.0, 'atr_period': 14, 'vol_lookback': 192, 'vol_ratio_min': 1.2, 'momentum_lookback': 8, 'max_hold_bars': 16, 'sl_atr_mult': 1.0, 'tp_atr_mult': 2.5, 'start_hour': 8, 'end_hour': 20}. Best is trial 3 with value: -1.7395124680921055.
C:\Users\הלל\Desktop\algo projects\trading-research-factory\walk forward engine\.venv\lib\site-packages\optuna\distributions.py:700: UserWarning: The distribution is specified by [10, 20] and step=4, but the range is not divisible by `step`. It will be replaced by [10, 18].
  warnings.warn(
[I 2026-06-01 15:56:59,949] Trial 7 finished with value: -6.896409942091607 and parameters: {'imbalance_lookback': 8, 'imbalance_threshold': 0.25, 'volume_lookback': 192, 'volume_ratio_min': 0.8, 'atr_period': 18, 'vol_lookback': 48, 'vol_ratio_min': 1.2, 'momentum_lookback': 2, 'max_hold_bars': 12, 'sl_atr_mult': 2.0, 'tp_atr_mult': 2.5, 'start_hour': 6, 'end_hour': 20}. Best is trial 3 with value: -1.7395124680921055.
C:\Users\הלל\Desktop\algo projects\trading-research-factory\walk forward engine\.venv\lib\site-packages\optuna\distributions.py:685: UserWarning: The distribution is specified by [0.8, 1.2] and step=0.19999999999999996, but the range is not divisible by `step`. It will be replaced by [0.8, 1.2].
  warnings.warn(
C:\Users\הלל\Desktop\algo projects\trading-research-factory\walk forward engine\.venv\lib\site-packages\optuna\distributions.py:700: UserWarning: The distribution is specified by [10, 20] and step=4, but the range is not divisible by `step`. It will be replaced by [10, 18].
  warnings.warn(
[I 2026-06-01 15:57:00,265] Trial 5 finished with value: -5.268817813002264 and parameters: {'imbalance_lookback': 16, 'imbalance_threshold': 0.32, 'volume_lookback': 48, 'volume_ratio_min': 0.8, 'atr_period': 14, 'vol_lookback': 144, 'vol_ratio_min': 1.2, 'momentum_lookback': 2, 'max_hold_bars': 8, 'sl_atr_mult': 2.0, 'tp_atr_mult': 2.5, 'start_hour': 6, 'end_hour': 18}. Best is trial 3 with value: -1.7395124680921055.
[I 2026-06-01 15:57:00,272] Trial 4 finished with value: -5.177123977514105 and parameters: {'imbalance_lookback': 8, 'imbalance_threshold': 0.18, 'volume_lookback': 144, 'volume_ratio_min': 1.2, 'atr_period': 10, 'vol_lookback': 96, 'vol_ratio_min': 1.2, 'momentum_lookback': 6, 'max_hold_bars': 16, 'sl_atr_mult': 1.0, 'tp_atr_mult': 2.5, 'start_hour': 8, 'end_hour': 18}. Best is trial 3 with value: -1.7395124680921055.
[I 2026-06-01 15:57:00,306] Trial 6 finished with value: -8.350631665458103 and parameters: {'imbalance_lookback': 8, 'imbalance_threshold': 0.25, 'volume_lookback': 48, 'volume_ratio_min': 0.8, 'atr_period': 10, 'vol_lookback': 192, 'vol_ratio_min': 1.0, 'momentum_lookback': 4, 'max_hold_bars': 16, 'sl_atr_mult': 1.5, 'tp_atr_mult': 1.5, 'start_hour': 8, 'end_hour': 20}. Best is trial 3 with value: -1.7395124680921055.
[I 2026-06-01 15:57:00,728] Trial 8 finished with value: -5.149790256906583 and parameters: {'imbalance_lookback': 32, 'imbalance_threshold': 0.18, 'volume_lookback': 96, 'volume_ratio_min': 0.8, 'atr_period': 18, 'vol_lookback': 48, 'vol_ratio_min': 0.8, 'momentum_lookback': 4, 'max_hold_bars': 8, 'sl_atr_mult': 1.0, 'tp_atr_mult': 3.5, 'start_hour': 6, 'end_hour': 18}. Best is trial 3 with value: -1.7395124680921055.
[I 2026-06-01 15:57:00,990] Trial 11 finished with value: -6.128998533368324 and parameters: {'imbalance_lookback': 8, 'imbalance_threshold': 0.39, 'volume_lookback': 96, 'volume_ratio_min': 1.0, 'atr_period': 14, 'vol_lookback': 48, 'vol_ratio_min': 1.0, 'momentum_lookback': 6, 'max_hold_bars': 16, 'sl_atr_mult': 2.0, 'tp_atr_mult': 3.5, 'start_hour': 8, 'end_hour': 20}. Best is trial 3 with value: -1.7395124680921055.
[I 2026-06-01 15:57:00,991] Trial 10 finished with value: -6.232544731293731 and parameters: {'imbalance_lookback': 8, 'imbalance_threshold': 0.39, 'volume_lookback': 48, 'volume_ratio_min': 1.2, 'atr_period': 14, 'vol_lookback': 96, 'vol_ratio_min': 0.8, 'momentum_lookback': 4, 'max_hold_bars': 12, 'sl_atr_mult': 1.0, 'tp_atr_mult': 2.5, 'start_hour': 6, 'end_hour': 20}. Best is trial 3 with value: -1.7395124680921055.
[I 2026-06-01 15:57:01,035] Trial 9 finished with value: -10.343842605229618 and parameters: {'imbalance_lookback': 16, 'imbalance_threshold': 0.25, 'volume_lookback': 96, 'volume_ratio_min': 0.8, 'atr_period': 10, 'vol_lookback': 96, 'vol_ratio_min': 0.8, 'momentum_lookback': 6, 'max_hold_bars': 8, 'sl_atr_mult': 2.0, 'tp_atr_mult': 1.5, 'start_hour': 6, 'end_hour': 20}. Best is trial 3 with value: -1.7395124680921055.
C:\Users\הלל\Desktop\algo projects\trading-research-factory\walk forward engine\.venv\lib\site-packages\optuna\samplers\_tpe\sampler.py:319: ExperimentalWarning: ``multivariate`` option is an experimental feature. The interface can change in the future.
  warnings.warn(
[I 2026-06-01 15:57:01,356] A new study created in memory with name: no-name-1d633c20-11af-4a0d-9a2f-93f8e87b12bb
C:\Users\הלל\Desktop\algo projects\trading-research-factory\walk forward engine\.venv\lib\site-packages\optuna\distributions.py:685: UserWarning: The distribution is specified by [0.18, 0.45] and step=0.07, but the range is not divisible by `step`. It will be replaced by [0.18, 0.39].
  warnings.warn(
C:\Users\הלל\Desktop\algo projects\trading-research-factory\walk forward engine\.venv\lib\site-packages\optuna\distributions.py:685: UserWarning: The distribution is specified by [0.8, 1.2] and step=0.19999999999999996, but the range is not divisible by `step`. It will be replaced by [0.8, 1.2].
  warnings.warn(
C:\Users\הלל\Desktop\algo projects\trading-research-factory\walk forward engine\.venv\lib\site-packages\optuna\distributions.py:700: UserWarning: The distribution is specified by [10, 20] and step=4, but the range is not divisible by `step`. It will be replaced by [10, 18].
  warnings.warn(
[I 2026-06-01 15:57:02,528] Trial 0 finished with value: -3.9108034725482828 and parameters: {'imbalance_lookback': 24, 'imbalance_threshold': 0.25, 'volume_lookback': 192, 'volume_ratio_min': 0.8, 'atr_period': 18, 'vol_lookback': 192, 'vol_ratio_min': 0.8, 'momentum_lookback': 2, 'max_hold_bars': 16, 'sl_atr_mult': 2.0, 'tp_atr_mult': 2.5, 'start_hour': 7, 'end_hour': 20}. Best is trial 0 with value: -3.9108034725482828.
C:\Users\הלל\Desktop\algo projects\trading-research-factory\walk forward engine\.venv\lib\site-packages\optuna\distributions.py:685: UserWarning: The distribution is specified by [0.18, 0.45] and step=0.07, but the range is not divisible by `step`. It will be replaced by [0.18, 0.39].
  warnings.warn(
C:\Users\הלל\Desktop\algo projects\trading-research-factory\walk forward engine\.venv\lib\site-packages\optuna\distributions.py:685: UserWarning: The distribution is specified by [0.8, 1.2] and step=0.19999999999999996, but the range is not divisible by `step`. It will be replaced by [0.8, 1.2].
  warnings.warn(
C:\Users\הלל\Desktop\algo projects\trading-research-factory\walk forward engine\.venv\lib\site-packages\optuna\distributions.py:700: UserWarning: The distribution is specified by [10, 20] and step=4, but the range is not divisible by `step`. It will be replaced by [10, 18].
  warnings.warn(
[I 2026-06-01 15:57:02,738] Trial 4 finished with value: -1.0160372173870367 and parameters: {'imbalance_lookback': 32, 'imbalance_threshold': 0.32, 'volume_lookback': 144, 'volume_ratio_min': 0.8, 'atr_period': 18, 'vol_lookback': 192, 'vol_ratio_min': 1.2, 'momentum_lookback': 6, 'max_hold_bars': 8, 'sl_atr_mult': 1.5, 'tp_atr_mult': 1.5, 'start_hour': 8, 'end_hour': 20}. Best is trial 4 with value: -1.0160372173870367.
[I 2026-06-01 15:57:02,749] Trial 1 finished with value: -9.005231896238675 and parameters: {'imbalance_lookback': 16, 'imbalance_threshold': 0.25, 'volume_lookback': 48, 'volume_ratio_min': 1.2, 'atr_period': 18, 'vol_lookback': 48, 'vol_ratio_min': 0.8, 'momentum_lookback': 4, 'max_hold_bars': 8, 'sl_atr_mult': 1.5, 'tp_atr_mult': 1.5, 'start_hour': 8, 'end_hour': 20}. Best is trial 4 with value: -1.0160372173870367.
[I 2026-06-01 15:57:02,777] Trial 3 finished with value: -1.9306655858843222 and parameters: {'imbalance_lookback': 24, 'imbalance_threshold': 0.39, 'volume_lookback': 48, 'volume_ratio_min': 1.0, 'atr_period': 10, 'vol_lookback': 48, 'vol_ratio_min': 1.0, 'momentum_lookback': 2, 'max_hold_bars': 4, 'sl_atr_mult': 1.0, 'tp_atr_mult': 2.5, 'start_hour': 8, 'end_hour': 20}. Best is trial 4 with value: -1.0160372173870367.
C:\Users\הלל\Desktop\algo projects\trading-research-factory\walk forward engine\.venv\lib\site-packages\optuna\distributions.py:685: UserWarning: The distribution is specified by [0.18, 0.45] and step=0.07, but the range is not divisible by `step`. It will be replaced by [0.18, 0.39].
  warnings.warn(
C:\Users\הלל\Desktop\algo projects\trading-research-factory\walk forward engine\.venv\lib\site-packages\optuna\distributions.py:685: UserWarning: The distribution is specified by [0.8, 1.2] and step=0.19999999999999996, but the range is not divisible by `step`. It will be replaced by [0.8, 1.2].
  warnings.warn(
C:\Users\הלל\Desktop\algo projects\trading-research-factory\walk forward engine\.venv\lib\site-packages\optuna\distributions.py:700: UserWarning: The distribution is specified by [10, 20] and step=4, but the range is not divisible by `step`. It will be replaced by [10, 18].
  warnings.warn(
[I 2026-06-01 15:57:02,902] Trial 7 finished with value: -3.9226278791861215 and parameters: {'imbalance_lookback': 24, 'imbalance_threshold': 0.32, 'volume_lookback': 144, 'volume_ratio_min': 0.8, 'atr_period': 14, 'vol_lookback': 96, 'vol_ratio_min': 1.0, 'momentum_lookback': 6, 'max_hold_bars': 4, 'sl_atr_mult': 2.0, 'tp_atr_mult': 3.5, 'start_hour': 7, 'end_hour': 22}. Best is trial 4 with value: -1.0160372173870367.
[I 2026-06-01 15:57:02,913] Trial 6 finished with value: -0.861283647537256 and parameters: {'imbalance_lookback': 32, 'imbalance_threshold': 0.32, 'volume_lookback': 144, 'volume_ratio_min': 0.8, 'atr_period': 10, 'vol_lookback': 48, 'vol_ratio_min': 0.8, 'momentum_lookback': 6, 'max_hold_bars': 12, 'sl_atr_mult': 1.0, 'tp_atr_mult': 3.5, 'start_hour': 7, 'end_hour': 20}. Best is trial 6 with value: -0.861283647537256.
[I 2026-06-01 15:57:02,965] Trial 2 finished with value: -8.286136079510221 and parameters: {'imbalance_lookback': 16, 'imbalance_threshold': 0.25, 'volume_lookback': 144, 'volume_ratio_min': 0.8, 'atr_period': 18, 'vol_lookback': 192, 'vol_ratio_min': 1.0, 'momentum_lookback': 2, 'max_hold_bars': 12, 'sl_atr_mult': 1.5, 'tp_atr_mult': 1.5, 'start_hour': 7, 'end_hour': 18}. Best is trial 6 with value: -0.861283647537256.
[I 2026-06-01 15:57:03,004] Trial 5 finished with value: -3.3662504379556792 and parameters: {'imbalance_lookback': 24, 'imbalance_threshold': 0.18, 'volume_lookback': 144, 'volume_ratio_min': 1.2, 'atr_period': 10, 'vol_lookback': 48, 'vol_ratio_min': 1.2, 'momentum_lookback': 6, 'max_hold_bars': 8, 'sl_atr_mult': 2.0, 'tp_atr_mult': 3.5, 'start_hour': 8, 'end_hour': 22}. Best is trial 6 with value: -0.861283647537256.
