[I 2026-06-01 15:55:41,673] Trial 1 finished with value: -3.2294588924161034 and parameters: {'imbalance_lookback': 32, 'imbalance_threshold': 0.39, 'volume_lookback': 192, 'volume_ratio_min': 0.8, 'atr_period': 10, 'vol_lookback': 144, 'vol_ratio_min': 1.2, 'momentum_lookback': 2, 'max_hold_bars': 4, 'sl_atr_mult': 2.0, 'tp_atr_mult': 3.5, 'start_hour': 6, 'end_hour': 22}. Best is trial 5 with value: 0.152395823232699.
[I 2026-06-01 15:55:42,124] Trial 8 finished with value: -4.625253814045059 and parameters: {'imbalance_lookback': 8, 'imbalance_threshold': 0.39, 'volume_lookback': 48, 'volume_ratio_min': 1.2, 'atr_period': 18, 'vol_lookback': 96, 'vol_ratio_min': 1.0, 'momentum_lookback': 2, 'max_hold_bars': 16, 'sl_atr_mult': 1.5, 'tp_atr_mult': 2.5, 'start_hour': 8, 'end_hour': 20}. Best is trial 5 with value: 0.152395823232699.
[I 2026-06-01 15:55:42,445] Trial 9 finished with value: -8.582701607993931 and parameters: {'imbalance_lookback': 8, 'imbalance_threshold': 0.25, 'volume_lookback': 192, 'volume_ratio_min': 0.8, 'atr_period': 10, 'vol_lookback': 144, 'vol_ratio_min': 1.0, 'momentum_lookback': 8, 'max_hold_bars': 8, 'sl_atr_mult': 1.0, 'tp_atr_mult': 2.5, 'start_hour': 6, 'end_hour': 20}. Best is trial 5 with value: 0.152395823232699.
[I 2026-06-01 15:55:42,481] Trial 10 finished with value: -9.575619688561376 and parameters: {'imbalance_lookback': 8, 'imbalance_threshold': 0.18, 'volume_lookback': 192, 'volume_ratio_min': 0.8, 'atr_period': 10, 'vol_lookback': 192, 'vol_ratio_min': 0.8, 'momentum_lookback': 6, 'max_hold_bars': 12, 'sl_atr_mult': 1.0, 'tp_atr_mult': 3.5, 'start_hour': 6, 'end_hour': 18}. Best is trial 5 with value: 0.152395823232699.
[I 2026-06-01 15:55:42,558] Trial 11 finished with value: -8.549912792191435 and parameters: {'imbalance_lookback': 24, 'imbalance_threshold': 0.25, 'volume_lookback': 192, 'volume_ratio_min': 0.8, 'atr_period': 18, 'vol_lookback': 96, 'vol_ratio_min': 0.8, 'momentum_lookback': 6, 'max_hold_bars': 4, 'sl_atr_mult': 2.0, 'tp_atr_mult': 1.5, 'start_hour': 6, 'end_hour': 18}. Best is trial 5 with value: 0.152395823232699.
C:\Users\הלל\Desktop\algo projects\trading-research-factory\walk forward engine\.venv\lib\site-packages\optuna\samplers\_tpe\sampler.py:319: ExperimentalWarning: ``multivariate`` option is an experimental feature. The interface can change in the future.
  warnings.warn(
[I 2026-06-01 15:55:42,923] A new study created in memory with name: no-name-45beabe0-a0e1-4f01-bd40-ca4e5a78c69c
C:\Users\הלל\Desktop\algo projects\trading-research-factory\walk forward engine\.venv\lib\site-packages\optuna\distributions.py:685: UserWarning: The distribution is specified by [0.18, 0.45] and step=0.07, but the range is not divisible by `step`. It will be replaced by [0.18, 0.39].
  warnings.warn(
C:\Users\הלל\Desktop\algo projects\trading-research-factory\walk forward engine\.venv\lib\site-packages\optuna\distributions.py:685: UserWarning: The distribution is specified by [0.8, 1.2] and step=0.19999999999999996, but the range is not divisible by `step`. It will be replaced by [0.8, 1.2].
  warnings.warn(
C:\Users\הלל\Desktop\algo projects\trading-research-factory\walk forward engine\.venv\lib\site-packages\optuna\distributions.py:700: UserWarning: The distribution is specified by [10, 20] and step=4, but the range is not divisible by `step`. It will be replaced by [10, 18].
  warnings.warn(
C:\Users\הלל\Desktop\algo projects\trading-research-factory\walk forward engine\.venv\lib\site-packages\optuna\distributions.py:685: UserWarning: The distribution is specified by [0.8, 1.2] and step=0.19999999999999996, but the range is not divisible by `step`. It will be replaced by [0.8, 1.2].
  warnings.warn(
C:\Users\הלל\Desktop\algo projects\trading-research-factory\walk forward engine\.venv\lib\site-packages\optuna\distributions.py:685: UserWarning: The distribution is specified by [0.18, 0.45] and step=0.07, but the range is not divisible by `step`. It will be replaced by [0.18, 0.39].
  warnings.warn(
C:\Users\הלל\Desktop\algo projects\trading-research-factory\walk forward engine\.venv\lib\site-packages\optuna\distributions.py:700: UserWarning: The distribution is specified by [10, 20] and step=4, but the range is not divisible by `step`. It will be replaced by [10, 18].
  warnings.warn(
[I 2026-06-01 15:55:43,757] Trial 0 finished with value: -7.333234681789891 and parameters: {'imbalance_lookback': 32, 'imbalance_threshold': 0.25, 'volume_lookback': 48, 'volume_ratio_min': 1.2, 'atr_period': 18, 'vol_lookback': 96, 'vol_ratio_min': 0.8, 'momentum_lookback': 4, 'max_hold_bars': 4, 'sl_atr_mult': 1.0, 'tp_atr_mult': 3.5, 'start_hour': 7, 'end_hour': 22}. Best is trial 0 with value: -7.333234681789891.
C:\Users\הלל\Desktop\algo projects\trading-research-factory\walk forward engine\.venv\lib\site-packages\optuna\distributions.py:685: UserWarning: The distribution is specified by [0.18, 0.45] and step=0.07, but the range is not divisible by `step`. It will be replaced by [0.18, 0.39].
  warnings.warn(
C:\Users\הלל\Desktop\algo projects\trading-research-factory\walk forward engine\.venv\lib\site-packages\optuna\distributions.py:685: UserWarning: The distribution is specified by [0.8, 1.2] and step=0.19999999999999996, but the range is not divisible by `step`. It will be replaced by [0.8, 1.2].
  warnings.warn(
C:\Users\הלל\Desktop\algo projects\trading-research-factory\walk forward engine\.venv\lib\site-packages\optuna\distributions.py:700: UserWarning: The distribution is specified by [10, 20] and step=4, but the range is not divisible by `step`. It will be replaced by [10, 18].
  warnings.warn(
C:\Users\הלל\Desktop\algo projects\trading-research-factory\walk forward engine\.venv\lib\site-packages\optuna\distributions.py:685: UserWarning: The distribution is specified by [0.8, 1.2] and step=0.19999999999999996, but the range is not divisible by `step`. It will be replaced by [0.8, 1.2].
  warnings.warn(
[I 2026-06-01 15:55:44,203] Trial 3 finished with value: -0.635444165231838 and parameters: {'imbalance_lookback': 32, 'imbalance_threshold': 0.32, 'volume_lookback': 192, 'volume_ratio_min': 0.8, 'atr_period': 10, 'vol_lookback': 192, 'vol_ratio_min': 1.2, 'momentum_lookback': 4, 'max_hold_bars': 12, 'sl_atr_mult': 1.0, 'tp_atr_mult': 1.5, 'start_hour': 8, 'end_hour': 18}. Best is trial 3 with value: -0.635444165231838.
C:\Users\הלל\Desktop\algo projects\trading-research-factory\walk forward engine\.venv\lib\site-packages\optuna\distributions.py:685: UserWarning: The distribution is specified by [0.18, 0.45] and step=0.07, but the range is not divisible by `step`. It will be replaced by [0.18, 0.39].
  warnings.warn(
[I 2026-06-01 15:55:44,265] Trial 6 finished with value: -4.834449051461286 and parameters: {'imbalance_lookback': 24, 'imbalance_threshold': 0.18, 'volume_lookback': 144, 'volume_ratio_min': 1.2, 'atr_period': 14, 'vol_lookback': 192, 'vol_ratio_min': 1.2, 'momentum_lookback': 6, 'max_hold_bars': 4, 'sl_atr_mult': 1.5, 'tp_atr_mult': 2.5, 'start_hour': 8, 'end_hour': 18}. Best is trial 3 with value: -0.635444165231838.
C:\Users\הלל\Desktop\algo projects\trading-research-factory\walk forward engine\.venv\lib\site-packages\optuna\distributions.py:685: UserWarning: The distribution is specified by [0.8, 1.2] and step=0.19999999999999996, but the range is not divisible by `step`. It will be replaced by [0.8, 1.2].
  warnings.warn(
C:\Users\הלל\Desktop\algo projects\trading-research-factory\walk forward engine\.venv\lib\site-packages\optuna\distributions.py:700: UserWarning: The distribution is specified by [10, 20] and step=4, but the range is not divisible by `step`. It will be replaced by [10, 18].
  warnings.warn(
[I 2026-06-01 15:55:44,295] Trial 1 finished with value: -0.9951397596291338 and parameters: {'imbalance_lookback': 32, 'imbalance_threshold': 0.25, 'volume_lookback': 192, 'volume_ratio_min': 0.8, 'atr_period': 14, 'vol_lookback': 96, 'vol_ratio_min': 0.8, 'momentum_lookback': 6, 'max_hold_bars': 16, 'sl_atr_mult': 2.0, 'tp_atr_mult': 3.5, 'start_hour': 6, 'end_hour': 18}. Best is trial 3 with value: -0.635444165231838.
C:\Users\הלל\Desktop\algo projects\trading-research-factory\walk forward engine\.venv\lib\site-packages\optuna\distributions.py:685: UserWarning: The distribution is specified by [0.8, 1.2] and step=0.19999999999999996, but the range is not divisible by `step`. It will be replaced by [0.8, 1.2].
  warnings.warn(
C:\Users\הלל\Desktop\algo projects\trading-research-factory\walk forward engine\.venv\lib\site-packages\optuna\distributions.py:700: UserWarning: The distribution is specified by [10, 20] and step=4, but the range is not divisible by `step`. It will be replaced by [10, 18].
  warnings.warn(
[I 2026-06-01 15:55:44,521] Trial 5 finished with value: -12.226030963127323 and parameters: {'imbalance_lookback': 8, 'imbalance_threshold': 0.18, 'volume_lookback': 48, 'volume_ratio_min': 1.2, 'atr_period': 10, 'vol_lookback': 144, 'vol_ratio_min': 0.8, 'momentum_lookback': 2, 'max_hold_bars': 4, 'sl_atr_mult': 2.0, 'tp_atr_mult': 1.5, 'start_hour': 7, 'end_hour': 22}. Best is trial 3 with value: -0.635444165231838.
C:\Users\הלל\Desktop\algo projects\trading-research-factory\walk forward engine\.venv\lib\site-packages\optuna\distributions.py:685: UserWarning: The distribution is specified by [0.8, 1.2] and step=0.19999999999999996, but the range is not divisible by `step`. It will be replaced by [0.8, 1.2].
  warnings.warn(
[I 2026-06-01 15:55:44,652] Trial 2 finished with value: -9.978039686178432 and parameters: {'imbalance_lookback': 8, 'imbalance_threshold': 0.18, 'volume_lookback': 48, 'volume_ratio_min': 0.8, 'atr_period': 14, 'vol_lookback': 48, 'vol_ratio_min': 1.2, 'momentum_lookback': 8, 'max_hold_bars': 4, 'sl_atr_mult': 1.5, 'tp_atr_mult': 3.5, 'start_hour': 8, 'end_hour': 22}. Best is trial 3 with value: -0.635444165231838.
[I 2026-06-01 15:55:44,654] Trial 4 finished with value: -15.436279502509 and parameters: {'imbalance_lookback': 8, 'imbalance_threshold': 0.18, 'volume_lookback': 48, 'volume_ratio_min': 0.8, 'atr_period': 14, 'vol_lookback': 144, 'vol_ratio_min': 0.8, 'momentum_lookback': 8, 'max_hold_bars': 4, 'sl_atr_mult': 1.5, 'tp_atr_mult': 1.5, 'start_hour': 8, 'end_hour': 20}. Best is trial 3 with value: -0.635444165231838.
[I 2026-06-01 15:55:44,703] Trial 7 finished with value: -8.05052756590029 and parameters: {'imbalance_lookback': 8, 'imbalance_threshold': 0.39, 'volume_lookback': 144, 'volume_ratio_min': 1.2, 'atr_period': 14, 'vol_lookback': 48, 'vol_ratio_min': 1.0, 'momentum_lookback': 4, 'max_hold_bars': 4, 'sl_atr_mult': 1.0, 'tp_atr_mult': 2.5, 'start_hour': 6, 'end_hour': 22}. Best is trial 3 with value: -0.635444165231838.
[I 2026-06-01 15:55:45,007] Trial 8 finished with value: -7.051281415684439 and parameters: {'imbalance_lookback': 16, 'imbalance_threshold': 0.25, 'volume_lookback': 192, 'volume_ratio_min': 1.0, 'atr_period': 18, 'vol_lookback': 48, 'vol_ratio_min': 1.0, 'momentum_lookback': 6, 'max_hold_bars': 4, 'sl_atr_mult': 1.5, 'tp_atr_mult': 2.5, 'start_hour': 8, 'end_hour': 20}. Best is trial 3 with value: -0.635444165231838.
[I 2026-06-01 15:55:45,158] Trial 9 finished with value: -10.180383511713188 and parameters: {'imbalance_lookback': 8, 'imbalance_threshold': 0.32, 'volume_lookback': 192, 'volume_ratio_min': 0.8, 'atr_period': 10, 'vol_lookback': 96, 'vol_ratio_min': 1.2, 'momentum_lookback': 2, 'max_hold_bars': 4, 'sl_atr_mult': 1.0, 'tp_atr_mult': 1.5, 'start_hour': 8, 'end_hour': 22}. Best is trial 3 with value: -0.635444165231838.
[I 2026-06-01 15:55:45,257] Trial 11 finished with value: -6.065535238281041 and parameters: {'imbalance_lookback': 32, 'imbalance_threshold': 0.18, 'volume_lookback': 192, 'volume_ratio_min': 1.0, 'atr_period': 10, 'vol_lookback': 192, 'vol_ratio_min': 0.8, 'momentum_lookback': 2, 'max_hold_bars': 8, 'sl_atr_mult': 2.0, 'tp_atr_mult': 1.5, 'start_hour': 7, 'end_hour': 18}. Best is trial 3 with value: -0.635444165231838.
[I 2026-06-01 15:55:45,297] Trial 10 finished with value: -6.714983682664725 and parameters: {'imbalance_lookback': 24, 'imbalance_threshold': 0.18, 'volume_lookback': 144, 'volume_ratio_min': 0.8, 'atr_period': 14, 'vol_lookback': 192, 'vol_ratio_min': 1.0, 'momentum_lookback': 2, 'max_hold_bars': 12, 'sl_atr_mult': 1.0, 'tp_atr_mult': 2.5, 'start_hour': 6, 'end_hour': 20}. Best is trial 3 with value: -0.635444165231838.
C:\Users\הלל\Desktop\algo projects\trading-research-factory\walk forward engine\.venv\lib\site-packages\optuna\samplers\_tpe\sampler.py:319: ExperimentalWarning: ``multivariate`` option is an experimental feature. The interface can change in the future.
  warnings.warn(
[I 2026-06-01 15:55:45,619] A new study created in memory with name: no-name-bb7e7e2b-e25f-4669-88c2-2964165cda6c
C:\Users\הלל\Desktop\algo projects\trading-research-factory\walk forward engine\.venv\lib\site-packages\optuna\distributions.py:685: UserWarning: The distribution is specified by [0.18, 0.45] and step=0.07, but the range is not divisible by `step`. It will be replaced by [0.18, 0.39].
  warnings.warn(
C:\Users\הלל\Desktop\algo projects\trading-research-factory\walk forward engine\.venv\lib\site-packages\optuna\distributions.py:685: UserWarning: The distribution is specified by [0.8, 1.2] and step=0.19999999999999996, but the range is not divisible by `step`. It will be replaced by [0.8, 1.2].
  warnings.warn(
C:\Users\הלל\Desktop\algo projects\trading-research-factory\walk forward engine\.venv\lib\site-packages\optuna\distributions.py:700: UserWarning: The distribution is specified by [10, 20] and step=4, but the range is not divisible by `step`. It will be replaced by [10, 18].
  warnings.warn(
C:\Users\הלל\Desktop\algo projects\trading-research-factory\walk forward engine\.venv\lib\site-packages\optuna\distributions.py:700: UserWarning: The distribution is specified by [10, 20] and step=4, but the range is not divisible by `step`. It will be replaced by [10, 18].
  warnings.warn(
C:\Users\הלל\Desktop\algo projects\trading-research-factory\walk forward engine\.venv\lib\site-packages\optuna\distributions.py:685: UserWarning: The distribution is specified by [0.18, 0.45] and step=0.07, but the range is not divisible by `step`. It will be replaced by [0.18, 0.39].
  warnings.warn(
C:\Users\הלל\Desktop\algo projects\trading-research-factory\walk forward engine\.venv\lib\site-packages\optuna\distributions.py:685: UserWarning: The distribution is specified by [0.8, 1.2] and step=0.19999999999999996, but the range is not divisible by `step`. It will be replaced by [0.8, 1.2].
  warnings.warn(
C:\Users\הלל\Desktop\algo projects\trading-research-factory\walk forward engine\.venv\lib\site-packages\optuna\distributions.py:685: UserWarning: The distribution is specified by [0.8, 1.2] and step=0.19999999999999996, but the range is not divisible by `step`. It will be replaced by [0.8, 1.2].
  warnings.warn(
[I 2026-06-01 15:55:46,499] Trial 2 finished with value: -4.196324644823249 and parameters: {'imbalance_lookback': 24, 'imbalance_threshold': 0.39, 'volume_lookback': 96, 'volume_ratio_min': 1.0, 'atr_period': 18, 'vol_lookback': 192, 'vol_ratio_min': 0.8, 'momentum_lookback': 2, 'max_hold_bars': 4, 'sl_atr_mult': 1.5, 'tp_atr_mult': 3.5, 'start_hour': 7, 'end_hour': 22}. Best is trial 2 with value: -4.196324644823249.
C:\Users\הלל\Desktop\algo projects\trading-research-factory\walk forward engine\.venv\lib\site-packages\optuna\distributions.py:685: UserWarning: The distribution is specified by [0.18, 0.45] and step=0.07, but the range is not divisible by `step`. It will be replaced by [0.18, 0.39].
  warnings.warn(
C:\Users\הלל\Desktop\algo projects\trading-research-factory\walk forward engine\.venv\lib\site-packages\optuna\distributions.py:685: UserWarning: The distribution is specified by [0.8, 1.2] and step=0.19999999999999996, but the range is not divisible by `step`. It will be replaced by [0.8, 1.2].
  warnings.warn(
C:\Users\הלל\Desktop\algo projects\trading-research-factory\walk forward engine\.venv\lib\site-packages\optuna\distributions.py:700: UserWarning: The distribution is specified by [10, 20] and step=4, but the range is not divisible by `step`. It will be replaced by [10, 18].
  warnings.warn(
C:\Users\הלל\Desktop\algo projects\trading-research-factory\walk forward engine\.venv\lib\site-packages\optuna\distributions.py:685: UserWarning: The distribution is specified by [0.8, 1.2] and step=0.19999999999999996, but the range is not divisible by `step`. It will be replaced by [0.8, 1.2].
  warnings.warn(
[I 2026-06-01 15:55:46,726] Trial 0 finished with value: -7.845377887307455 and parameters: {'imbalance_lookback': 8, 'imbalance_threshold': 0.39, 'volume_lookback': 48, 'volume_ratio_min': 1.2, 'atr_period': 18, 'vol_lookback': 96, 'vol_ratio_min': 0.8, 'momentum_lookback': 6, 'max_hold_bars': 4, 'sl_atr_mult': 1.0, 'tp_atr_mult': 3.5, 'start_hour': 7, 'end_hour': 18}. Best is trial 2 with value: -4.196324644823249.
C:\Users\הלל\Desktop\algo projects\trading-research-factory\walk forward engine\.venv\lib\site-packages\optuna\distributions.py:685: UserWarning: The distribution is specified by [0.18, 0.45] and step=0.07, but the range is not divisible by `step`. It will be replaced by [0.18, 0.39].
  warnings.warn(
C:\Users\הלל\Desktop\algo projects\trading-research-factory\walk forward engine\.venv\lib\site-packages\optuna\distributions.py:685: UserWarning: The distribution is specified by [0.8, 1.2] and step=0.19999999999999996, but the range is not divisible by `step`. It will be replaced by [0.8, 1.2].
  warnings.warn(
C:\Users\הלל\Desktop\algo projects\trading-research-factory\walk forward engine\.venv\lib\site-packages\optuna\distributions.py:700: UserWarning: The distribution is specified by [10, 20] and step=4, but the range is not divisible by `step`. It will be replaced by [10, 18].
  warnings.warn(
[I 2026-06-01 15:55:46,949] Trial 3 finished with value: -3.7883112662360006 and parameters: {'imbalance_lookback': 32, 'imbalance_threshold': 0.32, 'volume_lookback': 144, 'volume_ratio_min': 1.2, 'atr_period': 18, 'vol_lookback': 192, 'vol_ratio_min': 1.2, 'momentum_lookback': 4, 'max_hold_bars': 8, 'sl_atr_mult': 1.0, 'tp_atr_mult': 3.5, 'start_hour': 7, 'end_hour': 18}. Best is trial 3 with value: -3.7883112662360006.
C:\Users\הלל\Desktop\algo projects\trading-research-factory\walk forward engine\.venv\lib\site-packages\optuna\distributions.py:685: UserWarning: The distribution is specified by [0.18, 0.45] and step=0.07, but the range is not divisible by `step`. It will be replaced by [0.18, 0.39].
  warnings.warn(
C:\Users\הלל\Desktop\algo projects\trading-research-factory\walk forward engine\.venv\lib\site-packages\optuna\distributions.py:685: UserWarning: The distribution is specified by [0.8, 1.2] and step=0.19999999999999996, but the range is not divisible by `step`. It will be replaced by [0.8, 1.2].
  warnings.warn(
C:\Users\הלל\Desktop\algo projects\trading-research-factory\walk forward engine\.venv\lib\site-packages\optuna\distributions.py:700: UserWarning: The distribution is specified by [10, 20] and step=4, but the range is not divisible by `step`. It will be replaced by [10, 18].
  warnings.warn(
[I 2026-06-01 15:55:47,322] Trial 5 finished with value: -9.482027634156807 and parameters: {'imbalance_lookback': 8, 'imbalance_threshold': 0.32, 'volume_lookback': 96, 'volume_ratio_min': 0.8, 'atr_period': 14, 'vol_lookback': 144, 'vol_ratio_min': 1.2, 'momentum_lookback': 8, 'max_hold_bars': 4, 'sl_atr_mult': 2.0, 'tp_atr_mult': 2.5, 'start_hour': 8, 'end_hour': 22}. Best is trial 3 with value: -3.7883112662360006.
[I 2026-06-01 15:55:47,325] Trial 1 finished with value: -9.665812203289267 and parameters: {'imbalance_lookback': 8, 'imbalance_threshold': 0.32, 'volume_lookback': 144, 'volume_ratio_min': 0.8, 'atr_period': 18, 'vol_lookback': 192, 'vol_ratio_min': 0.8, 'momentum_lookback': 2, 'max_hold_bars': 12, 'sl_atr_mult': 1.5, 'tp_atr_mult': 2.5, 'start_hour': 8, 'end_hour': 18}. Best is trial 3 with value: -3.7883112662360006.
C:\Users\הלל\Desktop\algo projects\trading-research-factory\walk forward engine\.venv\lib\site-packages\optuna\distributions.py:685: UserWarning: The distribution is specified by [0.18, 0.45] and step=0.07, but the range is not divisible by `step`. It will be replaced by [0.18, 0.39].
  warnings.warn(
C:\Users\הלל\Desktop\algo projects\trading-research-factory\walk forward engine\.venv\lib\site-packages\optuna\distributions.py:685: UserWarning: The distribution is specified by [0.8, 1.2] and step=0.19999999999999996, but the range is not divisible by `step`. It will be replaced by [0.8, 1.2].
  warnings.warn(
[I 2026-06-01 15:55:47,416] Trial 6 finished with value: -8.162529674133934 and parameters: {'imbalance_lookback': 8, 'imbalance_threshold': 0.39, 'volume_lookback': 48, 'volume_ratio_min': 1.0, 'atr_period': 10, 'vol_lookback': 96, 'vol_ratio_min': 1.0, 'momentum_lookback': 4, 'max_hold_bars': 4, 'sl_atr_mult': 1.0, 'tp_atr_mult': 1.5, 'start_hour': 8, 'end_hour': 18}. Best is trial 3 with value: -3.7883112662360006.
C:\Users\הלל\Desktop\algo projects\trading-research-factory\walk forward engine\.venv\lib\site-packages\optuna\distributions.py:700: UserWarning: The distribution is specified by [10, 20] and step=4, but the range is not divisible by `step`. It will be replaced by [10, 18].
  warnings.warn(
[I 2026-06-01 15:55:47,429] Trial 4 finished with value: -4.4184611654522685 and parameters: {'imbalance_lookback': 16, 'imbalance_threshold': 0.39, 'volume_lookback': 96, 'volume_ratio_min': 1.2, 'atr_period': 18, 'vol_lookback': 192, 'vol_ratio_min': 1.0, 'momentum_lookback': 2, 'max_hold_bars': 12, 'sl_atr_mult': 2.0, 'tp_atr_mult': 1.5, 'start_hour': 7, 'end_hour': 22}. Best is trial 3 with value: -3.7883112662360006.
