[I 2026-06-01 15:55:47,451] Trial 7 finished with value: -5.999055731751267 and parameters: {'imbalance_lookback': 24, 'imbalance_threshold': 0.39, 'volume_lookback': 96, 'volume_ratio_min': 1.0, 'atr_period': 10, 'vol_lookback': 144, 'vol_ratio_min': 0.8, 'momentum_lookback': 8, 'max_hold_bars': 4, 'sl_atr_mult': 1.5, 'tp_atr_mult': 1.5, 'start_hour': 6, 'end_hour': 18}. Best is trial 3 with value: -3.7883112662360006.
[I 2026-06-01 15:55:47,730] Trial 8 finished with value: -6.324941611761093 and parameters: {'imbalance_lookback': 32, 'imbalance_threshold': 0.18, 'volume_lookback': 48, 'volume_ratio_min': 1.0, 'atr_period': 14, 'vol_lookback': 96, 'vol_ratio_min': 1.0, 'momentum_lookback': 4, 'max_hold_bars': 12, 'sl_atr_mult': 1.5, 'tp_atr_mult': 2.5, 'start_hour': 6, 'end_hour': 18}. Best is trial 3 with value: -3.7883112662360006.
[I 2026-06-01 15:55:47,848] Trial 9 finished with value: -4.869945684197538 and parameters: {'imbalance_lookback': 32, 'imbalance_threshold': 0.25, 'volume_lookback': 96, 'volume_ratio_min': 1.0, 'atr_period': 14, 'vol_lookback': 96, 'vol_ratio_min': 1.0, 'momentum_lookback': 2, 'max_hold_bars': 12, 'sl_atr_mult': 2.0, 'tp_atr_mult': 2.5, 'start_hour': 7, 'end_hour': 22}. Best is trial 3 with value: -3.7883112662360006.
[I 2026-06-01 15:55:48,007] Trial 10 finished with value: -10.221041558180058 and parameters: {'imbalance_lookback': 8, 'imbalance_threshold': 0.25, 'volume_lookback': 48, 'volume_ratio_min': 1.0, 'atr_period': 18, 'vol_lookback': 48, 'vol_ratio_min': 1.0, 'momentum_lookback': 2, 'max_hold_bars': 8, 'sl_atr_mult': 1.5, 'tp_atr_mult': 2.5, 'start_hour': 6, 'end_hour': 18}. Best is trial 3 with value: -3.7883112662360006.
[I 2026-06-01 15:55:48,097] Trial 11 finished with value: -5.1678811763514245 and parameters: {'imbalance_lookback': 24, 'imbalance_threshold': 0.32, 'volume_lookback': 96, 'volume_ratio_min': 0.8, 'atr_period': 18, 'vol_lookback': 192, 'vol_ratio_min': 0.8, 'momentum_lookback': 4, 'max_hold_bars': 16, 'sl_atr_mult': 1.0, 'tp_atr_mult': 1.5, 'start_hour': 6, 'end_hour': 22}. Best is trial 3 with value: -3.7883112662360006.
C:\Users\הלל\Desktop\algo projects\trading-research-factory\walk forward engine\.venv\lib\site-packages\optuna\samplers\_tpe\sampler.py:319: ExperimentalWarning: ``multivariate`` option is an experimental feature. The interface can change in the future.
  warnings.warn(
[I 2026-06-01 15:55:48,468] A new study created in memory with name: no-name-d7247962-c157-4fde-96fe-d63ea2296857
C:\Users\הלל\Desktop\algo projects\trading-research-factory\walk forward engine\.venv\lib\site-packages\optuna\distributions.py:685: UserWarning: The distribution is specified by [0.18, 0.45] and step=0.07, but the range is not divisible by `step`. It will be replaced by [0.18, 0.39].
  warnings.warn(
C:\Users\הלל\Desktop\algo projects\trading-research-factory\walk forward engine\.venv\lib\site-packages\optuna\distributions.py:685: UserWarning: The distribution is specified by [0.8, 1.2] and step=0.19999999999999996, but the range is not divisible by `step`. It will be replaced by [0.8, 1.2].
  warnings.warn(
C:\Users\הלל\Desktop\algo projects\trading-research-factory\walk forward engine\.venv\lib\site-packages\optuna\distributions.py:700: UserWarning: The distribution is specified by [10, 20] and step=4, but the range is not divisible by `step`. It will be replaced by [10, 18].
  warnings.warn(
[I 2026-06-01 15:55:49,595] Trial 1 finished with value: -10.407621664879263 and parameters: {'imbalance_lookback': 16, 'imbalance_threshold': 0.25, 'volume_lookback': 144, 'volume_ratio_min': 1.0, 'atr_period': 18, 'vol_lookback': 192, 'vol_ratio_min': 1.0, 'momentum_lookback': 6, 'max_hold_bars': 4, 'sl_atr_mult': 2.0, 'tp_atr_mult': 1.5, 'start_hour': 6, 'end_hour': 18}. Best is trial 1 with value: -10.407621664879263.
C:\Users\הלל\Desktop\algo projects\trading-research-factory\walk forward engine\.venv\lib\site-packages\optuna\distributions.py:685: UserWarning: The distribution is specified by [0.18, 0.45] and step=0.07, but the range is not divisible by `step`. It will be replaced by [0.18, 0.39].
  warnings.warn(
C:\Users\הלל\Desktop\algo projects\trading-research-factory\walk forward engine\.venv\lib\site-packages\optuna\distributions.py:685: UserWarning: The distribution is specified by [0.8, 1.2] and step=0.19999999999999996, but the range is not divisible by `step`. It will be replaced by [0.8, 1.2].
  warnings.warn(
C:\Users\הלל\Desktop\algo projects\trading-research-factory\walk forward engine\.venv\lib\site-packages\optuna\distributions.py:700: UserWarning: The distribution is specified by [10, 20] and step=4, but the range is not divisible by `step`. It will be replaced by [10, 18].
  warnings.warn(
[I 2026-06-01 15:55:49,704] Trial 0 finished with value: -3.351060008858316 and parameters: {'imbalance_lookback': 32, 'imbalance_threshold': 0.18, 'volume_lookback': 192, 'volume_ratio_min': 1.2, 'atr_period': 18, 'vol_lookback': 144, 'vol_ratio_min': 1.2, 'momentum_lookback': 4, 'max_hold_bars': 16, 'sl_atr_mult': 1.0, 'tp_atr_mult': 2.5, 'start_hour': 8, 'end_hour': 22}. Best is trial 0 with value: -3.351060008858316.
C:\Users\הלל\Desktop\algo projects\trading-research-factory\walk forward engine\.venv\lib\site-packages\optuna\distributions.py:685: UserWarning: The distribution is specified by [0.18, 0.45] and step=0.07, but the range is not divisible by `step`. It will be replaced by [0.18, 0.39].
  warnings.warn(
[I 2026-06-01 15:55:49,845] Trial 2 finished with value: -8.927137046915627 and parameters: {'imbalance_lookback': 16, 'imbalance_threshold': 0.25, 'volume_lookback': 192, 'volume_ratio_min': 1.0, 'atr_period': 10, 'vol_lookback': 144, 'vol_ratio_min': 1.0, 'momentum_lookback': 6, 'max_hold_bars': 4, 'sl_atr_mult': 2.0, 'tp_atr_mult': 2.5, 'start_hour': 8, 'end_hour': 18}. Best is trial 0 with value: -3.351060008858316.
C:\Users\הלל\Desktop\algo projects\trading-research-factory\walk forward engine\.venv\lib\site-packages\optuna\distributions.py:685: UserWarning: The distribution is specified by [0.8, 1.2] and step=0.19999999999999996, but the range is not divisible by `step`. It will be replaced by [0.8, 1.2].
  warnings.warn(
C:\Users\הלל\Desktop\algo projects\trading-research-factory\walk forward engine\.venv\lib\site-packages\optuna\distributions.py:700: UserWarning: The distribution is specified by [10, 20] and step=4, but the range is not divisible by `step`. It will be replaced by [10, 18].
  warnings.warn(
[I 2026-06-01 15:55:49,872] Trial 5 finished with value: -6.444878549914794 and parameters: {'imbalance_lookback': 16, 'imbalance_threshold': 0.18, 'volume_lookback': 192, 'volume_ratio_min': 1.2, 'atr_period': 18, 'vol_lookback': 96, 'vol_ratio_min': 1.2, 'momentum_lookback': 6, 'max_hold_bars': 8, 'sl_atr_mult': 2.0, 'tp_atr_mult': 1.5, 'start_hour': 8, 'end_hour': 20}. Best is trial 0 with value: -3.351060008858316.
[I 2026-06-01 15:55:49,922] Trial 6 finished with value: -5.653744699453143 and parameters: {'imbalance_lookback': 16, 'imbalance_threshold': 0.25, 'volume_lookback': 192, 'volume_ratio_min': 1.0, 'atr_period': 18, 'vol_lookback': 144, 'vol_ratio_min': 1.2, 'momentum_lookback': 4, 'max_hold_bars': 4, 'sl_atr_mult': 1.0, 'tp_atr_mult': 2.5, 'start_hour': 7, 'end_hour': 18}. Best is trial 0 with value: -3.351060008858316.
[I 2026-06-01 15:55:50,002] Trial 4 finished with value: -6.830960063888701 and parameters: {'imbalance_lookback': 16, 'imbalance_threshold': 0.32, 'volume_lookback': 96, 'volume_ratio_min': 1.0, 'atr_period': 14, 'vol_lookback': 144, 'vol_ratio_min': 0.8, 'momentum_lookback': 8, 'max_hold_bars': 8, 'sl_atr_mult': 1.0, 'tp_atr_mult': 1.5, 'start_hour': 7, 'end_hour': 18}. Best is trial 0 with value: -3.351060008858316.
[I 2026-06-01 15:55:50,135] Trial 3 finished with value: -13.982405067968948 and parameters: {'imbalance_lookback': 8, 'imbalance_threshold': 0.32, 'volume_lookback': 192, 'volume_ratio_min': 1.2, 'atr_period': 10, 'vol_lookback': 48, 'vol_ratio_min': 0.8, 'momentum_lookback': 2, 'max_hold_bars': 4, 'sl_atr_mult': 1.5, 'tp_atr_mult': 1.5, 'start_hour': 7, 'end_hour': 22}. Best is trial 0 with value: -3.351060008858316.
[I 2026-06-01 15:55:50,160] Trial 7 finished with value: -4.206985818781957 and parameters: {'imbalance_lookback': 24, 'imbalance_threshold': 0.18, 'volume_lookback': 192, 'volume_ratio_min': 0.8, 'atr_period': 18, 'vol_lookback': 144, 'vol_ratio_min': 1.0, 'momentum_lookback': 4, 'max_hold_bars': 12, 'sl_atr_mult': 1.5, 'tp_atr_mult': 3.5, 'start_hour': 8, 'end_hour': 20}. Best is trial 0 with value: -3.351060008858316.
[I 2026-06-01 15:55:50,649] Trial 8 finished with value: -4.101999649114929 and parameters: {'imbalance_lookback': 32, 'imbalance_threshold': 0.18, 'volume_lookback': 48, 'volume_ratio_min': 1.0, 'atr_period': 18, 'vol_lookback': 144, 'vol_ratio_min': 1.2, 'momentum_lookback': 2, 'max_hold_bars': 12, 'sl_atr_mult': 1.0, 'tp_atr_mult': 2.5, 'start_hour': 7, 'end_hour': 20}. Best is trial 0 with value: -3.351060008858316.
[I 2026-06-01 15:55:50,782] Trial 11 finished with value: -2.2303791949436143 and parameters: {'imbalance_lookback': 24, 'imbalance_threshold': 0.39, 'volume_lookback': 96, 'volume_ratio_min': 1.2, 'atr_period': 14, 'vol_lookback': 144, 'vol_ratio_min': 1.2, 'momentum_lookback': 4, 'max_hold_bars': 8, 'sl_atr_mult': 2.0, 'tp_atr_mult': 2.5, 'start_hour': 7, 'end_hour': 22}. Best is trial 11 with value: -2.2303791949436143.
[I 2026-06-01 15:55:50,833] Trial 9 finished with value: -8.802107896696887 and parameters: {'imbalance_lookback': 8, 'imbalance_threshold': 0.18, 'volume_lookback': 96, 'volume_ratio_min': 1.0, 'atr_period': 10, 'vol_lookback': 192, 'vol_ratio_min': 1.2, 'momentum_lookback': 8, 'max_hold_bars': 16, 'sl_atr_mult': 1.5, 'tp_atr_mult': 1.5, 'start_hour': 7, 'end_hour': 20}. Best is trial 11 with value: -2.2303791949436143.
[I 2026-06-01 15:55:50,880] Trial 10 finished with value: -6.85116802951418 and parameters: {'imbalance_lookback': 32, 'imbalance_threshold': 0.18, 'volume_lookback': 48, 'volume_ratio_min': 1.2, 'atr_period': 10, 'vol_lookback': 192, 'vol_ratio_min': 0.8, 'momentum_lookback': 2, 'max_hold_bars': 8, 'sl_atr_mult': 2.0, 'tp_atr_mult': 3.5, 'start_hour': 6, 'end_hour': 22}. Best is trial 11 with value: -2.2303791949436143.
C:\Users\הלל\Desktop\algo projects\trading-research-factory\walk forward engine\.venv\lib\site-packages\optuna\samplers\_tpe\sampler.py:319: ExperimentalWarning: ``multivariate`` option is an experimental feature. The interface can change in the future.
  warnings.warn(
[I 2026-06-01 15:55:51,154] A new study created in memory with name: no-name-142485a1-1147-4e0f-b04d-7499a9b52c86
C:\Users\הלל\Desktop\algo projects\trading-research-factory\walk forward engine\.venv\lib\site-packages\optuna\distributions.py:685: UserWarning: The distribution is specified by [0.18, 0.45] and step=0.07, but the range is not divisible by `step`. It will be replaced by [0.18, 0.39].
  warnings.warn(
C:\Users\הלל\Desktop\algo projects\trading-research-factory\walk forward engine\.venv\lib\site-packages\optuna\distributions.py:685: UserWarning: The distribution is specified by [0.8, 1.2] and step=0.19999999999999996, but the range is not divisible by `step`. It will be replaced by [0.8, 1.2].
  warnings.warn(
C:\Users\הלל\Desktop\algo projects\trading-research-factory\walk forward engine\.venv\lib\site-packages\optuna\distributions.py:700: UserWarning: The distribution is specified by [10, 20] and step=4, but the range is not divisible by `step`. It will be replaced by [10, 18].
  warnings.warn(
C:\Users\הלל\Desktop\algo projects\trading-research-factory\walk forward engine\.venv\lib\site-packages\optuna\distributions.py:685: UserWarning: The distribution is specified by [0.8, 1.2] and step=0.19999999999999996, but the range is not divisible by `step`. It will be replaced by [0.8, 1.2].
  warnings.warn(
[I 2026-06-01 15:55:52,146] Trial 1 finished with value: -5.099853517868218 and parameters: {'imbalance_lookback': 16, 'imbalance_threshold': 0.32, 'volume_lookback': 192, 'volume_ratio_min': 0.8, 'atr_period': 18, 'vol_lookback': 96, 'vol_ratio_min': 1.2, 'momentum_lookback': 8, 'max_hold_bars': 8, 'sl_atr_mult': 1.5, 'tp_atr_mult': 1.5, 'start_hour': 6, 'end_hour': 18}. Best is trial 1 with value: -5.099853517868218.
C:\Users\הלל\Desktop\algo projects\trading-research-factory\walk forward engine\.venv\lib\site-packages\optuna\distributions.py:685: UserWarning: The distribution is specified by [0.18, 0.45] and step=0.07, but the range is not divisible by `step`. It will be replaced by [0.18, 0.39].
  warnings.warn(
C:\Users\הלל\Desktop\algo projects\trading-research-factory\walk forward engine\.venv\lib\site-packages\optuna\distributions.py:685: UserWarning: The distribution is specified by [0.8, 1.2] and step=0.19999999999999996, but the range is not divisible by `step`. It will be replaced by [0.8, 1.2].
  warnings.warn(
[I 2026-06-01 15:55:52,350] Trial 2 finished with value: -8.188340798237373 and parameters: {'imbalance_lookback': 8, 'imbalance_threshold': 0.32, 'volume_lookback': 96, 'volume_ratio_min': 1.0, 'atr_period': 10, 'vol_lookback': 96, 'vol_ratio_min': 1.0, 'momentum_lookback': 2, 'max_hold_bars': 4, 'sl_atr_mult': 1.0, 'tp_atr_mult': 3.5, 'start_hour': 8, 'end_hour': 18}. Best is trial 1 with value: -5.099853517868218.
C:\Users\הלל\Desktop\algo projects\trading-research-factory\walk forward engine\.venv\lib\site-packages\optuna\distributions.py:700: UserWarning: The distribution is specified by [10, 20] and step=4, but the range is not divisible by `step`. It will be replaced by [10, 18].
  warnings.warn(
C:\Users\הלל\Desktop\algo projects\trading-research-factory\walk forward engine\.venv\lib\site-packages\optuna\distributions.py:685: UserWarning: The distribution is specified by [0.8, 1.2] and step=0.19999999999999996, but the range is not divisible by `step`. It will be replaced by [0.8, 1.2].
  warnings.warn(
[I 2026-06-01 15:55:52,360] Trial 0 finished with value: -2.418596831062922 and parameters: {'imbalance_lookback': 24, 'imbalance_threshold': 0.39, 'volume_lookback': 48, 'volume_ratio_min': 1.0, 'atr_period': 10, 'vol_lookback': 96, 'vol_ratio_min': 1.2, 'momentum_lookback': 2, 'max_hold_bars': 12, 'sl_atr_mult': 1.0, 'tp_atr_mult': 3.5, 'start_hour': 7, 'end_hour': 18}. Best is trial 0 with value: -2.418596831062922.
C:\Users\הלל\Desktop\algo projects\trading-research-factory\walk forward engine\.venv\lib\site-packages\optuna\distributions.py:685: UserWarning: The distribution is specified by [0.18, 0.45] and step=0.07, but the range is not divisible by `step`. It will be replaced by [0.18, 0.39].
  warnings.warn(
C:\Users\הלל\Desktop\algo projects\trading-research-factory\walk forward engine\.venv\lib\site-packages\optuna\distributions.py:685: UserWarning: The distribution is specified by [0.8, 1.2] and step=0.19999999999999996, but the range is not divisible by `step`. It will be replaced by [0.8, 1.2].
  warnings.warn(
C:\Users\הלל\Desktop\algo projects\trading-research-factory\walk forward engine\.venv\lib\site-packages\optuna\distributions.py:700: UserWarning: The distribution is specified by [10, 20] and step=4, but the range is not divisible by `step`. It will be replaced by [10, 18].
  warnings.warn(
C:\Users\הלל\Desktop\algo projects\trading-research-factory\walk forward engine\.venv\lib\site-packages\optuna\distributions.py:685: UserWarning: The distribution is specified by [0.18, 0.45] and step=0.07, but the range is not divisible by `step`. It will be replaced by [0.18, 0.39].
  warnings.warn(
[I 2026-06-01 15:55:52,694] Trial 3 finished with value: -4.291005531747148 and parameters: {'imbalance_lookback': 24, 'imbalance_threshold': 0.18, 'volume_lookback': 48, 'volume_ratio_min': 1.2, 'atr_period': 14, 'vol_lookback': 48, 'vol_ratio_min': 1.2, 'momentum_lookback': 6, 'max_hold_bars': 12, 'sl_atr_mult': 1.0, 'tp_atr_mult': 2.5, 'start_hour': 6, 'end_hour': 20}. Best is trial 0 with value: -2.418596831062922.
C:\Users\הלל\Desktop\algo projects\trading-research-factory\walk forward engine\.venv\lib\site-packages\optuna\distributions.py:685: UserWarning: The distribution is specified by [0.18, 0.45] and step=0.07, but the range is not divisible by `step`. It will be replaced by [0.18, 0.39].
  warnings.warn(
C:\Users\הלל\Desktop\algo projects\trading-research-factory\walk forward engine\.venv\lib\site-packages\optuna\distributions.py:685: UserWarning: The distribution is specified by [0.8, 1.2] and step=0.19999999999999996, but the range is not divisible by `step`. It will be replaced by [0.8, 1.2].
  warnings.warn(
C:\Users\הלל\Desktop\algo projects\trading-research-factory\walk forward engine\.venv\lib\site-packages\optuna\distributions.py:700: UserWarning: The distribution is specified by [10, 20] and step=4, but the range is not divisible by `step`. It will be replaced by [10, 18].
  warnings.warn(
[I 2026-06-01 15:55:53,036] Trial 7 finished with value: -3.7103157035985452 and parameters: {'imbalance_lookback': 32, 'imbalance_threshold': 0.32, 'volume_lookback': 48, 'volume_ratio_min': 1.0, 'atr_period': 14, 'vol_lookback': 48, 'vol_ratio_min': 0.8, 'momentum_lookback': 6, 'max_hold_bars': 16, 'sl_atr_mult': 1.5, 'tp_atr_mult': 3.5, 'start_hour': 8, 'end_hour': 18}. Best is trial 0 with value: -2.418596831062922.
[I 2026-06-01 15:55:53,060] Trial 6 finished with value: -3.2145443324691905 and parameters: {'imbalance_lookback': 32, 'imbalance_threshold': 0.18, 'volume_lookback': 96, 'volume_ratio_min': 1.0, 'atr_period': 14, 'vol_lookback': 96, 'vol_ratio_min': 1.0, 'momentum_lookback': 8, 'max_hold_bars': 8, 'sl_atr_mult': 2.0, 'tp_atr_mult': 2.5, 'start_hour': 7, 'end_hour': 22}. Best is trial 0 with value: -2.418596831062922.
[I 2026-06-01 15:55:53,081] Trial 4 finished with value: -10.449047878076488 and parameters: {'imbalance_lookback': 8, 'imbalance_threshold': 0.32, 'volume_lookback': 48, 'volume_ratio_min': 0.8, 'atr_period': 10, 'vol_lookback': 48, 'vol_ratio_min': 0.8, 'momentum_lookback': 2, 'max_hold_bars': 12, 'sl_atr_mult': 1.5, 'tp_atr_mult': 3.5, 'start_hour': 6, 'end_hour': 20}. Best is trial 0 with value: -2.418596831062922.
[I 2026-06-01 15:55:53,120] Trial 5 finished with value: -6.4860902742461946 and parameters: {'imbalance_lookback': 24, 'imbalance_threshold': 0.32, 'volume_lookback': 144, 'volume_ratio_min': 1.0, 'atr_period': 18, 'vol_lookback': 48, 'vol_ratio_min': 1.0, 'momentum_lookback': 2, 'max_hold_bars': 4, 'sl_atr_mult': 2.0, 'tp_atr_mult': 1.5, 'start_hour': 6, 'end_hour': 20}. Best is trial 0 with value: -2.418596831062922.
[I 2026-06-01 15:55:53,707] Trial 9 finished with value: -6.819913831090257 and parameters: {'imbalance_lookback': 24, 'imbalance_threshold': 0.32, 'volume_lookback': 48, 'volume_ratio_min': 0.8, 'atr_period': 14, 'vol_lookback': 48, 'vol_ratio_min': 1.0, 'momentum_lookback': 4, 'max_hold_bars': 8, 'sl_atr_mult': 1.5, 'tp_atr_mult': 1.5, 'start_hour': 8, 'end_hour': 18}. Best is trial 0 with value: -2.418596831062922.
[I 2026-06-01 15:55:53,720] Trial 8 finished with value: -5.809902726842145 and parameters: {'imbalance_lookback': 8, 'imbalance_threshold': 0.39, 'volume_lookback': 96, 'volume_ratio_min': 1.2, 'atr_period': 10, 'vol_lookback': 96, 'vol_ratio_min': 1.2, 'momentum_lookback': 2, 'max_hold_bars': 8, 'sl_atr_mult': 1.0, 'tp_atr_mult': 1.5, 'start_hour': 8, 'end_hour': 22}. Best is trial 0 with value: -2.418596831062922.
[I 2026-06-01 15:55:53,774] Trial 11 finished with value: -5.62043356983396 and parameters: {'imbalance_lookback': 24, 'imbalance_threshold': 0.25, 'volume_lookback': 96, 'volume_ratio_min': 1.2, 'atr_period': 10, 'vol_lookback': 96, 'vol_ratio_min': 1.0, 'momentum_lookback': 6, 'max_hold_bars': 8, 'sl_atr_mult': 2.0, 'tp_atr_mult': 2.5, 'start_hour': 6, 'end_hour': 18}. Best is trial 0 with value: -2.418596831062922.
[I 2026-06-01 15:55:53,826] Trial 10 finished with value: -8.02158658362388 and parameters: {'imbalance_lookback': 16, 'imbalance_threshold': 0.39, 'volume_lookback': 144, 'volume_ratio_min': 0.8, 'atr_period': 10, 'vol_lookback': 96, 'vol_ratio_min': 0.8, 'momentum_lookback': 8, 'max_hold_bars': 4, 'sl_atr_mult': 1.0, 'tp_atr_mult': 1.5, 'start_hour': 8, 'end_hour': 22}. Best is trial 0 with value: -2.418596831062922.
C:\Users\הלל\Desktop\algo projects\trading-research-factory\walk forward engine\.venv\lib\site-packages\optuna\samplers\_tpe\sampler.py:319: ExperimentalWarning: ``multivariate`` option is an experimental feature. The interface can change in the future.
  warnings.warn(
[I 2026-06-01 15:55:54,215] A new study created in memory with name: no-name-4f2f645b-3c51-40cc-b30b-788618e92e93
C:\Users\הלל\Desktop\algo projects\trading-research-factory\walk forward engine\.venv\lib\site-packages\optuna\distributions.py:685: UserWarning: The distribution is specified by [0.18, 0.45] and step=0.07, but the range is not divisible by `step`. It will be replaced by [0.18, 0.39].
  warnings.warn(
C:\Users\הלל\Desktop\algo projects\trading-research-factory\walk forward engine\.venv\lib\site-packages\optuna\distributions.py:685: UserWarning: The distribution is specified by [0.8, 1.2] and step=0.19999999999999996, but the range is not divisible by `step`. It will be replaced by [0.8, 1.2].
  warnings.warn(
C:\Users\הלל\Desktop\algo projects\trading-research-factory\walk forward engine\.venv\lib\site-packages\optuna\distributions.py:700: UserWarning: The distribution is specified by [10, 20] and step=4, but the range is not divisible by `step`. It will be replaced by [10, 18].
  warnings.warn(
