[I 2026-06-01 15:58:41,530] Trial 8 finished with value: -5.624166864770888 and parameters: {'imbalance_lookback': 16, 'imbalance_threshold': 0.39, 'volume_lookback': 192, 'volume_ratio_min': 1.2, 'atr_period': 10, 'vol_lookback': 96, 'vol_ratio_min': 1.0, 'momentum_lookback': 6, 'max_hold_bars': 12, 'sl_atr_mult': 1.0, 'tp_atr_mult': 3.5, 'start_hour': 6, 'end_hour': 22}. Best is trial 4 with value: -2.454847749251254.
[I 2026-06-01 15:58:41,623] Trial 9 finished with value: -6.53207404174996 and parameters: {'imbalance_lookback': 32, 'imbalance_threshold': 0.25, 'volume_lookback': 48, 'volume_ratio_min': 0.8, 'atr_period': 10, 'vol_lookback': 144, 'vol_ratio_min': 1.0, 'momentum_lookback': 8, 'max_hold_bars': 4, 'sl_atr_mult': 1.5, 'tp_atr_mult': 1.5, 'start_hour': 8, 'end_hour': 18}. Best is trial 4 with value: -2.454847749251254.
[I 2026-06-01 15:58:41,690] Trial 10 finished with value: -14.129574374565033 and parameters: {'imbalance_lookback': 8, 'imbalance_threshold': 0.18, 'volume_lookback': 48, 'volume_ratio_min': 1.2, 'atr_period': 18, 'vol_lookback': 144, 'vol_ratio_min': 1.2, 'momentum_lookback': 8, 'max_hold_bars': 12, 'sl_atr_mult': 1.0, 'tp_atr_mult': 1.5, 'start_hour': 6, 'end_hour': 18}. Best is trial 4 with value: -2.454847749251254.
[I 2026-06-01 15:58:41,757] Trial 11 finished with value: -7.059621106235993 and parameters: {'imbalance_lookback': 16, 'imbalance_threshold': 0.25, 'volume_lookback': 48, 'volume_ratio_min': 0.8, 'atr_period': 18, 'vol_lookback': 48, 'vol_ratio_min': 0.8, 'momentum_lookback': 2, 'max_hold_bars': 16, 'sl_atr_mult': 1.0, 'tp_atr_mult': 3.5, 'start_hour': 8, 'end_hour': 22}. Best is trial 4 with value: -2.454847749251254.
C:\Users\הלל\Desktop\algo projects\trading-research-factory\walk forward engine\.venv\lib\site-packages\optuna\samplers\_tpe\sampler.py:319: ExperimentalWarning: ``multivariate`` option is an experimental feature. The interface can change in the future.
  warnings.warn(
[I 2026-06-01 15:58:42,211] A new study created in memory with name: no-name-ed3c9ac1-05c8-422b-9c44-df4ac3cb1e79
C:\Users\הלל\Desktop\algo projects\trading-research-factory\walk forward engine\.venv\lib\site-packages\optuna\distributions.py:685: UserWarning: The distribution is specified by [0.18, 0.45] and step=0.07, but the range is not divisible by `step`. It will be replaced by [0.18, 0.39].
  warnings.warn(
C:\Users\הלל\Desktop\algo projects\trading-research-factory\walk forward engine\.venv\lib\site-packages\optuna\distributions.py:685: UserWarning: The distribution is specified by [0.8, 1.2] and step=0.19999999999999996, but the range is not divisible by `step`. It will be replaced by [0.8, 1.2].
  warnings.warn(
C:\Users\הלל\Desktop\algo projects\trading-research-factory\walk forward engine\.venv\lib\site-packages\optuna\distributions.py:700: UserWarning: The distribution is specified by [10, 20] and step=4, but the range is not divisible by `step`. It will be replaced by [10, 18].
  warnings.warn(
C:\Users\הלל\Desktop\algo projects\trading-research-factory\walk forward engine\.venv\lib\site-packages\optuna\distributions.py:685: UserWarning: The distribution is specified by [0.18, 0.45] and step=0.07, but the range is not divisible by `step`. It will be replaced by [0.18, 0.39].
  warnings.warn(
C:\Users\הלל\Desktop\algo projects\trading-research-factory\walk forward engine\.venv\lib\site-packages\optuna\distributions.py:685: UserWarning: The distribution is specified by [0.8, 1.2] and step=0.19999999999999996, but the range is not divisible by `step`. It will be replaced by [0.8, 1.2].
  warnings.warn(
C:\Users\הלל\Desktop\algo projects\trading-research-factory\walk forward engine\.venv\lib\site-packages\optuna\distributions.py:700: UserWarning: The distribution is specified by [10, 20] and step=4, but the range is not divisible by `step`. It will be replaced by [10, 18].
  warnings.warn(
C:\Users\הלל\Desktop\algo projects\trading-research-factory\walk forward engine\.venv\lib\site-packages\optuna\distributions.py:700: UserWarning: The distribution is specified by [10, 20] and step=4, but the range is not divisible by `step`. It will be replaced by [10, 18].
  warnings.warn(
C:\Users\הלל\Desktop\algo projects\trading-research-factory\walk forward engine\.venv\lib\site-packages\optuna\distributions.py:685: UserWarning: The distribution is specified by [0.8, 1.2] and step=0.19999999999999996, but the range is not divisible by `step`. It will be replaced by [0.8, 1.2].
  warnings.warn(
[I 2026-06-01 15:58:43,153] Trial 0 finished with value: -7.114212364392075 and parameters: {'imbalance_lookback': 24, 'imbalance_threshold': 0.25, 'volume_lookback': 192, 'volume_ratio_min': 1.0, 'atr_period': 14, 'vol_lookback': 48, 'vol_ratio_min': 0.8, 'momentum_lookback': 2, 'max_hold_bars': 16, 'sl_atr_mult': 1.5, 'tp_atr_mult': 1.5, 'start_hour': 7, 'end_hour': 22}. Best is trial 0 with value: -7.114212364392075.
C:\Users\הלל\Desktop\algo projects\trading-research-factory\walk forward engine\.venv\lib\site-packages\optuna\distributions.py:685: UserWarning: The distribution is specified by [0.18, 0.45] and step=0.07, but the range is not divisible by `step`. It will be replaced by [0.18, 0.39].
  warnings.warn(
C:\Users\הלל\Desktop\algo projects\trading-research-factory\walk forward engine\.venv\lib\site-packages\optuna\distributions.py:685: UserWarning: The distribution is specified by [0.8, 1.2] and step=0.19999999999999996, but the range is not divisible by `step`. It will be replaced by [0.8, 1.2].
  warnings.warn(
C:\Users\הלל\Desktop\algo projects\trading-research-factory\walk forward engine\.venv\lib\site-packages\optuna\distributions.py:700: UserWarning: The distribution is specified by [10, 20] and step=4, but the range is not divisible by `step`. It will be replaced by [10, 18].
  warnings.warn(
C:\Users\הלל\Desktop\algo projects\trading-research-factory\walk forward engine\.venv\lib\site-packages\optuna\distributions.py:685: UserWarning: The distribution is specified by [0.8, 1.2] and step=0.19999999999999996, but the range is not divisible by `step`. It will be replaced by [0.8, 1.2].
  warnings.warn(
[I 2026-06-01 15:58:43,531] Trial 2 finished with value: -6.099163208645558 and parameters: {'imbalance_lookback': 24, 'imbalance_threshold': 0.32, 'volume_lookback': 192, 'volume_ratio_min': 0.8, 'atr_period': 10, 'vol_lookback': 96, 'vol_ratio_min': 1.0, 'momentum_lookback': 8, 'max_hold_bars': 12, 'sl_atr_mult': 1.0, 'tp_atr_mult': 3.5, 'start_hour': 6, 'end_hour': 18}. Best is trial 2 with value: -6.099163208645558.
[I 2026-06-01 15:58:43,552] Trial 1 finished with value: -8.35820032283283 and parameters: {'imbalance_lookback': 32, 'imbalance_threshold': 0.18, 'volume_lookback': 96, 'volume_ratio_min': 1.2, 'atr_period': 10, 'vol_lookback': 192, 'vol_ratio_min': 0.8, 'momentum_lookback': 6, 'max_hold_bars': 8, 'sl_atr_mult': 1.5, 'tp_atr_mult': 2.5, 'start_hour': 7, 'end_hour': 20}. Best is trial 2 with value: -6.099163208645558.
C:\Users\הלל\Desktop\algo projects\trading-research-factory\walk forward engine\.venv\lib\site-packages\optuna\distributions.py:685: UserWarning: The distribution is specified by [0.18, 0.45] and step=0.07, but the range is not divisible by `step`. It will be replaced by [0.18, 0.39].
  warnings.warn(
C:\Users\הלל\Desktop\algo projects\trading-research-factory\walk forward engine\.venv\lib\site-packages\optuna\distributions.py:685: UserWarning: The distribution is specified by [0.8, 1.2] and step=0.19999999999999996, but the range is not divisible by `step`. It will be replaced by [0.8, 1.2].
  warnings.warn(
C:\Users\הלל\Desktop\algo projects\trading-research-factory\walk forward engine\.venv\lib\site-packages\optuna\distributions.py:700: UserWarning: The distribution is specified by [10, 20] and step=4, but the range is not divisible by `step`. It will be replaced by [10, 18].
  warnings.warn(
[I 2026-06-01 15:58:43,758] Trial 3 finished with value: -6.653060787819966 and parameters: {'imbalance_lookback': 24, 'imbalance_threshold': 0.25, 'volume_lookback': 96, 'volume_ratio_min': 1.0, 'atr_period': 18, 'vol_lookback': 96, 'vol_ratio_min': 0.8, 'momentum_lookback': 4, 'max_hold_bars': 16, 'sl_atr_mult': 2.0, 'tp_atr_mult': 1.5, 'start_hour': 6, 'end_hour': 18}. Best is trial 2 with value: -6.099163208645558.
C:\Users\הלל\Desktop\algo projects\trading-research-factory\walk forward engine\.venv\lib\site-packages\optuna\distributions.py:685: UserWarning: The distribution is specified by [0.18, 0.45] and step=0.07, but the range is not divisible by `step`. It will be replaced by [0.18, 0.39].
  warnings.warn(
C:\Users\הלל\Desktop\algo projects\trading-research-factory\walk forward engine\.venv\lib\site-packages\optuna\distributions.py:685: UserWarning: The distribution is specified by [0.8, 1.2] and step=0.19999999999999996, but the range is not divisible by `step`. It will be replaced by [0.8, 1.2].
  warnings.warn(
[I 2026-06-01 15:58:43,858] Trial 4 finished with value: -10.148841574268568 and parameters: {'imbalance_lookback': 8, 'imbalance_threshold': 0.32, 'volume_lookback': 96, 'volume_ratio_min': 0.8, 'atr_period': 18, 'vol_lookback': 96, 'vol_ratio_min': 1.0, 'momentum_lookback': 6, 'max_hold_bars': 8, 'sl_atr_mult': 2.0, 'tp_atr_mult': 3.5, 'start_hour': 7, 'end_hour': 20}. Best is trial 2 with value: -6.099163208645558.
C:\Users\הלל\Desktop\algo projects\trading-research-factory\walk forward engine\.venv\lib\site-packages\optuna\distributions.py:700: UserWarning: The distribution is specified by [10, 20] and step=4, but the range is not divisible by `step`. It will be replaced by [10, 18].
  warnings.warn(
[I 2026-06-01 15:58:43,946] Trial 5 finished with value: -6.402457565227342 and parameters: {'imbalance_lookback': 32, 'imbalance_threshold': 0.25, 'volume_lookback': 48, 'volume_ratio_min': 1.0, 'atr_period': 10, 'vol_lookback': 48, 'vol_ratio_min': 0.8, 'momentum_lookback': 6, 'max_hold_bars': 8, 'sl_atr_mult': 1.5, 'tp_atr_mult': 2.5, 'start_hour': 7, 'end_hour': 18}. Best is trial 2 with value: -6.099163208645558.
[I 2026-06-01 15:58:43,987] Trial 6 finished with value: -10.450193868526773 and parameters: {'imbalance_lookback': 32, 'imbalance_threshold': 0.18, 'volume_lookback': 48, 'volume_ratio_min': 1.2, 'atr_period': 14, 'vol_lookback': 192, 'vol_ratio_min': 1.0, 'momentum_lookback': 4, 'max_hold_bars': 4, 'sl_atr_mult': 2.0, 'tp_atr_mult': 1.5, 'start_hour': 8, 'end_hour': 22}. Best is trial 2 with value: -6.099163208645558.
[I 2026-06-01 15:58:43,992] Trial 7 finished with value: -4.215346495644529 and parameters: {'imbalance_lookback': 32, 'imbalance_threshold': 0.32, 'volume_lookback': 48, 'volume_ratio_min': 0.8, 'atr_period': 18, 'vol_lookback': 144, 'vol_ratio_min': 1.2, 'momentum_lookback': 8, 'max_hold_bars': 16, 'sl_atr_mult': 1.0, 'tp_atr_mult': 1.5, 'start_hour': 8, 'end_hour': 22}. Best is trial 7 with value: -4.215346495644529.
[I 2026-06-01 15:58:44,409] Trial 8 finished with value: -6.005363263715368 and parameters: {'imbalance_lookback': 24, 'imbalance_threshold': 0.25, 'volume_lookback': 96, 'volume_ratio_min': 1.2, 'atr_period': 14, 'vol_lookback': 144, 'vol_ratio_min': 1.0, 'momentum_lookback': 6, 'max_hold_bars': 16, 'sl_atr_mult': 2.0, 'tp_atr_mult': 2.5, 'start_hour': 8, 'end_hour': 20}. Best is trial 7 with value: -4.215346495644529.
[I 2026-06-01 15:58:44,538] Trial 9 finished with value: -9.800260233593939 and parameters: {'imbalance_lookback': 8, 'imbalance_threshold': 0.32, 'volume_lookback': 96, 'volume_ratio_min': 0.8, 'atr_period': 14, 'vol_lookback': 96, 'vol_ratio_min': 1.2, 'momentum_lookback': 2, 'max_hold_bars': 12, 'sl_atr_mult': 2.0, 'tp_atr_mult': 1.5, 'start_hour': 6, 'end_hour': 18}. Best is trial 7 with value: -4.215346495644529.
[I 2026-06-01 15:58:44,553] Trial 10 finished with value: -9.456822448786793 and parameters: {'imbalance_lookback': 8, 'imbalance_threshold': 0.32, 'volume_lookback': 192, 'volume_ratio_min': 1.0, 'atr_period': 18, 'vol_lookback': 144, 'vol_ratio_min': 1.2, 'momentum_lookback': 4, 'max_hold_bars': 12, 'sl_atr_mult': 1.0, 'tp_atr_mult': 1.5, 'start_hour': 8, 'end_hour': 22}. Best is trial 7 with value: -4.215346495644529.
[I 2026-06-01 15:58:44,653] Trial 11 finished with value: -11.082342517088033 and parameters: {'imbalance_lookback': 32, 'imbalance_threshold': 0.18, 'volume_lookback': 192, 'volume_ratio_min': 1.2, 'atr_period': 18, 'vol_lookback': 144, 'vol_ratio_min': 1.2, 'momentum_lookback': 2, 'max_hold_bars': 4, 'sl_atr_mult': 1.0, 'tp_atr_mult': 2.5, 'start_hour': 7, 'end_hour': 20}. Best is trial 7 with value: -4.215346495644529.
C:\Users\הלל\Desktop\algo projects\trading-research-factory\walk forward engine\.venv\lib\site-packages\optuna\samplers\_tpe\sampler.py:319: ExperimentalWarning: ``multivariate`` option is an experimental feature. The interface can change in the future.
  warnings.warn(
[I 2026-06-01 15:58:44,984] A new study created in memory with name: no-name-f8274800-8df7-4651-8ec4-b70cc56fb006
C:\Users\הלל\Desktop\algo projects\trading-research-factory\walk forward engine\.venv\lib\site-packages\optuna\distributions.py:685: UserWarning: The distribution is specified by [0.18, 0.45] and step=0.07, but the range is not divisible by `step`. It will be replaced by [0.18, 0.39].
  warnings.warn(
C:\Users\הלל\Desktop\algo projects\trading-research-factory\walk forward engine\.venv\lib\site-packages\optuna\distributions.py:685: UserWarning: The distribution is specified by [0.8, 1.2] and step=0.19999999999999996, but the range is not divisible by `step`. It will be replaced by [0.8, 1.2].
  warnings.warn(
C:\Users\הלל\Desktop\algo projects\trading-research-factory\walk forward engine\.venv\lib\site-packages\optuna\distributions.py:700: UserWarning: The distribution is specified by [10, 20] and step=4, but the range is not divisible by `step`. It will be replaced by [10, 18].
  warnings.warn(
C:\Users\הלל\Desktop\algo projects\trading-research-factory\walk forward engine\.venv\lib\site-packages\optuna\distributions.py:685: UserWarning: The distribution is specified by [0.18, 0.45] and step=0.07, but the range is not divisible by `step`. It will be replaced by [0.18, 0.39].
  warnings.warn(
C:\Users\הלל\Desktop\algo projects\trading-research-factory\walk forward engine\.venv\lib\site-packages\optuna\distributions.py:685: UserWarning: The distribution is specified by [0.8, 1.2] and step=0.19999999999999996, but the range is not divisible by `step`. It will be replaced by [0.8, 1.2].
  warnings.warn(
C:\Users\הלל\Desktop\algo projects\trading-research-factory\walk forward engine\.venv\lib\site-packages\optuna\distributions.py:700: UserWarning: The distribution is specified by [10, 20] and step=4, but the range is not divisible by `step`. It will be replaced by [10, 18].
  warnings.warn(
C:\Users\הלל\Desktop\algo projects\trading-research-factory\walk forward engine\.venv\lib\site-packages\optuna\distributions.py:685: UserWarning: The distribution is specified by [0.18, 0.45] and step=0.07, but the range is not divisible by `step`. It will be replaced by [0.18, 0.39].
  warnings.warn(
C:\Users\הלל\Desktop\algo projects\trading-research-factory\walk forward engine\.venv\lib\site-packages\optuna\distributions.py:685: UserWarning: The distribution is specified by [0.8, 1.2] and step=0.19999999999999996, but the range is not divisible by `step`. It will be replaced by [0.8, 1.2].
  warnings.warn(
C:\Users\הלל\Desktop\algo projects\trading-research-factory\walk forward engine\.venv\lib\site-packages\optuna\distributions.py:700: UserWarning: The distribution is specified by [10, 20] and step=4, but the range is not divisible by `step`. It will be replaced by [10, 18].
  warnings.warn(
C:\Users\הלל\Desktop\algo projects\trading-research-factory\walk forward engine\.venv\lib\site-packages\optuna\distributions.py:685: UserWarning: The distribution is specified by [0.8, 1.2] and step=0.19999999999999996, but the range is not divisible by `step`. It will be replaced by [0.8, 1.2].
  warnings.warn(
[I 2026-06-01 15:58:46,343] Trial 1 finished with value: -3.207783127766098 and parameters: {'imbalance_lookback': 32, 'imbalance_threshold': 0.39, 'volume_lookback': 192, 'volume_ratio_min': 1.0, 'atr_period': 10, 'vol_lookback': 48, 'vol_ratio_min': 1.0, 'momentum_lookback': 8, 'max_hold_bars': 8, 'sl_atr_mult': 1.0, 'tp_atr_mult': 2.5, 'start_hour': 7, 'end_hour': 22}. Best is trial 1 with value: -3.207783127766098.
[I 2026-06-01 15:58:46,474] Trial 2 finished with value: -2.5786979261036787 and parameters: {'imbalance_lookback': 32, 'imbalance_threshold': 0.39, 'volume_lookback': 192, 'volume_ratio_min': 1.0, 'atr_period': 18, 'vol_lookback': 144, 'vol_ratio_min': 1.2, 'momentum_lookback': 4, 'max_hold_bars': 16, 'sl_atr_mult': 1.5, 'tp_atr_mult': 2.5, 'start_hour': 7, 'end_hour': 22}. Best is trial 2 with value: -2.5786979261036787.
C:\Users\הלל\Desktop\algo projects\trading-research-factory\walk forward engine\.venv\lib\site-packages\optuna\distributions.py:685: UserWarning: The distribution is specified by [0.18, 0.45] and step=0.07, but the range is not divisible by `step`. It will be replaced by [0.18, 0.39].
  warnings.warn(
[I 2026-06-01 15:58:46,477] Trial 0 finished with value: -9.955135537604198 and parameters: {'imbalance_lookback': 8, 'imbalance_threshold': 0.25, 'volume_lookback': 96, 'volume_ratio_min': 1.0, 'atr_period': 14, 'vol_lookback': 144, 'vol_ratio_min': 0.8, 'momentum_lookback': 6, 'max_hold_bars': 4, 'sl_atr_mult': 2.0, 'tp_atr_mult': 1.5, 'start_hour': 6, 'end_hour': 18}. Best is trial 2 with value: -2.5786979261036787.
C:\Users\הלל\Desktop\algo projects\trading-research-factory\walk forward engine\.venv\lib\site-packages\optuna\distributions.py:685: UserWarning: The distribution is specified by [0.8, 1.2] and step=0.19999999999999996, but the range is not divisible by `step`. It will be replaced by [0.8, 1.2].
  warnings.warn(
C:\Users\הלל\Desktop\algo projects\trading-research-factory\walk forward engine\.venv\lib\site-packages\optuna\distributions.py:700: UserWarning: The distribution is specified by [10, 20] and step=4, but the range is not divisible by `step`. It will be replaced by [10, 18].
  warnings.warn(
[I 2026-06-01 15:58:46,728] Trial 3 finished with value: -5.724312087173388 and parameters: {'imbalance_lookback': 8, 'imbalance_threshold': 0.39, 'volume_lookback': 192, 'volume_ratio_min': 1.0, 'atr_period': 10, 'vol_lookback': 192, 'vol_ratio_min': 0.8, 'momentum_lookback': 2, 'max_hold_bars': 16, 'sl_atr_mult': 1.0, 'tp_atr_mult': 2.5, 'start_hour': 7, 'end_hour': 20}. Best is trial 2 with value: -2.5786979261036787.
C:\Users\הלל\Desktop\algo projects\trading-research-factory\walk forward engine\.venv\lib\site-packages\optuna\distributions.py:685: UserWarning: The distribution is specified by [0.18, 0.45] and step=0.07, but the range is not divisible by `step`. It will be replaced by [0.18, 0.39].
  warnings.warn(
[I 2026-06-01 15:58:46,822] Trial 7 finished with value: -5.8925985307203845 and parameters: {'imbalance_lookback': 16, 'imbalance_threshold': 0.32, 'volume_lookback': 48, 'volume_ratio_min': 1.2, 'atr_period': 14, 'vol_lookback': 144, 'vol_ratio_min': 1.2, 'momentum_lookback': 2, 'max_hold_bars': 12, 'sl_atr_mult': 1.5, 'tp_atr_mult': 1.5, 'start_hour': 7, 'end_hour': 18}. Best is trial 2 with value: -2.5786979261036787.
[I 2026-06-01 15:58:46,839] Trial 5 finished with value: -6.524763446457419 and parameters: {'imbalance_lookback': 24, 'imbalance_threshold': 0.18, 'volume_lookback': 192, 'volume_ratio_min': 0.8, 'atr_period': 18, 'vol_lookback': 192, 'vol_ratio_min': 0.8, 'momentum_lookback': 4, 'max_hold_bars': 8, 'sl_atr_mult': 1.5, 'tp_atr_mult': 3.5, 'start_hour': 6, 'end_hour': 22}. Best is trial 2 with value: -2.5786979261036787.
[I 2026-06-01 15:58:46,870] Trial 6 finished with value: -2.4076580686735727 and parameters: {'imbalance_lookback': 24, 'imbalance_threshold': 0.39, 'volume_lookback': 192, 'volume_ratio_min': 1.0, 'atr_period': 14, 'vol_lookback': 96, 'vol_ratio_min': 1.0, 'momentum_lookback': 2, 'max_hold_bars': 8, 'sl_atr_mult': 2.0, 'tp_atr_mult': 3.5, 'start_hour': 8, 'end_hour': 18}. Best is trial 6 with value: -2.4076580686735727.
C:\Users\הלל\Desktop\algo projects\trading-research-factory\walk forward engine\.venv\lib\site-packages\optuna\distributions.py:685: UserWarning: The distribution is specified by [0.8, 1.2] and step=0.19999999999999996, but the range is not divisible by `step`. It will be replaced by [0.8, 1.2].
  warnings.warn(
[I 2026-06-01 15:58:46,883] Trial 4 finished with value: -3.2296230171233358 and parameters: {'imbalance_lookback': 16, 'imbalance_threshold': 0.32, 'volume_lookback': 48, 'volume_ratio_min': 1.0, 'atr_period': 10, 'vol_lookback': 144, 'vol_ratio_min': 0.8, 'momentum_lookback': 4, 'max_hold_bars': 16, 'sl_atr_mult': 1.0, 'tp_atr_mult': 3.5, 'start_hour': 7, 'end_hour': 22}. Best is trial 6 with value: -2.4076580686735727.
C:\Users\הלל\Desktop\algo projects\trading-research-factory\walk forward engine\.venv\lib\site-packages\optuna\distributions.py:700: UserWarning: The distribution is specified by [10, 20] and step=4, but the range is not divisible by `step`. It will be replaced by [10, 18].
  warnings.warn(
[I 2026-06-01 15:58:47,399] Trial 10 finished with value: -5.797047769845148 and parameters: {'imbalance_lookback': 32, 'imbalance_threshold': 0.18, 'volume_lookback': 96, 'volume_ratio_min': 0.8, 'atr_period': 10, 'vol_lookback': 144, 'vol_ratio_min': 1.2, 'momentum_lookback': 2, 'max_hold_bars': 16, 'sl_atr_mult': 2.0, 'tp_atr_mult': 1.5, 'start_hour': 8, 'end_hour': 22}. Best is trial 6 with value: -2.4076580686735727.
