[I 2026-06-01 15:55:55,120] Trial 0 finished with value: -7.419520716007238 and parameters: {'imbalance_lookback': 16, 'imbalance_threshold': 0.25, 'volume_lookback': 96, 'volume_ratio_min': 1.2, 'atr_period': 14, 'vol_lookback': 48, 'vol_ratio_min': 1.2, 'momentum_lookback': 4, 'max_hold_bars': 4, 'sl_atr_mult': 2.0, 'tp_atr_mult': 3.5, 'start_hour': 6, 'end_hour': 18}. Best is trial 0 with value: -7.419520716007238.
C:\Users\הלל\Desktop\algo projects\trading-research-factory\walk forward engine\.venv\lib\site-packages\optuna\distributions.py:685: UserWarning: The distribution is specified by [0.18, 0.45] and step=0.07, but the range is not divisible by `step`. It will be replaced by [0.18, 0.39].
  warnings.warn(
C:\Users\הלל\Desktop\algo projects\trading-research-factory\walk forward engine\.venv\lib\site-packages\optuna\distributions.py:685: UserWarning: The distribution is specified by [0.8, 1.2] and step=0.19999999999999996, but the range is not divisible by `step`. It will be replaced by [0.8, 1.2].
  warnings.warn(
C:\Users\הלל\Desktop\algo projects\trading-research-factory\walk forward engine\.venv\lib\site-packages\optuna\distributions.py:700: UserWarning: The distribution is specified by [10, 20] and step=4, but the range is not divisible by `step`. It will be replaced by [10, 18].
  warnings.warn(
C:\Users\הלל\Desktop\algo projects\trading-research-factory\walk forward engine\.venv\lib\site-packages\optuna\distributions.py:685: UserWarning: The distribution is specified by [0.8, 1.2] and step=0.19999999999999996, but the range is not divisible by `step`. It will be replaced by [0.8, 1.2].
  warnings.warn(
[I 2026-06-01 15:55:55,420] Trial 1 finished with value: -3.216428026004853 and parameters: {'imbalance_lookback': 24, 'imbalance_threshold': 0.39, 'volume_lookback': 48, 'volume_ratio_min': 0.8, 'atr_period': 18, 'vol_lookback': 48, 'vol_ratio_min': 1.0, 'momentum_lookback': 2, 'max_hold_bars': 16, 'sl_atr_mult': 1.0, 'tp_atr_mult': 2.5, 'start_hour': 7, 'end_hour': 20}. Best is trial 1 with value: -3.216428026004853.
C:\Users\הלל\Desktop\algo projects\trading-research-factory\walk forward engine\.venv\lib\site-packages\optuna\distributions.py:685: UserWarning: The distribution is specified by [0.18, 0.45] and step=0.07, but the range is not divisible by `step`. It will be replaced by [0.18, 0.39].
  warnings.warn(
C:\Users\הלל\Desktop\algo projects\trading-research-factory\walk forward engine\.venv\lib\site-packages\optuna\distributions.py:685: UserWarning: The distribution is specified by [0.8, 1.2] and step=0.19999999999999996, but the range is not divisible by `step`. It will be replaced by [0.8, 1.2].
  warnings.warn(
C:\Users\הלל\Desktop\algo projects\trading-research-factory\walk forward engine\.venv\lib\site-packages\optuna\distributions.py:700: UserWarning: The distribution is specified by [10, 20] and step=4, but the range is not divisible by `step`. It will be replaced by [10, 18].
  warnings.warn(
C:\Users\הלל\Desktop\algo projects\trading-research-factory\walk forward engine\.venv\lib\site-packages\optuna\distributions.py:685: UserWarning: The distribution is specified by [0.8, 1.2] and step=0.19999999999999996, but the range is not divisible by `step`. It will be replaced by [0.8, 1.2].
  warnings.warn(
[I 2026-06-01 15:55:55,699] Trial 6 finished with value: -6.8008490368671755 and parameters: {'imbalance_lookback': 24, 'imbalance_threshold': 0.25, 'volume_lookback': 144, 'volume_ratio_min': 1.2, 'atr_period': 18, 'vol_lookback': 144, 'vol_ratio_min': 1.2, 'momentum_lookback': 4, 'max_hold_bars': 16, 'sl_atr_mult': 2.0, 'tp_atr_mult': 3.5, 'start_hour': 6, 'end_hour': 20}. Best is trial 1 with value: -3.216428026004853.
[I 2026-06-01 15:55:55,781] Trial 4 finished with value: -8.600779585826245 and parameters: {'imbalance_lookback': 16, 'imbalance_threshold': 0.39, 'volume_lookback': 48, 'volume_ratio_min': 1.0, 'atr_period': 14, 'vol_lookback': 192, 'vol_ratio_min': 0.8, 'momentum_lookback': 6, 'max_hold_bars': 8, 'sl_atr_mult': 2.0, 'tp_atr_mult': 2.5, 'start_hour': 7, 'end_hour': 20}. Best is trial 1 with value: -3.216428026004853.
C:\Users\הלל\Desktop\algo projects\trading-research-factory\walk forward engine\.venv\lib\site-packages\optuna\distributions.py:685: UserWarning: The distribution is specified by [0.18, 0.45] and step=0.07, but the range is not divisible by `step`. It will be replaced by [0.18, 0.39].
  warnings.warn(
C:\Users\הלל\Desktop\algo projects\trading-research-factory\walk forward engine\.venv\lib\site-packages\optuna\distributions.py:685: UserWarning: The distribution is specified by [0.8, 1.2] and step=0.19999999999999996, but the range is not divisible by `step`. It will be replaced by [0.8, 1.2].
  warnings.warn(
[I 2026-06-01 15:55:55,850] Trial 7 finished with value: -6.939696697340808 and parameters: {'imbalance_lookback': 24, 'imbalance_threshold': 0.18, 'volume_lookback': 48, 'volume_ratio_min': 1.2, 'atr_period': 18, 'vol_lookback': 48, 'vol_ratio_min': 1.0, 'momentum_lookback': 6, 'max_hold_bars': 8, 'sl_atr_mult': 1.5, 'tp_atr_mult': 1.5, 'start_hour': 8, 'end_hour': 20}. Best is trial 1 with value: -3.216428026004853.
C:\Users\הלל\Desktop\algo projects\trading-research-factory\walk forward engine\.venv\lib\site-packages\optuna\distributions.py:700: UserWarning: The distribution is specified by [10, 20] and step=4, but the range is not divisible by `step`. It will be replaced by [10, 18].
  warnings.warn(
[I 2026-06-01 15:55:55,853] Trial 5 finished with value: -5.026440391193201 and parameters: {'imbalance_lookback': 32, 'imbalance_threshold': 0.32, 'volume_lookback': 48, 'volume_ratio_min': 1.2, 'atr_period': 14, 'vol_lookback': 144, 'vol_ratio_min': 1.2, 'momentum_lookback': 4, 'max_hold_bars': 16, 'sl_atr_mult': 1.5, 'tp_atr_mult': 3.5, 'start_hour': 6, 'end_hour': 20}. Best is trial 1 with value: -3.216428026004853.
[I 2026-06-01 15:55:55,870] Trial 3 finished with value: -3.559503950273232 and parameters: {'imbalance_lookback': 32, 'imbalance_threshold': 0.25, 'volume_lookback': 192, 'volume_ratio_min': 1.2, 'atr_period': 10, 'vol_lookback': 144, 'vol_ratio_min': 1.2, 'momentum_lookback': 2, 'max_hold_bars': 16, 'sl_atr_mult': 1.5, 'tp_atr_mult': 2.5, 'start_hour': 6, 'end_hour': 22}. Best is trial 1 with value: -3.216428026004853.
[I 2026-06-01 15:55:55,942] Trial 2 finished with value: -8.880889544875085 and parameters: {'imbalance_lookback': 8, 'imbalance_threshold': 0.18, 'volume_lookback': 192, 'volume_ratio_min': 1.2, 'atr_period': 14, 'vol_lookback': 96, 'vol_ratio_min': 1.2, 'momentum_lookback': 6, 'max_hold_bars': 8, 'sl_atr_mult': 2.0, 'tp_atr_mult': 1.5, 'start_hour': 6, 'end_hour': 22}. Best is trial 1 with value: -3.216428026004853.
[I 2026-06-01 15:55:56,166] Trial 8 finished with value: -7.366042062669503 and parameters: {'imbalance_lookback': 24, 'imbalance_threshold': 0.32, 'volume_lookback': 192, 'volume_ratio_min': 0.8, 'atr_period': 18, 'vol_lookback': 48, 'vol_ratio_min': 0.8, 'momentum_lookback': 4, 'max_hold_bars': 12, 'sl_atr_mult': 1.5, 'tp_atr_mult': 2.5, 'start_hour': 8, 'end_hour': 22}. Best is trial 1 with value: -3.216428026004853.
[I 2026-06-01 15:55:56,295] Trial 9 finished with value: -5.345703484149004 and parameters: {'imbalance_lookback': 32, 'imbalance_threshold': 0.32, 'volume_lookback': 144, 'volume_ratio_min': 1.2, 'atr_period': 10, 'vol_lookback': 144, 'vol_ratio_min': 1.0, 'momentum_lookback': 6, 'max_hold_bars': 8, 'sl_atr_mult': 1.5, 'tp_atr_mult': 1.5, 'start_hour': 7, 'end_hour': 22}. Best is trial 1 with value: -3.216428026004853.
[I 2026-06-01 15:55:56,488] Trial 11 finished with value: -13.032215945515492 and parameters: {'imbalance_lookback': 8, 'imbalance_threshold': 0.18, 'volume_lookback': 96, 'volume_ratio_min': 1.2, 'atr_period': 10, 'vol_lookback': 96, 'vol_ratio_min': 0.8, 'momentum_lookback': 4, 'max_hold_bars': 12, 'sl_atr_mult': 2.0, 'tp_atr_mult': 2.5, 'start_hour': 7, 'end_hour': 20}. Best is trial 1 with value: -3.216428026004853.
[I 2026-06-01 15:55:56,521] Trial 10 finished with value: -8.880217076850748 and parameters: {'imbalance_lookback': 16, 'imbalance_threshold': 0.18, 'volume_lookback': 48, 'volume_ratio_min': 1.2, 'atr_period': 14, 'vol_lookback': 96, 'vol_ratio_min': 0.8, 'momentum_lookback': 2, 'max_hold_bars': 4, 'sl_atr_mult': 2.0, 'tp_atr_mult': 3.5, 'start_hour': 8, 'end_hour': 18}. Best is trial 1 with value: -3.216428026004853.
C:\Users\הלל\Desktop\algo projects\trading-research-factory\walk forward engine\.venv\lib\site-packages\optuna\samplers\_tpe\sampler.py:319: ExperimentalWarning: ``multivariate`` option is an experimental feature. The interface can change in the future.
  warnings.warn(
[I 2026-06-01 15:55:57,051] A new study created in memory with name: no-name-cf57a0ae-ef93-4852-bd63-b4cc807865cb
C:\Users\הלל\Desktop\algo projects\trading-research-factory\walk forward engine\.venv\lib\site-packages\optuna\distributions.py:685: UserWarning: The distribution is specified by [0.18, 0.45] and step=0.07, but the range is not divisible by `step`. It will be replaced by [0.18, 0.39].
  warnings.warn(
C:\Users\הלל\Desktop\algo projects\trading-research-factory\walk forward engine\.venv\lib\site-packages\optuna\distributions.py:685: UserWarning: The distribution is specified by [0.8, 1.2] and step=0.19999999999999996, but the range is not divisible by `step`. It will be replaced by [0.8, 1.2].
  warnings.warn(
C:\Users\הלל\Desktop\algo projects\trading-research-factory\walk forward engine\.venv\lib\site-packages\optuna\distributions.py:700: UserWarning: The distribution is specified by [10, 20] and step=4, but the range is not divisible by `step`. It will be replaced by [10, 18].
  warnings.warn(
C:\Users\הלל\Desktop\algo projects\trading-research-factory\walk forward engine\.venv\lib\site-packages\optuna\distributions.py:685: UserWarning: The distribution is specified by [0.18, 0.45] and step=0.07, but the range is not divisible by `step`. It will be replaced by [0.18, 0.39].
  warnings.warn(
C:\Users\הלל\Desktop\algo projects\trading-research-factory\walk forward engine\.venv\lib\site-packages\optuna\distributions.py:685: UserWarning: The distribution is specified by [0.8, 1.2] and step=0.19999999999999996, but the range is not divisible by `step`. It will be replaced by [0.8, 1.2].
  warnings.warn(
C:\Users\הלל\Desktop\algo projects\trading-research-factory\walk forward engine\.venv\lib\site-packages\optuna\distributions.py:700: UserWarning: The distribution is specified by [10, 20] and step=4, but the range is not divisible by `step`. It will be replaced by [10, 18].
  warnings.warn(
C:\Users\הלל\Desktop\algo projects\trading-research-factory\walk forward engine\.venv\lib\site-packages\optuna\distributions.py:700: UserWarning: The distribution is specified by [10, 20] and step=4, but the range is not divisible by `step`. It will be replaced by [10, 18].
  warnings.warn(
C:\Users\הלל\Desktop\algo projects\trading-research-factory\walk forward engine\.venv\lib\site-packages\optuna\distributions.py:685: UserWarning: The distribution is specified by [0.8, 1.2] and step=0.19999999999999996, but the range is not divisible by `step`. It will be replaced by [0.8, 1.2].
  warnings.warn(
C:\Users\הלל\Desktop\algo projects\trading-research-factory\walk forward engine\.venv\lib\site-packages\optuna\distributions.py:685: UserWarning: The distribution is specified by [0.8, 1.2] and step=0.19999999999999996, but the range is not divisible by `step`. It will be replaced by [0.8, 1.2].
  warnings.warn(
[I 2026-06-01 15:55:57,959] Trial 0 finished with value: -7.195324464315092 and parameters: {'imbalance_lookback': 16, 'imbalance_threshold': 0.25, 'volume_lookback': 144, 'volume_ratio_min': 0.8, 'atr_period': 14, 'vol_lookback': 96, 'vol_ratio_min': 1.0, 'momentum_lookback': 8, 'max_hold_bars': 8, 'sl_atr_mult': 1.5, 'tp_atr_mult': 3.5, 'start_hour': 6, 'end_hour': 20}. Best is trial 0 with value: -7.195324464315092.
C:\Users\הלל\Desktop\algo projects\trading-research-factory\walk forward engine\.venv\lib\site-packages\optuna\distributions.py:685: UserWarning: The distribution is specified by [0.18, 0.45] and step=0.07, but the range is not divisible by `step`. It will be replaced by [0.18, 0.39].
  warnings.warn(
C:\Users\הלל\Desktop\algo projects\trading-research-factory\walk forward engine\.venv\lib\site-packages\optuna\distributions.py:685: UserWarning: The distribution is specified by [0.8, 1.2] and step=0.19999999999999996, but the range is not divisible by `step`. It will be replaced by [0.8, 1.2].
  warnings.warn(
C:\Users\הלל\Desktop\algo projects\trading-research-factory\walk forward engine\.venv\lib\site-packages\optuna\distributions.py:700: UserWarning: The distribution is specified by [10, 20] and step=4, but the range is not divisible by `step`. It will be replaced by [10, 18].
  warnings.warn(
[I 2026-06-01 15:55:58,339] Trial 1 finished with value: -10.03475599952542 and parameters: {'imbalance_lookback': 8, 'imbalance_threshold': 0.25, 'volume_lookback': 192, 'volume_ratio_min': 0.8, 'atr_period': 14, 'vol_lookback': 192, 'vol_ratio_min': 1.0, 'momentum_lookback': 6, 'max_hold_bars': 12, 'sl_atr_mult': 2.0, 'tp_atr_mult': 3.5, 'start_hour': 8, 'end_hour': 18}. Best is trial 0 with value: -7.195324464315092.
[I 2026-06-01 15:55:58,352] Trial 5 finished with value: -8.49303898218427 and parameters: {'imbalance_lookback': 24, 'imbalance_threshold': 0.32, 'volume_lookback': 144, 'volume_ratio_min': 1.0, 'atr_period': 10, 'vol_lookback': 192, 'vol_ratio_min': 1.0, 'momentum_lookback': 8, 'max_hold_bars': 4, 'sl_atr_mult': 1.0, 'tp_atr_mult': 1.5, 'start_hour': 6, 'end_hour': 20}. Best is trial 0 with value: -7.195324464315092.
C:\Users\הלל\Desktop\algo projects\trading-research-factory\walk forward engine\.venv\lib\site-packages\optuna\distributions.py:685: UserWarning: The distribution is specified by [0.18, 0.45] and step=0.07, but the range is not divisible by `step`. It will be replaced by [0.18, 0.39].
  warnings.warn(
C:\Users\הלל\Desktop\algo projects\trading-research-factory\walk forward engine\.venv\lib\site-packages\optuna\distributions.py:685: UserWarning: The distribution is specified by [0.8, 1.2] and step=0.19999999999999996, but the range is not divisible by `step`. It will be replaced by [0.8, 1.2].
  warnings.warn(
C:\Users\הלל\Desktop\algo projects\trading-research-factory\walk forward engine\.venv\lib\site-packages\optuna\distributions.py:700: UserWarning: The distribution is specified by [10, 20] and step=4, but the range is not divisible by `step`. It will be replaced by [10, 18].
  warnings.warn(
[I 2026-06-01 15:55:58,450] Trial 7 finished with value: -8.324760952195444 and parameters: {'imbalance_lookback': 8, 'imbalance_threshold': 0.39, 'volume_lookback': 96, 'volume_ratio_min': 0.8, 'atr_period': 18, 'vol_lookback': 192, 'vol_ratio_min': 1.2, 'momentum_lookback': 2, 'max_hold_bars': 16, 'sl_atr_mult': 2.0, 'tp_atr_mult': 1.5, 'start_hour': 7, 'end_hour': 22}. Best is trial 0 with value: -7.195324464315092.
[I 2026-06-01 15:55:58,470] Trial 2 finished with value: -5.835720242895086 and parameters: {'imbalance_lookback': 8, 'imbalance_threshold': 0.39, 'volume_lookback': 192, 'volume_ratio_min': 1.0, 'atr_period': 10, 'vol_lookback': 48, 'vol_ratio_min': 1.2, 'momentum_lookback': 8, 'max_hold_bars': 16, 'sl_atr_mult': 2.0, 'tp_atr_mult': 3.5, 'start_hour': 6, 'end_hour': 20}. Best is trial 2 with value: -5.835720242895086.
[I 2026-06-01 15:55:58,544] Trial 3 finished with value: -6.72559312144756 and parameters: {'imbalance_lookback': 24, 'imbalance_threshold': 0.25, 'volume_lookback': 192, 'volume_ratio_min': 1.2, 'atr_period': 10, 'vol_lookback': 96, 'vol_ratio_min': 1.0, 'momentum_lookback': 8, 'max_hold_bars': 4, 'sl_atr_mult': 1.5, 'tp_atr_mult': 1.5, 'start_hour': 8, 'end_hour': 18}. Best is trial 2 with value: -5.835720242895086.
C:\Users\הלל\Desktop\algo projects\trading-research-factory\walk forward engine\.venv\lib\site-packages\optuna\distributions.py:685: UserWarning: The distribution is specified by [0.18, 0.45] and step=0.07, but the range is not divisible by `step`. It will be replaced by [0.18, 0.39].
  warnings.warn(
C:\Users\הלל\Desktop\algo projects\trading-research-factory\walk forward engine\.venv\lib\site-packages\optuna\distributions.py:685: UserWarning: The distribution is specified by [0.8, 1.2] and step=0.19999999999999996, but the range is not divisible by `step`. It will be replaced by [0.8, 1.2].
  warnings.warn(
C:\Users\הלל\Desktop\algo projects\trading-research-factory\walk forward engine\.venv\lib\site-packages\optuna\distributions.py:700: UserWarning: The distribution is specified by [10, 20] and step=4, but the range is not divisible by `step`. It will be replaced by [10, 18].
  warnings.warn(
[I 2026-06-01 15:55:58,721] Trial 6 finished with value: -3.5792039146915395 and parameters: {'imbalance_lookback': 32, 'imbalance_threshold': 0.32, 'volume_lookback': 144, 'volume_ratio_min': 1.2, 'atr_period': 10, 'vol_lookback': 144, 'vol_ratio_min': 0.8, 'momentum_lookback': 8, 'max_hold_bars': 16, 'sl_atr_mult': 1.5, 'tp_atr_mult': 3.5, 'start_hour': 6, 'end_hour': 20}. Best is trial 6 with value: -3.5792039146915395.
[I 2026-06-01 15:55:58,767] Trial 4 finished with value: -10.957784642028605 and parameters: {'imbalance_lookback': 8, 'imbalance_threshold': 0.25, 'volume_lookback': 96, 'volume_ratio_min': 1.2, 'atr_period': 10, 'vol_lookback': 96, 'vol_ratio_min': 0.8, 'momentum_lookback': 8, 'max_hold_bars': 12, 'sl_atr_mult': 2.0, 'tp_atr_mult': 1.5, 'start_hour': 6, 'end_hour': 20}. Best is trial 6 with value: -3.5792039146915395.
[I 2026-06-01 15:55:58,987] Trial 8 finished with value: -3.2990278369797346 and parameters: {'imbalance_lookback': 16, 'imbalance_threshold': 0.39, 'volume_lookback': 96, 'volume_ratio_min': 1.2, 'atr_period': 18, 'vol_lookback': 144, 'vol_ratio_min': 1.0, 'momentum_lookback': 2, 'max_hold_bars': 12, 'sl_atr_mult': 1.0, 'tp_atr_mult': 1.5, 'start_hour': 6, 'end_hour': 20}. Best is trial 8 with value: -3.2990278369797346.
[I 2026-06-01 15:55:59,312] Trial 10 finished with value: -6.942637165259859 and parameters: {'imbalance_lookback': 8, 'imbalance_threshold': 0.25, 'volume_lookback': 144, 'volume_ratio_min': 1.2, 'atr_period': 10, 'vol_lookback': 192, 'vol_ratio_min': 1.2, 'momentum_lookback': 4, 'max_hold_bars': 16, 'sl_atr_mult': 1.0, 'tp_atr_mult': 2.5, 'start_hour': 7, 'end_hour': 20}. Best is trial 8 with value: -3.2990278369797346.
[I 2026-06-01 15:55:59,347] Trial 9 finished with value: -6.932565820627402 and parameters: {'imbalance_lookback': 8, 'imbalance_threshold': 0.39, 'volume_lookback': 192, 'volume_ratio_min': 1.2, 'atr_period': 18, 'vol_lookback': 144, 'vol_ratio_min': 1.2, 'momentum_lookback': 8, 'max_hold_bars': 4, 'sl_atr_mult': 1.5, 'tp_atr_mult': 3.5, 'start_hour': 6, 'end_hour': 22}. Best is trial 8 with value: -3.2990278369797346.
[I 2026-06-01 15:55:59,425] Trial 11 finished with value: -3.855682541832599 and parameters: {'imbalance_lookback': 32, 'imbalance_threshold': 0.32, 'volume_lookback': 48, 'volume_ratio_min': 1.2, 'atr_period': 10, 'vol_lookback': 144, 'vol_ratio_min': 1.2, 'momentum_lookback': 2, 'max_hold_bars': 4, 'sl_atr_mult': 1.5, 'tp_atr_mult': 3.5, 'start_hour': 8, 'end_hour': 22}. Best is trial 8 with value: -3.2990278369797346.
C:\Users\הלל\Desktop\algo projects\trading-research-factory\walk forward engine\.venv\lib\site-packages\optuna\samplers\_tpe\sampler.py:319: ExperimentalWarning: ``multivariate`` option is an experimental feature. The interface can change in the future.
  warnings.warn(
[I 2026-06-01 15:55:59,870] A new study created in memory with name: no-name-2f9d23da-44fc-46dc-800e-dba40a81077b
C:\Users\הלל\Desktop\algo projects\trading-research-factory\walk forward engine\.venv\lib\site-packages\optuna\distributions.py:685: UserWarning: The distribution is specified by [0.18, 0.45] and step=0.07, but the range is not divisible by `step`. It will be replaced by [0.18, 0.39].
  warnings.warn(
C:\Users\הלל\Desktop\algo projects\trading-research-factory\walk forward engine\.venv\lib\site-packages\optuna\distributions.py:685: UserWarning: The distribution is specified by [0.8, 1.2] and step=0.19999999999999996, but the range is not divisible by `step`. It will be replaced by [0.8, 1.2].
  warnings.warn(
C:\Users\הלל\Desktop\algo projects\trading-research-factory\walk forward engine\.venv\lib\site-packages\optuna\distributions.py:700: UserWarning: The distribution is specified by [10, 20] and step=4, but the range is not divisible by `step`. It will be replaced by [10, 18].
  warnings.warn(
C:\Users\הלל\Desktop\algo projects\trading-research-factory\walk forward engine\.venv\lib\site-packages\optuna\distributions.py:685: UserWarning: The distribution is specified by [0.8, 1.2] and step=0.19999999999999996, but the range is not divisible by `step`. It will be replaced by [0.8, 1.2].
  warnings.warn(
