[I 2026-06-01 15:58:59,825] Trial 11 finished with value: -1.2001546757055734 and parameters: {'imbalance_lookback': 32, 'imbalance_threshold': 0.32, 'volume_lookback': 144, 'volume_ratio_min': 0.8, 'atr_period': 10, 'vol_lookback': 48, 'vol_ratio_min': 1.2, 'momentum_lookback': 8, 'max_hold_bars': 8, 'sl_atr_mult': 2.0, 'tp_atr_mult': 3.5, 'start_hour': 8, 'end_hour': 22}. Best is trial 3 with value: 0.32208550475759.
C:\Users\הלל\Desktop\algo projects\trading-research-factory\walk forward engine\.venv\lib\site-packages\optuna\samplers\_tpe\sampler.py:319: ExperimentalWarning: ``multivariate`` option is an experimental feature. The interface can change in the future.
  warnings.warn(
[I 2026-06-01 15:59:00,360] A new study created in memory with name: no-name-c274ccb5-cd78-4fdd-9d44-a82b13ac9d5c
C:\Users\הלל\Desktop\algo projects\trading-research-factory\walk forward engine\.venv\lib\site-packages\optuna\distributions.py:685: UserWarning: The distribution is specified by [0.18, 0.45] and step=0.07, but the range is not divisible by `step`. It will be replaced by [0.18, 0.39].
  warnings.warn(
C:\Users\הלל\Desktop\algo projects\trading-research-factory\walk forward engine\.venv\lib\site-packages\optuna\distributions.py:685: UserWarning: The distribution is specified by [0.8, 1.2] and step=0.19999999999999996, but the range is not divisible by `step`. It will be replaced by [0.8, 1.2].
  warnings.warn(
C:\Users\הלל\Desktop\algo projects\trading-research-factory\walk forward engine\.venv\lib\site-packages\optuna\distributions.py:700: UserWarning: The distribution is specified by [10, 20] and step=4, but the range is not divisible by `step`. It will be replaced by [10, 18].
  warnings.warn(
C:\Users\הלל\Desktop\algo projects\trading-research-factory\walk forward engine\.venv\lib\site-packages\optuna\distributions.py:685: UserWarning: The distribution is specified by [0.8, 1.2] and step=0.19999999999999996, but the range is not divisible by `step`. It will be replaced by [0.8, 1.2].
  warnings.warn(
C:\Users\הלל\Desktop\algo projects\trading-research-factory\walk forward engine\.venv\lib\site-packages\optuna\distributions.py:685: UserWarning: The distribution is specified by [0.18, 0.45] and step=0.07, but the range is not divisible by `step`. It will be replaced by [0.18, 0.39].
  warnings.warn(
C:\Users\הלל\Desktop\algo projects\trading-research-factory\walk forward engine\.venv\lib\site-packages\optuna\distributions.py:700: UserWarning: The distribution is specified by [10, 20] and step=4, but the range is not divisible by `step`. It will be replaced by [10, 18].
  warnings.warn(
C:\Users\הלל\Desktop\algo projects\trading-research-factory\walk forward engine\.venv\lib\site-packages\optuna\distributions.py:685: UserWarning: The distribution is specified by [0.8, 1.2] and step=0.19999999999999996, but the range is not divisible by `step`. It will be replaced by [0.8, 1.2].
  warnings.warn(
C:\Users\הלל\Desktop\algo projects\trading-research-factory\walk forward engine\.venv\lib\site-packages\optuna\distributions.py:700: UserWarning: The distribution is specified by [10, 20] and step=4, but the range is not divisible by `step`. It will be replaced by [10, 18].
  warnings.warn(
C:\Users\הלל\Desktop\algo projects\trading-research-factory\walk forward engine\.venv\lib\site-packages\optuna\distributions.py:685: UserWarning: The distribution is specified by [0.18, 0.45] and step=0.07, but the range is not divisible by `step`. It will be replaced by [0.18, 0.39].
  warnings.warn(
C:\Users\הלל\Desktop\algo projects\trading-research-factory\walk forward engine\.venv\lib\site-packages\optuna\distributions.py:685: UserWarning: The distribution is specified by [0.8, 1.2] and step=0.19999999999999996, but the range is not divisible by `step`. It will be replaced by [0.8, 1.2].
  warnings.warn(
C:\Users\הלל\Desktop\algo projects\trading-research-factory\walk forward engine\.venv\lib\site-packages\optuna\distributions.py:685: UserWarning: The distribution is specified by [0.18, 0.45] and step=0.07, but the range is not divisible by `step`. It will be replaced by [0.18, 0.39].
  warnings.warn(
C:\Users\הלל\Desktop\algo projects\trading-research-factory\walk forward engine\.venv\lib\site-packages\optuna\distributions.py:700: UserWarning: The distribution is specified by [10, 20] and step=4, but the range is not divisible by `step`. It will be replaced by [10, 18].
  warnings.warn(
C:\Users\הלל\Desktop\algo projects\trading-research-factory\walk forward engine\.venv\lib\site-packages\optuna\distributions.py:685: UserWarning: The distribution is specified by [0.18, 0.45] and step=0.07, but the range is not divisible by `step`. It will be replaced by [0.18, 0.39].
  warnings.warn(
C:\Users\הלל\Desktop\algo projects\trading-research-factory\walk forward engine\.venv\lib\site-packages\optuna\distributions.py:685: UserWarning: The distribution is specified by [0.8, 1.2] and step=0.19999999999999996, but the range is not divisible by `step`. It will be replaced by [0.8, 1.2].
  warnings.warn(
C:\Users\הלל\Desktop\algo projects\trading-research-factory\walk forward engine\.venv\lib\site-packages\optuna\distributions.py:700: UserWarning: The distribution is specified by [10, 20] and step=4, but the range is not divisible by `step`. It will be replaced by [10, 18].
  warnings.warn(
[I 2026-06-01 15:59:01,530] Trial 0 finished with value: -3.420879568036693 and parameters: {'imbalance_lookback': 32, 'imbalance_threshold': 0.25, 'volume_lookback': 144, 'volume_ratio_min': 1.0, 'atr_period': 10, 'vol_lookback': 96, 'vol_ratio_min': 0.8, 'momentum_lookback': 8, 'max_hold_bars': 4, 'sl_atr_mult': 1.5, 'tp_atr_mult': 1.5, 'start_hour': 7, 'end_hour': 18}. Best is trial 0 with value: -3.420879568036693.
C:\Users\הלל\Desktop\algo projects\trading-research-factory\walk forward engine\.venv\lib\site-packages\optuna\distributions.py:685: UserWarning: The distribution is specified by [0.18, 0.45] and step=0.07, but the range is not divisible by `step`. It will be replaced by [0.18, 0.39].
  warnings.warn(
C:\Users\הלל\Desktop\algo projects\trading-research-factory\walk forward engine\.venv\lib\site-packages\optuna\distributions.py:685: UserWarning: The distribution is specified by [0.8, 1.2] and step=0.19999999999999996, but the range is not divisible by `step`. It will be replaced by [0.8, 1.2].
  warnings.warn(
C:\Users\הלל\Desktop\algo projects\trading-research-factory\walk forward engine\.venv\lib\site-packages\optuna\distributions.py:700: UserWarning: The distribution is specified by [10, 20] and step=4, but the range is not divisible by `step`. It will be replaced by [10, 18].
  warnings.warn(
[I 2026-06-01 15:59:02,065] Trial 3 finished with value: -1.1627032006575908 and parameters: {'imbalance_lookback': 32, 'imbalance_threshold': 0.32, 'volume_lookback': 192, 'volume_ratio_min': 1.0, 'atr_period': 14, 'vol_lookback': 144, 'vol_ratio_min': 0.8, 'momentum_lookback': 2, 'max_hold_bars': 12, 'sl_atr_mult': 1.5, 'tp_atr_mult': 1.5, 'start_hour': 8, 'end_hour': 18}. Best is trial 3 with value: -1.1627032006575908.
C:\Users\הלל\Desktop\algo projects\trading-research-factory\walk forward engine\.venv\lib\site-packages\optuna\distributions.py:685: UserWarning: The distribution is specified by [0.18, 0.45] and step=0.07, but the range is not divisible by `step`. It will be replaced by [0.18, 0.39].
  warnings.warn(
[I 2026-06-01 15:59:02,231] Trial 2 finished with value: -5.901126157303766 and parameters: {'imbalance_lookback': 16, 'imbalance_threshold': 0.18, 'volume_lookback': 48, 'volume_ratio_min': 1.0, 'atr_period': 10, 'vol_lookback': 144, 'vol_ratio_min': 1.0, 'momentum_lookback': 8, 'max_hold_bars': 8, 'sl_atr_mult': 1.5, 'tp_atr_mult': 3.5, 'start_hour': 7, 'end_hour': 18}. Best is trial 3 with value: -1.1627032006575908.
C:\Users\הלל\Desktop\algo projects\trading-research-factory\walk forward engine\.venv\lib\site-packages\optuna\distributions.py:685: UserWarning: The distribution is specified by [0.8, 1.2] and step=0.19999999999999996, but the range is not divisible by `step`. It will be replaced by [0.8, 1.2].
  warnings.warn(
C:\Users\הלל\Desktop\algo projects\trading-research-factory\walk forward engine\.venv\lib\site-packages\optuna\distributions.py:700: UserWarning: The distribution is specified by [10, 20] and step=4, but the range is not divisible by `step`. It will be replaced by [10, 18].
  warnings.warn(
[I 2026-06-01 15:59:02,379] Trial 4 finished with value: -1.3870109639507453 and parameters: {'imbalance_lookback': 16, 'imbalance_threshold': 0.39, 'volume_lookback': 144, 'volume_ratio_min': 0.8, 'atr_period': 18, 'vol_lookback': 96, 'vol_ratio_min': 1.2, 'momentum_lookback': 4, 'max_hold_bars': 8, 'sl_atr_mult': 1.0, 'tp_atr_mult': 1.5, 'start_hour': 7, 'end_hour': 22}. Best is trial 3 with value: -1.1627032006575908.
[I 2026-06-01 15:59:02,380] Trial 1 finished with value: -0.6915790143903056 and parameters: {'imbalance_lookback': 24, 'imbalance_threshold': 0.32, 'volume_lookback': 144, 'volume_ratio_min': 0.8, 'atr_period': 14, 'vol_lookback': 192, 'vol_ratio_min': 1.2, 'momentum_lookback': 8, 'max_hold_bars': 16, 'sl_atr_mult': 1.0, 'tp_atr_mult': 1.5, 'start_hour': 8, 'end_hour': 20}. Best is trial 1 with value: -0.6915790143903056.
[I 2026-06-01 15:59:02,413] Trial 7 finished with value: -5.380138806450944 and parameters: {'imbalance_lookback': 16, 'imbalance_threshold': 0.25, 'volume_lookback': 96, 'volume_ratio_min': 0.8, 'atr_period': 18, 'vol_lookback': 96, 'vol_ratio_min': 0.8, 'momentum_lookback': 2, 'max_hold_bars': 8, 'sl_atr_mult': 1.5, 'tp_atr_mult': 3.5, 'start_hour': 7, 'end_hour': 22}. Best is trial 1 with value: -0.6915790143903056.
[I 2026-06-01 15:59:02,417] Trial 6 finished with value: -1.384900523204763 and parameters: {'imbalance_lookback': 16, 'imbalance_threshold': 0.32, 'volume_lookback': 48, 'volume_ratio_min': 1.0, 'atr_period': 14, 'vol_lookback': 96, 'vol_ratio_min': 0.8, 'momentum_lookback': 4, 'max_hold_bars': 16, 'sl_atr_mult': 1.0, 'tp_atr_mult': 1.5, 'start_hour': 7, 'end_hour': 22}. Best is trial 1 with value: -0.6915790143903056.
C:\Users\הלל\Desktop\algo projects\trading-research-factory\walk forward engine\.venv\lib\site-packages\optuna\distributions.py:685: UserWarning: The distribution is specified by [0.18, 0.45] and step=0.07, but the range is not divisible by `step`. It will be replaced by [0.18, 0.39].
  warnings.warn(
C:\Users\הלל\Desktop\algo projects\trading-research-factory\walk forward engine\.venv\lib\site-packages\optuna\distributions.py:685: UserWarning: The distribution is specified by [0.8, 1.2] and step=0.19999999999999996, but the range is not divisible by `step`. It will be replaced by [0.8, 1.2].
  warnings.warn(
C:\Users\הלל\Desktop\algo projects\trading-research-factory\walk forward engine\.venv\lib\site-packages\optuna\distributions.py:700: UserWarning: The distribution is specified by [10, 20] and step=4, but the range is not divisible by `step`. It will be replaced by [10, 18].
  warnings.warn(
[I 2026-06-01 15:59:02,482] Trial 5 finished with value: -8.050085617030403 and parameters: {'imbalance_lookback': 8, 'imbalance_threshold': 0.18, 'volume_lookback': 144, 'volume_ratio_min': 1.2, 'atr_period': 10, 'vol_lookback': 144, 'vol_ratio_min': 1.2, 'momentum_lookback': 6, 'max_hold_bars': 16, 'sl_atr_mult': 1.5, 'tp_atr_mult': 1.5, 'start_hour': 8, 'end_hour': 18}. Best is trial 1 with value: -0.6915790143903056.
[I 2026-06-01 15:59:02,851] Trial 8 finished with value: -2.4425102312983156 and parameters: {'imbalance_lookback': 24, 'imbalance_threshold': 0.25, 'volume_lookback': 96, 'volume_ratio_min': 1.0, 'atr_period': 18, 'vol_lookback': 144, 'vol_ratio_min': 1.0, 'momentum_lookback': 4, 'max_hold_bars': 12, 'sl_atr_mult': 2.0, 'tp_atr_mult': 1.5, 'start_hour': 7, 'end_hour': 22}. Best is trial 1 with value: -0.6915790143903056.
[I 2026-06-01 15:59:03,119] Trial 11 finished with value: -0.17642226850354106 and parameters: {'imbalance_lookback': 32, 'imbalance_threshold': 0.32, 'volume_lookback': 48, 'volume_ratio_min': 0.8, 'atr_period': 18, 'vol_lookback': 192, 'vol_ratio_min': 1.0, 'momentum_lookback': 2, 'max_hold_bars': 12, 'sl_atr_mult': 1.5, 'tp_atr_mult': 2.5, 'start_hour': 7, 'end_hour': 20}. Best is trial 11 with value: -0.17642226850354106.
[I 2026-06-01 15:59:03,184] Trial 9 finished with value: -5.439555908832563 and parameters: {'imbalance_lookback': 32, 'imbalance_threshold': 0.18, 'volume_lookback': 48, 'volume_ratio_min': 1.0, 'atr_period': 14, 'vol_lookback': 48, 'vol_ratio_min': 0.8, 'momentum_lookback': 6, 'max_hold_bars': 4, 'sl_atr_mult': 1.5, 'tp_atr_mult': 2.5, 'start_hour': 8, 'end_hour': 18}. Best is trial 11 with value: -0.17642226850354106.
[I 2026-06-01 15:59:03,206] Trial 10 finished with value: -3.6209926031747943 and parameters: {'imbalance_lookback': 16, 'imbalance_threshold': 0.25, 'volume_lookback': 192, 'volume_ratio_min': 1.2, 'atr_period': 10, 'vol_lookback': 144, 'vol_ratio_min': 1.0, 'momentum_lookback': 4, 'max_hold_bars': 16, 'sl_atr_mult': 2.0, 'tp_atr_mult': 1.5, 'start_hour': 6, 'end_hour': 18}. Best is trial 11 with value: -0.17642226850354106.
C:\Users\הלל\Desktop\algo projects\trading-research-factory\walk forward engine\.venv\lib\site-packages\optuna\samplers\_tpe\sampler.py:319: ExperimentalWarning: ``multivariate`` option is an experimental feature. The interface can change in the future.
  warnings.warn(
[I 2026-06-01 15:59:03,563] A new study created in memory with name: no-name-17374d46-2304-4a88-90f9-153cccd1160c
C:\Users\הלל\Desktop\algo projects\trading-research-factory\walk forward engine\.venv\lib\site-packages\optuna\distributions.py:685: UserWarning: The distribution is specified by [0.18, 0.45] and step=0.07, but the range is not divisible by `step`. It will be replaced by [0.18, 0.39].
  warnings.warn(
C:\Users\הלל\Desktop\algo projects\trading-research-factory\walk forward engine\.venv\lib\site-packages\optuna\distributions.py:685: UserWarning: The distribution is specified by [0.8, 1.2] and step=0.19999999999999996, but the range is not divisible by `step`. It will be replaced by [0.8, 1.2].
  warnings.warn(
C:\Users\הלל\Desktop\algo projects\trading-research-factory\walk forward engine\.venv\lib\site-packages\optuna\distributions.py:700: UserWarning: The distribution is specified by [10, 20] and step=4, but the range is not divisible by `step`. It will be replaced by [10, 18].
  warnings.warn(
[I 2026-06-01 15:59:04,949] Trial 1 finished with value: -5.700061078214902 and parameters: {'imbalance_lookback': 8, 'imbalance_threshold': 0.39, 'volume_lookback': 144, 'volume_ratio_min': 0.8, 'atr_period': 18, 'vol_lookback': 48, 'vol_ratio_min': 1.2, 'momentum_lookback': 2, 'max_hold_bars': 16, 'sl_atr_mult': 2.0, 'tp_atr_mult': 3.5, 'start_hour': 6, 'end_hour': 20}. Best is trial 1 with value: -5.700061078214902.
C:\Users\הלל\Desktop\algo projects\trading-research-factory\walk forward engine\.venv\lib\site-packages\optuna\distributions.py:685: UserWarning: The distribution is specified by [0.18, 0.45] and step=0.07, but the range is not divisible by `step`. It will be replaced by [0.18, 0.39].
  warnings.warn(
C:\Users\הלל\Desktop\algo projects\trading-research-factory\walk forward engine\.venv\lib\site-packages\optuna\distributions.py:685: UserWarning: The distribution is specified by [0.8, 1.2] and step=0.19999999999999996, but the range is not divisible by `step`. It will be replaced by [0.8, 1.2].
  warnings.warn(
C:\Users\הלל\Desktop\algo projects\trading-research-factory\walk forward engine\.venv\lib\site-packages\optuna\distributions.py:700: UserWarning: The distribution is specified by [10, 20] and step=4, but the range is not divisible by `step`. It will be replaced by [10, 18].
  warnings.warn(
[I 2026-06-01 15:59:05,232] Trial 0 finished with value: -11.410679388589687 and parameters: {'imbalance_lookback': 16, 'imbalance_threshold': 0.25, 'volume_lookback': 48, 'volume_ratio_min': 0.8, 'atr_period': 14, 'vol_lookback': 144, 'vol_ratio_min': 0.8, 'momentum_lookback': 2, 'max_hold_bars': 4, 'sl_atr_mult': 1.0, 'tp_atr_mult': 1.5, 'start_hour': 7, 'end_hour': 20}. Best is trial 1 with value: -5.700061078214902.
[I 2026-06-01 15:59:05,238] Trial 7 finished with value: -3.149186430076101 and parameters: {'imbalance_lookback': 16, 'imbalance_threshold': 0.32, 'volume_lookback': 192, 'volume_ratio_min': 1.0, 'atr_period': 14, 'vol_lookback': 96, 'vol_ratio_min': 1.0, 'momentum_lookback': 8, 'max_hold_bars': 8, 'sl_atr_mult': 1.0, 'tp_atr_mult': 2.5, 'start_hour': 8, 'end_hour': 22}. Best is trial 7 with value: -3.149186430076101.
C:\Users\הלל\Desktop\algo projects\trading-research-factory\walk forward engine\.venv\lib\site-packages\optuna\distributions.py:685: UserWarning: The distribution is specified by [0.18, 0.45] and step=0.07, but the range is not divisible by `step`. It will be replaced by [0.18, 0.39].
  warnings.warn(
C:\Users\הלל\Desktop\algo projects\trading-research-factory\walk forward engine\.venv\lib\site-packages\optuna\distributions.py:685: UserWarning: The distribution is specified by [0.8, 1.2] and step=0.19999999999999996, but the range is not divisible by `step`. It will be replaced by [0.8, 1.2].
  warnings.warn(
C:\Users\הלל\Desktop\algo projects\trading-research-factory\walk forward engine\.venv\lib\site-packages\optuna\distributions.py:700: UserWarning: The distribution is specified by [10, 20] and step=4, but the range is not divisible by `step`. It will be replaced by [10, 18].
  warnings.warn(
[I 2026-06-01 15:59:05,357] Trial 2 finished with value: -10.029590036968786 and parameters: {'imbalance_lookback': 8, 'imbalance_threshold': 0.18, 'volume_lookback': 192, 'volume_ratio_min': 0.8, 'atr_period': 10, 'vol_lookback': 96, 'vol_ratio_min': 1.2, 'momentum_lookback': 2, 'max_hold_bars': 12, 'sl_atr_mult': 1.0, 'tp_atr_mult': 2.5, 'start_hour': 7, 'end_hour': 22}. Best is trial 7 with value: -3.149186430076101.
[I 2026-06-01 15:59:05,414] Trial 5 finished with value: -4.461614039503163 and parameters: {'imbalance_lookback': 16, 'imbalance_threshold': 0.39, 'volume_lookback': 48, 'volume_ratio_min': 1.2, 'atr_period': 18, 'vol_lookback': 192, 'vol_ratio_min': 0.8, 'momentum_lookback': 4, 'max_hold_bars': 4, 'sl_atr_mult': 2.0, 'tp_atr_mult': 1.5, 'start_hour': 6, 'end_hour': 18}. Best is trial 7 with value: -3.149186430076101.
[I 2026-06-01 15:59:05,448] Trial 4 finished with value: -7.063985686831922 and parameters: {'imbalance_lookback': 8, 'imbalance_threshold': 0.39, 'volume_lookback': 144, 'volume_ratio_min': 0.8, 'atr_period': 18, 'vol_lookback': 192, 'vol_ratio_min': 1.2, 'momentum_lookback': 8, 'max_hold_bars': 8, 'sl_atr_mult': 1.0, 'tp_atr_mult': 1.5, 'start_hour': 7, 'end_hour': 20}. Best is trial 7 with value: -3.149186430076101.
C:\Users\הלל\Desktop\algo projects\trading-research-factory\walk forward engine\.venv\lib\site-packages\optuna\distributions.py:685: UserWarning: The distribution is specified by [0.8, 1.2] and step=0.19999999999999996, but the range is not divisible by `step`. It will be replaced by [0.8, 1.2].
  warnings.warn(
[I 2026-06-01 15:59:05,545] Trial 3 finished with value: -2.3072716062839502 and parameters: {'imbalance_lookback': 16, 'imbalance_threshold': 0.32, 'volume_lookback': 48, 'volume_ratio_min': 0.8, 'atr_period': 18, 'vol_lookback': 48, 'vol_ratio_min': 0.8, 'momentum_lookback': 6, 'max_hold_bars': 16, 'sl_atr_mult': 1.5, 'tp_atr_mult': 3.5, 'start_hour': 7, 'end_hour': 18}. Best is trial 3 with value: -2.3072716062839502.
[I 2026-06-01 15:59:05,572] Trial 6 finished with value: -8.153453501141053 and parameters: {'imbalance_lookback': 8, 'imbalance_threshold': 0.25, 'volume_lookback': 48, 'volume_ratio_min': 0.8, 'atr_period': 18, 'vol_lookback': 192, 'vol_ratio_min': 1.0, 'momentum_lookback': 6, 'max_hold_bars': 16, 'sl_atr_mult': 1.0, 'tp_atr_mult': 1.5, 'start_hour': 8, 'end_hour': 18}. Best is trial 3 with value: -2.3072716062839502.
[I 2026-06-01 15:59:06,027] Trial 8 finished with value: -5.263642774946086 and parameters: {'imbalance_lookback': 32, 'imbalance_threshold': 0.18, 'volume_lookback': 144, 'volume_ratio_min': 1.2, 'atr_period': 10, 'vol_lookback': 144, 'vol_ratio_min': 0.8, 'momentum_lookback': 4, 'max_hold_bars': 8, 'sl_atr_mult': 2.0, 'tp_atr_mult': 2.5, 'start_hour': 6, 'end_hour': 22}. Best is trial 3 with value: -2.3072716062839502.
[I 2026-06-01 15:59:06,172] Trial 11 finished with value: 0.5249232386114109 and parameters: {'imbalance_lookback': 24, 'imbalance_threshold': 0.39, 'volume_lookback': 96, 'volume_ratio_min': 1.0, 'atr_period': 18, 'vol_lookback': 144, 'vol_ratio_min': 0.8, 'momentum_lookback': 4, 'max_hold_bars': 8, 'sl_atr_mult': 2.0, 'tp_atr_mult': 2.5, 'start_hour': 7, 'end_hour': 18}. Best is trial 11 with value: 0.5249232386114109.
[I 2026-06-01 15:59:06,192] Trial 10 finished with value: -5.8824156443679705 and parameters: {'imbalance_lookback': 24, 'imbalance_threshold': 0.18, 'volume_lookback': 48, 'volume_ratio_min': 1.2, 'atr_period': 18, 'vol_lookback': 192, 'vol_ratio_min': 1.0, 'momentum_lookback': 6, 'max_hold_bars': 4, 'sl_atr_mult': 2.0, 'tp_atr_mult': 1.5, 'start_hour': 6, 'end_hour': 20}. Best is trial 11 with value: 0.5249232386114109.
