[I 2026-06-01 15:57:09,430] Trial 11 finished with value: -10.6890471263446 and parameters: {'imbalance_lookback': 8, 'imbalance_threshold': 0.32, 'volume_lookback': 192, 'volume_ratio_min': 1.2, 'atr_period': 18, 'vol_lookback': 96, 'vol_ratio_min': 1.0, 'momentum_lookback': 8, 'max_hold_bars': 8, 'sl_atr_mult': 1.0, 'tp_atr_mult': 1.5, 'start_hour': 7, 'end_hour': 20}. Best is trial 1 with value: -3.3543429242670793.
C:\Users\הלל\Desktop\algo projects\trading-research-factory\walk forward engine\.venv\lib\site-packages\optuna\samplers\_tpe\sampler.py:319: ExperimentalWarning: ``multivariate`` option is an experimental feature. The interface can change in the future.
  warnings.warn(
[I 2026-06-01 15:57:09,685] A new study created in memory with name: no-name-a9bf0410-4643-4a10-987b-f9a8c71ae608
C:\Users\הלל\Desktop\algo projects\trading-research-factory\walk forward engine\.venv\lib\site-packages\optuna\distributions.py:685: UserWarning: The distribution is specified by [0.18, 0.45] and step=0.07, but the range is not divisible by `step`. It will be replaced by [0.18, 0.39].
  warnings.warn(
C:\Users\הלל\Desktop\algo projects\trading-research-factory\walk forward engine\.venv\lib\site-packages\optuna\distributions.py:685: UserWarning: The distribution is specified by [0.8, 1.2] and step=0.19999999999999996, but the range is not divisible by `step`. It will be replaced by [0.8, 1.2].
  warnings.warn(
C:\Users\הלל\Desktop\algo projects\trading-research-factory\walk forward engine\.venv\lib\site-packages\optuna\distributions.py:700: UserWarning: The distribution is specified by [10, 20] and step=4, but the range is not divisible by `step`. It will be replaced by [10, 18].
  warnings.warn(
C:\Users\הלל\Desktop\algo projects\trading-research-factory\walk forward engine\.venv\lib\site-packages\optuna\distributions.py:685: UserWarning: The distribution is specified by [0.8, 1.2] and step=0.19999999999999996, but the range is not divisible by `step`. It will be replaced by [0.8, 1.2].
  warnings.warn(
C:\Users\הלל\Desktop\algo projects\trading-research-factory\walk forward engine\.venv\lib\site-packages\optuna\distributions.py:685: UserWarning: The distribution is specified by [0.8, 1.2] and step=0.19999999999999996, but the range is not divisible by `step`. It will be replaced by [0.8, 1.2].
  warnings.warn(
C:\Users\הלל\Desktop\algo projects\trading-research-factory\walk forward engine\.venv\lib\site-packages\optuna\distributions.py:700: UserWarning: The distribution is specified by [10, 20] and step=4, but the range is not divisible by `step`. It will be replaced by [10, 18].
  warnings.warn(
C:\Users\הלל\Desktop\algo projects\trading-research-factory\walk forward engine\.venv\lib\site-packages\optuna\distributions.py:685: UserWarning: The distribution is specified by [0.18, 0.45] and step=0.07, but the range is not divisible by `step`. It will be replaced by [0.18, 0.39].
  warnings.warn(
C:\Users\הלל\Desktop\algo projects\trading-research-factory\walk forward engine\.venv\lib\site-packages\optuna\distributions.py:685: UserWarning: The distribution is specified by [0.8, 1.2] and step=0.19999999999999996, but the range is not divisible by `step`. It will be replaced by [0.8, 1.2].
  warnings.warn(
C:\Users\הלל\Desktop\algo projects\trading-research-factory\walk forward engine\.venv\lib\site-packages\optuna\distributions.py:700: UserWarning: The distribution is specified by [10, 20] and step=4, but the range is not divisible by `step`. It will be replaced by [10, 18].
  warnings.warn(
[I 2026-06-01 15:57:10,702] Trial 1 finished with value: -14.698710530184655 and parameters: {'imbalance_lookback': 8, 'imbalance_threshold': 0.25, 'volume_lookback': 96, 'volume_ratio_min': 0.8, 'atr_period': 14, 'vol_lookback': 48, 'vol_ratio_min': 0.8, 'momentum_lookback': 2, 'max_hold_bars': 16, 'sl_atr_mult': 1.5, 'tp_atr_mult': 1.5, 'start_hour': 6, 'end_hour': 18}. Best is trial 1 with value: -14.698710530184655.
C:\Users\הלל\Desktop\algo projects\trading-research-factory\walk forward engine\.venv\lib\site-packages\optuna\distributions.py:685: UserWarning: The distribution is specified by [0.18, 0.45] and step=0.07, but the range is not divisible by `step`. It will be replaced by [0.18, 0.39].
  warnings.warn(
C:\Users\הלל\Desktop\algo projects\trading-research-factory\walk forward engine\.venv\lib\site-packages\optuna\distributions.py:685: UserWarning: The distribution is specified by [0.8, 1.2] and step=0.19999999999999996, but the range is not divisible by `step`. It will be replaced by [0.8, 1.2].
  warnings.warn(
C:\Users\הלל\Desktop\algo projects\trading-research-factory\walk forward engine\.venv\lib\site-packages\optuna\distributions.py:700: UserWarning: The distribution is specified by [10, 20] and step=4, but the range is not divisible by `step`. It will be replaced by [10, 18].
  warnings.warn(
[I 2026-06-01 15:57:10,974] Trial 4 finished with value: -5.476025223712293 and parameters: {'imbalance_lookback': 16, 'imbalance_threshold': 0.39, 'volume_lookback': 48, 'volume_ratio_min': 1.0, 'atr_period': 18, 'vol_lookback': 48, 'vol_ratio_min': 1.2, 'momentum_lookback': 8, 'max_hold_bars': 4, 'sl_atr_mult': 2.0, 'tp_atr_mult': 3.5, 'start_hour': 6, 'end_hour': 22}. Best is trial 4 with value: -5.476025223712293.
C:\Users\הלל\Desktop\algo projects\trading-research-factory\walk forward engine\.venv\lib\site-packages\optuna\distributions.py:685: UserWarning: The distribution is specified by [0.18, 0.45] and step=0.07, but the range is not divisible by `step`. It will be replaced by [0.18, 0.39].
  warnings.warn(
C:\Users\הלל\Desktop\algo projects\trading-research-factory\walk forward engine\.venv\lib\site-packages\optuna\distributions.py:685: UserWarning: The distribution is specified by [0.8, 1.2] and step=0.19999999999999996, but the range is not divisible by `step`. It will be replaced by [0.8, 1.2].
  warnings.warn(
C:\Users\הלל\Desktop\algo projects\trading-research-factory\walk forward engine\.venv\lib\site-packages\optuna\distributions.py:700: UserWarning: The distribution is specified by [10, 20] and step=4, but the range is not divisible by `step`. It will be replaced by [10, 18].
  warnings.warn(
[I 2026-06-01 15:57:11,078] Trial 2 finished with value: -10.117374857366329 and parameters: {'imbalance_lookback': 16, 'imbalance_threshold': 0.18, 'volume_lookback': 144, 'volume_ratio_min': 1.0, 'atr_period': 18, 'vol_lookback': 192, 'vol_ratio_min': 1.0, 'momentum_lookback': 2, 'max_hold_bars': 8, 'sl_atr_mult': 2.0, 'tp_atr_mult': 3.5, 'start_hour': 6, 'end_hour': 22}. Best is trial 4 with value: -5.476025223712293.
C:\Users\הלל\Desktop\algo projects\trading-research-factory\walk forward engine\.venv\lib\site-packages\optuna\distributions.py:685: UserWarning: The distribution is specified by [0.18, 0.45] and step=0.07, but the range is not divisible by `step`. It will be replaced by [0.18, 0.39].
  warnings.warn(
C:\Users\הלל\Desktop\algo projects\trading-research-factory\walk forward engine\.venv\lib\site-packages\optuna\distributions.py:685: UserWarning: The distribution is specified by [0.8, 1.2] and step=0.19999999999999996, but the range is not divisible by `step`. It will be replaced by [0.8, 1.2].
  warnings.warn(
C:\Users\הלל\Desktop\algo projects\trading-research-factory\walk forward engine\.venv\lib\site-packages\optuna\distributions.py:700: UserWarning: The distribution is specified by [10, 20] and step=4, but the range is not divisible by `step`. It will be replaced by [10, 18].
  warnings.warn(
[I 2026-06-01 15:57:11,189] Trial 6 finished with value: -8.058619951096109 and parameters: {'imbalance_lookback': 16, 'imbalance_threshold': 0.39, 'volume_lookback': 192, 'volume_ratio_min': 0.8, 'atr_period': 14, 'vol_lookback': 48, 'vol_ratio_min': 0.8, 'momentum_lookback': 4, 'max_hold_bars': 4, 'sl_atr_mult': 1.5, 'tp_atr_mult': 1.5, 'start_hour': 8, 'end_hour': 20}. Best is trial 4 with value: -5.476025223712293.
[I 2026-06-01 15:57:11,206] Trial 3 finished with value: -11.107730073304714 and parameters: {'imbalance_lookback': 24, 'imbalance_threshold': 0.18, 'volume_lookback': 48, 'volume_ratio_min': 1.0, 'atr_period': 10, 'vol_lookback': 96, 'vol_ratio_min': 1.0, 'momentum_lookback': 4, 'max_hold_bars': 4, 'sl_atr_mult': 2.0, 'tp_atr_mult': 3.5, 'start_hour': 7, 'end_hour': 22}. Best is trial 4 with value: -5.476025223712293.
C:\Users\הלל\Desktop\algo projects\trading-research-factory\walk forward engine\.venv\lib\site-packages\optuna\distributions.py:700: UserWarning: The distribution is specified by [10, 20] and step=4, but the range is not divisible by `step`. It will be replaced by [10, 18].
  warnings.warn(
C:\Users\הלל\Desktop\algo projects\trading-research-factory\walk forward engine\.venv\lib\site-packages\optuna\distributions.py:685: UserWarning: The distribution is specified by [0.8, 1.2] and step=0.19999999999999996, but the range is not divisible by `step`. It will be replaced by [0.8, 1.2].
  warnings.warn(
[I 2026-06-01 15:57:11,279] Trial 7 finished with value: -5.854992163029162 and parameters: {'imbalance_lookback': 24, 'imbalance_threshold': 0.32, 'volume_lookback': 96, 'volume_ratio_min': 0.8, 'atr_period': 14, 'vol_lookback': 48, 'vol_ratio_min': 1.0, 'momentum_lookback': 8, 'max_hold_bars': 8, 'sl_atr_mult': 1.0, 'tp_atr_mult': 2.5, 'start_hour': 7, 'end_hour': 18}. Best is trial 4 with value: -5.476025223712293.
[I 2026-06-01 15:57:11,375] Trial 5 finished with value: -10.76714877659504 and parameters: {'imbalance_lookback': 8, 'imbalance_threshold': 0.39, 'volume_lookback': 144, 'volume_ratio_min': 0.8, 'atr_period': 18, 'vol_lookback': 48, 'vol_ratio_min': 0.8, 'momentum_lookback': 2, 'max_hold_bars': 8, 'sl_atr_mult': 1.0, 'tp_atr_mult': 3.5, 'start_hour': 6, 'end_hour': 20}. Best is trial 4 with value: -5.476025223712293.
[I 2026-06-01 15:57:11,378] Trial 0 finished with value: -6.368165679425799 and parameters: {'imbalance_lookback': 16, 'imbalance_threshold': 0.25, 'volume_lookback': 96, 'volume_ratio_min': 1.2, 'atr_period': 18, 'vol_lookback': 48, 'vol_ratio_min': 1.0, 'momentum_lookback': 2, 'max_hold_bars': 12, 'sl_atr_mult': 1.0, 'tp_atr_mult': 3.5, 'start_hour': 8, 'end_hour': 22}. Best is trial 4 with value: -5.476025223712293.
[I 2026-06-01 15:57:11,583] Trial 8 finished with value: -1.5003859205023218 and parameters: {'imbalance_lookback': 32, 'imbalance_threshold': 0.32, 'volume_lookback': 144, 'volume_ratio_min': 1.2, 'atr_period': 18, 'vol_lookback': 48, 'vol_ratio_min': 1.0, 'momentum_lookback': 6, 'max_hold_bars': 16, 'sl_atr_mult': 1.5, 'tp_atr_mult': 3.5, 'start_hour': 7, 'end_hour': 18}. Best is trial 8 with value: -1.5003859205023218.
[I 2026-06-01 15:57:11,882] Trial 9 finished with value: -0.8638538835145569 and parameters: {'imbalance_lookback': 32, 'imbalance_threshold': 0.39, 'volume_lookback': 48, 'volume_ratio_min': 1.2, 'atr_period': 10, 'vol_lookback': 192, 'vol_ratio_min': 0.8, 'momentum_lookback': 4, 'max_hold_bars': 16, 'sl_atr_mult': 1.0, 'tp_atr_mult': 1.5, 'start_hour': 7, 'end_hour': 22}. Best is trial 9 with value: -0.8638538835145569.
[I 2026-06-01 15:57:11,896] Trial 10 finished with value: -8.080089876891469 and parameters: {'imbalance_lookback': 24, 'imbalance_threshold': 0.18, 'volume_lookback': 192, 'volume_ratio_min': 0.8, 'atr_period': 10, 'vol_lookback': 96, 'vol_ratio_min': 1.2, 'momentum_lookback': 2, 'max_hold_bars': 8, 'sl_atr_mult': 2.0, 'tp_atr_mult': 3.5, 'start_hour': 8, 'end_hour': 18}. Best is trial 9 with value: -0.8638538835145569.
[I 2026-06-01 15:57:11,967] Trial 11 finished with value: -9.383336367538675 and parameters: {'imbalance_lookback': 16, 'imbalance_threshold': 0.18, 'volume_lookback': 144, 'volume_ratio_min': 1.2, 'atr_period': 14, 'vol_lookback': 192, 'vol_ratio_min': 1.0, 'momentum_lookback': 4, 'max_hold_bars': 12, 'sl_atr_mult': 2.0, 'tp_atr_mult': 1.5, 'start_hour': 8, 'end_hour': 18}. Best is trial 9 with value: -0.8638538835145569.
C:\Users\הלל\Desktop\algo projects\trading-research-factory\walk forward engine\.venv\lib\site-packages\optuna\samplers\_tpe\sampler.py:319: ExperimentalWarning: ``multivariate`` option is an experimental feature. The interface can change in the future.
  warnings.warn(
[I 2026-06-01 15:57:12,477] A new study created in memory with name: no-name-3094390c-8d8f-4fcc-92ba-5ce13f56ce35
C:\Users\הלל\Desktop\algo projects\trading-research-factory\walk forward engine\.venv\lib\site-packages\optuna\distributions.py:685: UserWarning: The distribution is specified by [0.18, 0.45] and step=0.07, but the range is not divisible by `step`. It will be replaced by [0.18, 0.39].
  warnings.warn(
C:\Users\הלל\Desktop\algo projects\trading-research-factory\walk forward engine\.venv\lib\site-packages\optuna\distributions.py:685: UserWarning: The distribution is specified by [0.8, 1.2] and step=0.19999999999999996, but the range is not divisible by `step`. It will be replaced by [0.8, 1.2].
  warnings.warn(
C:\Users\הלל\Desktop\algo projects\trading-research-factory\walk forward engine\.venv\lib\site-packages\optuna\distributions.py:700: UserWarning: The distribution is specified by [10, 20] and step=4, but the range is not divisible by `step`. It will be replaced by [10, 18].
  warnings.warn(
C:\Users\הלל\Desktop\algo projects\trading-research-factory\walk forward engine\.venv\lib\site-packages\optuna\distributions.py:685: UserWarning: The distribution is specified by [0.18, 0.45] and step=0.07, but the range is not divisible by `step`. It will be replaced by [0.18, 0.39].
  warnings.warn(
C:\Users\הלל\Desktop\algo projects\trading-research-factory\walk forward engine\.venv\lib\site-packages\optuna\distributions.py:685: UserWarning: The distribution is specified by [0.8, 1.2] and step=0.19999999999999996, but the range is not divisible by `step`. It will be replaced by [0.8, 1.2].
  warnings.warn(
C:\Users\הלל\Desktop\algo projects\trading-research-factory\walk forward engine\.venv\lib\site-packages\optuna\distributions.py:700: UserWarning: The distribution is specified by [10, 20] and step=4, but the range is not divisible by `step`. It will be replaced by [10, 18].
  warnings.warn(
[I 2026-06-01 15:57:13,475] Trial 0 finished with value: -4.161340254002549 and parameters: {'imbalance_lookback': 16, 'imbalance_threshold': 0.39, 'volume_lookback': 48, 'volume_ratio_min': 1.0, 'atr_period': 14, 'vol_lookback': 192, 'vol_ratio_min': 0.8, 'momentum_lookback': 2, 'max_hold_bars': 8, 'sl_atr_mult': 1.0, 'tp_atr_mult': 2.5, 'start_hour': 8, 'end_hour': 22}. Best is trial 0 with value: -4.161340254002549.
C:\Users\הלל\Desktop\algo projects\trading-research-factory\walk forward engine\.venv\lib\site-packages\optuna\distributions.py:685: UserWarning: The distribution is specified by [0.18, 0.45] and step=0.07, but the range is not divisible by `step`. It will be replaced by [0.18, 0.39].
  warnings.warn(
C:\Users\הלל\Desktop\algo projects\trading-research-factory\walk forward engine\.venv\lib\site-packages\optuna\distributions.py:685: UserWarning: The distribution is specified by [0.8, 1.2] and step=0.19999999999999996, but the range is not divisible by `step`. It will be replaced by [0.8, 1.2].
  warnings.warn(
C:\Users\הלל\Desktop\algo projects\trading-research-factory\walk forward engine\.venv\lib\site-packages\optuna\distributions.py:700: UserWarning: The distribution is specified by [10, 20] and step=4, but the range is not divisible by `step`. It will be replaced by [10, 18].
  warnings.warn(
C:\Users\הלל\Desktop\algo projects\trading-research-factory\walk forward engine\.venv\lib\site-packages\optuna\distributions.py:685: UserWarning: The distribution is specified by [0.8, 1.2] and step=0.19999999999999996, but the range is not divisible by `step`. It will be replaced by [0.8, 1.2].
  warnings.warn(
[I 2026-06-01 15:57:13,726] Trial 1 finished with value: -14.563010795445983 and parameters: {'imbalance_lookback': 8, 'imbalance_threshold': 0.25, 'volume_lookback': 96, 'volume_ratio_min': 0.8, 'atr_period': 10, 'vol_lookback': 192, 'vol_ratio_min': 1.0, 'momentum_lookback': 2, 'max_hold_bars': 8, 'sl_atr_mult': 1.0, 'tp_atr_mult': 2.5, 'start_hour': 8, 'end_hour': 18}. Best is trial 0 with value: -4.161340254002549.
C:\Users\הלל\Desktop\algo projects\trading-research-factory\walk forward engine\.venv\lib\site-packages\optuna\distributions.py:685: UserWarning: The distribution is specified by [0.18, 0.45] and step=0.07, but the range is not divisible by `step`. It will be replaced by [0.18, 0.39].
  warnings.warn(
C:\Users\הלל\Desktop\algo projects\trading-research-factory\walk forward engine\.venv\lib\site-packages\optuna\distributions.py:685: UserWarning: The distribution is specified by [0.8, 1.2] and step=0.19999999999999996, but the range is not divisible by `step`. It will be replaced by [0.8, 1.2].
  warnings.warn(
C:\Users\הלל\Desktop\algo projects\trading-research-factory\walk forward engine\.venv\lib\site-packages\optuna\distributions.py:700: UserWarning: The distribution is specified by [10, 20] and step=4, but the range is not divisible by `step`. It will be replaced by [10, 18].
  warnings.warn(
[I 2026-06-01 15:57:14,176] Trial 3 finished with value: -3.478179241447191 and parameters: {'imbalance_lookback': 16, 'imbalance_threshold': 0.32, 'volume_lookback': 192, 'volume_ratio_min': 0.8, 'atr_period': 14, 'vol_lookback': 192, 'vol_ratio_min': 1.2, 'momentum_lookback': 8, 'max_hold_bars': 8, 'sl_atr_mult': 1.0, 'tp_atr_mult': 2.5, 'start_hour': 8, 'end_hour': 22}. Best is trial 3 with value: -3.478179241447191.
[I 2026-06-01 15:57:14,212] Trial 5 finished with value: -9.006074062698259 and parameters: {'imbalance_lookback': 32, 'imbalance_threshold': 0.18, 'volume_lookback': 192, 'volume_ratio_min': 1.2, 'atr_period': 18, 'vol_lookback': 144, 'vol_ratio_min': 1.2, 'momentum_lookback': 8, 'max_hold_bars': 4, 'sl_atr_mult': 2.0, 'tp_atr_mult': 1.5, 'start_hour': 7, 'end_hour': 22}. Best is trial 3 with value: -3.478179241447191.
[I 2026-06-01 15:57:14,217] Trial 6 finished with value: -11.112799425366672 and parameters: {'imbalance_lookback': 16, 'imbalance_threshold': 0.25, 'volume_lookback': 192, 'volume_ratio_min': 1.0, 'atr_period': 14, 'vol_lookback': 48, 'vol_ratio_min': 1.0, 'momentum_lookback': 2, 'max_hold_bars': 4, 'sl_atr_mult': 1.5, 'tp_atr_mult': 2.5, 'start_hour': 6, 'end_hour': 20}. Best is trial 3 with value: -3.478179241447191.
C:\Users\הלל\Desktop\algo projects\trading-research-factory\walk forward engine\.venv\lib\site-packages\optuna\distributions.py:685: UserWarning: The distribution is specified by [0.18, 0.45] and step=0.07, but the range is not divisible by `step`. It will be replaced by [0.18, 0.39].
  warnings.warn(
C:\Users\הלל\Desktop\algo projects\trading-research-factory\walk forward engine\.venv\lib\site-packages\optuna\distributions.py:685: UserWarning: The distribution is specified by [0.8, 1.2] and step=0.19999999999999996, but the range is not divisible by `step`. It will be replaced by [0.8, 1.2].
  warnings.warn(
C:\Users\הלל\Desktop\algo projects\trading-research-factory\walk forward engine\.venv\lib\site-packages\optuna\distributions.py:700: UserWarning: The distribution is specified by [10, 20] and step=4, but the range is not divisible by `step`. It will be replaced by [10, 18].
  warnings.warn(
[I 2026-06-01 15:57:14,271] Trial 2 finished with value: -7.815289535048052 and parameters: {'imbalance_lookback': 8, 'imbalance_threshold': 0.39, 'volume_lookback': 96, 'volume_ratio_min': 0.8, 'atr_period': 18, 'vol_lookback': 192, 'vol_ratio_min': 1.0, 'momentum_lookback': 8, 'max_hold_bars': 16, 'sl_atr_mult': 1.0, 'tp_atr_mult': 3.5, 'start_hour': 8, 'end_hour': 20}. Best is trial 3 with value: -3.478179241447191.
[I 2026-06-01 15:57:14,321] Trial 4 finished with value: -2.5793403980550456 and parameters: {'imbalance_lookback': 16, 'imbalance_threshold': 0.39, 'volume_lookback': 192, 'volume_ratio_min': 1.2, 'atr_period': 14, 'vol_lookback': 48, 'vol_ratio_min': 0.8, 'momentum_lookback': 4, 'max_hold_bars': 16, 'sl_atr_mult': 1.0, 'tp_atr_mult': 3.5, 'start_hour': 8, 'end_hour': 22}. Best is trial 4 with value: -2.5793403980550456.
[I 2026-06-01 15:57:14,380] Trial 7 finished with value: -4.055242269775701 and parameters: {'imbalance_lookback': 24, 'imbalance_threshold': 0.32, 'volume_lookback': 48, 'volume_ratio_min': 1.2, 'atr_period': 10, 'vol_lookback': 96, 'vol_ratio_min': 1.2, 'momentum_lookback': 4, 'max_hold_bars': 8, 'sl_atr_mult': 1.0, 'tp_atr_mult': 1.5, 'start_hour': 6, 'end_hour': 20}. Best is trial 4 with value: -2.5793403980550456.
[I 2026-06-01 15:57:14,645] Trial 8 finished with value: -5.0380746183599765 and parameters: {'imbalance_lookback': 24, 'imbalance_threshold': 0.25, 'volume_lookback': 144, 'volume_ratio_min': 1.0, 'atr_period': 18, 'vol_lookback': 192, 'vol_ratio_min': 1.2, 'momentum_lookback': 8, 'max_hold_bars': 4, 'sl_atr_mult': 1.5, 'tp_atr_mult': 3.5, 'start_hour': 7, 'end_hour': 18}. Best is trial 4 with value: -2.5793403980550456.
[I 2026-06-01 15:57:14,776] Trial 9 finished with value: -8.351070060822016 and parameters: {'imbalance_lookback': 8, 'imbalance_threshold': 0.32, 'volume_lookback': 96, 'volume_ratio_min': 0.8, 'atr_period': 18, 'vol_lookback': 96, 'vol_ratio_min': 1.2, 'momentum_lookback': 2, 'max_hold_bars': 12, 'sl_atr_mult': 1.0, 'tp_atr_mult': 3.5, 'start_hour': 8, 'end_hour': 22}. Best is trial 4 with value: -2.5793403980550456.
[I 2026-06-01 15:57:15,038] Trial 11 finished with value: -3.163106292928615 and parameters: {'imbalance_lookback': 16, 'imbalance_threshold': 0.39, 'volume_lookback': 96, 'volume_ratio_min': 0.8, 'atr_period': 18, 'vol_lookback': 192, 'vol_ratio_min': 1.2, 'momentum_lookback': 6, 'max_hold_bars': 16, 'sl_atr_mult': 1.5, 'tp_atr_mult': 2.5, 'start_hour': 7, 'end_hour': 18}. Best is trial 4 with value: -2.5793403980550456.
